

+-------------------+---------------------------+----------------------------------+------+
| INST              | timestamp                 | ID                               | TT   |
|-------------------+---------------------------+----------------------------------+------|
| NSE_EQ:HEROMOTOCO | 2023-01-02 12:15:00+05:30 | 6542991d2f164bb39b5a5cd6127a82d4 | SELL |
+-------------------+---------------------------+----------------------------------+------+
+----+---------------------------+------------------------+-------+
|    | TIMESTAMP                 | STATE                  | MSG   |
|----+---------------------------+------------------------+-------|
|  0 | 2023-01-02 12:15:00+05:30 | PUT ORDER REQ RECEIVED |       |
|  1 | 2023-01-02 12:15:00+05:30 | VALIDATION PENDING     |       |
|  2 | 2023-01-02 12:15:00+05:30 | OPEN PENDING           |       |
|  3 | 2023-01-02 12:15:00+05:30 | OPEN                   |       |
|  4 | 2023-01-02 12:15:00+05:30 | COMPLETE               |       |
+----+---------------------------+------------------------+-------+

+-------------------+---------------------------+----------------------------------+------+
| INST              | timestamp                 | ID                               | TT   |
|-------------------+---------------------------+----------------------------------+------|
| NSE_EQ:HEROMOTOCO | 2023-01-02 15:30:00+05:30 | 269406f973e0470182d4335b0abfe53a | BUY  |
+-------------------+---------------------------+----------------------------------+------+
+----+---------------------------+------------------------+-------+
|    | TIMESTAMP                 | STATE                  | MSG   |
|----+---------------------------+------------------------+-------|
|  0 | 2023-01-02 15:30:00+05:30 | PUT ORDER REQ RECEIVED |       |
|  1 | 2023-01-02 15:30:00+05:30 | VALIDATION PENDING     |       |
|  2 | 2023-01-02 15:30:00+05:30 | OPEN PENDING           |       |
|  3 | 2023-01-02 15:30:00+05:30 | OPEN                   |       |
|  4 | 2023-01-02 15:30:00+05:30 | COMPLETE               |       |
+----+---------------------------+------------------------+-------+

+-------------------+---------------------------+----------------------------------+------+
| INST              | timestamp                 | ID                               | TT   |
|-------------------+---------------------------+----------------------------------+------|
| NSE_EQ:HEROMOTOCO | 2023-01-05 10:15:00+05:30 | c1f31d32add5499fbccf09006fa706c0 | BUY  |
+-------------------+---------------------------+----------------------------------+------+
+----+---------------------------+------------------------+-------+
|    | TIMESTAMP                 | STATE                  | MSG   |
|----+---------------------------+------------------------+-------|
|  0 | 2023-01-05 10:15:00+05:30 | PUT ORDER REQ RECEIVED |       |
|  1 | 2023-01-05 10:15:00+05:30 | VALIDATION PENDING     |       |
|  2 | 2023-01-05 10:15:00+05:30 | OPEN PENDING           |       |
|  3 | 2023-01-05 10:15:00+05:30 | OPEN                   |       |
|  4 | 2023-01-05 10:15:00+05:30 | COMPLETE               |       |
+----+---------------------------+------------------------+-------+

+-------------------+---------------------------+----------------------------------+------+
| INST              | timestamp                 | ID                               | TT   |
|-------------------+---------------------------+----------------------------------+------|
| NSE_EQ:HEROMOTOCO | 2023-01-05 13:15:00+05:30 | 2e6adf837f1d4cb3931250cfac737135 | SELL |
+-------------------+---------------------------+----------------------------------+------+
+----+---------------------------+------------------------+-------+
|    | TIMESTAMP                 | STATE                  | MSG   |
|----+---------------------------+------------------------+-------|
|  0 | 2023-01-05 13:15:00+05:30 | PUT ORDER REQ RECEIVED |       |
|  1 | 2023-01-05 13:15:00+05:30 | VALIDATION PENDING     |       |
|  2 | 2023-01-05 13:15:00+05:30 | OPEN PENDING           |       |
|  3 | 2023-01-05 13:15:00+05:30 | OPEN                   |       |
|  4 | 2023-01-05 13:15:00+05:30 | COMPLETE               |       |
+----+---------------------------+------------------------+-------+

+-------------------+---------------------------+----------------------------------+------+
| INST              | timestamp                 | ID                               | TT   |
|-------------------+---------------------------+----------------------------------+------|
| NSE_EQ:HEROMOTOCO | 2023-01-09 09:15:00+05:30 | 2ea992959c1448a792c12795faf76178 | SELL |
+-------------------+---------------------------+----------------------------------+------+
+----+---------------------------+------------------------+-------+
|    | TIMESTAMP                 | STATE                  | MSG   |
|----+---------------------------+------------------------+-------|
|  0 | 2023-01-09 09:15:00+05:30 | PUT ORDER REQ RECEIVED |       |
|  1 | 2023-01-09 09:15:00+05:30 | VALIDATION PENDING     |       |
|  2 | 2023-01-09 09:15:00+05:30 | OPEN PENDING           |       |
|  3 | 2023-01-09 09:15:00+05:30 | OPEN                   |       |
|  4 | 2023-01-09 09:15:00+05:30 | COMPLETE               |       |
+----+---------------------------+------------------------+-------+

+-------------------+---------------------------+----------------------------------+------+
| INST              | timestamp                 | ID                               | TT   |
|-------------------+---------------------------+----------------------------------+------|
| NSE_EQ:HEROMOTOCO | 2023-01-09 15:30:00+05:30 | a3b4575cd5014a66947a3703bb32bdb9 | BUY  |
+-------------------+---------------------------+----------------------------------+------+
+----+---------------------------+------------------------+-------+
|    | TIMESTAMP                 | STATE                  | MSG   |
|----+---------------------------+------------------------+-------|
|  0 | 2023-01-09 15:30:00+05:30 | PUT ORDER REQ RECEIVED |       |
|  1 | 2023-01-09 15:30:00+05:30 | VALIDATION PENDING     |       |
|  2 | 2023-01-09 15:30:00+05:30 | OPEN PENDING           |       |
|  3 | 2023-01-09 15:30:00+05:30 | OPEN                   |       |
|  4 | 2023-01-09 15:30:00+05:30 | COMPLETE               |       |
+----+---------------------------+------------------------+-------+

+-------------------+---------------------------+----------------------------------+------+
| INST              | timestamp                 | ID                               | TT   |
|-------------------+---------------------------+----------------------------------+------|
| NSE_EQ:HEROMOTOCO | 2023-01-13 09:15:00+05:30 | 3963b7fdaa384db1b522f82d62cd40f9 | BUY  |
+-------------------+---------------------------+----------------------------------+------+
+----+---------------------------+------------------------+-------+
|    | TIMESTAMP                 | STATE                  | MSG   |
|----+---------------------------+------------------------+-------|
|  0 | 2023-01-13 09:15:00+05:30 | PUT ORDER REQ RECEIVED |       |
|  1 | 2023-01-13 09:15:00+05:30 | VALIDATION PENDING     |       |
|  2 | 2023-01-13 09:15:00+05:30 | OPEN PENDING           |       |
|  3 | 2023-01-13 09:15:00+05:30 | OPEN                   |       |
|  4 | 2023-01-13 09:15:00+05:30 | COMPLETE               |       |
+----+---------------------------+------------------------+-------+

+-------------------+---------------------------+----------------------------------+------+
| INST              | timestamp                 | ID                               | TT   |
|-------------------+---------------------------+----------------------------------+------|
| NSE_EQ:HEROMOTOCO | 2023-01-13 12:15:00+05:30 | 4fd3c58b86f045489be787258688fd15 | SELL |
+-------------------+---------------------------+----------------------------------+------+
+----+---------------------------+------------------------+-------+
|    | TIMESTAMP                 | STATE                  | MSG   |
|----+---------------------------+------------------------+-------|
|  0 | 2023-01-13 12:15:00+05:30 | PUT ORDER REQ RECEIVED |       |
|  1 | 2023-01-13 12:15:00+05:30 | VALIDATION PENDING     |       |
|  2 | 2023-01-13 12:15:00+05:30 | OPEN PENDING           |       |
|  3 | 2023-01-13 12:15:00+05:30 | OPEN                   |       |
|  4 | 2023-01-13 12:15:00+05:30 | COMPLETE               |       |
+----+---------------------------+------------------------+-------+

+-------------------+---------------------------+----------------------------------+------+
| INST              | timestamp                 | ID                               | TT   |
|-------------------+---------------------------+----------------------------------+------|
| NSE_EQ:HEROMOTOCO | 2023-01-18 14:15:00+05:30 | ce00ee79ee4e4a198beea260103e6ca6 | SELL |
+-------------------+---------------------------+----------------------------------+------+
+----+---------------------------+------------------------+-------+
|    | TIMESTAMP                 | STATE                  | MSG   |
|----+---------------------------+------------------------+-------|
|  0 | 2023-01-18 14:15:00+05:30 | PUT ORDER REQ RECEIVED |       |
|  1 | 2023-01-18 14:15:00+05:30 | VALIDATION PENDING     |       |
|  2 | 2023-01-18 14:15:00+05:30 | OPEN PENDING           |       |
|  3 | 2023-01-18 14:15:00+05:30 | OPEN                   |       |
|  4 | 2023-01-18 14:15:00+05:30 | COMPLETE               |       |
+----+---------------------------+------------------------+-------+

+-------------------+---------------------------+----------------------------------+------+
| INST              | timestamp                 | ID                               | TT   |
|-------------------+---------------------------+----------------------------------+------|
| NSE_EQ:HEROMOTOCO | 2023-01-18 15:30:00+05:30 | 29bd740b3e7c474b992cac3724ff8c8c | BUY  |
+-------------------+---------------------------+----------------------------------+------+
+----+---------------------------+------------------------+-------+
|    | TIMESTAMP                 | STATE                  | MSG   |
|----+---------------------------+------------------------+-------|
|  0 | 2023-01-18 15:30:00+05:30 | PUT ORDER REQ RECEIVED |       |
|  1 | 2023-01-18 15:30:00+05:30 | VALIDATION PENDING     |       |
|  2 | 2023-01-18 15:30:00+05:30 | OPEN PENDING           |       |
|  3 | 2023-01-18 15:30:00+05:30 | OPEN                   |       |
|  4 | 2023-01-18 15:30:00+05:30 | COMPLETE               |       |
+----+---------------------------+------------------------+-------+

+-------------------+---------------------------+----------------------------------+------+
| INST              | timestamp                 | ID                               | TT   |
|-------------------+---------------------------+----------------------------------+------|
| NSE_EQ:HEROMOTOCO | 2023-01-23 11:15:00+05:30 | e7a79c80cd2a411a9ee5392c8147a726 | BUY  |
+-------------------+---------------------------+----------------------------------+------+
+----+---------------------------+------------------------+-------+
|    | TIMESTAMP                 | STATE                  | MSG   |
|----+---------------------------+------------------------+-------|
|  0 | 2023-01-23 11:15:00+05:30 | PUT ORDER REQ RECEIVED |       |
|  1 | 2023-01-23 11:15:00+05:30 | VALIDATION PENDING     |       |
|  2 | 2023-01-23 11:15:00+05:30 | OPEN PENDING           |       |
|  3 | 2023-01-23 11:15:00+05:30 | OPEN                   |       |
|  4 | 2023-01-23 11:15:00+05:30 | COMPLETE               |       |
+----+---------------------------+------------------------+-------+

+-------------------+---------------------------+----------------------------------+------+
| INST              | timestamp                 | ID                               | TT   |
|-------------------+---------------------------+----------------------------------+------|
| NSE_EQ:HEROMOTOCO | 2023-01-23 15:30:00+05:30 | bbe3f77a9f0b4650a3cd2333b5efb9aa | SELL |
+-------------------+---------------------------+----------------------------------+------+
+----+---------------------------+------------------------+-------+
|    | TIMESTAMP                 | STATE                  | MSG   |
|----+---------------------------+------------------------+-------|
|  0 | 2023-01-23 15:30:00+05:30 | PUT ORDER REQ RECEIVED |       |
|  1 | 2023-01-23 15:30:00+05:30 | VALIDATION PENDING     |       |
|  2 | 2023-01-23 15:30:00+05:30 | OPEN PENDING           |       |
|  3 | 2023-01-23 15:30:00+05:30 | OPEN                   |       |
|  4 | 2023-01-23 15:30:00+05:30 | COMPLETE               |       |
+----+---------------------------+------------------------+-------+

+-------------------+---------------------------+----------------------------------+------+
| INST              | timestamp                 | ID                               | TT   |
|-------------------+---------------------------+----------------------------------+------|
| NSE_EQ:HEROMOTOCO | 2023-01-24 11:15:00+05:30 | 34104d140ad645c79e8fa6822c12b36b | SELL |
+-------------------+---------------------------+----------------------------------+------+
+----+---------------------------+------------------------+-------+
|    | TIMESTAMP                 | STATE                  | MSG   |
|----+---------------------------+------------------------+-------|
|  0 | 2023-01-24 11:15:00+05:30 | PUT ORDER REQ RECEIVED |       |
|  1 | 2023-01-24 11:15:00+05:30 | VALIDATION PENDING     |       |
|  2 | 2023-01-24 11:15:00+05:30 | OPEN PENDING           |       |
|  3 | 2023-01-24 11:15:00+05:30 | OPEN                   |       |
|  4 | 2023-01-24 11:15:00+05:30 | COMPLETE               |       |
+----+---------------------------+------------------------+-------+

+-------------------+---------------------------+----------------------------------+------+
| INST              | timestamp                 | ID                               | TT   |
|-------------------+---------------------------+----------------------------------+------|
| NSE_EQ:HEROMOTOCO | 2023-01-24 15:30:00+05:30 | 3aa232223fc3492b918766ab878e7db0 | BUY  |
+-------------------+---------------------------+----------------------------------+------+
+----+---------------------------+------------------------+-------+
|    | TIMESTAMP                 | STATE                  | MSG   |
|----+---------------------------+------------------------+-------|
|  0 | 2023-01-24 15:30:00+05:30 | PUT ORDER REQ RECEIVED |       |
|  1 | 2023-01-24 15:30:00+05:30 | VALIDATION PENDING     |       |
|  2 | 2023-01-24 15:30:00+05:30 | OPEN PENDING           |       |
|  3 | 2023-01-24 15:30:00+05:30 | OPEN                   |       |
|  4 | 2023-01-24 15:30:00+05:30 | COMPLETE               |       |
+----+---------------------------+------------------------+-------+

+-------------------+---------------------------+----------------------------------+------+
| INST              | timestamp                 | ID                               | TT   |
|-------------------+---------------------------+----------------------------------+------|
| NSE_EQ:HEROMOTOCO | 2023-01-25 14:15:00+05:30 | 2171c683085049eab4d0c01b951ebb0a | BUY  |
+-------------------+---------------------------+----------------------------------+------+
+----+---------------------------+------------------------+-------+
|    | TIMESTAMP                 | STATE                  | MSG   |
|----+---------------------------+------------------------+-------|
|  0 | 2023-01-25 14:15:00+05:30 | PUT ORDER REQ RECEIVED |       |
|  1 | 2023-01-25 14:15:00+05:30 | VALIDATION PENDING     |       |
|  2 | 2023-01-25 14:15:00+05:30 | OPEN PENDING           |       |
|  3 | 2023-01-25 14:15:00+05:30 | OPEN                   |       |
|  4 | 2023-01-25 14:15:00+05:30 | COMPLETE               |       |
+----+---------------------------+------------------------+-------+

+-------------------+---------------------------+----------------------------------+------+
| INST              | timestamp                 | ID                               | TT   |
|-------------------+---------------------------+----------------------------------+------|
| NSE_EQ:HEROMOTOCO | 2023-01-25 15:30:00+05:30 | 0e4ede4db3e14cb59ed8965271817488 | SELL |
+-------------------+---------------------------+----------------------------------+------+
+----+---------------------------+------------------------+-------+
|    | TIMESTAMP                 | STATE                  | MSG   |
|----+---------------------------+------------------------+-------|
|  0 | 2023-01-25 15:30:00+05:30 | PUT ORDER REQ RECEIVED |       |
|  1 | 2023-01-25 15:30:00+05:30 | VALIDATION PENDING     |       |
|  2 | 2023-01-25 15:30:00+05:30 | OPEN PENDING           |       |
|  3 | 2023-01-25 15:30:00+05:30 | OPEN                   |       |
|  4 | 2023-01-25 15:30:00+05:30 | COMPLETE               |       |
+----+---------------------------+------------------------+-------+

+-------------------+---------------------------+----------------------------------+------+
| INST              | timestamp                 | ID                               | TT   |
|-------------------+---------------------------+----------------------------------+------|
| NSE_EQ:HEROMOTOCO | 2023-01-31 14:15:00+05:30 | 7236d1bace97471e96d5c6a70eb2d337 | BUY  |
+-------------------+---------------------------+----------------------------------+------+
+----+---------------------------+------------------------+-------+
|    | TIMESTAMP                 | STATE                  | MSG   |
|----+---------------------------+------------------------+-------|
|  0 | 2023-01-31 14:15:00+05:30 | PUT ORDER REQ RECEIVED |       |
|  1 | 2023-01-31 14:15:00+05:30 | VALIDATION PENDING     |       |
|  2 | 2023-01-31 14:15:00+05:30 | OPEN PENDING           |       |
|  3 | 2023-01-31 14:15:00+05:30 | OPEN                   |       |
|  4 | 2023-01-31 14:15:00+05:30 | COMPLETE               |       |
+----+---------------------------+------------------------+-------+

+-------------------+---------------------------+----------------------------------+------+
| INST              | timestamp                 | ID                               | TT   |
|-------------------+---------------------------+----------------------------------+------|
| NSE_EQ:HEROMOTOCO | 2023-01-31 15:30:00+05:30 | e2e57d8b249741e78306464ffe2b79be | SELL |
+-------------------+---------------------------+----------------------------------+------+
+----+---------------------------+------------------------+-------+
|    | TIMESTAMP                 | STATE                  | MSG   |
|----+---------------------------+------------------------+-------|
|  0 | 2023-01-31 15:30:00+05:30 | PUT ORDER REQ RECEIVED |       |
|  1 | 2023-01-31 15:30:00+05:30 | VALIDATION PENDING     |       |
|  2 | 2023-01-31 15:30:00+05:30 | OPEN PENDING           |       |
|  3 | 2023-01-31 15:30:00+05:30 | OPEN                   |       |
|  4 | 2023-01-31 15:30:00+05:30 | COMPLETE               |       |
+----+---------------------------+------------------------+-------+

+-------------------+---------------------------+----------------------------------+------+
| INST              | timestamp                 | ID                               | TT   |
|-------------------+---------------------------+----------------------------------+------|
| NSE_EQ:HEROMOTOCO | 2023-02-02 10:15:00+05:30 | 2147b6f183cf406a8cc201c4944de97b | SELL |
+-------------------+---------------------------+----------------------------------+------+
+----+---------------------------+------------------------+-------+
|    | TIMESTAMP                 | STATE                  | MSG   |
|----+---------------------------+------------------------+-------|
|  0 | 2023-02-02 10:15:00+05:30 | PUT ORDER REQ RECEIVED |       |
|  1 | 2023-02-02 10:15:00+05:30 | VALIDATION PENDING     |       |
|  2 | 2023-02-02 10:15:00+05:30 | OPEN PENDING           |       |
|  3 | 2023-02-02 10:15:00+05:30 | OPEN                   |       |
|  4 | 2023-02-02 10:15:00+05:30 | COMPLETE               |       |
+----+---------------------------+------------------------+-------+

+-------------------+---------------------------+----------------------------------+------+
| INST              | timestamp                 | ID                               | TT   |
|-------------------+---------------------------+----------------------------------+------|
| NSE_EQ:HEROMOTOCO | 2023-02-02 13:15:00+05:30 | 86f612a054d44f398f267b9bdd1d94eb | BUY  |
+-------------------+---------------------------+----------------------------------+------+
+----+---------------------------+------------------------+-------+
|    | TIMESTAMP                 | STATE                  | MSG   |
|----+---------------------------+------------------------+-------|
|  0 | 2023-02-02 13:15:00+05:30 | PUT ORDER REQ RECEIVED |       |
|  1 | 2023-02-02 13:15:00+05:30 | VALIDATION PENDING     |       |
|  2 | 2023-02-02 13:15:00+05:30 | OPEN PENDING           |       |
|  3 | 2023-02-02 13:15:00+05:30 | OPEN                   |       |
|  4 | 2023-02-02 13:15:00+05:30 | COMPLETE               |       |
+----+---------------------------+------------------------+-------+

+-------------------+---------------------------+----------------------------------+------+
| INST              | timestamp                 | ID                               | TT   |
|-------------------+---------------------------+----------------------------------+------|
| NSE_EQ:HEROMOTOCO | 2023-02-06 10:15:00+05:30 | a94d45cd7aa74b7fb59e569302dd06e8 | BUY  |
+-------------------+---------------------------+----------------------------------+------+
+----+---------------------------+------------------------+-------+
|    | TIMESTAMP                 | STATE                  | MSG   |
|----+---------------------------+------------------------+-------|
|  0 | 2023-02-06 10:15:00+05:30 | PUT ORDER REQ RECEIVED |       |
|  1 | 2023-02-06 10:15:00+05:30 | VALIDATION PENDING     |       |
|  2 | 2023-02-06 10:15:00+05:30 | OPEN PENDING           |       |
|  3 | 2023-02-06 10:15:00+05:30 | OPEN                   |       |
|  4 | 2023-02-06 10:15:00+05:30 | COMPLETE               |       |
+----+---------------------------+------------------------+-------+

+-------------------+---------------------------+----------------------------------+------+
| INST              | timestamp                 | ID                               | TT   |
|-------------------+---------------------------+----------------------------------+------|
| NSE_EQ:HEROMOTOCO | 2023-02-06 14:15:00+05:30 | 33fc900202204379b9a5c19b13088ca7 | SELL |
+-------------------+---------------------------+----------------------------------+------+
+----+---------------------------+------------------------+-------+
|    | TIMESTAMP                 | STATE                  | MSG   |
|----+---------------------------+------------------------+-------|
|  0 | 2023-02-06 14:15:00+05:30 | PUT ORDER REQ RECEIVED |       |
|  1 | 2023-02-06 14:15:00+05:30 | VALIDATION PENDING     |       |
|  2 | 2023-02-06 14:15:00+05:30 | OPEN PENDING           |       |
|  3 | 2023-02-06 14:15:00+05:30 | OPEN                   |       |
|  4 | 2023-02-06 14:15:00+05:30 | COMPLETE               |       |
+----+---------------------------+------------------------+-------+

+-------------------+---------------------------+----------------------------------+------+
| INST              | timestamp                 | ID                               | TT   |
|-------------------+---------------------------+----------------------------------+------|
| NSE_EQ:HEROMOTOCO | 2023-02-07 13:15:00+05:30 | dca3fdf631994868a34937c7e01ae43f | SELL |
+-------------------+---------------------------+----------------------------------+------+
+----+---------------------------+------------------------+-------+
|    | TIMESTAMP                 | STATE                  | MSG   |
|----+---------------------------+------------------------+-------|
|  0 | 2023-02-07 13:15:00+05:30 | PUT ORDER REQ RECEIVED |       |
|  1 | 2023-02-07 13:15:00+05:30 | VALIDATION PENDING     |       |
|  2 | 2023-02-07 13:15:00+05:30 | OPEN PENDING           |       |
|  3 | 2023-02-07 13:15:00+05:30 | OPEN                   |       |
|  4 | 2023-02-07 13:15:00+05:30 | COMPLETE               |       |
+----+---------------------------+------------------------+-------+

+-------------------+---------------------------+----------------------------------+------+
| INST              | timestamp                 | ID                               | TT   |
|-------------------+---------------------------+----------------------------------+------|
| NSE_EQ:HEROMOTOCO | 2023-02-07 15:30:00+05:30 | 0d2264c7efee4790aef0a9629da2a10b | BUY  |
+-------------------+---------------------------+----------------------------------+------+
+----+---------------------------+------------------------+-------+
|    | TIMESTAMP                 | STATE                  | MSG   |
|----+---------------------------+------------------------+-------|
|  0 | 2023-02-07 15:30:00+05:30 | PUT ORDER REQ RECEIVED |       |
|  1 | 2023-02-07 15:30:00+05:30 | VALIDATION PENDING     |       |
|  2 | 2023-02-07 15:30:00+05:30 | OPEN PENDING           |       |
|  3 | 2023-02-07 15:30:00+05:30 | OPEN                   |       |
|  4 | 2023-02-07 15:30:00+05:30 | COMPLETE               |       |
+----+---------------------------+------------------------+-------+

+-------------------+---------------------------+----------------------------------+------+
| INST              | timestamp                 | ID                               | TT   |
|-------------------+---------------------------+----------------------------------+------|
| NSE_EQ:HEROMOTOCO | 2023-02-10 12:15:00+05:30 | 4ad4e3a9ad954dc0aa9ebab7e14c68cc | BUY  |
+-------------------+---------------------------+----------------------------------+------+
+----+---------------------------+------------------------+-------+
|    | TIMESTAMP                 | STATE                  | MSG   |
|----+---------------------------+------------------------+-------|
|  0 | 2023-02-10 12:15:00+05:30 | PUT ORDER REQ RECEIVED |       |
|  1 | 2023-02-10 12:15:00+05:30 | VALIDATION PENDING     |       |
|  2 | 2023-02-10 12:15:00+05:30 | OPEN PENDING           |       |
|  3 | 2023-02-10 12:15:00+05:30 | OPEN                   |       |
|  4 | 2023-02-10 12:15:00+05:30 | COMPLETE               |       |
+----+---------------------------+------------------------+-------+

+-------------------+---------------------------+----------------------------------+------+
| INST              | timestamp                 | ID                               | TT   |
|-------------------+---------------------------+----------------------------------+------|
| NSE_EQ:HEROMOTOCO | 2023-02-10 15:15:00+05:30 | 5aa604d2c6034e7ca3770df5f9b34152 | SELL |
+-------------------+---------------------------+----------------------------------+------+
+----+---------------------------+------------------------+-------+
|    | TIMESTAMP                 | STATE                  | MSG   |
|----+---------------------------+------------------------+-------|
|  0 | 2023-02-10 15:15:00+05:30 | PUT ORDER REQ RECEIVED |       |
|  1 | 2023-02-10 15:15:00+05:30 | VALIDATION PENDING     |       |
|  2 | 2023-02-10 15:15:00+05:30 | OPEN PENDING           |       |
|  3 | 2023-02-10 15:15:00+05:30 | OPEN                   |       |
|  4 | 2023-02-10 15:15:00+05:30 | COMPLETE               |       |
+----+---------------------------+------------------------+-------+

+-------------------+---------------------------+----------------------------------+------+
| INST              | timestamp                 | ID                               | TT   |
|-------------------+---------------------------+----------------------------------+------|
| NSE_EQ:HEROMOTOCO | 2023-02-17 10:15:00+05:30 | 29d72d26edf4420193f0c24365696ee1 | SELL |
+-------------------+---------------------------+----------------------------------+------+
+----+---------------------------+------------------------+-------+
|    | TIMESTAMP                 | STATE                  | MSG   |
|----+---------------------------+------------------------+-------|
|  0 | 2023-02-17 10:15:00+05:30 | PUT ORDER REQ RECEIVED |       |
|  1 | 2023-02-17 10:15:00+05:30 | VALIDATION PENDING     |       |
|  2 | 2023-02-17 10:15:00+05:30 | OPEN PENDING           |       |
|  3 | 2023-02-17 10:15:00+05:30 | OPEN                   |       |
|  4 | 2023-02-17 10:15:00+05:30 | COMPLETE               |       |
+----+---------------------------+------------------------+-------+

+-------------------+---------------------------+----------------------------------+------+
| INST              | timestamp                 | ID                               | TT   |
|-------------------+---------------------------+----------------------------------+------|
| NSE_EQ:HEROMOTOCO | 2023-02-17 14:15:00+05:30 | 4a0f931cc2804ae9be1e17b3b0e9db73 | BUY  |
+-------------------+---------------------------+----------------------------------+------+
+----+---------------------------+------------------------+-------+
|    | TIMESTAMP                 | STATE                  | MSG   |
|----+---------------------------+------------------------+-------|
|  0 | 2023-02-17 14:15:00+05:30 | PUT ORDER REQ RECEIVED |       |
|  1 | 2023-02-17 14:15:00+05:30 | VALIDATION PENDING     |       |
|  2 | 2023-02-17 14:15:00+05:30 | OPEN PENDING           |       |
|  3 | 2023-02-17 14:15:00+05:30 | OPEN                   |       |
|  4 | 2023-02-17 14:15:00+05:30 | COMPLETE               |       |
+----+---------------------------+------------------------+-------+

+-------------------+---------------------------+----------------------------------+------+
| INST              | timestamp                 | ID                               | TT   |
|-------------------+---------------------------+----------------------------------+------|
| NSE_EQ:HEROMOTOCO | 2023-02-20 12:15:00+05:30 | d5d6cde47c9b4af4a8dc9a593ac7af06 | BUY  |
+-------------------+---------------------------+----------------------------------+------+
+----+---------------------------+------------------------+-------+
|    | TIMESTAMP                 | STATE                  | MSG   |
|----+---------------------------+------------------------+-------|
|  0 | 2023-02-20 12:15:00+05:30 | PUT ORDER REQ RECEIVED |       |
|  1 | 2023-02-20 12:15:00+05:30 | VALIDATION PENDING     |       |
|  2 | 2023-02-20 12:15:00+05:30 | OPEN PENDING           |       |
|  3 | 2023-02-20 12:15:00+05:30 | OPEN                   |       |
|  4 | 2023-02-20 12:15:00+05:30 | COMPLETE               |       |
+----+---------------------------+------------------------+-------+

+-------------------+---------------------------+----------------------------------+------+
| INST              | timestamp                 | ID                               | TT   |
|-------------------+---------------------------+----------------------------------+------|
| NSE_EQ:HEROMOTOCO | 2023-02-20 15:30:00+05:30 | 1872b892edf746d39c6d30da2b611f7a | SELL |
+-------------------+---------------------------+----------------------------------+------+
+----+---------------------------+------------------------+-------+
|    | TIMESTAMP                 | STATE                  | MSG   |
|----+---------------------------+------------------------+-------|
|  0 | 2023-02-20 15:30:00+05:30 | PUT ORDER REQ RECEIVED |       |
|  1 | 2023-02-20 15:30:00+05:30 | VALIDATION PENDING     |       |
|  2 | 2023-02-20 15:30:00+05:30 | OPEN PENDING           |       |
|  3 | 2023-02-20 15:30:00+05:30 | OPEN                   |       |
|  4 | 2023-02-20 15:30:00+05:30 | COMPLETE               |       |
+----+---------------------------+------------------------+-------+

+-------------------+---------------------------+----------------------------------+------+
| INST              | timestamp                 | ID                               | TT   |
|-------------------+---------------------------+----------------------------------+------|
| NSE_EQ:HEROMOTOCO | 2023-02-22 11:15:00+05:30 | 5ce87ed27d024694a2f0d954aaff36c0 | SELL |
+-------------------+---------------------------+----------------------------------+------+
+----+---------------------------+------------------------+-------+
|    | TIMESTAMP                 | STATE                  | MSG   |
|----+---------------------------+------------------------+-------|
|  0 | 2023-02-22 11:15:00+05:30 | PUT ORDER REQ RECEIVED |       |
|  1 | 2023-02-22 11:15:00+05:30 | VALIDATION PENDING     |       |
|  2 | 2023-02-22 11:15:00+05:30 | OPEN PENDING           |       |
|  3 | 2023-02-22 11:15:00+05:30 | OPEN                   |       |
|  4 | 2023-02-22 11:15:00+05:30 | COMPLETE               |       |
+----+---------------------------+------------------------+-------+

+-------------------+---------------------------+----------------------------------+------+
| INST              | timestamp                 | ID                               | TT   |
|-------------------+---------------------------+----------------------------------+------|
| NSE_EQ:HEROMOTOCO | 2023-02-22 15:30:00+05:30 | 728966b3312a4e6ebf4b3c9856a87397 | BUY  |
+-------------------+---------------------------+----------------------------------+------+
+----+---------------------------+------------------------+-------+
|    | TIMESTAMP                 | STATE                  | MSG   |
|----+---------------------------+------------------------+-------|
|  0 | 2023-02-22 15:30:00+05:30 | PUT ORDER REQ RECEIVED |       |
|  1 | 2023-02-22 15:30:00+05:30 | VALIDATION PENDING     |       |
|  2 | 2023-02-22 15:30:00+05:30 | OPEN PENDING           |       |
|  3 | 2023-02-22 15:30:00+05:30 | OPEN                   |       |
|  4 | 2023-02-22 15:30:00+05:30 | COMPLETE               |       |
+----+---------------------------+------------------------+-------+

+-------------------+---------------------------+----------------------------------+------+
| INST              | timestamp                 | ID                               | TT   |
|-------------------+---------------------------+----------------------------------+------|
| NSE_EQ:HEROMOTOCO | 2023-02-24 12:15:00+05:30 | 021be302e28e4e229f08d29291c4be53 | BUY  |
+-------------------+---------------------------+----------------------------------+------+
+----+---------------------------+------------------------+-------+
|    | TIMESTAMP                 | STATE                  | MSG   |
|----+---------------------------+------------------------+-------|
|  0 | 2023-02-24 12:15:00+05:30 | PUT ORDER REQ RECEIVED |       |
|  1 | 2023-02-24 12:15:00+05:30 | VALIDATION PENDING     |       |
|  2 | 2023-02-24 12:15:00+05:30 | OPEN PENDING           |       |
|  3 | 2023-02-24 12:15:00+05:30 | OPEN                   |       |
|  4 | 2023-02-24 12:15:00+05:30 | COMPLETE               |       |
+----+---------------------------+------------------------+-------+

+-------------------+---------------------------+----------------------------------+------+
| INST              | timestamp                 | ID                               | TT   |
|-------------------+---------------------------+----------------------------------+------|
| NSE_EQ:HEROMOTOCO | 2023-02-24 15:30:00+05:30 | 2c8284a5cdc14d91ba0299077c2e819c | SELL |
+-------------------+---------------------------+----------------------------------+------+
+----+---------------------------+------------------------+-------+
|    | TIMESTAMP                 | STATE                  | MSG   |
|----+---------------------------+------------------------+-------|
|  0 | 2023-02-24 15:30:00+05:30 | PUT ORDER REQ RECEIVED |       |
|  1 | 2023-02-24 15:30:00+05:30 | VALIDATION PENDING     |       |
|  2 | 2023-02-24 15:30:00+05:30 | OPEN PENDING           |       |
|  3 | 2023-02-24 15:30:00+05:30 | OPEN                   |       |
|  4 | 2023-02-24 15:30:00+05:30 | COMPLETE               |       |
+----+---------------------------+------------------------+-------+