

+-------------------------------+---------------------------+----------------------------------+------+
| INST                          | timestamp                 | ID                               | TT   |
|-------------------------------+---------------------------+----------------------------------+------|
| NASDAQ_FO:MSFT240524P00412500 | 2024-05-14 09:30:00-04:00 | 42e17e2839b946deb7ea85ef71f05eff | BUY  |
+-------------------------------+---------------------------+----------------------------------+------+
+----+----------------------------------+------------------------+-------+
|    | TIMESTAMP                        | STATE                  | MSG   |
|----+----------------------------------+------------------------+-------|
|  0 | 2024-05-14 09:30:00.500000-04:00 | PUT ORDER REQ RECEIVED |       |
|  1 | 2024-05-14 09:30:00.500000-04:00 | VALIDATION PENDING     |       |
|  2 | 2024-05-14 09:30:00.500000-04:00 | OPEN PENDING           |       |
|  3 | 2024-05-14 09:30:00.500000-04:00 | OPEN                   |       |
|  4 | 2024-05-14 09:30:00.500000-04:00 | COMPLETE               |       |
+----+----------------------------------+------------------------+-------+

+-------------------------------+---------------------------+----------------------------------+------+
| INST                          | timestamp                 | ID                               | TT   |
|-------------------------------+---------------------------+----------------------------------+------|
| NASDAQ_FO:MSFT240524P00417500 | 2024-05-14 09:30:00-04:00 | 6476fd9634d140f49eae1820ce8a7f15 | BUY  |
+-------------------------------+---------------------------+----------------------------------+------+
+----+----------------------------------+------------------------+-------+
|    | TIMESTAMP                        | STATE                  | MSG   |
|----+----------------------------------+------------------------+-------|
|  0 | 2024-05-14 09:30:00.500000-04:00 | PUT ORDER REQ RECEIVED |       |
|  1 | 2024-05-14 09:30:00.500000-04:00 | VALIDATION PENDING     |       |
|  2 | 2024-05-14 09:30:00.500000-04:00 | OPEN PENDING           |       |
|  3 | 2024-05-14 09:30:00.500000-04:00 | OPEN                   |       |
|  4 | 2024-05-14 09:30:00.500000-04:00 | COMPLETE               |       |
+----+----------------------------------+------------------------+-------+

+-------------------------------+---------------------------+----------------------------------+------+
| INST                          | timestamp                 | ID                               | TT   |
|-------------------------------+---------------------------+----------------------------------+------|
| NASDAQ_FO:MSFT240524P00417500 | 2024-05-14 09:30:00-04:00 | b52c7bf3e4f5497295a8dfa33e662b09 | SELL |
+-------------------------------+---------------------------+----------------------------------+------+
+----+----------------------------------+------------------------+-------+
|    | TIMESTAMP                        | STATE                  | MSG   |
|----+----------------------------------+------------------------+-------|
|  0 | 2024-05-14 09:30:00.500000-04:00 | PUT ORDER REQ RECEIVED |       |
|  1 | 2024-05-14 09:30:00.500000-04:00 | VALIDATION PENDING     |       |
|  2 | 2024-05-14 09:30:00.500000-04:00 | OPEN PENDING           |       |
|  3 | 2024-05-14 09:30:00.500000-04:00 | OPEN                   |       |
|  4 | 2024-05-14 09:30:00.500000-04:00 | COMPLETE               |       |
+----+----------------------------------+------------------------+-------+

+-------------------------------+---------------------------+----------------------------------+------+
| INST                          | timestamp                 | ID                               | TT   |
|-------------------------------+---------------------------+----------------------------------+------|
| NASDAQ_FO:MSFT240524P00412500 | 2024-05-14 16:00:00-04:00 | d7f12ebd89a64afeba378b4dcceb9a20 | SELL |
+-------------------------------+---------------------------+----------------------------------+------+
+----+----------------------------------+------------------------+-------+
|    | TIMESTAMP                        | STATE                  | MSG   |
|----+----------------------------------+------------------------+-------|
|  0 | 2024-05-14 16:00:00.500000-04:00 | PUT ORDER REQ RECEIVED |       |
|  1 | 2024-05-14 16:00:00.500000-04:00 | VALIDATION PENDING     |       |
|  2 | 2024-05-14 16:00:00.500000-04:00 | OPEN PENDING           |       |
|  3 | 2024-05-14 16:00:00.500000-04:00 | OPEN                   |       |
|  4 | 2024-05-14 16:00:00.500000-04:00 | COMPLETE               |       |
+----+----------------------------------+------------------------+-------+

+-------------------------------+---------------------------+----------------------------------+------+
| INST                          | timestamp                 | ID                               | TT   |
|-------------------------------+---------------------------+----------------------------------+------|
| NASDAQ_FO:MSFT240524P00417500 | 2024-05-14 16:00:00-04:00 | eaf49cc270f84c5caa2aa48cef5ea319 | SELL |
+-------------------------------+---------------------------+----------------------------------+------+
+----+----------------------------------+------------------------+-------+
|    | TIMESTAMP                        | STATE                  | MSG   |
|----+----------------------------------+------------------------+-------|
|  0 | 2024-05-14 16:00:00.500000-04:00 | PUT ORDER REQ RECEIVED |       |
|  1 | 2024-05-14 16:00:00.500000-04:00 | VALIDATION PENDING     |       |
|  2 | 2024-05-14 16:00:00.500000-04:00 | OPEN PENDING           |       |
|  3 | 2024-05-14 16:00:00.500000-04:00 | OPEN                   |       |
|  4 | 2024-05-14 16:00:00.500000-04:00 | COMPLETE               |       |
+----+----------------------------------+------------------------+-------+

+-------------------------------+---------------------------+----------------------------------+------+
| INST                          | timestamp                 | ID                               | TT   |
|-------------------------------+---------------------------+----------------------------------+------|
| NASDAQ_FO:MSFT240524P00417500 | 2024-05-14 16:00:00-04:00 | 5c475878b17a46fbb5611bbcced3d18f | BUY  |
+-------------------------------+---------------------------+----------------------------------+------+
+----+----------------------------------+------------------------+-------+
|    | TIMESTAMP                        | STATE                  | MSG   |
|----+----------------------------------+------------------------+-------|
|  0 | 2024-05-14 16:00:00.500000-04:00 | PUT ORDER REQ RECEIVED |       |
|  1 | 2024-05-14 16:00:00.500000-04:00 | VALIDATION PENDING     |       |
|  2 | 2024-05-14 16:00:00.500000-04:00 | OPEN PENDING           |       |
|  3 | 2024-05-14 16:00:00.500000-04:00 | OPEN                   |       |
|  4 | 2024-05-14 16:00:00.500000-04:00 | COMPLETE               |       |
+----+----------------------------------+------------------------+-------+