

+-------------------------------+---------------------------+----------------------------------+------+
| INST                          | timestamp                 | ID                               | TT   |
|-------------------------------+---------------------------+----------------------------------+------|
| NASDAQ_FO:MSFT240524C00412500 | 2024-05-14 09:30:00-04:00 | d2ac2ae3b2f24d4bbbd553f2e43c52bd | BUY  |
+-------------------------------+---------------------------+----------------------------------+------+
+----+----------------------------------+------------------------+-------+
|    | TIMESTAMP                        | STATE                  | MSG   |
|----+----------------------------------+------------------------+-------|
|  0 | 2024-05-14 09:30:00.500000-04:00 | PUT ORDER REQ RECEIVED |       |
|  1 | 2024-05-14 09:30:00.500000-04:00 | VALIDATION PENDING     |       |
|  2 | 2024-05-14 09:30:00.500000-04:00 | OPEN PENDING           |       |
|  3 | 2024-05-14 09:30:00.500000-04:00 | OPEN                   |       |
|  4 | 2024-05-14 09:30:00.500000-04:00 | COMPLETE               |       |
+----+----------------------------------+------------------------+-------+

+-------------------------------+---------------------------+----------------------------------+------+
| INST                          | timestamp                 | ID                               | TT   |
|-------------------------------+---------------------------+----------------------------------+------|
| NASDAQ_FO:MSFT240524C00417500 | 2024-05-14 09:30:00-04:00 | bb1fbd5902264897b538433fe904e909 | BUY  |
+-------------------------------+---------------------------+----------------------------------+------+
+----+----------------------------------+------------------------+-------+
|    | TIMESTAMP                        | STATE                  | MSG   |
|----+----------------------------------+------------------------+-------|
|  0 | 2024-05-14 09:30:00.500000-04:00 | PUT ORDER REQ RECEIVED |       |
|  1 | 2024-05-14 09:30:00.500000-04:00 | VALIDATION PENDING     |       |
|  2 | 2024-05-14 09:30:00.500000-04:00 | OPEN PENDING           |       |
|  3 | 2024-05-14 09:30:00.500000-04:00 | OPEN                   |       |
|  4 | 2024-05-14 09:30:00.500000-04:00 | COMPLETE               |       |
+----+----------------------------------+------------------------+-------+

+-------------------------------+---------------------------+----------------------------------+------+
| INST                          | timestamp                 | ID                               | TT   |
|-------------------------------+---------------------------+----------------------------------+------|
| NASDAQ_FO:MSFT240524C00417500 | 2024-05-14 09:30:00-04:00 | d1a6a891a84749f5adbc8b507e98e3f9 | SELL |
+-------------------------------+---------------------------+----------------------------------+------+
+----+----------------------------------+------------------------+-------+
|    | TIMESTAMP                        | STATE                  | MSG   |
|----+----------------------------------+------------------------+-------|
|  0 | 2024-05-14 09:30:00.500000-04:00 | PUT ORDER REQ RECEIVED |       |
|  1 | 2024-05-14 09:30:00.500000-04:00 | VALIDATION PENDING     |       |
|  2 | 2024-05-14 09:30:00.500000-04:00 | OPEN PENDING           |       |
|  3 | 2024-05-14 09:30:00.500000-04:00 | OPEN                   |       |
|  4 | 2024-05-14 09:30:00.500000-04:00 | COMPLETE               |       |
+----+----------------------------------+------------------------+-------+

+-------------------------------+---------------------------+----------------------------------+------+
| INST                          | timestamp                 | ID                               | TT   |
|-------------------------------+---------------------------+----------------------------------+------|
| NASDAQ_FO:MSFT240524C00412500 | 2024-05-14 16:00:00-04:00 | 25f80008bdb24cd081f24ff197b30618 | SELL |
+-------------------------------+---------------------------+----------------------------------+------+
+----+----------------------------------+------------------------+-------+
|    | TIMESTAMP                        | STATE                  | MSG   |
|----+----------------------------------+------------------------+-------|
|  0 | 2024-05-14 16:00:00.500000-04:00 | PUT ORDER REQ RECEIVED |       |
|  1 | 2024-05-14 16:00:00.500000-04:00 | VALIDATION PENDING     |       |
|  2 | 2024-05-14 16:00:00.500000-04:00 | OPEN PENDING           |       |
|  3 | 2024-05-14 16:00:00.500000-04:00 | OPEN                   |       |
|  4 | 2024-05-14 16:00:00.500000-04:00 | COMPLETE               |       |
+----+----------------------------------+------------------------+-------+

+-------------------------------+---------------------------+----------------------------------+------+
| INST                          | timestamp                 | ID                               | TT   |
|-------------------------------+---------------------------+----------------------------------+------|
| NASDAQ_FO:MSFT240524C00417500 | 2024-05-14 16:00:00-04:00 | 2b02dc43fdc0408bbfcff77d5580cfce | SELL |
+-------------------------------+---------------------------+----------------------------------+------+
+----+----------------------------------+------------------------+-------+
|    | TIMESTAMP                        | STATE                  | MSG   |
|----+----------------------------------+------------------------+-------|
|  0 | 2024-05-14 16:00:00.500000-04:00 | PUT ORDER REQ RECEIVED |       |
|  1 | 2024-05-14 16:00:00.500000-04:00 | VALIDATION PENDING     |       |
|  2 | 2024-05-14 16:00:00.500000-04:00 | OPEN PENDING           |       |
|  3 | 2024-05-14 16:00:00.500000-04:00 | OPEN                   |       |
|  4 | 2024-05-14 16:00:00.500000-04:00 | COMPLETE               |       |
+----+----------------------------------+------------------------+-------+

+-------------------------------+---------------------------+----------------------------------+------+
| INST                          | timestamp                 | ID                               | TT   |
|-------------------------------+---------------------------+----------------------------------+------|
| NASDAQ_FO:MSFT240524C00417500 | 2024-05-14 16:00:00-04:00 | 45def89b09a44633aee7b2a6b9a86094 | BUY  |
+-------------------------------+---------------------------+----------------------------------+------+
+----+----------------------------------+------------------------+-------+
|    | TIMESTAMP                        | STATE                  | MSG   |
|----+----------------------------------+------------------------+-------|
|  0 | 2024-05-14 16:00:00.500000-04:00 | PUT ORDER REQ RECEIVED |       |
|  1 | 2024-05-14 16:00:00.500000-04:00 | VALIDATION PENDING     |       |
|  2 | 2024-05-14 16:00:00.500000-04:00 | OPEN PENDING           |       |
|  3 | 2024-05-14 16:00:00.500000-04:00 | OPEN                   |       |
|  4 | 2024-05-14 16:00:00.500000-04:00 | COMPLETE               |       |
+----+----------------------------------+------------------------+-------+