[2024-05-21 19:58:32] Performing sanity checks on cfg strategy_parameters, setting up required data structures...
[2024-05-21 19:58:32] Sanity checks on cfg successful.
[2024-05-21 19:58:32] Currency set to "USD"
[2024-05-21 19:58:32] Setting up broker connection...
[2024-05-21 19:58:32] Starting ALPACAV2 in PAPER mode...
[2024-05-21 19:58:33] Broker connection has been setup successfully.
[2024-05-21 19:58:33] (NASDAQ_EQ) Funds available in client's ABVIRTUALBROKER account is : USD '1000000000.00'
[2024-05-21 19:58:33] 
########################################
 INITIALIZING ALGOBULLS CORE (v3.3.0 SECURE MODE)... 
########################################
[2024-05-21 19:58:33] Welcome ALGOBULLS VIRTUAL USER!
[2024-05-21 19:58:33] Reading strategy...
[2024-05-21 19:58:33] Entering Backtesting mode. Henceforth, all timestamps will be Backtesting timestamps...
[BT] [2024-05-14 09:30:00,000] [INFO] [tls] STARTING ALGOBULLS CORE...
[BT] [2024-05-14 09:30:00,000] [INFO] [tls] 
  #####  #######    #    ######  ####### ### #     #  #####     
 #     #    #      # #   #     #    #     #  ##    # #     #    
 #          #     #   #  #     #    #     #  # #   # #          
  #####     #    #     # ######     #     #  #  #  # #  ####    
       #    #    ####### #   #      #     #  #   # # #     #    
 #     #    #    #     # #    #     #     #  #    ## #     #    
  #####     #    #     # #     #    #    ### #     #  #####     

    #    #        #####  ####### ######  #     # #       #        #####    
   # #   #       #     # #     # #     # #     # #       #       #     #   
  #   #  #       #       #     # #     # #     # #       #       #         
 #     # #       #  #### #     # ######  #     # #       #        #####    
 ####### #       #     # #     # #     # #     # #       #             #   
 #     # #       #     # #     # #     # #     # #       #       #     #   
 #     # #######  #####  ####### ######   #####  ####### #######  #####    

  #####  ####### ######  #######
 #     # #     # #     # #
 #       #     # #     # #
 #       #     # ######  #####
 #       #     # #   #   #
 #     # #     # #    #  #
  #####  ####### #     # ####### 

[BT] [2024-05-14 09:30:00,000] [INFO] [tls] --------------------Master Cfg Parameters:--------------------
[BT] [2024-05-14 09:30:00,000] [INFO] [tls] User: ALGOBULLS VIRTUAL USER
[BT] [2024-05-14 09:30:00,000] [INFO] [tls] Broker: ABVIRTUALBROKER
[BT] [2024-05-14 09:30:00,000] [INFO] [tls] AUTO_ADD_INSTRUMENTS_BUCKET_FROM_POSITIONS: False
[BT] [2024-05-14 09:30:00,000] [INFO] [tls] AUTO_ADD_INSTRUMENTS_BUCKET_FROM_HOLDINGS_TPLUS1: False
[BT] [2024-05-14 09:30:00,000] [INFO] [tls] AUTO_ADD_INSTRUMENTS_BUCKET_FROM_HOLDINGS_TPLUS2: False
[BT] [2024-05-14 09:30:00,000] [INFO] [tls] RESUME_POSITIONS_ON_START: True
[BT] [2024-05-14 09:30:00,000] [INFO] [tls] RESUME_HOLDINGS_TPLUS1_ON_START: True
[BT] [2024-05-14 09:30:00,000] [INFO] [tls] RESUME_HOLDINGS_TPLUS2_ON_START: True
[BT] [2024-05-14 09:30:00,000] [INFO] [tls] EXIT_INTRADAY_ORDERS_ON_STOP: False
[BT] [2024-05-14 09:30:00,000] [INFO] [tls] EXIT_TPLUS0_DELIVERY_ORDERS_ON_STOP: False
[BT] [2024-05-14 09:30:00,000] [INFO] [tls] EXIT_TPLUS1_DELIVERY_ORDERS_ON_STOP: False
[BT] [2024-05-14 09:30:00,000] [INFO] [tls] EXIT_TPLUS2_DELIVERY_ORDERS_ON_STOP: False
[BT] [2024-05-14 09:30:00,000] [INFO] [tls] --------------------User Cfg Parameters: System Parameters--------------------
[BT] [2024-05-14 09:30:00,000] [INFO] [tls] Trading type: BACKTESTING
[BT] [2024-05-14 09:30:00,000] [INFO] [tls] User trading start time: 2024-05-14 09:30:00-04:00
[BT] [2024-05-14 09:30:00,000] [INFO] [tls] User trading end time: 2024-05-14 16:00:00-04:00
[BT] [2024-05-14 09:30:00,000] [INFO] [tls] --------------------User Cfg Parameters: Funds Parameters--------------------
[BT] [2024-05-14 09:30:00,000] [INFO] [tls] Credit Exposure: 1
[BT] [2024-05-14 09:30:00,000] [INFO] [tls] --------------------User Cfg Parameters: Candle Parameters--------------------
[BT] [2024-05-14 09:30:00,000] [INFO] [tls] Candle interval (sec): 3600
[BT] [2024-05-14 09:30:00,000] [INFO] [tls] --------------------User Cfg Parameters: Strategy Parameters--------------------
[BT] [2024-05-14 09:30:00,000] [INFO] [tls] Strategy: Options Bull Put Ladder
[BT] [2024-05-14 09:30:00,000] [INFO] [tls] Parameters: {'FLAG_FETCH_INSTRUMENTS_FOR_EXPIRY_MONTHLY_CURRENT': 0.0, 'FLAG_FETCH_INSTRUMENTS_FOR_EXPIRY_MONTHLY_NEXT': 0.0, 'FLAG_FETCH_INSTRUMENTS_FOR_EXPIRY_WEEKLY_CURRENT': 1.0, 'FLAG_FETCH_INSTRUMENTS_FOR_EXPIRY_WEEKLY_NEXT': 0.0, 'LEG_ONE_NUMBER_OF_STRIKES': 0.0, 'LEG_ONE_STRIKE_DIRECTION': 1.0, 'LEG_ONE_TRADING_SYMBOL_SUFFIX': 1.0, 'LEG_ONE_TRANSACTION_TYPE': 1.0, 'LEG_THREE_NUMBER_OF_STRIKES': 2.0, 'LEG_THREE_STRIKE_DIRECTION': 0.0, 'LEG_THREE_TRADING_SYMBOL_SUFFIX': 1.0, 'LEG_THREE_TRANSACTION_TYPE': 2.0, 'LEG_TWO_NUMBER_OF_STRIKES': 2.0, 'LEG_TWO_STRIKE_DIRECTION': 2.0, 'LEG_TWO_TRADING_SYMBOL_SUFFIX': 1.0, 'LEG_TWO_TRANSACTION_TYPE': 1.0}
[BT] [2024-05-14 09:30:00,000] [INFO] [tls] Strategy Mode: INTRADAY
[BT] [2024-05-14 09:30:00,000] [INFO] [tls] Instruments Bucket: instruments_bucket | [NASDAQ_EQ:MSFT]
[BT] [2024-05-14 09:30:00,000] [INFO] [tls] Number of Lots: 1
[BT] [2024-05-14 09:30:00,000] [INFO] [tls] --------------------User Cfg Parameters: Risk Management Parameters--------------------
[BT] [2024-05-14 09:30:00,000] [INFO] [tls] Desired profit: None
[BT] [2024-05-14 09:30:00,000] [INFO] [tls] Risk Appetite: None
[BT] [2024-05-14 09:30:00,000] [INFO] [tls] PnL scan frequency (in sec): 30
[BT] [2024-05-14 09:30:00,000] [INFO] [tls] --------------------User Cfg Parameters: Other Parameters--------------------
[BT] [2024-05-14 09:30:00,000] [INFO] [tls] Max orders count: 100
[BT] [2024-05-14 09:30:00,000] [INFO] [tls] Crossover accuracy decimals: 2
[BT] [2024-05-14 09:30:00,000] [INFO] [tls] ------------------------------------------------------------
[BT] [2024-05-14 09:30:00,000] [INFO] [utils] Instrument (NASDAQ_EQ:MSFT) subscribed to historical data successfully
[BT] [2024-05-14 09:30:00,000] [INFO] [utils] 1 Instruments subscribed to historical data successfully
[BT] [2024-05-14 09:30:00,000] [INFO] [utils] Prefetching historical data for 1 instruments...
[BT] [2024-05-14 09:30:00,000] [INFO] [strategy] 
####################
Strategy Parameters:
StrategyParameters([('FLAG_FETCH_INSTRUMENTS_FOR_EXPIRY_MONTHLY_CURRENT', 0),
                    ('FLAG_FETCH_INSTRUMENTS_FOR_EXPIRY_MONTHLY_NEXT', 0),
                    ('FLAG_FETCH_INSTRUMENTS_FOR_EXPIRY_WEEKLY_CURRENT', 1),
                    ('FLAG_FETCH_INSTRUMENTS_FOR_EXPIRY_WEEKLY_NEXT', 0),
                    ('LEG_ONE_NUMBER_OF_STRIKES', 0),
                    ('LEG_ONE_STRIKE_DIRECTION', 1),
                    ('LEG_ONE_TRADING_SYMBOL_SUFFIX', 1),
                    ('LEG_ONE_TRANSACTION_TYPE', 1),
                    ('LEG_THREE_NUMBER_OF_STRIKES', 2),
                    ('LEG_THREE_STRIKE_DIRECTION', 0),
                    ('LEG_THREE_TRADING_SYMBOL_SUFFIX', 1),
                    ('LEG_THREE_TRANSACTION_TYPE', 2),
                    ('LEG_TWO_NUMBER_OF_STRIKES', 2),
                    ('LEG_TWO_STRIKE_DIRECTION', 2),
                    ('LEG_TWO_TRADING_SYMBOL_SUFFIX', 1),
                    ('LEG_TWO_TRANSACTION_TYPE', 1)])
####################
[BT] [2024-05-14 09:30:00,000] [INFO] [tls] Not launching PNL tracker...
[BT] [2024-05-14 09:30:00,000] [INFO] [tls] Opening current intraday positions, if any...
[BT] [2024-05-14 09:30:00,000] [INFO] [tls] Not processing holdings as STRATEGY_MODE is INTRADAY
[BT] [2024-05-14 09:30:00,000] [INFO] [clock] User trading will start in 0.50 seconds...
[BT] [2024-05-14 09:30:00,000] [INFO] [clock] Waiting for 0.5 sec. until user trading time (2024-05-14 09:30:00-04:00)...
[BT] [2024-05-14 09:30:00,500] [WARNING] [utils] No historical data found for candle: 2024-05-14 09:30:00-04:00 for NASDAQ_EQ:MSFT 
[BT] [2024-05-14 09:30:00,500] [INFO] [strategy] Processing LEG_ONE...
[BT] [2024-05-14 09:30:00,500] [INFO] [strategy] Processing LEG_TWO...
[BT] [2024-05-14 09:30:00,500] [INFO] [strategy] Processing LEG_THREE...
[BT] [2024-05-14 09:30:00,500] [INFO] [tls] Entering position for instrument: NASDAQ_FO:MSFT240524C00412500...
[BT] [2024-05-14 09:30:00,500] [INFO] [utils] Instrument (NASDAQ_FO:MSFT240524C00412500) subscribed to historical data successfully
[BT] [2024-05-14 09:30:00,500] [INFO] [utils] 1 Instruments subscribed to historical data successfully
[BT] [2024-05-14 09:30:00,500] [INFO] [utils] Prefetching historical data for 1 instruments...
[BT] [2024-05-14 09:30:00,500] [WARNING] [utils] No historical data found for candle: 2024-05-14 09:30:00-04:00 for NASDAQ_FO:MSFT240524C00412500 
[BT] [2024-05-14 09:30:00,500] [INFO] [order] [PLACING NEW ORDER] [2024-05-14 09:30:00-04:00] [d2ac2ae3b2f24d4bbbd553f2e43c52bd] [BUY] [NASDAQ_FO:MSFT240524C00412500] [QTY:1] [QTY PENDING: 1] [ENTRY PRICE: 5.8] [PRICE:None] [TRIGGER PRICE:None] [ORDER_TYPE_REGULAR] [ORDER_CODE_INTRADAY] [ORDER_VARIETY_MARKET] [ORDER_POSITION_ENTER]
[BT] [2024-05-14 09:30:00,500] [INFO] [order] [ORDER ID RECEIVED] [ABVIRTUALBROKER] [ID:d2ac2ae3b2f24d4bbbd553f2e43c52bd] [BUY] [NASDAQ_FO:MSFT240524C00412500] [Order ID: (Order: [2024-05-14 09:30:00-04:00] [d2ac2ae3b2f24d4bbbd553f2e43c52bd] [BUY] [NASDAQ_FO:MSFT240524C00412500] [QTY:1] [QTY PENDING: 1] [ENTRY PRICE: 5.8] [PRICE:None] [TRIGGER PRICE:None] [ORDER_TYPE_REGULAR] [ORDER_CODE_INTRADAY] [ORDER_VARIETY_MARKET] [ORDER_POSITION_ENTER])
Status History: PUT ORDER REQ RECEIVED --> VALIDATION PENDING --> OPEN PENDING --> OPEN --> COMPLETE)]
[BT] [2024-05-14 09:30:00,500] [INFO] [order] [NEW ORDER SUCCESS] [2024-05-14 09:30:00-04:00] [d2ac2ae3b2f24d4bbbd553f2e43c52bd] [BUY] [NASDAQ_FO:MSFT240524C00412500] [QTY:1] [QTY PENDING: 1] [ENTRY PRICE: 5.8] [PRICE:None] [TRIGGER PRICE:None] [ORDER_TYPE_REGULAR] [ORDER_CODE_INTRADAY] [ORDER_VARIETY_MARKET] [ORDER_POSITION_ENTER] [STATUS:COMPLETE]
[BT] [2024-05-14 09:30:00,500] [INFO] [tls] Entering position for instrument: NASDAQ_FO:MSFT240524C00417500...
[BT] [2024-05-14 09:30:00,500] [INFO] [utils] Instrument (NASDAQ_FO:MSFT240524C00417500) subscribed to historical data successfully
[BT] [2024-05-14 09:30:00,500] [INFO] [utils] 1 Instruments subscribed to historical data successfully
[BT] [2024-05-14 09:30:00,500] [INFO] [utils] Prefetching historical data for 1 instruments...
[BT] [2024-05-14 09:30:00,500] [WARNING] [utils] No historical data found for candle: 2024-05-14 09:30:00-04:00 for NASDAQ_FO:MSFT240524C00417500 
[BT] [2024-05-14 09:30:00,500] [INFO] [order] [PLACING NEW ORDER] [2024-05-14 09:30:00-04:00] [bb1fbd5902264897b538433fe904e909] [BUY] [NASDAQ_FO:MSFT240524C00417500] [QTY:1] [QTY PENDING: 1] [ENTRY PRICE: 3.6] [PRICE:None] [TRIGGER PRICE:None] [ORDER_TYPE_REGULAR] [ORDER_CODE_INTRADAY] [ORDER_VARIETY_MARKET] [ORDER_POSITION_ENTER]
[BT] [2024-05-14 09:30:00,500] [INFO] [order] [ORDER ID RECEIVED] [ABVIRTUALBROKER] [ID:bb1fbd5902264897b538433fe904e909] [BUY] [NASDAQ_FO:MSFT240524C00417500] [Order ID: (Order: [2024-05-14 09:30:00-04:00] [bb1fbd5902264897b538433fe904e909] [BUY] [NASDAQ_FO:MSFT240524C00417500] [QTY:1] [QTY PENDING: 1] [ENTRY PRICE: 3.6] [PRICE:None] [TRIGGER PRICE:None] [ORDER_TYPE_REGULAR] [ORDER_CODE_INTRADAY] [ORDER_VARIETY_MARKET] [ORDER_POSITION_ENTER])
Status History: PUT ORDER REQ RECEIVED --> VALIDATION PENDING --> OPEN PENDING --> OPEN --> COMPLETE)]
[BT] [2024-05-14 09:30:00,500] [INFO] [order] [NEW ORDER SUCCESS] [2024-05-14 09:30:00-04:00] [bb1fbd5902264897b538433fe904e909] [BUY] [NASDAQ_FO:MSFT240524C00417500] [QTY:1] [QTY PENDING: 1] [ENTRY PRICE: 3.6] [PRICE:None] [TRIGGER PRICE:None] [ORDER_TYPE_REGULAR] [ORDER_CODE_INTRADAY] [ORDER_VARIETY_MARKET] [ORDER_POSITION_ENTER] [STATUS:COMPLETE]
[BT] [2024-05-14 09:30:00,500] [INFO] [tls] Entering position for instrument: NASDAQ_FO:MSFT240524C00417500...
[BT] [2024-05-14 09:30:00,500] [INFO] [order] [PLACING NEW ORDER] [2024-05-14 09:30:00-04:00] [d1a6a891a84749f5adbc8b507e98e3f9] [SELL] [NASDAQ_FO:MSFT240524C00417500] [QTY:1] [QTY PENDING: 1] [ENTRY PRICE: 3.6] [PRICE:None] [TRIGGER PRICE:None] [ORDER_TYPE_REGULAR] [ORDER_CODE_INTRADAY] [ORDER_VARIETY_MARKET] [ORDER_POSITION_ENTER]
[BT] [2024-05-14 09:30:00,500] [INFO] [order] [ORDER ID RECEIVED] [ABVIRTUALBROKER] [ID:d1a6a891a84749f5adbc8b507e98e3f9] [SELL] [NASDAQ_FO:MSFT240524C00417500] [Order ID: (Order: [2024-05-14 09:30:00-04:00] [d1a6a891a84749f5adbc8b507e98e3f9] [SELL] [NASDAQ_FO:MSFT240524C00417500] [QTY:1] [QTY PENDING: 1] [ENTRY PRICE: 3.6] [PRICE:None] [TRIGGER PRICE:None] [ORDER_TYPE_REGULAR] [ORDER_CODE_INTRADAY] [ORDER_VARIETY_MARKET] [ORDER_POSITION_ENTER])
Status History: PUT ORDER REQ RECEIVED --> VALIDATION PENDING --> OPEN PENDING --> OPEN --> COMPLETE)]
[BT] [2024-05-14 09:30:00,500] [INFO] [order] [NEW ORDER SUCCESS] [2024-05-14 09:30:00-04:00] [d1a6a891a84749f5adbc8b507e98e3f9] [SELL] [NASDAQ_FO:MSFT240524C00417500] [QTY:1] [QTY PENDING: 1] [ENTRY PRICE: 3.6] [PRICE:None] [TRIGGER PRICE:None] [ORDER_TYPE_REGULAR] [ORDER_CODE_INTRADAY] [ORDER_VARIETY_MARKET] [ORDER_POSITION_ENTER] [STATUS:COMPLETE]
[BT] [2024-05-14 09:30:00,500] [INFO] [clock] Waiting for 3600.00 seconds until end of current candle (2024-05-14 10:30:00-04:00)...
[BT] [2024-05-14 10:30:00,500] [INFO] [clock] Waiting for 3600.00 seconds until end of current candle (2024-05-14 11:30:00-04:00)...
[BT] [2024-05-14 11:30:00,500] [INFO] [clock] Waiting for 3600.00 seconds until end of current candle (2024-05-14 12:30:00-04:00)...
[BT] [2024-05-14 12:30:00,500] [INFO] [clock] Waiting for 3600.00 seconds until end of current candle (2024-05-14 13:30:00-04:00)...
[BT] [2024-05-14 13:30:00,500] [INFO] [clock] Waiting for 3600.00 seconds until end of current candle (2024-05-14 14:30:00-04:00)...
[BT] [2024-05-14 14:30:00,500] [INFO] [clock] Waiting for 3600.00 seconds until end of current candle (2024-05-14 15:30:00-04:00)...
[BT] [2024-05-14 15:30:00,500] [INFO] [clock] Waiting for 1800.00 seconds until end of current candle (2024-05-14 16:30:00-04:00)...
[BT] [2024-05-14 16:00:00,500] [INFO] [oms] Exiting OPEN POSITION (Order: [2024-05-14 09:30:00-04:00] [d2ac2ae3b2f24d4bbbd553f2e43c52bd] [BUY] [NASDAQ_FO:MSFT240524C00412500] [QTY:1] [QTY PENDING: 1] [ENTRY PRICE: 5.8] [PRICE:None] [TRIGGER PRICE:None] [ORDER_TYPE_REGULAR] [ORDER_CODE_INTRADAY] [ORDER_VARIETY_MARKET] [ORDER_POSITION_ENTER])... 
[BT] [2024-05-14 16:00:00,500] [INFO] [order] [PLACING NEW ORDER] [2024-05-14 16:00:00-04:00] [25f80008bdb24cd081f24ff197b30618] [SELL] [NASDAQ_FO:MSFT240524C00412500] [QTY:1] [QTY PENDING: 1] [ENTRY PRICE: 7.4] [PRICE:None] [TRIGGER PRICE:None] [ORDER_TYPE_REGULAR] [ORDER_CODE_INTRADAY] [ORDER_VARIETY_MARKET] [ORDER_POSITION_EXIT]
[BT] [2024-05-14 16:00:00,500] [INFO] [order] [ORDER ID RECEIVED] [ABVIRTUALBROKER] [ID:25f80008bdb24cd081f24ff197b30618] [SELL] [NASDAQ_FO:MSFT240524C00412500] [Order ID: (Order: [2024-05-14 16:00:00-04:00] [25f80008bdb24cd081f24ff197b30618] [SELL] [NASDAQ_FO:MSFT240524C00412500] [QTY:1] [QTY PENDING: 0] [ENTRY PRICE: 7.4] [PRICE:None] [TRIGGER PRICE:None] [ORDER_TYPE_REGULAR] [ORDER_CODE_INTRADAY] [ORDER_VARIETY_MARKET] [ORDER_POSITION_EXIT])
Status History: PUT ORDER REQ RECEIVED --> VALIDATION PENDING --> OPEN PENDING --> OPEN --> COMPLETE)]
[BT] [2024-05-14 16:00:00,500] [INFO] [order] [NEW ORDER SUCCESS] [2024-05-14 16:00:00-04:00] [25f80008bdb24cd081f24ff197b30618] [SELL] [NASDAQ_FO:MSFT240524C00412500] [QTY:1] [QTY PENDING: 0] [ENTRY PRICE: 7.4] [PRICE:None] [TRIGGER PRICE:None] [ORDER_TYPE_REGULAR] [ORDER_CODE_INTRADAY] [ORDER_VARIETY_MARKET] [ORDER_POSITION_EXIT] [STATUS:COMPLETE]
[BT] [2024-05-14 16:00:00,500] [INFO] [oms] Exiting OPEN POSITION (Order: [2024-05-14 09:30:00-04:00] [bb1fbd5902264897b538433fe904e909] [BUY] [NASDAQ_FO:MSFT240524C00417500] [QTY:1] [QTY PENDING: 1] [ENTRY PRICE: 3.6] [PRICE:None] [TRIGGER PRICE:None] [ORDER_TYPE_REGULAR] [ORDER_CODE_INTRADAY] [ORDER_VARIETY_MARKET] [ORDER_POSITION_ENTER])... 
[BT] [2024-05-14 16:00:00,500] [INFO] [order] [PLACING NEW ORDER] [2024-05-14 16:00:00-04:00] [2b02dc43fdc0408bbfcff77d5580cfce] [SELL] [NASDAQ_FO:MSFT240524C00417500] [QTY:1] [QTY PENDING: 1] [ENTRY PRICE: 4.6] [PRICE:None] [TRIGGER PRICE:None] [ORDER_TYPE_REGULAR] [ORDER_CODE_INTRADAY] [ORDER_VARIETY_MARKET] [ORDER_POSITION_EXIT]
[BT] [2024-05-14 16:00:00,500] [INFO] [order] [ORDER ID RECEIVED] [ABVIRTUALBROKER] [ID:2b02dc43fdc0408bbfcff77d5580cfce] [SELL] [NASDAQ_FO:MSFT240524C00417500] [Order ID: (Order: [2024-05-14 16:00:00-04:00] [2b02dc43fdc0408bbfcff77d5580cfce] [SELL] [NASDAQ_FO:MSFT240524C00417500] [QTY:1] [QTY PENDING: 0] [ENTRY PRICE: 4.6] [PRICE:None] [TRIGGER PRICE:None] [ORDER_TYPE_REGULAR] [ORDER_CODE_INTRADAY] [ORDER_VARIETY_MARKET] [ORDER_POSITION_EXIT])
Status History: PUT ORDER REQ RECEIVED --> VALIDATION PENDING --> OPEN PENDING --> OPEN --> COMPLETE)]
[BT] [2024-05-14 16:00:00,500] [INFO] [order] [NEW ORDER SUCCESS] [2024-05-14 16:00:00-04:00] [2b02dc43fdc0408bbfcff77d5580cfce] [SELL] [NASDAQ_FO:MSFT240524C00417500] [QTY:1] [QTY PENDING: 0] [ENTRY PRICE: 4.6] [PRICE:None] [TRIGGER PRICE:None] [ORDER_TYPE_REGULAR] [ORDER_CODE_INTRADAY] [ORDER_VARIETY_MARKET] [ORDER_POSITION_EXIT] [STATUS:COMPLETE]
[BT] [2024-05-14 16:00:00,500] [INFO] [oms] Exiting OPEN POSITION (Order: [2024-05-14 09:30:00-04:00] [d1a6a891a84749f5adbc8b507e98e3f9] [SELL] [NASDAQ_FO:MSFT240524C00417500] [QTY:1] [QTY PENDING: 1] [ENTRY PRICE: 3.6] [PRICE:None] [TRIGGER PRICE:None] [ORDER_TYPE_REGULAR] [ORDER_CODE_INTRADAY] [ORDER_VARIETY_MARKET] [ORDER_POSITION_ENTER])... 
[BT] [2024-05-14 16:00:00,500] [INFO] [order] [PLACING NEW ORDER] [2024-05-14 16:00:00-04:00] [45def89b09a44633aee7b2a6b9a86094] [BUY] [NASDAQ_FO:MSFT240524C00417500] [QTY:1] [QTY PENDING: 1] [ENTRY PRICE: 4.6] [PRICE:None] [TRIGGER PRICE:None] [ORDER_TYPE_REGULAR] [ORDER_CODE_INTRADAY] [ORDER_VARIETY_MARKET] [ORDER_POSITION_EXIT]
[BT] [2024-05-14 16:00:00,500] [INFO] [order] [ORDER ID RECEIVED] [ABVIRTUALBROKER] [ID:45def89b09a44633aee7b2a6b9a86094] [BUY] [NASDAQ_FO:MSFT240524C00417500] [Order ID: (Order: [2024-05-14 16:00:00-04:00] [45def89b09a44633aee7b2a6b9a86094] [BUY] [NASDAQ_FO:MSFT240524C00417500] [QTY:1] [QTY PENDING: 0] [ENTRY PRICE: 4.6] [PRICE:None] [TRIGGER PRICE:None] [ORDER_TYPE_REGULAR] [ORDER_CODE_INTRADAY] [ORDER_VARIETY_MARKET] [ORDER_POSITION_EXIT])
Status History: PUT ORDER REQ RECEIVED --> VALIDATION PENDING --> OPEN PENDING --> OPEN --> COMPLETE)]
[BT] [2024-05-14 16:00:00,500] [INFO] [order] [NEW ORDER SUCCESS] [2024-05-14 16:00:00-04:00] [45def89b09a44633aee7b2a6b9a86094] [BUY] [NASDAQ_FO:MSFT240524C00417500] [QTY:1] [QTY PENDING: 0] [ENTRY PRICE: 4.6] [PRICE:None] [TRIGGER PRICE:None] [ORDER_TYPE_REGULAR] [ORDER_CODE_INTRADAY] [ORDER_VARIETY_MARKET] [ORDER_POSITION_EXIT] [STATUS:COMPLETE]
[BT] [2024-05-14 16:00:00,000] [INFO] [clock] Candle generation has been stopped...
[BT] [2024-05-14 16:00:00,000] [INFO] [tls] Received event END OF MARKET. Stopping AlgoBulls Trading Core Engine...
[BT] [2024-05-14 16:00:00,000] [INFO] [tls] Cancelling all open orders (if any)...
[BT] [2024-05-14 16:00:00,000] [INFO] [oms] 

PENDING ORDERS:


COMPLETED ORDERS:
[2024-05-14 09:30:00-04:00] [d2ac2ae3b2f24d4bbbd553f2e43c52bd] [BUY] [NASDAQ_FO:MSFT240524C00412500] [QTY:1] [QTY PENDING: 0] [ENTRY PRICE: 5.8] [PRICE:None] [TRIGGER PRICE:None] [ORDER_TYPE_REGULAR] [ORDER_CODE_INTRADAY] [ORDER_VARIETY_MARKET] [ORDER_POSITION_ENTER]
Status History: PUT ORDER REQ RECEIVED --> VALIDATION PENDING --> OPEN PENDING --> OPEN --> COMPLETE

[2024-05-14 09:30:00-04:00] [bb1fbd5902264897b538433fe904e909] [BUY] [NASDAQ_FO:MSFT240524C00417500] [QTY:1] [QTY PENDING: 0] [ENTRY PRICE: 3.6] [PRICE:None] [TRIGGER PRICE:None] [ORDER_TYPE_REGULAR] [ORDER_CODE_INTRADAY] [ORDER_VARIETY_MARKET] [ORDER_POSITION_ENTER]
Status History: PUT ORDER REQ RECEIVED --> VALIDATION PENDING --> OPEN PENDING --> OPEN --> COMPLETE

[2024-05-14 09:30:00-04:00] [d1a6a891a84749f5adbc8b507e98e3f9] [SELL] [NASDAQ_FO:MSFT240524C00417500] [QTY:1] [QTY PENDING: 0] [ENTRY PRICE: 3.6] [PRICE:None] [TRIGGER PRICE:None] [ORDER_TYPE_REGULAR] [ORDER_CODE_INTRADAY] [ORDER_VARIETY_MARKET] [ORDER_POSITION_ENTER]
Status History: PUT ORDER REQ RECEIVED --> VALIDATION PENDING --> OPEN PENDING --> OPEN --> COMPLETE

[2024-05-14 16:00:00-04:00] [25f80008bdb24cd081f24ff197b30618] [SELL] [NASDAQ_FO:MSFT240524C00412500] [QTY:1] [QTY PENDING: 0] [ENTRY PRICE: 7.4] [PRICE:None] [TRIGGER PRICE:None] [ORDER_TYPE_REGULAR] [ORDER_CODE_INTRADAY] [ORDER_VARIETY_MARKET] [ORDER_POSITION_EXIT]
Status History: PUT ORDER REQ RECEIVED --> VALIDATION PENDING --> OPEN PENDING --> OPEN --> COMPLETE

[2024-05-14 16:00:00-04:00] [2b02dc43fdc0408bbfcff77d5580cfce] [SELL] [NASDAQ_FO:MSFT240524C00417500] [QTY:1] [QTY PENDING: 0] [ENTRY PRICE: 4.6] [PRICE:None] [TRIGGER PRICE:None] [ORDER_TYPE_REGULAR] [ORDER_CODE_INTRADAY] [ORDER_VARIETY_MARKET] [ORDER_POSITION_EXIT]
Status History: PUT ORDER REQ RECEIVED --> VALIDATION PENDING --> OPEN PENDING --> OPEN --> COMPLETE

[2024-05-14 16:00:00-04:00] [45def89b09a44633aee7b2a6b9a86094] [BUY] [NASDAQ_FO:MSFT240524C00417500] [QTY:1] [QTY PENDING: 0] [ENTRY PRICE: 4.6] [PRICE:None] [TRIGGER PRICE:None] [ORDER_TYPE_REGULAR] [ORDER_CODE_INTRADAY] [ORDER_VARIETY_MARKET] [ORDER_POSITION_EXIT]
Status History: PUT ORDER REQ RECEIVED --> VALIDATION PENDING --> OPEN PENDING --> OPEN --> COMPLETE


POSITIONS:


HOLDINGS:




[BT] [2024-05-14 16:00:00,000] [INFO] [tls] [User: ALGOBULLS VIRTUAL USER] Trading session completed
