

+-----------------+---------------------------+----------------------------------+------+
| INST            | timestamp                 | ID                               | TT   |
|-----------------+---------------------------+----------------------------------+------|
| NSE_EQ:RELIANCE | 2023-01-02 10:15:00+05:30 | 74cf89542366406d9db5d4561b752891 | BUY  |
+-----------------+---------------------------+----------------------------------+------+
+----+---------------------------+------------------------+-------+
|    | TIMESTAMP                 | STATE                  | MSG   |
|----+---------------------------+------------------------+-------|
|  0 | 2023-01-02 10:15:00+05:30 | PUT ORDER REQ RECEIVED |       |
|  1 | 2023-01-02 10:15:00+05:30 | VALIDATION PENDING     |       |
|  2 | 2023-01-02 10:15:00+05:30 | OPEN PENDING           |       |
|  3 | 2023-01-02 10:15:00+05:30 | OPEN                   |       |
|  4 | 2023-01-02 10:15:00+05:30 | COMPLETE               |       |
+----+---------------------------+------------------------+-------+

+-----------------+---------------------------+----------------------------------+------+
| INST            | timestamp                 | ID                               | TT   |
|-----------------+---------------------------+----------------------------------+------|
| NSE_EQ:RELIANCE | 2023-01-03 09:15:00+05:30 | bdb02e7572b24a90b532b3c9d76a3fea | BUY  |
+-----------------+---------------------------+----------------------------------+------+
+----+---------------------------+------------------------+-------+
|    | TIMESTAMP                 | STATE                  | MSG   |
|----+---------------------------+------------------------+-------|
|  0 | 2023-01-03 09:15:00+05:30 | PUT ORDER REQ RECEIVED |       |
|  1 | 2023-01-03 09:15:00+05:30 | COMPLETE               |       |
+----+---------------------------+------------------------+-------+

+-----------------+---------------------------+----------------------------------+------+
| INST            | timestamp                 | ID                               | TT   |
|-----------------+---------------------------+----------------------------------+------|
| NSE_EQ:RELIANCE | 2023-01-03 12:15:00+05:30 | 247fb49d2a434840a5ef3a9156e511e5 | SELL |
+-----------------+---------------------------+----------------------------------+------+
+----+---------------------------+------------------------+-------+
|    | TIMESTAMP                 | STATE                  | MSG   |
|----+---------------------------+------------------------+-------|
|  0 | 2023-01-03 12:15:00+05:30 | PUT ORDER REQ RECEIVED |       |
|  1 | 2023-01-03 12:15:00+05:30 | VALIDATION PENDING     |       |
|  2 | 2023-01-03 12:15:00+05:30 | OPEN PENDING           |       |
|  3 | 2023-01-03 12:15:00+05:30 | OPEN                   |       |
|  4 | 2023-01-03 12:15:00+05:30 | COMPLETE               |       |
+----+---------------------------+------------------------+-------+

+-----------------+---------------------------+----------------------------------+------+
| INST            | timestamp                 | ID                               | TT   |
|-----------------+---------------------------+----------------------------------+------|
| NSE_EQ:RELIANCE | 2023-01-03 12:15:00+05:30 | 83580207257f44848e3297973c93de77 | SELL |
+-----------------+---------------------------+----------------------------------+------+
+----+---------------------------+------------------------+-------+
|    | TIMESTAMP                 | STATE                  | MSG   |
|----+---------------------------+------------------------+-------|
|  0 | 2023-01-03 12:15:00+05:30 | PUT ORDER REQ RECEIVED |       |
|  1 | 2023-01-03 12:15:00+05:30 | VALIDATION PENDING     |       |
|  2 | 2023-01-03 12:15:00+05:30 | REJECTED               |       |
+----+---------------------------+------------------------+-------+

+-----------------+---------------------------+----------------------------------+------+
| INST            | timestamp                 | ID                               | TT   |
|-----------------+---------------------------+----------------------------------+------|
| NSE_EQ:RELIANCE | 2023-01-05 10:15:00+05:30 | f8369dae80d5435eb782046d29c96845 | BUY  |
+-----------------+---------------------------+----------------------------------+------+
+----+---------------------------+------------------------+-------+
|    | TIMESTAMP                 | STATE                  | MSG   |
|----+---------------------------+------------------------+-------|
|  0 | 2023-01-05 10:15:00+05:30 | PUT ORDER REQ RECEIVED |       |
|  1 | 2023-01-05 10:15:00+05:30 | VALIDATION PENDING     |       |
|  2 | 2023-01-05 10:15:00+05:30 | OPEN PENDING           |       |
|  3 | 2023-01-05 10:15:00+05:30 | OPEN                   |       |
|  4 | 2023-01-05 10:15:00+05:30 | COMPLETE               |       |
+----+---------------------------+------------------------+-------+

+-----------------+---------------------------+----------------------------------+------+
| INST            | timestamp                 | ID                               | TT   |
|-----------------+---------------------------+----------------------------------+------|
| NSE_EQ:RELIANCE | 2023-01-05 11:15:00+05:30 | 9e9d6b83adfd4c988556cc93d316944b | SELL |
+-----------------+---------------------------+----------------------------------+------+
+----+---------------------------+------------------------+-------+
|    | TIMESTAMP                 | STATE                  | MSG   |
|----+---------------------------+------------------------+-------|
|  0 | 2023-01-05 11:15:00+05:30 | PUT ORDER REQ RECEIVED |       |
|  1 | 2023-01-05 11:15:00+05:30 | VALIDATION PENDING     |       |
|  2 | 2023-01-05 11:15:00+05:30 | OPEN PENDING           |       |
|  3 | 2023-01-05 11:15:00+05:30 | OPEN                   |       |
|  4 | 2023-01-05 11:15:00+05:30 | COMPLETE               |       |
+----+---------------------------+------------------------+-------+

+-----------------+---------------------------+----------------------------------+------+
| INST            | timestamp                 | ID                               | TT   |
|-----------------+---------------------------+----------------------------------+------|
| NSE_EQ:RELIANCE | 2023-01-05 11:15:00+05:30 | 1ae668b5404d4f4c814c914a9023501a | SELL |
+-----------------+---------------------------+----------------------------------+------+
+----+---------------------------+------------------------+-------+
|    | TIMESTAMP                 | STATE                  | MSG   |
|----+---------------------------+------------------------+-------|
|  0 | 2023-01-05 11:15:00+05:30 | PUT ORDER REQ RECEIVED |       |
|  1 | 2023-01-05 11:15:00+05:30 | VALIDATION PENDING     |       |
|  2 | 2023-01-05 11:15:00+05:30 | REJECTED               |       |
+----+---------------------------+------------------------+-------+

+-----------------+---------------------------+----------------------------------+------+
| INST            | timestamp                 | ID                               | TT   |
|-----------------+---------------------------+----------------------------------+------|
| NSE_EQ:RELIANCE | 2023-01-06 09:15:00+05:30 | ea93ee70ef2f4871918dbe488a1ac2ca | BUY  |
+-----------------+---------------------------+----------------------------------+------+
+----+---------------------------+------------------------+-------+
|    | TIMESTAMP                 | STATE                  | MSG   |
|----+---------------------------+------------------------+-------|
|  0 | 2023-01-06 09:15:00+05:30 | PUT ORDER REQ RECEIVED |       |
|  1 | 2023-01-06 09:15:00+05:30 | VALIDATION PENDING     |       |
|  2 | 2023-01-06 09:15:00+05:30 | OPEN PENDING           |       |
|  3 | 2023-01-06 09:15:00+05:30 | OPEN                   |       |
|  4 | 2023-01-06 09:15:00+05:30 | COMPLETE               |       |
+----+---------------------------+------------------------+-------+

+-----------------+---------------------------+----------------------------------+------+
| INST            | timestamp                 | ID                               | TT   |
|-----------------+---------------------------+----------------------------------+------|
| NSE_EQ:RELIANCE | 2023-01-06 10:15:00+05:30 | e9f2fe35bc6b4831a58c2f15aa8e1c42 | SELL |
+-----------------+---------------------------+----------------------------------+------+
+----+---------------------------+------------------------+-------+
|    | TIMESTAMP                 | STATE                  | MSG   |
|----+---------------------------+------------------------+-------|
|  0 | 2023-01-06 10:15:00+05:30 | PUT ORDER REQ RECEIVED |       |
|  1 | 2023-01-06 10:15:00+05:30 | VALIDATION PENDING     |       |
|  2 | 2023-01-06 10:15:00+05:30 | OPEN PENDING           |       |
|  3 | 2023-01-06 10:15:00+05:30 | OPEN                   |       |
|  4 | 2023-01-06 10:15:00+05:30 | COMPLETE               |       |
+----+---------------------------+------------------------+-------+

+-----------------+---------------------------+----------------------------------+------+
| INST            | timestamp                 | ID                               | TT   |
|-----------------+---------------------------+----------------------------------+------|
| NSE_EQ:RELIANCE | 2023-01-06 10:15:00+05:30 | b4f9d6cd5fbf47f3bab5e1576cf3e139 | SELL |
+-----------------+---------------------------+----------------------------------+------+
+----+---------------------------+------------------------+-------+
|    | TIMESTAMP                 | STATE                  | MSG   |
|----+---------------------------+------------------------+-------|
|  0 | 2023-01-06 10:15:00+05:30 | PUT ORDER REQ RECEIVED |       |
|  1 | 2023-01-06 10:15:00+05:30 | VALIDATION PENDING     |       |
|  2 | 2023-01-06 10:15:00+05:30 | REJECTED               |       |
+----+---------------------------+------------------------+-------+

+-----------------+---------------------------+----------------------------------+------+
| INST            | timestamp                 | ID                               | TT   |
|-----------------+---------------------------+----------------------------------+------|
| NSE_EQ:RELIANCE | 2023-01-10 10:15:00+05:30 | d0c5972152dc4d9782aa3716b75d841d | SELL |
+-----------------+---------------------------+----------------------------------+------+
+----+---------------------------+------------------------+-------+
|    | TIMESTAMP                 | STATE                  | MSG   |
|----+---------------------------+------------------------+-------|
|  0 | 2023-01-10 10:15:00+05:30 | PUT ORDER REQ RECEIVED |       |
|  1 | 2023-01-10 10:15:00+05:30 | VALIDATION PENDING     |       |
|  2 | 2023-01-10 10:15:00+05:30 | REJECTED               |       |
+----+---------------------------+------------------------+-------+

+-----------------+---------------------------+----------------------------------+------+
| INST            | timestamp                 | ID                               | TT   |
|-----------------+---------------------------+----------------------------------+------|
| NSE_EQ:RELIANCE | 2023-01-11 10:15:00+05:30 | 691c4f228ef34b80b13805e97f6a1ce9 | BUY  |
+-----------------+---------------------------+----------------------------------+------+
+----+---------------------------+------------------------+-------+
|    | TIMESTAMP                 | STATE                  | MSG   |
|----+---------------------------+------------------------+-------|
|  0 | 2023-01-11 10:15:00+05:30 | PUT ORDER REQ RECEIVED |       |
|  1 | 2023-01-11 10:15:00+05:30 | VALIDATION PENDING     |       |
|  2 | 2023-01-11 10:15:00+05:30 | OPEN PENDING           |       |
|  3 | 2023-01-11 10:15:00+05:30 | OPEN                   |       |
|  4 | 2023-01-11 10:15:00+05:30 | COMPLETE               |       |
+----+---------------------------+------------------------+-------+

+-----------------+---------------------------+----------------------------------+------+
| INST            | timestamp                 | ID                               | TT   |
|-----------------+---------------------------+----------------------------------+------|
| NSE_EQ:RELIANCE | 2023-01-11 11:15:00+05:30 | 80f9bfd2f90047d0bc0b00d1a59e178f | SELL |
+-----------------+---------------------------+----------------------------------+------+
+----+---------------------------+------------------------+-------+
|    | TIMESTAMP                 | STATE                  | MSG   |
|----+---------------------------+------------------------+-------|
|  0 | 2023-01-11 11:15:00+05:30 | PUT ORDER REQ RECEIVED |       |
|  1 | 2023-01-11 11:15:00+05:30 | VALIDATION PENDING     |       |
|  2 | 2023-01-11 11:15:00+05:30 | OPEN PENDING           |       |
|  3 | 2023-01-11 11:15:00+05:30 | OPEN                   |       |
|  4 | 2023-01-11 11:15:00+05:30 | COMPLETE               |       |
+----+---------------------------+------------------------+-------+

+-----------------+---------------------------+----------------------------------+------+
| INST            | timestamp                 | ID                               | TT   |
|-----------------+---------------------------+----------------------------------+------|
| NSE_EQ:RELIANCE | 2023-01-11 11:15:00+05:30 | 7bff3177dc9b4de99f7f93b97ef64c7c | SELL |
+-----------------+---------------------------+----------------------------------+------+
+----+---------------------------+------------------------+-------+
|    | TIMESTAMP                 | STATE                  | MSG   |
|----+---------------------------+------------------------+-------|
|  0 | 2023-01-11 11:15:00+05:30 | PUT ORDER REQ RECEIVED |       |
|  1 | 2023-01-11 11:15:00+05:30 | VALIDATION PENDING     |       |
|  2 | 2023-01-11 11:15:00+05:30 | REJECTED               |       |
+----+---------------------------+------------------------+-------+

+-----------------+---------------------------+----------------------------------+------+
| INST            | timestamp                 | ID                               | TT   |
|-----------------+---------------------------+----------------------------------+------|
| NSE_EQ:RELIANCE | 2023-01-13 11:15:00+05:30 | 4880cbbee9534a0ca6b0969481d825eb | BUY  |
+-----------------+---------------------------+----------------------------------+------+
+----+---------------------------+------------------------+-------+
|    | TIMESTAMP                 | STATE                  | MSG   |
|----+---------------------------+------------------------+-------|
|  0 | 2023-01-13 11:15:00+05:30 | PUT ORDER REQ RECEIVED |       |
|  1 | 2023-01-13 11:15:00+05:30 | VALIDATION PENDING     |       |
|  2 | 2023-01-13 11:15:00+05:30 | OPEN PENDING           |       |
|  3 | 2023-01-13 11:15:00+05:30 | OPEN                   |       |
|  4 | 2023-01-13 11:15:00+05:30 | COMPLETE               |       |
+----+---------------------------+------------------------+-------+

+-----------------+---------------------------+----------------------------------+------+
| INST            | timestamp                 | ID                               | TT   |
|-----------------+---------------------------+----------------------------------+------|
| NSE_EQ:RELIANCE | 2023-01-16 09:15:00+05:30 | 3eaa8843a41b4d5585f3762f0108c02b | BUY  |
+-----------------+---------------------------+----------------------------------+------+
+----+---------------------------+------------------------+-------+
|    | TIMESTAMP                 | STATE                  | MSG   |
|----+---------------------------+------------------------+-------|
|  0 | 2023-01-16 09:15:00+05:30 | PUT ORDER REQ RECEIVED |       |
|  1 | 2023-01-16 09:15:00+05:30 | COMPLETE               |       |
+----+---------------------------+------------------------+-------+

+-----------------+---------------------------+----------------------------------+------+
| INST            | timestamp                 | ID                               | TT   |
|-----------------+---------------------------+----------------------------------+------|
| NSE_EQ:RELIANCE | 2023-01-16 10:15:00+05:30 | 866c44e1391e4521aeca3e0072ae3ce3 | SELL |
+-----------------+---------------------------+----------------------------------+------+
+----+---------------------------+------------------------+-------+
|    | TIMESTAMP                 | STATE                  | MSG   |
|----+---------------------------+------------------------+-------|
|  0 | 2023-01-16 10:15:00+05:30 | PUT ORDER REQ RECEIVED |       |
|  1 | 2023-01-16 10:15:00+05:30 | VALIDATION PENDING     |       |
|  2 | 2023-01-16 10:15:00+05:30 | OPEN PENDING           |       |
|  3 | 2023-01-16 10:15:00+05:30 | OPEN                   |       |
|  4 | 2023-01-16 10:15:00+05:30 | COMPLETE               |       |
+----+---------------------------+------------------------+-------+

+-----------------+---------------------------+----------------------------------+------+
| INST            | timestamp                 | ID                               | TT   |
|-----------------+---------------------------+----------------------------------+------|
| NSE_EQ:RELIANCE | 2023-01-16 10:15:00+05:30 | 418487dd45ce4ecbb125b482bdeb4942 | SELL |
+-----------------+---------------------------+----------------------------------+------+
+----+---------------------------+------------------------+-------+
|    | TIMESTAMP                 | STATE                  | MSG   |
|----+---------------------------+------------------------+-------|
|  0 | 2023-01-16 10:15:00+05:30 | PUT ORDER REQ RECEIVED |       |
|  1 | 2023-01-16 10:15:00+05:30 | VALIDATION PENDING     |       |
|  2 | 2023-01-16 10:15:00+05:30 | REJECTED               |       |
+----+---------------------------+------------------------+-------+

+-----------------+---------------------------+----------------------------------+------+
| INST            | timestamp                 | ID                               | TT   |
|-----------------+---------------------------+----------------------------------+------|
| NSE_EQ:RELIANCE | 2023-01-17 10:15:00+05:30 | 5764bc62178b49bba675beb39b250916 | BUY  |
+-----------------+---------------------------+----------------------------------+------+
+----+---------------------------+------------------------+-------+
|    | TIMESTAMP                 | STATE                  | MSG   |
|----+---------------------------+------------------------+-------|
|  0 | 2023-01-17 10:15:00+05:30 | PUT ORDER REQ RECEIVED |       |
|  1 | 2023-01-17 10:15:00+05:30 | VALIDATION PENDING     |       |
|  2 | 2023-01-17 10:15:00+05:30 | OPEN PENDING           |       |
|  3 | 2023-01-17 10:15:00+05:30 | OPEN                   |       |
|  4 | 2023-01-17 10:15:00+05:30 | COMPLETE               |       |
+----+---------------------------+------------------------+-------+

+-----------------+---------------------------+----------------------------------+------+
| INST            | timestamp                 | ID                               | TT   |
|-----------------+---------------------------+----------------------------------+------|
| NSE_EQ:RELIANCE | 2023-01-17 11:15:00+05:30 | b0ece09d151f43799a563c9cc23ee7f4 | SELL |
+-----------------+---------------------------+----------------------------------+------+
+----+---------------------------+------------------------+-------+
|    | TIMESTAMP                 | STATE                  | MSG   |
|----+---------------------------+------------------------+-------|
|  0 | 2023-01-17 11:15:00+05:30 | PUT ORDER REQ RECEIVED |       |
|  1 | 2023-01-17 11:15:00+05:30 | VALIDATION PENDING     |       |
|  2 | 2023-01-17 11:15:00+05:30 | OPEN PENDING           |       |
|  3 | 2023-01-17 11:15:00+05:30 | OPEN                   |       |
|  4 | 2023-01-17 11:15:00+05:30 | COMPLETE               |       |
+----+---------------------------+------------------------+-------+

+-----------------+---------------------------+----------------------------------+------+
| INST            | timestamp                 | ID                               | TT   |
|-----------------+---------------------------+----------------------------------+------|
| NSE_EQ:RELIANCE | 2023-01-17 11:15:00+05:30 | 1e89ffe39802461d84b7bd1cab572717 | SELL |
+-----------------+---------------------------+----------------------------------+------+
+----+---------------------------+------------------------+-------+
|    | TIMESTAMP                 | STATE                  | MSG   |
|----+---------------------------+------------------------+-------|
|  0 | 2023-01-17 11:15:00+05:30 | PUT ORDER REQ RECEIVED |       |
|  1 | 2023-01-17 11:15:00+05:30 | VALIDATION PENDING     |       |
|  2 | 2023-01-17 11:15:00+05:30 | REJECTED               |       |
+----+---------------------------+------------------------+-------+

+-----------------+---------------------------+----------------------------------+------+
| INST            | timestamp                 | ID                               | TT   |
|-----------------+---------------------------+----------------------------------+------|
| NSE_EQ:RELIANCE | 2023-01-19 11:15:00+05:30 | f403150060304318952c4d30f0a6d025 | BUY  |
+-----------------+---------------------------+----------------------------------+------+
+----+---------------------------+------------------------+-------+
|    | TIMESTAMP                 | STATE                  | MSG   |
|----+---------------------------+------------------------+-------|
|  0 | 2023-01-19 11:15:00+05:30 | PUT ORDER REQ RECEIVED |       |
|  1 | 2023-01-19 11:15:00+05:30 | VALIDATION PENDING     |       |
|  2 | 2023-01-19 11:15:00+05:30 | OPEN PENDING           |       |
|  3 | 2023-01-19 11:15:00+05:30 | OPEN                   |       |
|  4 | 2023-01-19 11:15:00+05:30 | COMPLETE               |       |
+----+---------------------------+------------------------+-------+

+-----------------+---------------------------+----------------------------------+------+
| INST            | timestamp                 | ID                               | TT   |
|-----------------+---------------------------+----------------------------------+------|
| NSE_EQ:RELIANCE | 2023-01-20 09:15:00+05:30 | 1e882e8b0c494cbe8b5cbd962775d7dc | BUY  |
+-----------------+---------------------------+----------------------------------+------+
+----+---------------------------+------------------------+-------+
|    | TIMESTAMP                 | STATE                  | MSG   |
|----+---------------------------+------------------------+-------|
|  0 | 2023-01-20 09:15:00+05:30 | PUT ORDER REQ RECEIVED |       |
|  1 | 2023-01-20 09:15:00+05:30 | COMPLETE               |       |
+----+---------------------------+------------------------+-------+

+-----------------+---------------------------+----------------------------------+------+
| INST            | timestamp                 | ID                               | TT   |
|-----------------+---------------------------+----------------------------------+------|
| NSE_EQ:RELIANCE | 2023-01-20 12:15:00+05:30 | b14f5424253047918ee70acfd776a5c7 | SELL |
+-----------------+---------------------------+----------------------------------+------+
+----+---------------------------+------------------------+-------+
|    | TIMESTAMP                 | STATE                  | MSG   |
|----+---------------------------+------------------------+-------|
|  0 | 2023-01-20 12:15:00+05:30 | PUT ORDER REQ RECEIVED |       |
|  1 | 2023-01-20 12:15:00+05:30 | VALIDATION PENDING     |       |
|  2 | 2023-01-20 12:15:00+05:30 | OPEN PENDING           |       |
|  3 | 2023-01-20 12:15:00+05:30 | OPEN                   |       |
|  4 | 2023-01-20 12:15:00+05:30 | COMPLETE               |       |
+----+---------------------------+------------------------+-------+

+-----------------+---------------------------+----------------------------------+------+
| INST            | timestamp                 | ID                               | TT   |
|-----------------+---------------------------+----------------------------------+------|
| NSE_EQ:RELIANCE | 2023-01-20 12:15:00+05:30 | e4660f5b94654c71905928e00366e2a1 | BUY  |
+-----------------+---------------------------+----------------------------------+------+
+----+---------------------------+------------------------+-------+
|    | TIMESTAMP                 | STATE                  | MSG   |
|----+---------------------------+------------------------+-------|
|  0 | 2023-01-20 12:15:00+05:30 | PUT ORDER REQ RECEIVED |       |
|  1 | 2023-01-20 12:15:00+05:30 | VALIDATION PENDING     |       |
|  2 | 2023-01-20 12:15:00+05:30 | OPEN PENDING           |       |
|  3 | 2023-01-20 12:15:00+05:30 | OPEN                   |       |
|  4 | 2023-01-20 12:15:00+05:30 | COMPLETE               |       |
+----+---------------------------+------------------------+-------+

+-----------------+---------------------------+----------------------------------+------+
| INST            | timestamp                 | ID                               | TT   |
|-----------------+---------------------------+----------------------------------+------|
| NSE_EQ:RELIANCE | 2023-01-20 14:15:00+05:30 | 6fa3dfafd5a943e6ad0effbf79a7a811 | SELL |
+-----------------+---------------------------+----------------------------------+------+
+----+---------------------------+------------------------+-------+
|    | TIMESTAMP                 | STATE                  | MSG   |
|----+---------------------------+------------------------+-------|
|  0 | 2023-01-20 14:15:00+05:30 | PUT ORDER REQ RECEIVED |       |
|  1 | 2023-01-20 14:15:00+05:30 | VALIDATION PENDING     |       |
|  2 | 2023-01-20 14:15:00+05:30 | OPEN PENDING           |       |
|  3 | 2023-01-20 14:15:00+05:30 | OPEN                   |       |
|  4 | 2023-01-20 14:15:00+05:30 | COMPLETE               |       |
+----+---------------------------+------------------------+-------+

+-----------------+---------------------------+----------------------------------+------+
| INST            | timestamp                 | ID                               | TT   |
|-----------------+---------------------------+----------------------------------+------|
| NSE_EQ:RELIANCE | 2023-01-20 14:15:00+05:30 | 74e58f4ec344491592a4e24c1bc3eeec | SELL |
+-----------------+---------------------------+----------------------------------+------+
+----+---------------------------+------------------------+-------+
|    | TIMESTAMP                 | STATE                  | MSG   |
|----+---------------------------+------------------------+-------|
|  0 | 2023-01-20 14:15:00+05:30 | PUT ORDER REQ RECEIVED |       |
|  1 | 2023-01-20 14:15:00+05:30 | VALIDATION PENDING     |       |
|  2 | 2023-01-20 14:15:00+05:30 | REJECTED               |       |
+----+---------------------------+------------------------+-------+

+-----------------+---------------------------+----------------------------------+------+
| INST            | timestamp                 | ID                               | TT   |
|-----------------+---------------------------+----------------------------------+------|
| NSE_EQ:RELIANCE | 2023-01-23 10:15:00+05:30 | 8429faa634224eaa8400ce8da67b4b3b | BUY  |
+-----------------+---------------------------+----------------------------------+------+
+----+---------------------------+------------------------+-------+
|    | TIMESTAMP                 | STATE                  | MSG   |
|----+---------------------------+------------------------+-------|
|  0 | 2023-01-23 10:15:00+05:30 | PUT ORDER REQ RECEIVED |       |
|  1 | 2023-01-23 10:15:00+05:30 | VALIDATION PENDING     |       |
|  2 | 2023-01-23 10:15:00+05:30 | OPEN PENDING           |       |
|  3 | 2023-01-23 10:15:00+05:30 | OPEN                   |       |
|  4 | 2023-01-23 10:15:00+05:30 | COMPLETE               |       |
+----+---------------------------+------------------------+-------+

+-----------------+---------------------------+----------------------------------+------+
| INST            | timestamp                 | ID                               | TT   |
|-----------------+---------------------------+----------------------------------+------|
| NSE_EQ:RELIANCE | 2023-01-23 11:15:00+05:30 | 15669c0b6ea2409e9cee9a6fadb233af | SELL |
+-----------------+---------------------------+----------------------------------+------+
+----+---------------------------+------------------------+-------+
|    | TIMESTAMP                 | STATE                  | MSG   |
|----+---------------------------+------------------------+-------|
|  0 | 2023-01-23 11:15:00+05:30 | PUT ORDER REQ RECEIVED |       |
|  1 | 2023-01-23 11:15:00+05:30 | VALIDATION PENDING     |       |
|  2 | 2023-01-23 11:15:00+05:30 | OPEN PENDING           |       |
|  3 | 2023-01-23 11:15:00+05:30 | OPEN                   |       |
|  4 | 2023-01-23 11:15:00+05:30 | COMPLETE               |       |
+----+---------------------------+------------------------+-------+

+-----------------+---------------------------+----------------------------------+------+
| INST            | timestamp                 | ID                               | TT   |
|-----------------+---------------------------+----------------------------------+------|
| NSE_EQ:RELIANCE | 2023-01-23 11:15:00+05:30 | 3c79b5dbe642441289d4246ea4c19ee0 | SELL |
+-----------------+---------------------------+----------------------------------+------+
+----+---------------------------+------------------------+-------+
|    | TIMESTAMP                 | STATE                  | MSG   |
|----+---------------------------+------------------------+-------|
|  0 | 2023-01-23 11:15:00+05:30 | PUT ORDER REQ RECEIVED |       |
|  1 | 2023-01-23 11:15:00+05:30 | VALIDATION PENDING     |       |
|  2 | 2023-01-23 11:15:00+05:30 | REJECTED               |       |
+----+---------------------------+------------------------+-------+

+-----------------+---------------------------+----------------------------------+------+
| INST            | timestamp                 | ID                               | TT   |
|-----------------+---------------------------+----------------------------------+------|
| NSE_EQ:RELIANCE | 2023-01-24 11:15:00+05:30 | a0e1fed9ec3a4f54b2a7d1d3ff34ae93 | BUY  |
+-----------------+---------------------------+----------------------------------+------+
+----+---------------------------+------------------------+-------+
|    | TIMESTAMP                 | STATE                  | MSG   |
|----+---------------------------+------------------------+-------|
|  0 | 2023-01-24 11:15:00+05:30 | PUT ORDER REQ RECEIVED |       |
|  1 | 2023-01-24 11:15:00+05:30 | VALIDATION PENDING     |       |
|  2 | 2023-01-24 11:15:00+05:30 | OPEN PENDING           |       |
|  3 | 2023-01-24 11:15:00+05:30 | OPEN                   |       |
|  4 | 2023-01-24 11:15:00+05:30 | COMPLETE               |       |
+----+---------------------------+------------------------+-------+

+-----------------+---------------------------+----------------------------------+------+
| INST            | timestamp                 | ID                               | TT   |
|-----------------+---------------------------+----------------------------------+------|
| NSE_EQ:RELIANCE | 2023-01-24 14:15:00+05:30 | 2095552da41249d0af21498ab47812c9 | SELL |
+-----------------+---------------------------+----------------------------------+------+
+----+---------------------------+------------------------+-------+
|    | TIMESTAMP                 | STATE                  | MSG   |
|----+---------------------------+------------------------+-------|
|  0 | 2023-01-24 14:15:00+05:30 | PUT ORDER REQ RECEIVED |       |
|  1 | 2023-01-24 14:15:00+05:30 | VALIDATION PENDING     |       |
|  2 | 2023-01-24 14:15:00+05:30 | OPEN PENDING           |       |
|  3 | 2023-01-24 14:15:00+05:30 | OPEN                   |       |
|  4 | 2023-01-24 14:15:00+05:30 | COMPLETE               |       |
+----+---------------------------+------------------------+-------+

+-----------------+---------------------------+----------------------------------+------+
| INST            | timestamp                 | ID                               | TT   |
|-----------------+---------------------------+----------------------------------+------|
| NSE_EQ:RELIANCE | 2023-01-24 14:15:00+05:30 | ebdb54c252054368a043aca6c85f2727 | SELL |
+-----------------+---------------------------+----------------------------------+------+
+----+---------------------------+------------------------+-------+
|    | TIMESTAMP                 | STATE                  | MSG   |
|----+---------------------------+------------------------+-------|
|  0 | 2023-01-24 14:15:00+05:30 | PUT ORDER REQ RECEIVED |       |
|  1 | 2023-01-24 14:15:00+05:30 | VALIDATION PENDING     |       |
|  2 | 2023-01-24 14:15:00+05:30 | REJECTED               |       |
+----+---------------------------+------------------------+-------+

+-----------------+---------------------------+----------------------------------+------+
| INST            | timestamp                 | ID                               | TT   |
|-----------------+---------------------------+----------------------------------+------|
| NSE_EQ:RELIANCE | 2023-01-30 09:15:00+05:30 | 90e33f1243f043729684d4cc6983874f | SELL |
+-----------------+---------------------------+----------------------------------+------+
+----+---------------------------+------------------------+-------+
|    | TIMESTAMP                 | STATE                  | MSG   |
|----+---------------------------+------------------------+-------|
|  0 | 2023-01-30 09:15:00+05:30 | PUT ORDER REQ RECEIVED |       |
|  1 | 2023-01-30 09:15:00+05:30 | VALIDATION PENDING     |       |
|  2 | 2023-01-30 09:15:00+05:30 | REJECTED               |       |
+----+---------------------------+------------------------+-------+

+-----------------+---------------------------+----------------------------------+------+
| INST            | timestamp                 | ID                               | TT   |
|-----------------+---------------------------+----------------------------------+------|
| NSE_EQ:RELIANCE | 2023-01-31 10:15:00+05:30 | 7ed90b91b3f847f3b7bdd49f746af319 | SELL |
+-----------------+---------------------------+----------------------------------+------+
+----+---------------------------+------------------------+-------+
|    | TIMESTAMP                 | STATE                  | MSG   |
|----+---------------------------+------------------------+-------|
|  0 | 2023-01-31 10:15:00+05:30 | PUT ORDER REQ RECEIVED |       |
|  1 | 2023-01-31 10:15:00+05:30 | VALIDATION PENDING     |       |
|  2 | 2023-01-31 10:15:00+05:30 | REJECTED               |       |
+----+---------------------------+------------------------+-------+

+-----------------+---------------------------+----------------------------------+------+
| INST            | timestamp                 | ID                               | TT   |
|-----------------+---------------------------+----------------------------------+------|
| NSE_EQ:RELIANCE | 2023-02-01 10:15:00+05:30 | 8d64e8498d794f7c891caf1ad479e291 | SELL |
+-----------------+---------------------------+----------------------------------+------+
+----+---------------------------+------------------------+-------+
|    | TIMESTAMP                 | STATE                  | MSG   |
|----+---------------------------+------------------------+-------|
|  0 | 2023-02-01 10:15:00+05:30 | PUT ORDER REQ RECEIVED |       |
|  1 | 2023-02-01 10:15:00+05:30 | VALIDATION PENDING     |       |
|  2 | 2023-02-01 10:15:00+05:30 | REJECTED               |       |
+----+---------------------------+------------------------+-------+

+-----------------+---------------------------+----------------------------------+------+
| INST            | timestamp                 | ID                               | TT   |
|-----------------+---------------------------+----------------------------------+------|
| NSE_EQ:RELIANCE | 2023-02-02 10:15:00+05:30 | ca74c2543e454130b9068e0214a70267 | BUY  |
+-----------------+---------------------------+----------------------------------+------+
+----+---------------------------+------------------------+-------+
|    | TIMESTAMP                 | STATE                  | MSG   |
|----+---------------------------+------------------------+-------|
|  0 | 2023-02-02 10:15:00+05:30 | PUT ORDER REQ RECEIVED |       |
|  1 | 2023-02-02 10:15:00+05:30 | VALIDATION PENDING     |       |
|  2 | 2023-02-02 10:15:00+05:30 | OPEN PENDING           |       |
|  3 | 2023-02-02 10:15:00+05:30 | OPEN                   |       |
|  4 | 2023-02-02 10:15:00+05:30 | COMPLETE               |       |
+----+---------------------------+------------------------+-------+

+-----------------+---------------------------+----------------------------------+------+
| INST            | timestamp                 | ID                               | TT   |
|-----------------+---------------------------+----------------------------------+------|
| NSE_EQ:RELIANCE | 2023-02-02 11:15:00+05:30 | 65356cabd13a4c66bdcc33fe9b8512af | SELL |
+-----------------+---------------------------+----------------------------------+------+
+----+---------------------------+------------------------+-------+
|    | TIMESTAMP                 | STATE                  | MSG   |
|----+---------------------------+------------------------+-------|
|  0 | 2023-02-02 11:15:00+05:30 | PUT ORDER REQ RECEIVED |       |
|  1 | 2023-02-02 11:15:00+05:30 | VALIDATION PENDING     |       |
|  2 | 2023-02-02 11:15:00+05:30 | OPEN PENDING           |       |
|  3 | 2023-02-02 11:15:00+05:30 | OPEN                   |       |
|  4 | 2023-02-02 11:15:00+05:30 | COMPLETE               |       |
+----+---------------------------+------------------------+-------+

+-----------------+---------------------------+----------------------------------+------+
| INST            | timestamp                 | ID                               | TT   |
|-----------------+---------------------------+----------------------------------+------|
| NSE_EQ:RELIANCE | 2023-02-02 11:15:00+05:30 | 101bdf1e342d4cb6bdad8a25d6366fd0 | SELL |
+-----------------+---------------------------+----------------------------------+------+
+----+---------------------------+------------------------+-------+
|    | TIMESTAMP                 | STATE                  | MSG   |
|----+---------------------------+------------------------+-------|
|  0 | 2023-02-02 11:15:00+05:30 | PUT ORDER REQ RECEIVED |       |
|  1 | 2023-02-02 11:15:00+05:30 | VALIDATION PENDING     |       |
|  2 | 2023-02-02 11:15:00+05:30 | REJECTED               |       |
+----+---------------------------+------------------------+-------+

+-----------------+---------------------------+----------------------------------+------+
| INST            | timestamp                 | ID                               | TT   |
|-----------------+---------------------------+----------------------------------+------|
| NSE_EQ:RELIANCE | 2023-02-03 09:15:00+05:30 | 9e2a0dc975fa45d4bf85d50af315630a | SELL |
+-----------------+---------------------------+----------------------------------+------+
+----+---------------------------+------------------------+-------+
|    | TIMESTAMP                 | STATE                  | MSG   |
|----+---------------------------+------------------------+-------|
|  0 | 2023-02-03 09:15:00+05:30 | PUT ORDER REQ RECEIVED |       |
|  1 | 2023-02-03 09:15:00+05:30 | VALIDATION PENDING     |       |
|  2 | 2023-02-03 09:15:00+05:30 | REJECTED               |       |
+----+---------------------------+------------------------+-------+

+-----------------+---------------------------+----------------------------------+------+
| INST            | timestamp                 | ID                               | TT   |
|-----------------+---------------------------+----------------------------------+------|
| NSE_EQ:RELIANCE | 2023-02-06 10:15:00+05:30 | ea530f2c59e94a01b7ca06c4820dbcaf | SELL |
+-----------------+---------------------------+----------------------------------+------+
+----+---------------------------+------------------------+-------+
|    | TIMESTAMP                 | STATE                  | MSG   |
|----+---------------------------+------------------------+-------|
|  0 | 2023-02-06 10:15:00+05:30 | PUT ORDER REQ RECEIVED |       |
|  1 | 2023-02-06 10:15:00+05:30 | VALIDATION PENDING     |       |
|  2 | 2023-02-06 10:15:00+05:30 | REJECTED               |       |
+----+---------------------------+------------------------+-------+

+-----------------+---------------------------+----------------------------------+------+
| INST            | timestamp                 | ID                               | TT   |
|-----------------+---------------------------+----------------------------------+------|
| NSE_EQ:RELIANCE | 2023-02-07 09:15:00+05:30 | f3bf50a2c9a543dab8668f3e254557f9 | BUY  |
+-----------------+---------------------------+----------------------------------+------+
+----+---------------------------+------------------------+-------+
|    | TIMESTAMP                 | STATE                  | MSG   |
|----+---------------------------+------------------------+-------|
|  0 | 2023-02-07 09:15:00+05:30 | PUT ORDER REQ RECEIVED |       |
|  1 | 2023-02-07 09:15:00+05:30 | VALIDATION PENDING     |       |
|  2 | 2023-02-07 09:15:00+05:30 | OPEN PENDING           |       |
|  3 | 2023-02-07 09:15:00+05:30 | OPEN                   |       |
|  4 | 2023-02-07 09:15:00+05:30 | COMPLETE               |       |
+----+---------------------------+------------------------+-------+

+-----------------+---------------------------+----------------------------------+------+
| INST            | timestamp                 | ID                               | TT   |
|-----------------+---------------------------+----------------------------------+------|
| NSE_EQ:RELIANCE | 2023-02-07 11:15:00+05:30 | 9263cb32d9544464b20d996b422f515c | SELL |
+-----------------+---------------------------+----------------------------------+------+
+----+---------------------------+------------------------+-------+
|    | TIMESTAMP                 | STATE                  | MSG   |
|----+---------------------------+------------------------+-------|
|  0 | 2023-02-07 11:15:00+05:30 | PUT ORDER REQ RECEIVED |       |
|  1 | 2023-02-07 11:15:00+05:30 | VALIDATION PENDING     |       |
|  2 | 2023-02-07 11:15:00+05:30 | OPEN PENDING           |       |
|  3 | 2023-02-07 11:15:00+05:30 | OPEN                   |       |
|  4 | 2023-02-07 11:15:00+05:30 | COMPLETE               |       |
+----+---------------------------+------------------------+-------+

+-----------------+---------------------------+----------------------------------+------+
| INST            | timestamp                 | ID                               | TT   |
|-----------------+---------------------------+----------------------------------+------|
| NSE_EQ:RELIANCE | 2023-02-07 11:15:00+05:30 | 1eaf26bca76042dabeb98c6600964ea4 | SELL |
+-----------------+---------------------------+----------------------------------+------+
+----+---------------------------+------------------------+-------+
|    | TIMESTAMP                 | STATE                  | MSG   |
|----+---------------------------+------------------------+-------|
|  0 | 2023-02-07 11:15:00+05:30 | PUT ORDER REQ RECEIVED |       |
|  1 | 2023-02-07 11:15:00+05:30 | VALIDATION PENDING     |       |
|  2 | 2023-02-07 11:15:00+05:30 | REJECTED               |       |
+----+---------------------------+------------------------+-------+

+-----------------+---------------------------+----------------------------------+------+
| INST            | timestamp                 | ID                               | TT   |
|-----------------+---------------------------+----------------------------------+------|
| NSE_EQ:RELIANCE | 2023-02-08 10:15:00+05:30 | bd7e64bbc7af4f699b39f66add9c00ce | BUY  |
+-----------------+---------------------------+----------------------------------+------+
+----+---------------------------+------------------------+-------+
|    | TIMESTAMP                 | STATE                  | MSG   |
|----+---------------------------+------------------------+-------|
|  0 | 2023-02-08 10:15:00+05:30 | PUT ORDER REQ RECEIVED |       |
|  1 | 2023-02-08 10:15:00+05:30 | VALIDATION PENDING     |       |
|  2 | 2023-02-08 10:15:00+05:30 | OPEN PENDING           |       |
|  3 | 2023-02-08 10:15:00+05:30 | OPEN                   |       |
|  4 | 2023-02-08 10:15:00+05:30 | COMPLETE               |       |
+----+---------------------------+------------------------+-------+

+-----------------+---------------------------+----------------------------------+------+
| INST            | timestamp                 | ID                               | TT   |
|-----------------+---------------------------+----------------------------------+------|
| NSE_EQ:RELIANCE | 2023-02-09 09:15:00+05:30 | a965255d13ea47a5abe19caa3b3d149e | BUY  |
+-----------------+---------------------------+----------------------------------+------+
+----+---------------------------+------------------------+-------+
|    | TIMESTAMP                 | STATE                  | MSG   |
|----+---------------------------+------------------------+-------|
|  0 | 2023-02-09 09:15:00+05:30 | PUT ORDER REQ RECEIVED |       |
|  1 | 2023-02-09 09:15:00+05:30 | COMPLETE               |       |
+----+---------------------------+------------------------+-------+

+-----------------+---------------------------+----------------------------------+------+
| INST            | timestamp                 | ID                               | TT   |
|-----------------+---------------------------+----------------------------------+------|
| NSE_EQ:RELIANCE | 2023-02-09 12:15:00+05:30 | be4842ad66484520a0ac2f036629f699 | SELL |
+-----------------+---------------------------+----------------------------------+------+
+----+---------------------------+------------------------+-------+
|    | TIMESTAMP                 | STATE                  | MSG   |
|----+---------------------------+------------------------+-------|
|  0 | 2023-02-09 12:15:00+05:30 | PUT ORDER REQ RECEIVED |       |
|  1 | 2023-02-09 12:15:00+05:30 | VALIDATION PENDING     |       |
|  2 | 2023-02-09 12:15:00+05:30 | OPEN PENDING           |       |
|  3 | 2023-02-09 12:15:00+05:30 | OPEN                   |       |
|  4 | 2023-02-09 12:15:00+05:30 | COMPLETE               |       |
+----+---------------------------+------------------------+-------+

+-----------------+---------------------------+----------------------------------+------+
| INST            | timestamp                 | ID                               | TT   |
|-----------------+---------------------------+----------------------------------+------|
| NSE_EQ:RELIANCE | 2023-02-09 12:15:00+05:30 | dc9464f06950403a822aff4eab1eaf9b | SELL |
+-----------------+---------------------------+----------------------------------+------+
+----+---------------------------+------------------------+-------+
|    | TIMESTAMP                 | STATE                  | MSG   |
|----+---------------------------+------------------------+-------|
|  0 | 2023-02-09 12:15:00+05:30 | PUT ORDER REQ RECEIVED |       |
|  1 | 2023-02-09 12:15:00+05:30 | VALIDATION PENDING     |       |
|  2 | 2023-02-09 12:15:00+05:30 | REJECTED               |       |
+----+---------------------------+------------------------+-------+

+-----------------+---------------------------+----------------------------------+------+
| INST            | timestamp                 | ID                               | TT   |
|-----------------+---------------------------+----------------------------------+------|
| NSE_EQ:RELIANCE | 2023-02-10 09:15:00+05:30 | 9f5e5d3618dd4acc8cca82f8f384c22e | SELL |
+-----------------+---------------------------+----------------------------------+------+
+----+---------------------------+------------------------+-------+
|    | TIMESTAMP                 | STATE                  | MSG   |
|----+---------------------------+------------------------+-------|
|  0 | 2023-02-10 09:15:00+05:30 | PUT ORDER REQ RECEIVED |       |
|  1 | 2023-02-10 09:15:00+05:30 | VALIDATION PENDING     |       |
|  2 | 2023-02-10 09:15:00+05:30 | REJECTED               |       |
+----+---------------------------+------------------------+-------+

+-----------------+---------------------------+----------------------------------+------+
| INST            | timestamp                 | ID                               | TT   |
|-----------------+---------------------------+----------------------------------+------|
| NSE_EQ:RELIANCE | 2023-02-13 10:15:00+05:30 | 8ee34a675d1b4c48ba0169c2908a0430 | SELL |
+-----------------+---------------------------+----------------------------------+------+
+----+---------------------------+------------------------+-------+
|    | TIMESTAMP                 | STATE                  | MSG   |
|----+---------------------------+------------------------+-------|
|  0 | 2023-02-13 10:15:00+05:30 | PUT ORDER REQ RECEIVED |       |
|  1 | 2023-02-13 10:15:00+05:30 | VALIDATION PENDING     |       |
|  2 | 2023-02-13 10:15:00+05:30 | REJECTED               |       |
+----+---------------------------+------------------------+-------+

+-----------------+---------------------------+----------------------------------+------+
| INST            | timestamp                 | ID                               | TT   |
|-----------------+---------------------------+----------------------------------+------|
| NSE_EQ:RELIANCE | 2023-02-14 09:15:00+05:30 | 87b037c80a9d4a0594e7c2ca6e00b027 | BUY  |
+-----------------+---------------------------+----------------------------------+------+
+----+---------------------------+------------------------+-------+
|    | TIMESTAMP                 | STATE                  | MSG   |
|----+---------------------------+------------------------+-------|
|  0 | 2023-02-14 09:15:00+05:30 | PUT ORDER REQ RECEIVED |       |
|  1 | 2023-02-14 09:15:00+05:30 | VALIDATION PENDING     |       |
|  2 | 2023-02-14 09:15:00+05:30 | OPEN PENDING           |       |
|  3 | 2023-02-14 09:15:00+05:30 | OPEN                   |       |
|  4 | 2023-02-14 09:15:00+05:30 | COMPLETE               |       |
+----+---------------------------+------------------------+-------+

+-----------------+---------------------------+----------------------------------+------+
| INST            | timestamp                 | ID                               | TT   |
|-----------------+---------------------------+----------------------------------+------|
| NSE_EQ:RELIANCE | 2023-02-15 09:15:00+05:30 | 578e7069d4e94f808dad253e239e5d6a | BUY  |
+-----------------+---------------------------+----------------------------------+------+
+----+---------------------------+------------------------+-------+
|    | TIMESTAMP                 | STATE                  | MSG   |
|----+---------------------------+------------------------+-------|
|  0 | 2023-02-15 09:15:00+05:30 | PUT ORDER REQ RECEIVED |       |
|  1 | 2023-02-15 09:15:00+05:30 | COMPLETE               |       |
+----+---------------------------+------------------------+-------+

+-----------------+---------------------------+----------------------------------+------+
| INST            | timestamp                 | ID                               | TT   |
|-----------------+---------------------------+----------------------------------+------|
| NSE_EQ:RELIANCE | 2023-02-16 09:15:00+05:30 | 5ab38f610b1c4799903523a25f11863f | BUY  |
+-----------------+---------------------------+----------------------------------+------+
+----+---------------------------+------------------------+-------+
|    | TIMESTAMP                 | STATE                  | MSG   |
|----+---------------------------+------------------------+-------|
|  0 | 2023-02-16 09:15:00+05:30 | PUT ORDER REQ RECEIVED |       |
|  1 | 2023-02-16 09:15:00+05:30 | COMPLETE               |       |
+----+---------------------------+------------------------+-------+

+-----------------+---------------------------+----------------------------------+------+
| INST            | timestamp                 | ID                               | TT   |
|-----------------+---------------------------+----------------------------------+------|
| NSE_EQ:RELIANCE | 2023-02-16 11:15:00+05:30 | 4bb10843866a4cfa99617235c9e6ccdb | SELL |
+-----------------+---------------------------+----------------------------------+------+
+----+---------------------------+------------------------+-------+
|    | TIMESTAMP                 | STATE                  | MSG   |
|----+---------------------------+------------------------+-------|
|  0 | 2023-02-16 11:15:00+05:30 | PUT ORDER REQ RECEIVED |       |
|  1 | 2023-02-16 11:15:00+05:30 | VALIDATION PENDING     |       |
|  2 | 2023-02-16 11:15:00+05:30 | OPEN PENDING           |       |
|  3 | 2023-02-16 11:15:00+05:30 | OPEN                   |       |
|  4 | 2023-02-16 11:15:00+05:30 | COMPLETE               |       |
+----+---------------------------+------------------------+-------+

+-----------------+---------------------------+----------------------------------+------+
| INST            | timestamp                 | ID                               | TT   |
|-----------------+---------------------------+----------------------------------+------|
| NSE_EQ:RELIANCE | 2023-02-16 11:15:00+05:30 | 3e4a8b3b42e44ebcb19e5a7ba190b0fb | SELL |
+-----------------+---------------------------+----------------------------------+------+
+----+---------------------------+------------------------+-------+
|    | TIMESTAMP                 | STATE                  | MSG   |
|----+---------------------------+------------------------+-------|
|  0 | 2023-02-16 11:15:00+05:30 | PUT ORDER REQ RECEIVED |       |
|  1 | 2023-02-16 11:15:00+05:30 | VALIDATION PENDING     |       |
|  2 | 2023-02-16 11:15:00+05:30 | REJECTED               |       |
+----+---------------------------+------------------------+-------+

+-----------------+---------------------------+----------------------------------+------+
| INST            | timestamp                 | ID                               | TT   |
|-----------------+---------------------------+----------------------------------+------|
| NSE_EQ:RELIANCE | 2023-02-17 10:15:00+05:30 | 09aab3bbf65b48b4a077bab046a0a744 | BUY  |
+-----------------+---------------------------+----------------------------------+------+
+----+---------------------------+------------------------+-------+
|    | TIMESTAMP                 | STATE                  | MSG   |
|----+---------------------------+------------------------+-------|
|  0 | 2023-02-17 10:15:00+05:30 | PUT ORDER REQ RECEIVED |       |
|  1 | 2023-02-17 10:15:00+05:30 | VALIDATION PENDING     |       |
|  2 | 2023-02-17 10:15:00+05:30 | OPEN PENDING           |       |
|  3 | 2023-02-17 10:15:00+05:30 | OPEN                   |       |
|  4 | 2023-02-17 10:15:00+05:30 | COMPLETE               |       |
+----+---------------------------+------------------------+-------+

+-----------------+---------------------------+----------------------------------+------+
| INST            | timestamp                 | ID                               | TT   |
|-----------------+---------------------------+----------------------------------+------|
| NSE_EQ:RELIANCE | 2023-02-17 11:15:00+05:30 | 4ecf0467b9474f5da32bd4ab2293837b | SELL |
+-----------------+---------------------------+----------------------------------+------+
+----+---------------------------+------------------------+-------+
|    | TIMESTAMP                 | STATE                  | MSG   |
|----+---------------------------+------------------------+-------|
|  0 | 2023-02-17 11:15:00+05:30 | PUT ORDER REQ RECEIVED |       |
|  1 | 2023-02-17 11:15:00+05:30 | VALIDATION PENDING     |       |
|  2 | 2023-02-17 11:15:00+05:30 | OPEN PENDING           |       |
|  3 | 2023-02-17 11:15:00+05:30 | OPEN                   |       |
|  4 | 2023-02-17 11:15:00+05:30 | COMPLETE               |       |
+----+---------------------------+------------------------+-------+

+-----------------+---------------------------+----------------------------------+------+
| INST            | timestamp                 | ID                               | TT   |
|-----------------+---------------------------+----------------------------------+------|
| NSE_EQ:RELIANCE | 2023-02-17 11:15:00+05:30 | 3c2a5f0d96824389b6398e62387715c6 | SELL |
+-----------------+---------------------------+----------------------------------+------+
+----+---------------------------+------------------------+-------+
|    | TIMESTAMP                 | STATE                  | MSG   |
|----+---------------------------+------------------------+-------|
|  0 | 2023-02-17 11:15:00+05:30 | PUT ORDER REQ RECEIVED |       |
|  1 | 2023-02-17 11:15:00+05:30 | VALIDATION PENDING     |       |
|  2 | 2023-02-17 11:15:00+05:30 | REJECTED               |       |
+----+---------------------------+------------------------+-------+

+-----------------+---------------------------+----------------------------------+------+
| INST            | timestamp                 | ID                               | TT   |
|-----------------+---------------------------+----------------------------------+------|
| NSE_EQ:RELIANCE | 2023-02-20 10:15:00+05:30 | 4fbbb8451c93466ab9a23ecca167b1ca | SELL |
+-----------------+---------------------------+----------------------------------+------+
+----+---------------------------+------------------------+-------+
|    | TIMESTAMP                 | STATE                  | MSG   |
|----+---------------------------+------------------------+-------|
|  0 | 2023-02-20 10:15:00+05:30 | PUT ORDER REQ RECEIVED |       |
|  1 | 2023-02-20 10:15:00+05:30 | VALIDATION PENDING     |       |
|  2 | 2023-02-20 10:15:00+05:30 | REJECTED               |       |
+----+---------------------------+------------------------+-------+

+-----------------+---------------------------+----------------------------------+------+
| INST            | timestamp                 | ID                               | TT   |
|-----------------+---------------------------+----------------------------------+------|
| NSE_EQ:RELIANCE | 2023-02-21 11:15:00+05:30 | a5e668684d004d45985c6bc91b6f3672 | BUY  |
+-----------------+---------------------------+----------------------------------+------+
+----+---------------------------+------------------------+-------+
|    | TIMESTAMP                 | STATE                  | MSG   |
|----+---------------------------+------------------------+-------|
|  0 | 2023-02-21 11:15:00+05:30 | PUT ORDER REQ RECEIVED |       |
|  1 | 2023-02-21 11:15:00+05:30 | VALIDATION PENDING     |       |
|  2 | 2023-02-21 11:15:00+05:30 | OPEN PENDING           |       |
|  3 | 2023-02-21 11:15:00+05:30 | OPEN                   |       |
|  4 | 2023-02-21 11:15:00+05:30 | COMPLETE               |       |
+----+---------------------------+------------------------+-------+

+-----------------+---------------------------+----------------------------------+------+
| INST            | timestamp                 | ID                               | TT   |
|-----------------+---------------------------+----------------------------------+------|
| NSE_EQ:RELIANCE | 2023-02-21 12:15:00+05:30 | 22e8e2858ff34974b6ed2b06e1ff963f | SELL |
+-----------------+---------------------------+----------------------------------+------+
+----+---------------------------+------------------------+-------+
|    | TIMESTAMP                 | STATE                  | MSG   |
|----+---------------------------+------------------------+-------|
|  0 | 2023-02-21 12:15:00+05:30 | PUT ORDER REQ RECEIVED |       |
|  1 | 2023-02-21 12:15:00+05:30 | VALIDATION PENDING     |       |
|  2 | 2023-02-21 12:15:00+05:30 | OPEN PENDING           |       |
|  3 | 2023-02-21 12:15:00+05:30 | OPEN                   |       |
|  4 | 2023-02-21 12:15:00+05:30 | COMPLETE               |       |
+----+---------------------------+------------------------+-------+

+-----------------+---------------------------+----------------------------------+------+
| INST            | timestamp                 | ID                               | TT   |
|-----------------+---------------------------+----------------------------------+------|
| NSE_EQ:RELIANCE | 2023-02-21 12:15:00+05:30 | 64b17adba61f47a0a225d2039d910b6e | SELL |
+-----------------+---------------------------+----------------------------------+------+
+----+---------------------------+------------------------+-------+
|    | TIMESTAMP                 | STATE                  | MSG   |
|----+---------------------------+------------------------+-------|
|  0 | 2023-02-21 12:15:00+05:30 | PUT ORDER REQ RECEIVED |       |
|  1 | 2023-02-21 12:15:00+05:30 | VALIDATION PENDING     |       |
|  2 | 2023-02-21 12:15:00+05:30 | REJECTED               |       |
+----+---------------------------+------------------------+-------+

+-----------------+---------------------------+----------------------------------+------+
| INST            | timestamp                 | ID                               | TT   |
|-----------------+---------------------------+----------------------------------+------|
| NSE_EQ:RELIANCE | 2023-02-22 10:15:00+05:30 | 4f1abd4d240d481596e6ac7692202004 | SELL |
+-----------------+---------------------------+----------------------------------+------+
+----+---------------------------+------------------------+-------+
|    | TIMESTAMP                 | STATE                  | MSG   |
|----+---------------------------+------------------------+-------|
|  0 | 2023-02-22 10:15:00+05:30 | PUT ORDER REQ RECEIVED |       |
|  1 | 2023-02-22 10:15:00+05:30 | VALIDATION PENDING     |       |
|  2 | 2023-02-22 10:15:00+05:30 | REJECTED               |       |
+----+---------------------------+------------------------+-------+

+-----------------+---------------------------+----------------------------------+------+
| INST            | timestamp                 | ID                               | TT   |
|-----------------+---------------------------+----------------------------------+------|
| NSE_EQ:RELIANCE | 2023-02-23 10:15:00+05:30 | 910e1be5fc6d4596a1903120b4442b99 | BUY  |
+-----------------+---------------------------+----------------------------------+------+
+----+---------------------------+------------------------+-------+
|    | TIMESTAMP                 | STATE                  | MSG   |
|----+---------------------------+------------------------+-------|
|  0 | 2023-02-23 10:15:00+05:30 | PUT ORDER REQ RECEIVED |       |
|  1 | 2023-02-23 10:15:00+05:30 | VALIDATION PENDING     |       |
|  2 | 2023-02-23 10:15:00+05:30 | OPEN PENDING           |       |
|  3 | 2023-02-23 10:15:00+05:30 | OPEN                   |       |
|  4 | 2023-02-23 10:15:00+05:30 | COMPLETE               |       |
+----+---------------------------+------------------------+-------+

+-----------------+---------------------------+----------------------------------+------+
| INST            | timestamp                 | ID                               | TT   |
|-----------------+---------------------------+----------------------------------+------|
| NSE_EQ:RELIANCE | 2023-02-24 09:15:00+05:30 | ab8daa683058475c997f9066949f3f7c | BUY  |
+-----------------+---------------------------+----------------------------------+------+
+----+---------------------------+------------------------+-------+
|    | TIMESTAMP                 | STATE                  | MSG   |
|----+---------------------------+------------------------+-------|
|  0 | 2023-02-24 09:15:00+05:30 | PUT ORDER REQ RECEIVED |       |
|  1 | 2023-02-24 09:15:00+05:30 | COMPLETE               |       |
+----+---------------------------+------------------------+-------+

+-----------------+---------------------------+----------------------------------+------+
| INST            | timestamp                 | ID                               | TT   |
|-----------------+---------------------------+----------------------------------+------|
| NSE_EQ:RELIANCE | 2023-02-24 10:15:00+05:30 | df3ff781e8f6449b9d22e1675c593fa7 | SELL |
+-----------------+---------------------------+----------------------------------+------+
+----+---------------------------+------------------------+-------+
|    | TIMESTAMP                 | STATE                  | MSG   |
|----+---------------------------+------------------------+-------|
|  0 | 2023-02-24 10:15:00+05:30 | PUT ORDER REQ RECEIVED |       |
|  1 | 2023-02-24 10:15:00+05:30 | VALIDATION PENDING     |       |
|  2 | 2023-02-24 10:15:00+05:30 | OPEN PENDING           |       |
|  3 | 2023-02-24 10:15:00+05:30 | OPEN                   |       |
|  4 | 2023-02-24 10:15:00+05:30 | COMPLETE               |       |
+----+---------------------------+------------------------+-------+

+-----------------+---------------------------+----------------------------------+------+
| INST            | timestamp                 | ID                               | TT   |
|-----------------+---------------------------+----------------------------------+------|
| NSE_EQ:RELIANCE | 2023-02-24 10:15:00+05:30 | 79b1c50d4d914fa2898a6833f06513fd | BUY  |
+-----------------+---------------------------+----------------------------------+------+
+----+---------------------------+------------------------+-------+
|    | TIMESTAMP                 | STATE                  | MSG   |
|----+---------------------------+------------------------+-------|
|  0 | 2023-02-24 10:15:00+05:30 | PUT ORDER REQ RECEIVED |       |
|  1 | 2023-02-24 10:15:00+05:30 | VALIDATION PENDING     |       |
|  2 | 2023-02-24 10:15:00+05:30 | OPEN PENDING           |       |
|  3 | 2023-02-24 10:15:00+05:30 | OPEN                   |       |
|  4 | 2023-02-24 10:15:00+05:30 | COMPLETE               |       |
+----+---------------------------+------------------------+-------+

+-----------------+---------------------------+----------------------------------+------+
| INST            | timestamp                 | ID                               | TT   |
|-----------------+---------------------------+----------------------------------+------|
| NSE_EQ:RELIANCE | 2023-02-24 12:15:00+05:30 | 08f44bce6ec140b9826ae7bd432b18e8 | SELL |
+-----------------+---------------------------+----------------------------------+------+
+----+---------------------------+------------------------+-------+
|    | TIMESTAMP                 | STATE                  | MSG   |
|----+---------------------------+------------------------+-------|
|  0 | 2023-02-24 12:15:00+05:30 | PUT ORDER REQ RECEIVED |       |
|  1 | 2023-02-24 12:15:00+05:30 | VALIDATION PENDING     |       |
|  2 | 2023-02-24 12:15:00+05:30 | OPEN PENDING           |       |
|  3 | 2023-02-24 12:15:00+05:30 | OPEN                   |       |
|  4 | 2023-02-24 12:15:00+05:30 | COMPLETE               |       |
+----+---------------------------+------------------------+-------+

+-----------------+---------------------------+----------------------------------+------+
| INST            | timestamp                 | ID                               | TT   |
|-----------------+---------------------------+----------------------------------+------|
| NSE_EQ:RELIANCE | 2023-02-24 12:15:00+05:30 | 4b8eb1580bb442f99636dae54aaabfb6 | SELL |
+-----------------+---------------------------+----------------------------------+------+
+----+---------------------------+------------------------+-------+
|    | TIMESTAMP                 | STATE                  | MSG   |
|----+---------------------------+------------------------+-------|
|  0 | 2023-02-24 12:15:00+05:30 | PUT ORDER REQ RECEIVED |       |
|  1 | 2023-02-24 12:15:00+05:30 | VALIDATION PENDING     |       |
|  2 | 2023-02-24 12:15:00+05:30 | REJECTED               |       |
+----+---------------------------+------------------------+-------+

+-----------------+---------------------------+----------------------------------+------+
| INST            | timestamp                 | ID                               | TT   |
|-----------------+---------------------------+----------------------------------+------|
| NSE_EQ:RELIANCE | 2023-02-27 10:15:00+05:30 | 26a21d7b8a954af79821256cfb7e94a4 | SELL |
+-----------------+---------------------------+----------------------------------+------+
+----+---------------------------+------------------------+-------+
|    | TIMESTAMP                 | STATE                  | MSG   |
|----+---------------------------+------------------------+-------|
|  0 | 2023-02-27 10:15:00+05:30 | PUT ORDER REQ RECEIVED |       |
|  1 | 2023-02-27 10:15:00+05:30 | VALIDATION PENDING     |       |
|  2 | 2023-02-27 10:15:00+05:30 | REJECTED               |       |
+----+---------------------------+------------------------+-------+

+-----------------+---------------------------+----------------------------------+------+
| INST            | timestamp                 | ID                               | TT   |
|-----------------+---------------------------+----------------------------------+------|
| NSE_EQ:RELIANCE | 2023-02-28 10:15:00+05:30 | 84d759ef1fc0410fb777532bcbb8d6d8 | SELL |
+-----------------+---------------------------+----------------------------------+------+
+----+---------------------------+------------------------+-------+
|    | TIMESTAMP                 | STATE                  | MSG   |
|----+---------------------------+------------------------+-------|
|  0 | 2023-02-28 10:15:00+05:30 | PUT ORDER REQ RECEIVED |       |
|  1 | 2023-02-28 10:15:00+05:30 | VALIDATION PENDING     |       |
|  2 | 2023-02-28 10:15:00+05:30 | REJECTED               |       |
+----+---------------------------+------------------------+-------+