

+-------------------------------+---------------------------+----------------------------------+------+
| INST                          | timestamp                 | ID                               | TT   |
|-------------------------------+---------------------------+----------------------------------+------|
| NASDAQ_FO:MSFT240524C00412500 | 2024-05-14 09:30:00-04:00 | bcd36c35ada44517bc0740d4e5c676d9 | BUY  |
+-------------------------------+---------------------------+----------------------------------+------+
+----+----------------------------------+------------------------+-------+
|    | TIMESTAMP                        | STATE                  | MSG   |
|----+----------------------------------+------------------------+-------|
|  0 | 2024-05-14 09:30:00.500000-04:00 | PUT ORDER REQ RECEIVED |       |
|  1 | 2024-05-14 09:30:00.500000-04:00 | VALIDATION PENDING     |       |
|  2 | 2024-05-14 09:30:00.500000-04:00 | OPEN PENDING           |       |
|  3 | 2024-05-14 09:30:00.500000-04:00 | OPEN                   |       |
|  4 | 2024-05-14 09:30:00.500000-04:00 | COMPLETE               |       |
+----+----------------------------------+------------------------+-------+

+-------------------------------+---------------------------+----------------------------------+------+
| INST                          | timestamp                 | ID                               | TT   |
|-------------------------------+---------------------------+----------------------------------+------|
| NASDAQ_FO:MSFT240524C00417500 | 2024-05-14 09:30:00-04:00 | dfcfef836c464b578e93dd0833e9dbb9 | BUY  |
+-------------------------------+---------------------------+----------------------------------+------+
+----+----------------------------------+------------------------+-------+
|    | TIMESTAMP                        | STATE                  | MSG   |
|----+----------------------------------+------------------------+-------|
|  0 | 2024-05-14 09:30:00.500000-04:00 | PUT ORDER REQ RECEIVED |       |
|  1 | 2024-05-14 09:30:00.500000-04:00 | VALIDATION PENDING     |       |
|  2 | 2024-05-14 09:30:00.500000-04:00 | OPEN PENDING           |       |
|  3 | 2024-05-14 09:30:00.500000-04:00 | OPEN                   |       |
|  4 | 2024-05-14 09:30:00.500000-04:00 | COMPLETE               |       |
+----+----------------------------------+------------------------+-------+

+-------------------------------+---------------------------+----------------------------------+------+
| INST                          | timestamp                 | ID                               | TT   |
|-------------------------------+---------------------------+----------------------------------+------|
| NASDAQ_FO:MSFT240524C00417500 | 2024-05-14 09:30:00-04:00 | 8ea8f22c49fc4c0681fcb03d291c9cb0 | SELL |
+-------------------------------+---------------------------+----------------------------------+------+
+----+----------------------------------+------------------------+-------+
|    | TIMESTAMP                        | STATE                  | MSG   |
|----+----------------------------------+------------------------+-------|
|  0 | 2024-05-14 09:30:00.500000-04:00 | PUT ORDER REQ RECEIVED |       |
|  1 | 2024-05-14 09:30:00.500000-04:00 | VALIDATION PENDING     |       |
|  2 | 2024-05-14 09:30:00.500000-04:00 | OPEN PENDING           |       |
|  3 | 2024-05-14 09:30:00.500000-04:00 | OPEN                   |       |
|  4 | 2024-05-14 09:30:00.500000-04:00 | COMPLETE               |       |
+----+----------------------------------+------------------------+-------+

+-------------------------------+---------------------------+----------------------------------+------+
| INST                          | timestamp                 | ID                               | TT   |
|-------------------------------+---------------------------+----------------------------------+------|
| NASDAQ_FO:MSFT240524C00412500 | 2024-05-14 16:00:00-04:00 | 8a4b86825589451baa32bebc6a3609d4 | SELL |
+-------------------------------+---------------------------+----------------------------------+------+
+----+----------------------------------+------------------------+-------+
|    | TIMESTAMP                        | STATE                  | MSG   |
|----+----------------------------------+------------------------+-------|
|  0 | 2024-05-14 16:00:00.500000-04:00 | PUT ORDER REQ RECEIVED |       |
|  1 | 2024-05-14 16:00:00.500000-04:00 | VALIDATION PENDING     |       |
|  2 | 2024-05-14 16:00:00.500000-04:00 | OPEN PENDING           |       |
|  3 | 2024-05-14 16:00:00.500000-04:00 | OPEN                   |       |
|  4 | 2024-05-14 16:00:00.500000-04:00 | COMPLETE               |       |
+----+----------------------------------+------------------------+-------+

+-------------------------------+---------------------------+----------------------------------+------+
| INST                          | timestamp                 | ID                               | TT   |
|-------------------------------+---------------------------+----------------------------------+------|
| NASDAQ_FO:MSFT240524C00417500 | 2024-05-14 16:00:00-04:00 | abece77f66704952a96abf39f3da7a80 | SELL |
+-------------------------------+---------------------------+----------------------------------+------+
+----+----------------------------------+------------------------+-------+
|    | TIMESTAMP                        | STATE                  | MSG   |
|----+----------------------------------+------------------------+-------|
|  0 | 2024-05-14 16:00:00.500000-04:00 | PUT ORDER REQ RECEIVED |       |
|  1 | 2024-05-14 16:00:00.500000-04:00 | VALIDATION PENDING     |       |
|  2 | 2024-05-14 16:00:00.500000-04:00 | OPEN PENDING           |       |
|  3 | 2024-05-14 16:00:00.500000-04:00 | OPEN                   |       |
|  4 | 2024-05-14 16:00:00.500000-04:00 | COMPLETE               |       |
+----+----------------------------------+------------------------+-------+

+-------------------------------+---------------------------+----------------------------------+------+
| INST                          | timestamp                 | ID                               | TT   |
|-------------------------------+---------------------------+----------------------------------+------|
| NASDAQ_FO:MSFT240524C00417500 | 2024-05-14 16:00:00-04:00 | 447bb558d4184f7b83f8455d56fe6fa4 | BUY  |
+-------------------------------+---------------------------+----------------------------------+------+
+----+----------------------------------+------------------------+-------+
|    | TIMESTAMP                        | STATE                  | MSG   |
|----+----------------------------------+------------------------+-------|
|  0 | 2024-05-14 16:00:00.500000-04:00 | PUT ORDER REQ RECEIVED |       |
|  1 | 2024-05-14 16:00:00.500000-04:00 | VALIDATION PENDING     |       |
|  2 | 2024-05-14 16:00:00.500000-04:00 | OPEN PENDING           |       |
|  3 | 2024-05-14 16:00:00.500000-04:00 | OPEN                   |       |
|  4 | 2024-05-14 16:00:00.500000-04:00 | COMPLETE               |       |
+----+----------------------------------+------------------------+-------+