[2024-05-21 19:59:28] Performing sanity checks on cfg strategy_parameters, setting up required data structures...
[2024-05-21 19:59:28] Sanity checks on cfg successful.
[2024-05-21 19:59:28] Currency set to "USD"
[2024-05-21 19:59:28] Setting up broker connection...
[2024-05-21 19:59:29] Starting ALPACAV2 in PAPER mode...
[2024-05-21 19:59:29] Broker connection has been setup successfully.
[2024-05-21 19:59:29] (NASDAQ_EQ) Funds available in client's ABVIRTUALBROKER account is : USD '1000000000.00'
[2024-05-21 19:59:29] 
########################################
 INITIALIZING ALGOBULLS CORE (v3.3.0 SECURE MODE)... 
########################################
[2024-05-21 19:59:29] Welcome ALGOBULLS VIRTUAL USER!
[2024-05-21 19:59:29] Reading strategy...
[2024-05-21 19:59:29] Entering Backtesting mode. Henceforth, all timestamps will be Backtesting timestamps...
[BT] [2024-05-14 09:30:00,000] [INFO] [tls] STARTING ALGOBULLS CORE...
[BT] [2024-05-14 09:30:00,000] [INFO] [tls] 
  #####  #######    #    ######  ####### ### #     #  #####     
 #     #    #      # #   #     #    #     #  ##    # #     #    
 #          #     #   #  #     #    #     #  # #   # #          
  #####     #    #     # ######     #     #  #  #  # #  ####    
       #    #    ####### #   #      #     #  #   # # #     #    
 #     #    #    #     # #    #     #     #  #    ## #     #    
  #####     #    #     # #     #    #    ### #     #  #####     

    #    #        #####  ####### ######  #     # #       #        #####    
   # #   #       #     # #     # #     # #     # #       #       #     #   
  #   #  #       #       #     # #     # #     # #       #       #         
 #     # #       #  #### #     # ######  #     # #       #        #####    
 ####### #       #     # #     # #     # #     # #       #             #   
 #     # #       #     # #     # #     # #     # #       #       #     #   
 #     # #######  #####  ####### ######   #####  ####### #######  #####    

  #####  ####### ######  #######
 #     # #     # #     # #
 #       #     # #     # #
 #       #     # ######  #####
 #       #     # #   #   #
 #     # #     # #    #  #
  #####  ####### #     # ####### 

[BT] [2024-05-14 09:30:00,000] [INFO] [tls] --------------------Master Cfg Parameters:--------------------
[BT] [2024-05-14 09:30:00,000] [INFO] [tls] User: ALGOBULLS VIRTUAL USER
[BT] [2024-05-14 09:30:00,000] [INFO] [tls] Broker: ABVIRTUALBROKER
[BT] [2024-05-14 09:30:00,000] [INFO] [tls] AUTO_ADD_INSTRUMENTS_BUCKET_FROM_POSITIONS: False
[BT] [2024-05-14 09:30:00,000] [INFO] [tls] AUTO_ADD_INSTRUMENTS_BUCKET_FROM_HOLDINGS_TPLUS1: False
[BT] [2024-05-14 09:30:00,000] [INFO] [tls] AUTO_ADD_INSTRUMENTS_BUCKET_FROM_HOLDINGS_TPLUS2: False
[BT] [2024-05-14 09:30:00,000] [INFO] [tls] RESUME_POSITIONS_ON_START: False
[BT] [2024-05-14 09:30:00,000] [INFO] [tls] RESUME_HOLDINGS_TPLUS1_ON_START: False
[BT] [2024-05-14 09:30:00,000] [INFO] [tls] RESUME_HOLDINGS_TPLUS2_ON_START: False
[BT] [2024-05-14 09:30:00,000] [INFO] [tls] EXIT_INTRADAY_ORDERS_ON_STOP: True
[BT] [2024-05-14 09:30:00,000] [INFO] [tls] EXIT_TPLUS0_DELIVERY_ORDERS_ON_STOP: False
[BT] [2024-05-14 09:30:00,000] [INFO] [tls] EXIT_TPLUS1_DELIVERY_ORDERS_ON_STOP: False
[BT] [2024-05-14 09:30:00,000] [INFO] [tls] EXIT_TPLUS2_DELIVERY_ORDERS_ON_STOP: False
[BT] [2024-05-14 09:30:00,000] [INFO] [tls] --------------------User Cfg Parameters: System Parameters--------------------
[BT] [2024-05-14 09:30:00,000] [INFO] [tls] Trading type: BACKTESTING
[BT] [2024-05-14 09:30:00,000] [INFO] [tls] User trading start time: 2024-05-14 09:30:00-04:00
[BT] [2024-05-14 09:30:00,000] [INFO] [tls] User trading end time: 2024-05-14 16:00:00-04:00
[BT] [2024-05-14 09:30:00,000] [INFO] [tls] --------------------User Cfg Parameters: Funds Parameters--------------------
[BT] [2024-05-14 09:30:00,000] [INFO] [tls] Credit Exposure: 1
[BT] [2024-05-14 09:30:00,000] [INFO] [tls] --------------------User Cfg Parameters: Candle Parameters--------------------
[BT] [2024-05-14 09:30:00,000] [INFO] [tls] Candle interval (sec): 3600
[BT] [2024-05-14 09:30:00,000] [INFO] [tls] --------------------User Cfg Parameters: Strategy Parameters--------------------
[BT] [2024-05-14 09:30:00,000] [INFO] [tls] Strategy: Options Bull Call Ladder
[BT] [2024-05-14 09:30:00,000] [INFO] [tls] Parameters: {'FLAG_FETCH_INSTRUMENTS_FOR_EXPIRY_MONTHLY_CURRENT': 0.0, 'FLAG_FETCH_INSTRUMENTS_FOR_EXPIRY_MONTHLY_NEXT': 0.0, 'FLAG_FETCH_INSTRUMENTS_FOR_EXPIRY_WEEKLY_CURRENT': 1.0, 'FLAG_FETCH_INSTRUMENTS_FOR_EXPIRY_WEEKLY_NEXT': 0.0, 'LEG_ONE_NUMBER_OF_STRIKES': 0.0, 'LEG_ONE_STRIKE_DIRECTION': 1.0, 'LEG_ONE_TRADING_SYMBOL_SUFFIX': 1.0, 'LEG_ONE_TRANSACTION_TYPE': 1.0, 'LEG_THREE_NUMBER_OF_STRIKES': 4.0, 'LEG_THREE_STRIKE_DIRECTION': 2.0, 'LEG_THREE_TRADING_SYMBOL_SUFFIX': 1.0, 'LEG_THREE_TRANSACTION_TYPE': 2.0, 'LEG_TWO_NUMBER_OF_STRIKES': 2.0, 'LEG_TWO_STRIKE_DIRECTION': 2.0, 'LEG_TWO_TRADING_SYMBOL_SUFFIX': 1.0, 'LEG_TWO_TRANSACTION_TYPE': 1.0}
[BT] [2024-05-14 09:30:00,000] [INFO] [tls] Strategy Mode: INTRADAY
[BT] [2024-05-14 09:30:00,000] [INFO] [tls] Instruments Bucket: instruments_bucket | [NASDAQ_EQ:MSFT]
[BT] [2024-05-14 09:30:00,000] [INFO] [tls] Number of Lots: 1
[BT] [2024-05-14 09:30:00,000] [INFO] [tls] --------------------User Cfg Parameters: Risk Management Parameters--------------------
[BT] [2024-05-14 09:30:00,000] [INFO] [tls] Desired profit: None
[BT] [2024-05-14 09:30:00,000] [INFO] [tls] Risk Appetite: None
[BT] [2024-05-14 09:30:00,000] [INFO] [tls] PnL scan frequency (in sec): 30
[BT] [2024-05-14 09:30:00,000] [INFO] [tls] --------------------User Cfg Parameters: Other Parameters--------------------
[BT] [2024-05-14 09:30:00,000] [INFO] [tls] Max orders count: 100
[BT] [2024-05-14 09:30:00,000] [INFO] [tls] Crossover accuracy decimals: 2
[BT] [2024-05-14 09:30:00,000] [INFO] [tls] ------------------------------------------------------------
[BT] [2024-05-14 09:30:00,000] [INFO] [utils] Instrument (NASDAQ_EQ:MSFT) subscribed to historical data successfully
[BT] [2024-05-14 09:30:00,000] [INFO] [utils] 1 Instruments subscribed to historical data successfully
[BT] [2024-05-14 09:30:00,000] [INFO] [utils] Prefetching historical data for 1 instruments...
[BT] [2024-05-14 09:30:00,000] [INFO] [strategy] 
####################
Strategy Parameters:
StrategyParameters([('FLAG_FETCH_INSTRUMENTS_FOR_EXPIRY_MONTHLY_CURRENT', 0),
                    ('FLAG_FETCH_INSTRUMENTS_FOR_EXPIRY_MONTHLY_NEXT', 0),
                    ('FLAG_FETCH_INSTRUMENTS_FOR_EXPIRY_WEEKLY_CURRENT', 1),
                    ('FLAG_FETCH_INSTRUMENTS_FOR_EXPIRY_WEEKLY_NEXT', 0),
                    ('LEG_ONE_NUMBER_OF_STRIKES', 0),
                    ('LEG_ONE_STRIKE_DIRECTION', 1),
                    ('LEG_ONE_TRADING_SYMBOL_SUFFIX', 1),
                    ('LEG_ONE_TRANSACTION_TYPE', 1),
                    ('LEG_THREE_NUMBER_OF_STRIKES', 4),
                    ('LEG_THREE_STRIKE_DIRECTION', 2),
                    ('LEG_THREE_TRADING_SYMBOL_SUFFIX', 1),
                    ('LEG_THREE_TRANSACTION_TYPE', 2),
                    ('LEG_TWO_NUMBER_OF_STRIKES', 2),
                    ('LEG_TWO_STRIKE_DIRECTION', 2),
                    ('LEG_TWO_TRADING_SYMBOL_SUFFIX', 1),
                    ('LEG_TWO_TRANSACTION_TYPE', 1)])
####################
[BT] [2024-05-14 09:30:00,000] [INFO] [tls] Not launching PNL tracker...
[BT] [2024-05-14 09:30:00,000] [INFO] [clock] User trading will start in 0.50 seconds...
[BT] [2024-05-14 09:30:00,000] [INFO] [clock] Waiting for 0.5 sec. until user trading time (2024-05-14 09:30:00-04:00)...
[BT] [2024-05-14 09:30:00,500] [WARNING] [utils] No historical data found for candle: 2024-05-14 09:30:00-04:00 for NASDAQ_EQ:MSFT 
[BT] [2024-05-14 09:30:00,500] [INFO] [strategy] Processing LEG_ONE...
[BT] [2024-05-14 09:30:00,500] [INFO] [strategy] Processing LEG_TWO...
[BT] [2024-05-14 09:30:00,500] [INFO] [strategy] Processing LEG_THREE...
[BT] [2024-05-14 09:30:00,500] [INFO] [tls] Entering position for instrument: NASDAQ_FO:MSFT240524C00412500...
[BT] [2024-05-14 09:30:00,500] [INFO] [utils] Instrument (NASDAQ_FO:MSFT240524C00412500) subscribed to historical data successfully
[BT] [2024-05-14 09:30:00,500] [INFO] [utils] 1 Instruments subscribed to historical data successfully
[BT] [2024-05-14 09:30:00,500] [INFO] [utils] Prefetching historical data for 1 instruments...
[BT] [2024-05-14 09:30:00,500] [WARNING] [utils] No historical data found for candle: 2024-05-14 09:30:00-04:00 for NASDAQ_FO:MSFT240524C00412500 
[BT] [2024-05-14 09:30:00,500] [INFO] [order] [PLACING NEW ORDER] [2024-05-14 09:30:00-04:00] [8299e942b57f467ba8f48772e211869b] [BUY] [NASDAQ_FO:MSFT240524C00412500] [QTY:1] [QTY PENDING: 1] [ENTRY PRICE: 5.8] [PRICE:None] [TRIGGER PRICE:None] [ORDER_TYPE_REGULAR] [ORDER_CODE_INTRADAY] [ORDER_VARIETY_MARKET] [ORDER_POSITION_ENTER]
[BT] [2024-05-14 09:30:00,500] [INFO] [order] [ORDER ID RECEIVED] [ABVIRTUALBROKER] [ID:8299e942b57f467ba8f48772e211869b] [BUY] [NASDAQ_FO:MSFT240524C00412500] [Order ID: (Order: [2024-05-14 09:30:00-04:00] [8299e942b57f467ba8f48772e211869b] [BUY] [NASDAQ_FO:MSFT240524C00412500] [QTY:1] [QTY PENDING: 1] [ENTRY PRICE: 5.8] [PRICE:None] [TRIGGER PRICE:None] [ORDER_TYPE_REGULAR] [ORDER_CODE_INTRADAY] [ORDER_VARIETY_MARKET] [ORDER_POSITION_ENTER])
Status History: PUT ORDER REQ RECEIVED --> VALIDATION PENDING --> OPEN PENDING --> OPEN --> COMPLETE)]
[BT] [2024-05-14 09:30:00,500] [INFO] [order] [NEW ORDER SUCCESS] [2024-05-14 09:30:00-04:00] [8299e942b57f467ba8f48772e211869b] [BUY] [NASDAQ_FO:MSFT240524C00412500] [QTY:1] [QTY PENDING: 1] [ENTRY PRICE: 5.8] [PRICE:None] [TRIGGER PRICE:None] [ORDER_TYPE_REGULAR] [ORDER_CODE_INTRADAY] [ORDER_VARIETY_MARKET] [ORDER_POSITION_ENTER] [STATUS:COMPLETE]
[BT] [2024-05-14 09:30:00,500] [INFO] [tls] Entering position for instrument: NASDAQ_FO:MSFT240524C00417500...
[BT] [2024-05-14 09:30:00,500] [INFO] [utils] Instrument (NASDAQ_FO:MSFT240524C00417500) subscribed to historical data successfully
[BT] [2024-05-14 09:30:00,500] [INFO] [utils] 1 Instruments subscribed to historical data successfully
[BT] [2024-05-14 09:30:00,500] [INFO] [utils] Prefetching historical data for 1 instruments...
[BT] [2024-05-14 09:30:00,500] [WARNING] [utils] No historical data found for candle: 2024-05-14 09:30:00-04:00 for NASDAQ_FO:MSFT240524C00417500 
[BT] [2024-05-14 09:30:00,500] [INFO] [order] [PLACING NEW ORDER] [2024-05-14 09:30:00-04:00] [081d660bbe434cf4970cfa444f611ac1] [BUY] [NASDAQ_FO:MSFT240524C00417500] [QTY:1] [QTY PENDING: 1] [ENTRY PRICE: 3.6] [PRICE:None] [TRIGGER PRICE:None] [ORDER_TYPE_REGULAR] [ORDER_CODE_INTRADAY] [ORDER_VARIETY_MARKET] [ORDER_POSITION_ENTER]
[BT] [2024-05-14 09:30:00,500] [INFO] [order] [ORDER ID RECEIVED] [ABVIRTUALBROKER] [ID:081d660bbe434cf4970cfa444f611ac1] [BUY] [NASDAQ_FO:MSFT240524C00417500] [Order ID: (Order: [2024-05-14 09:30:00-04:00] [081d660bbe434cf4970cfa444f611ac1] [BUY] [NASDAQ_FO:MSFT240524C00417500] [QTY:1] [QTY PENDING: 1] [ENTRY PRICE: 3.6] [PRICE:None] [TRIGGER PRICE:None] [ORDER_TYPE_REGULAR] [ORDER_CODE_INTRADAY] [ORDER_VARIETY_MARKET] [ORDER_POSITION_ENTER])
Status History: PUT ORDER REQ RECEIVED --> VALIDATION PENDING --> OPEN PENDING --> OPEN --> COMPLETE)]
[BT] [2024-05-14 09:30:00,500] [INFO] [order] [NEW ORDER SUCCESS] [2024-05-14 09:30:00-04:00] [081d660bbe434cf4970cfa444f611ac1] [BUY] [NASDAQ_FO:MSFT240524C00417500] [QTY:1] [QTY PENDING: 1] [ENTRY PRICE: 3.6] [PRICE:None] [TRIGGER PRICE:None] [ORDER_TYPE_REGULAR] [ORDER_CODE_INTRADAY] [ORDER_VARIETY_MARKET] [ORDER_POSITION_ENTER] [STATUS:COMPLETE]
[BT] [2024-05-14 09:30:00,500] [INFO] [tls] Entering position for instrument: NASDAQ_FO:MSFT240524C00422500...
[BT] [2024-05-14 09:30:00,500] [INFO] [utils] Instrument (NASDAQ_FO:MSFT240524C00422500) subscribed to historical data successfully
[BT] [2024-05-14 09:30:00,500] [INFO] [utils] 1 Instruments subscribed to historical data successfully
[BT] [2024-05-14 09:30:00,500] [INFO] [utils] Prefetching historical data for 1 instruments...
[BT] [2024-05-14 09:30:00,500] [WARNING] [utils] No historical data found for candle: 2024-05-14 09:30:00-04:00 for NASDAQ_FO:MSFT240524C00422500 
[BT] [2024-05-14 09:30:00,500] [INFO] [order] [PLACING NEW ORDER] [2024-05-14 09:30:00-04:00] [121be7e569be4080bdb4ba8c965378a1] [SELL] [NASDAQ_FO:MSFT240524C00422500] [QTY:1] [QTY PENDING: 1] [ENTRY PRICE: 2.15] [PRICE:None] [TRIGGER PRICE:None] [ORDER_TYPE_REGULAR] [ORDER_CODE_INTRADAY] [ORDER_VARIETY_MARKET] [ORDER_POSITION_ENTER]
[BT] [2024-05-14 09:30:00,500] [INFO] [order] [ORDER ID RECEIVED] [ABVIRTUALBROKER] [ID:121be7e569be4080bdb4ba8c965378a1] [SELL] [NASDAQ_FO:MSFT240524C00422500] [Order ID: (Order: [2024-05-14 09:30:00-04:00] [121be7e569be4080bdb4ba8c965378a1] [SELL] [NASDAQ_FO:MSFT240524C00422500] [QTY:1] [QTY PENDING: 1] [ENTRY PRICE: 2.15] [PRICE:None] [TRIGGER PRICE:None] [ORDER_TYPE_REGULAR] [ORDER_CODE_INTRADAY] [ORDER_VARIETY_MARKET] [ORDER_POSITION_ENTER])
Status History: PUT ORDER REQ RECEIVED --> VALIDATION PENDING --> OPEN PENDING --> OPEN --> COMPLETE)]
[BT] [2024-05-14 09:30:00,500] [INFO] [order] [NEW ORDER SUCCESS] [2024-05-14 09:30:00-04:00] [121be7e569be4080bdb4ba8c965378a1] [SELL] [NASDAQ_FO:MSFT240524C00422500] [QTY:1] [QTY PENDING: 1] [ENTRY PRICE: 2.15] [PRICE:None] [TRIGGER PRICE:None] [ORDER_TYPE_REGULAR] [ORDER_CODE_INTRADAY] [ORDER_VARIETY_MARKET] [ORDER_POSITION_ENTER] [STATUS:COMPLETE]
[BT] [2024-05-14 09:30:00,500] [INFO] [clock] Waiting for 3600.00 seconds until end of current candle (2024-05-14 10:30:00-04:00)...
[BT] [2024-05-14 10:30:00,500] [INFO] [clock] Waiting for 3600.00 seconds until end of current candle (2024-05-14 11:30:00-04:00)...
[BT] [2024-05-14 11:30:00,500] [INFO] [clock] Waiting for 3600.00 seconds until end of current candle (2024-05-14 12:30:00-04:00)...
[BT] [2024-05-14 12:30:00,500] [INFO] [clock] Waiting for 3600.00 seconds until end of current candle (2024-05-14 13:30:00-04:00)...
[BT] [2024-05-14 13:30:00,500] [INFO] [clock] Waiting for 3600.00 seconds until end of current candle (2024-05-14 14:30:00-04:00)...
[BT] [2024-05-14 14:30:00,500] [INFO] [clock] Waiting for 3600.00 seconds until end of current candle (2024-05-14 15:30:00-04:00)...
[BT] [2024-05-14 15:30:00,500] [INFO] [clock] Waiting for 1800.00 seconds until end of current candle (2024-05-14 16:30:00-04:00)...
[BT] [2024-05-14 16:00:00,500] [INFO] [oms] Exiting OPEN POSITION (Order: [2024-05-14 09:30:00-04:00] [8299e942b57f467ba8f48772e211869b] [BUY] [NASDAQ_FO:MSFT240524C00412500] [QTY:1] [QTY PENDING: 1] [ENTRY PRICE: 5.8] [PRICE:None] [TRIGGER PRICE:None] [ORDER_TYPE_REGULAR] [ORDER_CODE_INTRADAY] [ORDER_VARIETY_MARKET] [ORDER_POSITION_ENTER])... 
[BT] [2024-05-14 16:00:00,500] [INFO] [order] [PLACING NEW ORDER] [2024-05-14 16:00:00-04:00] [63eea82fd84c48c386b8ea37de0bb8cd] [SELL] [NASDAQ_FO:MSFT240524C00412500] [QTY:1] [QTY PENDING: 1] [ENTRY PRICE: 7.4] [PRICE:None] [TRIGGER PRICE:None] [ORDER_TYPE_REGULAR] [ORDER_CODE_INTRADAY] [ORDER_VARIETY_MARKET] [ORDER_POSITION_EXIT]
[BT] [2024-05-14 16:00:00,500] [INFO] [order] [ORDER ID RECEIVED] [ABVIRTUALBROKER] [ID:63eea82fd84c48c386b8ea37de0bb8cd] [SELL] [NASDAQ_FO:MSFT240524C00412500] [Order ID: (Order: [2024-05-14 16:00:00-04:00] [63eea82fd84c48c386b8ea37de0bb8cd] [SELL] [NASDAQ_FO:MSFT240524C00412500] [QTY:1] [QTY PENDING: 0] [ENTRY PRICE: 7.4] [PRICE:None] [TRIGGER PRICE:None] [ORDER_TYPE_REGULAR] [ORDER_CODE_INTRADAY] [ORDER_VARIETY_MARKET] [ORDER_POSITION_EXIT])
Status History: PUT ORDER REQ RECEIVED --> VALIDATION PENDING --> OPEN PENDING --> OPEN --> COMPLETE)]
[BT] [2024-05-14 16:00:00,500] [INFO] [order] [NEW ORDER SUCCESS] [2024-05-14 16:00:00-04:00] [63eea82fd84c48c386b8ea37de0bb8cd] [SELL] [NASDAQ_FO:MSFT240524C00412500] [QTY:1] [QTY PENDING: 0] [ENTRY PRICE: 7.4] [PRICE:None] [TRIGGER PRICE:None] [ORDER_TYPE_REGULAR] [ORDER_CODE_INTRADAY] [ORDER_VARIETY_MARKET] [ORDER_POSITION_EXIT] [STATUS:COMPLETE]
[BT] [2024-05-14 16:00:00,500] [INFO] [oms] Exiting OPEN POSITION (Order: [2024-05-14 09:30:00-04:00] [081d660bbe434cf4970cfa444f611ac1] [BUY] [NASDAQ_FO:MSFT240524C00417500] [QTY:1] [QTY PENDING: 1] [ENTRY PRICE: 3.6] [PRICE:None] [TRIGGER PRICE:None] [ORDER_TYPE_REGULAR] [ORDER_CODE_INTRADAY] [ORDER_VARIETY_MARKET] [ORDER_POSITION_ENTER])... 
[BT] [2024-05-14 16:00:00,500] [INFO] [order] [PLACING NEW ORDER] [2024-05-14 16:00:00-04:00] [924f12c0508141e1992c3e8536f57526] [SELL] [NASDAQ_FO:MSFT240524C00417500] [QTY:1] [QTY PENDING: 1] [ENTRY PRICE: 4.6] [PRICE:None] [TRIGGER PRICE:None] [ORDER_TYPE_REGULAR] [ORDER_CODE_INTRADAY] [ORDER_VARIETY_MARKET] [ORDER_POSITION_EXIT]
[BT] [2024-05-14 16:00:00,500] [INFO] [order] [ORDER ID RECEIVED] [ABVIRTUALBROKER] [ID:924f12c0508141e1992c3e8536f57526] [SELL] [NASDAQ_FO:MSFT240524C00417500] [Order ID: (Order: [2024-05-14 16:00:00-04:00] [924f12c0508141e1992c3e8536f57526] [SELL] [NASDAQ_FO:MSFT240524C00417500] [QTY:1] [QTY PENDING: 0] [ENTRY PRICE: 4.6] [PRICE:None] [TRIGGER PRICE:None] [ORDER_TYPE_REGULAR] [ORDER_CODE_INTRADAY] [ORDER_VARIETY_MARKET] [ORDER_POSITION_EXIT])
Status History: PUT ORDER REQ RECEIVED --> VALIDATION PENDING --> OPEN PENDING --> OPEN --> COMPLETE)]
[BT] [2024-05-14 16:00:00,500] [INFO] [order] [NEW ORDER SUCCESS] [2024-05-14 16:00:00-04:00] [924f12c0508141e1992c3e8536f57526] [SELL] [NASDAQ_FO:MSFT240524C00417500] [QTY:1] [QTY PENDING: 0] [ENTRY PRICE: 4.6] [PRICE:None] [TRIGGER PRICE:None] [ORDER_TYPE_REGULAR] [ORDER_CODE_INTRADAY] [ORDER_VARIETY_MARKET] [ORDER_POSITION_EXIT] [STATUS:COMPLETE]
[BT] [2024-05-14 16:00:00,500] [INFO] [oms] Exiting OPEN POSITION (Order: [2024-05-14 09:30:00-04:00] [121be7e569be4080bdb4ba8c965378a1] [SELL] [NASDAQ_FO:MSFT240524C00422500] [QTY:1] [QTY PENDING: 1] [ENTRY PRICE: 2.15] [PRICE:None] [TRIGGER PRICE:None] [ORDER_TYPE_REGULAR] [ORDER_CODE_INTRADAY] [ORDER_VARIETY_MARKET] [ORDER_POSITION_ENTER])... 
[BT] [2024-05-14 16:00:00,500] [INFO] [order] [PLACING NEW ORDER] [2024-05-14 16:00:00-04:00] [044bebdbcea440e68066599122864636] [BUY] [NASDAQ_FO:MSFT240524C00422500] [QTY:1] [QTY PENDING: 1] [ENTRY PRICE: 2.79] [PRICE:None] [TRIGGER PRICE:None] [ORDER_TYPE_REGULAR] [ORDER_CODE_INTRADAY] [ORDER_VARIETY_MARKET] [ORDER_POSITION_EXIT]
[BT] [2024-05-14 16:00:00,500] [INFO] [order] [ORDER ID RECEIVED] [ABVIRTUALBROKER] [ID:044bebdbcea440e68066599122864636] [BUY] [NASDAQ_FO:MSFT240524C00422500] [Order ID: (Order: [2024-05-14 16:00:00-04:00] [044bebdbcea440e68066599122864636] [BUY] [NASDAQ_FO:MSFT240524C00422500] [QTY:1] [QTY PENDING: 0] [ENTRY PRICE: 2.79] [PRICE:None] [TRIGGER PRICE:None] [ORDER_TYPE_REGULAR] [ORDER_CODE_INTRADAY] [ORDER_VARIETY_MARKET] [ORDER_POSITION_EXIT])
Status History: PUT ORDER REQ RECEIVED --> VALIDATION PENDING --> OPEN PENDING --> OPEN --> COMPLETE)]
[BT] [2024-05-14 16:00:00,500] [INFO] [order] [NEW ORDER SUCCESS] [2024-05-14 16:00:00-04:00] [044bebdbcea440e68066599122864636] [BUY] [NASDAQ_FO:MSFT240524C00422500] [QTY:1] [QTY PENDING: 0] [ENTRY PRICE: 2.79] [PRICE:None] [TRIGGER PRICE:None] [ORDER_TYPE_REGULAR] [ORDER_CODE_INTRADAY] [ORDER_VARIETY_MARKET] [ORDER_POSITION_EXIT] [STATUS:COMPLETE]
[BT] [2024-05-14 16:00:00,000] [INFO] [clock] Candle generation has been stopped...
[BT] [2024-05-14 16:00:00,000] [INFO] [tls] Received event END OF MARKET. Stopping AlgoBulls Trading Core Engine...
[BT] [2024-05-14 16:00:00,000] [INFO] [tls] Cancelling all open orders (if any)...
[BT] [2024-05-14 16:00:00,000] [INFO] [tls] Exiting all open positions with order code: ORDER_CODE_INTRADAY (if any)...
[BT] [2024-05-14 16:00:00,000] [INFO] [oms] 

PENDING ORDERS:


COMPLETED ORDERS:
[2024-05-14 09:30:00-04:00] [8299e942b57f467ba8f48772e211869b] [BUY] [NASDAQ_FO:MSFT240524C00412500] [QTY:1] [QTY PENDING: 0] [ENTRY PRICE: 5.8] [PRICE:None] [TRIGGER PRICE:None] [ORDER_TYPE_REGULAR] [ORDER_CODE_INTRADAY] [ORDER_VARIETY_MARKET] [ORDER_POSITION_ENTER]
Status History: PUT ORDER REQ RECEIVED --> VALIDATION PENDING --> OPEN PENDING --> OPEN --> COMPLETE

[2024-05-14 09:30:00-04:00] [081d660bbe434cf4970cfa444f611ac1] [BUY] [NASDAQ_FO:MSFT240524C00417500] [QTY:1] [QTY PENDING: 0] [ENTRY PRICE: 3.6] [PRICE:None] [TRIGGER PRICE:None] [ORDER_TYPE_REGULAR] [ORDER_CODE_INTRADAY] [ORDER_VARIETY_MARKET] [ORDER_POSITION_ENTER]
Status History: PUT ORDER REQ RECEIVED --> VALIDATION PENDING --> OPEN PENDING --> OPEN --> COMPLETE

[2024-05-14 09:30:00-04:00] [121be7e569be4080bdb4ba8c965378a1] [SELL] [NASDAQ_FO:MSFT240524C00422500] [QTY:1] [QTY PENDING: 0] [ENTRY PRICE: 2.15] [PRICE:None] [TRIGGER PRICE:None] [ORDER_TYPE_REGULAR] [ORDER_CODE_INTRADAY] [ORDER_VARIETY_MARKET] [ORDER_POSITION_ENTER]
Status History: PUT ORDER REQ RECEIVED --> VALIDATION PENDING --> OPEN PENDING --> OPEN --> COMPLETE

[2024-05-14 16:00:00-04:00] [63eea82fd84c48c386b8ea37de0bb8cd] [SELL] [NASDAQ_FO:MSFT240524C00412500] [QTY:1] [QTY PENDING: 0] [ENTRY PRICE: 7.4] [PRICE:None] [TRIGGER PRICE:None] [ORDER_TYPE_REGULAR] [ORDER_CODE_INTRADAY] [ORDER_VARIETY_MARKET] [ORDER_POSITION_EXIT]
Status History: PUT ORDER REQ RECEIVED --> VALIDATION PENDING --> OPEN PENDING --> OPEN --> COMPLETE

[2024-05-14 16:00:00-04:00] [924f12c0508141e1992c3e8536f57526] [SELL] [NASDAQ_FO:MSFT240524C00417500] [QTY:1] [QTY PENDING: 0] [ENTRY PRICE: 4.6] [PRICE:None] [TRIGGER PRICE:None] [ORDER_TYPE_REGULAR] [ORDER_CODE_INTRADAY] [ORDER_VARIETY_MARKET] [ORDER_POSITION_EXIT]
Status History: PUT ORDER REQ RECEIVED --> VALIDATION PENDING --> OPEN PENDING --> OPEN --> COMPLETE

[2024-05-14 16:00:00-04:00] [044bebdbcea440e68066599122864636] [BUY] [NASDAQ_FO:MSFT240524C00422500] [QTY:1] [QTY PENDING: 0] [ENTRY PRICE: 2.79] [PRICE:None] [TRIGGER PRICE:None] [ORDER_TYPE_REGULAR] [ORDER_CODE_INTRADAY] [ORDER_VARIETY_MARKET] [ORDER_POSITION_EXIT]
Status History: PUT ORDER REQ RECEIVED --> VALIDATION PENDING --> OPEN PENDING --> OPEN --> COMPLETE


POSITIONS:


HOLDINGS:




[BT] [2024-05-14 16:00:00,000] [INFO] [tls] [User: ALGOBULLS VIRTUAL USER] Trading session completed
