

+------------------+---------------------------+----------------------------------+------+
| INST             | timestamp                 | ID                               | TT   |
|------------------+---------------------------+----------------------------------+------|
| NSE_EQ:TATAPOWER | 2023-01-01 09:15:00+05:30 | 908bc435fb474d81a30cb6c3e453633c | SELL |
+------------------+---------------------------+----------------------------------+------+
+----+---------------------------+------------------------+-------+
|    | TIMESTAMP                 | STATE                  | MSG   |
|----+---------------------------+------------------------+-------|
|  0 | 2023-01-01 09:15:00+05:30 | PUT ORDER REQ RECEIVED |       |
|  1 | 2023-01-01 09:15:00+05:30 | VALIDATION PENDING     |       |
|  2 | 2023-01-01 09:15:00+05:30 | REJECTED               |       |
+----+---------------------------+------------------------+-------+

+------------------+---------------------------+----------------------------------+------+
| INST             | timestamp                 | ID                               | TT   |
|------------------+---------------------------+----------------------------------+------|
| NSE_EQ:TATAPOWER | 2023-01-02 09:15:00+05:30 | 463d2258d74a4e1aa42140bb693c49ad | SELL |
+------------------+---------------------------+----------------------------------+------+
+----+---------------------------+------------------------+-------+
|    | TIMESTAMP                 | STATE                  | MSG   |
|----+---------------------------+------------------------+-------|
|  0 | 2023-01-02 09:15:00+05:30 | PUT ORDER REQ RECEIVED |       |
|  1 | 2023-01-02 09:15:00+05:30 | VALIDATION PENDING     |       |
|  2 | 2023-01-02 09:15:00+05:30 | REJECTED               |       |
+----+---------------------------+------------------------+-------+

+------------------+---------------------------+----------------------------------+------+
| INST             | timestamp                 | ID                               | TT   |
|------------------+---------------------------+----------------------------------+------|
| NSE_EQ:TATAPOWER | 2023-01-03 09:15:00+05:30 | 44c9239c9322457d9ee968fd889fda6f | SELL |
+------------------+---------------------------+----------------------------------+------+
+----+---------------------------+------------------------+-------+
|    | TIMESTAMP                 | STATE                  | MSG   |
|----+---------------------------+------------------------+-------|
|  0 | 2023-01-03 09:15:00+05:30 | PUT ORDER REQ RECEIVED |       |
|  1 | 2023-01-03 09:15:00+05:30 | VALIDATION PENDING     |       |
|  2 | 2023-01-03 09:15:00+05:30 | REJECTED               |       |
+----+---------------------------+------------------------+-------+

+------------------+---------------------------+----------------------------------+------+
| INST             | timestamp                 | ID                               | TT   |
|------------------+---------------------------+----------------------------------+------|
| NSE_EQ:TATAPOWER | 2023-01-04 09:15:00+05:30 | 9f93fbbf5f394a4eb0ca13aace38461b | SELL |
+------------------+---------------------------+----------------------------------+------+
+----+---------------------------+------------------------+-------+
|    | TIMESTAMP                 | STATE                  | MSG   |
|----+---------------------------+------------------------+-------|
|  0 | 2023-01-04 09:15:00+05:30 | PUT ORDER REQ RECEIVED |       |
|  1 | 2023-01-04 09:15:00+05:30 | VALIDATION PENDING     |       |
|  2 | 2023-01-04 09:15:00+05:30 | REJECTED               |       |
+----+---------------------------+------------------------+-------+

+------------------+---------------------------+----------------------------------+------+
| INST             | timestamp                 | ID                               | TT   |
|------------------+---------------------------+----------------------------------+------|
| NSE_EQ:TATAPOWER | 2023-01-05 09:15:00+05:30 | 4075291a4f30433eb2c096716656aa1e | SELL |
+------------------+---------------------------+----------------------------------+------+
+----+---------------------------+------------------------+-------+
|    | TIMESTAMP                 | STATE                  | MSG   |
|----+---------------------------+------------------------+-------|
|  0 | 2023-01-05 09:15:00+05:30 | PUT ORDER REQ RECEIVED |       |
|  1 | 2023-01-05 09:15:00+05:30 | VALIDATION PENDING     |       |
|  2 | 2023-01-05 09:15:00+05:30 | REJECTED               |       |
+----+---------------------------+------------------------+-------+

+------------------+---------------------------+----------------------------------+------+
| INST             | timestamp                 | ID                               | TT   |
|------------------+---------------------------+----------------------------------+------|
| NSE_EQ:TATAPOWER | 2023-01-06 09:15:00+05:30 | 909ccbd7237d401ab105839284577e1a | SELL |
+------------------+---------------------------+----------------------------------+------+
+----+---------------------------+------------------------+-------+
|    | TIMESTAMP                 | STATE                  | MSG   |
|----+---------------------------+------------------------+-------|
|  0 | 2023-01-06 09:15:00+05:30 | PUT ORDER REQ RECEIVED |       |
|  1 | 2023-01-06 09:15:00+05:30 | VALIDATION PENDING     |       |
|  2 | 2023-01-06 09:15:00+05:30 | REJECTED               |       |
+----+---------------------------+------------------------+-------+

+------------------+---------------------------+----------------------------------+------+
| INST             | timestamp                 | ID                               | TT   |
|------------------+---------------------------+----------------------------------+------|
| NSE_EQ:TATAPOWER | 2023-01-09 09:15:00+05:30 | eba131ce4222450481201e2adb472291 | SELL |
+------------------+---------------------------+----------------------------------+------+
+----+---------------------------+------------------------+-------+
|    | TIMESTAMP                 | STATE                  | MSG   |
|----+---------------------------+------------------------+-------|
|  0 | 2023-01-09 09:15:00+05:30 | PUT ORDER REQ RECEIVED |       |
|  1 | 2023-01-09 09:15:00+05:30 | VALIDATION PENDING     |       |
|  2 | 2023-01-09 09:15:00+05:30 | REJECTED               |       |
+----+---------------------------+------------------------+-------+

+------------------+---------------------------+----------------------------------+------+
| INST             | timestamp                 | ID                               | TT   |
|------------------+---------------------------+----------------------------------+------|
| NSE_EQ:TATAPOWER | 2023-01-10 09:15:00+05:30 | 76a1ba2f677c4ae2b26cb6cf3287d771 | SELL |
+------------------+---------------------------+----------------------------------+------+
+----+---------------------------+------------------------+-------+
|    | TIMESTAMP                 | STATE                  | MSG   |
|----+---------------------------+------------------------+-------|
|  0 | 2023-01-10 09:15:00+05:30 | PUT ORDER REQ RECEIVED |       |
|  1 | 2023-01-10 09:15:00+05:30 | VALIDATION PENDING     |       |
|  2 | 2023-01-10 09:15:00+05:30 | REJECTED               |       |
+----+---------------------------+------------------------+-------+

+------------------+---------------------------+----------------------------------+------+
| INST             | timestamp                 | ID                               | TT   |
|------------------+---------------------------+----------------------------------+------|
| NSE_EQ:TATAPOWER | 2023-01-11 09:15:00+05:30 | 1af96f65e9d6405f93561e6a928510ea | SELL |
+------------------+---------------------------+----------------------------------+------+
+----+---------------------------+------------------------+-------+
|    | TIMESTAMP                 | STATE                  | MSG   |
|----+---------------------------+------------------------+-------|
|  0 | 2023-01-11 09:15:00+05:30 | PUT ORDER REQ RECEIVED |       |
|  1 | 2023-01-11 09:15:00+05:30 | VALIDATION PENDING     |       |
|  2 | 2023-01-11 09:15:00+05:30 | REJECTED               |       |
+----+---------------------------+------------------------+-------+

+------------------+---------------------------+----------------------------------+------+
| INST             | timestamp                 | ID                               | TT   |
|------------------+---------------------------+----------------------------------+------|
| NSE_EQ:TATAPOWER | 2023-01-12 09:15:00+05:30 | e02ee94fbe7f4559ae7b6c5c6a4c6b8b | SELL |
+------------------+---------------------------+----------------------------------+------+
+----+---------------------------+------------------------+-------+
|    | TIMESTAMP                 | STATE                  | MSG   |
|----+---------------------------+------------------------+-------|
|  0 | 2023-01-12 09:15:00+05:30 | PUT ORDER REQ RECEIVED |       |
|  1 | 2023-01-12 09:15:00+05:30 | VALIDATION PENDING     |       |
|  2 | 2023-01-12 09:15:00+05:30 | REJECTED               |       |
+----+---------------------------+------------------------+-------+

+------------------+---------------------------+----------------------------------+------+
| INST             | timestamp                 | ID                               | TT   |
|------------------+---------------------------+----------------------------------+------|
| NSE_EQ:TATAPOWER | 2023-01-13 09:15:00+05:30 | 1855737baf194b8b90e22b1a6232ab51 | SELL |
+------------------+---------------------------+----------------------------------+------+
+----+---------------------------+------------------------+-------+
|    | TIMESTAMP                 | STATE                  | MSG   |
|----+---------------------------+------------------------+-------|
|  0 | 2023-01-13 09:15:00+05:30 | PUT ORDER REQ RECEIVED |       |
|  1 | 2023-01-13 09:15:00+05:30 | VALIDATION PENDING     |       |
|  2 | 2023-01-13 09:15:00+05:30 | REJECTED               |       |
+----+---------------------------+------------------------+-------+

+------------------+---------------------------+----------------------------------+------+
| INST             | timestamp                 | ID                               | TT   |
|------------------+---------------------------+----------------------------------+------|
| NSE_EQ:TATAPOWER | 2023-01-16 09:15:00+05:30 | 0648d07c572b4f25966561aa126c2da5 | SELL |
+------------------+---------------------------+----------------------------------+------+
+----+---------------------------+------------------------+-------+
|    | TIMESTAMP                 | STATE                  | MSG   |
|----+---------------------------+------------------------+-------|
|  0 | 2023-01-16 09:15:00+05:30 | PUT ORDER REQ RECEIVED |       |
|  1 | 2023-01-16 09:15:00+05:30 | VALIDATION PENDING     |       |
|  2 | 2023-01-16 09:15:00+05:30 | REJECTED               |       |
+----+---------------------------+------------------------+-------+

+------------------+---------------------------+----------------------------------+------+
| INST             | timestamp                 | ID                               | TT   |
|------------------+---------------------------+----------------------------------+------|
| NSE_EQ:TATAPOWER | 2023-01-17 09:15:00+05:30 | eb4f1986af374e119c6561b0adc3551f | SELL |
+------------------+---------------------------+----------------------------------+------+
+----+---------------------------+------------------------+-------+
|    | TIMESTAMP                 | STATE                  | MSG   |
|----+---------------------------+------------------------+-------|
|  0 | 2023-01-17 09:15:00+05:30 | PUT ORDER REQ RECEIVED |       |
|  1 | 2023-01-17 09:15:00+05:30 | VALIDATION PENDING     |       |
|  2 | 2023-01-17 09:15:00+05:30 | REJECTED               |       |
+----+---------------------------+------------------------+-------+

+------------------+---------------------------+----------------------------------+------+
| INST             | timestamp                 | ID                               | TT   |
|------------------+---------------------------+----------------------------------+------|
| NSE_EQ:TATAPOWER | 2023-01-18 09:15:00+05:30 | 451259ccc6134ce5a69fea46da2dd9a4 | SELL |
+------------------+---------------------------+----------------------------------+------+
+----+---------------------------+------------------------+-------+
|    | TIMESTAMP                 | STATE                  | MSG   |
|----+---------------------------+------------------------+-------|
|  0 | 2023-01-18 09:15:00+05:30 | PUT ORDER REQ RECEIVED |       |
|  1 | 2023-01-18 09:15:00+05:30 | VALIDATION PENDING     |       |
|  2 | 2023-01-18 09:15:00+05:30 | REJECTED               |       |
+----+---------------------------+------------------------+-------+

+------------------+---------------------------+----------------------------------+------+
| INST             | timestamp                 | ID                               | TT   |
|------------------+---------------------------+----------------------------------+------|
| NSE_EQ:TATAPOWER | 2023-01-19 09:15:00+05:30 | b663ee442da242ae9be97324377c9d6a | SELL |
+------------------+---------------------------+----------------------------------+------+
+----+---------------------------+------------------------+-------+
|    | TIMESTAMP                 | STATE                  | MSG   |
|----+---------------------------+------------------------+-------|
|  0 | 2023-01-19 09:15:00+05:30 | PUT ORDER REQ RECEIVED |       |
|  1 | 2023-01-19 09:15:00+05:30 | VALIDATION PENDING     |       |
|  2 | 2023-01-19 09:15:00+05:30 | REJECTED               |       |
+----+---------------------------+------------------------+-------+

+------------------+---------------------------+----------------------------------+------+
| INST             | timestamp                 | ID                               | TT   |
|------------------+---------------------------+----------------------------------+------|
| NSE_EQ:TATAPOWER | 2023-01-20 09:15:00+05:30 | 56a5ac0478d64c168fa1c7ef3f1d2644 | SELL |
+------------------+---------------------------+----------------------------------+------+
+----+---------------------------+------------------------+-------+
|    | TIMESTAMP                 | STATE                  | MSG   |
|----+---------------------------+------------------------+-------|
|  0 | 2023-01-20 09:15:00+05:30 | PUT ORDER REQ RECEIVED |       |
|  1 | 2023-01-20 09:15:00+05:30 | VALIDATION PENDING     |       |
|  2 | 2023-01-20 09:15:00+05:30 | REJECTED               |       |
+----+---------------------------+------------------------+-------+

+------------------+---------------------------+----------------------------------+------+
| INST             | timestamp                 | ID                               | TT   |
|------------------+---------------------------+----------------------------------+------|
| NSE_EQ:TATAPOWER | 2023-01-23 09:15:00+05:30 | 757d621cf06c4d5f9a698d1de6d0cc58 | SELL |
+------------------+---------------------------+----------------------------------+------+
+----+---------------------------+------------------------+-------+
|    | TIMESTAMP                 | STATE                  | MSG   |
|----+---------------------------+------------------------+-------|
|  0 | 2023-01-23 09:15:00+05:30 | PUT ORDER REQ RECEIVED |       |
|  1 | 2023-01-23 09:15:00+05:30 | VALIDATION PENDING     |       |
|  2 | 2023-01-23 09:15:00+05:30 | REJECTED               |       |
+----+---------------------------+------------------------+-------+

+------------------+---------------------------+----------------------------------+------+
| INST             | timestamp                 | ID                               | TT   |
|------------------+---------------------------+----------------------------------+------|
| NSE_EQ:TATAPOWER | 2023-01-24 09:15:00+05:30 | c6305882b16349d7a0cc4f57ef094d29 | SELL |
+------------------+---------------------------+----------------------------------+------+
+----+---------------------------+------------------------+-------+
|    | TIMESTAMP                 | STATE                  | MSG   |
|----+---------------------------+------------------------+-------|
|  0 | 2023-01-24 09:15:00+05:30 | PUT ORDER REQ RECEIVED |       |
|  1 | 2023-01-24 09:15:00+05:30 | VALIDATION PENDING     |       |
|  2 | 2023-01-24 09:15:00+05:30 | REJECTED               |       |
+----+---------------------------+------------------------+-------+

+------------------+---------------------------+----------------------------------+------+
| INST             | timestamp                 | ID                               | TT   |
|------------------+---------------------------+----------------------------------+------|
| NSE_EQ:TATAPOWER | 2023-01-25 09:15:00+05:30 | 9c64a551893744e690e944b352d7b3ca | SELL |
+------------------+---------------------------+----------------------------------+------+
+----+---------------------------+------------------------+-------+
|    | TIMESTAMP                 | STATE                  | MSG   |
|----+---------------------------+------------------------+-------|
|  0 | 2023-01-25 09:15:00+05:30 | PUT ORDER REQ RECEIVED |       |
|  1 | 2023-01-25 09:15:00+05:30 | VALIDATION PENDING     |       |
|  2 | 2023-01-25 09:15:00+05:30 | REJECTED               |       |
+----+---------------------------+------------------------+-------+

+------------------+---------------------------+----------------------------------+------+
| INST             | timestamp                 | ID                               | TT   |
|------------------+---------------------------+----------------------------------+------|
| NSE_EQ:TATAPOWER | 2023-01-27 09:15:00+05:30 | 6fca734903a249ea9197da7fe32071d1 | BUY  |
+------------------+---------------------------+----------------------------------+------+
+----+---------------------------+------------------------+-------+
|    | TIMESTAMP                 | STATE                  | MSG   |
|----+---------------------------+------------------------+-------|
|  0 | 2023-01-27 09:15:00+05:30 | PUT ORDER REQ RECEIVED |       |
|  1 | 2023-01-27 09:15:00+05:30 | VALIDATION PENDING     |       |
|  2 | 2023-01-27 09:15:00+05:30 | OPEN PENDING           |       |
|  3 | 2023-01-27 09:15:00+05:30 | OPEN                   |       |
|  4 | 2023-01-27 09:15:00+05:30 | COMPLETE               |       |
+----+---------------------------+------------------------+-------+

+------------------+---------------------------+----------------------------------+------+
| INST             | timestamp                 | ID                               | TT   |
|------------------+---------------------------+----------------------------------+------|
| NSE_EQ:TATAPOWER | 2023-01-30 09:15:00+05:30 | 2fb3c1cb6d304fc6be7a8ab4c9e1a334 | BUY  |
+------------------+---------------------------+----------------------------------+------+
+----+---------------------------+------------------------+-------+
|    | TIMESTAMP                 | STATE                  | MSG   |
|----+---------------------------+------------------------+-------|
|  0 | 2023-01-30 09:15:00+05:30 | PUT ORDER REQ RECEIVED |       |
|  1 | 2023-01-30 09:15:00+05:30 | COMPLETE               |       |
+----+---------------------------+------------------------+-------+

+------------------+---------------------------+----------------------------------+------+
| INST             | timestamp                 | ID                               | TT   |
|------------------+---------------------------+----------------------------------+------|
| NSE_EQ:TATAPOWER | 2023-01-30 09:15:00+05:30 | 1c3d4370c92a415a8448d6389ec90568 | SELL |
+------------------+---------------------------+----------------------------------+------+
+----+---------------------------+------------------------+-------+
|    | TIMESTAMP                 | STATE                  | MSG   |
|----+---------------------------+------------------------+-------|
|  0 | 2023-01-30 09:15:00+05:30 | PUT ORDER REQ RECEIVED |       |
|  1 | 2023-01-30 09:15:00+05:30 | VALIDATION PENDING     |       |
|  2 | 2023-01-30 09:15:00+05:30 | OPEN PENDING           |       |
|  3 | 2023-01-30 09:15:00+05:30 | OPEN                   |       |
|  4 | 2023-01-30 09:15:00+05:30 | COMPLETE               |       |
+----+---------------------------+------------------------+-------+

+------------------+---------------------------+----------------------------------+------+
| INST             | timestamp                 | ID                               | TT   |
|------------------+---------------------------+----------------------------------+------|
| NSE_EQ:TATAPOWER | 2023-01-30 09:15:00+05:30 | 14b4f1c0679c43689f09d8f542bdf841 | BUY  |
+------------------+---------------------------+----------------------------------+------+
+----+---------------------------+------------------------+-------+
|    | TIMESTAMP                 | STATE                  | MSG   |
|----+---------------------------+------------------------+-------|
|  0 | 2023-01-30 09:15:00+05:30 | PUT ORDER REQ RECEIVED |       |
|  1 | 2023-01-30 09:15:00+05:30 | VALIDATION PENDING     |       |
|  2 | 2023-01-30 09:15:00+05:30 | OPEN PENDING           |       |
|  3 | 2023-01-30 09:15:00+05:30 | OPEN                   |       |
|  4 | 2023-01-30 09:15:00+05:30 | COMPLETE               |       |
+----+---------------------------+------------------------+-------+

+------------------+---------------------------+----------------------------------+------+
| INST             | timestamp                 | ID                               | TT   |
|------------------+---------------------------+----------------------------------+------|
| NSE_EQ:TATAPOWER | 2023-01-31 09:15:00+05:30 | 9f5bde2ccac1456c843a043861fd81a8 | BUY  |
+------------------+---------------------------+----------------------------------+------+
+----+---------------------------+------------------------+-------+
|    | TIMESTAMP                 | STATE                  | MSG   |
|----+---------------------------+------------------------+-------|
|  0 | 2023-01-31 09:15:00+05:30 | PUT ORDER REQ RECEIVED |       |
|  1 | 2023-01-31 09:15:00+05:30 | COMPLETE               |       |
+----+---------------------------+------------------------+-------+

+------------------+---------------------------+----------------------------------+------+
| INST             | timestamp                 | ID                               | TT   |
|------------------+---------------------------+----------------------------------+------|
| NSE_EQ:TATAPOWER | 2023-01-31 09:15:00+05:30 | eda2d4547cfd4681907dfb8601f4c236 | SELL |
+------------------+---------------------------+----------------------------------+------+
+----+---------------------------+------------------------+-------+
|    | TIMESTAMP                 | STATE                  | MSG   |
|----+---------------------------+------------------------+-------|
|  0 | 2023-01-31 09:15:00+05:30 | PUT ORDER REQ RECEIVED |       |
|  1 | 2023-01-31 09:15:00+05:30 | VALIDATION PENDING     |       |
|  2 | 2023-01-31 09:15:00+05:30 | OPEN PENDING           |       |
|  3 | 2023-01-31 09:15:00+05:30 | OPEN                   |       |
|  4 | 2023-01-31 09:15:00+05:30 | COMPLETE               |       |
+----+---------------------------+------------------------+-------+

+------------------+---------------------------+----------------------------------+------+
| INST             | timestamp                 | ID                               | TT   |
|------------------+---------------------------+----------------------------------+------|
| NSE_EQ:TATAPOWER | 2023-01-31 09:15:00+05:30 | 9982bb3ee8024e7ca261e45a579168ca | BUY  |
+------------------+---------------------------+----------------------------------+------+
+----+---------------------------+------------------------+-------+
|    | TIMESTAMP                 | STATE                  | MSG   |
|----+---------------------------+------------------------+-------|
|  0 | 2023-01-31 09:15:00+05:30 | PUT ORDER REQ RECEIVED |       |
|  1 | 2023-01-31 09:15:00+05:30 | VALIDATION PENDING     |       |
|  2 | 2023-01-31 09:15:00+05:30 | OPEN PENDING           |       |
|  3 | 2023-01-31 09:15:00+05:30 | OPEN                   |       |
|  4 | 2023-01-31 09:15:00+05:30 | COMPLETE               |       |
+----+---------------------------+------------------------+-------+

+------------------+---------------------------+----------------------------------+------+
| INST             | timestamp                 | ID                               | TT   |
|------------------+---------------------------+----------------------------------+------|
| NSE_EQ:TATAPOWER | 2023-02-01 09:15:00+05:30 | 2185d6e794234318b1e170e73fc19c89 | BUY  |
+------------------+---------------------------+----------------------------------+------+
+----+---------------------------+------------------------+-------+
|    | TIMESTAMP                 | STATE                  | MSG   |
|----+---------------------------+------------------------+-------|
|  0 | 2023-02-01 09:15:00+05:30 | PUT ORDER REQ RECEIVED |       |
|  1 | 2023-02-01 09:15:00+05:30 | COMPLETE               |       |
+----+---------------------------+------------------------+-------+

+------------------+---------------------------+----------------------------------+------+
| INST             | timestamp                 | ID                               | TT   |
|------------------+---------------------------+----------------------------------+------|
| NSE_EQ:TATAPOWER | 2023-02-01 09:15:00+05:30 | baf3e38baba948e8b7ed3b25c55509bc | SELL |
+------------------+---------------------------+----------------------------------+------+
+----+---------------------------+------------------------+-------+
|    | TIMESTAMP                 | STATE                  | MSG   |
|----+---------------------------+------------------------+-------|
|  0 | 2023-02-01 09:15:00+05:30 | PUT ORDER REQ RECEIVED |       |
|  1 | 2023-02-01 09:15:00+05:30 | VALIDATION PENDING     |       |
|  2 | 2023-02-01 09:15:00+05:30 | OPEN PENDING           |       |
|  3 | 2023-02-01 09:15:00+05:30 | OPEN                   |       |
|  4 | 2023-02-01 09:15:00+05:30 | COMPLETE               |       |
+----+---------------------------+------------------------+-------+

+------------------+---------------------------+----------------------------------+------+
| INST             | timestamp                 | ID                               | TT   |
|------------------+---------------------------+----------------------------------+------|
| NSE_EQ:TATAPOWER | 2023-02-01 09:15:00+05:30 | 288632472f6741bb9d5e4ef36a9116fe | BUY  |
+------------------+---------------------------+----------------------------------+------+
+----+---------------------------+------------------------+-------+
|    | TIMESTAMP                 | STATE                  | MSG   |
|----+---------------------------+------------------------+-------|
|  0 | 2023-02-01 09:15:00+05:30 | PUT ORDER REQ RECEIVED |       |
|  1 | 2023-02-01 09:15:00+05:30 | VALIDATION PENDING     |       |
|  2 | 2023-02-01 09:15:00+05:30 | OPEN PENDING           |       |
|  3 | 2023-02-01 09:15:00+05:30 | OPEN                   |       |
|  4 | 2023-02-01 09:15:00+05:30 | COMPLETE               |       |
+----+---------------------------+------------------------+-------+

+------------------+---------------------------+----------------------------------+------+
| INST             | timestamp                 | ID                               | TT   |
|------------------+---------------------------+----------------------------------+------|
| NSE_EQ:TATAPOWER | 2023-02-02 09:15:00+05:30 | bfdc6deb54ac4604b7784529d9911204 | BUY  |
+------------------+---------------------------+----------------------------------+------+
+----+---------------------------+------------------------+-------+
|    | TIMESTAMP                 | STATE                  | MSG   |
|----+---------------------------+------------------------+-------|
|  0 | 2023-02-02 09:15:00+05:30 | PUT ORDER REQ RECEIVED |       |
|  1 | 2023-02-02 09:15:00+05:30 | COMPLETE               |       |
+----+---------------------------+------------------------+-------+

+------------------+---------------------------+----------------------------------+------+
| INST             | timestamp                 | ID                               | TT   |
|------------------+---------------------------+----------------------------------+------|
| NSE_EQ:TATAPOWER | 2023-02-02 09:15:00+05:30 | 124e41d3409142618149b590d1065499 | SELL |
+------------------+---------------------------+----------------------------------+------+
+----+---------------------------+------------------------+-------+
|    | TIMESTAMP                 | STATE                  | MSG   |
|----+---------------------------+------------------------+-------|
|  0 | 2023-02-02 09:15:00+05:30 | PUT ORDER REQ RECEIVED |       |
|  1 | 2023-02-02 09:15:00+05:30 | VALIDATION PENDING     |       |
|  2 | 2023-02-02 09:15:00+05:30 | OPEN PENDING           |       |
|  3 | 2023-02-02 09:15:00+05:30 | OPEN                   |       |
|  4 | 2023-02-02 09:15:00+05:30 | COMPLETE               |       |
+----+---------------------------+------------------------+-------+

+------------------+---------------------------+----------------------------------+------+
| INST             | timestamp                 | ID                               | TT   |
|------------------+---------------------------+----------------------------------+------|
| NSE_EQ:TATAPOWER | 2023-02-02 09:15:00+05:30 | 892f421aafd94aaf97b25366e6f1c7b2 | BUY  |
+------------------+---------------------------+----------------------------------+------+
+----+---------------------------+------------------------+-------+
|    | TIMESTAMP                 | STATE                  | MSG   |
|----+---------------------------+------------------------+-------|
|  0 | 2023-02-02 09:15:00+05:30 | PUT ORDER REQ RECEIVED |       |
|  1 | 2023-02-02 09:15:00+05:30 | VALIDATION PENDING     |       |
|  2 | 2023-02-02 09:15:00+05:30 | OPEN PENDING           |       |
|  3 | 2023-02-02 09:15:00+05:30 | OPEN                   |       |
|  4 | 2023-02-02 09:15:00+05:30 | COMPLETE               |       |
+----+---------------------------+------------------------+-------+

+------------------+---------------------------+----------------------------------+------+
| INST             | timestamp                 | ID                               | TT   |
|------------------+---------------------------+----------------------------------+------|
| NSE_EQ:TATAPOWER | 2023-02-03 09:15:00+05:30 | c2816e38b81b46f9860a6ea1477b06a7 | BUY  |
+------------------+---------------------------+----------------------------------+------+
+----+---------------------------+------------------------+-------+
|    | TIMESTAMP                 | STATE                  | MSG   |
|----+---------------------------+------------------------+-------|
|  0 | 2023-02-03 09:15:00+05:30 | PUT ORDER REQ RECEIVED |       |
|  1 | 2023-02-03 09:15:00+05:30 | COMPLETE               |       |
+----+---------------------------+------------------------+-------+

+------------------+---------------------------+----------------------------------+------+
| INST             | timestamp                 | ID                               | TT   |
|------------------+---------------------------+----------------------------------+------|
| NSE_EQ:TATAPOWER | 2023-02-03 09:15:00+05:30 | ba9c1a5fa33149e49d5f7f9a9662ef32 | SELL |
+------------------+---------------------------+----------------------------------+------+
+----+---------------------------+------------------------+-------+
|    | TIMESTAMP                 | STATE                  | MSG   |
|----+---------------------------+------------------------+-------|
|  0 | 2023-02-03 09:15:00+05:30 | PUT ORDER REQ RECEIVED |       |
|  1 | 2023-02-03 09:15:00+05:30 | VALIDATION PENDING     |       |
|  2 | 2023-02-03 09:15:00+05:30 | OPEN PENDING           |       |
|  3 | 2023-02-03 09:15:00+05:30 | OPEN                   |       |
|  4 | 2023-02-03 09:15:00+05:30 | COMPLETE               |       |
+----+---------------------------+------------------------+-------+

+------------------+---------------------------+----------------------------------+------+
| INST             | timestamp                 | ID                               | TT   |
|------------------+---------------------------+----------------------------------+------|
| NSE_EQ:TATAPOWER | 2023-02-03 09:15:00+05:30 | bca8ae61268245a2bd3d4bcd6951a699 | BUY  |
+------------------+---------------------------+----------------------------------+------+
+----+---------------------------+------------------------+-------+
|    | TIMESTAMP                 | STATE                  | MSG   |
|----+---------------------------+------------------------+-------|
|  0 | 2023-02-03 09:15:00+05:30 | PUT ORDER REQ RECEIVED |       |
|  1 | 2023-02-03 09:15:00+05:30 | VALIDATION PENDING     |       |
|  2 | 2023-02-03 09:15:00+05:30 | OPEN PENDING           |       |
|  3 | 2023-02-03 09:15:00+05:30 | OPEN                   |       |
|  4 | 2023-02-03 09:15:00+05:30 | COMPLETE               |       |
+----+---------------------------+------------------------+-------+

+------------------+---------------------------+----------------------------------+------+
| INST             | timestamp                 | ID                               | TT   |
|------------------+---------------------------+----------------------------------+------|
| NSE_EQ:TATAPOWER | 2023-02-06 09:15:00+05:30 | 964b9bc4051949a188ab6464b6b517f6 | BUY  |
+------------------+---------------------------+----------------------------------+------+
+----+---------------------------+------------------------+-------+
|    | TIMESTAMP                 | STATE                  | MSG   |
|----+---------------------------+------------------------+-------|
|  0 | 2023-02-06 09:15:00+05:30 | PUT ORDER REQ RECEIVED |       |
|  1 | 2023-02-06 09:15:00+05:30 | COMPLETE               |       |
+----+---------------------------+------------------------+-------+

+------------------+---------------------------+----------------------------------+------+
| INST             | timestamp                 | ID                               | TT   |
|------------------+---------------------------+----------------------------------+------|
| NSE_EQ:TATAPOWER | 2023-02-06 09:15:00+05:30 | 5eb642cf5e464bcb8930b459cd5538a6 | SELL |
+------------------+---------------------------+----------------------------------+------+
+----+---------------------------+------------------------+-------+
|    | TIMESTAMP                 | STATE                  | MSG   |
|----+---------------------------+------------------------+-------|
|  0 | 2023-02-06 09:15:00+05:30 | PUT ORDER REQ RECEIVED |       |
|  1 | 2023-02-06 09:15:00+05:30 | VALIDATION PENDING     |       |
|  2 | 2023-02-06 09:15:00+05:30 | OPEN PENDING           |       |
|  3 | 2023-02-06 09:15:00+05:30 | OPEN                   |       |
|  4 | 2023-02-06 09:15:00+05:30 | COMPLETE               |       |
+----+---------------------------+------------------------+-------+

+------------------+---------------------------+----------------------------------+------+
| INST             | timestamp                 | ID                               | TT   |
|------------------+---------------------------+----------------------------------+------|
| NSE_EQ:TATAPOWER | 2023-02-06 09:15:00+05:30 | 82f0ac210d00489ca2eb618d4bf03bf9 | BUY  |
+------------------+---------------------------+----------------------------------+------+
+----+---------------------------+------------------------+-------+
|    | TIMESTAMP                 | STATE                  | MSG   |
|----+---------------------------+------------------------+-------|
|  0 | 2023-02-06 09:15:00+05:30 | PUT ORDER REQ RECEIVED |       |
|  1 | 2023-02-06 09:15:00+05:30 | VALIDATION PENDING     |       |
|  2 | 2023-02-06 09:15:00+05:30 | OPEN PENDING           |       |
|  3 | 2023-02-06 09:15:00+05:30 | OPEN                   |       |
|  4 | 2023-02-06 09:15:00+05:30 | COMPLETE               |       |
+----+---------------------------+------------------------+-------+

+------------------+---------------------------+----------------------------------+------+
| INST             | timestamp                 | ID                               | TT   |
|------------------+---------------------------+----------------------------------+------|
| NSE_EQ:TATAPOWER | 2023-02-07 09:15:00+05:30 | fabd04e167434836bbd844fceeab8615 | BUY  |
+------------------+---------------------------+----------------------------------+------+
+----+---------------------------+------------------------+-------+
|    | TIMESTAMP                 | STATE                  | MSG   |
|----+---------------------------+------------------------+-------|
|  0 | 2023-02-07 09:15:00+05:30 | PUT ORDER REQ RECEIVED |       |
|  1 | 2023-02-07 09:15:00+05:30 | COMPLETE               |       |
+----+---------------------------+------------------------+-------+

+------------------+---------------------------+----------------------------------+------+
| INST             | timestamp                 | ID                               | TT   |
|------------------+---------------------------+----------------------------------+------|
| NSE_EQ:TATAPOWER | 2023-02-07 09:15:00+05:30 | e339661ce0ee448492fa1701bf6417f5 | SELL |
+------------------+---------------------------+----------------------------------+------+
+----+---------------------------+------------------------+-------+
|    | TIMESTAMP                 | STATE                  | MSG   |
|----+---------------------------+------------------------+-------|
|  0 | 2023-02-07 09:15:00+05:30 | PUT ORDER REQ RECEIVED |       |
|  1 | 2023-02-07 09:15:00+05:30 | VALIDATION PENDING     |       |
|  2 | 2023-02-07 09:15:00+05:30 | OPEN PENDING           |       |
|  3 | 2023-02-07 09:15:00+05:30 | OPEN                   |       |
|  4 | 2023-02-07 09:15:00+05:30 | COMPLETE               |       |
+----+---------------------------+------------------------+-------+

+------------------+---------------------------+----------------------------------+------+
| INST             | timestamp                 | ID                               | TT   |
|------------------+---------------------------+----------------------------------+------|
| NSE_EQ:TATAPOWER | 2023-02-07 09:15:00+05:30 | c2175d9b17124c468d15fe75356959c6 | BUY  |
+------------------+---------------------------+----------------------------------+------+
+----+---------------------------+------------------------+-------+
|    | TIMESTAMP                 | STATE                  | MSG   |
|----+---------------------------+------------------------+-------|
|  0 | 2023-02-07 09:15:00+05:30 | PUT ORDER REQ RECEIVED |       |
|  1 | 2023-02-07 09:15:00+05:30 | VALIDATION PENDING     |       |
|  2 | 2023-02-07 09:15:00+05:30 | OPEN PENDING           |       |
|  3 | 2023-02-07 09:15:00+05:30 | OPEN                   |       |
|  4 | 2023-02-07 09:15:00+05:30 | COMPLETE               |       |
+----+---------------------------+------------------------+-------+

+------------------+---------------------------+----------------------------------+------+
| INST             | timestamp                 | ID                               | TT   |
|------------------+---------------------------+----------------------------------+------|
| NSE_EQ:TATAPOWER | 2023-02-07 15:15:00+05:30 | c24c1da0e83749b4b2fe8e477c5f2285 | SELL |
+------------------+---------------------------+----------------------------------+------+
+----+---------------------------+------------------------+-------+
|    | TIMESTAMP                 | STATE                  | MSG   |
|----+---------------------------+------------------------+-------|
|  0 | 2023-02-07 15:15:00+05:30 | PUT ORDER REQ RECEIVED |       |
|  1 | 2023-02-07 15:15:00+05:30 | VALIDATION PENDING     |       |
|  2 | 2023-02-07 15:15:00+05:30 | OPEN PENDING           |       |
|  3 | 2023-02-07 15:15:00+05:30 | OPEN                   |       |
|  4 | 2023-02-07 15:15:00+05:30 | COMPLETE               |       |
+----+---------------------------+------------------------+-------+

+------------------+---------------------------+----------------------------------+------+
| INST             | timestamp                 | ID                               | TT   |
|------------------+---------------------------+----------------------------------+------|
| NSE_EQ:TATAPOWER | 2023-02-07 15:15:00+05:30 | c9607b703062411695cafd4cb062a6d8 | SELL |
+------------------+---------------------------+----------------------------------+------+
+----+---------------------------+------------------------+-------+
|    | TIMESTAMP                 | STATE                  | MSG   |
|----+---------------------------+------------------------+-------|
|  0 | 2023-02-07 15:15:00+05:30 | PUT ORDER REQ RECEIVED |       |
|  1 | 2023-02-07 15:15:00+05:30 | VALIDATION PENDING     |       |
|  2 | 2023-02-07 15:15:00+05:30 | REJECTED               |       |
+----+---------------------------+------------------------+-------+

+------------------+---------------------------+----------------------------------+------+
| INST             | timestamp                 | ID                               | TT   |
|------------------+---------------------------+----------------------------------+------|
| NSE_EQ:TATAPOWER | 2023-02-08 09:15:00+05:30 | 3fdb769938dc44d7ae41ed57b26a64c0 | SELL |
+------------------+---------------------------+----------------------------------+------+
+----+---------------------------+------------------------+-------+
|    | TIMESTAMP                 | STATE                  | MSG   |
|----+---------------------------+------------------------+-------|
|  0 | 2023-02-08 09:15:00+05:30 | PUT ORDER REQ RECEIVED |       |
|  1 | 2023-02-08 09:15:00+05:30 | VALIDATION PENDING     |       |
|  2 | 2023-02-08 09:15:00+05:30 | REJECTED               |       |
+----+---------------------------+------------------------+-------+

+------------------+---------------------------+----------------------------------+------+
| INST             | timestamp                 | ID                               | TT   |
|------------------+---------------------------+----------------------------------+------|
| NSE_EQ:TATAPOWER | 2023-02-09 09:15:00+05:30 | 539531422d8342b9ac7de86a1a240e6d | SELL |
+------------------+---------------------------+----------------------------------+------+
+----+---------------------------+------------------------+-------+
|    | TIMESTAMP                 | STATE                  | MSG   |
|----+---------------------------+------------------------+-------|
|  0 | 2023-02-09 09:15:00+05:30 | PUT ORDER REQ RECEIVED |       |
|  1 | 2023-02-09 09:15:00+05:30 | VALIDATION PENDING     |       |
|  2 | 2023-02-09 09:15:00+05:30 | REJECTED               |       |
+----+---------------------------+------------------------+-------+

+------------------+---------------------------+----------------------------------+------+
| INST             | timestamp                 | ID                               | TT   |
|------------------+---------------------------+----------------------------------+------|
| NSE_EQ:TATAPOWER | 2023-02-10 09:15:00+05:30 | 2d04cb97fd9c4b02a26aa87c3e88e4b1 | SELL |
+------------------+---------------------------+----------------------------------+------+
+----+---------------------------+------------------------+-------+
|    | TIMESTAMP                 | STATE                  | MSG   |
|----+---------------------------+------------------------+-------|
|  0 | 2023-02-10 09:15:00+05:30 | PUT ORDER REQ RECEIVED |       |
|  1 | 2023-02-10 09:15:00+05:30 | VALIDATION PENDING     |       |
|  2 | 2023-02-10 09:15:00+05:30 | REJECTED               |       |
+----+---------------------------+------------------------+-------+

+------------------+---------------------------+----------------------------------+------+
| INST             | timestamp                 | ID                               | TT   |
|------------------+---------------------------+----------------------------------+------|
| NSE_EQ:TATAPOWER | 2023-02-13 09:15:00+05:30 | 1719950b6b2444d68b517eb4628f21be | SELL |
+------------------+---------------------------+----------------------------------+------+
+----+---------------------------+------------------------+-------+
|    | TIMESTAMP                 | STATE                  | MSG   |
|----+---------------------------+------------------------+-------|
|  0 | 2023-02-13 09:15:00+05:30 | PUT ORDER REQ RECEIVED |       |
|  1 | 2023-02-13 09:15:00+05:30 | VALIDATION PENDING     |       |
|  2 | 2023-02-13 09:15:00+05:30 | REJECTED               |       |
+----+---------------------------+------------------------+-------+

+------------------+---------------------------+----------------------------------+------+
| INST             | timestamp                 | ID                               | TT   |
|------------------+---------------------------+----------------------------------+------|
| NSE_EQ:TATAPOWER | 2023-02-14 09:15:00+05:30 | 459c539ce10e4617b5c7c3e983047f7e | SELL |
+------------------+---------------------------+----------------------------------+------+
+----+---------------------------+------------------------+-------+
|    | TIMESTAMP                 | STATE                  | MSG   |
|----+---------------------------+------------------------+-------|
|  0 | 2023-02-14 09:15:00+05:30 | PUT ORDER REQ RECEIVED |       |
|  1 | 2023-02-14 09:15:00+05:30 | VALIDATION PENDING     |       |
|  2 | 2023-02-14 09:15:00+05:30 | REJECTED               |       |
+----+---------------------------+------------------------+-------+

+------------------+---------------------------+----------------------------------+------+
| INST             | timestamp                 | ID                               | TT   |
|------------------+---------------------------+----------------------------------+------|
| NSE_EQ:TATAPOWER | 2023-02-15 09:15:00+05:30 | 391e1df1a58e477298e0a469393dde30 | SELL |
+------------------+---------------------------+----------------------------------+------+
+----+---------------------------+------------------------+-------+
|    | TIMESTAMP                 | STATE                  | MSG   |
|----+---------------------------+------------------------+-------|
|  0 | 2023-02-15 09:15:00+05:30 | PUT ORDER REQ RECEIVED |       |
|  1 | 2023-02-15 09:15:00+05:30 | VALIDATION PENDING     |       |
|  2 | 2023-02-15 09:15:00+05:30 | REJECTED               |       |
+----+---------------------------+------------------------+-------+

+------------------+---------------------------+----------------------------------+------+
| INST             | timestamp                 | ID                               | TT   |
|------------------+---------------------------+----------------------------------+------|
| NSE_EQ:TATAPOWER | 2023-02-16 09:15:00+05:30 | 3e93ba54cd144ac3b5a0fc81c3073d5f | SELL |
+------------------+---------------------------+----------------------------------+------+
+----+---------------------------+------------------------+-------+
|    | TIMESTAMP                 | STATE                  | MSG   |
|----+---------------------------+------------------------+-------|
|  0 | 2023-02-16 09:15:00+05:30 | PUT ORDER REQ RECEIVED |       |
|  1 | 2023-02-16 09:15:00+05:30 | VALIDATION PENDING     |       |
|  2 | 2023-02-16 09:15:00+05:30 | REJECTED               |       |
+----+---------------------------+------------------------+-------+

+------------------+---------------------------+----------------------------------+------+
| INST             | timestamp                 | ID                               | TT   |
|------------------+---------------------------+----------------------------------+------|
| NSE_EQ:TATAPOWER | 2023-02-17 09:15:00+05:30 | 154654789ad14d759f38e85ced2e08a3 | SELL |
+------------------+---------------------------+----------------------------------+------+
+----+---------------------------+------------------------+-------+
|    | TIMESTAMP                 | STATE                  | MSG   |
|----+---------------------------+------------------------+-------|
|  0 | 2023-02-17 09:15:00+05:30 | PUT ORDER REQ RECEIVED |       |
|  1 | 2023-02-17 09:15:00+05:30 | VALIDATION PENDING     |       |
|  2 | 2023-02-17 09:15:00+05:30 | REJECTED               |       |
+----+---------------------------+------------------------+-------+

+------------------+---------------------------+----------------------------------+------+
| INST             | timestamp                 | ID                               | TT   |
|------------------+---------------------------+----------------------------------+------|
| NSE_EQ:TATAPOWER | 2023-02-20 09:15:00+05:30 | 768351e2c11248068832c5ea0355590a | SELL |
+------------------+---------------------------+----------------------------------+------+
+----+---------------------------+------------------------+-------+
|    | TIMESTAMP                 | STATE                  | MSG   |
|----+---------------------------+------------------------+-------|
|  0 | 2023-02-20 09:15:00+05:30 | PUT ORDER REQ RECEIVED |       |
|  1 | 2023-02-20 09:15:00+05:30 | VALIDATION PENDING     |       |
|  2 | 2023-02-20 09:15:00+05:30 | REJECTED               |       |
+----+---------------------------+------------------------+-------+

+------------------+---------------------------+----------------------------------+------+
| INST             | timestamp                 | ID                               | TT   |
|------------------+---------------------------+----------------------------------+------|
| NSE_EQ:TATAPOWER | 2023-02-21 09:15:00+05:30 | a83199d82057440487c2f04b59d6ab77 | SELL |
+------------------+---------------------------+----------------------------------+------+
+----+---------------------------+------------------------+-------+
|    | TIMESTAMP                 | STATE                  | MSG   |
|----+---------------------------+------------------------+-------|
|  0 | 2023-02-21 09:15:00+05:30 | PUT ORDER REQ RECEIVED |       |
|  1 | 2023-02-21 09:15:00+05:30 | VALIDATION PENDING     |       |
|  2 | 2023-02-21 09:15:00+05:30 | REJECTED               |       |
+----+---------------------------+------------------------+-------+

+------------------+---------------------------+----------------------------------+------+
| INST             | timestamp                 | ID                               | TT   |
|------------------+---------------------------+----------------------------------+------|
| NSE_EQ:TATAPOWER | 2023-02-22 09:15:00+05:30 | 3bdbc847e5ca47cfa40e079a260244fb | BUY  |
+------------------+---------------------------+----------------------------------+------+
+----+---------------------------+------------------------+-------+
|    | TIMESTAMP                 | STATE                  | MSG   |
|----+---------------------------+------------------------+-------|
|  0 | 2023-02-22 09:15:00+05:30 | PUT ORDER REQ RECEIVED |       |
|  1 | 2023-02-22 09:15:00+05:30 | VALIDATION PENDING     |       |
|  2 | 2023-02-22 09:15:00+05:30 | OPEN PENDING           |       |
|  3 | 2023-02-22 09:15:00+05:30 | OPEN                   |       |
|  4 | 2023-02-22 09:15:00+05:30 | COMPLETE               |       |
+----+---------------------------+------------------------+-------+

+------------------+---------------------------+----------------------------------+------+
| INST             | timestamp                 | ID                               | TT   |
|------------------+---------------------------+----------------------------------+------|
| NSE_EQ:TATAPOWER | 2023-02-23 09:15:00+05:30 | 65d749af70b04b3c97db43723c9e45c7 | BUY  |
+------------------+---------------------------+----------------------------------+------+
+----+---------------------------+------------------------+-------+
|    | TIMESTAMP                 | STATE                  | MSG   |
|----+---------------------------+------------------------+-------|
|  0 | 2023-02-23 09:15:00+05:30 | PUT ORDER REQ RECEIVED |       |
|  1 | 2023-02-23 09:15:00+05:30 | COMPLETE               |       |
+----+---------------------------+------------------------+-------+

+------------------+---------------------------+----------------------------------+------+
| INST             | timestamp                 | ID                               | TT   |
|------------------+---------------------------+----------------------------------+------|
| NSE_EQ:TATAPOWER | 2023-02-23 09:15:00+05:30 | 3a93dbd9be1b40c696d195dd856fc6ba | SELL |
+------------------+---------------------------+----------------------------------+------+
+----+---------------------------+------------------------+-------+
|    | TIMESTAMP                 | STATE                  | MSG   |
|----+---------------------------+------------------------+-------|
|  0 | 2023-02-23 09:15:00+05:30 | PUT ORDER REQ RECEIVED |       |
|  1 | 2023-02-23 09:15:00+05:30 | VALIDATION PENDING     |       |
|  2 | 2023-02-23 09:15:00+05:30 | OPEN PENDING           |       |
|  3 | 2023-02-23 09:15:00+05:30 | OPEN                   |       |
|  4 | 2023-02-23 09:15:00+05:30 | COMPLETE               |       |
+----+---------------------------+------------------------+-------+

+------------------+---------------------------+----------------------------------+------+
| INST             | timestamp                 | ID                               | TT   |
|------------------+---------------------------+----------------------------------+------|
| NSE_EQ:TATAPOWER | 2023-02-23 09:15:00+05:30 | 9942d70238874987829522042b24acb1 | BUY  |
+------------------+---------------------------+----------------------------------+------+
+----+---------------------------+------------------------+-------+
|    | TIMESTAMP                 | STATE                  | MSG   |
|----+---------------------------+------------------------+-------|
|  0 | 2023-02-23 09:15:00+05:30 | PUT ORDER REQ RECEIVED |       |
|  1 | 2023-02-23 09:15:00+05:30 | VALIDATION PENDING     |       |
|  2 | 2023-02-23 09:15:00+05:30 | OPEN PENDING           |       |
|  3 | 2023-02-23 09:15:00+05:30 | OPEN                   |       |
|  4 | 2023-02-23 09:15:00+05:30 | COMPLETE               |       |
+----+---------------------------+------------------------+-------+

+------------------+---------------------------+----------------------------------+------+
| INST             | timestamp                 | ID                               | TT   |
|------------------+---------------------------+----------------------------------+------|
| NSE_EQ:TATAPOWER | 2023-02-24 09:15:00+05:30 | 18e633955448487798a61cdc5a82ef16 | BUY  |
+------------------+---------------------------+----------------------------------+------+
+----+---------------------------+------------------------+-------+
|    | TIMESTAMP                 | STATE                  | MSG   |
|----+---------------------------+------------------------+-------|
|  0 | 2023-02-24 09:15:00+05:30 | PUT ORDER REQ RECEIVED |       |
|  1 | 2023-02-24 09:15:00+05:30 | COMPLETE               |       |
+----+---------------------------+------------------------+-------+

+------------------+---------------------------+----------------------------------+------+
| INST             | timestamp                 | ID                               | TT   |
|------------------+---------------------------+----------------------------------+------|
| NSE_EQ:TATAPOWER | 2023-02-24 09:15:00+05:30 | d0e36e63394743e3a97192df9ade17e9 | SELL |
+------------------+---------------------------+----------------------------------+------+
+----+---------------------------+------------------------+-------+
|    | TIMESTAMP                 | STATE                  | MSG   |
|----+---------------------------+------------------------+-------|
|  0 | 2023-02-24 09:15:00+05:30 | PUT ORDER REQ RECEIVED |       |
|  1 | 2023-02-24 09:15:00+05:30 | VALIDATION PENDING     |       |
|  2 | 2023-02-24 09:15:00+05:30 | OPEN PENDING           |       |
|  3 | 2023-02-24 09:15:00+05:30 | OPEN                   |       |
|  4 | 2023-02-24 09:15:00+05:30 | COMPLETE               |       |
+----+---------------------------+------------------------+-------+

+------------------+---------------------------+----------------------------------+------+
| INST             | timestamp                 | ID                               | TT   |
|------------------+---------------------------+----------------------------------+------|
| NSE_EQ:TATAPOWER | 2023-02-24 09:15:00+05:30 | ba995845cd214f079b948839431c0acc | BUY  |
+------------------+---------------------------+----------------------------------+------+
+----+---------------------------+------------------------+-------+
|    | TIMESTAMP                 | STATE                  | MSG   |
|----+---------------------------+------------------------+-------|
|  0 | 2023-02-24 09:15:00+05:30 | PUT ORDER REQ RECEIVED |       |
|  1 | 2023-02-24 09:15:00+05:30 | VALIDATION PENDING     |       |
|  2 | 2023-02-24 09:15:00+05:30 | OPEN PENDING           |       |
|  3 | 2023-02-24 09:15:00+05:30 | OPEN                   |       |
|  4 | 2023-02-24 09:15:00+05:30 | COMPLETE               |       |
+----+---------------------------+------------------------+-------+