

+------------+---------------------------+----------------------------------+------+
| INST       | timestamp                 | ID                               | TT   |
|------------+---------------------------+----------------------------------+------|
| NSE_EQ:DLF | 2023-01-02 10:15:00+05:30 | bfcfed2b2cfe4702adbec846efea1e10 | BUY  |
+------------+---------------------------+----------------------------------+------+
+----+---------------------------+------------------------+-------+
|    | TIMESTAMP                 | STATE                  | MSG   |
|----+---------------------------+------------------------+-------|
|  0 | 2023-01-02 10:15:00+05:30 | PUT ORDER REQ RECEIVED |       |
|  1 | 2023-01-02 10:15:00+05:30 | VALIDATION PENDING     |       |
|  2 | 2023-01-02 10:15:00+05:30 | OPEN PENDING           |       |
|  3 | 2023-01-02 10:15:00+05:30 | OPEN                   |       |
|  4 | 2023-01-02 10:15:00+05:30 | COMPLETE               |       |
+----+---------------------------+------------------------+-------+

+------------+---------------------------+----------------------------------+------+
| INST       | timestamp                 | ID                               | TT   |
|------------+---------------------------+----------------------------------+------|
| NSE_EQ:DLF | 2023-01-02 13:15:00+05:30 | a32f02af17824dc081c94bccb0c4294a | SELL |
+------------+---------------------------+----------------------------------+------+
+----+---------------------------+------------------------+-------+
|    | TIMESTAMP                 | STATE                  | MSG   |
|----+---------------------------+------------------------+-------|
|  0 | 2023-01-02 13:15:00+05:30 | PUT ORDER REQ RECEIVED |       |
|  1 | 2023-01-02 13:15:00+05:30 | VALIDATION PENDING     |       |
|  2 | 2023-01-02 13:15:00+05:30 | OPEN PENDING           |       |
|  3 | 2023-01-02 13:15:00+05:30 | OPEN                   |       |
|  4 | 2023-01-02 13:15:00+05:30 | COMPLETE               |       |
+----+---------------------------+------------------------+-------+

+------------+---------------------------+----------------------------------+------+
| INST       | timestamp                 | ID                               | TT   |
|------------+---------------------------+----------------------------------+------|
| NSE_EQ:DLF | 2023-01-02 13:15:00+05:30 | 8ad7443484374116b8e825db7c9f7842 | SELL |
+------------+---------------------------+----------------------------------+------+
+----+---------------------------+------------------------+-------+
|    | TIMESTAMP                 | STATE                  | MSG   |
|----+---------------------------+------------------------+-------|
|  0 | 2023-01-02 13:15:00+05:30 | PUT ORDER REQ RECEIVED |       |
|  1 | 2023-01-02 13:15:00+05:30 | VALIDATION PENDING     |       |
|  2 | 2023-01-02 13:15:00+05:30 | REJECTED               |       |
+----+---------------------------+------------------------+-------+

+------------+---------------------------+----------------------------------+------+
| INST       | timestamp                 | ID                               | TT   |
|------------+---------------------------+----------------------------------+------|
| NSE_EQ:DLF | 2023-01-03 09:15:00+05:30 | 811a835f55cf427ab858504cb425a4ee | BUY  |
+------------+---------------------------+----------------------------------+------+
+----+---------------------------+------------------------+-------+
|    | TIMESTAMP                 | STATE                  | MSG   |
|----+---------------------------+------------------------+-------|
|  0 | 2023-01-03 09:15:00+05:30 | PUT ORDER REQ RECEIVED |       |
|  1 | 2023-01-03 09:15:00+05:30 | VALIDATION PENDING     |       |
|  2 | 2023-01-03 09:15:00+05:30 | OPEN PENDING           |       |
|  3 | 2023-01-03 09:15:00+05:30 | OPEN                   |       |
|  4 | 2023-01-03 09:15:00+05:30 | COMPLETE               |       |
+----+---------------------------+------------------------+-------+

+------------+---------------------------+----------------------------------+------+
| INST       | timestamp                 | ID                               | TT   |
|------------+---------------------------+----------------------------------+------|
| NSE_EQ:DLF | 2023-01-03 11:15:00+05:30 | 34ce5d0b502e4ea0a7db36578627d745 | SELL |
+------------+---------------------------+----------------------------------+------+
+----+---------------------------+------------------------+-------+
|    | TIMESTAMP                 | STATE                  | MSG   |
|----+---------------------------+------------------------+-------|
|  0 | 2023-01-03 11:15:00+05:30 | PUT ORDER REQ RECEIVED |       |
|  1 | 2023-01-03 11:15:00+05:30 | VALIDATION PENDING     |       |
|  2 | 2023-01-03 11:15:00+05:30 | OPEN PENDING           |       |
|  3 | 2023-01-03 11:15:00+05:30 | OPEN                   |       |
|  4 | 2023-01-03 11:15:00+05:30 | COMPLETE               |       |
+----+---------------------------+------------------------+-------+

+------------+---------------------------+----------------------------------+------+
| INST       | timestamp                 | ID                               | TT   |
|------------+---------------------------+----------------------------------+------|
| NSE_EQ:DLF | 2023-01-03 11:15:00+05:30 | 84918f0ccdf048f7928330b483d5d89c | SELL |
+------------+---------------------------+----------------------------------+------+
+----+---------------------------+------------------------+-------+
|    | TIMESTAMP                 | STATE                  | MSG   |
|----+---------------------------+------------------------+-------|
|  0 | 2023-01-03 11:15:00+05:30 | PUT ORDER REQ RECEIVED |       |
|  1 | 2023-01-03 11:15:00+05:30 | VALIDATION PENDING     |       |
|  2 | 2023-01-03 11:15:00+05:30 | REJECTED               |       |
+----+---------------------------+------------------------+-------+

+------------+---------------------------+----------------------------------+------+
| INST       | timestamp                 | ID                               | TT   |
|------------+---------------------------+----------------------------------+------|
| NSE_EQ:DLF | 2023-01-04 13:15:00+05:30 | 492cf16b05874020bec357ede6820d8f | BUY  |
+------------+---------------------------+----------------------------------+------+
+----+---------------------------+------------------------+-------+
|    | TIMESTAMP                 | STATE                  | MSG   |
|----+---------------------------+------------------------+-------|
|  0 | 2023-01-04 13:15:00+05:30 | PUT ORDER REQ RECEIVED |       |
|  1 | 2023-01-04 13:15:00+05:30 | VALIDATION PENDING     |       |
|  2 | 2023-01-04 13:15:00+05:30 | OPEN PENDING           |       |
|  3 | 2023-01-04 13:15:00+05:30 | OPEN                   |       |
|  4 | 2023-01-04 13:15:00+05:30 | COMPLETE               |       |
+----+---------------------------+------------------------+-------+

+------------+---------------------------+----------------------------------+------+
| INST       | timestamp                 | ID                               | TT   |
|------------+---------------------------+----------------------------------+------|
| NSE_EQ:DLF | 2023-01-05 09:15:00+05:30 | f27c151374da4857b3e93fb90f2cf75f | BUY  |
+------------+---------------------------+----------------------------------+------+
+----+---------------------------+------------------------+-------+
|    | TIMESTAMP                 | STATE                  | MSG   |
|----+---------------------------+------------------------+-------|
|  0 | 2023-01-05 09:15:00+05:30 | PUT ORDER REQ RECEIVED |       |
|  1 | 2023-01-05 09:15:00+05:30 | COMPLETE               |       |
+----+---------------------------+------------------------+-------+

+------------+---------------------------+----------------------------------+------+
| INST       | timestamp                 | ID                               | TT   |
|------------+---------------------------+----------------------------------+------|
| NSE_EQ:DLF | 2023-01-05 10:15:00+05:30 | 1aef567b821741cfb068db2f4c4c2761 | SELL |
+------------+---------------------------+----------------------------------+------+
+----+---------------------------+------------------------+-------+
|    | TIMESTAMP                 | STATE                  | MSG   |
|----+---------------------------+------------------------+-------|
|  0 | 2023-01-05 10:15:00+05:30 | PUT ORDER REQ RECEIVED |       |
|  1 | 2023-01-05 10:15:00+05:30 | VALIDATION PENDING     |       |
|  2 | 2023-01-05 10:15:00+05:30 | OPEN PENDING           |       |
|  3 | 2023-01-05 10:15:00+05:30 | OPEN                   |       |
|  4 | 2023-01-05 10:15:00+05:30 | COMPLETE               |       |
+----+---------------------------+------------------------+-------+

+------------+---------------------------+----------------------------------+------+
| INST       | timestamp                 | ID                               | TT   |
|------------+---------------------------+----------------------------------+------|
| NSE_EQ:DLF | 2023-01-05 10:15:00+05:30 | d5e037716a3d4cec8f0bb075ea4f34f3 | BUY  |
+------------+---------------------------+----------------------------------+------+
+----+---------------------------+------------------------+-------+
|    | TIMESTAMP                 | STATE                  | MSG   |
|----+---------------------------+------------------------+-------|
|  0 | 2023-01-05 10:15:00+05:30 | PUT ORDER REQ RECEIVED |       |
|  1 | 2023-01-05 10:15:00+05:30 | VALIDATION PENDING     |       |
|  2 | 2023-01-05 10:15:00+05:30 | OPEN PENDING           |       |
|  3 | 2023-01-05 10:15:00+05:30 | OPEN                   |       |
|  4 | 2023-01-05 10:15:00+05:30 | COMPLETE               |       |
+----+---------------------------+------------------------+-------+

+------------+---------------------------+----------------------------------+------+
| INST       | timestamp                 | ID                               | TT   |
|------------+---------------------------+----------------------------------+------|
| NSE_EQ:DLF | 2023-01-05 12:15:00+05:30 | 4b2ffdc0e1c045379c924330609e1876 | SELL |
+------------+---------------------------+----------------------------------+------+
+----+---------------------------+------------------------+-------+
|    | TIMESTAMP                 | STATE                  | MSG   |
|----+---------------------------+------------------------+-------|
|  0 | 2023-01-05 12:15:00+05:30 | PUT ORDER REQ RECEIVED |       |
|  1 | 2023-01-05 12:15:00+05:30 | VALIDATION PENDING     |       |
|  2 | 2023-01-05 12:15:00+05:30 | OPEN PENDING           |       |
|  3 | 2023-01-05 12:15:00+05:30 | OPEN                   |       |
|  4 | 2023-01-05 12:15:00+05:30 | COMPLETE               |       |
+----+---------------------------+------------------------+-------+

+------------+---------------------------+----------------------------------+------+
| INST       | timestamp                 | ID                               | TT   |
|------------+---------------------------+----------------------------------+------|
| NSE_EQ:DLF | 2023-01-05 12:15:00+05:30 | 1617b4a7a6804c3e833b3e33d19adf7e | SELL |
+------------+---------------------------+----------------------------------+------+
+----+---------------------------+------------------------+-------+
|    | TIMESTAMP                 | STATE                  | MSG   |
|----+---------------------------+------------------------+-------|
|  0 | 2023-01-05 12:15:00+05:30 | PUT ORDER REQ RECEIVED |       |
|  1 | 2023-01-05 12:15:00+05:30 | VALIDATION PENDING     |       |
|  2 | 2023-01-05 12:15:00+05:30 | REJECTED               |       |
+----+---------------------------+------------------------+-------+

+------------+---------------------------+----------------------------------+------+
| INST       | timestamp                 | ID                               | TT   |
|------------+---------------------------+----------------------------------+------|
| NSE_EQ:DLF | 2023-01-06 10:15:00+05:30 | 36b9fa4da6c7496e977686f004a65883 | SELL |
+------------+---------------------------+----------------------------------+------+
+----+---------------------------+------------------------+-------+
|    | TIMESTAMP                 | STATE                  | MSG   |
|----+---------------------------+------------------------+-------|
|  0 | 2023-01-06 10:15:00+05:30 | PUT ORDER REQ RECEIVED |       |
|  1 | 2023-01-06 10:15:00+05:30 | VALIDATION PENDING     |       |
|  2 | 2023-01-06 10:15:00+05:30 | REJECTED               |       |
+----+---------------------------+------------------------+-------+

+------------+---------------------------+----------------------------------+------+
| INST       | timestamp                 | ID                               | TT   |
|------------+---------------------------+----------------------------------+------|
| NSE_EQ:DLF | 2023-01-09 09:15:00+05:30 | f98bf3da23fa46c881a338115b0494ea | SELL |
+------------+---------------------------+----------------------------------+------+
+----+---------------------------+------------------------+-------+
|    | TIMESTAMP                 | STATE                  | MSG   |
|----+---------------------------+------------------------+-------|
|  0 | 2023-01-09 09:15:00+05:30 | PUT ORDER REQ RECEIVED |       |
|  1 | 2023-01-09 09:15:00+05:30 | VALIDATION PENDING     |       |
|  2 | 2023-01-09 09:15:00+05:30 | REJECTED               |       |
+----+---------------------------+------------------------+-------+

+------------+---------------------------+----------------------------------+------+
| INST       | timestamp                 | ID                               | TT   |
|------------+---------------------------+----------------------------------+------|
| NSE_EQ:DLF | 2023-01-10 09:15:00+05:30 | 892eaa83db9c496a9633515c7fa42805 | BUY  |
+------------+---------------------------+----------------------------------+------+
+----+---------------------------+------------------------+-------+
|    | TIMESTAMP                 | STATE                  | MSG   |
|----+---------------------------+------------------------+-------|
|  0 | 2023-01-10 09:15:00+05:30 | PUT ORDER REQ RECEIVED |       |
|  1 | 2023-01-10 09:15:00+05:30 | VALIDATION PENDING     |       |
|  2 | 2023-01-10 09:15:00+05:30 | OPEN PENDING           |       |
|  3 | 2023-01-10 09:15:00+05:30 | OPEN                   |       |
|  4 | 2023-01-10 09:15:00+05:30 | COMPLETE               |       |
+----+---------------------------+------------------------+-------+

+------------+---------------------------+----------------------------------+------+
| INST       | timestamp                 | ID                               | TT   |
|------------+---------------------------+----------------------------------+------|
| NSE_EQ:DLF | 2023-01-10 10:15:00+05:30 | 6724bbf708ba418ca2aa51cfd4b04845 | SELL |
+------------+---------------------------+----------------------------------+------+
+----+---------------------------+------------------------+-------+
|    | TIMESTAMP                 | STATE                  | MSG   |
|----+---------------------------+------------------------+-------|
|  0 | 2023-01-10 10:15:00+05:30 | PUT ORDER REQ RECEIVED |       |
|  1 | 2023-01-10 10:15:00+05:30 | VALIDATION PENDING     |       |
|  2 | 2023-01-10 10:15:00+05:30 | OPEN PENDING           |       |
|  3 | 2023-01-10 10:15:00+05:30 | OPEN                   |       |
|  4 | 2023-01-10 10:15:00+05:30 | COMPLETE               |       |
+----+---------------------------+------------------------+-------+

+------------+---------------------------+----------------------------------+------+
| INST       | timestamp                 | ID                               | TT   |
|------------+---------------------------+----------------------------------+------|
| NSE_EQ:DLF | 2023-01-10 10:15:00+05:30 | f2c231d988864d8986f1203d0b5aaa6d | SELL |
+------------+---------------------------+----------------------------------+------+
+----+---------------------------+------------------------+-------+
|    | TIMESTAMP                 | STATE                  | MSG   |
|----+---------------------------+------------------------+-------|
|  0 | 2023-01-10 10:15:00+05:30 | PUT ORDER REQ RECEIVED |       |
|  1 | 2023-01-10 10:15:00+05:30 | VALIDATION PENDING     |       |
|  2 | 2023-01-10 10:15:00+05:30 | REJECTED               |       |
+----+---------------------------+------------------------+-------+

+------------+---------------------------+----------------------------------+------+
| INST       | timestamp                 | ID                               | TT   |
|------------+---------------------------+----------------------------------+------|
| NSE_EQ:DLF | 2023-01-11 12:15:00+05:30 | 5d05566196134cd2b0754defe78b5681 | SELL |
+------------+---------------------------+----------------------------------+------+
+----+---------------------------+------------------------+-------+
|    | TIMESTAMP                 | STATE                  | MSG   |
|----+---------------------------+------------------------+-------|
|  0 | 2023-01-11 12:15:00+05:30 | PUT ORDER REQ RECEIVED |       |
|  1 | 2023-01-11 12:15:00+05:30 | VALIDATION PENDING     |       |
|  2 | 2023-01-11 12:15:00+05:30 | REJECTED               |       |
+----+---------------------------+------------------------+-------+

+------------+---------------------------+----------------------------------+------+
| INST       | timestamp                 | ID                               | TT   |
|------------+---------------------------+----------------------------------+------|
| NSE_EQ:DLF | 2023-01-12 09:15:00+05:30 | cdfa17e2f1c34234a65e8669467b4772 | BUY  |
+------------+---------------------------+----------------------------------+------+
+----+---------------------------+------------------------+-------+
|    | TIMESTAMP                 | STATE                  | MSG   |
|----+---------------------------+------------------------+-------|
|  0 | 2023-01-12 09:15:00+05:30 | PUT ORDER REQ RECEIVED |       |
|  1 | 2023-01-12 09:15:00+05:30 | VALIDATION PENDING     |       |
|  2 | 2023-01-12 09:15:00+05:30 | OPEN PENDING           |       |
|  3 | 2023-01-12 09:15:00+05:30 | OPEN                   |       |
|  4 | 2023-01-12 09:15:00+05:30 | COMPLETE               |       |
+----+---------------------------+------------------------+-------+

+------------+---------------------------+----------------------------------+------+
| INST       | timestamp                 | ID                               | TT   |
|------------+---------------------------+----------------------------------+------|
| NSE_EQ:DLF | 2023-01-12 14:15:00+05:30 | 6d5f489615cc43108507a2e4f895989c | SELL |
+------------+---------------------------+----------------------------------+------+
+----+---------------------------+------------------------+-------+
|    | TIMESTAMP                 | STATE                  | MSG   |
|----+---------------------------+------------------------+-------|
|  0 | 2023-01-12 14:15:00+05:30 | PUT ORDER REQ RECEIVED |       |
|  1 | 2023-01-12 14:15:00+05:30 | VALIDATION PENDING     |       |
|  2 | 2023-01-12 14:15:00+05:30 | OPEN PENDING           |       |
|  3 | 2023-01-12 14:15:00+05:30 | OPEN                   |       |
|  4 | 2023-01-12 14:15:00+05:30 | COMPLETE               |       |
+----+---------------------------+------------------------+-------+

+------------+---------------------------+----------------------------------+------+
| INST       | timestamp                 | ID                               | TT   |
|------------+---------------------------+----------------------------------+------|
| NSE_EQ:DLF | 2023-01-12 14:15:00+05:30 | b462519591aa48caa403d7096fba34d4 | SELL |
+------------+---------------------------+----------------------------------+------+
+----+---------------------------+------------------------+-------+
|    | TIMESTAMP                 | STATE                  | MSG   |
|----+---------------------------+------------------------+-------|
|  0 | 2023-01-12 14:15:00+05:30 | PUT ORDER REQ RECEIVED |       |
|  1 | 2023-01-12 14:15:00+05:30 | VALIDATION PENDING     |       |
|  2 | 2023-01-12 14:15:00+05:30 | REJECTED               |       |
+----+---------------------------+------------------------+-------+

+------------+---------------------------+----------------------------------+------+
| INST       | timestamp                 | ID                               | TT   |
|------------+---------------------------+----------------------------------+------|
| NSE_EQ:DLF | 2023-01-13 10:15:00+05:30 | eac4e72c555d4cfdbd65b2d51bdf7ef5 | SELL |
+------------+---------------------------+----------------------------------+------+
+----+---------------------------+------------------------+-------+
|    | TIMESTAMP                 | STATE                  | MSG   |
|----+---------------------------+------------------------+-------|
|  0 | 2023-01-13 10:15:00+05:30 | PUT ORDER REQ RECEIVED |       |
|  1 | 2023-01-13 10:15:00+05:30 | VALIDATION PENDING     |       |
|  2 | 2023-01-13 10:15:00+05:30 | REJECTED               |       |
+----+---------------------------+------------------------+-------+

+------------+---------------------------+----------------------------------+------+
| INST       | timestamp                 | ID                               | TT   |
|------------+---------------------------+----------------------------------+------|
| NSE_EQ:DLF | 2023-01-16 14:15:00+05:30 | c1ab0f83214a43149e0c770127d2baf0 | BUY  |
+------------+---------------------------+----------------------------------+------+
+----+---------------------------+------------------------+-------+
|    | TIMESTAMP                 | STATE                  | MSG   |
|----+---------------------------+------------------------+-------|
|  0 | 2023-01-16 14:15:00+05:30 | PUT ORDER REQ RECEIVED |       |
|  1 | 2023-01-16 14:15:00+05:30 | VALIDATION PENDING     |       |
|  2 | 2023-01-16 14:15:00+05:30 | OPEN PENDING           |       |
|  3 | 2023-01-16 14:15:00+05:30 | OPEN                   |       |
|  4 | 2023-01-16 14:15:00+05:30 | COMPLETE               |       |
+----+---------------------------+------------------------+-------+

+------------+---------------------------+----------------------------------+------+
| INST       | timestamp                 | ID                               | TT   |
|------------+---------------------------+----------------------------------+------|
| NSE_EQ:DLF | 2023-01-17 09:15:00+05:30 | 0853467da07f4dffa679812476a38828 | BUY  |
+------------+---------------------------+----------------------------------+------+
+----+---------------------------+------------------------+-------+
|    | TIMESTAMP                 | STATE                  | MSG   |
|----+---------------------------+------------------------+-------|
|  0 | 2023-01-17 09:15:00+05:30 | PUT ORDER REQ RECEIVED |       |
|  1 | 2023-01-17 09:15:00+05:30 | COMPLETE               |       |
+----+---------------------------+------------------------+-------+

+------------+---------------------------+----------------------------------+------+
| INST       | timestamp                 | ID                               | TT   |
|------------+---------------------------+----------------------------------+------|
| NSE_EQ:DLF | 2023-01-17 09:15:00+05:30 | 920ece415bc048b8af1b003a2bff3d26 | SELL |
+------------+---------------------------+----------------------------------+------+
+----+---------------------------+------------------------+-------+
|    | TIMESTAMP                 | STATE                  | MSG   |
|----+---------------------------+------------------------+-------|
|  0 | 2023-01-17 09:15:00+05:30 | PUT ORDER REQ RECEIVED |       |
|  1 | 2023-01-17 09:15:00+05:30 | VALIDATION PENDING     |       |
|  2 | 2023-01-17 09:15:00+05:30 | OPEN PENDING           |       |
|  3 | 2023-01-17 09:15:00+05:30 | OPEN                   |       |
|  4 | 2023-01-17 09:15:00+05:30 | COMPLETE               |       |
+----+---------------------------+------------------------+-------+

+------------+---------------------------+----------------------------------+------+
| INST       | timestamp                 | ID                               | TT   |
|------------+---------------------------+----------------------------------+------|
| NSE_EQ:DLF | 2023-01-17 09:15:00+05:30 | 48143a50aa95427291782dec1466277f | BUY  |
+------------+---------------------------+----------------------------------+------+
+----+---------------------------+------------------------+-------+
|    | TIMESTAMP                 | STATE                  | MSG   |
|----+---------------------------+------------------------+-------|
|  0 | 2023-01-17 09:15:00+05:30 | PUT ORDER REQ RECEIVED |       |
|  1 | 2023-01-17 09:15:00+05:30 | VALIDATION PENDING     |       |
|  2 | 2023-01-17 09:15:00+05:30 | OPEN PENDING           |       |
|  3 | 2023-01-17 09:15:00+05:30 | OPEN                   |       |
|  4 | 2023-01-17 09:15:00+05:30 | COMPLETE               |       |
+----+---------------------------+------------------------+-------+

+------------+---------------------------+----------------------------------+------+
| INST       | timestamp                 | ID                               | TT   |
|------------+---------------------------+----------------------------------+------|
| NSE_EQ:DLF | 2023-01-17 13:15:00+05:30 | a3a5bd65786449789bc67f2a48d1cc49 | SELL |
+------------+---------------------------+----------------------------------+------+
+----+---------------------------+------------------------+-------+
|    | TIMESTAMP                 | STATE                  | MSG   |
|----+---------------------------+------------------------+-------|
|  0 | 2023-01-17 13:15:00+05:30 | PUT ORDER REQ RECEIVED |       |
|  1 | 2023-01-17 13:15:00+05:30 | VALIDATION PENDING     |       |
|  2 | 2023-01-17 13:15:00+05:30 | OPEN PENDING           |       |
|  3 | 2023-01-17 13:15:00+05:30 | OPEN                   |       |
|  4 | 2023-01-17 13:15:00+05:30 | COMPLETE               |       |
+----+---------------------------+------------------------+-------+

+------------+---------------------------+----------------------------------+------+
| INST       | timestamp                 | ID                               | TT   |
|------------+---------------------------+----------------------------------+------|
| NSE_EQ:DLF | 2023-01-17 13:15:00+05:30 | a9cdca88bc4e496c8ad15ff93eaf6029 | SELL |
+------------+---------------------------+----------------------------------+------+
+----+---------------------------+------------------------+-------+
|    | TIMESTAMP                 | STATE                  | MSG   |
|----+---------------------------+------------------------+-------|
|  0 | 2023-01-17 13:15:00+05:30 | PUT ORDER REQ RECEIVED |       |
|  1 | 2023-01-17 13:15:00+05:30 | VALIDATION PENDING     |       |
|  2 | 2023-01-17 13:15:00+05:30 | REJECTED               |       |
+----+---------------------------+------------------------+-------+

+------------+---------------------------+----------------------------------+------+
| INST       | timestamp                 | ID                               | TT   |
|------------+---------------------------+----------------------------------+------|
| NSE_EQ:DLF | 2023-01-18 10:15:00+05:30 | a2fd5d28b62a4113b204c13fac855abf | SELL |
+------------+---------------------------+----------------------------------+------+
+----+---------------------------+------------------------+-------+
|    | TIMESTAMP                 | STATE                  | MSG   |
|----+---------------------------+------------------------+-------|
|  0 | 2023-01-18 10:15:00+05:30 | PUT ORDER REQ RECEIVED |       |
|  1 | 2023-01-18 10:15:00+05:30 | VALIDATION PENDING     |       |
|  2 | 2023-01-18 10:15:00+05:30 | REJECTED               |       |
+----+---------------------------+------------------------+-------+

+------------+---------------------------+----------------------------------+------+
| INST       | timestamp                 | ID                               | TT   |
|------------+---------------------------+----------------------------------+------|
| NSE_EQ:DLF | 2023-01-19 09:15:00+05:30 | e3c13094ced74f96a303b4932b5f2267 | SELL |
+------------+---------------------------+----------------------------------+------+
+----+---------------------------+------------------------+-------+
|    | TIMESTAMP                 | STATE                  | MSG   |
|----+---------------------------+------------------------+-------|
|  0 | 2023-01-19 09:15:00+05:30 | PUT ORDER REQ RECEIVED |       |
|  1 | 2023-01-19 09:15:00+05:30 | VALIDATION PENDING     |       |
|  2 | 2023-01-19 09:15:00+05:30 | REJECTED               |       |
+----+---------------------------+------------------------+-------+

+------------+---------------------------+----------------------------------+------+
| INST       | timestamp                 | ID                               | TT   |
|------------+---------------------------+----------------------------------+------|
| NSE_EQ:DLF | 2023-01-20 10:15:00+05:30 | 70d58601c95f45df97e330e0115b6715 | SELL |
+------------+---------------------------+----------------------------------+------+
+----+---------------------------+------------------------+-------+
|    | TIMESTAMP                 | STATE                  | MSG   |
|----+---------------------------+------------------------+-------|
|  0 | 2023-01-20 10:15:00+05:30 | PUT ORDER REQ RECEIVED |       |
|  1 | 2023-01-20 10:15:00+05:30 | VALIDATION PENDING     |       |
|  2 | 2023-01-20 10:15:00+05:30 | REJECTED               |       |
+----+---------------------------+------------------------+-------+

+------------+---------------------------+----------------------------------+------+
| INST       | timestamp                 | ID                               | TT   |
|------------+---------------------------+----------------------------------+------|
| NSE_EQ:DLF | 2023-01-23 10:15:00+05:30 | c021cf66bfd049a8ab553a8b178ef03f | BUY  |
+------------+---------------------------+----------------------------------+------+
+----+---------------------------+------------------------+-------+
|    | TIMESTAMP                 | STATE                  | MSG   |
|----+---------------------------+------------------------+-------|
|  0 | 2023-01-23 10:15:00+05:30 | PUT ORDER REQ RECEIVED |       |
|  1 | 2023-01-23 10:15:00+05:30 | VALIDATION PENDING     |       |
|  2 | 2023-01-23 10:15:00+05:30 | OPEN PENDING           |       |
|  3 | 2023-01-23 10:15:00+05:30 | OPEN                   |       |
|  4 | 2023-01-23 10:15:00+05:30 | COMPLETE               |       |
+----+---------------------------+------------------------+-------+

+------------+---------------------------+----------------------------------+------+
| INST       | timestamp                 | ID                               | TT   |
|------------+---------------------------+----------------------------------+------|
| NSE_EQ:DLF | 2023-01-24 09:15:00+05:30 | 61d57abd96f94bdfa52d1e114fbec76d | BUY  |
+------------+---------------------------+----------------------------------+------+
+----+---------------------------+------------------------+-------+
|    | TIMESTAMP                 | STATE                  | MSG   |
|----+---------------------------+------------------------+-------|
|  0 | 2023-01-24 09:15:00+05:30 | PUT ORDER REQ RECEIVED |       |
|  1 | 2023-01-24 09:15:00+05:30 | COMPLETE               |       |
+----+---------------------------+------------------------+-------+

+------------+---------------------------+----------------------------------+------+
| INST       | timestamp                 | ID                               | TT   |
|------------+---------------------------+----------------------------------+------|
| NSE_EQ:DLF | 2023-01-24 09:15:00+05:30 | 6cf29552bdce4eb78df48e405237c187 | SELL |
+------------+---------------------------+----------------------------------+------+
+----+---------------------------+------------------------+-------+
|    | TIMESTAMP                 | STATE                  | MSG   |
|----+---------------------------+------------------------+-------|
|  0 | 2023-01-24 09:15:00+05:30 | PUT ORDER REQ RECEIVED |       |
|  1 | 2023-01-24 09:15:00+05:30 | VALIDATION PENDING     |       |
|  2 | 2023-01-24 09:15:00+05:30 | OPEN PENDING           |       |
|  3 | 2023-01-24 09:15:00+05:30 | OPEN                   |       |
|  4 | 2023-01-24 09:15:00+05:30 | COMPLETE               |       |
+----+---------------------------+------------------------+-------+

+------------+---------------------------+----------------------------------+------+
| INST       | timestamp                 | ID                               | TT   |
|------------+---------------------------+----------------------------------+------|
| NSE_EQ:DLF | 2023-01-24 09:15:00+05:30 | 242ec182bfad44548256dad1fb2d1c2d | SELL |
+------------+---------------------------+----------------------------------+------+
+----+---------------------------+------------------------+-------+
|    | TIMESTAMP                 | STATE                  | MSG   |
|----+---------------------------+------------------------+-------|
|  0 | 2023-01-24 09:15:00+05:30 | PUT ORDER REQ RECEIVED |       |
|  1 | 2023-01-24 09:15:00+05:30 | VALIDATION PENDING     |       |
|  2 | 2023-01-24 09:15:00+05:30 | REJECTED               |       |
+----+---------------------------+------------------------+-------+

+------------+---------------------------+----------------------------------+------+
| INST       | timestamp                 | ID                               | TT   |
|------------+---------------------------+----------------------------------+------|
| NSE_EQ:DLF | 2023-01-25 10:15:00+05:30 | e700d63bcfd1417aa8ee4a310558d9ec | SELL |
+------------+---------------------------+----------------------------------+------+
+----+---------------------------+------------------------+-------+
|    | TIMESTAMP                 | STATE                  | MSG   |
|----+---------------------------+------------------------+-------|
|  0 | 2023-01-25 10:15:00+05:30 | PUT ORDER REQ RECEIVED |       |
|  1 | 2023-01-25 10:15:00+05:30 | VALIDATION PENDING     |       |
|  2 | 2023-01-25 10:15:00+05:30 | REJECTED               |       |
+----+---------------------------+------------------------+-------+

+------------+---------------------------+----------------------------------+------+
| INST       | timestamp                 | ID                               | TT   |
|------------+---------------------------+----------------------------------+------|
| NSE_EQ:DLF | 2023-01-27 09:15:00+05:30 | 0eb36626860a46ca814c2d88ef5167ad | SELL |
+------------+---------------------------+----------------------------------+------+
+----+---------------------------+------------------------+-------+
|    | TIMESTAMP                 | STATE                  | MSG   |
|----+---------------------------+------------------------+-------|
|  0 | 2023-01-27 09:15:00+05:30 | PUT ORDER REQ RECEIVED |       |
|  1 | 2023-01-27 09:15:00+05:30 | VALIDATION PENDING     |       |
|  2 | 2023-01-27 09:15:00+05:30 | REJECTED               |       |
+----+---------------------------+------------------------+-------+

+------------+---------------------------+----------------------------------+------+
| INST       | timestamp                 | ID                               | TT   |
|------------+---------------------------+----------------------------------+------|
| NSE_EQ:DLF | 2023-01-30 10:15:00+05:30 | 3009d695639a432d971e4a2b7d8a2628 | SELL |
+------------+---------------------------+----------------------------------+------+
+----+---------------------------+------------------------+-------+
|    | TIMESTAMP                 | STATE                  | MSG   |
|----+---------------------------+------------------------+-------|
|  0 | 2023-01-30 10:15:00+05:30 | PUT ORDER REQ RECEIVED |       |
|  1 | 2023-01-30 10:15:00+05:30 | VALIDATION PENDING     |       |
|  2 | 2023-01-30 10:15:00+05:30 | REJECTED               |       |
+----+---------------------------+------------------------+-------+

+------------+---------------------------+----------------------------------+------+
| INST       | timestamp                 | ID                               | TT   |
|------------+---------------------------+----------------------------------+------|
| NSE_EQ:DLF | 2023-01-31 14:15:00+05:30 | 1db861d201784636b2c48f9d515e8ad5 | SELL |
+------------+---------------------------+----------------------------------+------+
+----+---------------------------+------------------------+-------+
|    | TIMESTAMP                 | STATE                  | MSG   |
|----+---------------------------+------------------------+-------|
|  0 | 2023-01-31 14:15:00+05:30 | PUT ORDER REQ RECEIVED |       |
|  1 | 2023-01-31 14:15:00+05:30 | VALIDATION PENDING     |       |
|  2 | 2023-01-31 14:15:00+05:30 | REJECTED               |       |
+----+---------------------------+------------------------+-------+

+------------+---------------------------+----------------------------------+------+
| INST       | timestamp                 | ID                               | TT   |
|------------+---------------------------+----------------------------------+------|
| NSE_EQ:DLF | 2023-02-01 10:15:00+05:30 | f36325168a5a4a27bbcf816e41eaedd6 | BUY  |
+------------+---------------------------+----------------------------------+------+
+----+---------------------------+------------------------+-------+
|    | TIMESTAMP                 | STATE                  | MSG   |
|----+---------------------------+------------------------+-------|
|  0 | 2023-02-01 10:15:00+05:30 | PUT ORDER REQ RECEIVED |       |
|  1 | 2023-02-01 10:15:00+05:30 | VALIDATION PENDING     |       |
|  2 | 2023-02-01 10:15:00+05:30 | OPEN PENDING           |       |
|  3 | 2023-02-01 10:15:00+05:30 | OPEN                   |       |
|  4 | 2023-02-01 10:15:00+05:30 | COMPLETE               |       |
+----+---------------------------+------------------------+-------+

+------------+---------------------------+----------------------------------+------+
| INST       | timestamp                 | ID                               | TT   |
|------------+---------------------------+----------------------------------+------|
| NSE_EQ:DLF | 2023-02-01 12:15:00+05:30 | a50f46dce2074acca8067f62a5dbabe8 | SELL |
+------------+---------------------------+----------------------------------+------+
+----+---------------------------+------------------------+-------+
|    | TIMESTAMP                 | STATE                  | MSG   |
|----+---------------------------+------------------------+-------|
|  0 | 2023-02-01 12:15:00+05:30 | PUT ORDER REQ RECEIVED |       |
|  1 | 2023-02-01 12:15:00+05:30 | VALIDATION PENDING     |       |
|  2 | 2023-02-01 12:15:00+05:30 | OPEN PENDING           |       |
|  3 | 2023-02-01 12:15:00+05:30 | OPEN                   |       |
|  4 | 2023-02-01 12:15:00+05:30 | COMPLETE               |       |
+----+---------------------------+------------------------+-------+

+------------+---------------------------+----------------------------------+------+
| INST       | timestamp                 | ID                               | TT   |
|------------+---------------------------+----------------------------------+------|
| NSE_EQ:DLF | 2023-02-01 12:15:00+05:30 | 9a0a74c22abe4ac49f92d1ce098d7150 | SELL |
+------------+---------------------------+----------------------------------+------+
+----+---------------------------+------------------------+-------+
|    | TIMESTAMP                 | STATE                  | MSG   |
|----+---------------------------+------------------------+-------|
|  0 | 2023-02-01 12:15:00+05:30 | PUT ORDER REQ RECEIVED |       |
|  1 | 2023-02-01 12:15:00+05:30 | VALIDATION PENDING     |       |
|  2 | 2023-02-01 12:15:00+05:30 | REJECTED               |       |
+----+---------------------------+------------------------+-------+

+------------+---------------------------+----------------------------------+------+
| INST       | timestamp                 | ID                               | TT   |
|------------+---------------------------+----------------------------------+------|
| NSE_EQ:DLF | 2023-02-02 09:15:00+05:30 | 71b4427fee804763828bfd67ee136e45 | BUY  |
+------------+---------------------------+----------------------------------+------+
+----+---------------------------+------------------------+-------+
|    | TIMESTAMP                 | STATE                  | MSG   |
|----+---------------------------+------------------------+-------|
|  0 | 2023-02-02 09:15:00+05:30 | PUT ORDER REQ RECEIVED |       |
|  1 | 2023-02-02 09:15:00+05:30 | VALIDATION PENDING     |       |
|  2 | 2023-02-02 09:15:00+05:30 | OPEN PENDING           |       |
|  3 | 2023-02-02 09:15:00+05:30 | OPEN                   |       |
|  4 | 2023-02-02 09:15:00+05:30 | COMPLETE               |       |
+----+---------------------------+------------------------+-------+

+------------+---------------------------+----------------------------------+------+
| INST       | timestamp                 | ID                               | TT   |
|------------+---------------------------+----------------------------------+------|
| NSE_EQ:DLF | 2023-02-02 10:15:00+05:30 | 838f65581aae480092d8e0ffebc8846b | SELL |
+------------+---------------------------+----------------------------------+------+
+----+---------------------------+------------------------+-------+
|    | TIMESTAMP                 | STATE                  | MSG   |
|----+---------------------------+------------------------+-------|
|  0 | 2023-02-02 10:15:00+05:30 | PUT ORDER REQ RECEIVED |       |
|  1 | 2023-02-02 10:15:00+05:30 | VALIDATION PENDING     |       |
|  2 | 2023-02-02 10:15:00+05:30 | OPEN PENDING           |       |
|  3 | 2023-02-02 10:15:00+05:30 | OPEN                   |       |
|  4 | 2023-02-02 10:15:00+05:30 | COMPLETE               |       |
+----+---------------------------+------------------------+-------+

+------------+---------------------------+----------------------------------+------+
| INST       | timestamp                 | ID                               | TT   |
|------------+---------------------------+----------------------------------+------|
| NSE_EQ:DLF | 2023-02-02 10:15:00+05:30 | e42c610dff28481a99d758e0dcc52dc6 | SELL |
+------------+---------------------------+----------------------------------+------+
+----+---------------------------+------------------------+-------+
|    | TIMESTAMP                 | STATE                  | MSG   |
|----+---------------------------+------------------------+-------|
|  0 | 2023-02-02 10:15:00+05:30 | PUT ORDER REQ RECEIVED |       |
|  1 | 2023-02-02 10:15:00+05:30 | VALIDATION PENDING     |       |
|  2 | 2023-02-02 10:15:00+05:30 | REJECTED               |       |
+----+---------------------------+------------------------+-------+

+------------+---------------------------+----------------------------------+------+
| INST       | timestamp                 | ID                               | TT   |
|------------+---------------------------+----------------------------------+------|
| NSE_EQ:DLF | 2023-02-03 09:15:00+05:30 | 68e16f45bdb54eed8fe58b9c9a4ac03b | SELL |
+------------+---------------------------+----------------------------------+------+
+----+---------------------------+------------------------+-------+
|    | TIMESTAMP                 | STATE                  | MSG   |
|----+---------------------------+------------------------+-------|
|  0 | 2023-02-03 09:15:00+05:30 | PUT ORDER REQ RECEIVED |       |
|  1 | 2023-02-03 09:15:00+05:30 | VALIDATION PENDING     |       |
|  2 | 2023-02-03 09:15:00+05:30 | REJECTED               |       |
+----+---------------------------+------------------------+-------+

+------------+---------------------------+----------------------------------+------+
| INST       | timestamp                 | ID                               | TT   |
|------------+---------------------------+----------------------------------+------|
| NSE_EQ:DLF | 2023-02-06 11:15:00+05:30 | 1d0777c7ddbe4cf7b89be1a26da4e17a | SELL |
+------------+---------------------------+----------------------------------+------+
+----+---------------------------+------------------------+-------+
|    | TIMESTAMP                 | STATE                  | MSG   |
|----+---------------------------+------------------------+-------|
|  0 | 2023-02-06 11:15:00+05:30 | PUT ORDER REQ RECEIVED |       |
|  1 | 2023-02-06 11:15:00+05:30 | VALIDATION PENDING     |       |
|  2 | 2023-02-06 11:15:00+05:30 | REJECTED               |       |
+----+---------------------------+------------------------+-------+

+------------+---------------------------+----------------------------------+------+
| INST       | timestamp                 | ID                               | TT   |
|------------+---------------------------+----------------------------------+------|
| NSE_EQ:DLF | 2023-02-07 11:15:00+05:30 | 0686b394d4f24655bb18c518c3188983 | SELL |
+------------+---------------------------+----------------------------------+------+
+----+---------------------------+------------------------+-------+
|    | TIMESTAMP                 | STATE                  | MSG   |
|----+---------------------------+------------------------+-------|
|  0 | 2023-02-07 11:15:00+05:30 | PUT ORDER REQ RECEIVED |       |
|  1 | 2023-02-07 11:15:00+05:30 | VALIDATION PENDING     |       |
|  2 | 2023-02-07 11:15:00+05:30 | REJECTED               |       |
+----+---------------------------+------------------------+-------+

+------------+---------------------------+----------------------------------+------+
| INST       | timestamp                 | ID                               | TT   |
|------------+---------------------------+----------------------------------+------|
| NSE_EQ:DLF | 2023-02-08 09:15:00+05:30 | 0a27b3d20ad5463ba0df0f513de8345c | SELL |
+------------+---------------------------+----------------------------------+------+
+----+---------------------------+------------------------+-------+
|    | TIMESTAMP                 | STATE                  | MSG   |
|----+---------------------------+------------------------+-------|
|  0 | 2023-02-08 09:15:00+05:30 | PUT ORDER REQ RECEIVED |       |
|  1 | 2023-02-08 09:15:00+05:30 | VALIDATION PENDING     |       |
|  2 | 2023-02-08 09:15:00+05:30 | REJECTED               |       |
+----+---------------------------+------------------------+-------+

+------------+---------------------------+----------------------------------+------+
| INST       | timestamp                 | ID                               | TT   |
|------------+---------------------------+----------------------------------+------|
| NSE_EQ:DLF | 2023-02-09 09:15:00+05:30 | 9eedc7ceb87c42cfbb92dfd503e3a911 | SELL |
+------------+---------------------------+----------------------------------+------+
+----+---------------------------+------------------------+-------+
|    | TIMESTAMP                 | STATE                  | MSG   |
|----+---------------------------+------------------------+-------|
|  0 | 2023-02-09 09:15:00+05:30 | PUT ORDER REQ RECEIVED |       |
|  1 | 2023-02-09 09:15:00+05:30 | VALIDATION PENDING     |       |
|  2 | 2023-02-09 09:15:00+05:30 | REJECTED               |       |
+----+---------------------------+------------------------+-------+

+------------+---------------------------+----------------------------------+------+
| INST       | timestamp                 | ID                               | TT   |
|------------+---------------------------+----------------------------------+------|
| NSE_EQ:DLF | 2023-02-10 09:15:00+05:30 | 3abfc51fe81e4c239bdf27ba70f4c58c | SELL |
+------------+---------------------------+----------------------------------+------+
+----+---------------------------+------------------------+-------+
|    | TIMESTAMP                 | STATE                  | MSG   |
|----+---------------------------+------------------------+-------|
|  0 | 2023-02-10 09:15:00+05:30 | PUT ORDER REQ RECEIVED |       |
|  1 | 2023-02-10 09:15:00+05:30 | VALIDATION PENDING     |       |
|  2 | 2023-02-10 09:15:00+05:30 | REJECTED               |       |
+----+---------------------------+------------------------+-------+

+------------+---------------------------+----------------------------------+------+
| INST       | timestamp                 | ID                               | TT   |
|------------+---------------------------+----------------------------------+------|
| NSE_EQ:DLF | 2023-02-13 10:15:00+05:30 | 3d4d8ea1188448749ea69af2bcfaa401 | SELL |
+------------+---------------------------+----------------------------------+------+
+----+---------------------------+------------------------+-------+
|    | TIMESTAMP                 | STATE                  | MSG   |
|----+---------------------------+------------------------+-------|
|  0 | 2023-02-13 10:15:00+05:30 | PUT ORDER REQ RECEIVED |       |
|  1 | 2023-02-13 10:15:00+05:30 | VALIDATION PENDING     |       |
|  2 | 2023-02-13 10:15:00+05:30 | REJECTED               |       |
+----+---------------------------+------------------------+-------+

+------------+---------------------------+----------------------------------+------+
| INST       | timestamp                 | ID                               | TT   |
|------------+---------------------------+----------------------------------+------|
| NSE_EQ:DLF | 2023-02-14 09:15:00+05:30 | f664fb0f9e75475e90cdce76afe56add | SELL |
+------------+---------------------------+----------------------------------+------+
+----+---------------------------+------------------------+-------+
|    | TIMESTAMP                 | STATE                  | MSG   |
|----+---------------------------+------------------------+-------|
|  0 | 2023-02-14 09:15:00+05:30 | PUT ORDER REQ RECEIVED |       |
|  1 | 2023-02-14 09:15:00+05:30 | VALIDATION PENDING     |       |
|  2 | 2023-02-14 09:15:00+05:30 | REJECTED               |       |
+----+---------------------------+------------------------+-------+

+------------+---------------------------+----------------------------------+------+
| INST       | timestamp                 | ID                               | TT   |
|------------+---------------------------+----------------------------------+------|
| NSE_EQ:DLF | 2023-02-15 09:15:00+05:30 | e5db5930fc374527b59153df92c3a562 | SELL |
+------------+---------------------------+----------------------------------+------+
+----+---------------------------+------------------------+-------+
|    | TIMESTAMP                 | STATE                  | MSG   |
|----+---------------------------+------------------------+-------|
|  0 | 2023-02-15 09:15:00+05:30 | PUT ORDER REQ RECEIVED |       |
|  1 | 2023-02-15 09:15:00+05:30 | VALIDATION PENDING     |       |
|  2 | 2023-02-15 09:15:00+05:30 | REJECTED               |       |
+----+---------------------------+------------------------+-------+

+------------+---------------------------+----------------------------------+------+
| INST       | timestamp                 | ID                               | TT   |
|------------+---------------------------+----------------------------------+------|
| NSE_EQ:DLF | 2023-02-16 12:15:00+05:30 | 92cee33d37b146c3b2e8528162523268 | SELL |
+------------+---------------------------+----------------------------------+------+
+----+---------------------------+------------------------+-------+
|    | TIMESTAMP                 | STATE                  | MSG   |
|----+---------------------------+------------------------+-------|
|  0 | 2023-02-16 12:15:00+05:30 | PUT ORDER REQ RECEIVED |       |
|  1 | 2023-02-16 12:15:00+05:30 | VALIDATION PENDING     |       |
|  2 | 2023-02-16 12:15:00+05:30 | REJECTED               |       |
+----+---------------------------+------------------------+-------+

+------------+---------------------------+----------------------------------+------+
| INST       | timestamp                 | ID                               | TT   |
|------------+---------------------------+----------------------------------+------|
| NSE_EQ:DLF | 2023-02-17 14:15:00+05:30 | e9755f5924ae4fb0897628ed88d2f167 | BUY  |
+------------+---------------------------+----------------------------------+------+
+----+---------------------------+------------------------+-------+
|    | TIMESTAMP                 | STATE                  | MSG   |
|----+---------------------------+------------------------+-------|
|  0 | 2023-02-17 14:15:00+05:30 | PUT ORDER REQ RECEIVED |       |
|  1 | 2023-02-17 14:15:00+05:30 | VALIDATION PENDING     |       |
|  2 | 2023-02-17 14:15:00+05:30 | OPEN PENDING           |       |
|  3 | 2023-02-17 14:15:00+05:30 | OPEN                   |       |
|  4 | 2023-02-17 14:15:00+05:30 | COMPLETE               |       |
+----+---------------------------+------------------------+-------+

+------------+---------------------------+----------------------------------+------+
| INST       | timestamp                 | ID                               | TT   |
|------------+---------------------------+----------------------------------+------|
| NSE_EQ:DLF | 2023-02-20 09:15:00+05:30 | 31d4c2a704a244c6b57c063b24fffdd5 | BUY  |
+------------+---------------------------+----------------------------------+------+
+----+---------------------------+------------------------+-------+
|    | TIMESTAMP                 | STATE                  | MSG   |
|----+---------------------------+------------------------+-------|
|  0 | 2023-02-20 09:15:00+05:30 | PUT ORDER REQ RECEIVED |       |
|  1 | 2023-02-20 09:15:00+05:30 | COMPLETE               |       |
+----+---------------------------+------------------------+-------+

+------------+---------------------------+----------------------------------+------+
| INST       | timestamp                 | ID                               | TT   |
|------------+---------------------------+----------------------------------+------|
| NSE_EQ:DLF | 2023-02-20 09:15:00+05:30 | fb157110dfe64a40a91e63774da1d3cb | SELL |
+------------+---------------------------+----------------------------------+------+
+----+---------------------------+------------------------+-------+
|    | TIMESTAMP                 | STATE                  | MSG   |
|----+---------------------------+------------------------+-------|
|  0 | 2023-02-20 09:15:00+05:30 | PUT ORDER REQ RECEIVED |       |
|  1 | 2023-02-20 09:15:00+05:30 | VALIDATION PENDING     |       |
|  2 | 2023-02-20 09:15:00+05:30 | OPEN PENDING           |       |
|  3 | 2023-02-20 09:15:00+05:30 | OPEN                   |       |
|  4 | 2023-02-20 09:15:00+05:30 | COMPLETE               |       |
+----+---------------------------+------------------------+-------+

+------------+---------------------------+----------------------------------+------+
| INST       | timestamp                 | ID                               | TT   |
|------------+---------------------------+----------------------------------+------|
| NSE_EQ:DLF | 2023-02-20 09:15:00+05:30 | bf5dceef7eb4486e8359df85461d10b6 | SELL |
+------------+---------------------------+----------------------------------+------+
+----+---------------------------+------------------------+-------+
|    | TIMESTAMP                 | STATE                  | MSG   |
|----+---------------------------+------------------------+-------|
|  0 | 2023-02-20 09:15:00+05:30 | PUT ORDER REQ RECEIVED |       |
|  1 | 2023-02-20 09:15:00+05:30 | VALIDATION PENDING     |       |
|  2 | 2023-02-20 09:15:00+05:30 | REJECTED               |       |
+----+---------------------------+------------------------+-------+

+------------+---------------------------+----------------------------------+------+
| INST       | timestamp                 | ID                               | TT   |
|------------+---------------------------+----------------------------------+------|
| NSE_EQ:DLF | 2023-02-21 13:15:00+05:30 | ea93c6e0fd114a7f87ec7d61f0002091 | BUY  |
+------------+---------------------------+----------------------------------+------+
+----+---------------------------+------------------------+-------+
|    | TIMESTAMP                 | STATE                  | MSG   |
|----+---------------------------+------------------------+-------|
|  0 | 2023-02-21 13:15:00+05:30 | PUT ORDER REQ RECEIVED |       |
|  1 | 2023-02-21 13:15:00+05:30 | VALIDATION PENDING     |       |
|  2 | 2023-02-21 13:15:00+05:30 | OPEN PENDING           |       |
|  3 | 2023-02-21 13:15:00+05:30 | OPEN                   |       |
|  4 | 2023-02-21 13:15:00+05:30 | COMPLETE               |       |
+----+---------------------------+------------------------+-------+

+------------+---------------------------+----------------------------------+------+
| INST       | timestamp                 | ID                               | TT   |
|------------+---------------------------+----------------------------------+------|
| NSE_EQ:DLF | 2023-02-22 09:15:00+05:30 | b8d0abe1452946adadd64cd8c55b5ec9 | BUY  |
+------------+---------------------------+----------------------------------+------+
+----+---------------------------+------------------------+-------+
|    | TIMESTAMP                 | STATE                  | MSG   |
|----+---------------------------+------------------------+-------|
|  0 | 2023-02-22 09:15:00+05:30 | PUT ORDER REQ RECEIVED |       |
|  1 | 2023-02-22 09:15:00+05:30 | COMPLETE               |       |
+----+---------------------------+------------------------+-------+

+------------+---------------------------+----------------------------------+------+
| INST       | timestamp                 | ID                               | TT   |
|------------+---------------------------+----------------------------------+------|
| NSE_EQ:DLF | 2023-02-22 10:15:00+05:30 | a9fdffc59a6946e1ac58be8b5df8c949 | SELL |
+------------+---------------------------+----------------------------------+------+
+----+---------------------------+------------------------+-------+
|    | TIMESTAMP                 | STATE                  | MSG   |
|----+---------------------------+------------------------+-------|
|  0 | 2023-02-22 10:15:00+05:30 | PUT ORDER REQ RECEIVED |       |
|  1 | 2023-02-22 10:15:00+05:30 | VALIDATION PENDING     |       |
|  2 | 2023-02-22 10:15:00+05:30 | OPEN PENDING           |       |
|  3 | 2023-02-22 10:15:00+05:30 | OPEN                   |       |
|  4 | 2023-02-22 10:15:00+05:30 | COMPLETE               |       |
+----+---------------------------+------------------------+-------+

+------------+---------------------------+----------------------------------+------+
| INST       | timestamp                 | ID                               | TT   |
|------------+---------------------------+----------------------------------+------|
| NSE_EQ:DLF | 2023-02-22 10:15:00+05:30 | b90bccb8c98d46eba9a40014a193f8a9 | BUY  |
+------------+---------------------------+----------------------------------+------+
+----+---------------------------+------------------------+-------+
|    | TIMESTAMP                 | STATE                  | MSG   |
|----+---------------------------+------------------------+-------|
|  0 | 2023-02-22 10:15:00+05:30 | PUT ORDER REQ RECEIVED |       |
|  1 | 2023-02-22 10:15:00+05:30 | VALIDATION PENDING     |       |
|  2 | 2023-02-22 10:15:00+05:30 | OPEN PENDING           |       |
|  3 | 2023-02-22 10:15:00+05:30 | OPEN                   |       |
|  4 | 2023-02-22 10:15:00+05:30 | COMPLETE               |       |
+----+---------------------------+------------------------+-------+

+------------+---------------------------+----------------------------------+------+
| INST       | timestamp                 | ID                               | TT   |
|------------+---------------------------+----------------------------------+------|
| NSE_EQ:DLF | 2023-02-22 11:15:00+05:30 | 7d4f146a964243ba9c6fd7d51185c071 | SELL |
+------------+---------------------------+----------------------------------+------+
+----+---------------------------+------------------------+-------+
|    | TIMESTAMP                 | STATE                  | MSG   |
|----+---------------------------+------------------------+-------|
|  0 | 2023-02-22 11:15:00+05:30 | PUT ORDER REQ RECEIVED |       |
|  1 | 2023-02-22 11:15:00+05:30 | VALIDATION PENDING     |       |
|  2 | 2023-02-22 11:15:00+05:30 | OPEN PENDING           |       |
|  3 | 2023-02-22 11:15:00+05:30 | OPEN                   |       |
|  4 | 2023-02-22 11:15:00+05:30 | COMPLETE               |       |
+----+---------------------------+------------------------+-------+

+------------+---------------------------+----------------------------------+------+
| INST       | timestamp                 | ID                               | TT   |
|------------+---------------------------+----------------------------------+------|
| NSE_EQ:DLF | 2023-02-22 11:15:00+05:30 | 817a043e3a53425580eb0125e115be5f | SELL |
+------------+---------------------------+----------------------------------+------+
+----+---------------------------+------------------------+-------+
|    | TIMESTAMP                 | STATE                  | MSG   |
|----+---------------------------+------------------------+-------|
|  0 | 2023-02-22 11:15:00+05:30 | PUT ORDER REQ RECEIVED |       |
|  1 | 2023-02-22 11:15:00+05:30 | VALIDATION PENDING     |       |
|  2 | 2023-02-22 11:15:00+05:30 | REJECTED               |       |
+----+---------------------------+------------------------+-------+

+------------+---------------------------+----------------------------------+------+
| INST       | timestamp                 | ID                               | TT   |
|------------+---------------------------+----------------------------------+------|
| NSE_EQ:DLF | 2023-02-23 09:15:00+05:30 | b0c029f861a2477986e3a57890a0d87a | BUY  |
+------------+---------------------------+----------------------------------+------+
+----+---------------------------+------------------------+-------+
|    | TIMESTAMP                 | STATE                  | MSG   |
|----+---------------------------+------------------------+-------|
|  0 | 2023-02-23 09:15:00+05:30 | PUT ORDER REQ RECEIVED |       |
|  1 | 2023-02-23 09:15:00+05:30 | VALIDATION PENDING     |       |
|  2 | 2023-02-23 09:15:00+05:30 | OPEN PENDING           |       |
|  3 | 2023-02-23 09:15:00+05:30 | OPEN                   |       |
|  4 | 2023-02-23 09:15:00+05:30 | COMPLETE               |       |
+----+---------------------------+------------------------+-------+

+------------+---------------------------+----------------------------------+------+
| INST       | timestamp                 | ID                               | TT   |
|------------+---------------------------+----------------------------------+------|
| NSE_EQ:DLF | 2023-02-23 12:15:00+05:30 | a20e94368c2246bbb8cd303713bef6cc | SELL |
+------------+---------------------------+----------------------------------+------+
+----+---------------------------+------------------------+-------+
|    | TIMESTAMP                 | STATE                  | MSG   |
|----+---------------------------+------------------------+-------|
|  0 | 2023-02-23 12:15:00+05:30 | PUT ORDER REQ RECEIVED |       |
|  1 | 2023-02-23 12:15:00+05:30 | VALIDATION PENDING     |       |
|  2 | 2023-02-23 12:15:00+05:30 | OPEN PENDING           |       |
|  3 | 2023-02-23 12:15:00+05:30 | OPEN                   |       |
|  4 | 2023-02-23 12:15:00+05:30 | COMPLETE               |       |
+----+---------------------------+------------------------+-------+

+------------+---------------------------+----------------------------------+------+
| INST       | timestamp                 | ID                               | TT   |
|------------+---------------------------+----------------------------------+------|
| NSE_EQ:DLF | 2023-02-23 12:15:00+05:30 | 91a9f2e9e6ef4b45a8add6c7fd8f82e6 | SELL |
+------------+---------------------------+----------------------------------+------+
+----+---------------------------+------------------------+-------+
|    | TIMESTAMP                 | STATE                  | MSG   |
|----+---------------------------+------------------------+-------|
|  0 | 2023-02-23 12:15:00+05:30 | PUT ORDER REQ RECEIVED |       |
|  1 | 2023-02-23 12:15:00+05:30 | VALIDATION PENDING     |       |
|  2 | 2023-02-23 12:15:00+05:30 | REJECTED               |       |
+----+---------------------------+------------------------+-------+

+------------+---------------------------+----------------------------------+------+
| INST       | timestamp                 | ID                               | TT   |
|------------+---------------------------+----------------------------------+------|
| NSE_EQ:DLF | 2023-02-24 12:15:00+05:30 | 5c806c3a9d9046f2a12dc06aad7fed94 | SELL |
+------------+---------------------------+----------------------------------+------+
+----+---------------------------+------------------------+-------+
|    | TIMESTAMP                 | STATE                  | MSG   |
|----+---------------------------+------------------------+-------|
|  0 | 2023-02-24 12:15:00+05:30 | PUT ORDER REQ RECEIVED |       |
|  1 | 2023-02-24 12:15:00+05:30 | VALIDATION PENDING     |       |
|  2 | 2023-02-24 12:15:00+05:30 | REJECTED               |       |
+----+---------------------------+------------------------+-------+

+------------+---------------------------+----------------------------------+------+
| INST       | timestamp                 | ID                               | TT   |
|------------+---------------------------+----------------------------------+------|
| NSE_EQ:DLF | 2023-02-27 11:15:00+05:30 | ee0b58aafc9f49eba8fc170c229fde83 | BUY  |
+------------+---------------------------+----------------------------------+------+
+----+---------------------------+------------------------+-------+
|    | TIMESTAMP                 | STATE                  | MSG   |
|----+---------------------------+------------------------+-------|
|  0 | 2023-02-27 11:15:00+05:30 | PUT ORDER REQ RECEIVED |       |
|  1 | 2023-02-27 11:15:00+05:30 | VALIDATION PENDING     |       |
|  2 | 2023-02-27 11:15:00+05:30 | OPEN PENDING           |       |
|  3 | 2023-02-27 11:15:00+05:30 | OPEN                   |       |
|  4 | 2023-02-27 11:15:00+05:30 | COMPLETE               |       |
+----+---------------------------+------------------------+-------+

+------------+---------------------------+----------------------------------+------+
| INST       | timestamp                 | ID                               | TT   |
|------------+---------------------------+----------------------------------+------|
| NSE_EQ:DLF | 2023-02-28 09:15:00+05:30 | a55904c4a8da43a8a9d69ba82b8226b0 | BUY  |
+------------+---------------------------+----------------------------------+------+
+----+---------------------------+------------------------+-------+
|    | TIMESTAMP                 | STATE                  | MSG   |
|----+---------------------------+------------------------+-------|
|  0 | 2023-02-28 09:15:00+05:30 | PUT ORDER REQ RECEIVED |       |
|  1 | 2023-02-28 09:15:00+05:30 | COMPLETE               |       |
+----+---------------------------+------------------------+-------+

+------------+---------------------------+----------------------------------+------+
| INST       | timestamp                 | ID                               | TT   |
|------------+---------------------------+----------------------------------+------|
| NSE_EQ:DLF | 2023-02-28 12:15:00+05:30 | 6d4b7b31d2624bb6b1e81df3ced30fa2 | SELL |
+------------+---------------------------+----------------------------------+------+
+----+---------------------------+------------------------+-------+
|    | TIMESTAMP                 | STATE                  | MSG   |
|----+---------------------------+------------------------+-------|
|  0 | 2023-02-28 12:15:00+05:30 | PUT ORDER REQ RECEIVED |       |
|  1 | 2023-02-28 12:15:00+05:30 | VALIDATION PENDING     |       |
|  2 | 2023-02-28 12:15:00+05:30 | OPEN PENDING           |       |
|  3 | 2023-02-28 12:15:00+05:30 | OPEN                   |       |
|  4 | 2023-02-28 12:15:00+05:30 | COMPLETE               |       |
+----+---------------------------+------------------------+-------+

+------------+---------------------------+----------------------------------+------+
| INST       | timestamp                 | ID                               | TT   |
|------------+---------------------------+----------------------------------+------|
| NSE_EQ:DLF | 2023-02-28 12:15:00+05:30 | 33f9010aa447418ba74de7bdb2daa34a | SELL |
+------------+---------------------------+----------------------------------+------+
+----+---------------------------+------------------------+-------+
|    | TIMESTAMP                 | STATE                  | MSG   |
|----+---------------------------+------------------------+-------|
|  0 | 2023-02-28 12:15:00+05:30 | PUT ORDER REQ RECEIVED |       |
|  1 | 2023-02-28 12:15:00+05:30 | VALIDATION PENDING     |       |
|  2 | 2023-02-28 12:15:00+05:30 | REJECTED               |       |
+----+---------------------------+------------------------+-------+