

+-----------------+---------------------------+----------------------------------+------+
| INST            | timestamp                 | ID                               | TT   |
|-----------------+---------------------------+----------------------------------+------|
| NSE_EQ:HDFCBANK | 2023-01-04 13:15:00+05:30 | 97f4a61b23f9463a8dbac846b7d5b24e | BUY  |
+-----------------+---------------------------+----------------------------------+------+
+----+---------------------------+------------------------+-------+
|    | TIMESTAMP                 | STATE                  | MSG   |
|----+---------------------------+------------------------+-------|
|  0 | 2023-01-04 13:15:00+05:30 | PUT ORDER REQ RECEIVED |       |
|  1 | 2023-01-04 13:15:00+05:30 | VALIDATION PENDING     |       |
|  2 | 2023-01-04 13:15:00+05:30 | OPEN PENDING           |       |
|  3 | 2023-01-04 13:15:00+05:30 | OPEN                   |       |
|  4 | 2023-01-04 13:15:00+05:30 | COMPLETE               |       |
+----+---------------------------+------------------------+-------+

+-----------------+---------------------------+----------------------------------+------+
| INST            | timestamp                 | ID                               | TT   |
|-----------------+---------------------------+----------------------------------+------|
| NSE_EQ:HDFCBANK | 2023-01-04 15:15:00+05:30 | 7678fb35727d474d965712f224a02431 | SELL |
+-----------------+---------------------------+----------------------------------+------+
+----+---------------------------+------------------------+-------+
|    | TIMESTAMP                 | STATE                  | MSG   |
|----+---------------------------+------------------------+-------|
|  0 | 2023-01-04 15:15:00+05:30 | PUT ORDER REQ RECEIVED |       |
|  1 | 2023-01-04 15:15:00+05:30 | VALIDATION PENDING     |       |
|  2 | 2023-01-04 15:15:00+05:30 | OPEN PENDING           |       |
|  3 | 2023-01-04 15:15:00+05:30 | OPEN                   |       |
|  4 | 2023-01-04 15:15:00+05:30 | COMPLETE               |       |
+----+---------------------------+------------------------+-------+

+-----------------+---------------------------+----------------------------------+------+
| INST            | timestamp                 | ID                               | TT   |
|-----------------+---------------------------+----------------------------------+------|
| NSE_EQ:HDFCBANK | 2023-01-05 09:15:00+05:30 | 1d4efdb78e9d4adcb394c7b36893851f | BUY  |
+-----------------+---------------------------+----------------------------------+------+
+----+---------------------------+------------------------+-------+
|    | TIMESTAMP                 | STATE                  | MSG   |
|----+---------------------------+------------------------+-------|
|  0 | 2023-01-05 09:15:00+05:30 | PUT ORDER REQ RECEIVED |       |
|  1 | 2023-01-05 09:15:00+05:30 | VALIDATION PENDING     |       |
|  2 | 2023-01-05 09:15:00+05:30 | OPEN PENDING           |       |
|  3 | 2023-01-05 09:15:00+05:30 | OPEN                   |       |
|  4 | 2023-01-05 09:15:00+05:30 | COMPLETE               |       |
+----+---------------------------+------------------------+-------+

+-----------------+---------------------------+----------------------------------+------+
| INST            | timestamp                 | ID                               | TT   |
|-----------------+---------------------------+----------------------------------+------|
| NSE_EQ:HDFCBANK | 2023-01-05 10:15:00+05:30 | 0b6e9bf493634ab9ae34293b178046d7 | SELL |
+-----------------+---------------------------+----------------------------------+------+
+----+---------------------------+------------------------+-------+
|    | TIMESTAMP                 | STATE                  | MSG   |
|----+---------------------------+------------------------+-------|
|  0 | 2023-01-05 10:15:00+05:30 | PUT ORDER REQ RECEIVED |       |
|  1 | 2023-01-05 10:15:00+05:30 | VALIDATION PENDING     |       |
|  2 | 2023-01-05 10:15:00+05:30 | OPEN PENDING           |       |
|  3 | 2023-01-05 10:15:00+05:30 | OPEN                   |       |
|  4 | 2023-01-05 10:15:00+05:30 | COMPLETE               |       |
+----+---------------------------+------------------------+-------+

+-----------------+---------------------------+----------------------------------+------+
| INST            | timestamp                 | ID                               | TT   |
|-----------------+---------------------------+----------------------------------+------|
| NSE_EQ:HDFCBANK | 2023-01-05 15:15:00+05:30 | 3b4932fcf704475cbe2c5097d867f169 | BUY  |
+-----------------+---------------------------+----------------------------------+------+
+----+---------------------------+------------------------+-------+
|    | TIMESTAMP                 | STATE                  | MSG   |
|----+---------------------------+------------------------+-------|
|  0 | 2023-01-05 15:15:00+05:30 | PUT ORDER REQ RECEIVED |       |
|  1 | 2023-01-05 15:15:00+05:30 | VALIDATION PENDING     |       |
|  2 | 2023-01-05 15:15:00+05:30 | OPEN PENDING           |       |
|  3 | 2023-01-05 15:15:00+05:30 | OPEN                   |       |
|  4 | 2023-01-05 15:15:00+05:30 | COMPLETE               |       |
+----+---------------------------+------------------------+-------+

+-----------------+---------------------------+----------------------------------+------+
| INST            | timestamp                 | ID                               | TT   |
|-----------------+---------------------------+----------------------------------+------|
| NSE_EQ:HDFCBANK | 2023-01-05 15:30:00+05:30 | f98b942f475644d3b2b8ec2cb3fd41b5 | SELL |
+-----------------+---------------------------+----------------------------------+------+
+----+---------------------------+------------------------+-------+
|    | TIMESTAMP                 | STATE                  | MSG   |
|----+---------------------------+------------------------+-------|
|  0 | 2023-01-05 15:30:00+05:30 | PUT ORDER REQ RECEIVED |       |
|  1 | 2023-01-05 15:30:00+05:30 | VALIDATION PENDING     |       |
|  2 | 2023-01-05 15:30:00+05:30 | OPEN PENDING           |       |
|  3 | 2023-01-05 15:30:00+05:30 | OPEN                   |       |
|  4 | 2023-01-05 15:30:00+05:30 | COMPLETE               |       |
+----+---------------------------+------------------------+-------+

+-----------------+---------------------------+----------------------------------+------+
| INST            | timestamp                 | ID                               | TT   |
|-----------------+---------------------------+----------------------------------+------|
| NSE_EQ:HDFCBANK | 2023-01-06 12:15:00+05:30 | 0960eeac491148cabeef4f0273582cdb | BUY  |
+-----------------+---------------------------+----------------------------------+------+
+----+---------------------------+------------------------+-------+
|    | TIMESTAMP                 | STATE                  | MSG   |
|----+---------------------------+------------------------+-------|
|  0 | 2023-01-06 12:15:00+05:30 | PUT ORDER REQ RECEIVED |       |
|  1 | 2023-01-06 12:15:00+05:30 | VALIDATION PENDING     |       |
|  2 | 2023-01-06 12:15:00+05:30 | OPEN PENDING           |       |
|  3 | 2023-01-06 12:15:00+05:30 | OPEN                   |       |
|  4 | 2023-01-06 12:15:00+05:30 | COMPLETE               |       |
+----+---------------------------+------------------------+-------+

+-----------------+---------------------------+----------------------------------+------+
| INST            | timestamp                 | ID                               | TT   |
|-----------------+---------------------------+----------------------------------+------|
| NSE_EQ:HDFCBANK | 2023-01-06 13:15:00+05:30 | f8807cf891b84594967fff880aa25ce2 | SELL |
+-----------------+---------------------------+----------------------------------+------+
+----+---------------------------+------------------------+-------+
|    | TIMESTAMP                 | STATE                  | MSG   |
|----+---------------------------+------------------------+-------|
|  0 | 2023-01-06 13:15:00+05:30 | PUT ORDER REQ RECEIVED |       |
|  1 | 2023-01-06 13:15:00+05:30 | VALIDATION PENDING     |       |
|  2 | 2023-01-06 13:15:00+05:30 | OPEN PENDING           |       |
|  3 | 2023-01-06 13:15:00+05:30 | OPEN                   |       |
|  4 | 2023-01-06 13:15:00+05:30 | COMPLETE               |       |
+----+---------------------------+------------------------+-------+

+-----------------+---------------------------+----------------------------------+------+
| INST            | timestamp                 | ID                               | TT   |
|-----------------+---------------------------+----------------------------------+------|
| NSE_EQ:HDFCBANK | 2023-01-06 15:15:00+05:30 | 3ff0db0cbe224bca87f7d4203d0f2b71 | BUY  |
+-----------------+---------------------------+----------------------------------+------+
+----+---------------------------+------------------------+-------+
|    | TIMESTAMP                 | STATE                  | MSG   |
|----+---------------------------+------------------------+-------|
|  0 | 2023-01-06 15:15:00+05:30 | PUT ORDER REQ RECEIVED |       |
|  1 | 2023-01-06 15:15:00+05:30 | VALIDATION PENDING     |       |
|  2 | 2023-01-06 15:15:00+05:30 | OPEN PENDING           |       |
|  3 | 2023-01-06 15:15:00+05:30 | OPEN                   |       |
|  4 | 2023-01-06 15:15:00+05:30 | COMPLETE               |       |
+----+---------------------------+------------------------+-------+

+-----------------+---------------------------+----------------------------------+------+
| INST            | timestamp                 | ID                               | TT   |
|-----------------+---------------------------+----------------------------------+------|
| NSE_EQ:HDFCBANK | 2023-01-06 15:30:00+05:30 | 4fc3b2f70a2c45d18a344364dad841db | SELL |
+-----------------+---------------------------+----------------------------------+------+
+----+---------------------------+------------------------+-------+
|    | TIMESTAMP                 | STATE                  | MSG   |
|----+---------------------------+------------------------+-------|
|  0 | 2023-01-06 15:30:00+05:30 | PUT ORDER REQ RECEIVED |       |
|  1 | 2023-01-06 15:30:00+05:30 | VALIDATION PENDING     |       |
|  2 | 2023-01-06 15:30:00+05:30 | OPEN PENDING           |       |
|  3 | 2023-01-06 15:30:00+05:30 | OPEN                   |       |
|  4 | 2023-01-06 15:30:00+05:30 | COMPLETE               |       |
+----+---------------------------+------------------------+-------+

+-----------------+---------------------------+----------------------------------+------+
| INST            | timestamp                 | ID                               | TT   |
|-----------------+---------------------------+----------------------------------+------|
| NSE_EQ:HDFCBANK | 2023-01-10 14:15:00+05:30 | 9d75680dddb546eab52d9bc6a3e44577 | BUY  |
+-----------------+---------------------------+----------------------------------+------+
+----+---------------------------+------------------------+-------+
|    | TIMESTAMP                 | STATE                  | MSG   |
|----+---------------------------+------------------------+-------|
|  0 | 2023-01-10 14:15:00+05:30 | PUT ORDER REQ RECEIVED |       |
|  1 | 2023-01-10 14:15:00+05:30 | VALIDATION PENDING     |       |
|  2 | 2023-01-10 14:15:00+05:30 | OPEN PENDING           |       |
|  3 | 2023-01-10 14:15:00+05:30 | OPEN                   |       |
|  4 | 2023-01-10 14:15:00+05:30 | COMPLETE               |       |
+----+---------------------------+------------------------+-------+

+-----------------+---------------------------+----------------------------------+------+
| INST            | timestamp                 | ID                               | TT   |
|-----------------+---------------------------+----------------------------------+------|
| NSE_EQ:HDFCBANK | 2023-01-10 15:30:00+05:30 | 47a1057964ef4be6b445caeb69159a29 | SELL |
+-----------------+---------------------------+----------------------------------+------+
+----+---------------------------+------------------------+-------+
|    | TIMESTAMP                 | STATE                  | MSG   |
|----+---------------------------+------------------------+-------|
|  0 | 2023-01-10 15:30:00+05:30 | PUT ORDER REQ RECEIVED |       |
|  1 | 2023-01-10 15:30:00+05:30 | VALIDATION PENDING     |       |
|  2 | 2023-01-10 15:30:00+05:30 | OPEN PENDING           |       |
|  3 | 2023-01-10 15:30:00+05:30 | OPEN                   |       |
|  4 | 2023-01-10 15:30:00+05:30 | COMPLETE               |       |
+----+---------------------------+------------------------+-------+

+-----------------+---------------------------+----------------------------------+------+
| INST            | timestamp                 | ID                               | TT   |
|-----------------+---------------------------+----------------------------------+------|
| NSE_EQ:HDFCBANK | 2023-01-17 09:15:00+05:30 | 9dde9d5bfaef40afafb2432a0873c02d | BUY  |
+-----------------+---------------------------+----------------------------------+------+
+----+---------------------------+------------------------+-------+
|    | TIMESTAMP                 | STATE                  | MSG   |
|----+---------------------------+------------------------+-------|
|  0 | 2023-01-17 09:15:00+05:30 | PUT ORDER REQ RECEIVED |       |
|  1 | 2023-01-17 09:15:00+05:30 | VALIDATION PENDING     |       |
|  2 | 2023-01-17 09:15:00+05:30 | OPEN PENDING           |       |
|  3 | 2023-01-17 09:15:00+05:30 | OPEN                   |       |
|  4 | 2023-01-17 09:15:00+05:30 | COMPLETE               |       |
+----+---------------------------+------------------------+-------+

+-----------------+---------------------------+----------------------------------+------+
| INST            | timestamp                 | ID                               | TT   |
|-----------------+---------------------------+----------------------------------+------|
| NSE_EQ:HDFCBANK | 2023-01-17 15:30:00+05:30 | 0a436b6c6c5e470c8c4a2bd55bd33cbd | SELL |
+-----------------+---------------------------+----------------------------------+------+
+----+---------------------------+------------------------+-------+
|    | TIMESTAMP                 | STATE                  | MSG   |
|----+---------------------------+------------------------+-------|
|  0 | 2023-01-17 15:30:00+05:30 | PUT ORDER REQ RECEIVED |       |
|  1 | 2023-01-17 15:30:00+05:30 | VALIDATION PENDING     |       |
|  2 | 2023-01-17 15:30:00+05:30 | OPEN PENDING           |       |
|  3 | 2023-01-17 15:30:00+05:30 | OPEN                   |       |
|  4 | 2023-01-17 15:30:00+05:30 | COMPLETE               |       |
+----+---------------------------+------------------------+-------+

+-----------------+---------------------------+----------------------------------+------+
| INST            | timestamp                 | ID                               | TT   |
|-----------------+---------------------------+----------------------------------+------|
| NSE_EQ:HDFCBANK | 2023-01-19 15:15:00+05:30 | b604f40a51a54bab80112f4353869a82 | SELL |
+-----------------+---------------------------+----------------------------------+------+
+----+---------------------------+------------------------+-------+
|    | TIMESTAMP                 | STATE                  | MSG   |
|----+---------------------------+------------------------+-------|
|  0 | 2023-01-19 15:15:00+05:30 | PUT ORDER REQ RECEIVED |       |
|  1 | 2023-01-19 15:15:00+05:30 | VALIDATION PENDING     |       |
|  2 | 2023-01-19 15:15:00+05:30 | OPEN PENDING           |       |
|  3 | 2023-01-19 15:15:00+05:30 | OPEN                   |       |
|  4 | 2023-01-19 15:15:00+05:30 | COMPLETE               |       |
+----+---------------------------+------------------------+-------+

+-----------------+---------------------------+----------------------------------+------+
| INST            | timestamp                 | ID                               | TT   |
|-----------------+---------------------------+----------------------------------+------|
| NSE_EQ:HDFCBANK | 2023-01-19 15:30:00+05:30 | 968f9484c97247aeb6a6cbba332d7509 | BUY  |
+-----------------+---------------------------+----------------------------------+------+
+----+---------------------------+------------------------+-------+
|    | TIMESTAMP                 | STATE                  | MSG   |
|----+---------------------------+------------------------+-------|
|  0 | 2023-01-19 15:30:00+05:30 | PUT ORDER REQ RECEIVED |       |
|  1 | 2023-01-19 15:30:00+05:30 | VALIDATION PENDING     |       |
|  2 | 2023-01-19 15:30:00+05:30 | OPEN PENDING           |       |
|  3 | 2023-01-19 15:30:00+05:30 | OPEN                   |       |
|  4 | 2023-01-19 15:30:00+05:30 | COMPLETE               |       |
+----+---------------------------+------------------------+-------+

+-----------------+---------------------------+----------------------------------+------+
| INST            | timestamp                 | ID                               | TT   |
|-----------------+---------------------------+----------------------------------+------|
| NSE_EQ:HDFCBANK | 2023-01-20 15:15:00+05:30 | c0ebd1ff34884f6dbf03c0946b303c90 | SELL |
+-----------------+---------------------------+----------------------------------+------+
+----+---------------------------+------------------------+-------+
|    | TIMESTAMP                 | STATE                  | MSG   |
|----+---------------------------+------------------------+-------|
|  0 | 2023-01-20 15:15:00+05:30 | PUT ORDER REQ RECEIVED |       |
|  1 | 2023-01-20 15:15:00+05:30 | VALIDATION PENDING     |       |
|  2 | 2023-01-20 15:15:00+05:30 | OPEN PENDING           |       |
|  3 | 2023-01-20 15:15:00+05:30 | OPEN                   |       |
|  4 | 2023-01-20 15:15:00+05:30 | COMPLETE               |       |
+----+---------------------------+------------------------+-------+

+-----------------+---------------------------+----------------------------------+------+
| INST            | timestamp                 | ID                               | TT   |
|-----------------+---------------------------+----------------------------------+------|
| NSE_EQ:HDFCBANK | 2023-01-20 15:30:00+05:30 | f525fbe59ad2499ea72c0f4e53c3c9a0 | BUY  |
+-----------------+---------------------------+----------------------------------+------+
+----+---------------------------+------------------------+-------+
|    | TIMESTAMP                 | STATE                  | MSG   |
|----+---------------------------+------------------------+-------|
|  0 | 2023-01-20 15:30:00+05:30 | PUT ORDER REQ RECEIVED |       |
|  1 | 2023-01-20 15:30:00+05:30 | VALIDATION PENDING     |       |
|  2 | 2023-01-20 15:30:00+05:30 | OPEN PENDING           |       |
|  3 | 2023-01-20 15:30:00+05:30 | OPEN                   |       |
|  4 | 2023-01-20 15:30:00+05:30 | COMPLETE               |       |
+----+---------------------------+------------------------+-------+

+-----------------+---------------------------+----------------------------------+------+
| INST            | timestamp                 | ID                               | TT   |
|-----------------+---------------------------+----------------------------------+------|
| NSE_EQ:HDFCBANK | 2023-01-23 13:15:00+05:30 | c34332fd8bb34da6a694dab2dd6c1422 | SELL |
+-----------------+---------------------------+----------------------------------+------+
+----+---------------------------+------------------------+-------+
|    | TIMESTAMP                 | STATE                  | MSG   |
|----+---------------------------+------------------------+-------|
|  0 | 2023-01-23 13:15:00+05:30 | PUT ORDER REQ RECEIVED |       |
|  1 | 2023-01-23 13:15:00+05:30 | VALIDATION PENDING     |       |
|  2 | 2023-01-23 13:15:00+05:30 | OPEN PENDING           |       |
|  3 | 2023-01-23 13:15:00+05:30 | OPEN                   |       |
|  4 | 2023-01-23 13:15:00+05:30 | COMPLETE               |       |
+----+---------------------------+------------------------+-------+

+-----------------+---------------------------+----------------------------------+------+
| INST            | timestamp                 | ID                               | TT   |
|-----------------+---------------------------+----------------------------------+------|
| NSE_EQ:HDFCBANK | 2023-01-23 15:30:00+05:30 | 3ba882e7f3d5443883e8284eb74d00a8 | BUY  |
+-----------------+---------------------------+----------------------------------+------+
+----+---------------------------+------------------------+-------+
|    | TIMESTAMP                 | STATE                  | MSG   |
|----+---------------------------+------------------------+-------|
|  0 | 2023-01-23 15:30:00+05:30 | PUT ORDER REQ RECEIVED |       |
|  1 | 2023-01-23 15:30:00+05:30 | VALIDATION PENDING     |       |
|  2 | 2023-01-23 15:30:00+05:30 | OPEN PENDING           |       |
|  3 | 2023-01-23 15:30:00+05:30 | OPEN                   |       |
|  4 | 2023-01-23 15:30:00+05:30 | COMPLETE               |       |
+----+---------------------------+------------------------+-------+

+-----------------+---------------------------+----------------------------------+------+
| INST            | timestamp                 | ID                               | TT   |
|-----------------+---------------------------+----------------------------------+------|
| NSE_EQ:HDFCBANK | 2023-01-25 09:15:00+05:30 | cd5c66df1f96485e88a5279a1a4759b2 | SELL |
+-----------------+---------------------------+----------------------------------+------+
+----+---------------------------+------------------------+-------+
|    | TIMESTAMP                 | STATE                  | MSG   |
|----+---------------------------+------------------------+-------|
|  0 | 2023-01-25 09:15:00+05:30 | PUT ORDER REQ RECEIVED |       |
|  1 | 2023-01-25 09:15:00+05:30 | VALIDATION PENDING     |       |
|  2 | 2023-01-25 09:15:00+05:30 | OPEN PENDING           |       |
|  3 | 2023-01-25 09:15:00+05:30 | OPEN                   |       |
|  4 | 2023-01-25 09:15:00+05:30 | COMPLETE               |       |
+----+---------------------------+------------------------+-------+

+-----------------+---------------------------+----------------------------------+------+
| INST            | timestamp                 | ID                               | TT   |
|-----------------+---------------------------+----------------------------------+------|
| NSE_EQ:HDFCBANK | 2023-01-25 15:30:00+05:30 | 6a28d8ce74a9432c955241cdd9290280 | BUY  |
+-----------------+---------------------------+----------------------------------+------+
+----+---------------------------+------------------------+-------+
|    | TIMESTAMP                 | STATE                  | MSG   |
|----+---------------------------+------------------------+-------|
|  0 | 2023-01-25 15:30:00+05:30 | PUT ORDER REQ RECEIVED |       |
|  1 | 2023-01-25 15:30:00+05:30 | VALIDATION PENDING     |       |
|  2 | 2023-01-25 15:30:00+05:30 | OPEN PENDING           |       |
|  3 | 2023-01-25 15:30:00+05:30 | OPEN                   |       |
|  4 | 2023-01-25 15:30:00+05:30 | COMPLETE               |       |
+----+---------------------------+------------------------+-------+

+-----------------+---------------------------+----------------------------------+------+
| INST            | timestamp                 | ID                               | TT   |
|-----------------+---------------------------+----------------------------------+------|
| NSE_EQ:HDFCBANK | 2023-01-27 12:15:00+05:30 | 59908bbce6ff4443985acc9c83173294 | BUY  |
+-----------------+---------------------------+----------------------------------+------+
+----+---------------------------+------------------------+-------+
|    | TIMESTAMP                 | STATE                  | MSG   |
|----+---------------------------+------------------------+-------|
|  0 | 2023-01-27 12:15:00+05:30 | PUT ORDER REQ RECEIVED |       |
|  1 | 2023-01-27 12:15:00+05:30 | VALIDATION PENDING     |       |
|  2 | 2023-01-27 12:15:00+05:30 | OPEN PENDING           |       |
|  3 | 2023-01-27 12:15:00+05:30 | OPEN                   |       |
|  4 | 2023-01-27 12:15:00+05:30 | COMPLETE               |       |
+----+---------------------------+------------------------+-------+

+-----------------+---------------------------+----------------------------------+------+
| INST            | timestamp                 | ID                               | TT   |
|-----------------+---------------------------+----------------------------------+------|
| NSE_EQ:HDFCBANK | 2023-01-27 13:15:00+05:30 | 1ecfe0d030fd4bfb8c52a486aa03071d | SELL |
+-----------------+---------------------------+----------------------------------+------+
+----+---------------------------+------------------------+-------+
|    | TIMESTAMP                 | STATE                  | MSG   |
|----+---------------------------+------------------------+-------|
|  0 | 2023-01-27 13:15:00+05:30 | PUT ORDER REQ RECEIVED |       |
|  1 | 2023-01-27 13:15:00+05:30 | VALIDATION PENDING     |       |
|  2 | 2023-01-27 13:15:00+05:30 | OPEN PENDING           |       |
|  3 | 2023-01-27 13:15:00+05:30 | OPEN                   |       |
|  4 | 2023-01-27 13:15:00+05:30 | COMPLETE               |       |
+----+---------------------------+------------------------+-------+

+-----------------+---------------------------+----------------------------------+------+
| INST            | timestamp                 | ID                               | TT   |
|-----------------+---------------------------+----------------------------------+------|
| NSE_EQ:HDFCBANK | 2023-01-27 15:15:00+05:30 | bf267f85b6164e5a858f0059b9633c27 | BUY  |
+-----------------+---------------------------+----------------------------------+------+
+----+---------------------------+------------------------+-------+
|    | TIMESTAMP                 | STATE                  | MSG   |
|----+---------------------------+------------------------+-------|
|  0 | 2023-01-27 15:15:00+05:30 | PUT ORDER REQ RECEIVED |       |
|  1 | 2023-01-27 15:15:00+05:30 | VALIDATION PENDING     |       |
|  2 | 2023-01-27 15:15:00+05:30 | OPEN PENDING           |       |
|  3 | 2023-01-27 15:15:00+05:30 | OPEN                   |       |
|  4 | 2023-01-27 15:15:00+05:30 | COMPLETE               |       |
+----+---------------------------+------------------------+-------+

+-----------------+---------------------------+----------------------------------+------+
| INST            | timestamp                 | ID                               | TT   |
|-----------------+---------------------------+----------------------------------+------|
| NSE_EQ:HDFCBANK | 2023-01-27 15:30:00+05:30 | a7c2b9a9247d4eafaa4877216a3bbdcf | SELL |
+-----------------+---------------------------+----------------------------------+------+
+----+---------------------------+------------------------+-------+
|    | TIMESTAMP                 | STATE                  | MSG   |
|----+---------------------------+------------------------+-------|
|  0 | 2023-01-27 15:30:00+05:30 | PUT ORDER REQ RECEIVED |       |
|  1 | 2023-01-27 15:30:00+05:30 | VALIDATION PENDING     |       |
|  2 | 2023-01-27 15:30:00+05:30 | OPEN PENDING           |       |
|  3 | 2023-01-27 15:30:00+05:30 | OPEN                   |       |
|  4 | 2023-01-27 15:30:00+05:30 | COMPLETE               |       |
+----+---------------------------+------------------------+-------+

+-----------------+---------------------------+----------------------------------+------+
| INST            | timestamp                 | ID                               | TT   |
|-----------------+---------------------------+----------------------------------+------|
| NSE_EQ:HDFCBANK | 2023-01-30 14:15:00+05:30 | c39ebf87d8f04c36a66d6639e4023333 | BUY  |
+-----------------+---------------------------+----------------------------------+------+
+----+---------------------------+------------------------+-------+
|    | TIMESTAMP                 | STATE                  | MSG   |
|----+---------------------------+------------------------+-------|
|  0 | 2023-01-30 14:15:00+05:30 | PUT ORDER REQ RECEIVED |       |
|  1 | 2023-01-30 14:15:00+05:30 | VALIDATION PENDING     |       |
|  2 | 2023-01-30 14:15:00+05:30 | OPEN PENDING           |       |
|  3 | 2023-01-30 14:15:00+05:30 | OPEN                   |       |
|  4 | 2023-01-30 14:15:00+05:30 | COMPLETE               |       |
+----+---------------------------+------------------------+-------+

+-----------------+---------------------------+----------------------------------+------+
| INST            | timestamp                 | ID                               | TT   |
|-----------------+---------------------------+----------------------------------+------|
| NSE_EQ:HDFCBANK | 2023-01-30 15:30:00+05:30 | 901bce7d32da4c9f916b865255b16303 | SELL |
+-----------------+---------------------------+----------------------------------+------+
+----+---------------------------+------------------------+-------+
|    | TIMESTAMP                 | STATE                  | MSG   |
|----+---------------------------+------------------------+-------|
|  0 | 2023-01-30 15:30:00+05:30 | PUT ORDER REQ RECEIVED |       |
|  1 | 2023-01-30 15:30:00+05:30 | VALIDATION PENDING     |       |
|  2 | 2023-01-30 15:30:00+05:30 | OPEN PENDING           |       |
|  3 | 2023-01-30 15:30:00+05:30 | OPEN                   |       |
|  4 | 2023-01-30 15:30:00+05:30 | COMPLETE               |       |
+----+---------------------------+------------------------+-------+

+-----------------+---------------------------+----------------------------------+------+
| INST            | timestamp                 | ID                               | TT   |
|-----------------+---------------------------+----------------------------------+------|
| NSE_EQ:HDFCBANK | 2023-02-01 14:15:00+05:30 | 8385a1eaae2f459a9d135bb94b115a08 | SELL |
+-----------------+---------------------------+----------------------------------+------+
+----+---------------------------+------------------------+-------+
|    | TIMESTAMP                 | STATE                  | MSG   |
|----+---------------------------+------------------------+-------|
|  0 | 2023-02-01 14:15:00+05:30 | PUT ORDER REQ RECEIVED |       |
|  1 | 2023-02-01 14:15:00+05:30 | VALIDATION PENDING     |       |
|  2 | 2023-02-01 14:15:00+05:30 | OPEN PENDING           |       |
|  3 | 2023-02-01 14:15:00+05:30 | OPEN                   |       |
|  4 | 2023-02-01 14:15:00+05:30 | COMPLETE               |       |
+----+---------------------------+------------------------+-------+

+-----------------+---------------------------+----------------------------------+------+
| INST            | timestamp                 | ID                               | TT   |
|-----------------+---------------------------+----------------------------------+------|
| NSE_EQ:HDFCBANK | 2023-02-01 15:30:00+05:30 | 0e6dc1147f274d8d82825773190e018f | BUY  |
+-----------------+---------------------------+----------------------------------+------+
+----+---------------------------+------------------------+-------+
|    | TIMESTAMP                 | STATE                  | MSG   |
|----+---------------------------+------------------------+-------|
|  0 | 2023-02-01 15:30:00+05:30 | PUT ORDER REQ RECEIVED |       |
|  1 | 2023-02-01 15:30:00+05:30 | VALIDATION PENDING     |       |
|  2 | 2023-02-01 15:30:00+05:30 | OPEN PENDING           |       |
|  3 | 2023-02-01 15:30:00+05:30 | OPEN                   |       |
|  4 | 2023-02-01 15:30:00+05:30 | COMPLETE               |       |
+----+---------------------------+------------------------+-------+

+-----------------+---------------------------+----------------------------------+------+
| INST            | timestamp                 | ID                               | TT   |
|-----------------+---------------------------+----------------------------------+------|
| NSE_EQ:HDFCBANK | 2023-02-02 14:15:00+05:30 | 2fef95f3cf9040e9b2e5dde4603afe48 | BUY  |
+-----------------+---------------------------+----------------------------------+------+
+----+---------------------------+------------------------+-------+
|    | TIMESTAMP                 | STATE                  | MSG   |
|----+---------------------------+------------------------+-------|
|  0 | 2023-02-02 14:15:00+05:30 | PUT ORDER REQ RECEIVED |       |
|  1 | 2023-02-02 14:15:00+05:30 | VALIDATION PENDING     |       |
|  2 | 2023-02-02 14:15:00+05:30 | OPEN PENDING           |       |
|  3 | 2023-02-02 14:15:00+05:30 | OPEN                   |       |
|  4 | 2023-02-02 14:15:00+05:30 | COMPLETE               |       |
+----+---------------------------+------------------------+-------+

+-----------------+---------------------------+----------------------------------+------+
| INST            | timestamp                 | ID                               | TT   |
|-----------------+---------------------------+----------------------------------+------|
| NSE_EQ:HDFCBANK | 2023-02-02 15:30:00+05:30 | 256ea3f014dc492881d1bf237c85be73 | SELL |
+-----------------+---------------------------+----------------------------------+------+
+----+---------------------------+------------------------+-------+
|    | TIMESTAMP                 | STATE                  | MSG   |
|----+---------------------------+------------------------+-------|
|  0 | 2023-02-02 15:30:00+05:30 | PUT ORDER REQ RECEIVED |       |
|  1 | 2023-02-02 15:30:00+05:30 | VALIDATION PENDING     |       |
|  2 | 2023-02-02 15:30:00+05:30 | OPEN PENDING           |       |
|  3 | 2023-02-02 15:30:00+05:30 | OPEN                   |       |
|  4 | 2023-02-02 15:30:00+05:30 | COMPLETE               |       |
+----+---------------------------+------------------------+-------+

+-----------------+---------------------------+----------------------------------+------+
| INST            | timestamp                 | ID                               | TT   |
|-----------------+---------------------------+----------------------------------+------|
| NSE_EQ:HDFCBANK | 2023-02-03 12:15:00+05:30 | 1f0e3c0d5d5d466bb7e6b5d320f9ba07 | SELL |
+-----------------+---------------------------+----------------------------------+------+
+----+---------------------------+------------------------+-------+
|    | TIMESTAMP                 | STATE                  | MSG   |
|----+---------------------------+------------------------+-------|
|  0 | 2023-02-03 12:15:00+05:30 | PUT ORDER REQ RECEIVED |       |
|  1 | 2023-02-03 12:15:00+05:30 | VALIDATION PENDING     |       |
|  2 | 2023-02-03 12:15:00+05:30 | OPEN PENDING           |       |
|  3 | 2023-02-03 12:15:00+05:30 | OPEN                   |       |
|  4 | 2023-02-03 12:15:00+05:30 | COMPLETE               |       |
+----+---------------------------+------------------------+-------+

+-----------------+---------------------------+----------------------------------+------+
| INST            | timestamp                 | ID                               | TT   |
|-----------------+---------------------------+----------------------------------+------|
| NSE_EQ:HDFCBANK | 2023-02-03 13:15:00+05:30 | f7183a4e587e43328f2c8f032733ab28 | BUY  |
+-----------------+---------------------------+----------------------------------+------+
+----+---------------------------+------------------------+-------+
|    | TIMESTAMP                 | STATE                  | MSG   |
|----+---------------------------+------------------------+-------|
|  0 | 2023-02-03 13:15:00+05:30 | PUT ORDER REQ RECEIVED |       |
|  1 | 2023-02-03 13:15:00+05:30 | VALIDATION PENDING     |       |
|  2 | 2023-02-03 13:15:00+05:30 | OPEN PENDING           |       |
|  3 | 2023-02-03 13:15:00+05:30 | OPEN                   |       |
|  4 | 2023-02-03 13:15:00+05:30 | COMPLETE               |       |
+----+---------------------------+------------------------+-------+

+-----------------+---------------------------+----------------------------------+------+
| INST            | timestamp                 | ID                               | TT   |
|-----------------+---------------------------+----------------------------------+------|
| NSE_EQ:HDFCBANK | 2023-02-06 11:15:00+05:30 | 9056056a53a24d62887a641a327bb3dc | SELL |
+-----------------+---------------------------+----------------------------------+------+
+----+---------------------------+------------------------+-------+
|    | TIMESTAMP                 | STATE                  | MSG   |
|----+---------------------------+------------------------+-------|
|  0 | 2023-02-06 11:15:00+05:30 | PUT ORDER REQ RECEIVED |       |
|  1 | 2023-02-06 11:15:00+05:30 | VALIDATION PENDING     |       |
|  2 | 2023-02-06 11:15:00+05:30 | OPEN PENDING           |       |
|  3 | 2023-02-06 11:15:00+05:30 | OPEN                   |       |
|  4 | 2023-02-06 11:15:00+05:30 | COMPLETE               |       |
+----+---------------------------+------------------------+-------+

+-----------------+---------------------------+----------------------------------+------+
| INST            | timestamp                 | ID                               | TT   |
|-----------------+---------------------------+----------------------------------+------|
| NSE_EQ:HDFCBANK | 2023-02-06 15:30:00+05:30 | 877f79b1bd7845e68bd5f2bac030f649 | BUY  |
+-----------------+---------------------------+----------------------------------+------+
+----+---------------------------+------------------------+-------+
|    | TIMESTAMP                 | STATE                  | MSG   |
|----+---------------------------+------------------------+-------|
|  0 | 2023-02-06 15:30:00+05:30 | PUT ORDER REQ RECEIVED |       |
|  1 | 2023-02-06 15:30:00+05:30 | VALIDATION PENDING     |       |
|  2 | 2023-02-06 15:30:00+05:30 | OPEN PENDING           |       |
|  3 | 2023-02-06 15:30:00+05:30 | OPEN                   |       |
|  4 | 2023-02-06 15:30:00+05:30 | COMPLETE               |       |
+----+---------------------------+------------------------+-------+

+-----------------+---------------------------+----------------------------------+------+
| INST            | timestamp                 | ID                               | TT   |
|-----------------+---------------------------+----------------------------------+------|
| NSE_EQ:HDFCBANK | 2023-02-09 14:15:00+05:30 | c57751160adc45cd9bc2960573e78358 | BUY  |
+-----------------+---------------------------+----------------------------------+------+
+----+---------------------------+------------------------+-------+
|    | TIMESTAMP                 | STATE                  | MSG   |
|----+---------------------------+------------------------+-------|
|  0 | 2023-02-09 14:15:00+05:30 | PUT ORDER REQ RECEIVED |       |
|  1 | 2023-02-09 14:15:00+05:30 | VALIDATION PENDING     |       |
|  2 | 2023-02-09 14:15:00+05:30 | OPEN PENDING           |       |
|  3 | 2023-02-09 14:15:00+05:30 | OPEN                   |       |
|  4 | 2023-02-09 14:15:00+05:30 | COMPLETE               |       |
+----+---------------------------+------------------------+-------+

+-----------------+---------------------------+----------------------------------+------+
| INST            | timestamp                 | ID                               | TT   |
|-----------------+---------------------------+----------------------------------+------|
| NSE_EQ:HDFCBANK | 2023-02-09 15:30:00+05:30 | 3a9d81bd664e43e28bd36cd7eb1e9371 | SELL |
+-----------------+---------------------------+----------------------------------+------+
+----+---------------------------+------------------------+-------+
|    | TIMESTAMP                 | STATE                  | MSG   |
|----+---------------------------+------------------------+-------|
|  0 | 2023-02-09 15:30:00+05:30 | PUT ORDER REQ RECEIVED |       |
|  1 | 2023-02-09 15:30:00+05:30 | VALIDATION PENDING     |       |
|  2 | 2023-02-09 15:30:00+05:30 | OPEN PENDING           |       |
|  3 | 2023-02-09 15:30:00+05:30 | OPEN                   |       |
|  4 | 2023-02-09 15:30:00+05:30 | COMPLETE               |       |
+----+---------------------------+------------------------+-------+

+-----------------+---------------------------+----------------------------------+------+
| INST            | timestamp                 | ID                               | TT   |
|-----------------+---------------------------+----------------------------------+------|
| NSE_EQ:HDFCBANK | 2023-02-14 11:15:00+05:30 | 63eef87daede45f4bf85ac1e8370f487 | SELL |
+-----------------+---------------------------+----------------------------------+------+
+----+---------------------------+------------------------+-------+
|    | TIMESTAMP                 | STATE                  | MSG   |
|----+---------------------------+------------------------+-------|
|  0 | 2023-02-14 11:15:00+05:30 | PUT ORDER REQ RECEIVED |       |
|  1 | 2023-02-14 11:15:00+05:30 | VALIDATION PENDING     |       |
|  2 | 2023-02-14 11:15:00+05:30 | OPEN PENDING           |       |
|  3 | 2023-02-14 11:15:00+05:30 | OPEN                   |       |
|  4 | 2023-02-14 11:15:00+05:30 | COMPLETE               |       |
+----+---------------------------+------------------------+-------+

+-----------------+---------------------------+----------------------------------+------+
| INST            | timestamp                 | ID                               | TT   |
|-----------------+---------------------------+----------------------------------+------|
| NSE_EQ:HDFCBANK | 2023-02-14 13:15:00+05:30 | f9f3f6fa86824aba8c12bac45e5f4017 | BUY  |
+-----------------+---------------------------+----------------------------------+------+
+----+---------------------------+------------------------+-------+
|    | TIMESTAMP                 | STATE                  | MSG   |
|----+---------------------------+------------------------+-------|
|  0 | 2023-02-14 13:15:00+05:30 | PUT ORDER REQ RECEIVED |       |
|  1 | 2023-02-14 13:15:00+05:30 | VALIDATION PENDING     |       |
|  2 | 2023-02-14 13:15:00+05:30 | OPEN PENDING           |       |
|  3 | 2023-02-14 13:15:00+05:30 | OPEN                   |       |
|  4 | 2023-02-14 13:15:00+05:30 | COMPLETE               |       |
+----+---------------------------+------------------------+-------+

+-----------------+---------------------------+----------------------------------+------+
| INST            | timestamp                 | ID                               | TT   |
|-----------------+---------------------------+----------------------------------+------|
| NSE_EQ:HDFCBANK | 2023-02-15 10:15:00+05:30 | 533c893f96ae4f41a1a591308805a235 | SELL |
+-----------------+---------------------------+----------------------------------+------+
+----+---------------------------+------------------------+-------+
|    | TIMESTAMP                 | STATE                  | MSG   |
|----+---------------------------+------------------------+-------|
|  0 | 2023-02-15 10:15:00+05:30 | PUT ORDER REQ RECEIVED |       |
|  1 | 2023-02-15 10:15:00+05:30 | VALIDATION PENDING     |       |
|  2 | 2023-02-15 10:15:00+05:30 | OPEN PENDING           |       |
|  3 | 2023-02-15 10:15:00+05:30 | OPEN                   |       |
|  4 | 2023-02-15 10:15:00+05:30 | COMPLETE               |       |
+----+---------------------------+------------------------+-------+

+-----------------+---------------------------+----------------------------------+------+
| INST            | timestamp                 | ID                               | TT   |
|-----------------+---------------------------+----------------------------------+------|
| NSE_EQ:HDFCBANK | 2023-02-15 15:30:00+05:30 | b8946f1e39ef4fb881b7eb603f38c6fa | BUY  |
+-----------------+---------------------------+----------------------------------+------+
+----+---------------------------+------------------------+-------+
|    | TIMESTAMP                 | STATE                  | MSG   |
|----+---------------------------+------------------------+-------|
|  0 | 2023-02-15 15:30:00+05:30 | PUT ORDER REQ RECEIVED |       |
|  1 | 2023-02-15 15:30:00+05:30 | VALIDATION PENDING     |       |
|  2 | 2023-02-15 15:30:00+05:30 | OPEN PENDING           |       |
|  3 | 2023-02-15 15:30:00+05:30 | OPEN                   |       |
|  4 | 2023-02-15 15:30:00+05:30 | COMPLETE               |       |
+----+---------------------------+------------------------+-------+

+-----------------+---------------------------+----------------------------------+------+
| INST            | timestamp                 | ID                               | TT   |
|-----------------+---------------------------+----------------------------------+------|
| NSE_EQ:HDFCBANK | 2023-02-16 12:15:00+05:30 | 6abe19a4a455455386e5862781cddb3e | SELL |
+-----------------+---------------------------+----------------------------------+------+
+----+---------------------------+------------------------+-------+
|    | TIMESTAMP                 | STATE                  | MSG   |
|----+---------------------------+------------------------+-------|
|  0 | 2023-02-16 12:15:00+05:30 | PUT ORDER REQ RECEIVED |       |
|  1 | 2023-02-16 12:15:00+05:30 | VALIDATION PENDING     |       |
|  2 | 2023-02-16 12:15:00+05:30 | OPEN PENDING           |       |
|  3 | 2023-02-16 12:15:00+05:30 | OPEN                   |       |
|  4 | 2023-02-16 12:15:00+05:30 | COMPLETE               |       |
+----+---------------------------+------------------------+-------+

+-----------------+---------------------------+----------------------------------+------+
| INST            | timestamp                 | ID                               | TT   |
|-----------------+---------------------------+----------------------------------+------|
| NSE_EQ:HDFCBANK | 2023-02-16 15:30:00+05:30 | ead4e12042c3400cb8c626007702d1c8 | BUY  |
+-----------------+---------------------------+----------------------------------+------+
+----+---------------------------+------------------------+-------+
|    | TIMESTAMP                 | STATE                  | MSG   |
|----+---------------------------+------------------------+-------|
|  0 | 2023-02-16 15:30:00+05:30 | PUT ORDER REQ RECEIVED |       |
|  1 | 2023-02-16 15:30:00+05:30 | VALIDATION PENDING     |       |
|  2 | 2023-02-16 15:30:00+05:30 | OPEN PENDING           |       |
|  3 | 2023-02-16 15:30:00+05:30 | OPEN                   |       |
|  4 | 2023-02-16 15:30:00+05:30 | COMPLETE               |       |
+----+---------------------------+------------------------+-------+

+-----------------+---------------------------+----------------------------------+------+
| INST            | timestamp                 | ID                               | TT   |
|-----------------+---------------------------+----------------------------------+------|
| NSE_EQ:HDFCBANK | 2023-02-17 11:15:00+05:30 | 6f47018a90b746fd94326a31d6391f74 | BUY  |
+-----------------+---------------------------+----------------------------------+------+
+----+---------------------------+------------------------+-------+
|    | TIMESTAMP                 | STATE                  | MSG   |
|----+---------------------------+------------------------+-------|
|  0 | 2023-02-17 11:15:00+05:30 | PUT ORDER REQ RECEIVED |       |
|  1 | 2023-02-17 11:15:00+05:30 | VALIDATION PENDING     |       |
|  2 | 2023-02-17 11:15:00+05:30 | OPEN PENDING           |       |
|  3 | 2023-02-17 11:15:00+05:30 | OPEN                   |       |
|  4 | 2023-02-17 11:15:00+05:30 | COMPLETE               |       |
+----+---------------------------+------------------------+-------+

+-----------------+---------------------------+----------------------------------+------+
| INST            | timestamp                 | ID                               | TT   |
|-----------------+---------------------------+----------------------------------+------|
| NSE_EQ:HDFCBANK | 2023-02-17 13:15:00+05:30 | 521256d0caf04b06b5113ab554d86ba3 | SELL |
+-----------------+---------------------------+----------------------------------+------+
+----+---------------------------+------------------------+-------+
|    | TIMESTAMP                 | STATE                  | MSG   |
|----+---------------------------+------------------------+-------|
|  0 | 2023-02-17 13:15:00+05:30 | PUT ORDER REQ RECEIVED |       |
|  1 | 2023-02-17 13:15:00+05:30 | VALIDATION PENDING     |       |
|  2 | 2023-02-17 13:15:00+05:30 | OPEN PENDING           |       |
|  3 | 2023-02-17 13:15:00+05:30 | OPEN                   |       |
|  4 | 2023-02-17 13:15:00+05:30 | COMPLETE               |       |
+----+---------------------------+------------------------+-------+

+-----------------+---------------------------+----------------------------------+------+
| INST            | timestamp                 | ID                               | TT   |
|-----------------+---------------------------+----------------------------------+------|
| NSE_EQ:HDFCBANK | 2023-02-17 15:15:00+05:30 | ecb1f249830247e8b2311293775c7f5e | BUY  |
+-----------------+---------------------------+----------------------------------+------+
+----+---------------------------+------------------------+-------+
|    | TIMESTAMP                 | STATE                  | MSG   |
|----+---------------------------+------------------------+-------|
|  0 | 2023-02-17 15:15:00+05:30 | PUT ORDER REQ RECEIVED |       |
|  1 | 2023-02-17 15:15:00+05:30 | VALIDATION PENDING     |       |
|  2 | 2023-02-17 15:15:00+05:30 | OPEN PENDING           |       |
|  3 | 2023-02-17 15:15:00+05:30 | OPEN                   |       |
|  4 | 2023-02-17 15:15:00+05:30 | COMPLETE               |       |
+----+---------------------------+------------------------+-------+

+-----------------+---------------------------+----------------------------------+------+
| INST            | timestamp                 | ID                               | TT   |
|-----------------+---------------------------+----------------------------------+------|
| NSE_EQ:HDFCBANK | 2023-02-17 15:30:00+05:30 | d10961bfdf744aa29aeed78e11590f2d | SELL |
+-----------------+---------------------------+----------------------------------+------+
+----+---------------------------+------------------------+-------+
|    | TIMESTAMP                 | STATE                  | MSG   |
|----+---------------------------+------------------------+-------|
|  0 | 2023-02-17 15:30:00+05:30 | PUT ORDER REQ RECEIVED |       |
|  1 | 2023-02-17 15:30:00+05:30 | VALIDATION PENDING     |       |
|  2 | 2023-02-17 15:30:00+05:30 | OPEN PENDING           |       |
|  3 | 2023-02-17 15:30:00+05:30 | OPEN                   |       |
|  4 | 2023-02-17 15:30:00+05:30 | COMPLETE               |       |
+----+---------------------------+------------------------+-------+

+-----------------+---------------------------+----------------------------------+------+
| INST            | timestamp                 | ID                               | TT   |
|-----------------+---------------------------+----------------------------------+------|
| NSE_EQ:HDFCBANK | 2023-02-21 10:15:00+05:30 | 48f2149c6262475ca7c5937799563e49 | BUY  |
+-----------------+---------------------------+----------------------------------+------+
+----+---------------------------+------------------------+-------+
|    | TIMESTAMP                 | STATE                  | MSG   |
|----+---------------------------+------------------------+-------|
|  0 | 2023-02-21 10:15:00+05:30 | PUT ORDER REQ RECEIVED |       |
|  1 | 2023-02-21 10:15:00+05:30 | VALIDATION PENDING     |       |
|  2 | 2023-02-21 10:15:00+05:30 | OPEN PENDING           |       |
|  3 | 2023-02-21 10:15:00+05:30 | OPEN                   |       |
|  4 | 2023-02-21 10:15:00+05:30 | COMPLETE               |       |
+----+---------------------------+------------------------+-------+

+-----------------+---------------------------+----------------------------------+------+
| INST            | timestamp                 | ID                               | TT   |
|-----------------+---------------------------+----------------------------------+------|
| NSE_EQ:HDFCBANK | 2023-02-21 15:30:00+05:30 | 0e397e363ed84bea933068a57b5b2eed | SELL |
+-----------------+---------------------------+----------------------------------+------+
+----+---------------------------+------------------------+-------+
|    | TIMESTAMP                 | STATE                  | MSG   |
|----+---------------------------+------------------------+-------|
|  0 | 2023-02-21 15:30:00+05:30 | PUT ORDER REQ RECEIVED |       |
|  1 | 2023-02-21 15:30:00+05:30 | VALIDATION PENDING     |       |
|  2 | 2023-02-21 15:30:00+05:30 | OPEN PENDING           |       |
|  3 | 2023-02-21 15:30:00+05:30 | OPEN                   |       |
|  4 | 2023-02-21 15:30:00+05:30 | COMPLETE               |       |
+----+---------------------------+------------------------+-------+

+-----------------+---------------------------+----------------------------------+------+
| INST            | timestamp                 | ID                               | TT   |
|-----------------+---------------------------+----------------------------------+------|
| NSE_EQ:HDFCBANK | 2023-02-23 13:15:00+05:30 | 0ff638eb43e645138fc29aa51bfa00c4 | BUY  |
+-----------------+---------------------------+----------------------------------+------+
+----+---------------------------+------------------------+-------+
|    | TIMESTAMP                 | STATE                  | MSG   |
|----+---------------------------+------------------------+-------|
|  0 | 2023-02-23 13:15:00+05:30 | PUT ORDER REQ RECEIVED |       |
|  1 | 2023-02-23 13:15:00+05:30 | VALIDATION PENDING     |       |
|  2 | 2023-02-23 13:15:00+05:30 | OPEN PENDING           |       |
|  3 | 2023-02-23 13:15:00+05:30 | OPEN                   |       |
|  4 | 2023-02-23 13:15:00+05:30 | COMPLETE               |       |
+----+---------------------------+------------------------+-------+

+-----------------+---------------------------+----------------------------------+------+
| INST            | timestamp                 | ID                               | TT   |
|-----------------+---------------------------+----------------------------------+------|
| NSE_EQ:HDFCBANK | 2023-02-23 15:15:00+05:30 | ccf0b384a9b74d31b5b3b7eef513c088 | SELL |
+-----------------+---------------------------+----------------------------------+------+
+----+---------------------------+------------------------+-------+
|    | TIMESTAMP                 | STATE                  | MSG   |
|----+---------------------------+------------------------+-------|
|  0 | 2023-02-23 15:15:00+05:30 | PUT ORDER REQ RECEIVED |       |
|  1 | 2023-02-23 15:15:00+05:30 | VALIDATION PENDING     |       |
|  2 | 2023-02-23 15:15:00+05:30 | OPEN PENDING           |       |
|  3 | 2023-02-23 15:15:00+05:30 | OPEN                   |       |
|  4 | 2023-02-23 15:15:00+05:30 | COMPLETE               |       |
+----+---------------------------+------------------------+-------+

+-----------------+---------------------------+----------------------------------+------+
| INST            | timestamp                 | ID                               | TT   |
|-----------------+---------------------------+----------------------------------+------|
| NSE_EQ:HDFCBANK | 2023-02-24 09:15:00+05:30 | ad1a67ebbd2c46c0b1d36fd3a03bd560 | BUY  |
+-----------------+---------------------------+----------------------------------+------+
+----+---------------------------+------------------------+-------+
|    | TIMESTAMP                 | STATE                  | MSG   |
|----+---------------------------+------------------------+-------|
|  0 | 2023-02-24 09:15:00+05:30 | PUT ORDER REQ RECEIVED |       |
|  1 | 2023-02-24 09:15:00+05:30 | VALIDATION PENDING     |       |
|  2 | 2023-02-24 09:15:00+05:30 | OPEN PENDING           |       |
|  3 | 2023-02-24 09:15:00+05:30 | OPEN                   |       |
|  4 | 2023-02-24 09:15:00+05:30 | COMPLETE               |       |
+----+---------------------------+------------------------+-------+

+-----------------+---------------------------+----------------------------------+------+
| INST            | timestamp                 | ID                               | TT   |
|-----------------+---------------------------+----------------------------------+------|
| NSE_EQ:HDFCBANK | 2023-02-24 10:15:00+05:30 | 9c9ce6528c8a4b2b91cb926d3e22aa69 | SELL |
+-----------------+---------------------------+----------------------------------+------+
+----+---------------------------+------------------------+-------+
|    | TIMESTAMP                 | STATE                  | MSG   |
|----+---------------------------+------------------------+-------|
|  0 | 2023-02-24 10:15:00+05:30 | PUT ORDER REQ RECEIVED |       |
|  1 | 2023-02-24 10:15:00+05:30 | VALIDATION PENDING     |       |
|  2 | 2023-02-24 10:15:00+05:30 | OPEN PENDING           |       |
|  3 | 2023-02-24 10:15:00+05:30 | OPEN                   |       |
|  4 | 2023-02-24 10:15:00+05:30 | COMPLETE               |       |
+----+---------------------------+------------------------+-------+

+-----------------+---------------------------+----------------------------------+------+
| INST            | timestamp                 | ID                               | TT   |
|-----------------+---------------------------+----------------------------------+------|
| NSE_EQ:HDFCBANK | 2023-02-27 11:15:00+05:30 | 33cd2dfd485e43159d716e589f521334 | BUY  |
+-----------------+---------------------------+----------------------------------+------+
+----+---------------------------+------------------------+-------+
|    | TIMESTAMP                 | STATE                  | MSG   |
|----+---------------------------+------------------------+-------|
|  0 | 2023-02-27 11:15:00+05:30 | PUT ORDER REQ RECEIVED |       |
|  1 | 2023-02-27 11:15:00+05:30 | VALIDATION PENDING     |       |
|  2 | 2023-02-27 11:15:00+05:30 | OPEN PENDING           |       |
|  3 | 2023-02-27 11:15:00+05:30 | OPEN                   |       |
|  4 | 2023-02-27 11:15:00+05:30 | COMPLETE               |       |
+----+---------------------------+------------------------+-------+

+-----------------+---------------------------+----------------------------------+------+
| INST            | timestamp                 | ID                               | TT   |
|-----------------+---------------------------+----------------------------------+------|
| NSE_EQ:HDFCBANK | 2023-02-27 15:30:00+05:30 | 49699d680b9f40c09656364dc8610fae | SELL |
+-----------------+---------------------------+----------------------------------+------+
+----+---------------------------+------------------------+-------+
|    | TIMESTAMP                 | STATE                  | MSG   |
|----+---------------------------+------------------------+-------|
|  0 | 2023-02-27 15:30:00+05:30 | PUT ORDER REQ RECEIVED |       |
|  1 | 2023-02-27 15:30:00+05:30 | VALIDATION PENDING     |       |
|  2 | 2023-02-27 15:30:00+05:30 | OPEN PENDING           |       |
|  3 | 2023-02-27 15:30:00+05:30 | OPEN                   |       |
|  4 | 2023-02-27 15:30:00+05:30 | COMPLETE               |       |
+----+---------------------------+------------------------+-------+

+-----------------+---------------------------+----------------------------------+------+
| INST            | timestamp                 | ID                               | TT   |
|-----------------+---------------------------+----------------------------------+------|
| NSE_EQ:HDFCBANK | 2023-03-02 15:15:00+05:30 | 77cb050499674fe2b19f10206867bace | BUY  |
+-----------------+---------------------------+----------------------------------+------+
+----+---------------------------+------------------------+-------+
|    | TIMESTAMP                 | STATE                  | MSG   |
|----+---------------------------+------------------------+-------|
|  0 | 2023-03-02 15:15:00+05:30 | PUT ORDER REQ RECEIVED |       |
|  1 | 2023-03-02 15:15:00+05:30 | VALIDATION PENDING     |       |
|  2 | 2023-03-02 15:15:00+05:30 | OPEN PENDING           |       |
|  3 | 2023-03-02 15:15:00+05:30 | OPEN                   |       |
|  4 | 2023-03-02 15:15:00+05:30 | COMPLETE               |       |
+----+---------------------------+------------------------+-------+

+-----------------+---------------------------+----------------------------------+------+
| INST            | timestamp                 | ID                               | TT   |
|-----------------+---------------------------+----------------------------------+------|
| NSE_EQ:HDFCBANK | 2023-03-02 15:30:00+05:30 | 4dc709faf1954e3b879dd666ddf4c45b | SELL |
+-----------------+---------------------------+----------------------------------+------+
+----+---------------------------+------------------------+-------+
|    | TIMESTAMP                 | STATE                  | MSG   |
|----+---------------------------+------------------------+-------|
|  0 | 2023-03-02 15:30:00+05:30 | PUT ORDER REQ RECEIVED |       |
|  1 | 2023-03-02 15:30:00+05:30 | VALIDATION PENDING     |       |
|  2 | 2023-03-02 15:30:00+05:30 | OPEN PENDING           |       |
|  3 | 2023-03-02 15:30:00+05:30 | OPEN                   |       |
|  4 | 2023-03-02 15:30:00+05:30 | COMPLETE               |       |
+----+---------------------------+------------------------+-------+

+-----------------+---------------------------+----------------------------------+------+
| INST            | timestamp                 | ID                               | TT   |
|-----------------+---------------------------+----------------------------------+------|
| NSE_EQ:HDFCBANK | 2023-03-03 10:15:00+05:30 | b1fdfb2312d241a3a10246181daead26 | BUY  |
+-----------------+---------------------------+----------------------------------+------+
+----+---------------------------+------------------------+-------+
|    | TIMESTAMP                 | STATE                  | MSG   |
|----+---------------------------+------------------------+-------|
|  0 | 2023-03-03 10:15:00+05:30 | PUT ORDER REQ RECEIVED |       |
|  1 | 2023-03-03 10:15:00+05:30 | VALIDATION PENDING     |       |
|  2 | 2023-03-03 10:15:00+05:30 | OPEN PENDING           |       |
|  3 | 2023-03-03 10:15:00+05:30 | OPEN                   |       |
|  4 | 2023-03-03 10:15:00+05:30 | COMPLETE               |       |
+----+---------------------------+------------------------+-------+

+-----------------+---------------------------+----------------------------------+------+
| INST            | timestamp                 | ID                               | TT   |
|-----------------+---------------------------+----------------------------------+------|
| NSE_EQ:HDFCBANK | 2023-03-03 15:30:00+05:30 | acb081ef09114b7fa72ea6f3f87e7dd6 | SELL |
+-----------------+---------------------------+----------------------------------+------+
+----+---------------------------+------------------------+-------+
|    | TIMESTAMP                 | STATE                  | MSG   |
|----+---------------------------+------------------------+-------|
|  0 | 2023-03-03 15:30:00+05:30 | PUT ORDER REQ RECEIVED |       |
|  1 | 2023-03-03 15:30:00+05:30 | VALIDATION PENDING     |       |
|  2 | 2023-03-03 15:30:00+05:30 | OPEN PENDING           |       |
|  3 | 2023-03-03 15:30:00+05:30 | OPEN                   |       |
|  4 | 2023-03-03 15:30:00+05:30 | COMPLETE               |       |
+----+---------------------------+------------------------+-------+

+-----------------+---------------------------+----------------------------------+------+
| INST            | timestamp                 | ID                               | TT   |
|-----------------+---------------------------+----------------------------------+------|
| NSE_EQ:HDFCBANK | 2023-03-06 14:15:00+05:30 | e3c1726e891941fa926c2ade151750ea | SELL |
+-----------------+---------------------------+----------------------------------+------+
+----+---------------------------+------------------------+-------+
|    | TIMESTAMP                 | STATE                  | MSG   |
|----+---------------------------+------------------------+-------|
|  0 | 2023-03-06 14:15:00+05:30 | PUT ORDER REQ RECEIVED |       |
|  1 | 2023-03-06 14:15:00+05:30 | VALIDATION PENDING     |       |
|  2 | 2023-03-06 14:15:00+05:30 | OPEN PENDING           |       |
|  3 | 2023-03-06 14:15:00+05:30 | OPEN                   |       |
|  4 | 2023-03-06 14:15:00+05:30 | COMPLETE               |       |
+----+---------------------------+------------------------+-------+

+-----------------+---------------------------+----------------------------------+------+
| INST            | timestamp                 | ID                               | TT   |
|-----------------+---------------------------+----------------------------------+------|
| NSE_EQ:HDFCBANK | 2023-03-06 15:30:00+05:30 | e6367d7b5f604b7c9d1ab95ec9daf6de | BUY  |
+-----------------+---------------------------+----------------------------------+------+
+----+---------------------------+------------------------+-------+
|    | TIMESTAMP                 | STATE                  | MSG   |
|----+---------------------------+------------------------+-------|
|  0 | 2023-03-06 15:30:00+05:30 | PUT ORDER REQ RECEIVED |       |
|  1 | 2023-03-06 15:30:00+05:30 | VALIDATION PENDING     |       |
|  2 | 2023-03-06 15:30:00+05:30 | OPEN PENDING           |       |
|  3 | 2023-03-06 15:30:00+05:30 | OPEN                   |       |
|  4 | 2023-03-06 15:30:00+05:30 | COMPLETE               |       |
+----+---------------------------+------------------------+-------+

+-----------------+---------------------------+----------------------------------+------+
| INST            | timestamp                 | ID                               | TT   |
|-----------------+---------------------------+----------------------------------+------|
| NSE_EQ:HDFCBANK | 2023-03-08 11:15:00+05:30 | 42d058a186834f738d66682cf37e3619 | SELL |
+-----------------+---------------------------+----------------------------------+------+
+----+---------------------------+------------------------+-------+
|    | TIMESTAMP                 | STATE                  | MSG   |
|----+---------------------------+------------------------+-------|
|  0 | 2023-03-08 11:15:00+05:30 | PUT ORDER REQ RECEIVED |       |
|  1 | 2023-03-08 11:15:00+05:30 | VALIDATION PENDING     |       |
|  2 | 2023-03-08 11:15:00+05:30 | OPEN PENDING           |       |
|  3 | 2023-03-08 11:15:00+05:30 | OPEN                   |       |
|  4 | 2023-03-08 11:15:00+05:30 | COMPLETE               |       |
+----+---------------------------+------------------------+-------+

+-----------------+---------------------------+----------------------------------+------+
| INST            | timestamp                 | ID                               | TT   |
|-----------------+---------------------------+----------------------------------+------|
| NSE_EQ:HDFCBANK | 2023-03-08 15:30:00+05:30 | a9fcbe5cf0604a319e232a67d50def80 | BUY  |
+-----------------+---------------------------+----------------------------------+------+
+----+---------------------------+------------------------+-------+
|    | TIMESTAMP                 | STATE                  | MSG   |
|----+---------------------------+------------------------+-------|
|  0 | 2023-03-08 15:30:00+05:30 | PUT ORDER REQ RECEIVED |       |
|  1 | 2023-03-08 15:30:00+05:30 | VALIDATION PENDING     |       |
|  2 | 2023-03-08 15:30:00+05:30 | OPEN PENDING           |       |
|  3 | 2023-03-08 15:30:00+05:30 | OPEN                   |       |
|  4 | 2023-03-08 15:30:00+05:30 | COMPLETE               |       |
+----+---------------------------+------------------------+-------+

+-----------------+---------------------------+----------------------------------+------+
| INST            | timestamp                 | ID                               | TT   |
|-----------------+---------------------------+----------------------------------+------|
| NSE_EQ:HDFCBANK | 2023-03-09 13:15:00+05:30 | 1878935669de4516b3f07f506e230656 | SELL |
+-----------------+---------------------------+----------------------------------+------+
+----+---------------------------+------------------------+-------+
|    | TIMESTAMP                 | STATE                  | MSG   |
|----+---------------------------+------------------------+-------|
|  0 | 2023-03-09 13:15:00+05:30 | PUT ORDER REQ RECEIVED |       |
|  1 | 2023-03-09 13:15:00+05:30 | VALIDATION PENDING     |       |
|  2 | 2023-03-09 13:15:00+05:30 | OPEN PENDING           |       |
|  3 | 2023-03-09 13:15:00+05:30 | OPEN                   |       |
|  4 | 2023-03-09 13:15:00+05:30 | COMPLETE               |       |
+----+---------------------------+------------------------+-------+

+-----------------+---------------------------+----------------------------------+------+
| INST            | timestamp                 | ID                               | TT   |
|-----------------+---------------------------+----------------------------------+------|
| NSE_EQ:HDFCBANK | 2023-03-09 15:30:00+05:30 | 7b28111091cb4940bd4b839f7196b4a1 | BUY  |
+-----------------+---------------------------+----------------------------------+------+
+----+---------------------------+------------------------+-------+
|    | TIMESTAMP                 | STATE                  | MSG   |
|----+---------------------------+------------------------+-------|
|  0 | 2023-03-09 15:30:00+05:30 | PUT ORDER REQ RECEIVED |       |
|  1 | 2023-03-09 15:30:00+05:30 | VALIDATION PENDING     |       |
|  2 | 2023-03-09 15:30:00+05:30 | OPEN PENDING           |       |
|  3 | 2023-03-09 15:30:00+05:30 | OPEN                   |       |
|  4 | 2023-03-09 15:30:00+05:30 | COMPLETE               |       |
+----+---------------------------+------------------------+-------+

+-----------------+---------------------------+----------------------------------+------+
| INST            | timestamp                 | ID                               | TT   |
|-----------------+---------------------------+----------------------------------+------|
| NSE_EQ:HDFCBANK | 2023-03-13 10:15:00+05:30 | 881e093124da489dafa303c733d703c4 | BUY  |
+-----------------+---------------------------+----------------------------------+------+
+----+---------------------------+------------------------+-------+
|    | TIMESTAMP                 | STATE                  | MSG   |
|----+---------------------------+------------------------+-------|
|  0 | 2023-03-13 10:15:00+05:30 | PUT ORDER REQ RECEIVED |       |
|  1 | 2023-03-13 10:15:00+05:30 | VALIDATION PENDING     |       |
|  2 | 2023-03-13 10:15:00+05:30 | OPEN PENDING           |       |
|  3 | 2023-03-13 10:15:00+05:30 | OPEN                   |       |
|  4 | 2023-03-13 10:15:00+05:30 | COMPLETE               |       |
+----+---------------------------+------------------------+-------+

+-----------------+---------------------------+----------------------------------+------+
| INST            | timestamp                 | ID                               | TT   |
|-----------------+---------------------------+----------------------------------+------|
| NSE_EQ:HDFCBANK | 2023-03-13 12:15:00+05:30 | aea0cf759d9b4e35bb2431f01358613d | SELL |
+-----------------+---------------------------+----------------------------------+------+
+----+---------------------------+------------------------+-------+
|    | TIMESTAMP                 | STATE                  | MSG   |
|----+---------------------------+------------------------+-------|
|  0 | 2023-03-13 12:15:00+05:30 | PUT ORDER REQ RECEIVED |       |
|  1 | 2023-03-13 12:15:00+05:30 | VALIDATION PENDING     |       |
|  2 | 2023-03-13 12:15:00+05:30 | OPEN PENDING           |       |
|  3 | 2023-03-13 12:15:00+05:30 | OPEN                   |       |
|  4 | 2023-03-13 12:15:00+05:30 | COMPLETE               |       |
+----+---------------------------+------------------------+-------+

+-----------------+---------------------------+----------------------------------+------+
| INST            | timestamp                 | ID                               | TT   |
|-----------------+---------------------------+----------------------------------+------|
| NSE_EQ:HDFCBANK | 2023-03-14 10:15:00+05:30 | 8e29328e28c8459a8c3198ab62bb2d2d | BUY  |
+-----------------+---------------------------+----------------------------------+------+
+----+---------------------------+------------------------+-------+
|    | TIMESTAMP                 | STATE                  | MSG   |
|----+---------------------------+------------------------+-------|
|  0 | 2023-03-14 10:15:00+05:30 | PUT ORDER REQ RECEIVED |       |
|  1 | 2023-03-14 10:15:00+05:30 | VALIDATION PENDING     |       |
|  2 | 2023-03-14 10:15:00+05:30 | OPEN PENDING           |       |
|  3 | 2023-03-14 10:15:00+05:30 | OPEN                   |       |
|  4 | 2023-03-14 10:15:00+05:30 | COMPLETE               |       |
+----+---------------------------+------------------------+-------+

+-----------------+---------------------------+----------------------------------+------+
| INST            | timestamp                 | ID                               | TT   |
|-----------------+---------------------------+----------------------------------+------|
| NSE_EQ:HDFCBANK | 2023-03-14 11:15:00+05:30 | 6a163eb37aa840d5a081cbbf86aab493 | SELL |
+-----------------+---------------------------+----------------------------------+------+
+----+---------------------------+------------------------+-------+
|    | TIMESTAMP                 | STATE                  | MSG   |
|----+---------------------------+------------------------+-------|
|  0 | 2023-03-14 11:15:00+05:30 | PUT ORDER REQ RECEIVED |       |
|  1 | 2023-03-14 11:15:00+05:30 | VALIDATION PENDING     |       |
|  2 | 2023-03-14 11:15:00+05:30 | OPEN PENDING           |       |
|  3 | 2023-03-14 11:15:00+05:30 | OPEN                   |       |
|  4 | 2023-03-14 11:15:00+05:30 | COMPLETE               |       |
+----+---------------------------+------------------------+-------+

+-----------------+---------------------------+----------------------------------+------+
| INST            | timestamp                 | ID                               | TT   |
|-----------------+---------------------------+----------------------------------+------|
| NSE_EQ:HDFCBANK | 2023-03-14 13:15:00+05:30 | d3c71a0a82d046f1936b97ac9f546ddd | BUY  |
+-----------------+---------------------------+----------------------------------+------+
+----+---------------------------+------------------------+-------+
|    | TIMESTAMP                 | STATE                  | MSG   |
|----+---------------------------+------------------------+-------|
|  0 | 2023-03-14 13:15:00+05:30 | PUT ORDER REQ RECEIVED |       |
|  1 | 2023-03-14 13:15:00+05:30 | VALIDATION PENDING     |       |
|  2 | 2023-03-14 13:15:00+05:30 | OPEN PENDING           |       |
|  3 | 2023-03-14 13:15:00+05:30 | OPEN                   |       |
|  4 | 2023-03-14 13:15:00+05:30 | COMPLETE               |       |
+----+---------------------------+------------------------+-------+

+-----------------+---------------------------+----------------------------------+------+
| INST            | timestamp                 | ID                               | TT   |
|-----------------+---------------------------+----------------------------------+------|
| NSE_EQ:HDFCBANK | 2023-03-14 15:30:00+05:30 | c86fcc6a8e93444b9f6c303409293669 | SELL |
+-----------------+---------------------------+----------------------------------+------+
+----+---------------------------+------------------------+-------+
|    | TIMESTAMP                 | STATE                  | MSG   |
|----+---------------------------+------------------------+-------|
|  0 | 2023-03-14 15:30:00+05:30 | PUT ORDER REQ RECEIVED |       |
|  1 | 2023-03-14 15:30:00+05:30 | VALIDATION PENDING     |       |
|  2 | 2023-03-14 15:30:00+05:30 | OPEN PENDING           |       |
|  3 | 2023-03-14 15:30:00+05:30 | OPEN                   |       |
|  4 | 2023-03-14 15:30:00+05:30 | COMPLETE               |       |
+----+---------------------------+------------------------+-------+

+-----------------+---------------------------+----------------------------------+------+
| INST            | timestamp                 | ID                               | TT   |
|-----------------+---------------------------+----------------------------------+------|
| NSE_EQ:HDFCBANK | 2023-03-15 12:15:00+05:30 | 14d96691403a4094a198619f0a59975c | BUY  |
+-----------------+---------------------------+----------------------------------+------+
+----+---------------------------+------------------------+-------+
|    | TIMESTAMP                 | STATE                  | MSG   |
|----+---------------------------+------------------------+-------|
|  0 | 2023-03-15 12:15:00+05:30 | PUT ORDER REQ RECEIVED |       |
|  1 | 2023-03-15 12:15:00+05:30 | VALIDATION PENDING     |       |
|  2 | 2023-03-15 12:15:00+05:30 | OPEN PENDING           |       |
|  3 | 2023-03-15 12:15:00+05:30 | OPEN                   |       |
|  4 | 2023-03-15 12:15:00+05:30 | COMPLETE               |       |
+----+---------------------------+------------------------+-------+

+-----------------+---------------------------+----------------------------------+------+
| INST            | timestamp                 | ID                               | TT   |
|-----------------+---------------------------+----------------------------------+------|
| NSE_EQ:HDFCBANK | 2023-03-15 13:15:00+05:30 | e32ca24d46c34bb381dd7940b788b234 | SELL |
+-----------------+---------------------------+----------------------------------+------+
+----+---------------------------+------------------------+-------+
|    | TIMESTAMP                 | STATE                  | MSG   |
|----+---------------------------+------------------------+-------|
|  0 | 2023-03-15 13:15:00+05:30 | PUT ORDER REQ RECEIVED |       |
|  1 | 2023-03-15 13:15:00+05:30 | VALIDATION PENDING     |       |
|  2 | 2023-03-15 13:15:00+05:30 | OPEN PENDING           |       |
|  3 | 2023-03-15 13:15:00+05:30 | OPEN                   |       |
|  4 | 2023-03-15 13:15:00+05:30 | COMPLETE               |       |
+----+---------------------------+------------------------+-------+

+-----------------+---------------------------+----------------------------------+------+
| INST            | timestamp                 | ID                               | TT   |
|-----------------+---------------------------+----------------------------------+------|
| NSE_EQ:HDFCBANK | 2023-03-16 11:15:00+05:30 | c4b8fdfa5f144641ba070b2e0492dc3f | BUY  |
+-----------------+---------------------------+----------------------------------+------+
+----+---------------------------+------------------------+-------+
|    | TIMESTAMP                 | STATE                  | MSG   |
|----+---------------------------+------------------------+-------|
|  0 | 2023-03-16 11:15:00+05:30 | PUT ORDER REQ RECEIVED |       |
|  1 | 2023-03-16 11:15:00+05:30 | VALIDATION PENDING     |       |
|  2 | 2023-03-16 11:15:00+05:30 | OPEN PENDING           |       |
|  3 | 2023-03-16 11:15:00+05:30 | OPEN                   |       |
|  4 | 2023-03-16 11:15:00+05:30 | COMPLETE               |       |
+----+---------------------------+------------------------+-------+

+-----------------+---------------------------+----------------------------------+------+
| INST            | timestamp                 | ID                               | TT   |
|-----------------+---------------------------+----------------------------------+------|
| NSE_EQ:HDFCBANK | 2023-03-16 15:30:00+05:30 | d94e569fd78e4f5b8a5b7af6e4f79024 | SELL |
+-----------------+---------------------------+----------------------------------+------+
+----+---------------------------+------------------------+-------+
|    | TIMESTAMP                 | STATE                  | MSG   |
|----+---------------------------+------------------------+-------|
|  0 | 2023-03-16 15:30:00+05:30 | PUT ORDER REQ RECEIVED |       |
|  1 | 2023-03-16 15:30:00+05:30 | VALIDATION PENDING     |       |
|  2 | 2023-03-16 15:30:00+05:30 | OPEN PENDING           |       |
|  3 | 2023-03-16 15:30:00+05:30 | OPEN                   |       |
|  4 | 2023-03-16 15:30:00+05:30 | COMPLETE               |       |
+----+---------------------------+------------------------+-------+

+-----------------+---------------------------+----------------------------------+------+
| INST            | timestamp                 | ID                               | TT   |
|-----------------+---------------------------+----------------------------------+------|
| NSE_EQ:HDFCBANK | 2023-03-20 10:15:00+05:30 | 5f0bbfbd1c4d4caf867c35b6e17dbdcb | SELL |
+-----------------+---------------------------+----------------------------------+------+
+----+---------------------------+------------------------+-------+
|    | TIMESTAMP                 | STATE                  | MSG   |
|----+---------------------------+------------------------+-------|
|  0 | 2023-03-20 10:15:00+05:30 | PUT ORDER REQ RECEIVED |       |
|  1 | 2023-03-20 10:15:00+05:30 | VALIDATION PENDING     |       |
|  2 | 2023-03-20 10:15:00+05:30 | OPEN PENDING           |       |
|  3 | 2023-03-20 10:15:00+05:30 | OPEN                   |       |
|  4 | 2023-03-20 10:15:00+05:30 | COMPLETE               |       |
+----+---------------------------+------------------------+-------+

+-----------------+---------------------------+----------------------------------+------+
| INST            | timestamp                 | ID                               | TT   |
|-----------------+---------------------------+----------------------------------+------|
| NSE_EQ:HDFCBANK | 2023-03-20 15:30:00+05:30 | 0b2733bb96934e03bb5443b0a3017826 | BUY  |
+-----------------+---------------------------+----------------------------------+------+
+----+---------------------------+------------------------+-------+
|    | TIMESTAMP                 | STATE                  | MSG   |
|----+---------------------------+------------------------+-------|
|  0 | 2023-03-20 15:30:00+05:30 | PUT ORDER REQ RECEIVED |       |
|  1 | 2023-03-20 15:30:00+05:30 | VALIDATION PENDING     |       |
|  2 | 2023-03-20 15:30:00+05:30 | OPEN PENDING           |       |
|  3 | 2023-03-20 15:30:00+05:30 | OPEN                   |       |
|  4 | 2023-03-20 15:30:00+05:30 | COMPLETE               |       |
+----+---------------------------+------------------------+-------+

+-----------------+---------------------------+----------------------------------+------+
| INST            | timestamp                 | ID                               | TT   |
|-----------------+---------------------------+----------------------------------+------|
| NSE_EQ:HDFCBANK | 2023-03-23 14:15:00+05:30 | 4c5210d4ab8f4e2abd7abc545562804c | SELL |
+-----------------+---------------------------+----------------------------------+------+
+----+---------------------------+------------------------+-------+
|    | TIMESTAMP                 | STATE                  | MSG   |
|----+---------------------------+------------------------+-------|
|  0 | 2023-03-23 14:15:00+05:30 | PUT ORDER REQ RECEIVED |       |
|  1 | 2023-03-23 14:15:00+05:30 | VALIDATION PENDING     |       |
|  2 | 2023-03-23 14:15:00+05:30 | OPEN PENDING           |       |
|  3 | 2023-03-23 14:15:00+05:30 | OPEN                   |       |
|  4 | 2023-03-23 14:15:00+05:30 | COMPLETE               |       |
+----+---------------------------+------------------------+-------+

+-----------------+---------------------------+----------------------------------+------+
| INST            | timestamp                 | ID                               | TT   |
|-----------------+---------------------------+----------------------------------+------|
| NSE_EQ:HDFCBANK | 2023-03-23 15:30:00+05:30 | e08c01c6785d46b69a069ced0e3d3f38 | BUY  |
+-----------------+---------------------------+----------------------------------+------+
+----+---------------------------+------------------------+-------+
|    | TIMESTAMP                 | STATE                  | MSG   |
|----+---------------------------+------------------------+-------|
|  0 | 2023-03-23 15:30:00+05:30 | PUT ORDER REQ RECEIVED |       |
|  1 | 2023-03-23 15:30:00+05:30 | VALIDATION PENDING     |       |
|  2 | 2023-03-23 15:30:00+05:30 | OPEN PENDING           |       |
|  3 | 2023-03-23 15:30:00+05:30 | OPEN                   |       |
|  4 | 2023-03-23 15:30:00+05:30 | COMPLETE               |       |
+----+---------------------------+------------------------+-------+

+-----------------+---------------------------+----------------------------------+------+
| INST            | timestamp                 | ID                               | TT   |
|-----------------+---------------------------+----------------------------------+------|
| NSE_EQ:HDFCBANK | 2023-03-29 12:15:00+05:30 | b9055169cfd0422aab72182d03f62da9 | SELL |
+-----------------+---------------------------+----------------------------------+------+
+----+---------------------------+------------------------+-------+
|    | TIMESTAMP                 | STATE                  | MSG   |
|----+---------------------------+------------------------+-------|
|  0 | 2023-03-29 12:15:00+05:30 | PUT ORDER REQ RECEIVED |       |
|  1 | 2023-03-29 12:15:00+05:30 | VALIDATION PENDING     |       |
|  2 | 2023-03-29 12:15:00+05:30 | OPEN PENDING           |       |
|  3 | 2023-03-29 12:15:00+05:30 | OPEN                   |       |
|  4 | 2023-03-29 12:15:00+05:30 | COMPLETE               |       |
+----+---------------------------+------------------------+-------+

+-----------------+---------------------------+----------------------------------+------+
| INST            | timestamp                 | ID                               | TT   |
|-----------------+---------------------------+----------------------------------+------|
| NSE_EQ:HDFCBANK | 2023-03-29 14:15:00+05:30 | 24aed0769f0f42b9810e3d497b5ef61e | BUY  |
+-----------------+---------------------------+----------------------------------+------+
+----+---------------------------+------------------------+-------+
|    | TIMESTAMP                 | STATE                  | MSG   |
|----+---------------------------+------------------------+-------|
|  0 | 2023-03-29 14:15:00+05:30 | PUT ORDER REQ RECEIVED |       |
|  1 | 2023-03-29 14:15:00+05:30 | VALIDATION PENDING     |       |
|  2 | 2023-03-29 14:15:00+05:30 | OPEN PENDING           |       |
|  3 | 2023-03-29 14:15:00+05:30 | OPEN                   |       |
|  4 | 2023-03-29 14:15:00+05:30 | COMPLETE               |       |
+----+---------------------------+------------------------+-------+

+-----------------+---------------------------+----------------------------------+------+
| INST            | timestamp                 | ID                               | TT   |
|-----------------+---------------------------+----------------------------------+------|
| NSE_EQ:HDFCBANK | 2023-03-29 15:15:00+05:30 | 8a92806304a14cfbb9b14bbad66fd0fb | SELL |
+-----------------+---------------------------+----------------------------------+------+
+----+---------------------------+------------------------+-------+
|    | TIMESTAMP                 | STATE                  | MSG   |
|----+---------------------------+------------------------+-------|
|  0 | 2023-03-29 15:15:00+05:30 | PUT ORDER REQ RECEIVED |       |
|  1 | 2023-03-29 15:15:00+05:30 | VALIDATION PENDING     |       |
|  2 | 2023-03-29 15:15:00+05:30 | OPEN PENDING           |       |
|  3 | 2023-03-29 15:15:00+05:30 | OPEN                   |       |
|  4 | 2023-03-29 15:15:00+05:30 | COMPLETE               |       |
+----+---------------------------+------------------------+-------+

+-----------------+---------------------------+----------------------------------+------+
| INST            | timestamp                 | ID                               | TT   |
|-----------------+---------------------------+----------------------------------+------|
| NSE_EQ:HDFCBANK | 2023-03-29 15:30:00+05:30 | 4f2179750d4a4e4ebb460b481211b2d5 | BUY  |
+-----------------+---------------------------+----------------------------------+------+
+----+---------------------------+------------------------+-------+
|    | TIMESTAMP                 | STATE                  | MSG   |
|----+---------------------------+------------------------+-------|
|  0 | 2023-03-29 15:30:00+05:30 | PUT ORDER REQ RECEIVED |       |
|  1 | 2023-03-29 15:30:00+05:30 | VALIDATION PENDING     |       |
|  2 | 2023-03-29 15:30:00+05:30 | OPEN PENDING           |       |
|  3 | 2023-03-29 15:30:00+05:30 | OPEN                   |       |
|  4 | 2023-03-29 15:30:00+05:30 | COMPLETE               |       |
+----+---------------------------+------------------------+-------+