

+-------------------+---------------------------+----------------------------------+------+
| INST              | timestamp                 | ID                               | TT   |
|-------------------+---------------------------+----------------------------------+------|
| NSE_EQ:HEROMOTOCO | 2023-01-02 12:15:00+05:30 | decb55714a5a49d8b52600c2e7e613e4 | SELL |
+-------------------+---------------------------+----------------------------------+------+
+----+---------------------------+------------------------+-------+
|    | TIMESTAMP                 | STATE                  | MSG   |
|----+---------------------------+------------------------+-------|
|  0 | 2023-01-02 12:15:00+05:30 | PUT ORDER REQ RECEIVED |       |
|  1 | 2023-01-02 12:15:00+05:30 | VALIDATION PENDING     |       |
|  2 | 2023-01-02 12:15:00+05:30 | OPEN PENDING           |       |
|  3 | 2023-01-02 12:15:00+05:30 | OPEN                   |       |
|  4 | 2023-01-02 12:15:00+05:30 | COMPLETE               |       |
+----+---------------------------+------------------------+-------+

+-------------------+---------------------------+----------------------------------+------+
| INST              | timestamp                 | ID                               | TT   |
|-------------------+---------------------------+----------------------------------+------|
| NSE_EQ:HEROMOTOCO | 2023-01-02 15:30:00+05:30 | 72fc4ea930be4a53b22c6f426c915ace | BUY  |
+-------------------+---------------------------+----------------------------------+------+
+----+---------------------------+------------------------+-------+
|    | TIMESTAMP                 | STATE                  | MSG   |
|----+---------------------------+------------------------+-------|
|  0 | 2023-01-02 15:30:00+05:30 | PUT ORDER REQ RECEIVED |       |
|  1 | 2023-01-02 15:30:00+05:30 | VALIDATION PENDING     |       |
|  2 | 2023-01-02 15:30:00+05:30 | OPEN PENDING           |       |
|  3 | 2023-01-02 15:30:00+05:30 | OPEN                   |       |
|  4 | 2023-01-02 15:30:00+05:30 | COMPLETE               |       |
+----+---------------------------+------------------------+-------+

+-------------------+---------------------------+----------------------------------+------+
| INST              | timestamp                 | ID                               | TT   |
|-------------------+---------------------------+----------------------------------+------|
| NSE_EQ:HEROMOTOCO | 2023-01-05 10:15:00+05:30 | 48fb818d207540c29ec01d6338e1a6fd | BUY  |
+-------------------+---------------------------+----------------------------------+------+
+----+---------------------------+------------------------+-------+
|    | TIMESTAMP                 | STATE                  | MSG   |
|----+---------------------------+------------------------+-------|
|  0 | 2023-01-05 10:15:00+05:30 | PUT ORDER REQ RECEIVED |       |
|  1 | 2023-01-05 10:15:00+05:30 | VALIDATION PENDING     |       |
|  2 | 2023-01-05 10:15:00+05:30 | OPEN PENDING           |       |
|  3 | 2023-01-05 10:15:00+05:30 | OPEN                   |       |
|  4 | 2023-01-05 10:15:00+05:30 | COMPLETE               |       |
+----+---------------------------+------------------------+-------+

+-------------------+---------------------------+----------------------------------+------+
| INST              | timestamp                 | ID                               | TT   |
|-------------------+---------------------------+----------------------------------+------|
| NSE_EQ:HEROMOTOCO | 2023-01-05 13:15:00+05:30 | 556897f957144244a12f4ee56cf337c7 | SELL |
+-------------------+---------------------------+----------------------------------+------+
+----+---------------------------+------------------------+-------+
|    | TIMESTAMP                 | STATE                  | MSG   |
|----+---------------------------+------------------------+-------|
|  0 | 2023-01-05 13:15:00+05:30 | PUT ORDER REQ RECEIVED |       |
|  1 | 2023-01-05 13:15:00+05:30 | VALIDATION PENDING     |       |
|  2 | 2023-01-05 13:15:00+05:30 | OPEN PENDING           |       |
|  3 | 2023-01-05 13:15:00+05:30 | OPEN                   |       |
|  4 | 2023-01-05 13:15:00+05:30 | COMPLETE               |       |
+----+---------------------------+------------------------+-------+

+-------------------+---------------------------+----------------------------------+------+
| INST              | timestamp                 | ID                               | TT   |
|-------------------+---------------------------+----------------------------------+------|
| NSE_EQ:HEROMOTOCO | 2023-01-09 09:15:00+05:30 | 873e2a4956a449d798dfc59e23923fcd | SELL |
+-------------------+---------------------------+----------------------------------+------+
+----+---------------------------+------------------------+-------+
|    | TIMESTAMP                 | STATE                  | MSG   |
|----+---------------------------+------------------------+-------|
|  0 | 2023-01-09 09:15:00+05:30 | PUT ORDER REQ RECEIVED |       |
|  1 | 2023-01-09 09:15:00+05:30 | VALIDATION PENDING     |       |
|  2 | 2023-01-09 09:15:00+05:30 | OPEN PENDING           |       |
|  3 | 2023-01-09 09:15:00+05:30 | OPEN                   |       |
|  4 | 2023-01-09 09:15:00+05:30 | COMPLETE               |       |
+----+---------------------------+------------------------+-------+

+-------------------+---------------------------+----------------------------------+------+
| INST              | timestamp                 | ID                               | TT   |
|-------------------+---------------------------+----------------------------------+------|
| NSE_EQ:HEROMOTOCO | 2023-01-09 15:30:00+05:30 | 64e69f7fb8ab4c89986f40f0961d42a7 | BUY  |
+-------------------+---------------------------+----------------------------------+------+
+----+---------------------------+------------------------+-------+
|    | TIMESTAMP                 | STATE                  | MSG   |
|----+---------------------------+------------------------+-------|
|  0 | 2023-01-09 15:30:00+05:30 | PUT ORDER REQ RECEIVED |       |
|  1 | 2023-01-09 15:30:00+05:30 | VALIDATION PENDING     |       |
|  2 | 2023-01-09 15:30:00+05:30 | OPEN PENDING           |       |
|  3 | 2023-01-09 15:30:00+05:30 | OPEN                   |       |
|  4 | 2023-01-09 15:30:00+05:30 | COMPLETE               |       |
+----+---------------------------+------------------------+-------+

+-------------------+---------------------------+----------------------------------+------+
| INST              | timestamp                 | ID                               | TT   |
|-------------------+---------------------------+----------------------------------+------|
| NSE_EQ:HEROMOTOCO | 2023-01-13 09:15:00+05:30 | c0e2ef519f8a45a9a057b259e9a5df3e | BUY  |
+-------------------+---------------------------+----------------------------------+------+
+----+---------------------------+------------------------+-------+
|    | TIMESTAMP                 | STATE                  | MSG   |
|----+---------------------------+------------------------+-------|
|  0 | 2023-01-13 09:15:00+05:30 | PUT ORDER REQ RECEIVED |       |
|  1 | 2023-01-13 09:15:00+05:30 | VALIDATION PENDING     |       |
|  2 | 2023-01-13 09:15:00+05:30 | OPEN PENDING           |       |
|  3 | 2023-01-13 09:15:00+05:30 | OPEN                   |       |
|  4 | 2023-01-13 09:15:00+05:30 | COMPLETE               |       |
+----+---------------------------+------------------------+-------+

+-------------------+---------------------------+----------------------------------+------+
| INST              | timestamp                 | ID                               | TT   |
|-------------------+---------------------------+----------------------------------+------|
| NSE_EQ:HEROMOTOCO | 2023-01-13 12:15:00+05:30 | 153151ce4bbb4a67aa794b9dbbf5a948 | SELL |
+-------------------+---------------------------+----------------------------------+------+
+----+---------------------------+------------------------+-------+
|    | TIMESTAMP                 | STATE                  | MSG   |
|----+---------------------------+------------------------+-------|
|  0 | 2023-01-13 12:15:00+05:30 | PUT ORDER REQ RECEIVED |       |
|  1 | 2023-01-13 12:15:00+05:30 | VALIDATION PENDING     |       |
|  2 | 2023-01-13 12:15:00+05:30 | OPEN PENDING           |       |
|  3 | 2023-01-13 12:15:00+05:30 | OPEN                   |       |
|  4 | 2023-01-13 12:15:00+05:30 | COMPLETE               |       |
+----+---------------------------+------------------------+-------+

+-------------------+---------------------------+----------------------------------+------+
| INST              | timestamp                 | ID                               | TT   |
|-------------------+---------------------------+----------------------------------+------|
| NSE_EQ:HEROMOTOCO | 2023-01-18 14:15:00+05:30 | a4a45a77c42a48db89ccfc1faba1ce95 | SELL |
+-------------------+---------------------------+----------------------------------+------+
+----+---------------------------+------------------------+-------+
|    | TIMESTAMP                 | STATE                  | MSG   |
|----+---------------------------+------------------------+-------|
|  0 | 2023-01-18 14:15:00+05:30 | PUT ORDER REQ RECEIVED |       |
|  1 | 2023-01-18 14:15:00+05:30 | VALIDATION PENDING     |       |
|  2 | 2023-01-18 14:15:00+05:30 | OPEN PENDING           |       |
|  3 | 2023-01-18 14:15:00+05:30 | OPEN                   |       |
|  4 | 2023-01-18 14:15:00+05:30 | COMPLETE               |       |
+----+---------------------------+------------------------+-------+

+-------------------+---------------------------+----------------------------------+------+
| INST              | timestamp                 | ID                               | TT   |
|-------------------+---------------------------+----------------------------------+------|
| NSE_EQ:HEROMOTOCO | 2023-01-18 15:30:00+05:30 | fa205c503f5a4846885e4ad9cfdc5960 | BUY  |
+-------------------+---------------------------+----------------------------------+------+
+----+---------------------------+------------------------+-------+
|    | TIMESTAMP                 | STATE                  | MSG   |
|----+---------------------------+------------------------+-------|
|  0 | 2023-01-18 15:30:00+05:30 | PUT ORDER REQ RECEIVED |       |
|  1 | 2023-01-18 15:30:00+05:30 | VALIDATION PENDING     |       |
|  2 | 2023-01-18 15:30:00+05:30 | OPEN PENDING           |       |
|  3 | 2023-01-18 15:30:00+05:30 | OPEN                   |       |
|  4 | 2023-01-18 15:30:00+05:30 | COMPLETE               |       |
+----+---------------------------+------------------------+-------+

+-------------------+---------------------------+----------------------------------+------+
| INST              | timestamp                 | ID                               | TT   |
|-------------------+---------------------------+----------------------------------+------|
| NSE_EQ:HEROMOTOCO | 2023-01-23 11:15:00+05:30 | a32f8928a4fc4d07b511932aaecaf6ba | BUY  |
+-------------------+---------------------------+----------------------------------+------+
+----+---------------------------+------------------------+-------+
|    | TIMESTAMP                 | STATE                  | MSG   |
|----+---------------------------+------------------------+-------|
|  0 | 2023-01-23 11:15:00+05:30 | PUT ORDER REQ RECEIVED |       |
|  1 | 2023-01-23 11:15:00+05:30 | VALIDATION PENDING     |       |
|  2 | 2023-01-23 11:15:00+05:30 | OPEN PENDING           |       |
|  3 | 2023-01-23 11:15:00+05:30 | OPEN                   |       |
|  4 | 2023-01-23 11:15:00+05:30 | COMPLETE               |       |
+----+---------------------------+------------------------+-------+

+-------------------+---------------------------+----------------------------------+------+
| INST              | timestamp                 | ID                               | TT   |
|-------------------+---------------------------+----------------------------------+------|
| NSE_EQ:HEROMOTOCO | 2023-01-23 15:30:00+05:30 | a84e607a3d104eff908f8878fa3af01b | SELL |
+-------------------+---------------------------+----------------------------------+------+
+----+---------------------------+------------------------+-------+
|    | TIMESTAMP                 | STATE                  | MSG   |
|----+---------------------------+------------------------+-------|
|  0 | 2023-01-23 15:30:00+05:30 | PUT ORDER REQ RECEIVED |       |
|  1 | 2023-01-23 15:30:00+05:30 | VALIDATION PENDING     |       |
|  2 | 2023-01-23 15:30:00+05:30 | OPEN PENDING           |       |
|  3 | 2023-01-23 15:30:00+05:30 | OPEN                   |       |
|  4 | 2023-01-23 15:30:00+05:30 | COMPLETE               |       |
+----+---------------------------+------------------------+-------+

+-------------------+---------------------------+----------------------------------+------+
| INST              | timestamp                 | ID                               | TT   |
|-------------------+---------------------------+----------------------------------+------|
| NSE_EQ:HEROMOTOCO | 2023-01-24 11:15:00+05:30 | b1bc3849629d47c29a1c3735d47e23f9 | SELL |
+-------------------+---------------------------+----------------------------------+------+
+----+---------------------------+------------------------+-------+
|    | TIMESTAMP                 | STATE                  | MSG   |
|----+---------------------------+------------------------+-------|
|  0 | 2023-01-24 11:15:00+05:30 | PUT ORDER REQ RECEIVED |       |
|  1 | 2023-01-24 11:15:00+05:30 | VALIDATION PENDING     |       |
|  2 | 2023-01-24 11:15:00+05:30 | OPEN PENDING           |       |
|  3 | 2023-01-24 11:15:00+05:30 | OPEN                   |       |
|  4 | 2023-01-24 11:15:00+05:30 | COMPLETE               |       |
+----+---------------------------+------------------------+-------+

+-------------------+---------------------------+----------------------------------+------+
| INST              | timestamp                 | ID                               | TT   |
|-------------------+---------------------------+----------------------------------+------|
| NSE_EQ:HEROMOTOCO | 2023-01-24 15:30:00+05:30 | 1efbb82988334c59a9c2d2eab50cdd10 | BUY  |
+-------------------+---------------------------+----------------------------------+------+
+----+---------------------------+------------------------+-------+
|    | TIMESTAMP                 | STATE                  | MSG   |
|----+---------------------------+------------------------+-------|
|  0 | 2023-01-24 15:30:00+05:30 | PUT ORDER REQ RECEIVED |       |
|  1 | 2023-01-24 15:30:00+05:30 | VALIDATION PENDING     |       |
|  2 | 2023-01-24 15:30:00+05:30 | OPEN PENDING           |       |
|  3 | 2023-01-24 15:30:00+05:30 | OPEN                   |       |
|  4 | 2023-01-24 15:30:00+05:30 | COMPLETE               |       |
+----+---------------------------+------------------------+-------+

+-------------------+---------------------------+----------------------------------+------+
| INST              | timestamp                 | ID                               | TT   |
|-------------------+---------------------------+----------------------------------+------|
| NSE_EQ:HEROMOTOCO | 2023-01-25 14:15:00+05:30 | b5f6c07694f047ab893f2e3f3ec38760 | BUY  |
+-------------------+---------------------------+----------------------------------+------+
+----+---------------------------+------------------------+-------+
|    | TIMESTAMP                 | STATE                  | MSG   |
|----+---------------------------+------------------------+-------|
|  0 | 2023-01-25 14:15:00+05:30 | PUT ORDER REQ RECEIVED |       |
|  1 | 2023-01-25 14:15:00+05:30 | VALIDATION PENDING     |       |
|  2 | 2023-01-25 14:15:00+05:30 | OPEN PENDING           |       |
|  3 | 2023-01-25 14:15:00+05:30 | OPEN                   |       |
|  4 | 2023-01-25 14:15:00+05:30 | COMPLETE               |       |
+----+---------------------------+------------------------+-------+

+-------------------+---------------------------+----------------------------------+------+
| INST              | timestamp                 | ID                               | TT   |
|-------------------+---------------------------+----------------------------------+------|
| NSE_EQ:HEROMOTOCO | 2023-01-25 15:30:00+05:30 | c9c5d0f716594264b55153f3b613a994 | SELL |
+-------------------+---------------------------+----------------------------------+------+
+----+---------------------------+------------------------+-------+
|    | TIMESTAMP                 | STATE                  | MSG   |
|----+---------------------------+------------------------+-------|
|  0 | 2023-01-25 15:30:00+05:30 | PUT ORDER REQ RECEIVED |       |
|  1 | 2023-01-25 15:30:00+05:30 | VALIDATION PENDING     |       |
|  2 | 2023-01-25 15:30:00+05:30 | OPEN PENDING           |       |
|  3 | 2023-01-25 15:30:00+05:30 | OPEN                   |       |
|  4 | 2023-01-25 15:30:00+05:30 | COMPLETE               |       |
+----+---------------------------+------------------------+-------+

+-------------------+---------------------------+----------------------------------+------+
| INST              | timestamp                 | ID                               | TT   |
|-------------------+---------------------------+----------------------------------+------|
| NSE_EQ:HEROMOTOCO | 2023-01-31 14:15:00+05:30 | d4330aa528874b5a804d94b871f62246 | BUY  |
+-------------------+---------------------------+----------------------------------+------+
+----+---------------------------+------------------------+-------+
|    | TIMESTAMP                 | STATE                  | MSG   |
|----+---------------------------+------------------------+-------|
|  0 | 2023-01-31 14:15:00+05:30 | PUT ORDER REQ RECEIVED |       |
|  1 | 2023-01-31 14:15:00+05:30 | VALIDATION PENDING     |       |
|  2 | 2023-01-31 14:15:00+05:30 | OPEN PENDING           |       |
|  3 | 2023-01-31 14:15:00+05:30 | OPEN                   |       |
|  4 | 2023-01-31 14:15:00+05:30 | COMPLETE               |       |
+----+---------------------------+------------------------+-------+

+-------------------+---------------------------+----------------------------------+------+
| INST              | timestamp                 | ID                               | TT   |
|-------------------+---------------------------+----------------------------------+------|
| NSE_EQ:HEROMOTOCO | 2023-01-31 15:30:00+05:30 | 04e9f338a0c84a0ba033250d1b951c57 | SELL |
+-------------------+---------------------------+----------------------------------+------+
+----+---------------------------+------------------------+-------+
|    | TIMESTAMP                 | STATE                  | MSG   |
|----+---------------------------+------------------------+-------|
|  0 | 2023-01-31 15:30:00+05:30 | PUT ORDER REQ RECEIVED |       |
|  1 | 2023-01-31 15:30:00+05:30 | VALIDATION PENDING     |       |
|  2 | 2023-01-31 15:30:00+05:30 | OPEN PENDING           |       |
|  3 | 2023-01-31 15:30:00+05:30 | OPEN                   |       |
|  4 | 2023-01-31 15:30:00+05:30 | COMPLETE               |       |
+----+---------------------------+------------------------+-------+

+-------------------+---------------------------+----------------------------------+------+
| INST              | timestamp                 | ID                               | TT   |
|-------------------+---------------------------+----------------------------------+------|
| NSE_EQ:HEROMOTOCO | 2023-02-02 10:15:00+05:30 | 80650cb5942048118da5a2c08560eba1 | SELL |
+-------------------+---------------------------+----------------------------------+------+
+----+---------------------------+------------------------+-------+
|    | TIMESTAMP                 | STATE                  | MSG   |
|----+---------------------------+------------------------+-------|
|  0 | 2023-02-02 10:15:00+05:30 | PUT ORDER REQ RECEIVED |       |
|  1 | 2023-02-02 10:15:00+05:30 | VALIDATION PENDING     |       |
|  2 | 2023-02-02 10:15:00+05:30 | OPEN PENDING           |       |
|  3 | 2023-02-02 10:15:00+05:30 | OPEN                   |       |
|  4 | 2023-02-02 10:15:00+05:30 | COMPLETE               |       |
+----+---------------------------+------------------------+-------+

+-------------------+---------------------------+----------------------------------+------+
| INST              | timestamp                 | ID                               | TT   |
|-------------------+---------------------------+----------------------------------+------|
| NSE_EQ:HEROMOTOCO | 2023-02-02 13:15:00+05:30 | 507a96fdc2864d21971f055e377a358a | BUY  |
+-------------------+---------------------------+----------------------------------+------+
+----+---------------------------+------------------------+-------+
|    | TIMESTAMP                 | STATE                  | MSG   |
|----+---------------------------+------------------------+-------|
|  0 | 2023-02-02 13:15:00+05:30 | PUT ORDER REQ RECEIVED |       |
|  1 | 2023-02-02 13:15:00+05:30 | VALIDATION PENDING     |       |
|  2 | 2023-02-02 13:15:00+05:30 | OPEN PENDING           |       |
|  3 | 2023-02-02 13:15:00+05:30 | OPEN                   |       |
|  4 | 2023-02-02 13:15:00+05:30 | COMPLETE               |       |
+----+---------------------------+------------------------+-------+

+-------------------+---------------------------+----------------------------------+------+
| INST              | timestamp                 | ID                               | TT   |
|-------------------+---------------------------+----------------------------------+------|
| NSE_EQ:HEROMOTOCO | 2023-02-06 10:15:00+05:30 | ebe12aec0541431e93c01e5ccec4df41 | BUY  |
+-------------------+---------------------------+----------------------------------+------+
+----+---------------------------+------------------------+-------+
|    | TIMESTAMP                 | STATE                  | MSG   |
|----+---------------------------+------------------------+-------|
|  0 | 2023-02-06 10:15:00+05:30 | PUT ORDER REQ RECEIVED |       |
|  1 | 2023-02-06 10:15:00+05:30 | VALIDATION PENDING     |       |
|  2 | 2023-02-06 10:15:00+05:30 | OPEN PENDING           |       |
|  3 | 2023-02-06 10:15:00+05:30 | OPEN                   |       |
|  4 | 2023-02-06 10:15:00+05:30 | COMPLETE               |       |
+----+---------------------------+------------------------+-------+

+-------------------+---------------------------+----------------------------------+------+
| INST              | timestamp                 | ID                               | TT   |
|-------------------+---------------------------+----------------------------------+------|
| NSE_EQ:HEROMOTOCO | 2023-02-06 14:15:00+05:30 | f88a4684c93d471e9de56f4f26d776bd | SELL |
+-------------------+---------------------------+----------------------------------+------+
+----+---------------------------+------------------------+-------+
|    | TIMESTAMP                 | STATE                  | MSG   |
|----+---------------------------+------------------------+-------|
|  0 | 2023-02-06 14:15:00+05:30 | PUT ORDER REQ RECEIVED |       |
|  1 | 2023-02-06 14:15:00+05:30 | VALIDATION PENDING     |       |
|  2 | 2023-02-06 14:15:00+05:30 | OPEN PENDING           |       |
|  3 | 2023-02-06 14:15:00+05:30 | OPEN                   |       |
|  4 | 2023-02-06 14:15:00+05:30 | COMPLETE               |       |
+----+---------------------------+------------------------+-------+

+-------------------+---------------------------+----------------------------------+------+
| INST              | timestamp                 | ID                               | TT   |
|-------------------+---------------------------+----------------------------------+------|
| NSE_EQ:HEROMOTOCO | 2023-02-07 13:15:00+05:30 | dd4984c38bf54e84ac55a9baea8c2791 | SELL |
+-------------------+---------------------------+----------------------------------+------+
+----+---------------------------+------------------------+-------+
|    | TIMESTAMP                 | STATE                  | MSG   |
|----+---------------------------+------------------------+-------|
|  0 | 2023-02-07 13:15:00+05:30 | PUT ORDER REQ RECEIVED |       |
|  1 | 2023-02-07 13:15:00+05:30 | VALIDATION PENDING     |       |
|  2 | 2023-02-07 13:15:00+05:30 | OPEN PENDING           |       |
|  3 | 2023-02-07 13:15:00+05:30 | OPEN                   |       |
|  4 | 2023-02-07 13:15:00+05:30 | COMPLETE               |       |
+----+---------------------------+------------------------+-------+

+-------------------+---------------------------+----------------------------------+------+
| INST              | timestamp                 | ID                               | TT   |
|-------------------+---------------------------+----------------------------------+------|
| NSE_EQ:HEROMOTOCO | 2023-02-07 15:30:00+05:30 | ae3a26c439c7403f84ba86ec39f58382 | BUY  |
+-------------------+---------------------------+----------------------------------+------+
+----+---------------------------+------------------------+-------+
|    | TIMESTAMP                 | STATE                  | MSG   |
|----+---------------------------+------------------------+-------|
|  0 | 2023-02-07 15:30:00+05:30 | PUT ORDER REQ RECEIVED |       |
|  1 | 2023-02-07 15:30:00+05:30 | VALIDATION PENDING     |       |
|  2 | 2023-02-07 15:30:00+05:30 | OPEN PENDING           |       |
|  3 | 2023-02-07 15:30:00+05:30 | OPEN                   |       |
|  4 | 2023-02-07 15:30:00+05:30 | COMPLETE               |       |
+----+---------------------------+------------------------+-------+

+-------------------+---------------------------+----------------------------------+------+
| INST              | timestamp                 | ID                               | TT   |
|-------------------+---------------------------+----------------------------------+------|
| NSE_EQ:HEROMOTOCO | 2023-02-10 12:15:00+05:30 | efde2be2aa4c4bd58e644bb21e77e26b | BUY  |
+-------------------+---------------------------+----------------------------------+------+
+----+---------------------------+------------------------+-------+
|    | TIMESTAMP                 | STATE                  | MSG   |
|----+---------------------------+------------------------+-------|
|  0 | 2023-02-10 12:15:00+05:30 | PUT ORDER REQ RECEIVED |       |
|  1 | 2023-02-10 12:15:00+05:30 | VALIDATION PENDING     |       |
|  2 | 2023-02-10 12:15:00+05:30 | OPEN PENDING           |       |
|  3 | 2023-02-10 12:15:00+05:30 | OPEN                   |       |
|  4 | 2023-02-10 12:15:00+05:30 | COMPLETE               |       |
+----+---------------------------+------------------------+-------+

+-------------------+---------------------------+----------------------------------+------+
| INST              | timestamp                 | ID                               | TT   |
|-------------------+---------------------------+----------------------------------+------|
| NSE_EQ:HEROMOTOCO | 2023-02-10 15:15:00+05:30 | 2b62d17664f14f54b8dba8f2e623b1a8 | SELL |
+-------------------+---------------------------+----------------------------------+------+
+----+---------------------------+------------------------+-------+
|    | TIMESTAMP                 | STATE                  | MSG   |
|----+---------------------------+------------------------+-------|
|  0 | 2023-02-10 15:15:00+05:30 | PUT ORDER REQ RECEIVED |       |
|  1 | 2023-02-10 15:15:00+05:30 | VALIDATION PENDING     |       |
|  2 | 2023-02-10 15:15:00+05:30 | OPEN PENDING           |       |
|  3 | 2023-02-10 15:15:00+05:30 | OPEN                   |       |
|  4 | 2023-02-10 15:15:00+05:30 | COMPLETE               |       |
+----+---------------------------+------------------------+-------+

+-------------------+---------------------------+----------------------------------+------+
| INST              | timestamp                 | ID                               | TT   |
|-------------------+---------------------------+----------------------------------+------|
| NSE_EQ:HEROMOTOCO | 2023-02-17 10:15:00+05:30 | 35855e6caaa642168f413360c0473b92 | SELL |
+-------------------+---------------------------+----------------------------------+------+
+----+---------------------------+------------------------+-------+
|    | TIMESTAMP                 | STATE                  | MSG   |
|----+---------------------------+------------------------+-------|
|  0 | 2023-02-17 10:15:00+05:30 | PUT ORDER REQ RECEIVED |       |
|  1 | 2023-02-17 10:15:00+05:30 | VALIDATION PENDING     |       |
|  2 | 2023-02-17 10:15:00+05:30 | OPEN PENDING           |       |
|  3 | 2023-02-17 10:15:00+05:30 | OPEN                   |       |
|  4 | 2023-02-17 10:15:00+05:30 | COMPLETE               |       |
+----+---------------------------+------------------------+-------+

+-------------------+---------------------------+----------------------------------+------+
| INST              | timestamp                 | ID                               | TT   |
|-------------------+---------------------------+----------------------------------+------|
| NSE_EQ:HEROMOTOCO | 2023-02-17 14:15:00+05:30 | 08225ed36a2c4ad390f0e698fbd04636 | BUY  |
+-------------------+---------------------------+----------------------------------+------+
+----+---------------------------+------------------------+-------+
|    | TIMESTAMP                 | STATE                  | MSG   |
|----+---------------------------+------------------------+-------|
|  0 | 2023-02-17 14:15:00+05:30 | PUT ORDER REQ RECEIVED |       |
|  1 | 2023-02-17 14:15:00+05:30 | VALIDATION PENDING     |       |
|  2 | 2023-02-17 14:15:00+05:30 | OPEN PENDING           |       |
|  3 | 2023-02-17 14:15:00+05:30 | OPEN                   |       |
|  4 | 2023-02-17 14:15:00+05:30 | COMPLETE               |       |
+----+---------------------------+------------------------+-------+

+-------------------+---------------------------+----------------------------------+------+
| INST              | timestamp                 | ID                               | TT   |
|-------------------+---------------------------+----------------------------------+------|
| NSE_EQ:HEROMOTOCO | 2023-02-20 12:15:00+05:30 | da4597e6d3af4a5cb990ff921960619e | BUY  |
+-------------------+---------------------------+----------------------------------+------+
+----+---------------------------+------------------------+-------+
|    | TIMESTAMP                 | STATE                  | MSG   |
|----+---------------------------+------------------------+-------|
|  0 | 2023-02-20 12:15:00+05:30 | PUT ORDER REQ RECEIVED |       |
|  1 | 2023-02-20 12:15:00+05:30 | VALIDATION PENDING     |       |
|  2 | 2023-02-20 12:15:00+05:30 | OPEN PENDING           |       |
|  3 | 2023-02-20 12:15:00+05:30 | OPEN                   |       |
|  4 | 2023-02-20 12:15:00+05:30 | COMPLETE               |       |
+----+---------------------------+------------------------+-------+

+-------------------+---------------------------+----------------------------------+------+
| INST              | timestamp                 | ID                               | TT   |
|-------------------+---------------------------+----------------------------------+------|
| NSE_EQ:HEROMOTOCO | 2023-02-20 15:30:00+05:30 | e8b99864ace44886ba16fe032654b5e1 | SELL |
+-------------------+---------------------------+----------------------------------+------+
+----+---------------------------+------------------------+-------+
|    | TIMESTAMP                 | STATE                  | MSG   |
|----+---------------------------+------------------------+-------|
|  0 | 2023-02-20 15:30:00+05:30 | PUT ORDER REQ RECEIVED |       |
|  1 | 2023-02-20 15:30:00+05:30 | VALIDATION PENDING     |       |
|  2 | 2023-02-20 15:30:00+05:30 | OPEN PENDING           |       |
|  3 | 2023-02-20 15:30:00+05:30 | OPEN                   |       |
|  4 | 2023-02-20 15:30:00+05:30 | COMPLETE               |       |
+----+---------------------------+------------------------+-------+

+-------------------+---------------------------+----------------------------------+------+
| INST              | timestamp                 | ID                               | TT   |
|-------------------+---------------------------+----------------------------------+------|
| NSE_EQ:HEROMOTOCO | 2023-02-22 11:15:00+05:30 | 4ba8b44688294645a8a1d14e33df57eb | SELL |
+-------------------+---------------------------+----------------------------------+------+
+----+---------------------------+------------------------+-------+
|    | TIMESTAMP                 | STATE                  | MSG   |
|----+---------------------------+------------------------+-------|
|  0 | 2023-02-22 11:15:00+05:30 | PUT ORDER REQ RECEIVED |       |
|  1 | 2023-02-22 11:15:00+05:30 | VALIDATION PENDING     |       |
|  2 | 2023-02-22 11:15:00+05:30 | OPEN PENDING           |       |
|  3 | 2023-02-22 11:15:00+05:30 | OPEN                   |       |
|  4 | 2023-02-22 11:15:00+05:30 | COMPLETE               |       |
+----+---------------------------+------------------------+-------+

+-------------------+---------------------------+----------------------------------+------+
| INST              | timestamp                 | ID                               | TT   |
|-------------------+---------------------------+----------------------------------+------|
| NSE_EQ:HEROMOTOCO | 2023-02-22 15:30:00+05:30 | ece24d63ff704a2fa0d35cb1276ecad9 | BUY  |
+-------------------+---------------------------+----------------------------------+------+
+----+---------------------------+------------------------+-------+
|    | TIMESTAMP                 | STATE                  | MSG   |
|----+---------------------------+------------------------+-------|
|  0 | 2023-02-22 15:30:00+05:30 | PUT ORDER REQ RECEIVED |       |
|  1 | 2023-02-22 15:30:00+05:30 | VALIDATION PENDING     |       |
|  2 | 2023-02-22 15:30:00+05:30 | OPEN PENDING           |       |
|  3 | 2023-02-22 15:30:00+05:30 | OPEN                   |       |
|  4 | 2023-02-22 15:30:00+05:30 | COMPLETE               |       |
+----+---------------------------+------------------------+-------+

+-------------------+---------------------------+----------------------------------+------+
| INST              | timestamp                 | ID                               | TT   |
|-------------------+---------------------------+----------------------------------+------|
| NSE_EQ:HEROMOTOCO | 2023-02-24 12:15:00+05:30 | cf14ce74d0db472bb2c266bd10d3cb91 | BUY  |
+-------------------+---------------------------+----------------------------------+------+
+----+---------------------------+------------------------+-------+
|    | TIMESTAMP                 | STATE                  | MSG   |
|----+---------------------------+------------------------+-------|
|  0 | 2023-02-24 12:15:00+05:30 | PUT ORDER REQ RECEIVED |       |
|  1 | 2023-02-24 12:15:00+05:30 | VALIDATION PENDING     |       |
|  2 | 2023-02-24 12:15:00+05:30 | OPEN PENDING           |       |
|  3 | 2023-02-24 12:15:00+05:30 | OPEN                   |       |
|  4 | 2023-02-24 12:15:00+05:30 | COMPLETE               |       |
+----+---------------------------+------------------------+-------+

+-------------------+---------------------------+----------------------------------+------+
| INST              | timestamp                 | ID                               | TT   |
|-------------------+---------------------------+----------------------------------+------|
| NSE_EQ:HEROMOTOCO | 2023-02-24 15:30:00+05:30 | 833158418703445d882b7afdfc225774 | SELL |
+-------------------+---------------------------+----------------------------------+------+
+----+---------------------------+------------------------+-------+
|    | TIMESTAMP                 | STATE                  | MSG   |
|----+---------------------------+------------------------+-------|
|  0 | 2023-02-24 15:30:00+05:30 | PUT ORDER REQ RECEIVED |       |
|  1 | 2023-02-24 15:30:00+05:30 | VALIDATION PENDING     |       |
|  2 | 2023-02-24 15:30:00+05:30 | OPEN PENDING           |       |
|  3 | 2023-02-24 15:30:00+05:30 | OPEN                   |       |
|  4 | 2023-02-24 15:30:00+05:30 | COMPLETE               |       |
+----+---------------------------+------------------------+-------+