

+------------------------------+---------------------------+----------------------------------+------+
| INST                         | timestamp                 | ID                               | TT   |
|------------------------------+---------------------------+----------------------------------+------|
| NSE_FO:BANKNIFTY25JUN55600CE | 2025-06-20 09:15:00+05:30 | 74aa2085134b460d87cd52ea4fe5b7f5 | BUY  |
+------------------------------+---------------------------+----------------------------------+------+
+----+---------------------------+------------------------+-------+
|    | TIMESTAMP                 | STATE                  | MSG   |
|----+---------------------------+------------------------+-------|
|  0 | 2025-06-20 09:15:00+05:30 | PUT ORDER REQ RECEIVED |       |
|  1 | 2025-06-20 09:15:00+05:30 | VALIDATION PENDING     |       |
|  2 | 2025-06-20 09:15:00+05:30 | OPEN PENDING           |       |
|  3 | 2025-06-20 09:15:00+05:30 | OPEN                   |       |
|  4 | 2025-06-20 09:15:00+05:30 | COMPLETE               |       |
+----+---------------------------+------------------------+-------+

+------------------------------+---------------------------+----------------------------------+------+
| INST                         | timestamp                 | ID                               | TT   |
|------------------------------+---------------------------+----------------------------------+------|
| NSE_FO:BANKNIFTY25JUN55600CE | 2025-06-20 09:30:00+05:30 | 46fc0dc494b14e11be3fb7367f11bd48 | SELL |
+------------------------------+---------------------------+----------------------------------+------+
+----+---------------------------+------------------------+-------+
|    | TIMESTAMP                 | STATE                  | MSG   |
|----+---------------------------+------------------------+-------|
|  0 | 2025-06-20 09:30:00+05:30 | PUT ORDER REQ RECEIVED |       |
|  1 | 2025-06-20 09:30:00+05:30 | VALIDATION PENDING     |       |
|  2 | 2025-06-20 09:30:00+05:30 | OPEN PENDING           |       |
|  3 | 2025-06-20 09:30:00+05:30 | OPEN                   |       |
|  4 | 2025-06-20 10:30:00+05:30 | COMPLETE               |       |
+----+---------------------------+------------------------+-------+

+------------------------------+---------------------------+----------------------------------+------+
| INST                         | timestamp                 | ID                               | TT   |
|------------------------------+---------------------------+----------------------------------+------|
| NSE_FO:BANKNIFTY25JUN55600CE | 2025-06-20 09:30:00+05:30 | fd27711cdddb4dc9808f8dea0d42e82d | SELL |
+------------------------------+---------------------------+----------------------------------+------+
+----+---------------------------+------------------------+-------+
|    | TIMESTAMP                 | STATE                  | MSG   |
|----+---------------------------+------------------------+-------|
|  0 | 2025-06-20 09:30:00+05:30 | PUT ORDER REQ RECEIVED |       |
|  1 | 2025-06-20 09:30:00+05:30 | VALIDATION PENDING     |       |
|  2 | 2025-06-20 09:30:00+05:30 | OPEN PENDING           |       |
|  3 | 2025-06-20 09:30:00+05:30 | TRIGGER PENDING        |       |
|  4 | 2025-06-20 10:30:00+05:30 | CANCEL PENDING         |       |
|  5 | 2025-06-20 10:30:00+05:30 | CANCELLED              |       |
+----+---------------------------+------------------------+-------+

+------------------------------+---------------------------+----------------------------------+------+
| INST                         | timestamp                 | ID                               | TT   |
|------------------------------+---------------------------+----------------------------------+------|
| NSE_FO:BANKNIFTY25JUN56100CE | 2025-06-20 10:45:00+05:30 | ef89f0b8700947abb0aed9839d4c8cdf | BUY  |
+------------------------------+---------------------------+----------------------------------+------+
+----+---------------------------+------------------------+-------+
|    | TIMESTAMP                 | STATE                  | MSG   |
|----+---------------------------+------------------------+-------|
|  0 | 2025-06-20 10:45:00+05:30 | PUT ORDER REQ RECEIVED |       |
|  1 | 2025-06-20 10:45:00+05:30 | VALIDATION PENDING     |       |
|  2 | 2025-06-20 10:45:00+05:30 | OPEN PENDING           |       |
|  3 | 2025-06-20 10:45:00+05:30 | OPEN                   |       |
|  4 | 2025-06-20 10:45:00+05:30 | COMPLETE               |       |
+----+---------------------------+------------------------+-------+

+------------------------------+---------------------------+----------------------------------+------+
| INST                         | timestamp                 | ID                               | TT   |
|------------------------------+---------------------------+----------------------------------+------|
| NSE_FO:BANKNIFTY25JUN56100CE | 2025-06-20 15:30:00+05:30 | 54c6a3649ca1464282a31b6432724dff | SELL |
+------------------------------+---------------------------+----------------------------------+------+
+----+---------------------------+------------------------+-------+
|    | TIMESTAMP                 | STATE                  | MSG   |
|----+---------------------------+------------------------+-------|
|  0 | 2025-06-20 15:30:00+05:30 | PUT ORDER REQ RECEIVED |       |
|  1 | 2025-06-20 15:30:00+05:30 | VALIDATION PENDING     |       |
|  2 | 2025-06-20 15:30:00+05:30 | OPEN PENDING           |       |
|  3 | 2025-06-20 15:30:00+05:30 | OPEN                   |       |
|  4 | 2025-06-20 15:30:00+05:30 | COMPLETE               |       |
+----+---------------------------+------------------------+-------+

+------------------------------+---------------------------+----------------------------------+------+
| INST                         | timestamp                 | ID                               | TT   |
|------------------------------+---------------------------+----------------------------------+------|
| NSE_FO:BANKNIFTY25JUN56100CE | 2025-06-20 11:00:00+05:30 | 6e6f1b2ed12549548060010a78ab31a4 | SELL |
+------------------------------+---------------------------+----------------------------------+------+
+----+---------------------------+------------------------+-------+
|    | TIMESTAMP                 | STATE                  | MSG   |
|----+---------------------------+------------------------+-------|
|  0 | 2025-06-20 11:00:00+05:30 | PUT ORDER REQ RECEIVED |       |
|  1 | 2025-06-20 11:00:00+05:30 | VALIDATION PENDING     |       |
|  2 | 2025-06-20 11:00:00+05:30 | OPEN PENDING           |       |
|  3 | 2025-06-20 11:00:00+05:30 | OPEN                   |       |
|  4 | 2025-06-20 15:30:00+05:30 | CANCEL PENDING         |       |
|  5 | 2025-06-20 15:30:00+05:30 | CANCELLED              |       |
+----+---------------------------+------------------------+-------+

+------------------------------+---------------------------+----------------------------------+------+
| INST                         | timestamp                 | ID                               | TT   |
|------------------------------+---------------------------+----------------------------------+------|
| NSE_FO:BANKNIFTY25JUN56100CE | 2025-06-20 11:00:00+05:30 | 28bbf8a30a2241a28d6fff3017a5e867 | SELL |
+------------------------------+---------------------------+----------------------------------+------+
+----+---------------------------+------------------------+-------+
|    | TIMESTAMP                 | STATE                  | MSG   |
|----+---------------------------+------------------------+-------|
|  0 | 2025-06-20 11:00:00+05:30 | PUT ORDER REQ RECEIVED |       |
|  1 | 2025-06-20 11:00:00+05:30 | VALIDATION PENDING     |       |
|  2 | 2025-06-20 11:00:00+05:30 | OPEN PENDING           |       |
|  3 | 2025-06-20 11:00:00+05:30 | TRIGGER PENDING        |       |
|  4 | 2025-06-20 15:30:00+05:30 | CANCEL PENDING         |       |
|  5 | 2025-06-20 15:30:00+05:30 | CANCELLED              |       |
+----+---------------------------+------------------------+-------+