

+-------------+---------------------------+----------------------------------+------+
| INST        | timestamp                 | ID                               | TT   |
|-------------+---------------------------+----------------------------------+------|
| NSE_EQ:CDSL | 2023-01-04 10:15:00+05:30 | ed36bec3fdc4446299ef9e4946fc2da4 | SELL |
+-------------+---------------------------+----------------------------------+------+
+----+---------------------------+------------------------+-------+
|    | TIMESTAMP                 | STATE                  | MSG   |
|----+---------------------------+------------------------+-------|
|  0 | 2023-01-04 10:15:00+05:30 | PUT ORDER REQ RECEIVED |       |
|  1 | 2023-01-04 10:15:00+05:30 | VALIDATION PENDING     |       |
|  2 | 2023-01-04 10:15:00+05:30 | OPEN PENDING           |       |
|  3 | 2023-01-04 10:15:00+05:30 | OPEN                   |       |
|  4 | 2023-01-04 10:15:00+05:30 | COMPLETE               |       |
+----+---------------------------+------------------------+-------+

+-------------+---------------------------+----------------------------------+------+
| INST        | timestamp                 | ID                               | TT   |
|-------------+---------------------------+----------------------------------+------|
| NSE_EQ:CDSL | 2023-01-04 15:30:00+05:30 | 20b4f755768b4cbaabf1ba1664806e24 | BUY  |
+-------------+---------------------------+----------------------------------+------+
+----+---------------------------+------------------------+-------+
|    | TIMESTAMP                 | STATE                  | MSG   |
|----+---------------------------+------------------------+-------|
|  0 | 2023-01-04 15:30:00+05:30 | PUT ORDER REQ RECEIVED |       |
|  1 | 2023-01-04 15:30:00+05:30 | VALIDATION PENDING     |       |
|  2 | 2023-01-04 15:30:00+05:30 | OPEN PENDING           |       |
|  3 | 2023-01-04 15:30:00+05:30 | OPEN                   |       |
|  4 | 2023-01-04 15:30:00+05:30 | COMPLETE               |       |
+----+---------------------------+------------------------+-------+

+-------------+---------------------------+----------------------------------+------+
| INST        | timestamp                 | ID                               | TT   |
|-------------+---------------------------+----------------------------------+------|
| NSE_EQ:CDSL | 2023-01-11 14:15:00+05:30 | 5dc7cb9398e440d3bb186902217f0673 | BUY  |
+-------------+---------------------------+----------------------------------+------+
+----+---------------------------+------------------------+-------+
|    | TIMESTAMP                 | STATE                  | MSG   |
|----+---------------------------+------------------------+-------|
|  0 | 2023-01-11 14:15:00+05:30 | PUT ORDER REQ RECEIVED |       |
|  1 | 2023-01-11 14:15:00+05:30 | VALIDATION PENDING     |       |
|  2 | 2023-01-11 14:15:00+05:30 | OPEN PENDING           |       |
|  3 | 2023-01-11 14:15:00+05:30 | OPEN                   |       |
|  4 | 2023-01-11 14:15:00+05:30 | COMPLETE               |       |
+----+---------------------------+------------------------+-------+

+-------------+---------------------------+----------------------------------+------+
| INST        | timestamp                 | ID                               | TT   |
|-------------+---------------------------+----------------------------------+------|
| NSE_EQ:CDSL | 2023-01-11 15:30:00+05:30 | ff4c1825cc614cab8eef588faddcceca | SELL |
+-------------+---------------------------+----------------------------------+------+
+----+---------------------------+------------------------+-------+
|    | TIMESTAMP                 | STATE                  | MSG   |
|----+---------------------------+------------------------+-------|
|  0 | 2023-01-11 15:30:00+05:30 | PUT ORDER REQ RECEIVED |       |
|  1 | 2023-01-11 15:30:00+05:30 | VALIDATION PENDING     |       |
|  2 | 2023-01-11 15:30:00+05:30 | OPEN PENDING           |       |
|  3 | 2023-01-11 15:30:00+05:30 | OPEN                   |       |
|  4 | 2023-01-11 15:30:00+05:30 | COMPLETE               |       |
+----+---------------------------+------------------------+-------+

+-------------+---------------------------+----------------------------------+------+
| INST        | timestamp                 | ID                               | TT   |
|-------------+---------------------------+----------------------------------+------|
| NSE_EQ:CDSL | 2023-01-12 10:15:00+05:30 | 320e6f4a9e5d429c82d8ca0e427437d8 | SELL |
+-------------+---------------------------+----------------------------------+------+
+----+---------------------------+------------------------+-------+
|    | TIMESTAMP                 | STATE                  | MSG   |
|----+---------------------------+------------------------+-------|
|  0 | 2023-01-12 10:15:00+05:30 | PUT ORDER REQ RECEIVED |       |
|  1 | 2023-01-12 10:15:00+05:30 | VALIDATION PENDING     |       |
|  2 | 2023-01-12 10:15:00+05:30 | OPEN PENDING           |       |
|  3 | 2023-01-12 10:15:00+05:30 | OPEN                   |       |
|  4 | 2023-01-12 10:15:00+05:30 | COMPLETE               |       |
+----+---------------------------+------------------------+-------+

+-------------+---------------------------+----------------------------------+------+
| INST        | timestamp                 | ID                               | TT   |
|-------------+---------------------------+----------------------------------+------|
| NSE_EQ:CDSL | 2023-01-12 15:30:00+05:30 | c5b80a97a5804de8a2d5a8ec3d8b1b01 | BUY  |
+-------------+---------------------------+----------------------------------+------+
+----+---------------------------+------------------------+-------+
|    | TIMESTAMP                 | STATE                  | MSG   |
|----+---------------------------+------------------------+-------|
|  0 | 2023-01-12 15:30:00+05:30 | PUT ORDER REQ RECEIVED |       |
|  1 | 2023-01-12 15:30:00+05:30 | VALIDATION PENDING     |       |
|  2 | 2023-01-12 15:30:00+05:30 | OPEN PENDING           |       |
|  3 | 2023-01-12 15:30:00+05:30 | OPEN                   |       |
|  4 | 2023-01-12 15:30:00+05:30 | COMPLETE               |       |
+----+---------------------------+------------------------+-------+

+-------------+---------------------------+----------------------------------+------+
| INST        | timestamp                 | ID                               | TT   |
|-------------+---------------------------+----------------------------------+------|
| NSE_EQ:CDSL | 2023-01-13 13:15:00+05:30 | 49861ff2e8d64954bb43f6f46957bc2f | BUY  |
+-------------+---------------------------+----------------------------------+------+
+----+---------------------------+------------------------+-------+
|    | TIMESTAMP                 | STATE                  | MSG   |
|----+---------------------------+------------------------+-------|
|  0 | 2023-01-13 13:15:00+05:30 | PUT ORDER REQ RECEIVED |       |
|  1 | 2023-01-13 13:15:00+05:30 | VALIDATION PENDING     |       |
|  2 | 2023-01-13 13:15:00+05:30 | OPEN PENDING           |       |
|  3 | 2023-01-13 13:15:00+05:30 | OPEN                   |       |
|  4 | 2023-01-13 13:15:00+05:30 | COMPLETE               |       |
+----+---------------------------+------------------------+-------+

+-------------+---------------------------+----------------------------------+------+
| INST        | timestamp                 | ID                               | TT   |
|-------------+---------------------------+----------------------------------+------|
| NSE_EQ:CDSL | 2023-01-13 15:30:00+05:30 | 10651b8ea3384ae7905a42094a1e8ad6 | SELL |
+-------------+---------------------------+----------------------------------+------+
+----+---------------------------+------------------------+-------+
|    | TIMESTAMP                 | STATE                  | MSG   |
|----+---------------------------+------------------------+-------|
|  0 | 2023-01-13 15:30:00+05:30 | PUT ORDER REQ RECEIVED |       |
|  1 | 2023-01-13 15:30:00+05:30 | VALIDATION PENDING     |       |
|  2 | 2023-01-13 15:30:00+05:30 | OPEN PENDING           |       |
|  3 | 2023-01-13 15:30:00+05:30 | OPEN                   |       |
|  4 | 2023-01-13 15:30:00+05:30 | COMPLETE               |       |
+----+---------------------------+------------------------+-------+

+-------------+---------------------------+----------------------------------+------+
| INST        | timestamp                 | ID                               | TT   |
|-------------+---------------------------+----------------------------------+------|
| NSE_EQ:CDSL | 2023-01-17 11:15:00+05:30 | de6c6e7132ef46479902481dcee6d4c4 | SELL |
+-------------+---------------------------+----------------------------------+------+
+----+---------------------------+------------------------+-------+
|    | TIMESTAMP                 | STATE                  | MSG   |
|----+---------------------------+------------------------+-------|
|  0 | 2023-01-17 11:15:00+05:30 | PUT ORDER REQ RECEIVED |       |
|  1 | 2023-01-17 11:15:00+05:30 | VALIDATION PENDING     |       |
|  2 | 2023-01-17 11:15:00+05:30 | OPEN PENDING           |       |
|  3 | 2023-01-17 11:15:00+05:30 | OPEN                   |       |
|  4 | 2023-01-17 11:15:00+05:30 | COMPLETE               |       |
+----+---------------------------+------------------------+-------+

+-------------+---------------------------+----------------------------------+------+
| INST        | timestamp                 | ID                               | TT   |
|-------------+---------------------------+----------------------------------+------|
| NSE_EQ:CDSL | 2023-01-17 15:30:00+05:30 | 9b002bacf8204120b4b2a4462db8976f | BUY  |
+-------------+---------------------------+----------------------------------+------+
+----+---------------------------+------------------------+-------+
|    | TIMESTAMP                 | STATE                  | MSG   |
|----+---------------------------+------------------------+-------|
|  0 | 2023-01-17 15:30:00+05:30 | PUT ORDER REQ RECEIVED |       |
|  1 | 2023-01-17 15:30:00+05:30 | VALIDATION PENDING     |       |
|  2 | 2023-01-17 15:30:00+05:30 | OPEN PENDING           |       |
|  3 | 2023-01-17 15:30:00+05:30 | OPEN                   |       |
|  4 | 2023-01-17 15:30:00+05:30 | COMPLETE               |       |
+----+---------------------------+------------------------+-------+

+-------------+---------------------------+----------------------------------+------+
| INST        | timestamp                 | ID                               | TT   |
|-------------+---------------------------+----------------------------------+------|
| NSE_EQ:CDSL | 2023-01-18 09:15:00+05:30 | 944522bde35c4a9b9758f2db60b35c11 | BUY  |
+-------------+---------------------------+----------------------------------+------+
+----+---------------------------+------------------------+-------+
|    | TIMESTAMP                 | STATE                  | MSG   |
|----+---------------------------+------------------------+-------|
|  0 | 2023-01-18 09:15:00+05:30 | PUT ORDER REQ RECEIVED |       |
|  1 | 2023-01-18 09:15:00+05:30 | VALIDATION PENDING     |       |
|  2 | 2023-01-18 09:15:00+05:30 | OPEN PENDING           |       |
|  3 | 2023-01-18 09:15:00+05:30 | OPEN                   |       |
|  4 | 2023-01-18 09:15:00+05:30 | COMPLETE               |       |
+----+---------------------------+------------------------+-------+

+-------------+---------------------------+----------------------------------+------+
| INST        | timestamp                 | ID                               | TT   |
|-------------+---------------------------+----------------------------------+------|
| NSE_EQ:CDSL | 2023-01-18 15:30:00+05:30 | d1897c33ad8242cdb0f180016ec904d1 | SELL |
+-------------+---------------------------+----------------------------------+------+
+----+---------------------------+------------------------+-------+
|    | TIMESTAMP                 | STATE                  | MSG   |
|----+---------------------------+------------------------+-------|
|  0 | 2023-01-18 15:30:00+05:30 | PUT ORDER REQ RECEIVED |       |
|  1 | 2023-01-18 15:30:00+05:30 | VALIDATION PENDING     |       |
|  2 | 2023-01-18 15:30:00+05:30 | OPEN PENDING           |       |
|  3 | 2023-01-18 15:30:00+05:30 | OPEN                   |       |
|  4 | 2023-01-18 15:30:00+05:30 | COMPLETE               |       |
+----+---------------------------+------------------------+-------+

+-------------+---------------------------+----------------------------------+------+
| INST        | timestamp                 | ID                               | TT   |
|-------------+---------------------------+----------------------------------+------|
| NSE_EQ:CDSL | 2023-01-24 12:15:00+05:30 | 7317fea8b5fe40479df726b41795a619 | SELL |
+-------------+---------------------------+----------------------------------+------+
+----+---------------------------+------------------------+-------+
|    | TIMESTAMP                 | STATE                  | MSG   |
|----+---------------------------+------------------------+-------|
|  0 | 2023-01-24 12:15:00+05:30 | PUT ORDER REQ RECEIVED |       |
|  1 | 2023-01-24 12:15:00+05:30 | VALIDATION PENDING     |       |
|  2 | 2023-01-24 12:15:00+05:30 | OPEN PENDING           |       |
|  3 | 2023-01-24 12:15:00+05:30 | OPEN                   |       |
|  4 | 2023-01-24 12:15:00+05:30 | COMPLETE               |       |
+----+---------------------------+------------------------+-------+

+-------------+---------------------------+----------------------------------+------+
| INST        | timestamp                 | ID                               | TT   |
|-------------+---------------------------+----------------------------------+------|
| NSE_EQ:CDSL | 2023-01-24 15:30:00+05:30 | f32ecba9f2a24f418635e5ce532fff56 | BUY  |
+-------------+---------------------------+----------------------------------+------+
+----+---------------------------+------------------------+-------+
|    | TIMESTAMP                 | STATE                  | MSG   |
|----+---------------------------+------------------------+-------|
|  0 | 2023-01-24 15:30:00+05:30 | PUT ORDER REQ RECEIVED |       |
|  1 | 2023-01-24 15:30:00+05:30 | VALIDATION PENDING     |       |
|  2 | 2023-01-24 15:30:00+05:30 | OPEN PENDING           |       |
|  3 | 2023-01-24 15:30:00+05:30 | OPEN                   |       |
|  4 | 2023-01-24 15:30:00+05:30 | COMPLETE               |       |
+----+---------------------------+------------------------+-------+

+-------------+---------------------------+----------------------------------+------+
| INST        | timestamp                 | ID                               | TT   |
|-------------+---------------------------+----------------------------------+------|
| NSE_EQ:CDSL | 2023-01-30 11:15:00+05:30 | a3901bf4412a455cb7c9a0789ad45f31 | BUY  |
+-------------+---------------------------+----------------------------------+------+
+----+---------------------------+------------------------+-------+
|    | TIMESTAMP                 | STATE                  | MSG   |
|----+---------------------------+------------------------+-------|
|  0 | 2023-01-30 11:15:00+05:30 | PUT ORDER REQ RECEIVED |       |
|  1 | 2023-01-30 11:15:00+05:30 | VALIDATION PENDING     |       |
|  2 | 2023-01-30 11:15:00+05:30 | OPEN PENDING           |       |
|  3 | 2023-01-30 11:15:00+05:30 | OPEN                   |       |
|  4 | 2023-01-30 11:15:00+05:30 | COMPLETE               |       |
+----+---------------------------+------------------------+-------+

+-------------+---------------------------+----------------------------------+------+
| INST        | timestamp                 | ID                               | TT   |
|-------------+---------------------------+----------------------------------+------|
| NSE_EQ:CDSL | 2023-01-30 15:30:00+05:30 | dda8ecb53390409ead7a4fda7a9ef381 | SELL |
+-------------+---------------------------+----------------------------------+------+
+----+---------------------------+------------------------+-------+
|    | TIMESTAMP                 | STATE                  | MSG   |
|----+---------------------------+------------------------+-------|
|  0 | 2023-01-30 15:30:00+05:30 | PUT ORDER REQ RECEIVED |       |
|  1 | 2023-01-30 15:30:00+05:30 | VALIDATION PENDING     |       |
|  2 | 2023-01-30 15:30:00+05:30 | OPEN PENDING           |       |
|  3 | 2023-01-30 15:30:00+05:30 | OPEN                   |       |
|  4 | 2023-01-30 15:30:00+05:30 | COMPLETE               |       |
+----+---------------------------+------------------------+-------+

+-------------+---------------------------+----------------------------------+------+
| INST        | timestamp                 | ID                               | TT   |
|-------------+---------------------------+----------------------------------+------|
| NSE_EQ:CDSL | 2023-02-02 09:15:00+05:30 | 014f907278134af69cdb21fc664f7de4 | SELL |
+-------------+---------------------------+----------------------------------+------+
+----+---------------------------+------------------------+-------+
|    | TIMESTAMP                 | STATE                  | MSG   |
|----+---------------------------+------------------------+-------|
|  0 | 2023-02-02 09:15:00+05:30 | PUT ORDER REQ RECEIVED |       |
|  1 | 2023-02-02 09:15:00+05:30 | VALIDATION PENDING     |       |
|  2 | 2023-02-02 09:15:00+05:30 | OPEN PENDING           |       |
|  3 | 2023-02-02 09:15:00+05:30 | OPEN                   |       |
|  4 | 2023-02-02 09:15:00+05:30 | COMPLETE               |       |
+----+---------------------------+------------------------+-------+

+-------------+---------------------------+----------------------------------+------+
| INST        | timestamp                 | ID                               | TT   |
|-------------+---------------------------+----------------------------------+------|
| NSE_EQ:CDSL | 2023-02-02 15:30:00+05:30 | aa50693933b94b2eb33596c61502572a | BUY  |
+-------------+---------------------------+----------------------------------+------+
+----+---------------------------+------------------------+-------+
|    | TIMESTAMP                 | STATE                  | MSG   |
|----+---------------------------+------------------------+-------|
|  0 | 2023-02-02 15:30:00+05:30 | PUT ORDER REQ RECEIVED |       |
|  1 | 2023-02-02 15:30:00+05:30 | VALIDATION PENDING     |       |
|  2 | 2023-02-02 15:30:00+05:30 | OPEN PENDING           |       |
|  3 | 2023-02-02 15:30:00+05:30 | OPEN                   |       |
|  4 | 2023-02-02 15:30:00+05:30 | COMPLETE               |       |
+----+---------------------------+------------------------+-------+

+-------------+---------------------------+----------------------------------+------+
| INST        | timestamp                 | ID                               | TT   |
|-------------+---------------------------+----------------------------------+------|
| NSE_EQ:CDSL | 2023-02-06 12:15:00+05:30 | 681e1e7ac5a44ab18191c3f4f1c97e39 | BUY  |
+-------------+---------------------------+----------------------------------+------+
+----+---------------------------+------------------------+-------+
|    | TIMESTAMP                 | STATE                  | MSG   |
|----+---------------------------+------------------------+-------|
|  0 | 2023-02-06 12:15:00+05:30 | PUT ORDER REQ RECEIVED |       |
|  1 | 2023-02-06 12:15:00+05:30 | VALIDATION PENDING     |       |
|  2 | 2023-02-06 12:15:00+05:30 | OPEN PENDING           |       |
|  3 | 2023-02-06 12:15:00+05:30 | OPEN                   |       |
|  4 | 2023-02-06 12:15:00+05:30 | COMPLETE               |       |
+----+---------------------------+------------------------+-------+

+-------------+---------------------------+----------------------------------+------+
| INST        | timestamp                 | ID                               | TT   |
|-------------+---------------------------+----------------------------------+------|
| NSE_EQ:CDSL | 2023-02-06 15:30:00+05:30 | be9dc62f48994ab6a03bca8cc4fa2dca | SELL |
+-------------+---------------------------+----------------------------------+------+
+----+---------------------------+------------------------+-------+
|    | TIMESTAMP                 | STATE                  | MSG   |
|----+---------------------------+------------------------+-------|
|  0 | 2023-02-06 15:30:00+05:30 | PUT ORDER REQ RECEIVED |       |
|  1 | 2023-02-06 15:30:00+05:30 | VALIDATION PENDING     |       |
|  2 | 2023-02-06 15:30:00+05:30 | OPEN PENDING           |       |
|  3 | 2023-02-06 15:30:00+05:30 | OPEN                   |       |
|  4 | 2023-02-06 15:30:00+05:30 | COMPLETE               |       |
+----+---------------------------+------------------------+-------+

+-------------+---------------------------+----------------------------------+------+
| INST        | timestamp                 | ID                               | TT   |
|-------------+---------------------------+----------------------------------+------|
| NSE_EQ:CDSL | 2023-02-07 13:15:00+05:30 | f94acd5ad0344585a15a8f5b504b95e7 | SELL |
+-------------+---------------------------+----------------------------------+------+
+----+---------------------------+------------------------+-------+
|    | TIMESTAMP                 | STATE                  | MSG   |
|----+---------------------------+------------------------+-------|
|  0 | 2023-02-07 13:15:00+05:30 | PUT ORDER REQ RECEIVED |       |
|  1 | 2023-02-07 13:15:00+05:30 | VALIDATION PENDING     |       |
|  2 | 2023-02-07 13:15:00+05:30 | OPEN PENDING           |       |
|  3 | 2023-02-07 13:15:00+05:30 | OPEN                   |       |
|  4 | 2023-02-07 13:15:00+05:30 | COMPLETE               |       |
+----+---------------------------+------------------------+-------+

+-------------+---------------------------+----------------------------------+------+
| INST        | timestamp                 | ID                               | TT   |
|-------------+---------------------------+----------------------------------+------|
| NSE_EQ:CDSL | 2023-02-07 15:30:00+05:30 | c0674d6004e142a581342e01b819eccd | BUY  |
+-------------+---------------------------+----------------------------------+------+
+----+---------------------------+------------------------+-------+
|    | TIMESTAMP                 | STATE                  | MSG   |
|----+---------------------------+------------------------+-------|
|  0 | 2023-02-07 15:30:00+05:30 | PUT ORDER REQ RECEIVED |       |
|  1 | 2023-02-07 15:30:00+05:30 | VALIDATION PENDING     |       |
|  2 | 2023-02-07 15:30:00+05:30 | OPEN PENDING           |       |
|  3 | 2023-02-07 15:30:00+05:30 | OPEN                   |       |
|  4 | 2023-02-07 15:30:00+05:30 | COMPLETE               |       |
+----+---------------------------+------------------------+-------+

+-------------+---------------------------+----------------------------------+------+
| INST        | timestamp                 | ID                               | TT   |
|-------------+---------------------------+----------------------------------+------|
| NSE_EQ:CDSL | 2023-02-09 15:15:00+05:30 | 3d9548feb9174a329ba9510d3b62f1b7 | BUY  |
+-------------+---------------------------+----------------------------------+------+
+----+---------------------------+------------------------+-------+
|    | TIMESTAMP                 | STATE                  | MSG   |
|----+---------------------------+------------------------+-------|
|  0 | 2023-02-09 15:15:00+05:30 | PUT ORDER REQ RECEIVED |       |
|  1 | 2023-02-09 15:15:00+05:30 | VALIDATION PENDING     |       |
|  2 | 2023-02-09 15:15:00+05:30 | OPEN PENDING           |       |
|  3 | 2023-02-09 15:15:00+05:30 | OPEN                   |       |
|  4 | 2023-02-09 15:15:00+05:30 | COMPLETE               |       |
+----+---------------------------+------------------------+-------+

+-------------+---------------------------+----------------------------------+------+
| INST        | timestamp                 | ID                               | TT   |
|-------------+---------------------------+----------------------------------+------|
| NSE_EQ:CDSL | 2023-02-09 15:30:00+05:30 | 66db2b3ea614415abe079cb089f86a8a | SELL |
+-------------+---------------------------+----------------------------------+------+
+----+---------------------------+------------------------+-------+
|    | TIMESTAMP                 | STATE                  | MSG   |
|----+---------------------------+------------------------+-------|
|  0 | 2023-02-09 15:30:00+05:30 | PUT ORDER REQ RECEIVED |       |
|  1 | 2023-02-09 15:30:00+05:30 | VALIDATION PENDING     |       |
|  2 | 2023-02-09 15:30:00+05:30 | OPEN PENDING           |       |
|  3 | 2023-02-09 15:30:00+05:30 | OPEN                   |       |
|  4 | 2023-02-09 15:30:00+05:30 | COMPLETE               |       |
+----+---------------------------+------------------------+-------+

+-------------+---------------------------+----------------------------------+------+
| INST        | timestamp                 | ID                               | TT   |
|-------------+---------------------------+----------------------------------+------|
| NSE_EQ:CDSL | 2023-02-13 11:15:00+05:30 | 38bd7929c1fd4fab89c32b08901fbf14 | SELL |
+-------------+---------------------------+----------------------------------+------+
+----+---------------------------+------------------------+-------+
|    | TIMESTAMP                 | STATE                  | MSG   |
|----+---------------------------+------------------------+-------|
|  0 | 2023-02-13 11:15:00+05:30 | PUT ORDER REQ RECEIVED |       |
|  1 | 2023-02-13 11:15:00+05:30 | VALIDATION PENDING     |       |
|  2 | 2023-02-13 11:15:00+05:30 | OPEN PENDING           |       |
|  3 | 2023-02-13 11:15:00+05:30 | OPEN                   |       |
|  4 | 2023-02-13 11:15:00+05:30 | COMPLETE               |       |
+----+---------------------------+------------------------+-------+

+-------------+---------------------------+----------------------------------+------+
| INST        | timestamp                 | ID                               | TT   |
|-------------+---------------------------+----------------------------------+------|
| NSE_EQ:CDSL | 2023-02-13 15:30:00+05:30 | 2ae736ec6a294d79aeb17e1b41fcbb70 | BUY  |
+-------------+---------------------------+----------------------------------+------+
+----+---------------------------+------------------------+-------+
|    | TIMESTAMP                 | STATE                  | MSG   |
|----+---------------------------+------------------------+-------|
|  0 | 2023-02-13 15:30:00+05:30 | PUT ORDER REQ RECEIVED |       |
|  1 | 2023-02-13 15:30:00+05:30 | VALIDATION PENDING     |       |
|  2 | 2023-02-13 15:30:00+05:30 | OPEN PENDING           |       |
|  3 | 2023-02-13 15:30:00+05:30 | OPEN                   |       |
|  4 | 2023-02-13 15:30:00+05:30 | COMPLETE               |       |
+----+---------------------------+------------------------+-------+

+-------------+---------------------------+----------------------------------+------+
| INST        | timestamp                 | ID                               | TT   |
|-------------+---------------------------+----------------------------------+------|
| NSE_EQ:CDSL | 2023-02-15 10:15:00+05:30 | 813ae60b15214f2a94974a807d2a2403 | BUY  |
+-------------+---------------------------+----------------------------------+------+
+----+---------------------------+------------------------+-------+
|    | TIMESTAMP                 | STATE                  | MSG   |
|----+---------------------------+------------------------+-------|
|  0 | 2023-02-15 10:15:00+05:30 | PUT ORDER REQ RECEIVED |       |
|  1 | 2023-02-15 10:15:00+05:30 | VALIDATION PENDING     |       |
|  2 | 2023-02-15 10:15:00+05:30 | OPEN PENDING           |       |
|  3 | 2023-02-15 10:15:00+05:30 | OPEN                   |       |
|  4 | 2023-02-15 10:15:00+05:30 | COMPLETE               |       |
+----+---------------------------+------------------------+-------+

+-------------+---------------------------+----------------------------------+------+
| INST        | timestamp                 | ID                               | TT   |
|-------------+---------------------------+----------------------------------+------|
| NSE_EQ:CDSL | 2023-02-15 15:30:00+05:30 | d50d0d1942ed4a0cb2d1f14bb929964c | SELL |
+-------------+---------------------------+----------------------------------+------+
+----+---------------------------+------------------------+-------+
|    | TIMESTAMP                 | STATE                  | MSG   |
|----+---------------------------+------------------------+-------|
|  0 | 2023-02-15 15:30:00+05:30 | PUT ORDER REQ RECEIVED |       |
|  1 | 2023-02-15 15:30:00+05:30 | VALIDATION PENDING     |       |
|  2 | 2023-02-15 15:30:00+05:30 | OPEN PENDING           |       |
|  3 | 2023-02-15 15:30:00+05:30 | OPEN                   |       |
|  4 | 2023-02-15 15:30:00+05:30 | COMPLETE               |       |
+----+---------------------------+------------------------+-------+

+-------------+---------------------------+----------------------------------+------+
| INST        | timestamp                 | ID                               | TT   |
|-------------+---------------------------+----------------------------------+------|
| NSE_EQ:CDSL | 2023-02-20 11:15:00+05:30 | 87d9fe8e3f374b1bada30c7ff701163f | SELL |
+-------------+---------------------------+----------------------------------+------+
+----+---------------------------+------------------------+-------+
|    | TIMESTAMP                 | STATE                  | MSG   |
|----+---------------------------+------------------------+-------|
|  0 | 2023-02-20 11:15:00+05:30 | PUT ORDER REQ RECEIVED |       |
|  1 | 2023-02-20 11:15:00+05:30 | VALIDATION PENDING     |       |
|  2 | 2023-02-20 11:15:00+05:30 | OPEN PENDING           |       |
|  3 | 2023-02-20 11:15:00+05:30 | OPEN                   |       |
|  4 | 2023-02-20 11:15:00+05:30 | COMPLETE               |       |
+----+---------------------------+------------------------+-------+

+-------------+---------------------------+----------------------------------+------+
| INST        | timestamp                 | ID                               | TT   |
|-------------+---------------------------+----------------------------------+------|
| NSE_EQ:CDSL | 2023-02-20 15:30:00+05:30 | 7b631a206880482a92c6df8213581af2 | BUY  |
+-------------+---------------------------+----------------------------------+------+
+----+---------------------------+------------------------+-------+
|    | TIMESTAMP                 | STATE                  | MSG   |
|----+---------------------------+------------------------+-------|
|  0 | 2023-02-20 15:30:00+05:30 | PUT ORDER REQ RECEIVED |       |
|  1 | 2023-02-20 15:30:00+05:30 | VALIDATION PENDING     |       |
|  2 | 2023-02-20 15:30:00+05:30 | OPEN PENDING           |       |
|  3 | 2023-02-20 15:30:00+05:30 | OPEN                   |       |
|  4 | 2023-02-20 15:30:00+05:30 | COMPLETE               |       |
+----+---------------------------+------------------------+-------+

+-------------+---------------------------+----------------------------------+------+
| INST        | timestamp                 | ID                               | TT   |
|-------------+---------------------------+----------------------------------+------|
| NSE_EQ:CDSL | 2023-02-24 09:15:00+05:30 | 251f8543589740f0839ad4e413b30a83 | BUY  |
+-------------+---------------------------+----------------------------------+------+
+----+---------------------------+------------------------+-------+
|    | TIMESTAMP                 | STATE                  | MSG   |
|----+---------------------------+------------------------+-------|
|  0 | 2023-02-24 09:15:00+05:30 | PUT ORDER REQ RECEIVED |       |
|  1 | 2023-02-24 09:15:00+05:30 | VALIDATION PENDING     |       |
|  2 | 2023-02-24 09:15:00+05:30 | OPEN PENDING           |       |
|  3 | 2023-02-24 09:15:00+05:30 | OPEN                   |       |
|  4 | 2023-02-24 09:15:00+05:30 | COMPLETE               |       |
+----+---------------------------+------------------------+-------+

+-------------+---------------------------+----------------------------------+------+
| INST        | timestamp                 | ID                               | TT   |
|-------------+---------------------------+----------------------------------+------|
| NSE_EQ:CDSL | 2023-02-24 15:15:00+05:30 | e255f7d8686a453c83b1eabcf22d9be8 | SELL |
+-------------+---------------------------+----------------------------------+------+
+----+---------------------------+------------------------+-------+
|    | TIMESTAMP                 | STATE                  | MSG   |
|----+---------------------------+------------------------+-------|
|  0 | 2023-02-24 15:15:00+05:30 | PUT ORDER REQ RECEIVED |       |
|  1 | 2023-02-24 15:15:00+05:30 | VALIDATION PENDING     |       |
|  2 | 2023-02-24 15:15:00+05:30 | OPEN PENDING           |       |
|  3 | 2023-02-24 15:15:00+05:30 | OPEN                   |       |
|  4 | 2023-02-24 15:15:00+05:30 | COMPLETE               |       |
+----+---------------------------+------------------------+-------+

+-------------+---------------------------+----------------------------------+------+
| INST        | timestamp                 | ID                               | TT   |
|-------------+---------------------------+----------------------------------+------|
| NSE_EQ:CDSL | 2023-02-24 15:15:00+05:30 | df543b1c06c141ff881e40346b9db885 | SELL |
+-------------+---------------------------+----------------------------------+------+
+----+---------------------------+------------------------+-------+
|    | TIMESTAMP                 | STATE                  | MSG   |
|----+---------------------------+------------------------+-------|
|  0 | 2023-02-24 15:15:00+05:30 | PUT ORDER REQ RECEIVED |       |
|  1 | 2023-02-24 15:15:00+05:30 | VALIDATION PENDING     |       |
|  2 | 2023-02-24 15:15:00+05:30 | OPEN PENDING           |       |
|  3 | 2023-02-24 15:15:00+05:30 | OPEN                   |       |
|  4 | 2023-02-24 15:15:00+05:30 | COMPLETE               |       |
+----+---------------------------+------------------------+-------+

+-------------+---------------------------+----------------------------------+------+
| INST        | timestamp                 | ID                               | TT   |
|-------------+---------------------------+----------------------------------+------|
| NSE_EQ:CDSL | 2023-02-24 15:30:00+05:30 | b3d85146193e40e1a4035963fa672c4b | BUY  |
+-------------+---------------------------+----------------------------------+------+
+----+---------------------------+------------------------+-------+
|    | TIMESTAMP                 | STATE                  | MSG   |
|----+---------------------------+------------------------+-------|
|  0 | 2023-02-24 15:30:00+05:30 | PUT ORDER REQ RECEIVED |       |
|  1 | 2023-02-24 15:30:00+05:30 | VALIDATION PENDING     |       |
|  2 | 2023-02-24 15:30:00+05:30 | OPEN PENDING           |       |
|  3 | 2023-02-24 15:30:00+05:30 | OPEN                   |       |
|  4 | 2023-02-24 15:30:00+05:30 | COMPLETE               |       |
+----+---------------------------+------------------------+-------+

+-------------+---------------------------+----------------------------------+------+
| INST        | timestamp                 | ID                               | TT   |
|-------------+---------------------------+----------------------------------+------|
| NSE_EQ:CDSL | 2023-02-28 15:15:00+05:30 | 3fdccc430dcd4d96b72294c87c57d1f2 | BUY  |
+-------------+---------------------------+----------------------------------+------+
+----+---------------------------+------------------------+-------+
|    | TIMESTAMP                 | STATE                  | MSG   |
|----+---------------------------+------------------------+-------|
|  0 | 2023-02-28 15:15:00+05:30 | PUT ORDER REQ RECEIVED |       |
|  1 | 2023-02-28 15:15:00+05:30 | VALIDATION PENDING     |       |
|  2 | 2023-02-28 15:15:00+05:30 | OPEN PENDING           |       |
|  3 | 2023-02-28 15:15:00+05:30 | OPEN                   |       |
|  4 | 2023-02-28 15:15:00+05:30 | COMPLETE               |       |
+----+---------------------------+------------------------+-------+

+-------------+---------------------------+----------------------------------+------+
| INST        | timestamp                 | ID                               | TT   |
|-------------+---------------------------+----------------------------------+------|
| NSE_EQ:CDSL | 2023-02-28 15:30:00+05:30 | 7d7a717605184191b1ec5eff97e5a5bf | SELL |
+-------------+---------------------------+----------------------------------+------+
+----+---------------------------+------------------------+-------+
|    | TIMESTAMP                 | STATE                  | MSG   |
|----+---------------------------+------------------------+-------|
|  0 | 2023-02-28 15:30:00+05:30 | PUT ORDER REQ RECEIVED |       |
|  1 | 2023-02-28 15:30:00+05:30 | VALIDATION PENDING     |       |
|  2 | 2023-02-28 15:30:00+05:30 | OPEN PENDING           |       |
|  3 | 2023-02-28 15:30:00+05:30 | OPEN                   |       |
|  4 | 2023-02-28 15:30:00+05:30 | COMPLETE               |       |
+----+---------------------------+------------------------+-------+

+-------------+---------------------------+----------------------------------+------+
| INST        | timestamp                 | ID                               | TT   |
|-------------+---------------------------+----------------------------------+------|
| NSE_EQ:CDSL | 2023-03-03 09:15:00+05:30 | a80b79f23b1d436599df4dc5ba200925 | SELL |
+-------------+---------------------------+----------------------------------+------+
+----+---------------------------+------------------------+-------+
|    | TIMESTAMP                 | STATE                  | MSG   |
|----+---------------------------+------------------------+-------|
|  0 | 2023-03-03 09:15:00+05:30 | PUT ORDER REQ RECEIVED |       |
|  1 | 2023-03-03 09:15:00+05:30 | VALIDATION PENDING     |       |
|  2 | 2023-03-03 09:15:00+05:30 | OPEN PENDING           |       |
|  3 | 2023-03-03 09:15:00+05:30 | OPEN                   |       |
|  4 | 2023-03-03 09:15:00+05:30 | COMPLETE               |       |
+----+---------------------------+------------------------+-------+

+-------------+---------------------------+----------------------------------+------+
| INST        | timestamp                 | ID                               | TT   |
|-------------+---------------------------+----------------------------------+------|
| NSE_EQ:CDSL | 2023-03-03 10:15:00+05:30 | 12084d72137147c998a65c69fddb9990 | BUY  |
+-------------+---------------------------+----------------------------------+------+
+----+---------------------------+------------------------+-------+
|    | TIMESTAMP                 | STATE                  | MSG   |
|----+---------------------------+------------------------+-------|
|  0 | 2023-03-03 10:15:00+05:30 | PUT ORDER REQ RECEIVED |       |
|  1 | 2023-03-03 10:15:00+05:30 | VALIDATION PENDING     |       |
|  2 | 2023-03-03 10:15:00+05:30 | OPEN PENDING           |       |
|  3 | 2023-03-03 10:15:00+05:30 | OPEN                   |       |
|  4 | 2023-03-03 10:15:00+05:30 | COMPLETE               |       |
+----+---------------------------+------------------------+-------+

+-------------+---------------------------+----------------------------------+------+
| INST        | timestamp                 | ID                               | TT   |
|-------------+---------------------------+----------------------------------+------|
| NSE_EQ:CDSL | 2023-03-03 10:15:00+05:30 | e89c8aadb0a14c358284a4aaf82e8c80 | BUY  |
+-------------+---------------------------+----------------------------------+------+
+----+---------------------------+------------------------+-------+
|    | TIMESTAMP                 | STATE                  | MSG   |
|----+---------------------------+------------------------+-------|
|  0 | 2023-03-03 10:15:00+05:30 | PUT ORDER REQ RECEIVED |       |
|  1 | 2023-03-03 10:15:00+05:30 | VALIDATION PENDING     |       |
|  2 | 2023-03-03 10:15:00+05:30 | OPEN PENDING           |       |
|  3 | 2023-03-03 10:15:00+05:30 | OPEN                   |       |
|  4 | 2023-03-03 10:15:00+05:30 | COMPLETE               |       |
+----+---------------------------+------------------------+-------+

+-------------+---------------------------+----------------------------------+------+
| INST        | timestamp                 | ID                               | TT   |
|-------------+---------------------------+----------------------------------+------|
| NSE_EQ:CDSL | 2023-03-03 15:30:00+05:30 | e2bc0f999c6d4054b5956fc3dd80acb4 | SELL |
+-------------+---------------------------+----------------------------------+------+
+----+---------------------------+------------------------+-------+
|    | TIMESTAMP                 | STATE                  | MSG   |
|----+---------------------------+------------------------+-------|
|  0 | 2023-03-03 15:30:00+05:30 | PUT ORDER REQ RECEIVED |       |
|  1 | 2023-03-03 15:30:00+05:30 | VALIDATION PENDING     |       |
|  2 | 2023-03-03 15:30:00+05:30 | OPEN PENDING           |       |
|  3 | 2023-03-03 15:30:00+05:30 | OPEN                   |       |
|  4 | 2023-03-03 15:30:00+05:30 | COMPLETE               |       |
+----+---------------------------+------------------------+-------+

+-------------+---------------------------+----------------------------------+------+
| INST        | timestamp                 | ID                               | TT   |
|-------------+---------------------------+----------------------------------+------|
| NSE_EQ:CDSL | 2023-03-08 11:15:00+05:30 | 38aedacaa81343dea199254894542c7b | SELL |
+-------------+---------------------------+----------------------------------+------+
+----+---------------------------+------------------------+-------+
|    | TIMESTAMP                 | STATE                  | MSG   |
|----+---------------------------+------------------------+-------|
|  0 | 2023-03-08 11:15:00+05:30 | PUT ORDER REQ RECEIVED |       |
|  1 | 2023-03-08 11:15:00+05:30 | VALIDATION PENDING     |       |
|  2 | 2023-03-08 11:15:00+05:30 | OPEN PENDING           |       |
|  3 | 2023-03-08 11:15:00+05:30 | OPEN                   |       |
|  4 | 2023-03-08 11:15:00+05:30 | COMPLETE               |       |
+----+---------------------------+------------------------+-------+

+-------------+---------------------------+----------------------------------+------+
| INST        | timestamp                 | ID                               | TT   |
|-------------+---------------------------+----------------------------------+------|
| NSE_EQ:CDSL | 2023-03-08 15:30:00+05:30 | 3adf76e5322d46fa93aa60c79806467f | BUY  |
+-------------+---------------------------+----------------------------------+------+
+----+---------------------------+------------------------+-------+
|    | TIMESTAMP                 | STATE                  | MSG   |
|----+---------------------------+------------------------+-------|
|  0 | 2023-03-08 15:30:00+05:30 | PUT ORDER REQ RECEIVED |       |
|  1 | 2023-03-08 15:30:00+05:30 | VALIDATION PENDING     |       |
|  2 | 2023-03-08 15:30:00+05:30 | OPEN PENDING           |       |
|  3 | 2023-03-08 15:30:00+05:30 | OPEN                   |       |
|  4 | 2023-03-08 15:30:00+05:30 | COMPLETE               |       |
+----+---------------------------+------------------------+-------+

+-------------+---------------------------+----------------------------------+------+
| INST        | timestamp                 | ID                               | TT   |
|-------------+---------------------------+----------------------------------+------|
| NSE_EQ:CDSL | 2023-03-15 10:15:00+05:30 | 31907384d49e46dc9a870492e46b5a69 | BUY  |
+-------------+---------------------------+----------------------------------+------+
+----+---------------------------+------------------------+-------+
|    | TIMESTAMP                 | STATE                  | MSG   |
|----+---------------------------+------------------------+-------|
|  0 | 2023-03-15 10:15:00+05:30 | PUT ORDER REQ RECEIVED |       |
|  1 | 2023-03-15 10:15:00+05:30 | VALIDATION PENDING     |       |
|  2 | 2023-03-15 10:15:00+05:30 | OPEN PENDING           |       |
|  3 | 2023-03-15 10:15:00+05:30 | OPEN                   |       |
|  4 | 2023-03-15 10:15:00+05:30 | COMPLETE               |       |
+----+---------------------------+------------------------+-------+

+-------------+---------------------------+----------------------------------+------+
| INST        | timestamp                 | ID                               | TT   |
|-------------+---------------------------+----------------------------------+------|
| NSE_EQ:CDSL | 2023-03-15 15:30:00+05:30 | 8b4e32bd35044cd490d1ee9674fbb296 | SELL |
+-------------+---------------------------+----------------------------------+------+
+----+---------------------------+------------------------+-------+
|    | TIMESTAMP                 | STATE                  | MSG   |
|----+---------------------------+------------------------+-------|
|  0 | 2023-03-15 15:30:00+05:30 | PUT ORDER REQ RECEIVED |       |
|  1 | 2023-03-15 15:30:00+05:30 | VALIDATION PENDING     |       |
|  2 | 2023-03-15 15:30:00+05:30 | OPEN PENDING           |       |
|  3 | 2023-03-15 15:30:00+05:30 | OPEN                   |       |
|  4 | 2023-03-15 15:30:00+05:30 | COMPLETE               |       |
+----+---------------------------+------------------------+-------+

+-------------+---------------------------+----------------------------------+------+
| INST        | timestamp                 | ID                               | TT   |
|-------------+---------------------------+----------------------------------+------|
| NSE_EQ:CDSL | 2023-03-16 10:15:00+05:30 | aad12298b6084c24a36e3ec81370daff | SELL |
+-------------+---------------------------+----------------------------------+------+
+----+---------------------------+------------------------+-------+
|    | TIMESTAMP                 | STATE                  | MSG   |
|----+---------------------------+------------------------+-------|
|  0 | 2023-03-16 10:15:00+05:30 | PUT ORDER REQ RECEIVED |       |
|  1 | 2023-03-16 10:15:00+05:30 | VALIDATION PENDING     |       |
|  2 | 2023-03-16 10:15:00+05:30 | OPEN PENDING           |       |
|  3 | 2023-03-16 10:15:00+05:30 | OPEN                   |       |
|  4 | 2023-03-16 10:15:00+05:30 | COMPLETE               |       |
+----+---------------------------+------------------------+-------+

+-------------+---------------------------+----------------------------------+------+
| INST        | timestamp                 | ID                               | TT   |
|-------------+---------------------------+----------------------------------+------|
| NSE_EQ:CDSL | 2023-03-16 15:30:00+05:30 | 3090ddbdd2f849bbb5088551fe9531e6 | BUY  |
+-------------+---------------------------+----------------------------------+------+
+----+---------------------------+------------------------+-------+
|    | TIMESTAMP                 | STATE                  | MSG   |
|----+---------------------------+------------------------+-------|
|  0 | 2023-03-16 15:30:00+05:30 | PUT ORDER REQ RECEIVED |       |
|  1 | 2023-03-16 15:30:00+05:30 | VALIDATION PENDING     |       |
|  2 | 2023-03-16 15:30:00+05:30 | OPEN PENDING           |       |
|  3 | 2023-03-16 15:30:00+05:30 | OPEN                   |       |
|  4 | 2023-03-16 15:30:00+05:30 | COMPLETE               |       |
+----+---------------------------+------------------------+-------+

+-------------+---------------------------+----------------------------------+------+
| INST        | timestamp                 | ID                               | TT   |
|-------------+---------------------------+----------------------------------+------|
| NSE_EQ:CDSL | 2023-03-17 14:15:00+05:30 | 7808680e033d400bb6b3d83c6f2d84a0 | BUY  |
+-------------+---------------------------+----------------------------------+------+
+----+---------------------------+------------------------+-------+
|    | TIMESTAMP                 | STATE                  | MSG   |
|----+---------------------------+------------------------+-------|
|  0 | 2023-03-17 14:15:00+05:30 | PUT ORDER REQ RECEIVED |       |
|  1 | 2023-03-17 14:15:00+05:30 | VALIDATION PENDING     |       |
|  2 | 2023-03-17 14:15:00+05:30 | OPEN PENDING           |       |
|  3 | 2023-03-17 14:15:00+05:30 | OPEN                   |       |
|  4 | 2023-03-17 14:15:00+05:30 | COMPLETE               |       |
+----+---------------------------+------------------------+-------+

+-------------+---------------------------+----------------------------------+------+
| INST        | timestamp                 | ID                               | TT   |
|-------------+---------------------------+----------------------------------+------|
| NSE_EQ:CDSL | 2023-03-17 15:30:00+05:30 | 7d94b8b1cd5c4a49828697ae286b7081 | SELL |
+-------------+---------------------------+----------------------------------+------+
+----+---------------------------+------------------------+-------+
|    | TIMESTAMP                 | STATE                  | MSG   |
|----+---------------------------+------------------------+-------|
|  0 | 2023-03-17 15:30:00+05:30 | PUT ORDER REQ RECEIVED |       |
|  1 | 2023-03-17 15:30:00+05:30 | VALIDATION PENDING     |       |
|  2 | 2023-03-17 15:30:00+05:30 | OPEN PENDING           |       |
|  3 | 2023-03-17 15:30:00+05:30 | OPEN                   |       |
|  4 | 2023-03-17 15:30:00+05:30 | COMPLETE               |       |
+----+---------------------------+------------------------+-------+

+-------------+---------------------------+----------------------------------+------+
| INST        | timestamp                 | ID                               | TT   |
|-------------+---------------------------+----------------------------------+------|
| NSE_EQ:CDSL | 2023-03-20 10:15:00+05:30 | 163148a868fe4d399a3c08dda08458bf | SELL |
+-------------+---------------------------+----------------------------------+------+
+----+---------------------------+------------------------+-------+
|    | TIMESTAMP                 | STATE                  | MSG   |
|----+---------------------------+------------------------+-------|
|  0 | 2023-03-20 10:15:00+05:30 | PUT ORDER REQ RECEIVED |       |
|  1 | 2023-03-20 10:15:00+05:30 | VALIDATION PENDING     |       |
|  2 | 2023-03-20 10:15:00+05:30 | OPEN PENDING           |       |
|  3 | 2023-03-20 10:15:00+05:30 | OPEN                   |       |
|  4 | 2023-03-20 10:15:00+05:30 | COMPLETE               |       |
+----+---------------------------+------------------------+-------+

+-------------+---------------------------+----------------------------------+------+
| INST        | timestamp                 | ID                               | TT   |
|-------------+---------------------------+----------------------------------+------|
| NSE_EQ:CDSL | 2023-03-20 14:15:00+05:30 | cd93248aae85422ca1b779f667daa492 | BUY  |
+-------------+---------------------------+----------------------------------+------+
+----+---------------------------+------------------------+-------+
|    | TIMESTAMP                 | STATE                  | MSG   |
|----+---------------------------+------------------------+-------|
|  0 | 2023-03-20 14:15:00+05:30 | PUT ORDER REQ RECEIVED |       |
|  1 | 2023-03-20 14:15:00+05:30 | VALIDATION PENDING     |       |
|  2 | 2023-03-20 14:15:00+05:30 | OPEN PENDING           |       |
|  3 | 2023-03-20 14:15:00+05:30 | OPEN                   |       |
|  4 | 2023-03-20 14:15:00+05:30 | COMPLETE               |       |
+----+---------------------------+------------------------+-------+

+-------------+---------------------------+----------------------------------+------+
| INST        | timestamp                 | ID                               | TT   |
|-------------+---------------------------+----------------------------------+------|
| NSE_EQ:CDSL | 2023-03-20 14:15:00+05:30 | 91ea1927fa8d41e8b16cfba28f4a22fe | BUY  |
+-------------+---------------------------+----------------------------------+------+
+----+---------------------------+------------------------+-------+
|    | TIMESTAMP                 | STATE                  | MSG   |
|----+---------------------------+------------------------+-------|
|  0 | 2023-03-20 14:15:00+05:30 | PUT ORDER REQ RECEIVED |       |
|  1 | 2023-03-20 14:15:00+05:30 | VALIDATION PENDING     |       |
|  2 | 2023-03-20 14:15:00+05:30 | OPEN PENDING           |       |
|  3 | 2023-03-20 14:15:00+05:30 | OPEN                   |       |
|  4 | 2023-03-20 14:15:00+05:30 | COMPLETE               |       |
+----+---------------------------+------------------------+-------+

+-------------+---------------------------+----------------------------------+------+
| INST        | timestamp                 | ID                               | TT   |
|-------------+---------------------------+----------------------------------+------|
| NSE_EQ:CDSL | 2023-03-20 15:30:00+05:30 | 39a84e36d52c4e1092b5fe363431a291 | SELL |
+-------------+---------------------------+----------------------------------+------+
+----+---------------------------+------------------------+-------+
|    | TIMESTAMP                 | STATE                  | MSG   |
|----+---------------------------+------------------------+-------|
|  0 | 2023-03-20 15:30:00+05:30 | PUT ORDER REQ RECEIVED |       |
|  1 | 2023-03-20 15:30:00+05:30 | VALIDATION PENDING     |       |
|  2 | 2023-03-20 15:30:00+05:30 | OPEN PENDING           |       |
|  3 | 2023-03-20 15:30:00+05:30 | OPEN                   |       |
|  4 | 2023-03-20 15:30:00+05:30 | COMPLETE               |       |
+----+---------------------------+------------------------+-------+

+-------------+---------------------------+----------------------------------+------+
| INST        | timestamp                 | ID                               | TT   |
|-------------+---------------------------+----------------------------------+------|
| NSE_EQ:CDSL | 2023-03-23 12:15:00+05:30 | 93d68723afb548049fe6b4b05b2cdd6a | SELL |
+-------------+---------------------------+----------------------------------+------+
+----+---------------------------+------------------------+-------+
|    | TIMESTAMP                 | STATE                  | MSG   |
|----+---------------------------+------------------------+-------|
|  0 | 2023-03-23 12:15:00+05:30 | PUT ORDER REQ RECEIVED |       |
|  1 | 2023-03-23 12:15:00+05:30 | VALIDATION PENDING     |       |
|  2 | 2023-03-23 12:15:00+05:30 | OPEN PENDING           |       |
|  3 | 2023-03-23 12:15:00+05:30 | OPEN                   |       |
|  4 | 2023-03-23 12:15:00+05:30 | COMPLETE               |       |
+----+---------------------------+------------------------+-------+

+-------------+---------------------------+----------------------------------+------+
| INST        | timestamp                 | ID                               | TT   |
|-------------+---------------------------+----------------------------------+------|
| NSE_EQ:CDSL | 2023-03-23 15:30:00+05:30 | a8e00d4e9a834d9e94be1ee866afa757 | BUY  |
+-------------+---------------------------+----------------------------------+------+
+----+---------------------------+------------------------+-------+
|    | TIMESTAMP                 | STATE                  | MSG   |
|----+---------------------------+------------------------+-------|
|  0 | 2023-03-23 15:30:00+05:30 | PUT ORDER REQ RECEIVED |       |
|  1 | 2023-03-23 15:30:00+05:30 | VALIDATION PENDING     |       |
|  2 | 2023-03-23 15:30:00+05:30 | OPEN PENDING           |       |
|  3 | 2023-03-23 15:30:00+05:30 | OPEN                   |       |
|  4 | 2023-03-23 15:30:00+05:30 | COMPLETE               |       |
+----+---------------------------+------------------------+-------+

+-------------+---------------------------+----------------------------------+------+
| INST        | timestamp                 | ID                               | TT   |
|-------------+---------------------------+----------------------------------+------|
| NSE_EQ:CDSL | 2023-03-29 14:15:00+05:30 | 572f9cf09cee443395deda75df13c5a0 | BUY  |
+-------------+---------------------------+----------------------------------+------+
+----+---------------------------+------------------------+-------+
|    | TIMESTAMP                 | STATE                  | MSG   |
|----+---------------------------+------------------------+-------|
|  0 | 2023-03-29 14:15:00+05:30 | PUT ORDER REQ RECEIVED |       |
|  1 | 2023-03-29 14:15:00+05:30 | VALIDATION PENDING     |       |
|  2 | 2023-03-29 14:15:00+05:30 | OPEN PENDING           |       |
|  3 | 2023-03-29 14:15:00+05:30 | OPEN                   |       |
|  4 | 2023-03-29 14:15:00+05:30 | COMPLETE               |       |
+----+---------------------------+------------------------+-------+

+-------------+---------------------------+----------------------------------+------+
| INST        | timestamp                 | ID                               | TT   |
|-------------+---------------------------+----------------------------------+------|
| NSE_EQ:CDSL | 2023-03-29 15:30:00+05:30 | 1ed03756bc064d4db674cceba06ae470 | SELL |
+-------------+---------------------------+----------------------------------+------+
+----+---------------------------+------------------------+-------+
|    | TIMESTAMP                 | STATE                  | MSG   |
|----+---------------------------+------------------------+-------|
|  0 | 2023-03-29 15:30:00+05:30 | PUT ORDER REQ RECEIVED |       |
|  1 | 2023-03-29 15:30:00+05:30 | VALIDATION PENDING     |       |
|  2 | 2023-03-29 15:30:00+05:30 | OPEN PENDING           |       |
|  3 | 2023-03-29 15:30:00+05:30 | OPEN                   |       |
|  4 | 2023-03-29 15:30:00+05:30 | COMPLETE               |       |
+----+---------------------------+------------------------+-------+