

+-------------+---------------------------+----------------------------------+------+
| INST        | timestamp                 | ID                               | TT   |
|-------------+---------------------------+----------------------------------+------|
| NSE_EQ:SBIN | 2023-01-04 12:15:00+05:30 | ef42230bebcf42f1a1412d6f0bd9e44c | SELL |
+-------------+---------------------------+----------------------------------+------+
+----+---------------------------+------------------------+-------+
|    | TIMESTAMP                 | STATE                  | MSG   |
|----+---------------------------+------------------------+-------|
|  0 | 2023-01-04 12:15:00+05:30 | PUT ORDER REQ RECEIVED |       |
|  1 | 2023-01-04 12:15:00+05:30 | VALIDATION PENDING     |       |
|  2 | 2023-01-04 12:15:00+05:30 | OPEN PENDING           |       |
|  3 | 2023-01-04 12:15:00+05:30 | OPEN                   |       |
|  4 | 2023-01-04 12:15:00+05:30 | COMPLETE               |       |
+----+---------------------------+------------------------+-------+

+-------------+---------------------------+----------------------------------+------+
| INST        | timestamp                 | ID                               | TT   |
|-------------+---------------------------+----------------------------------+------|
| NSE_EQ:SBIN | 2023-01-04 15:30:00+05:30 | 079d822f76e243568f4ab927803b01d7 | BUY  |
+-------------+---------------------------+----------------------------------+------+
+----+---------------------------+------------------------+-------+
|    | TIMESTAMP                 | STATE                  | MSG   |
|----+---------------------------+------------------------+-------|
|  0 | 2023-01-04 15:30:00+05:30 | PUT ORDER REQ RECEIVED |       |
|  1 | 2023-01-04 15:30:00+05:30 | VALIDATION PENDING     |       |
|  2 | 2023-01-04 15:30:00+05:30 | OPEN PENDING           |       |
|  3 | 2023-01-04 15:30:00+05:30 | OPEN                   |       |
|  4 | 2023-01-04 15:30:00+05:30 | COMPLETE               |       |
+----+---------------------------+------------------------+-------+

+-------------+---------------------------+----------------------------------+------+
| INST        | timestamp                 | ID                               | TT   |
|-------------+---------------------------+----------------------------------+------|
| NSE_EQ:SBIN | 2023-01-10 09:15:00+05:30 | d840a5d40cd847f8b9c56d4a6de17a71 | BUY  |
+-------------+---------------------------+----------------------------------+------+
+----+---------------------------+------------------------+-------+
|    | TIMESTAMP                 | STATE                  | MSG   |
|----+---------------------------+------------------------+-------|
|  0 | 2023-01-10 09:15:00+05:30 | PUT ORDER REQ RECEIVED |       |
|  1 | 2023-01-10 09:15:00+05:30 | VALIDATION PENDING     |       |
|  2 | 2023-01-10 09:15:00+05:30 | OPEN PENDING           |       |
|  3 | 2023-01-10 09:15:00+05:30 | OPEN                   |       |
|  4 | 2023-01-10 09:15:00+05:30 | COMPLETE               |       |
+----+---------------------------+------------------------+-------+

+-------------+---------------------------+----------------------------------+------+
| INST        | timestamp                 | ID                               | TT   |
|-------------+---------------------------+----------------------------------+------|
| NSE_EQ:SBIN | 2023-01-10 10:15:00+05:30 | e18823ebbacc42a7abbb821d23b12166 | SELL |
+-------------+---------------------------+----------------------------------+------+
+----+---------------------------+------------------------+-------+
|    | TIMESTAMP                 | STATE                  | MSG   |
|----+---------------------------+------------------------+-------|
|  0 | 2023-01-10 10:15:00+05:30 | PUT ORDER REQ RECEIVED |       |
|  1 | 2023-01-10 10:15:00+05:30 | VALIDATION PENDING     |       |
|  2 | 2023-01-10 10:15:00+05:30 | OPEN PENDING           |       |
|  3 | 2023-01-10 10:15:00+05:30 | OPEN                   |       |
|  4 | 2023-01-10 10:15:00+05:30 | COMPLETE               |       |
+----+---------------------------+------------------------+-------+

+-------------+---------------------------+----------------------------------+------+
| INST        | timestamp                 | ID                               | TT   |
|-------------+---------------------------+----------------------------------+------|
| NSE_EQ:SBIN | 2023-01-10 10:15:00+05:30 | eac66dcb06d04aa5969422eb48a42eec | SELL |
+-------------+---------------------------+----------------------------------+------+
+----+---------------------------+------------------------+-------+
|    | TIMESTAMP                 | STATE                  | MSG   |
|----+---------------------------+------------------------+-------|
|  0 | 2023-01-10 10:15:00+05:30 | PUT ORDER REQ RECEIVED |       |
|  1 | 2023-01-10 10:15:00+05:30 | VALIDATION PENDING     |       |
|  2 | 2023-01-10 10:15:00+05:30 | OPEN PENDING           |       |
|  3 | 2023-01-10 10:15:00+05:30 | OPEN                   |       |
|  4 | 2023-01-10 10:15:00+05:30 | COMPLETE               |       |
+----+---------------------------+------------------------+-------+

+-------------+---------------------------+----------------------------------+------+
| INST        | timestamp                 | ID                               | TT   |
|-------------+---------------------------+----------------------------------+------|
| NSE_EQ:SBIN | 2023-01-10 15:30:00+05:30 | 7e4df97708b14a919eb7f641ff796346 | BUY  |
+-------------+---------------------------+----------------------------------+------+
+----+---------------------------+------------------------+-------+
|    | TIMESTAMP                 | STATE                  | MSG   |
|----+---------------------------+------------------------+-------|
|  0 | 2023-01-10 15:30:00+05:30 | PUT ORDER REQ RECEIVED |       |
|  1 | 2023-01-10 15:30:00+05:30 | VALIDATION PENDING     |       |
|  2 | 2023-01-10 15:30:00+05:30 | OPEN PENDING           |       |
|  3 | 2023-01-10 15:30:00+05:30 | OPEN                   |       |
|  4 | 2023-01-10 15:30:00+05:30 | COMPLETE               |       |
+----+---------------------------+------------------------+-------+

+-------------+---------------------------+----------------------------------+------+
| INST        | timestamp                 | ID                               | TT   |
|-------------+---------------------------+----------------------------------+------|
| NSE_EQ:SBIN | 2023-01-13 15:15:00+05:30 | 99d2802d94cc4955a1a3025e9e9206d0 | BUY  |
+-------------+---------------------------+----------------------------------+------+
+----+---------------------------+------------------------+-------+
|    | TIMESTAMP                 | STATE                  | MSG   |
|----+---------------------------+------------------------+-------|
|  0 | 2023-01-13 15:15:00+05:30 | PUT ORDER REQ RECEIVED |       |
|  1 | 2023-01-13 15:15:00+05:30 | VALIDATION PENDING     |       |
|  2 | 2023-01-13 15:15:00+05:30 | OPEN PENDING           |       |
|  3 | 2023-01-13 15:15:00+05:30 | OPEN                   |       |
|  4 | 2023-01-13 15:15:00+05:30 | COMPLETE               |       |
+----+---------------------------+------------------------+-------+

+-------------+---------------------------+----------------------------------+------+
| INST        | timestamp                 | ID                               | TT   |
|-------------+---------------------------+----------------------------------+------|
| NSE_EQ:SBIN | 2023-01-13 15:30:00+05:30 | 7006da46095746d7991488ccbed70ec6 | SELL |
+-------------+---------------------------+----------------------------------+------+
+----+---------------------------+------------------------+-------+
|    | TIMESTAMP                 | STATE                  | MSG   |
|----+---------------------------+------------------------+-------|
|  0 | 2023-01-13 15:30:00+05:30 | PUT ORDER REQ RECEIVED |       |
|  1 | 2023-01-13 15:30:00+05:30 | VALIDATION PENDING     |       |
|  2 | 2023-01-13 15:30:00+05:30 | OPEN PENDING           |       |
|  3 | 2023-01-13 15:30:00+05:30 | OPEN                   |       |
|  4 | 2023-01-13 15:30:00+05:30 | COMPLETE               |       |
+----+---------------------------+------------------------+-------+

+-------------+---------------------------+----------------------------------+------+
| INST        | timestamp                 | ID                               | TT   |
|-------------+---------------------------+----------------------------------+------|
| NSE_EQ:SBIN | 2023-01-17 14:15:00+05:30 | edfb9925001f4e22a6f6563ca4d634f4 | SELL |
+-------------+---------------------------+----------------------------------+------+
+----+---------------------------+------------------------+-------+
|    | TIMESTAMP                 | STATE                  | MSG   |
|----+---------------------------+------------------------+-------|
|  0 | 2023-01-17 14:15:00+05:30 | PUT ORDER REQ RECEIVED |       |
|  1 | 2023-01-17 14:15:00+05:30 | VALIDATION PENDING     |       |
|  2 | 2023-01-17 14:15:00+05:30 | OPEN PENDING           |       |
|  3 | 2023-01-17 14:15:00+05:30 | OPEN                   |       |
|  4 | 2023-01-17 14:15:00+05:30 | COMPLETE               |       |
+----+---------------------------+------------------------+-------+

+-------------+---------------------------+----------------------------------+------+
| INST        | timestamp                 | ID                               | TT   |
|-------------+---------------------------+----------------------------------+------|
| NSE_EQ:SBIN | 2023-01-17 15:30:00+05:30 | ace9613ca9de4cf88488e50e355f4fe5 | BUY  |
+-------------+---------------------------+----------------------------------+------+
+----+---------------------------+------------------------+-------+
|    | TIMESTAMP                 | STATE                  | MSG   |
|----+---------------------------+------------------------+-------|
|  0 | 2023-01-17 15:30:00+05:30 | PUT ORDER REQ RECEIVED |       |
|  1 | 2023-01-17 15:30:00+05:30 | VALIDATION PENDING     |       |
|  2 | 2023-01-17 15:30:00+05:30 | OPEN PENDING           |       |
|  3 | 2023-01-17 15:30:00+05:30 | OPEN                   |       |
|  4 | 2023-01-17 15:30:00+05:30 | COMPLETE               |       |
+----+---------------------------+------------------------+-------+

+-------------+---------------------------+----------------------------------+------+
| INST        | timestamp                 | ID                               | TT   |
|-------------+---------------------------+----------------------------------+------|
| NSE_EQ:SBIN | 2023-01-23 10:15:00+05:30 | 5e58bfbbf25c4aeda3ceaaa2c5b447ef | BUY  |
+-------------+---------------------------+----------------------------------+------+
+----+---------------------------+------------------------+-------+
|    | TIMESTAMP                 | STATE                  | MSG   |
|----+---------------------------+------------------------+-------|
|  0 | 2023-01-23 10:15:00+05:30 | PUT ORDER REQ RECEIVED |       |
|  1 | 2023-01-23 10:15:00+05:30 | VALIDATION PENDING     |       |
|  2 | 2023-01-23 10:15:00+05:30 | OPEN PENDING           |       |
|  3 | 2023-01-23 10:15:00+05:30 | OPEN                   |       |
|  4 | 2023-01-23 10:15:00+05:30 | COMPLETE               |       |
+----+---------------------------+------------------------+-------+

+-------------+---------------------------+----------------------------------+------+
| INST        | timestamp                 | ID                               | TT   |
|-------------+---------------------------+----------------------------------+------|
| NSE_EQ:SBIN | 2023-01-23 15:30:00+05:30 | 0fb7c0c7aeba4a6ba24bba7468deb81e | SELL |
+-------------+---------------------------+----------------------------------+------+
+----+---------------------------+------------------------+-------+
|    | TIMESTAMP                 | STATE                  | MSG   |
|----+---------------------------+------------------------+-------|
|  0 | 2023-01-23 15:30:00+05:30 | PUT ORDER REQ RECEIVED |       |
|  1 | 2023-01-23 15:30:00+05:30 | VALIDATION PENDING     |       |
|  2 | 2023-01-23 15:30:00+05:30 | OPEN PENDING           |       |
|  3 | 2023-01-23 15:30:00+05:30 | OPEN                   |       |
|  4 | 2023-01-23 15:30:00+05:30 | COMPLETE               |       |
+----+---------------------------+------------------------+-------+

+-------------+---------------------------+----------------------------------+------+
| INST        | timestamp                 | ID                               | TT   |
|-------------+---------------------------+----------------------------------+------|
| NSE_EQ:SBIN | 2023-01-25 10:15:00+05:30 | 438386753f9d4c15b88d38a87ce6c7a3 | SELL |
+-------------+---------------------------+----------------------------------+------+
+----+---------------------------+------------------------+-------+
|    | TIMESTAMP                 | STATE                  | MSG   |
|----+---------------------------+------------------------+-------|
|  0 | 2023-01-25 10:15:00+05:30 | PUT ORDER REQ RECEIVED |       |
|  1 | 2023-01-25 10:15:00+05:30 | VALIDATION PENDING     |       |
|  2 | 2023-01-25 10:15:00+05:30 | OPEN PENDING           |       |
|  3 | 2023-01-25 10:15:00+05:30 | OPEN                   |       |
|  4 | 2023-01-25 10:15:00+05:30 | COMPLETE               |       |
+----+---------------------------+------------------------+-------+

+-------------+---------------------------+----------------------------------+------+
| INST        | timestamp                 | ID                               | TT   |
|-------------+---------------------------+----------------------------------+------|
| NSE_EQ:SBIN | 2023-01-25 15:30:00+05:30 | d8a18352513f4a8f8b2df70182c97d1e | BUY  |
+-------------+---------------------------+----------------------------------+------+
+----+---------------------------+------------------------+-------+
|    | TIMESTAMP                 | STATE                  | MSG   |
|----+---------------------------+------------------------+-------|
|  0 | 2023-01-25 15:30:00+05:30 | PUT ORDER REQ RECEIVED |       |
|  1 | 2023-01-25 15:30:00+05:30 | VALIDATION PENDING     |       |
|  2 | 2023-01-25 15:30:00+05:30 | OPEN PENDING           |       |
|  3 | 2023-01-25 15:30:00+05:30 | OPEN                   |       |
|  4 | 2023-01-25 15:30:00+05:30 | COMPLETE               |       |
+----+---------------------------+------------------------+-------+

+-------------+---------------------------+----------------------------------+------+
| INST        | timestamp                 | ID                               | TT   |
|-------------+---------------------------+----------------------------------+------|
| NSE_EQ:SBIN | 2023-02-06 11:15:00+05:30 | abeb0d64886d47fe9192b9fe9ebf51ba | BUY  |
+-------------+---------------------------+----------------------------------+------+
+----+---------------------------+------------------------+-------+
|    | TIMESTAMP                 | STATE                  | MSG   |
|----+---------------------------+------------------------+-------|
|  0 | 2023-02-06 11:15:00+05:30 | PUT ORDER REQ RECEIVED |       |
|  1 | 2023-02-06 11:15:00+05:30 | VALIDATION PENDING     |       |
|  2 | 2023-02-06 11:15:00+05:30 | OPEN PENDING           |       |
|  3 | 2023-02-06 11:15:00+05:30 | OPEN                   |       |
|  4 | 2023-02-06 11:15:00+05:30 | COMPLETE               |       |
+----+---------------------------+------------------------+-------+

+-------------+---------------------------+----------------------------------+------+
| INST        | timestamp                 | ID                               | TT   |
|-------------+---------------------------+----------------------------------+------|
| NSE_EQ:SBIN | 2023-02-06 15:30:00+05:30 | d8c9a0464fc04a449cdf9f1ea58b95b9 | SELL |
+-------------+---------------------------+----------------------------------+------+
+----+---------------------------+------------------------+-------+
|    | TIMESTAMP                 | STATE                  | MSG   |
|----+---------------------------+------------------------+-------|
|  0 | 2023-02-06 15:30:00+05:30 | PUT ORDER REQ RECEIVED |       |
|  1 | 2023-02-06 15:30:00+05:30 | VALIDATION PENDING     |       |
|  2 | 2023-02-06 15:30:00+05:30 | OPEN PENDING           |       |
|  3 | 2023-02-06 15:30:00+05:30 | OPEN                   |       |
|  4 | 2023-02-06 15:30:00+05:30 | COMPLETE               |       |
+----+---------------------------+------------------------+-------+

+-------------+---------------------------+----------------------------------+------+
| INST        | timestamp                 | ID                               | TT   |
|-------------+---------------------------+----------------------------------+------|
| NSE_EQ:SBIN | 2023-02-13 11:15:00+05:30 | 31f4db1580014f448745ce245a1feddd | SELL |
+-------------+---------------------------+----------------------------------+------+
+----+---------------------------+------------------------+-------+
|    | TIMESTAMP                 | STATE                  | MSG   |
|----+---------------------------+------------------------+-------|
|  0 | 2023-02-13 11:15:00+05:30 | PUT ORDER REQ RECEIVED |       |
|  1 | 2023-02-13 11:15:00+05:30 | VALIDATION PENDING     |       |
|  2 | 2023-02-13 11:15:00+05:30 | OPEN PENDING           |       |
|  3 | 2023-02-13 11:15:00+05:30 | OPEN                   |       |
|  4 | 2023-02-13 11:15:00+05:30 | COMPLETE               |       |
+----+---------------------------+------------------------+-------+

+-------------+---------------------------+----------------------------------+------+
| INST        | timestamp                 | ID                               | TT   |
|-------------+---------------------------+----------------------------------+------|
| NSE_EQ:SBIN | 2023-02-13 15:30:00+05:30 | 2742f1d1878a4267a3de312e9279c462 | BUY  |
+-------------+---------------------------+----------------------------------+------+
+----+---------------------------+------------------------+-------+
|    | TIMESTAMP                 | STATE                  | MSG   |
|----+---------------------------+------------------------+-------|
|  0 | 2023-02-13 15:30:00+05:30 | PUT ORDER REQ RECEIVED |       |
|  1 | 2023-02-13 15:30:00+05:30 | VALIDATION PENDING     |       |
|  2 | 2023-02-13 15:30:00+05:30 | OPEN PENDING           |       |
|  3 | 2023-02-13 15:30:00+05:30 | OPEN                   |       |
|  4 | 2023-02-13 15:30:00+05:30 | COMPLETE               |       |
+----+---------------------------+------------------------+-------+

+-------------+---------------------------+----------------------------------+------+
| INST        | timestamp                 | ID                               | TT   |
|-------------+---------------------------+----------------------------------+------|
| NSE_EQ:SBIN | 2023-02-16 13:15:00+05:30 | 1722d1c766954f5d9ba8201156450083 | BUY  |
+-------------+---------------------------+----------------------------------+------+
+----+---------------------------+------------------------+-------+
|    | TIMESTAMP                 | STATE                  | MSG   |
|----+---------------------------+------------------------+-------|
|  0 | 2023-02-16 13:15:00+05:30 | PUT ORDER REQ RECEIVED |       |
|  1 | 2023-02-16 13:15:00+05:30 | VALIDATION PENDING     |       |
|  2 | 2023-02-16 13:15:00+05:30 | OPEN PENDING           |       |
|  3 | 2023-02-16 13:15:00+05:30 | OPEN                   |       |
|  4 | 2023-02-16 13:15:00+05:30 | COMPLETE               |       |
+----+---------------------------+------------------------+-------+

+-------------+---------------------------+----------------------------------+------+
| INST        | timestamp                 | ID                               | TT   |
|-------------+---------------------------+----------------------------------+------|
| NSE_EQ:SBIN | 2023-02-16 15:15:00+05:30 | 2f520d910cf4408cbc92ae8f17b51481 | SELL |
+-------------+---------------------------+----------------------------------+------+
+----+---------------------------+------------------------+-------+
|    | TIMESTAMP                 | STATE                  | MSG   |
|----+---------------------------+------------------------+-------|
|  0 | 2023-02-16 15:15:00+05:30 | PUT ORDER REQ RECEIVED |       |
|  1 | 2023-02-16 15:15:00+05:30 | VALIDATION PENDING     |       |
|  2 | 2023-02-16 15:15:00+05:30 | OPEN PENDING           |       |
|  3 | 2023-02-16 15:15:00+05:30 | OPEN                   |       |
|  4 | 2023-02-16 15:15:00+05:30 | COMPLETE               |       |
+----+---------------------------+------------------------+-------+

+-------------+---------------------------+----------------------------------+------+
| INST        | timestamp                 | ID                               | TT   |
|-------------+---------------------------+----------------------------------+------|
| NSE_EQ:SBIN | 2023-02-16 15:15:00+05:30 | 366447e4ae724c53958a8e22198e0606 | SELL |
+-------------+---------------------------+----------------------------------+------+
+----+---------------------------+------------------------+-------+
|    | TIMESTAMP                 | STATE                  | MSG   |
|----+---------------------------+------------------------+-------|
|  0 | 2023-02-16 15:15:00+05:30 | PUT ORDER REQ RECEIVED |       |
|  1 | 2023-02-16 15:15:00+05:30 | VALIDATION PENDING     |       |
|  2 | 2023-02-16 15:15:00+05:30 | OPEN PENDING           |       |
|  3 | 2023-02-16 15:15:00+05:30 | OPEN                   |       |
|  4 | 2023-02-16 15:15:00+05:30 | COMPLETE               |       |
+----+---------------------------+------------------------+-------+

+-------------+---------------------------+----------------------------------+------+
| INST        | timestamp                 | ID                               | TT   |
|-------------+---------------------------+----------------------------------+------|
| NSE_EQ:SBIN | 2023-02-16 15:30:00+05:30 | 08c238943c124803bcc1177be260e47a | BUY  |
+-------------+---------------------------+----------------------------------+------+
+----+---------------------------+------------------------+-------+
|    | TIMESTAMP                 | STATE                  | MSG   |
|----+---------------------------+------------------------+-------|
|  0 | 2023-02-16 15:30:00+05:30 | PUT ORDER REQ RECEIVED |       |
|  1 | 2023-02-16 15:30:00+05:30 | VALIDATION PENDING     |       |
|  2 | 2023-02-16 15:30:00+05:30 | OPEN PENDING           |       |
|  3 | 2023-02-16 15:30:00+05:30 | OPEN                   |       |
|  4 | 2023-02-16 15:30:00+05:30 | COMPLETE               |       |
+----+---------------------------+------------------------+-------+

+-------------+---------------------------+----------------------------------+------+
| INST        | timestamp                 | ID                               | TT   |
|-------------+---------------------------+----------------------------------+------|
| NSE_EQ:SBIN | 2023-02-27 12:15:00+05:30 | 0e104c59445940cfb83dcae231c1fb4e | BUY  |
+-------------+---------------------------+----------------------------------+------+
+----+---------------------------+------------------------+-------+
|    | TIMESTAMP                 | STATE                  | MSG   |
|----+---------------------------+------------------------+-------|
|  0 | 2023-02-27 12:15:00+05:30 | PUT ORDER REQ RECEIVED |       |
|  1 | 2023-02-27 12:15:00+05:30 | VALIDATION PENDING     |       |
|  2 | 2023-02-27 12:15:00+05:30 | OPEN PENDING           |       |
|  3 | 2023-02-27 12:15:00+05:30 | OPEN                   |       |
|  4 | 2023-02-27 12:15:00+05:30 | COMPLETE               |       |
+----+---------------------------+------------------------+-------+

+-------------+---------------------------+----------------------------------+------+
| INST        | timestamp                 | ID                               | TT   |
|-------------+---------------------------+----------------------------------+------|
| NSE_EQ:SBIN | 2023-02-27 15:30:00+05:30 | d921405bdb7b48158d466fc7ef70a976 | SELL |
+-------------+---------------------------+----------------------------------+------+
+----+---------------------------+------------------------+-------+
|    | TIMESTAMP                 | STATE                  | MSG   |
|----+---------------------------+------------------------+-------|
|  0 | 2023-02-27 15:30:00+05:30 | PUT ORDER REQ RECEIVED |       |
|  1 | 2023-02-27 15:30:00+05:30 | VALIDATION PENDING     |       |
|  2 | 2023-02-27 15:30:00+05:30 | OPEN PENDING           |       |
|  3 | 2023-02-27 15:30:00+05:30 | OPEN                   |       |
|  4 | 2023-02-27 15:30:00+05:30 | COMPLETE               |       |
+----+---------------------------+------------------------+-------+