

+-----------------+---------------------------+----------------------------------+------+
| INST            | timestamp                 | ID                               | TT   |
|-----------------+---------------------------+----------------------------------+------|
| NSE_EQ:HDFCBANK | 2023-01-04 13:15:00+05:30 | f8bd4914579f4c10a4d85c5241b65cec | BUY  |
+-----------------+---------------------------+----------------------------------+------+
+----+---------------------------+------------------------+-------+
|    | TIMESTAMP                 | STATE                  | MSG   |
|----+---------------------------+------------------------+-------|
|  0 | 2023-01-04 13:15:00+05:30 | PUT ORDER REQ RECEIVED |       |
|  1 | 2023-01-04 13:15:00+05:30 | VALIDATION PENDING     |       |
|  2 | 2023-01-04 13:15:00+05:30 | OPEN PENDING           |       |
|  3 | 2023-01-04 13:15:00+05:30 | OPEN                   |       |
|  4 | 2023-01-04 13:15:00+05:30 | COMPLETE               |       |
+----+---------------------------+------------------------+-------+

+-----------------+---------------------------+----------------------------------+------+
| INST            | timestamp                 | ID                               | TT   |
|-----------------+---------------------------+----------------------------------+------|
| NSE_EQ:HDFCBANK | 2023-01-05 09:15:00+05:30 | cbc82786dd97446d87a42b322a82a0e4 | BUY  |
+-----------------+---------------------------+----------------------------------+------+
+----+---------------------------+------------------------+-------+
|    | TIMESTAMP                 | STATE                  | MSG   |
|----+---------------------------+------------------------+-------|
|  0 | 2023-01-05 09:15:00+05:30 | PUT ORDER REQ RECEIVED |       |
|  1 | 2023-01-05 09:15:00+05:30 | COMPLETE               |       |
+----+---------------------------+------------------------+-------+

+-----------------+---------------------------+----------------------------------+------+
| INST            | timestamp                 | ID                               | TT   |
|-----------------+---------------------------+----------------------------------+------|
| NSE_EQ:HDFCBANK | 2023-01-05 10:15:00+05:30 | e705a8a1a02e4e3ba15da2ea1e6cb0eb | SELL |
+-----------------+---------------------------+----------------------------------+------+
+----+---------------------------+------------------------+-------+
|    | TIMESTAMP                 | STATE                  | MSG   |
|----+---------------------------+------------------------+-------|
|  0 | 2023-01-05 10:15:00+05:30 | PUT ORDER REQ RECEIVED |       |
|  1 | 2023-01-05 10:15:00+05:30 | VALIDATION PENDING     |       |
|  2 | 2023-01-05 10:15:00+05:30 | OPEN PENDING           |       |
|  3 | 2023-01-05 10:15:00+05:30 | OPEN                   |       |
|  4 | 2023-01-05 10:15:00+05:30 | COMPLETE               |       |
+----+---------------------------+------------------------+-------+

+-----------------+---------------------------+----------------------------------+------+
| INST            | timestamp                 | ID                               | TT   |
|-----------------+---------------------------+----------------------------------+------|
| NSE_EQ:HDFCBANK | 2023-01-06 12:15:00+05:30 | 9d81aee5dd0c43ae901cc4956054b004 | BUY  |
+-----------------+---------------------------+----------------------------------+------+
+----+---------------------------+------------------------+-------+
|    | TIMESTAMP                 | STATE                  | MSG   |
|----+---------------------------+------------------------+-------|
|  0 | 2023-01-06 12:15:00+05:30 | PUT ORDER REQ RECEIVED |       |
|  1 | 2023-01-06 12:15:00+05:30 | VALIDATION PENDING     |       |
|  2 | 2023-01-06 12:15:00+05:30 | OPEN PENDING           |       |
|  3 | 2023-01-06 12:15:00+05:30 | OPEN                   |       |
|  4 | 2023-01-06 12:15:00+05:30 | COMPLETE               |       |
+----+---------------------------+------------------------+-------+

+-----------------+---------------------------+----------------------------------+------+
| INST            | timestamp                 | ID                               | TT   |
|-----------------+---------------------------+----------------------------------+------|
| NSE_EQ:HDFCBANK | 2023-01-06 13:15:00+05:30 | b5784a95c94340038f5c2fac3616fa7d | SELL |
+-----------------+---------------------------+----------------------------------+------+
+----+---------------------------+------------------------+-------+
|    | TIMESTAMP                 | STATE                  | MSG   |
|----+---------------------------+------------------------+-------|
|  0 | 2023-01-06 13:15:00+05:30 | PUT ORDER REQ RECEIVED |       |
|  1 | 2023-01-06 13:15:00+05:30 | VALIDATION PENDING     |       |
|  2 | 2023-01-06 13:15:00+05:30 | OPEN PENDING           |       |
|  3 | 2023-01-06 13:15:00+05:30 | OPEN                   |       |
|  4 | 2023-01-06 13:15:00+05:30 | COMPLETE               |       |
+----+---------------------------+------------------------+-------+

+-----------------+---------------------------+----------------------------------+------+
| INST            | timestamp                 | ID                               | TT   |
|-----------------+---------------------------+----------------------------------+------|
| NSE_EQ:HDFCBANK | 2023-01-10 14:15:00+05:30 | a4aaf1f53e704b9180aa7ace15aba55b | BUY  |
+-----------------+---------------------------+----------------------------------+------+
+----+---------------------------+------------------------+-------+
|    | TIMESTAMP                 | STATE                  | MSG   |
|----+---------------------------+------------------------+-------|
|  0 | 2023-01-10 14:15:00+05:30 | PUT ORDER REQ RECEIVED |       |
|  1 | 2023-01-10 14:15:00+05:30 | VALIDATION PENDING     |       |
|  2 | 2023-01-10 14:15:00+05:30 | OPEN PENDING           |       |
|  3 | 2023-01-10 14:15:00+05:30 | OPEN                   |       |
|  4 | 2023-01-10 14:15:00+05:30 | COMPLETE               |       |
+----+---------------------------+------------------------+-------+

+-----------------+---------------------------+----------------------------------+------+
| INST            | timestamp                 | ID                               | TT   |
|-----------------+---------------------------+----------------------------------+------|
| NSE_EQ:HDFCBANK | 2023-01-11 09:15:00+05:30 | 0f3a6f7383744db58a045fb6c4800b26 | BUY  |
+-----------------+---------------------------+----------------------------------+------+
+----+---------------------------+------------------------+-------+
|    | TIMESTAMP                 | STATE                  | MSG   |
|----+---------------------------+------------------------+-------|
|  0 | 2023-01-11 09:15:00+05:30 | PUT ORDER REQ RECEIVED |       |
|  1 | 2023-01-11 09:15:00+05:30 | COMPLETE               |       |
+----+---------------------------+------------------------+-------+

+-----------------+---------------------------+----------------------------------+------+
| INST            | timestamp                 | ID                               | TT   |
|-----------------+---------------------------+----------------------------------+------|
| NSE_EQ:HDFCBANK | 2023-01-12 09:15:00+05:30 | b73bc6cc75304bb7a61948de2bd9ffd9 | BUY  |
+-----------------+---------------------------+----------------------------------+------+
+----+---------------------------+------------------------+-------+
|    | TIMESTAMP                 | STATE                  | MSG   |
|----+---------------------------+------------------------+-------|
|  0 | 2023-01-12 09:15:00+05:30 | PUT ORDER REQ RECEIVED |       |
|  1 | 2023-01-12 09:15:00+05:30 | COMPLETE               |       |
+----+---------------------------+------------------------+-------+

+-----------------+---------------------------+----------------------------------+------+
| INST            | timestamp                 | ID                               | TT   |
|-----------------+---------------------------+----------------------------------+------|
| NSE_EQ:HDFCBANK | 2023-01-13 09:15:00+05:30 | f564d4b6b0d8445f90ba75bea2b927d4 | BUY  |
+-----------------+---------------------------+----------------------------------+------+
+----+---------------------------+------------------------+-------+
|    | TIMESTAMP                 | STATE                  | MSG   |
|----+---------------------------+------------------------+-------|
|  0 | 2023-01-13 09:15:00+05:30 | PUT ORDER REQ RECEIVED |       |
|  1 | 2023-01-13 09:15:00+05:30 | COMPLETE               |       |
+----+---------------------------+------------------------+-------+

+-----------------+---------------------------+----------------------------------+------+
| INST            | timestamp                 | ID                               | TT   |
|-----------------+---------------------------+----------------------------------+------|
| NSE_EQ:HDFCBANK | 2023-01-16 09:15:00+05:30 | ca5f7a2276c24d678657d87556449e00 | BUY  |
+-----------------+---------------------------+----------------------------------+------+
+----+---------------------------+------------------------+-------+
|    | TIMESTAMP                 | STATE                  | MSG   |
|----+---------------------------+------------------------+-------|
|  0 | 2023-01-16 09:15:00+05:30 | PUT ORDER REQ RECEIVED |       |
|  1 | 2023-01-16 09:15:00+05:30 | COMPLETE               |       |
+----+---------------------------+------------------------+-------+

+-----------------+---------------------------+----------------------------------+------+
| INST            | timestamp                 | ID                               | TT   |
|-----------------+---------------------------+----------------------------------+------|
| NSE_EQ:HDFCBANK | 2023-01-17 09:15:00+05:30 | ea4ecd1003854a6daa85b60b655c26ce | BUY  |
+-----------------+---------------------------+----------------------------------+------+
+----+---------------------------+------------------------+-------+
|    | TIMESTAMP                 | STATE                  | MSG   |
|----+---------------------------+------------------------+-------|
|  0 | 2023-01-17 09:15:00+05:30 | PUT ORDER REQ RECEIVED |       |
|  1 | 2023-01-17 09:15:00+05:30 | COMPLETE               |       |
+----+---------------------------+------------------------+-------+

+-----------------+---------------------------+----------------------------------+------+
| INST            | timestamp                 | ID                               | TT   |
|-----------------+---------------------------+----------------------------------+------|
| NSE_EQ:HDFCBANK | 2023-01-18 09:15:00+05:30 | 023dbe842fce40fa8e0cde8c095712c2 | BUY  |
+-----------------+---------------------------+----------------------------------+------+
+----+---------------------------+------------------------+-------+
|    | TIMESTAMP                 | STATE                  | MSG   |
|----+---------------------------+------------------------+-------|
|  0 | 2023-01-18 09:15:00+05:30 | PUT ORDER REQ RECEIVED |       |
|  1 | 2023-01-18 09:15:00+05:30 | COMPLETE               |       |
+----+---------------------------+------------------------+-------+

+-----------------+---------------------------+----------------------------------+------+
| INST            | timestamp                 | ID                               | TT   |
|-----------------+---------------------------+----------------------------------+------|
| NSE_EQ:HDFCBANK | 2023-01-19 09:15:00+05:30 | 0d9f7d40a98442dd990f53e6061da7fa | BUY  |
+-----------------+---------------------------+----------------------------------+------+
+----+---------------------------+------------------------+-------+
|    | TIMESTAMP                 | STATE                  | MSG   |
|----+---------------------------+------------------------+-------|
|  0 | 2023-01-19 09:15:00+05:30 | PUT ORDER REQ RECEIVED |       |
|  1 | 2023-01-19 09:15:00+05:30 | COMPLETE               |       |
+----+---------------------------+------------------------+-------+

+-----------------+---------------------------+----------------------------------+------+
| INST            | timestamp                 | ID                               | TT   |
|-----------------+---------------------------+----------------------------------+------|
| NSE_EQ:HDFCBANK | 2023-01-20 09:15:00+05:30 | dedf981f2b274b13a213feb23a1e674c | BUY  |
+-----------------+---------------------------+----------------------------------+------+
+----+---------------------------+------------------------+-------+
|    | TIMESTAMP                 | STATE                  | MSG   |
|----+---------------------------+------------------------+-------|
|  0 | 2023-01-20 09:15:00+05:30 | PUT ORDER REQ RECEIVED |       |
|  1 | 2023-01-20 09:15:00+05:30 | COMPLETE               |       |
+----+---------------------------+------------------------+-------+

+-----------------+---------------------------+----------------------------------+------+
| INST            | timestamp                 | ID                               | TT   |
|-----------------+---------------------------+----------------------------------+------|
| NSE_EQ:HDFCBANK | 2023-01-23 09:15:00+05:30 | 54c57506c29c400bab2e6531ab69c8ad | BUY  |
+-----------------+---------------------------+----------------------------------+------+
+----+---------------------------+------------------------+-------+
|    | TIMESTAMP                 | STATE                  | MSG   |
|----+---------------------------+------------------------+-------|
|  0 | 2023-01-23 09:15:00+05:30 | PUT ORDER REQ RECEIVED |       |
|  1 | 2023-01-23 09:15:00+05:30 | COMPLETE               |       |
+----+---------------------------+------------------------+-------+

+-----------------+---------------------------+----------------------------------+------+
| INST            | timestamp                 | ID                               | TT   |
|-----------------+---------------------------+----------------------------------+------|
| NSE_EQ:HDFCBANK | 2023-01-24 09:15:00+05:30 | dbf4b8d704a8468bbaa626e8e4586354 | BUY  |
+-----------------+---------------------------+----------------------------------+------+
+----+---------------------------+------------------------+-------+
|    | TIMESTAMP                 | STATE                  | MSG   |
|----+---------------------------+------------------------+-------|
|  0 | 2023-01-24 09:15:00+05:30 | PUT ORDER REQ RECEIVED |       |
|  1 | 2023-01-24 09:15:00+05:30 | COMPLETE               |       |
+----+---------------------------+------------------------+-------+

+-----------------+---------------------------+----------------------------------+------+
| INST            | timestamp                 | ID                               | TT   |
|-----------------+---------------------------+----------------------------------+------|
| NSE_EQ:HDFCBANK | 2023-01-25 09:15:00+05:30 | cfa171b6e6fb4bbbb25d09c7c21105ba | BUY  |
+-----------------+---------------------------+----------------------------------+------+
+----+---------------------------+------------------------+-------+
|    | TIMESTAMP                 | STATE                  | MSG   |
|----+---------------------------+------------------------+-------|
|  0 | 2023-01-25 09:15:00+05:30 | PUT ORDER REQ RECEIVED |       |
|  1 | 2023-01-25 09:15:00+05:30 | COMPLETE               |       |
+----+---------------------------+------------------------+-------+

+-----------------+---------------------------+----------------------------------+------+
| INST            | timestamp                 | ID                               | TT   |
|-----------------+---------------------------+----------------------------------+------|
| NSE_EQ:HDFCBANK | 2023-01-25 12:15:00+05:30 | 981a2616dd7044c296dc83d3d7475fb4 | SELL |
+-----------------+---------------------------+----------------------------------+------+
+----+---------------------------+------------------------+-------+
|    | TIMESTAMP                 | STATE                  | MSG   |
|----+---------------------------+------------------------+-------|
|  0 | 2023-01-25 12:15:00+05:30 | PUT ORDER REQ RECEIVED |       |
|  1 | 2023-01-25 12:15:00+05:30 | VALIDATION PENDING     |       |
|  2 | 2023-01-25 12:15:00+05:30 | OPEN PENDING           |       |
|  3 | 2023-01-25 12:15:00+05:30 | OPEN                   |       |
|  4 | 2023-01-25 12:15:00+05:30 | COMPLETE               |       |
+----+---------------------------+------------------------+-------+

+-----------------+---------------------------+----------------------------------+------+
| INST            | timestamp                 | ID                               | TT   |
|-----------------+---------------------------+----------------------------------+------|
| NSE_EQ:HDFCBANK | 2023-01-25 14:15:00+05:30 | 1b0a1ff62a5c4566bb0af3099e35eac3 | BUY  |
+-----------------+---------------------------+----------------------------------+------+
+----+---------------------------+------------------------+-------+
|    | TIMESTAMP                 | STATE                  | MSG   |
|----+---------------------------+------------------------+-------|
|  0 | 2023-01-25 14:15:00+05:30 | PUT ORDER REQ RECEIVED |       |
|  1 | 2023-01-25 14:15:00+05:30 | VALIDATION PENDING     |       |
|  2 | 2023-01-25 14:15:00+05:30 | OPEN PENDING           |       |
|  3 | 2023-01-25 14:15:00+05:30 | OPEN                   |       |
|  4 | 2023-01-25 14:15:00+05:30 | COMPLETE               |       |
+----+---------------------------+------------------------+-------+

+-----------------+---------------------------+----------------------------------+------+
| INST            | timestamp                 | ID                               | TT   |
|-----------------+---------------------------+----------------------------------+------|
| NSE_EQ:HDFCBANK | 2023-01-27 09:15:00+05:30 | ef211dd0518c47c980423b56e6b2c405 | BUY  |
+-----------------+---------------------------+----------------------------------+------+
+----+---------------------------+------------------------+-------+
|    | TIMESTAMP                 | STATE                  | MSG   |
|----+---------------------------+------------------------+-------|
|  0 | 2023-01-27 09:15:00+05:30 | PUT ORDER REQ RECEIVED |       |
|  1 | 2023-01-27 09:15:00+05:30 | COMPLETE               |       |
+----+---------------------------+------------------------+-------+

+-----------------+---------------------------+----------------------------------+------+
| INST            | timestamp                 | ID                               | TT   |
|-----------------+---------------------------+----------------------------------+------|
| NSE_EQ:HDFCBANK | 2023-01-27 13:15:00+05:30 | 7fb6f54f42c54bb19a282675dc5bf9fe | SELL |
+-----------------+---------------------------+----------------------------------+------+
+----+---------------------------+------------------------+-------+
|    | TIMESTAMP                 | STATE                  | MSG   |
|----+---------------------------+------------------------+-------|
|  0 | 2023-01-27 13:15:00+05:30 | PUT ORDER REQ RECEIVED |       |
|  1 | 2023-01-27 13:15:00+05:30 | VALIDATION PENDING     |       |
|  2 | 2023-01-27 13:15:00+05:30 | OPEN PENDING           |       |
|  3 | 2023-01-27 13:15:00+05:30 | OPEN                   |       |
|  4 | 2023-01-27 13:15:00+05:30 | COMPLETE               |       |
+----+---------------------------+------------------------+-------+

+-----------------+---------------------------+----------------------------------+------+
| INST            | timestamp                 | ID                               | TT   |
|-----------------+---------------------------+----------------------------------+------|
| NSE_EQ:HDFCBANK | 2023-01-30 14:15:00+05:30 | 2ba78a688a8a444396e3b59a81a58968 | BUY  |
+-----------------+---------------------------+----------------------------------+------+
+----+---------------------------+------------------------+-------+
|    | TIMESTAMP                 | STATE                  | MSG   |
|----+---------------------------+------------------------+-------|
|  0 | 2023-01-30 14:15:00+05:30 | PUT ORDER REQ RECEIVED |       |
|  1 | 2023-01-30 14:15:00+05:30 | VALIDATION PENDING     |       |
|  2 | 2023-01-30 14:15:00+05:30 | OPEN PENDING           |       |
|  3 | 2023-01-30 14:15:00+05:30 | OPEN                   |       |
|  4 | 2023-01-30 14:15:00+05:30 | COMPLETE               |       |
+----+---------------------------+------------------------+-------+

+-----------------+---------------------------+----------------------------------+------+
| INST            | timestamp                 | ID                               | TT   |
|-----------------+---------------------------+----------------------------------+------|
| NSE_EQ:HDFCBANK | 2023-01-31 09:15:00+05:30 | 12f4a2a1443e432bb78d549c90177d9a | BUY  |
+-----------------+---------------------------+----------------------------------+------+
+----+---------------------------+------------------------+-------+
|    | TIMESTAMP                 | STATE                  | MSG   |
|----+---------------------------+------------------------+-------|
|  0 | 2023-01-31 09:15:00+05:30 | PUT ORDER REQ RECEIVED |       |
|  1 | 2023-01-31 09:15:00+05:30 | COMPLETE               |       |
+----+---------------------------+------------------------+-------+

+-----------------+---------------------------+----------------------------------+------+
| INST            | timestamp                 | ID                               | TT   |
|-----------------+---------------------------+----------------------------------+------|
| NSE_EQ:HDFCBANK | 2023-02-01 09:15:00+05:30 | 1d6dcef4295d4d3ba5b52f52efb9b37d | BUY  |
+-----------------+---------------------------+----------------------------------+------+
+----+---------------------------+------------------------+-------+
|    | TIMESTAMP                 | STATE                  | MSG   |
|----+---------------------------+------------------------+-------|
|  0 | 2023-02-01 09:15:00+05:30 | PUT ORDER REQ RECEIVED |       |
|  1 | 2023-02-01 09:15:00+05:30 | COMPLETE               |       |
+----+---------------------------+------------------------+-------+

+-----------------+---------------------------+----------------------------------+------+
| INST            | timestamp                 | ID                               | TT   |
|-----------------+---------------------------+----------------------------------+------|
| NSE_EQ:HDFCBANK | 2023-02-02 09:15:00+05:30 | 5bdf2eff6c2d4b29845f40aa4a108815 | BUY  |
+-----------------+---------------------------+----------------------------------+------+
+----+---------------------------+------------------------+-------+
|    | TIMESTAMP                 | STATE                  | MSG   |
|----+---------------------------+------------------------+-------|
|  0 | 2023-02-02 09:15:00+05:30 | PUT ORDER REQ RECEIVED |       |
|  1 | 2023-02-02 09:15:00+05:30 | COMPLETE               |       |
+----+---------------------------+------------------------+-------+

+-----------------+---------------------------+----------------------------------+------+
| INST            | timestamp                 | ID                               | TT   |
|-----------------+---------------------------+----------------------------------+------|
| NSE_EQ:HDFCBANK | 2023-02-02 13:15:00+05:30 | f28827f1397f423e831aa935a3c52f46 | SELL |
+-----------------+---------------------------+----------------------------------+------+
+----+---------------------------+------------------------+-------+
|    | TIMESTAMP                 | STATE                  | MSG   |
|----+---------------------------+------------------------+-------|
|  0 | 2023-02-02 13:15:00+05:30 | PUT ORDER REQ RECEIVED |       |
|  1 | 2023-02-02 13:15:00+05:30 | VALIDATION PENDING     |       |
|  2 | 2023-02-02 13:15:00+05:30 | OPEN PENDING           |       |
|  3 | 2023-02-02 13:15:00+05:30 | OPEN                   |       |
|  4 | 2023-02-02 13:15:00+05:30 | COMPLETE               |       |
+----+---------------------------+------------------------+-------+

+-----------------+---------------------------+----------------------------------+------+
| INST            | timestamp                 | ID                               | TT   |
|-----------------+---------------------------+----------------------------------+------|
| NSE_EQ:HDFCBANK | 2023-02-02 14:15:00+05:30 | 762c2c871812482e99c742a1912e605b | BUY  |
+-----------------+---------------------------+----------------------------------+------+
+----+---------------------------+------------------------+-------+
|    | TIMESTAMP                 | STATE                  | MSG   |
|----+---------------------------+------------------------+-------|
|  0 | 2023-02-02 14:15:00+05:30 | PUT ORDER REQ RECEIVED |       |
|  1 | 2023-02-02 14:15:00+05:30 | VALIDATION PENDING     |       |
|  2 | 2023-02-02 14:15:00+05:30 | OPEN PENDING           |       |
|  3 | 2023-02-02 14:15:00+05:30 | OPEN                   |       |
|  4 | 2023-02-02 14:15:00+05:30 | COMPLETE               |       |
+----+---------------------------+------------------------+-------+

+-----------------+---------------------------+----------------------------------+------+
| INST            | timestamp                 | ID                               | TT   |
|-----------------+---------------------------+----------------------------------+------|
| NSE_EQ:HDFCBANK | 2023-02-03 09:15:00+05:30 | 10bd604c801b4d74a734bb640a01ae06 | BUY  |
+-----------------+---------------------------+----------------------------------+------+
+----+---------------------------+------------------------+-------+
|    | TIMESTAMP                 | STATE                  | MSG   |
|----+---------------------------+------------------------+-------|
|  0 | 2023-02-03 09:15:00+05:30 | PUT ORDER REQ RECEIVED |       |
|  1 | 2023-02-03 09:15:00+05:30 | COMPLETE               |       |
+----+---------------------------+------------------------+-------+

+-----------------+---------------------------+----------------------------------+------+
| INST            | timestamp                 | ID                               | TT   |
|-----------------+---------------------------+----------------------------------+------|
| NSE_EQ:HDFCBANK | 2023-02-06 09:15:00+05:30 | 06352a0a994446f697b37f2773d82d13 | BUY  |
+-----------------+---------------------------+----------------------------------+------+
+----+---------------------------+------------------------+-------+
|    | TIMESTAMP                 | STATE                  | MSG   |
|----+---------------------------+------------------------+-------|
|  0 | 2023-02-06 09:15:00+05:30 | PUT ORDER REQ RECEIVED |       |
|  1 | 2023-02-06 09:15:00+05:30 | COMPLETE               |       |
+----+---------------------------+------------------------+-------+

+-----------------+---------------------------+----------------------------------+------+
| INST            | timestamp                 | ID                               | TT   |
|-----------------+---------------------------+----------------------------------+------|
| NSE_EQ:HDFCBANK | 2023-02-07 09:15:00+05:30 | ba8f87fb86b04696b144e37f79caabc3 | BUY  |
+-----------------+---------------------------+----------------------------------+------+
+----+---------------------------+------------------------+-------+
|    | TIMESTAMP                 | STATE                  | MSG   |
|----+---------------------------+------------------------+-------|
|  0 | 2023-02-07 09:15:00+05:30 | PUT ORDER REQ RECEIVED |       |
|  1 | 2023-02-07 09:15:00+05:30 | COMPLETE               |       |
+----+---------------------------+------------------------+-------+

+-----------------+---------------------------+----------------------------------+------+
| INST            | timestamp                 | ID                               | TT   |
|-----------------+---------------------------+----------------------------------+------|
| NSE_EQ:HDFCBANK | 2023-02-08 09:15:00+05:30 | 81096317032e47a588cd17e9c475a089 | BUY  |
+-----------------+---------------------------+----------------------------------+------+
+----+---------------------------+------------------------+-------+
|    | TIMESTAMP                 | STATE                  | MSG   |
|----+---------------------------+------------------------+-------|
|  0 | 2023-02-08 09:15:00+05:30 | PUT ORDER REQ RECEIVED |       |
|  1 | 2023-02-08 09:15:00+05:30 | COMPLETE               |       |
+----+---------------------------+------------------------+-------+

+-----------------+---------------------------+----------------------------------+------+
| INST            | timestamp                 | ID                               | TT   |
|-----------------+---------------------------+----------------------------------+------|
| NSE_EQ:HDFCBANK | 2023-02-09 09:15:00+05:30 | 60aefa1211bb44caae7c81d351ed0bfc | BUY  |
+-----------------+---------------------------+----------------------------------+------+
+----+---------------------------+------------------------+-------+
|    | TIMESTAMP                 | STATE                  | MSG   |
|----+---------------------------+------------------------+-------|
|  0 | 2023-02-09 09:15:00+05:30 | PUT ORDER REQ RECEIVED |       |
|  1 | 2023-02-09 09:15:00+05:30 | COMPLETE               |       |
+----+---------------------------+------------------------+-------+

+-----------------+---------------------------+----------------------------------+------+
| INST            | timestamp                 | ID                               | TT   |
|-----------------+---------------------------+----------------------------------+------|
| NSE_EQ:HDFCBANK | 2023-02-09 12:15:00+05:30 | ed55298845de410c9543b53dd060a601 | SELL |
+-----------------+---------------------------+----------------------------------+------+
+----+---------------------------+------------------------+-------+
|    | TIMESTAMP                 | STATE                  | MSG   |
|----+---------------------------+------------------------+-------|
|  0 | 2023-02-09 12:15:00+05:30 | PUT ORDER REQ RECEIVED |       |
|  1 | 2023-02-09 12:15:00+05:30 | VALIDATION PENDING     |       |
|  2 | 2023-02-09 12:15:00+05:30 | OPEN PENDING           |       |
|  3 | 2023-02-09 12:15:00+05:30 | OPEN                   |       |
|  4 | 2023-02-09 12:15:00+05:30 | COMPLETE               |       |
+----+---------------------------+------------------------+-------+

+-----------------+---------------------------+----------------------------------+------+
| INST            | timestamp                 | ID                               | TT   |
|-----------------+---------------------------+----------------------------------+------|
| NSE_EQ:HDFCBANK | 2023-02-09 14:15:00+05:30 | f72540e4972c450a81061ce12db3e280 | BUY  |
+-----------------+---------------------------+----------------------------------+------+
+----+---------------------------+------------------------+-------+
|    | TIMESTAMP                 | STATE                  | MSG   |
|----+---------------------------+------------------------+-------|
|  0 | 2023-02-09 14:15:00+05:30 | PUT ORDER REQ RECEIVED |       |
|  1 | 2023-02-09 14:15:00+05:30 | VALIDATION PENDING     |       |
|  2 | 2023-02-09 14:15:00+05:30 | OPEN PENDING           |       |
|  3 | 2023-02-09 14:15:00+05:30 | OPEN                   |       |
|  4 | 2023-02-09 14:15:00+05:30 | COMPLETE               |       |
+----+---------------------------+------------------------+-------+

+-----------------+---------------------------+----------------------------------+------+
| INST            | timestamp                 | ID                               | TT   |
|-----------------+---------------------------+----------------------------------+------|
| NSE_EQ:HDFCBANK | 2023-02-10 09:15:00+05:30 | 7e6c6b0960424826b5bfa7cf90ac26fb | BUY  |
+-----------------+---------------------------+----------------------------------+------+
+----+---------------------------+------------------------+-------+
|    | TIMESTAMP                 | STATE                  | MSG   |
|----+---------------------------+------------------------+-------|
|  0 | 2023-02-10 09:15:00+05:30 | PUT ORDER REQ RECEIVED |       |
|  1 | 2023-02-10 09:15:00+05:30 | COMPLETE               |       |
+----+---------------------------+------------------------+-------+

+-----------------+---------------------------+----------------------------------+------+
| INST            | timestamp                 | ID                               | TT   |
|-----------------+---------------------------+----------------------------------+------|
| NSE_EQ:HDFCBANK | 2023-02-13 09:15:00+05:30 | 232416bc675c43a1882646c7b2e7609a | BUY  |
+-----------------+---------------------------+----------------------------------+------+
+----+---------------------------+------------------------+-------+
|    | TIMESTAMP                 | STATE                  | MSG   |
|----+---------------------------+------------------------+-------|
|  0 | 2023-02-13 09:15:00+05:30 | PUT ORDER REQ RECEIVED |       |
|  1 | 2023-02-13 09:15:00+05:30 | COMPLETE               |       |
+----+---------------------------+------------------------+-------+

+-----------------+---------------------------+----------------------------------+------+
| INST            | timestamp                 | ID                               | TT   |
|-----------------+---------------------------+----------------------------------+------|
| NSE_EQ:HDFCBANK | 2023-02-14 09:15:00+05:30 | df6ece50bd2942ed9fcd672d2c73d11c | BUY  |
+-----------------+---------------------------+----------------------------------+------+
+----+---------------------------+------------------------+-------+
|    | TIMESTAMP                 | STATE                  | MSG   |
|----+---------------------------+------------------------+-------|
|  0 | 2023-02-14 09:15:00+05:30 | PUT ORDER REQ RECEIVED |       |
|  1 | 2023-02-14 09:15:00+05:30 | COMPLETE               |       |
+----+---------------------------+------------------------+-------+

+-----------------+---------------------------+----------------------------------+------+
| INST            | timestamp                 | ID                               | TT   |
|-----------------+---------------------------+----------------------------------+------|
| NSE_EQ:HDFCBANK | 2023-02-15 09:15:00+05:30 | 77dc6301ad9344c9aab92d85408568de | BUY  |
+-----------------+---------------------------+----------------------------------+------+
+----+---------------------------+------------------------+-------+
|    | TIMESTAMP                 | STATE                  | MSG   |
|----+---------------------------+------------------------+-------|
|  0 | 2023-02-15 09:15:00+05:30 | PUT ORDER REQ RECEIVED |       |
|  1 | 2023-02-15 09:15:00+05:30 | COMPLETE               |       |
+----+---------------------------+------------------------+-------+

+-----------------+---------------------------+----------------------------------+------+
| INST            | timestamp                 | ID                               | TT   |
|-----------------+---------------------------+----------------------------------+------|
| NSE_EQ:HDFCBANK | 2023-02-16 09:15:00+05:30 | 7c2bc85dfcb6466aafc577b6c6f65e7e | BUY  |
+-----------------+---------------------------+----------------------------------+------+
+----+---------------------------+------------------------+-------+
|    | TIMESTAMP                 | STATE                  | MSG   |
|----+---------------------------+------------------------+-------|
|  0 | 2023-02-16 09:15:00+05:30 | PUT ORDER REQ RECEIVED |       |
|  1 | 2023-02-16 09:15:00+05:30 | COMPLETE               |       |
+----+---------------------------+------------------------+-------+

+-----------------+---------------------------+----------------------------------+------+
| INST            | timestamp                 | ID                               | TT   |
|-----------------+---------------------------+----------------------------------+------|
| NSE_EQ:HDFCBANK | 2023-02-17 09:15:00+05:30 | e128433567454c8daccd3910b9f8b690 | BUY  |
+-----------------+---------------------------+----------------------------------+------+
+----+---------------------------+------------------------+-------+
|    | TIMESTAMP                 | STATE                  | MSG   |
|----+---------------------------+------------------------+-------|
|  0 | 2023-02-17 09:15:00+05:30 | PUT ORDER REQ RECEIVED |       |
|  1 | 2023-02-17 09:15:00+05:30 | COMPLETE               |       |
+----+---------------------------+------------------------+-------+

+-----------------+---------------------------+----------------------------------+------+
| INST            | timestamp                 | ID                               | TT   |
|-----------------+---------------------------+----------------------------------+------|
| NSE_EQ:HDFCBANK | 2023-02-17 10:15:00+05:30 | 442b0c43628e476387a20a96cfe8c3bb | SELL |
+-----------------+---------------------------+----------------------------------+------+
+----+---------------------------+------------------------+-------+
|    | TIMESTAMP                 | STATE                  | MSG   |
|----+---------------------------+------------------------+-------|
|  0 | 2023-02-17 10:15:00+05:30 | PUT ORDER REQ RECEIVED |       |
|  1 | 2023-02-17 10:15:00+05:30 | VALIDATION PENDING     |       |
|  2 | 2023-02-17 10:15:00+05:30 | OPEN PENDING           |       |
|  3 | 2023-02-17 10:15:00+05:30 | OPEN                   |       |
|  4 | 2023-02-17 10:15:00+05:30 | COMPLETE               |       |
+----+---------------------------+------------------------+-------+

+-----------------+---------------------------+----------------------------------+------+
| INST            | timestamp                 | ID                               | TT   |
|-----------------+---------------------------+----------------------------------+------|
| NSE_EQ:HDFCBANK | 2023-02-17 11:15:00+05:30 | 9d19112bce6243429cfc88d813b5b3d9 | BUY  |
+-----------------+---------------------------+----------------------------------+------+
+----+---------------------------+------------------------+-------+
|    | TIMESTAMP                 | STATE                  | MSG   |
|----+---------------------------+------------------------+-------|
|  0 | 2023-02-17 11:15:00+05:30 | PUT ORDER REQ RECEIVED |       |
|  1 | 2023-02-17 11:15:00+05:30 | VALIDATION PENDING     |       |
|  2 | 2023-02-17 11:15:00+05:30 | OPEN PENDING           |       |
|  3 | 2023-02-17 11:15:00+05:30 | OPEN                   |       |
|  4 | 2023-02-17 11:15:00+05:30 | COMPLETE               |       |
+----+---------------------------+------------------------+-------+

+-----------------+---------------------------+----------------------------------+------+
| INST            | timestamp                 | ID                               | TT   |
|-----------------+---------------------------+----------------------------------+------|
| NSE_EQ:HDFCBANK | 2023-02-17 13:15:00+05:30 | 5b692a197ea54f729b60c4b7761a25e6 | SELL |
+-----------------+---------------------------+----------------------------------+------+
+----+---------------------------+------------------------+-------+
|    | TIMESTAMP                 | STATE                  | MSG   |
|----+---------------------------+------------------------+-------|
|  0 | 2023-02-17 13:15:00+05:30 | PUT ORDER REQ RECEIVED |       |
|  1 | 2023-02-17 13:15:00+05:30 | VALIDATION PENDING     |       |
|  2 | 2023-02-17 13:15:00+05:30 | OPEN PENDING           |       |
|  3 | 2023-02-17 13:15:00+05:30 | OPEN                   |       |
|  4 | 2023-02-17 13:15:00+05:30 | COMPLETE               |       |
+----+---------------------------+------------------------+-------+

+-----------------+---------------------------+----------------------------------+------+
| INST            | timestamp                 | ID                               | TT   |
|-----------------+---------------------------+----------------------------------+------|
| NSE_EQ:HDFCBANK | 2023-02-21 10:15:00+05:30 | 5927bf53f08b4083b3ecdd0f4a9b09b0 | BUY  |
+-----------------+---------------------------+----------------------------------+------+
+----+---------------------------+------------------------+-------+
|    | TIMESTAMP                 | STATE                  | MSG   |
|----+---------------------------+------------------------+-------|
|  0 | 2023-02-21 10:15:00+05:30 | PUT ORDER REQ RECEIVED |       |
|  1 | 2023-02-21 10:15:00+05:30 | VALIDATION PENDING     |       |
|  2 | 2023-02-21 10:15:00+05:30 | OPEN PENDING           |       |
|  3 | 2023-02-21 10:15:00+05:30 | OPEN                   |       |
|  4 | 2023-02-21 10:15:00+05:30 | COMPLETE               |       |
+----+---------------------------+------------------------+-------+

+-----------------+---------------------------+----------------------------------+------+
| INST            | timestamp                 | ID                               | TT   |
|-----------------+---------------------------+----------------------------------+------|
| NSE_EQ:HDFCBANK | 2023-02-22 09:15:00+05:30 | 311ec65391d843a595b38ce7effb2fe0 | BUY  |
+-----------------+---------------------------+----------------------------------+------+
+----+---------------------------+------------------------+-------+
|    | TIMESTAMP                 | STATE                  | MSG   |
|----+---------------------------+------------------------+-------|
|  0 | 2023-02-22 09:15:00+05:30 | PUT ORDER REQ RECEIVED |       |
|  1 | 2023-02-22 09:15:00+05:30 | COMPLETE               |       |
+----+---------------------------+------------------------+-------+

+-----------------+---------------------------+----------------------------------+------+
| INST            | timestamp                 | ID                               | TT   |
|-----------------+---------------------------+----------------------------------+------|
| NSE_EQ:HDFCBANK | 2023-02-22 11:15:00+05:30 | bfa322c42e7042c1b1c6ae445c9a91b8 | SELL |
+-----------------+---------------------------+----------------------------------+------+
+----+---------------------------+------------------------+-------+
|    | TIMESTAMP                 | STATE                  | MSG   |
|----+---------------------------+------------------------+-------|
|  0 | 2023-02-22 11:15:00+05:30 | PUT ORDER REQ RECEIVED |       |
|  1 | 2023-02-22 11:15:00+05:30 | VALIDATION PENDING     |       |
|  2 | 2023-02-22 11:15:00+05:30 | OPEN PENDING           |       |
|  3 | 2023-02-22 11:15:00+05:30 | OPEN                   |       |
|  4 | 2023-02-22 11:15:00+05:30 | COMPLETE               |       |
+----+---------------------------+------------------------+-------+

+-----------------+---------------------------+----------------------------------+------+
| INST            | timestamp                 | ID                               | TT   |
|-----------------+---------------------------+----------------------------------+------|
| NSE_EQ:HDFCBANK | 2023-02-23 13:15:00+05:30 | 2c0cf7cf28724f49a42776d7064829da | BUY  |
+-----------------+---------------------------+----------------------------------+------+
+----+---------------------------+------------------------+-------+
|    | TIMESTAMP                 | STATE                  | MSG   |
|----+---------------------------+------------------------+-------|
|  0 | 2023-02-23 13:15:00+05:30 | PUT ORDER REQ RECEIVED |       |
|  1 | 2023-02-23 13:15:00+05:30 | VALIDATION PENDING     |       |
|  2 | 2023-02-23 13:15:00+05:30 | OPEN PENDING           |       |
|  3 | 2023-02-23 13:15:00+05:30 | OPEN                   |       |
|  4 | 2023-02-23 13:15:00+05:30 | COMPLETE               |       |
+----+---------------------------+------------------------+-------+

+-----------------+---------------------------+----------------------------------+------+
| INST            | timestamp                 | ID                               | TT   |
|-----------------+---------------------------+----------------------------------+------|
| NSE_EQ:HDFCBANK | 2023-02-24 09:15:00+05:30 | e0e246be4b0a491b9a356a82b7d91526 | BUY  |
+-----------------+---------------------------+----------------------------------+------+
+----+---------------------------+------------------------+-------+
|    | TIMESTAMP                 | STATE                  | MSG   |
|----+---------------------------+------------------------+-------|
|  0 | 2023-02-24 09:15:00+05:30 | PUT ORDER REQ RECEIVED |       |
|  1 | 2023-02-24 09:15:00+05:30 | COMPLETE               |       |
+----+---------------------------+------------------------+-------+

+-----------------+---------------------------+----------------------------------+------+
| INST            | timestamp                 | ID                               | TT   |
|-----------------+---------------------------+----------------------------------+------|
| NSE_EQ:HDFCBANK | 2023-02-24 10:15:00+05:30 | 641203b8846741309d7c1e5373280f00 | SELL |
+-----------------+---------------------------+----------------------------------+------+
+----+---------------------------+------------------------+-------+
|    | TIMESTAMP                 | STATE                  | MSG   |
|----+---------------------------+------------------------+-------|
|  0 | 2023-02-24 10:15:00+05:30 | PUT ORDER REQ RECEIVED |       |
|  1 | 2023-02-24 10:15:00+05:30 | VALIDATION PENDING     |       |
|  2 | 2023-02-24 10:15:00+05:30 | OPEN PENDING           |       |
|  3 | 2023-02-24 10:15:00+05:30 | OPEN                   |       |
|  4 | 2023-02-24 10:15:00+05:30 | COMPLETE               |       |
+----+---------------------------+------------------------+-------+

+-----------------+---------------------------+----------------------------------+------+
| INST            | timestamp                 | ID                               | TT   |
|-----------------+---------------------------+----------------------------------+------|
| NSE_EQ:HDFCBANK | 2023-02-27 11:15:00+05:30 | 9ded8be0f9674feab8ed173c4f83181f | BUY  |
+-----------------+---------------------------+----------------------------------+------+
+----+---------------------------+------------------------+-------+
|    | TIMESTAMP                 | STATE                  | MSG   |
|----+---------------------------+------------------------+-------|
|  0 | 2023-02-27 11:15:00+05:30 | PUT ORDER REQ RECEIVED |       |
|  1 | 2023-02-27 11:15:00+05:30 | VALIDATION PENDING     |       |
|  2 | 2023-02-27 11:15:00+05:30 | OPEN PENDING           |       |
|  3 | 2023-02-27 11:15:00+05:30 | OPEN                   |       |
|  4 | 2023-02-27 11:15:00+05:30 | COMPLETE               |       |
+----+---------------------------+------------------------+-------+

+-----------------+---------------------------+----------------------------------+------+
| INST            | timestamp                 | ID                               | TT   |
|-----------------+---------------------------+----------------------------------+------|
| NSE_EQ:HDFCBANK | 2023-02-28 09:15:00+05:30 | 79ddcad12f0847c4aca7c5ad242258b4 | BUY  |
+-----------------+---------------------------+----------------------------------+------+
+----+---------------------------+------------------------+-------+
|    | TIMESTAMP                 | STATE                  | MSG   |
|----+---------------------------+------------------------+-------|
|  0 | 2023-02-28 09:15:00+05:30 | PUT ORDER REQ RECEIVED |       |
|  1 | 2023-02-28 09:15:00+05:30 | COMPLETE               |       |
+----+---------------------------+------------------------+-------+