[2024-01-13 15:14:35] [DEBUG] [utils] Created symlink | src: logs/Aroon Crossover/2024-01-13/user.log | dest: /home/pratikurkude/projects/algobulls_strategies/pyalgostrategypool/pyalgostrategypool/aroon_crossover/user.log... | cwd: /home/pratikurkude/projects/algobulls_strategies/pyalgostrategypool/pyalgostrategypool/aroon_crossover
[2024-01-13 15:14:35] [DEBUG] [tls] Copying yaml files for debug...
[2024-01-13 15:14:35] [DEBUG] [tls] Hostname: ip-172-31-23-64
[2024-01-13 15:14:35] [INFO] [tls] Performing sanity checks on cfg strategy_parameters, setting up required data structures...
[2024-01-13 15:14:35] [DEBUG] [utils] Port split is ENABLED
[2024-01-13 15:14:35] [DEBUG] [utils] Setting up sockets for thread_id: 305794
[2024-01-13 15:14:35] [DEBUG] [utils] Connecting to socket tcp://localhost:7777 from MainThread...
[2024-01-13 15:14:35] [DEBUG] [utils] ... connected to socket!
[2024-01-13 15:14:35] [DEBUG] [utils] Connecting to socket tcp://localhost:7777 from MainThread...
[2024-01-13 15:14:35] [DEBUG] [utils] ... connected to socket!
[2024-01-13 15:14:35] [DEBUG] [utils] Connecting to socket tcp://localhost:7778 from MainThread...
[2024-01-13 15:14:35] [DEBUG] [utils] ... connected to socket!
[2024-01-13 15:14:35] [DEBUG] [utils] Connecting to socket tcp://localhost:7778 from MainThread...
[2024-01-13 15:14:35] [DEBUG] [utils] ... connected to socket!
[2024-01-13 15:14:35] [DEBUG] [utils] Connecting to socket tcp://localhost:7779 from MainThread...
[2024-01-13 15:14:35] [DEBUG] [utils] ... connected to socket!
[2024-01-13 15:14:35] [DEBUG] [utils] Connecting to socket tcp://localhost:7779 from MainThread...
[2024-01-13 15:14:35] [DEBUG] [utils] ... connected to socket!
[2024-01-13 15:14:35] [DEBUG] [utils] Connecting to socket tcp://localhost:7779 from MainThread...
[2024-01-13 15:14:35] [DEBUG] [utils] ... connected to socket!
[2024-01-13 15:14:35] [DEBUG] [utils] Connecting to socket tcp://localhost:7779 from MainThread...
[2024-01-13 15:14:35] [DEBUG] [utils] ... connected to socket!
[2024-01-13 15:14:35] [DEBUG] [utils] Connecting to socket tcp://localhost:7779 from MainThread...
[2024-01-13 15:14:35] [DEBUG] [utils] ... connected to socket!
[2024-01-13 15:14:35] [DEBUG] [tls] Adding instruments to instruments_bucket (if valid)...
[2024-01-13 15:14:35] [DEBUG] [utils] Sending command to AB Historical DB [cmd_code: HISTDB_CMD_CODE_FETCH_INSTRUMENT_BULK] [cmd_data size: 56] ...
[2024-01-13 15:14:35] [DEBUG] [utils] Received response | Size: 88 | TAT (sec.): 0.00 | C:6
[2024-01-13 15:14:35] [DEBUG] [utils] Instrument NSE_EQ:SBIN not present in instruments_bucket. Adding...
[2024-01-13 15:14:35] [INFO] [tls] Sanity checks on cfg successful.
[2024-01-13 15:14:35] [INFO] [tls] Currency set to "INR"
[2024-01-13 15:14:35] [DEBUG] [utils] New event created: END OF MARKET
[2024-01-13 15:14:35] [DEBUG] [utils] New event created: EMERGENCY
[2024-01-13 15:14:35] [DEBUG] [utils] New event created: EXCEPTION
[2024-01-13 15:14:35] [DEBUG] [utils] New event created: MANUAL STOP
[2024-01-13 15:14:35] [DEBUG] [utils] New event created: RISK APPETITE BREACHED
[2024-01-13 15:14:35] [DEBUG] [utils] New event created: TARGET ACHIEVED
[2024-01-13 15:14:35] [INFO] [tls] Setting up broker connection...
[2024-01-13 15:14:36] [DEBUG] [broker] Saving client credentials...
[2024-01-13 15:14:36] [DEBUG] [oms] Setting pnl reporting mode to COLLECTIVE
[2024-01-13 15:14:36] [INFO] [tls] Broker connection has been setup successfully.
[2024-01-13 15:14:36] [INFO] [broker] (NSE_EQ) Funds available in client's ABVIRTUALBROKER account is : INR '1000000000.00'
[2024-01-13 15:14:36] [DEBUG] [funds] Initializing FundManager...
[2024-01-13 15:14:36] [DEBUG] [funds] Adding funds: INR 1000000000.00. Current credit exposure: INR 1000000000.00
[2024-01-13 15:14:36] [INFO] [tls] 
########################################
 INITIALIZING ALGOBULLS CORE (v3.3.0)... 
########################################
[2024-01-13 15:14:36] [INFO] [tls] Welcome ALGOBULLS VIRTUAL USER!
[2024-01-13 15:14:36] [DEBUG] [tls] AlgoBulls Customer Details: None!
[2024-01-13 15:14:36] [INFO] [tls] Reading strategy...
[2024-01-13 15:14:36] [DEBUG] [tls] Strategy dir(s): ['/home/pratikurkude/projects/algobulls_strategies/pyalgostrategypool/pyalgostrategypool/aroon_crossover/']
[2024-01-13 15:14:36] [CRITICAL] [utils] Strategy not found: Aroon Crossover. Exiting...
[2024-01-13 15:14:36] [INFO] [oms] 

PENDING ORDERS:


COMPLETED ORDERS:


POSITIONS:


HOLDINGS:




[2024-01-13 15:14:36] [DEBUG] [oms] Generating Reports...
[2024-01-13 15:14:36] [DEBUG] [oms] Dumping PNL Table to 'logs/Aroon Crossover/2024-01-13/oms_pnl_table.csv'...
[2024-01-13 15:14:36] [DEBUG] [utils] Dumping Statistics to 'logs/Aroon Crossover/2024-01-13/oms_stats_table.csv'...
[2024-01-13 15:14:36] [DEBUG] [oms] Dumping Order History to 'oms_order_history.log'...
[2024-01-13 15:14:36] [DEBUG] [oms] Clearing orders...
[2024-01-13 15:14:36] [INFO] [tls] [User: ALGOBULLS VIRTUAL USER] Trading session completed
