

+-----------------+---------------------------+----------------------------------+------+
| INST            | timestamp                 | ID                               | TT   |
|-----------------+---------------------------+----------------------------------+------|
| NSE_EQ:HDFCBANK | 2023-01-04 13:15:00+05:30 | a747de914ee94daf95740d39060c54f7 | BUY  |
+-----------------+---------------------------+----------------------------------+------+
+----+---------------------------+------------------------+-------+
|    | TIMESTAMP                 | STATE                  | MSG   |
|----+---------------------------+------------------------+-------|
|  0 | 2023-01-04 13:15:00+05:30 | PUT ORDER REQ RECEIVED |       |
|  1 | 2023-01-04 13:15:00+05:30 | VALIDATION PENDING     |       |
|  2 | 2023-01-04 13:15:00+05:30 | OPEN PENDING           |       |
|  3 | 2023-01-04 13:15:00+05:30 | OPEN                   |       |
|  4 | 2023-01-04 13:15:00+05:30 | COMPLETE               |       |
+----+---------------------------+------------------------+-------+

+-----------------+---------------------------+----------------------------------+------+
| INST            | timestamp                 | ID                               | TT   |
|-----------------+---------------------------+----------------------------------+------|
| NSE_EQ:HDFCBANK | 2023-01-04 15:15:00+05:30 | 07399ec4c1954b218363f0a9263e97b2 | SELL |
+-----------------+---------------------------+----------------------------------+------+
+----+---------------------------+------------------------+-------+
|    | TIMESTAMP                 | STATE                  | MSG   |
|----+---------------------------+------------------------+-------|
|  0 | 2023-01-04 15:15:00+05:30 | PUT ORDER REQ RECEIVED |       |
|  1 | 2023-01-04 15:15:00+05:30 | VALIDATION PENDING     |       |
|  2 | 2023-01-04 15:15:00+05:30 | OPEN PENDING           |       |
|  3 | 2023-01-04 15:15:00+05:30 | OPEN                   |       |
|  4 | 2023-01-04 15:15:00+05:30 | COMPLETE               |       |
+----+---------------------------+------------------------+-------+

+-----------------+---------------------------+----------------------------------+------+
| INST            | timestamp                 | ID                               | TT   |
|-----------------+---------------------------+----------------------------------+------|
| NSE_EQ:HDFCBANK | 2023-01-05 09:15:00+05:30 | 7c15a470befc44558f6973df4fa99af0 | BUY  |
+-----------------+---------------------------+----------------------------------+------+
+----+---------------------------+------------------------+-------+
|    | TIMESTAMP                 | STATE                  | MSG   |
|----+---------------------------+------------------------+-------|
|  0 | 2023-01-05 09:15:00+05:30 | PUT ORDER REQ RECEIVED |       |
|  1 | 2023-01-05 09:15:00+05:30 | VALIDATION PENDING     |       |
|  2 | 2023-01-05 09:15:00+05:30 | OPEN PENDING           |       |
|  3 | 2023-01-05 09:15:00+05:30 | OPEN                   |       |
|  4 | 2023-01-05 09:15:00+05:30 | COMPLETE               |       |
+----+---------------------------+------------------------+-------+

+-----------------+---------------------------+----------------------------------+------+
| INST            | timestamp                 | ID                               | TT   |
|-----------------+---------------------------+----------------------------------+------|
| NSE_EQ:HDFCBANK | 2023-01-05 10:15:00+05:30 | 907346a32e2c4d609cb8f35081e7747e | SELL |
+-----------------+---------------------------+----------------------------------+------+
+----+---------------------------+------------------------+-------+
|    | TIMESTAMP                 | STATE                  | MSG   |
|----+---------------------------+------------------------+-------|
|  0 | 2023-01-05 10:15:00+05:30 | PUT ORDER REQ RECEIVED |       |
|  1 | 2023-01-05 10:15:00+05:30 | VALIDATION PENDING     |       |
|  2 | 2023-01-05 10:15:00+05:30 | OPEN PENDING           |       |
|  3 | 2023-01-05 10:15:00+05:30 | OPEN                   |       |
|  4 | 2023-01-05 10:15:00+05:30 | COMPLETE               |       |
+----+---------------------------+------------------------+-------+

+-----------------+---------------------------+----------------------------------+------+
| INST            | timestamp                 | ID                               | TT   |
|-----------------+---------------------------+----------------------------------+------|
| NSE_EQ:HDFCBANK | 2023-01-06 12:15:00+05:30 | 84e97c2dcccf4bc18bf3d2baea3e2063 | BUY  |
+-----------------+---------------------------+----------------------------------+------+
+----+---------------------------+------------------------+-------+
|    | TIMESTAMP                 | STATE                  | MSG   |
|----+---------------------------+------------------------+-------|
|  0 | 2023-01-06 12:15:00+05:30 | PUT ORDER REQ RECEIVED |       |
|  1 | 2023-01-06 12:15:00+05:30 | VALIDATION PENDING     |       |
|  2 | 2023-01-06 12:15:00+05:30 | OPEN PENDING           |       |
|  3 | 2023-01-06 12:15:00+05:30 | OPEN                   |       |
|  4 | 2023-01-06 12:15:00+05:30 | COMPLETE               |       |
+----+---------------------------+------------------------+-------+

+-----------------+---------------------------+----------------------------------+------+
| INST            | timestamp                 | ID                               | TT   |
|-----------------+---------------------------+----------------------------------+------|
| NSE_EQ:HDFCBANK | 2023-01-06 13:15:00+05:30 | 9daec40a7515463eb84d7f9822b1366a | SELL |
+-----------------+---------------------------+----------------------------------+------+
+----+---------------------------+------------------------+-------+
|    | TIMESTAMP                 | STATE                  | MSG   |
|----+---------------------------+------------------------+-------|
|  0 | 2023-01-06 13:15:00+05:30 | PUT ORDER REQ RECEIVED |       |
|  1 | 2023-01-06 13:15:00+05:30 | VALIDATION PENDING     |       |
|  2 | 2023-01-06 13:15:00+05:30 | OPEN PENDING           |       |
|  3 | 2023-01-06 13:15:00+05:30 | OPEN                   |       |
|  4 | 2023-01-06 13:15:00+05:30 | COMPLETE               |       |
+----+---------------------------+------------------------+-------+

+-----------------+---------------------------+----------------------------------+------+
| INST            | timestamp                 | ID                               | TT   |
|-----------------+---------------------------+----------------------------------+------|
| NSE_EQ:HDFCBANK | 2023-01-10 14:15:00+05:30 | 00a479d6cac94604a6d7c3fee6a74e77 | BUY  |
+-----------------+---------------------------+----------------------------------+------+
+----+---------------------------+------------------------+-------+
|    | TIMESTAMP                 | STATE                  | MSG   |
|----+---------------------------+------------------------+-------|
|  0 | 2023-01-10 14:15:00+05:30 | PUT ORDER REQ RECEIVED |       |
|  1 | 2023-01-10 14:15:00+05:30 | VALIDATION PENDING     |       |
|  2 | 2023-01-10 14:15:00+05:30 | OPEN PENDING           |       |
|  3 | 2023-01-10 14:15:00+05:30 | OPEN                   |       |
|  4 | 2023-01-10 14:15:00+05:30 | COMPLETE               |       |
+----+---------------------------+------------------------+-------+

+-----------------+---------------------------+----------------------------------+------+
| INST            | timestamp                 | ID                               | TT   |
|-----------------+---------------------------+----------------------------------+------|
| NSE_EQ:HDFCBANK | 2023-01-10 15:15:00+05:30 | 397dd67f16204c83926ce71d18c5e7ce | SELL |
+-----------------+---------------------------+----------------------------------+------+
+----+---------------------------+------------------------+-------+
|    | TIMESTAMP                 | STATE                  | MSG   |
|----+---------------------------+------------------------+-------|
|  0 | 2023-01-10 15:15:00+05:30 | PUT ORDER REQ RECEIVED |       |
|  1 | 2023-01-10 15:15:00+05:30 | VALIDATION PENDING     |       |
|  2 | 2023-01-10 15:15:00+05:30 | OPEN PENDING           |       |
|  3 | 2023-01-10 15:15:00+05:30 | OPEN                   |       |
|  4 | 2023-01-10 15:15:00+05:30 | COMPLETE               |       |
+----+---------------------------+------------------------+-------+

+-----------------+---------------------------+----------------------------------+------+
| INST            | timestamp                 | ID                               | TT   |
|-----------------+---------------------------+----------------------------------+------|
| NSE_EQ:HDFCBANK | 2023-01-17 09:15:00+05:30 | cdf5628cef0a4e7c9969ad448333be73 | BUY  |
+-----------------+---------------------------+----------------------------------+------+
+----+---------------------------+------------------------+-------+
|    | TIMESTAMP                 | STATE                  | MSG   |
|----+---------------------------+------------------------+-------|
|  0 | 2023-01-17 09:15:00+05:30 | PUT ORDER REQ RECEIVED |       |
|  1 | 2023-01-17 09:15:00+05:30 | VALIDATION PENDING     |       |
|  2 | 2023-01-17 09:15:00+05:30 | OPEN PENDING           |       |
|  3 | 2023-01-17 09:15:00+05:30 | OPEN                   |       |
|  4 | 2023-01-17 09:15:00+05:30 | COMPLETE               |       |
+----+---------------------------+------------------------+-------+

+-----------------+---------------------------+----------------------------------+------+
| INST            | timestamp                 | ID                               | TT   |
|-----------------+---------------------------+----------------------------------+------|
| NSE_EQ:HDFCBANK | 2023-01-17 15:15:00+05:30 | b9b672ad6d044f82a8b3700c549a2c16 | SELL |
+-----------------+---------------------------+----------------------------------+------+
+----+---------------------------+------------------------+-------+
|    | TIMESTAMP                 | STATE                  | MSG   |
|----+---------------------------+------------------------+-------|
|  0 | 2023-01-17 15:15:00+05:30 | PUT ORDER REQ RECEIVED |       |
|  1 | 2023-01-17 15:15:00+05:30 | VALIDATION PENDING     |       |
|  2 | 2023-01-17 15:15:00+05:30 | OPEN PENDING           |       |
|  3 | 2023-01-17 15:15:00+05:30 | OPEN                   |       |
|  4 | 2023-01-17 15:15:00+05:30 | COMPLETE               |       |
+----+---------------------------+------------------------+-------+

+-----------------+---------------------------+----------------------------------+------+
| INST            | timestamp                 | ID                               | TT   |
|-----------------+---------------------------+----------------------------------+------|
| NSE_EQ:HDFCBANK | 2023-01-23 13:15:00+05:30 | f1e5d9a590ac492cb2a1297c34e94bbd | SELL |
+-----------------+---------------------------+----------------------------------+------+
+----+---------------------------+------------------------+-------+
|    | TIMESTAMP                 | STATE                  | MSG   |
|----+---------------------------+------------------------+-------|
|  0 | 2023-01-23 13:15:00+05:30 | PUT ORDER REQ RECEIVED |       |
|  1 | 2023-01-23 13:15:00+05:30 | VALIDATION PENDING     |       |
|  2 | 2023-01-23 13:15:00+05:30 | OPEN PENDING           |       |
|  3 | 2023-01-23 13:15:00+05:30 | OPEN                   |       |
|  4 | 2023-01-23 13:15:00+05:30 | COMPLETE               |       |
+----+---------------------------+------------------------+-------+

+-----------------+---------------------------+----------------------------------+------+
| INST            | timestamp                 | ID                               | TT   |
|-----------------+---------------------------+----------------------------------+------|
| NSE_EQ:HDFCBANK | 2023-01-23 15:15:00+05:30 | 5be24e3c4e71468db7501dbb3de37d77 | BUY  |
+-----------------+---------------------------+----------------------------------+------+
+----+---------------------------+------------------------+-------+
|    | TIMESTAMP                 | STATE                  | MSG   |
|----+---------------------------+------------------------+-------|
|  0 | 2023-01-23 15:15:00+05:30 | PUT ORDER REQ RECEIVED |       |
|  1 | 2023-01-23 15:15:00+05:30 | VALIDATION PENDING     |       |
|  2 | 2023-01-23 15:15:00+05:30 | OPEN PENDING           |       |
|  3 | 2023-01-23 15:15:00+05:30 | OPEN                   |       |
|  4 | 2023-01-23 15:15:00+05:30 | COMPLETE               |       |
+----+---------------------------+------------------------+-------+

+-----------------+---------------------------+----------------------------------+------+
| INST            | timestamp                 | ID                               | TT   |
|-----------------+---------------------------+----------------------------------+------|
| NSE_EQ:HDFCBANK | 2023-01-25 09:15:00+05:30 | b0dffb1cae6e40e28d9c913f3f7466a1 | SELL |
+-----------------+---------------------------+----------------------------------+------+
+----+---------------------------+------------------------+-------+
|    | TIMESTAMP                 | STATE                  | MSG   |
|----+---------------------------+------------------------+-------|
|  0 | 2023-01-25 09:15:00+05:30 | PUT ORDER REQ RECEIVED |       |
|  1 | 2023-01-25 09:15:00+05:30 | VALIDATION PENDING     |       |
|  2 | 2023-01-25 09:15:00+05:30 | OPEN PENDING           |       |
|  3 | 2023-01-25 09:15:00+05:30 | OPEN                   |       |
|  4 | 2023-01-25 09:15:00+05:30 | COMPLETE               |       |
+----+---------------------------+------------------------+-------+

+-----------------+---------------------------+----------------------------------+------+
| INST            | timestamp                 | ID                               | TT   |
|-----------------+---------------------------+----------------------------------+------|
| NSE_EQ:HDFCBANK | 2023-01-25 15:15:00+05:30 | e212c83131fa4bbf93ab60938d82a83d | BUY  |
+-----------------+---------------------------+----------------------------------+------+
+----+---------------------------+------------------------+-------+
|    | TIMESTAMP                 | STATE                  | MSG   |
|----+---------------------------+------------------------+-------|
|  0 | 2023-01-25 15:15:00+05:30 | PUT ORDER REQ RECEIVED |       |
|  1 | 2023-01-25 15:15:00+05:30 | VALIDATION PENDING     |       |
|  2 | 2023-01-25 15:15:00+05:30 | OPEN PENDING           |       |
|  3 | 2023-01-25 15:15:00+05:30 | OPEN                   |       |
|  4 | 2023-01-25 15:15:00+05:30 | COMPLETE               |       |
+----+---------------------------+------------------------+-------+

+-----------------+---------------------------+----------------------------------+------+
| INST            | timestamp                 | ID                               | TT   |
|-----------------+---------------------------+----------------------------------+------|
| NSE_EQ:HDFCBANK | 2023-01-27 12:15:00+05:30 | 1af39b59a27747c8baf9e35f88185f13 | BUY  |
+-----------------+---------------------------+----------------------------------+------+
+----+---------------------------+------------------------+-------+
|    | TIMESTAMP                 | STATE                  | MSG   |
|----+---------------------------+------------------------+-------|
|  0 | 2023-01-27 12:15:00+05:30 | PUT ORDER REQ RECEIVED |       |
|  1 | 2023-01-27 12:15:00+05:30 | VALIDATION PENDING     |       |
|  2 | 2023-01-27 12:15:00+05:30 | OPEN PENDING           |       |
|  3 | 2023-01-27 12:15:00+05:30 | OPEN                   |       |
|  4 | 2023-01-27 12:15:00+05:30 | COMPLETE               |       |
+----+---------------------------+------------------------+-------+

+-----------------+---------------------------+----------------------------------+------+
| INST            | timestamp                 | ID                               | TT   |
|-----------------+---------------------------+----------------------------------+------|
| NSE_EQ:HDFCBANK | 2023-01-27 13:15:00+05:30 | 24ed45a5097b45838f82825b12d9714f | SELL |
+-----------------+---------------------------+----------------------------------+------+
+----+---------------------------+------------------------+-------+
|    | TIMESTAMP                 | STATE                  | MSG   |
|----+---------------------------+------------------------+-------|
|  0 | 2023-01-27 13:15:00+05:30 | PUT ORDER REQ RECEIVED |       |
|  1 | 2023-01-27 13:15:00+05:30 | VALIDATION PENDING     |       |
|  2 | 2023-01-27 13:15:00+05:30 | OPEN PENDING           |       |
|  3 | 2023-01-27 13:15:00+05:30 | OPEN                   |       |
|  4 | 2023-01-27 13:15:00+05:30 | COMPLETE               |       |
+----+---------------------------+------------------------+-------+

+-----------------+---------------------------+----------------------------------+------+
| INST            | timestamp                 | ID                               | TT   |
|-----------------+---------------------------+----------------------------------+------|
| NSE_EQ:HDFCBANK | 2023-01-30 14:15:00+05:30 | f047d8fbe7614baaab8847d53e8b568f | BUY  |
+-----------------+---------------------------+----------------------------------+------+
+----+---------------------------+------------------------+-------+
|    | TIMESTAMP                 | STATE                  | MSG   |
|----+---------------------------+------------------------+-------|
|  0 | 2023-01-30 14:15:00+05:30 | PUT ORDER REQ RECEIVED |       |
|  1 | 2023-01-30 14:15:00+05:30 | VALIDATION PENDING     |       |
|  2 | 2023-01-30 14:15:00+05:30 | OPEN PENDING           |       |
|  3 | 2023-01-30 14:15:00+05:30 | OPEN                   |       |
|  4 | 2023-01-30 14:15:00+05:30 | COMPLETE               |       |
+----+---------------------------+------------------------+-------+

+-----------------+---------------------------+----------------------------------+------+
| INST            | timestamp                 | ID                               | TT   |
|-----------------+---------------------------+----------------------------------+------|
| NSE_EQ:HDFCBANK | 2023-01-30 15:15:00+05:30 | 7ec851f274d24a3c96d53acb9179f397 | SELL |
+-----------------+---------------------------+----------------------------------+------+
+----+---------------------------+------------------------+-------+
|    | TIMESTAMP                 | STATE                  | MSG   |
|----+---------------------------+------------------------+-------|
|  0 | 2023-01-30 15:15:00+05:30 | PUT ORDER REQ RECEIVED |       |
|  1 | 2023-01-30 15:15:00+05:30 | VALIDATION PENDING     |       |
|  2 | 2023-01-30 15:15:00+05:30 | OPEN PENDING           |       |
|  3 | 2023-01-30 15:15:00+05:30 | OPEN                   |       |
|  4 | 2023-01-30 15:15:00+05:30 | COMPLETE               |       |
+----+---------------------------+------------------------+-------+

+-----------------+---------------------------+----------------------------------+------+
| INST            | timestamp                 | ID                               | TT   |
|-----------------+---------------------------+----------------------------------+------|
| NSE_EQ:HDFCBANK | 2023-02-01 14:15:00+05:30 | a8d542cfbf9d40959305619fe9dc74ad | SELL |
+-----------------+---------------------------+----------------------------------+------+
+----+---------------------------+------------------------+-------+
|    | TIMESTAMP                 | STATE                  | MSG   |
|----+---------------------------+------------------------+-------|
|  0 | 2023-02-01 14:15:00+05:30 | PUT ORDER REQ RECEIVED |       |
|  1 | 2023-02-01 14:15:00+05:30 | VALIDATION PENDING     |       |
|  2 | 2023-02-01 14:15:00+05:30 | OPEN PENDING           |       |
|  3 | 2023-02-01 14:15:00+05:30 | OPEN                   |       |
|  4 | 2023-02-01 14:15:00+05:30 | COMPLETE               |       |
+----+---------------------------+------------------------+-------+

+-----------------+---------------------------+----------------------------------+------+
| INST            | timestamp                 | ID                               | TT   |
|-----------------+---------------------------+----------------------------------+------|
| NSE_EQ:HDFCBANK | 2023-02-01 15:15:00+05:30 | bb3a4448d9574fca887665b199762ca4 | BUY  |
+-----------------+---------------------------+----------------------------------+------+
+----+---------------------------+------------------------+-------+
|    | TIMESTAMP                 | STATE                  | MSG   |
|----+---------------------------+------------------------+-------|
|  0 | 2023-02-01 15:15:00+05:30 | PUT ORDER REQ RECEIVED |       |
|  1 | 2023-02-01 15:15:00+05:30 | VALIDATION PENDING     |       |
|  2 | 2023-02-01 15:15:00+05:30 | OPEN PENDING           |       |
|  3 | 2023-02-01 15:15:00+05:30 | OPEN                   |       |
|  4 | 2023-02-01 15:15:00+05:30 | COMPLETE               |       |
+----+---------------------------+------------------------+-------+

+-----------------+---------------------------+----------------------------------+------+
| INST            | timestamp                 | ID                               | TT   |
|-----------------+---------------------------+----------------------------------+------|
| NSE_EQ:HDFCBANK | 2023-02-02 14:15:00+05:30 | c27b512b46304c6e941790dd4a1583f6 | BUY  |
+-----------------+---------------------------+----------------------------------+------+
+----+---------------------------+------------------------+-------+
|    | TIMESTAMP                 | STATE                  | MSG   |
|----+---------------------------+------------------------+-------|
|  0 | 2023-02-02 14:15:00+05:30 | PUT ORDER REQ RECEIVED |       |
|  1 | 2023-02-02 14:15:00+05:30 | VALIDATION PENDING     |       |
|  2 | 2023-02-02 14:15:00+05:30 | OPEN PENDING           |       |
|  3 | 2023-02-02 14:15:00+05:30 | OPEN                   |       |
|  4 | 2023-02-02 14:15:00+05:30 | COMPLETE               |       |
+----+---------------------------+------------------------+-------+

+-----------------+---------------------------+----------------------------------+------+
| INST            | timestamp                 | ID                               | TT   |
|-----------------+---------------------------+----------------------------------+------|
| NSE_EQ:HDFCBANK | 2023-02-02 15:15:00+05:30 | 39cb4a7a6c1d45309994c36cd03ff87c | SELL |
+-----------------+---------------------------+----------------------------------+------+
+----+---------------------------+------------------------+-------+
|    | TIMESTAMP                 | STATE                  | MSG   |
|----+---------------------------+------------------------+-------|
|  0 | 2023-02-02 15:15:00+05:30 | PUT ORDER REQ RECEIVED |       |
|  1 | 2023-02-02 15:15:00+05:30 | VALIDATION PENDING     |       |
|  2 | 2023-02-02 15:15:00+05:30 | OPEN PENDING           |       |
|  3 | 2023-02-02 15:15:00+05:30 | OPEN                   |       |
|  4 | 2023-02-02 15:15:00+05:30 | COMPLETE               |       |
+----+---------------------------+------------------------+-------+

+-----------------+---------------------------+----------------------------------+------+
| INST            | timestamp                 | ID                               | TT   |
|-----------------+---------------------------+----------------------------------+------|
| NSE_EQ:HDFCBANK | 2023-02-03 12:15:00+05:30 | 5ea936a7ee2049b08463c67539a4c0c7 | SELL |
+-----------------+---------------------------+----------------------------------+------+
+----+---------------------------+------------------------+-------+
|    | TIMESTAMP                 | STATE                  | MSG   |
|----+---------------------------+------------------------+-------|
|  0 | 2023-02-03 12:15:00+05:30 | PUT ORDER REQ RECEIVED |       |
|  1 | 2023-02-03 12:15:00+05:30 | VALIDATION PENDING     |       |
|  2 | 2023-02-03 12:15:00+05:30 | OPEN PENDING           |       |
|  3 | 2023-02-03 12:15:00+05:30 | OPEN                   |       |
|  4 | 2023-02-03 12:15:00+05:30 | COMPLETE               |       |
+----+---------------------------+------------------------+-------+

+-----------------+---------------------------+----------------------------------+------+
| INST            | timestamp                 | ID                               | TT   |
|-----------------+---------------------------+----------------------------------+------|
| NSE_EQ:HDFCBANK | 2023-02-03 13:15:00+05:30 | 049823eb1a63462d8f39c21298eabaf9 | BUY  |
+-----------------+---------------------------+----------------------------------+------+
+----+---------------------------+------------------------+-------+
|    | TIMESTAMP                 | STATE                  | MSG   |
|----+---------------------------+------------------------+-------|
|  0 | 2023-02-03 13:15:00+05:30 | PUT ORDER REQ RECEIVED |       |
|  1 | 2023-02-03 13:15:00+05:30 | VALIDATION PENDING     |       |
|  2 | 2023-02-03 13:15:00+05:30 | OPEN PENDING           |       |
|  3 | 2023-02-03 13:15:00+05:30 | OPEN                   |       |
|  4 | 2023-02-03 13:15:00+05:30 | COMPLETE               |       |
+----+---------------------------+------------------------+-------+

+-----------------+---------------------------+----------------------------------+------+
| INST            | timestamp                 | ID                               | TT   |
|-----------------+---------------------------+----------------------------------+------|
| NSE_EQ:HDFCBANK | 2023-02-06 11:15:00+05:30 | 25d718156f7f45bfaf3189c89b9db5bd | SELL |
+-----------------+---------------------------+----------------------------------+------+
+----+---------------------------+------------------------+-------+
|    | TIMESTAMP                 | STATE                  | MSG   |
|----+---------------------------+------------------------+-------|
|  0 | 2023-02-06 11:15:00+05:30 | PUT ORDER REQ RECEIVED |       |
|  1 | 2023-02-06 11:15:00+05:30 | VALIDATION PENDING     |       |
|  2 | 2023-02-06 11:15:00+05:30 | OPEN PENDING           |       |
|  3 | 2023-02-06 11:15:00+05:30 | OPEN                   |       |
|  4 | 2023-02-06 11:15:00+05:30 | COMPLETE               |       |
+----+---------------------------+------------------------+-------+

+-----------------+---------------------------+----------------------------------+------+
| INST            | timestamp                 | ID                               | TT   |
|-----------------+---------------------------+----------------------------------+------|
| NSE_EQ:HDFCBANK | 2023-02-06 15:15:00+05:30 | 14de9be390f94f72a3bacfa4edfff35d | BUY  |
+-----------------+---------------------------+----------------------------------+------+
+----+---------------------------+------------------------+-------+
|    | TIMESTAMP                 | STATE                  | MSG   |
|----+---------------------------+------------------------+-------|
|  0 | 2023-02-06 15:15:00+05:30 | PUT ORDER REQ RECEIVED |       |
|  1 | 2023-02-06 15:15:00+05:30 | VALIDATION PENDING     |       |
|  2 | 2023-02-06 15:15:00+05:30 | OPEN PENDING           |       |
|  3 | 2023-02-06 15:15:00+05:30 | OPEN                   |       |
|  4 | 2023-02-06 15:15:00+05:30 | COMPLETE               |       |
+----+---------------------------+------------------------+-------+

+-----------------+---------------------------+----------------------------------+------+
| INST            | timestamp                 | ID                               | TT   |
|-----------------+---------------------------+----------------------------------+------|
| NSE_EQ:HDFCBANK | 2023-02-09 14:15:00+05:30 | c37df610e3514fc0ada0712ab3dc412c | BUY  |
+-----------------+---------------------------+----------------------------------+------+
+----+---------------------------+------------------------+-------+
|    | TIMESTAMP                 | STATE                  | MSG   |
|----+---------------------------+------------------------+-------|
|  0 | 2023-02-09 14:15:00+05:30 | PUT ORDER REQ RECEIVED |       |
|  1 | 2023-02-09 14:15:00+05:30 | VALIDATION PENDING     |       |
|  2 | 2023-02-09 14:15:00+05:30 | OPEN PENDING           |       |
|  3 | 2023-02-09 14:15:00+05:30 | OPEN                   |       |
|  4 | 2023-02-09 14:15:00+05:30 | COMPLETE               |       |
+----+---------------------------+------------------------+-------+

+-----------------+---------------------------+----------------------------------+------+
| INST            | timestamp                 | ID                               | TT   |
|-----------------+---------------------------+----------------------------------+------|
| NSE_EQ:HDFCBANK | 2023-02-09 15:15:00+05:30 | 0be788b01bc84e87b95b723cac24bd61 | SELL |
+-----------------+---------------------------+----------------------------------+------+
+----+---------------------------+------------------------+-------+
|    | TIMESTAMP                 | STATE                  | MSG   |
|----+---------------------------+------------------------+-------|
|  0 | 2023-02-09 15:15:00+05:30 | PUT ORDER REQ RECEIVED |       |
|  1 | 2023-02-09 15:15:00+05:30 | VALIDATION PENDING     |       |
|  2 | 2023-02-09 15:15:00+05:30 | OPEN PENDING           |       |
|  3 | 2023-02-09 15:15:00+05:30 | OPEN                   |       |
|  4 | 2023-02-09 15:15:00+05:30 | COMPLETE               |       |
+----+---------------------------+------------------------+-------+

+-----------------+---------------------------+----------------------------------+------+
| INST            | timestamp                 | ID                               | TT   |
|-----------------+---------------------------+----------------------------------+------|
| NSE_EQ:HDFCBANK | 2023-02-14 11:15:00+05:30 | 9259d975538c4c9f887b86e0ce7e8e64 | SELL |
+-----------------+---------------------------+----------------------------------+------+
+----+---------------------------+------------------------+-------+
|    | TIMESTAMP                 | STATE                  | MSG   |
|----+---------------------------+------------------------+-------|
|  0 | 2023-02-14 11:15:00+05:30 | PUT ORDER REQ RECEIVED |       |
|  1 | 2023-02-14 11:15:00+05:30 | VALIDATION PENDING     |       |
|  2 | 2023-02-14 11:15:00+05:30 | OPEN PENDING           |       |
|  3 | 2023-02-14 11:15:00+05:30 | OPEN                   |       |
|  4 | 2023-02-14 11:15:00+05:30 | COMPLETE               |       |
+----+---------------------------+------------------------+-------+

+-----------------+---------------------------+----------------------------------+------+
| INST            | timestamp                 | ID                               | TT   |
|-----------------+---------------------------+----------------------------------+------|
| NSE_EQ:HDFCBANK | 2023-02-14 13:15:00+05:30 | 49662f050ae449fbbb37d2ce7a6668d8 | BUY  |
+-----------------+---------------------------+----------------------------------+------+
+----+---------------------------+------------------------+-------+
|    | TIMESTAMP                 | STATE                  | MSG   |
|----+---------------------------+------------------------+-------|
|  0 | 2023-02-14 13:15:00+05:30 | PUT ORDER REQ RECEIVED |       |
|  1 | 2023-02-14 13:15:00+05:30 | VALIDATION PENDING     |       |
|  2 | 2023-02-14 13:15:00+05:30 | OPEN PENDING           |       |
|  3 | 2023-02-14 13:15:00+05:30 | OPEN                   |       |
|  4 | 2023-02-14 13:15:00+05:30 | COMPLETE               |       |
+----+---------------------------+------------------------+-------+

+-----------------+---------------------------+----------------------------------+------+
| INST            | timestamp                 | ID                               | TT   |
|-----------------+---------------------------+----------------------------------+------|
| NSE_EQ:HDFCBANK | 2023-02-15 10:15:00+05:30 | 2424e438ed05413cbdb209ed97804356 | SELL |
+-----------------+---------------------------+----------------------------------+------+
+----+---------------------------+------------------------+-------+
|    | TIMESTAMP                 | STATE                  | MSG   |
|----+---------------------------+------------------------+-------|
|  0 | 2023-02-15 10:15:00+05:30 | PUT ORDER REQ RECEIVED |       |
|  1 | 2023-02-15 10:15:00+05:30 | VALIDATION PENDING     |       |
|  2 | 2023-02-15 10:15:00+05:30 | OPEN PENDING           |       |
|  3 | 2023-02-15 10:15:00+05:30 | OPEN                   |       |
|  4 | 2023-02-15 10:15:00+05:30 | COMPLETE               |       |
+----+---------------------------+------------------------+-------+

+-----------------+---------------------------+----------------------------------+------+
| INST            | timestamp                 | ID                               | TT   |
|-----------------+---------------------------+----------------------------------+------|
| NSE_EQ:HDFCBANK | 2023-02-15 15:15:00+05:30 | dd3d1fb6808c4e82943780fe1bf6fa14 | BUY  |
+-----------------+---------------------------+----------------------------------+------+
+----+---------------------------+------------------------+-------+
|    | TIMESTAMP                 | STATE                  | MSG   |
|----+---------------------------+------------------------+-------|
|  0 | 2023-02-15 15:15:00+05:30 | PUT ORDER REQ RECEIVED |       |
|  1 | 2023-02-15 15:15:00+05:30 | VALIDATION PENDING     |       |
|  2 | 2023-02-15 15:15:00+05:30 | OPEN PENDING           |       |
|  3 | 2023-02-15 15:15:00+05:30 | OPEN                   |       |
|  4 | 2023-02-15 15:15:00+05:30 | COMPLETE               |       |
+----+---------------------------+------------------------+-------+

+-----------------+---------------------------+----------------------------------+------+
| INST            | timestamp                 | ID                               | TT   |
|-----------------+---------------------------+----------------------------------+------|
| NSE_EQ:HDFCBANK | 2023-02-16 12:15:00+05:30 | 3a07e976f6294667aeafffe12ee25046 | SELL |
+-----------------+---------------------------+----------------------------------+------+
+----+---------------------------+------------------------+-------+
|    | TIMESTAMP                 | STATE                  | MSG   |
|----+---------------------------+------------------------+-------|
|  0 | 2023-02-16 12:15:00+05:30 | PUT ORDER REQ RECEIVED |       |
|  1 | 2023-02-16 12:15:00+05:30 | VALIDATION PENDING     |       |
|  2 | 2023-02-16 12:15:00+05:30 | OPEN PENDING           |       |
|  3 | 2023-02-16 12:15:00+05:30 | OPEN                   |       |
|  4 | 2023-02-16 12:15:00+05:30 | COMPLETE               |       |
+----+---------------------------+------------------------+-------+

+-----------------+---------------------------+----------------------------------+------+
| INST            | timestamp                 | ID                               | TT   |
|-----------------+---------------------------+----------------------------------+------|
| NSE_EQ:HDFCBANK | 2023-02-16 15:15:00+05:30 | 1f4b0a9635ff4050831a5be896200bad | BUY  |
+-----------------+---------------------------+----------------------------------+------+
+----+---------------------------+------------------------+-------+
|    | TIMESTAMP                 | STATE                  | MSG   |
|----+---------------------------+------------------------+-------|
|  0 | 2023-02-16 15:15:00+05:30 | PUT ORDER REQ RECEIVED |       |
|  1 | 2023-02-16 15:15:00+05:30 | VALIDATION PENDING     |       |
|  2 | 2023-02-16 15:15:00+05:30 | OPEN PENDING           |       |
|  3 | 2023-02-16 15:15:00+05:30 | OPEN                   |       |
|  4 | 2023-02-16 15:15:00+05:30 | COMPLETE               |       |
+----+---------------------------+------------------------+-------+

+-----------------+---------------------------+----------------------------------+------+
| INST            | timestamp                 | ID                               | TT   |
|-----------------+---------------------------+----------------------------------+------|
| NSE_EQ:HDFCBANK | 2023-02-17 11:15:00+05:30 | c9f46424b3194667a383951eaa87840e | BUY  |
+-----------------+---------------------------+----------------------------------+------+
+----+---------------------------+------------------------+-------+
|    | TIMESTAMP                 | STATE                  | MSG   |
|----+---------------------------+------------------------+-------|
|  0 | 2023-02-17 11:15:00+05:30 | PUT ORDER REQ RECEIVED |       |
|  1 | 2023-02-17 11:15:00+05:30 | VALIDATION PENDING     |       |
|  2 | 2023-02-17 11:15:00+05:30 | OPEN PENDING           |       |
|  3 | 2023-02-17 11:15:00+05:30 | OPEN                   |       |
|  4 | 2023-02-17 11:15:00+05:30 | COMPLETE               |       |
+----+---------------------------+------------------------+-------+

+-----------------+---------------------------+----------------------------------+------+
| INST            | timestamp                 | ID                               | TT   |
|-----------------+---------------------------+----------------------------------+------|
| NSE_EQ:HDFCBANK | 2023-02-17 13:15:00+05:30 | 9cfdc0135aa647208331882745db6673 | SELL |
+-----------------+---------------------------+----------------------------------+------+
+----+---------------------------+------------------------+-------+
|    | TIMESTAMP                 | STATE                  | MSG   |
|----+---------------------------+------------------------+-------|
|  0 | 2023-02-17 13:15:00+05:30 | PUT ORDER REQ RECEIVED |       |
|  1 | 2023-02-17 13:15:00+05:30 | VALIDATION PENDING     |       |
|  2 | 2023-02-17 13:15:00+05:30 | OPEN PENDING           |       |
|  3 | 2023-02-17 13:15:00+05:30 | OPEN                   |       |
|  4 | 2023-02-17 13:15:00+05:30 | COMPLETE               |       |
+----+---------------------------+------------------------+-------+

+-----------------+---------------------------+----------------------------------+------+
| INST            | timestamp                 | ID                               | TT   |
|-----------------+---------------------------+----------------------------------+------|
| NSE_EQ:HDFCBANK | 2023-02-21 10:15:00+05:30 | 0f54b3074c914538a0fe39036dd0d1e1 | BUY  |
+-----------------+---------------------------+----------------------------------+------+
+----+---------------------------+------------------------+-------+
|    | TIMESTAMP                 | STATE                  | MSG   |
|----+---------------------------+------------------------+-------|
|  0 | 2023-02-21 10:15:00+05:30 | PUT ORDER REQ RECEIVED |       |
|  1 | 2023-02-21 10:15:00+05:30 | VALIDATION PENDING     |       |
|  2 | 2023-02-21 10:15:00+05:30 | OPEN PENDING           |       |
|  3 | 2023-02-21 10:15:00+05:30 | OPEN                   |       |
|  4 | 2023-02-21 10:15:00+05:30 | COMPLETE               |       |
+----+---------------------------+------------------------+-------+

+-----------------+---------------------------+----------------------------------+------+
| INST            | timestamp                 | ID                               | TT   |
|-----------------+---------------------------+----------------------------------+------|
| NSE_EQ:HDFCBANK | 2023-02-21 15:15:00+05:30 | 635666a5827c4b47a15e0d7365402875 | SELL |
+-----------------+---------------------------+----------------------------------+------+
+----+---------------------------+------------------------+-------+
|    | TIMESTAMP                 | STATE                  | MSG   |
|----+---------------------------+------------------------+-------|
|  0 | 2023-02-21 15:15:00+05:30 | PUT ORDER REQ RECEIVED |       |
|  1 | 2023-02-21 15:15:00+05:30 | VALIDATION PENDING     |       |
|  2 | 2023-02-21 15:15:00+05:30 | OPEN PENDING           |       |
|  3 | 2023-02-21 15:15:00+05:30 | OPEN                   |       |
|  4 | 2023-02-21 15:15:00+05:30 | COMPLETE               |       |
+----+---------------------------+------------------------+-------+

+-----------------+---------------------------+----------------------------------+------+
| INST            | timestamp                 | ID                               | TT   |
|-----------------+---------------------------+----------------------------------+------|
| NSE_EQ:HDFCBANK | 2023-02-23 13:15:00+05:30 | cb1ffd06ef364994901a3ddab365912f | BUY  |
+-----------------+---------------------------+----------------------------------+------+
+----+---------------------------+------------------------+-------+
|    | TIMESTAMP                 | STATE                  | MSG   |
|----+---------------------------+------------------------+-------|
|  0 | 2023-02-23 13:15:00+05:30 | PUT ORDER REQ RECEIVED |       |
|  1 | 2023-02-23 13:15:00+05:30 | VALIDATION PENDING     |       |
|  2 | 2023-02-23 13:15:00+05:30 | OPEN PENDING           |       |
|  3 | 2023-02-23 13:15:00+05:30 | OPEN                   |       |
|  4 | 2023-02-23 13:15:00+05:30 | COMPLETE               |       |
+----+---------------------------+------------------------+-------+

+-----------------+---------------------------+----------------------------------+------+
| INST            | timestamp                 | ID                               | TT   |
|-----------------+---------------------------+----------------------------------+------|
| NSE_EQ:HDFCBANK | 2023-02-23 15:15:00+05:30 | f88d2e84443c473a9135aa39c82e91f6 | SELL |
+-----------------+---------------------------+----------------------------------+------+
+----+---------------------------+------------------------+-------+
|    | TIMESTAMP                 | STATE                  | MSG   |
|----+---------------------------+------------------------+-------|
|  0 | 2023-02-23 15:15:00+05:30 | PUT ORDER REQ RECEIVED |       |
|  1 | 2023-02-23 15:15:00+05:30 | VALIDATION PENDING     |       |
|  2 | 2023-02-23 15:15:00+05:30 | OPEN PENDING           |       |
|  3 | 2023-02-23 15:15:00+05:30 | OPEN                   |       |
|  4 | 2023-02-23 15:15:00+05:30 | COMPLETE               |       |
+----+---------------------------+------------------------+-------+

+-----------------+---------------------------+----------------------------------+------+
| INST            | timestamp                 | ID                               | TT   |
|-----------------+---------------------------+----------------------------------+------|
| NSE_EQ:HDFCBANK | 2023-02-24 09:15:00+05:30 | 9c4b2674b0624591ab57d96e10da657e | BUY  |
+-----------------+---------------------------+----------------------------------+------+
+----+---------------------------+------------------------+-------+
|    | TIMESTAMP                 | STATE                  | MSG   |
|----+---------------------------+------------------------+-------|
|  0 | 2023-02-24 09:15:00+05:30 | PUT ORDER REQ RECEIVED |       |
|  1 | 2023-02-24 09:15:00+05:30 | VALIDATION PENDING     |       |
|  2 | 2023-02-24 09:15:00+05:30 | OPEN PENDING           |       |
|  3 | 2023-02-24 09:15:00+05:30 | OPEN                   |       |
|  4 | 2023-02-24 09:15:00+05:30 | COMPLETE               |       |
+----+---------------------------+------------------------+-------+

+-----------------+---------------------------+----------------------------------+------+
| INST            | timestamp                 | ID                               | TT   |
|-----------------+---------------------------+----------------------------------+------|
| NSE_EQ:HDFCBANK | 2023-02-24 10:15:00+05:30 | 3a94167b96334092a588f56e4d0c9f2f | SELL |
+-----------------+---------------------------+----------------------------------+------+
+----+---------------------------+------------------------+-------+
|    | TIMESTAMP                 | STATE                  | MSG   |
|----+---------------------------+------------------------+-------|
|  0 | 2023-02-24 10:15:00+05:30 | PUT ORDER REQ RECEIVED |       |
|  1 | 2023-02-24 10:15:00+05:30 | VALIDATION PENDING     |       |
|  2 | 2023-02-24 10:15:00+05:30 | OPEN PENDING           |       |
|  3 | 2023-02-24 10:15:00+05:30 | OPEN                   |       |
|  4 | 2023-02-24 10:15:00+05:30 | COMPLETE               |       |
+----+---------------------------+------------------------+-------+

+-----------------+---------------------------+----------------------------------+------+
| INST            | timestamp                 | ID                               | TT   |
|-----------------+---------------------------+----------------------------------+------|
| NSE_EQ:HDFCBANK | 2023-02-27 11:15:00+05:30 | 405f8b249c644d15b24b3cceeb94fef9 | BUY  |
+-----------------+---------------------------+----------------------------------+------+
+----+---------------------------+------------------------+-------+
|    | TIMESTAMP                 | STATE                  | MSG   |
|----+---------------------------+------------------------+-------|
|  0 | 2023-02-27 11:15:00+05:30 | PUT ORDER REQ RECEIVED |       |
|  1 | 2023-02-27 11:15:00+05:30 | VALIDATION PENDING     |       |
|  2 | 2023-02-27 11:15:00+05:30 | OPEN PENDING           |       |
|  3 | 2023-02-27 11:15:00+05:30 | OPEN                   |       |
|  4 | 2023-02-27 11:15:00+05:30 | COMPLETE               |       |
+----+---------------------------+------------------------+-------+

+-----------------+---------------------------+----------------------------------+------+
| INST            | timestamp                 | ID                               | TT   |
|-----------------+---------------------------+----------------------------------+------|
| NSE_EQ:HDFCBANK | 2023-02-27 15:15:00+05:30 | 6277aed8fabe453d8656771e5f016aff | SELL |
+-----------------+---------------------------+----------------------------------+------+
+----+---------------------------+------------------------+-------+
|    | TIMESTAMP                 | STATE                  | MSG   |
|----+---------------------------+------------------------+-------|
|  0 | 2023-02-27 15:15:00+05:30 | PUT ORDER REQ RECEIVED |       |
|  1 | 2023-02-27 15:15:00+05:30 | VALIDATION PENDING     |       |
|  2 | 2023-02-27 15:15:00+05:30 | OPEN PENDING           |       |
|  3 | 2023-02-27 15:15:00+05:30 | OPEN                   |       |
|  4 | 2023-02-27 15:15:00+05:30 | COMPLETE               |       |
+----+---------------------------+------------------------+-------+