

+-------------+---------------------+----------------------------------+------+
| INST        | TIME                | ID                               | TT   |
|-------------+---------------------+----------------------------------+------|
| NSE_EQ:SBIN | 2020-07-09 10:30:00 | 96c24ca4b3e448f381fc5c2bc52f7a29 | BUY  |
+-------------+---------------------+----------------------------------+------+
+----+---------------------+------------------------+-------+
|    | TIME                | STATE                  | MSG   |
|----+---------------------+------------------------+-------|
|  0 | 2020-07-09 10:30:00 | PUT ORDER REQ RECEIVED |       |
|  1 | 2020-07-09 10:30:00 | VALIDATION PENDING     |       |
|  2 | 2020-07-09 10:30:00 | OPEN PENDING           |       |
|  3 | 2020-07-09 10:30:00 | OPEN                   |       |
|  4 | 2020-07-09 10:30:00 | COMPLETE               |       |
+----+---------------------+------------------------+-------+

+-------------+---------------------+----------------------------------+------+
| INST        | TIME                | ID                               | TT   |
|-------------+---------------------+----------------------------------+------|
| NSE_EQ:SBIN | 2020-07-09 10:45:00 | 3bbd433edd004630b122de07873864d7 | SELL |
+-------------+---------------------+----------------------------------+------+
+----+---------------------+------------------------+-------+
|    | TIME                | STATE                  | MSG   |
|----+---------------------+------------------------+-------|
|  0 | 2020-07-09 10:45:00 | PUT ORDER REQ RECEIVED |       |
|  1 | 2020-07-09 10:45:00 | VALIDATION PENDING     |       |
|  2 | 2020-07-09 10:45:00 | OPEN PENDING           |       |
|  3 | 2020-07-09 10:45:00 | OPEN                   |       |
|  4 | 2020-07-09 10:45:00 | COMPLETE               |       |
+----+---------------------+------------------------+-------+

+-------------+---------------------+----------------------------------+------+
| INST        | TIME                | ID                               | TT   |
|-------------+---------------------+----------------------------------+------|
| NSE_EQ:SBIN | 2020-07-09 10:45:00 | 19f887b9036844b5abe9f8b328077d50 | SELL |
+-------------+---------------------+----------------------------------+------+
+----+---------------------+------------------------+-------+
|    | TIME                | STATE                  | MSG   |
|----+---------------------+------------------------+-------|
|  0 | 2020-07-09 10:45:00 | PUT ORDER REQ RECEIVED |       |
|  1 | 2020-07-09 10:45:00 | VALIDATION PENDING     |       |
|  2 | 2020-07-09 10:45:00 | OPEN PENDING           |       |
|  3 | 2020-07-09 10:45:00 | OPEN                   |       |
|  4 | 2020-07-09 10:45:00 | COMPLETE               |       |
+----+---------------------+------------------------+-------+

+-------------+---------------------+----------------------------------+------+
| INST        | TIME                | ID                               | TT   |
|-------------+---------------------+----------------------------------+------|
| NSE_EQ:SBIN | 2020-07-09 11:15:00 | 5f18ce2935814fa6bbe52fa6a63968d6 | BUY  |
+-------------+---------------------+----------------------------------+------+
+----+---------------------+------------------------+-------+
|    | TIME                | STATE                  | MSG   |
|----+---------------------+------------------------+-------|
|  0 | 2020-07-09 11:15:00 | PUT ORDER REQ RECEIVED |       |
|  1 | 2020-07-09 11:15:00 | VALIDATION PENDING     |       |
|  2 | 2020-07-09 11:15:00 | OPEN PENDING           |       |
|  3 | 2020-07-09 11:15:00 | OPEN                   |       |
|  4 | 2020-07-09 11:15:00 | COMPLETE               |       |
+----+---------------------+------------------------+-------+

+-------------+---------------------+----------------------------------+------+
| INST        | TIME                | ID                               | TT   |
|-------------+---------------------+----------------------------------+------|
| NSE_EQ:SBIN | 2020-07-09 11:15:00 | bbca133fe66945b2ac5bb5bb65d69b01 | BUY  |
+-------------+---------------------+----------------------------------+------+
+----+---------------------+------------------------+-------+
|    | TIME                | STATE                  | MSG   |
|----+---------------------+------------------------+-------|
|  0 | 2020-07-09 11:15:00 | PUT ORDER REQ RECEIVED |       |
|  1 | 2020-07-09 11:15:00 | VALIDATION PENDING     |       |
|  2 | 2020-07-09 11:15:00 | OPEN PENDING           |       |
|  3 | 2020-07-09 11:15:00 | OPEN                   |       |
|  4 | 2020-07-09 11:15:00 | COMPLETE               |       |
+----+---------------------+------------------------+-------+

+-------------+---------------------+----------------------------------+------+
| INST        | TIME                | ID                               | TT   |
|-------------+---------------------+----------------------------------+------|
| NSE_EQ:SBIN | 2020-07-09 11:30:00 | 452023ff58834caeaa5875909cc3c30e | SELL |
+-------------+---------------------+----------------------------------+------+
+----+---------------------+------------------------+-------+
|    | TIME                | STATE                  | MSG   |
|----+---------------------+------------------------+-------|
|  0 | 2020-07-09 11:30:00 | PUT ORDER REQ RECEIVED |       |
|  1 | 2020-07-09 11:30:00 | VALIDATION PENDING     |       |
|  2 | 2020-07-09 11:30:00 | OPEN PENDING           |       |
|  3 | 2020-07-09 11:30:00 | OPEN                   |       |
|  4 | 2020-07-09 11:30:00 | COMPLETE               |       |
+----+---------------------+------------------------+-------+

+-------------+---------------------+----------------------------------+------+
| INST        | TIME                | ID                               | TT   |
|-------------+---------------------+----------------------------------+------|
| NSE_EQ:SBIN | 2020-07-09 11:30:00 | c5217715844b405c8652679689d39ea8 | SELL |
+-------------+---------------------+----------------------------------+------+
+----+---------------------+------------------------+-------+
|    | TIME                | STATE                  | MSG   |
|----+---------------------+------------------------+-------|
|  0 | 2020-07-09 11:30:00 | PUT ORDER REQ RECEIVED |       |
|  1 | 2020-07-09 11:30:00 | VALIDATION PENDING     |       |
|  2 | 2020-07-09 11:30:00 | OPEN PENDING           |       |
|  3 | 2020-07-09 11:30:00 | OPEN                   |       |
|  4 | 2020-07-09 11:30:00 | COMPLETE               |       |
+----+---------------------+------------------------+-------+

+-------------+---------------------+----------------------------------+------+
| INST        | TIME                | ID                               | TT   |
|-------------+---------------------+----------------------------------+------|
| NSE_EQ:SBIN | 2020-07-09 12:45:00 | a65a4d4c190649e1883ec36380687e6d | BUY  |
+-------------+---------------------+----------------------------------+------+
+----+---------------------+------------------------+-------+
|    | TIME                | STATE                  | MSG   |
|----+---------------------+------------------------+-------|
|  0 | 2020-07-09 12:45:00 | PUT ORDER REQ RECEIVED |       |
|  1 | 2020-07-09 12:45:00 | VALIDATION PENDING     |       |
|  2 | 2020-07-09 12:45:00 | OPEN PENDING           |       |
|  3 | 2020-07-09 12:45:00 | OPEN                   |       |
|  4 | 2020-07-09 12:45:00 | COMPLETE               |       |
+----+---------------------+------------------------+-------+

+-------------+---------------------+----------------------------------+------+
| INST        | TIME                | ID                               | TT   |
|-------------+---------------------+----------------------------------+------|
| NSE_EQ:SBIN | 2020-07-09 12:45:00 | 106b1ab91ad6494d87ee05c98557f365 | BUY  |
+-------------+---------------------+----------------------------------+------+
+----+---------------------+------------------------+-------+
|    | TIME                | STATE                  | MSG   |
|----+---------------------+------------------------+-------|
|  0 | 2020-07-09 12:45:00 | PUT ORDER REQ RECEIVED |       |
|  1 | 2020-07-09 12:45:00 | VALIDATION PENDING     |       |
|  2 | 2020-07-09 12:45:00 | OPEN PENDING           |       |
|  3 | 2020-07-09 12:45:00 | OPEN                   |       |
|  4 | 2020-07-09 12:45:00 | COMPLETE               |       |
+----+---------------------+------------------------+-------+

+-------------+---------------------+----------------------------------+------+
| INST        | TIME                | ID                               | TT   |
|-------------+---------------------+----------------------------------+------|
| NSE_EQ:SBIN | 2020-07-09 15:30:00 | 622fd0dc95b74975861634724310ac7c | SELL |
+-------------+---------------------+----------------------------------+------+
+----+---------------------+------------------------+-------+
|    | TIME                | STATE                  | MSG   |
|----+---------------------+------------------------+-------|
|  0 | 2020-07-09 15:30:00 | PUT ORDER REQ RECEIVED |       |
|  1 | 2020-07-09 15:30:00 | VALIDATION PENDING     |       |
|  2 | 2020-07-09 15:30:00 | OPEN PENDING           |       |
|  3 | 2020-07-09 15:30:00 | OPEN                   |       |
|  4 | 2020-07-09 15:30:00 | COMPLETE               |       |
+----+---------------------+------------------------+-------+