

+-------------------------------+---------------------------+----------------------------------+------+
| INST                          | timestamp                 | ID                               | TT   |
|-------------------------------+---------------------------+----------------------------------+------|
| NASDAQ_FO:MSFT240524C00415000 | 2024-05-14 09:30:00-04:00 | 8c5009b0cb3a49eeb5e2afa727d7d4dc | BUY  |
+-------------------------------+---------------------------+----------------------------------+------+
+----+----------------------------------+------------------------+-------+
|    | TIMESTAMP                        | STATE                  | MSG   |
|----+----------------------------------+------------------------+-------|
|  0 | 2024-05-14 09:30:00.500000-04:00 | PUT ORDER REQ RECEIVED |       |
|  1 | 2024-05-14 09:30:00.500000-04:00 | VALIDATION PENDING     |       |
|  2 | 2024-05-14 09:30:00.500000-04:00 | OPEN PENDING           |       |
|  3 | 2024-05-14 09:30:00.500000-04:00 | OPEN                   |       |
|  4 | 2024-05-14 09:30:00.500000-04:00 | COMPLETE               |       |
+----+----------------------------------+------------------------+-------+

+-------------------------------+---------------------------+----------------------------------+------+
| INST                          | timestamp                 | ID                               | TT   |
|-------------------------------+---------------------------+----------------------------------+------|
| NASDAQ_FO:MSFT240524C00417500 | 2024-05-14 09:30:00-04:00 | 9fb6d82c753a4114bac5e3038077ec25 | SELL |
+-------------------------------+---------------------------+----------------------------------+------+
+----+----------------------------------+------------------------+-------+
|    | TIMESTAMP                        | STATE                  | MSG   |
|----+----------------------------------+------------------------+-------|
|  0 | 2024-05-14 09:30:00.500000-04:00 | PUT ORDER REQ RECEIVED |       |
|  1 | 2024-05-14 09:30:00.500000-04:00 | VALIDATION PENDING     |       |
|  2 | 2024-05-14 09:30:00.500000-04:00 | OPEN PENDING           |       |
|  3 | 2024-05-14 09:30:00.500000-04:00 | OPEN                   |       |
|  4 | 2024-05-14 09:30:00.500000-04:00 | COMPLETE               |       |
+----+----------------------------------+------------------------+-------+

+-------------------------------+---------------------------+----------------------------------+------+
| INST                          | timestamp                 | ID                               | TT   |
|-------------------------------+---------------------------+----------------------------------+------|
| NASDAQ_FO:MSFT240524P00417500 | 2024-05-14 09:30:00-04:00 | 93f9097058c749a3afa08fd9bdfa7ffa | BUY  |
+-------------------------------+---------------------------+----------------------------------+------+
+----+----------------------------------+------------------------+-------+
|    | TIMESTAMP                        | STATE                  | MSG   |
|----+----------------------------------+------------------------+-------|
|  0 | 2024-05-14 09:30:00.500000-04:00 | PUT ORDER REQ RECEIVED |       |
|  1 | 2024-05-14 09:30:00.500000-04:00 | VALIDATION PENDING     |       |
|  2 | 2024-05-14 09:30:00.500000-04:00 | OPEN PENDING           |       |
|  3 | 2024-05-14 09:30:00.500000-04:00 | OPEN                   |       |
|  4 | 2024-05-14 09:30:00.500000-04:00 | COMPLETE               |       |
+----+----------------------------------+------------------------+-------+

+-------------------------------+---------------------------+----------------------------------+------+
| INST                          | timestamp                 | ID                               | TT   |
|-------------------------------+---------------------------+----------------------------------+------|
| NASDAQ_FO:MSFT240524P00417500 | 2024-05-14 09:30:00-04:00 | 50b81c75afc6440dbec1d34d5d22a273 | SELL |
+-------------------------------+---------------------------+----------------------------------+------+
+----+----------------------------------+------------------------+-------+
|    | TIMESTAMP                        | STATE                  | MSG   |
|----+----------------------------------+------------------------+-------|
|  0 | 2024-05-14 09:30:00.500000-04:00 | PUT ORDER REQ RECEIVED |       |
|  1 | 2024-05-14 09:30:00.500000-04:00 | VALIDATION PENDING     |       |
|  2 | 2024-05-14 09:30:00.500000-04:00 | OPEN PENDING           |       |
|  3 | 2024-05-14 09:30:00.500000-04:00 | OPEN                   |       |
|  4 | 2024-05-14 09:30:00.500000-04:00 | COMPLETE               |       |
+----+----------------------------------+------------------------+-------+

+-------------------------------+---------------------------+----------------------------------+------+
| INST                          | timestamp                 | ID                               | TT   |
|-------------------------------+---------------------------+----------------------------------+------|
| NASDAQ_FO:MSFT240524C00415000 | 2024-05-14 16:00:00-04:00 | ae15b68014a64db4a3b481ec9c89f26d | SELL |
+-------------------------------+---------------------------+----------------------------------+------+
+----+----------------------------------+------------------------+-------+
|    | TIMESTAMP                        | STATE                  | MSG   |
|----+----------------------------------+------------------------+-------|
|  0 | 2024-05-14 16:00:00.500000-04:00 | PUT ORDER REQ RECEIVED |       |
|  1 | 2024-05-14 16:00:00.500000-04:00 | VALIDATION PENDING     |       |
|  2 | 2024-05-14 16:00:00.500000-04:00 | OPEN PENDING           |       |
|  3 | 2024-05-14 16:00:00.500000-04:00 | OPEN                   |       |
|  4 | 2024-05-14 16:00:00.500000-04:00 | COMPLETE               |       |
+----+----------------------------------+------------------------+-------+

+-------------------------------+---------------------------+----------------------------------+------+
| INST                          | timestamp                 | ID                               | TT   |
|-------------------------------+---------------------------+----------------------------------+------|
| NASDAQ_FO:MSFT240524C00417500 | 2024-05-14 16:00:00-04:00 | 9ffec03858b745c1859ba2121cfc006d | BUY  |
+-------------------------------+---------------------------+----------------------------------+------+
+----+----------------------------------+------------------------+-------+
|    | TIMESTAMP                        | STATE                  | MSG   |
|----+----------------------------------+------------------------+-------|
|  0 | 2024-05-14 16:00:00.500000-04:00 | PUT ORDER REQ RECEIVED |       |
|  1 | 2024-05-14 16:00:00.500000-04:00 | VALIDATION PENDING     |       |
|  2 | 2024-05-14 16:00:00.500000-04:00 | OPEN PENDING           |       |
|  3 | 2024-05-14 16:00:00.500000-04:00 | OPEN                   |       |
|  4 | 2024-05-14 16:00:00.500000-04:00 | COMPLETE               |       |
+----+----------------------------------+------------------------+-------+

+-------------------------------+---------------------------+----------------------------------+------+
| INST                          | timestamp                 | ID                               | TT   |
|-------------------------------+---------------------------+----------------------------------+------|
| NASDAQ_FO:MSFT240524P00417500 | 2024-05-14 16:00:00-04:00 | bc02702448884f1d865b13783b4a5161 | SELL |
+-------------------------------+---------------------------+----------------------------------+------+
+----+----------------------------------+------------------------+-------+
|    | TIMESTAMP                        | STATE                  | MSG   |
|----+----------------------------------+------------------------+-------|
|  0 | 2024-05-14 16:00:00.500000-04:00 | PUT ORDER REQ RECEIVED |       |
|  1 | 2024-05-14 16:00:00.500000-04:00 | VALIDATION PENDING     |       |
|  2 | 2024-05-14 16:00:00.500000-04:00 | OPEN PENDING           |       |
|  3 | 2024-05-14 16:00:00.500000-04:00 | OPEN                   |       |
|  4 | 2024-05-14 16:00:00.500000-04:00 | COMPLETE               |       |
+----+----------------------------------+------------------------+-------+

+-------------------------------+---------------------------+----------------------------------+------+
| INST                          | timestamp                 | ID                               | TT   |
|-------------------------------+---------------------------+----------------------------------+------|
| NASDAQ_FO:MSFT240524P00417500 | 2024-05-14 16:00:00-04:00 | d81f086d762c40a18922893fb060ce10 | BUY  |
+-------------------------------+---------------------------+----------------------------------+------+
+----+----------------------------------+------------------------+-------+
|    | TIMESTAMP                        | STATE                  | MSG   |
|----+----------------------------------+------------------------+-------|
|  0 | 2024-05-14 16:00:00.500000-04:00 | PUT ORDER REQ RECEIVED |       |
|  1 | 2024-05-14 16:00:00.500000-04:00 | VALIDATION PENDING     |       |
|  2 | 2024-05-14 16:00:00.500000-04:00 | OPEN PENDING           |       |
|  3 | 2024-05-14 16:00:00.500000-04:00 | OPEN                   |       |
|  4 | 2024-05-14 16:00:00.500000-04:00 | COMPLETE               |       |
+----+----------------------------------+------------------------+-------+