

+------------------+---------------------------+----------------------------------+------+
| INST             | timestamp                 | ID                               | TT   |
|------------------+---------------------------+----------------------------------+------|
| NSE_EQ:TATAPOWER | 2023-01-04 15:15:00+05:30 | afa822d44e254e3ca7e10f7564fc5560 | BUY  |
+------------------+---------------------------+----------------------------------+------+
+----+---------------------------+------------------------+-------+
|    | TIMESTAMP                 | STATE                  | MSG   |
|----+---------------------------+------------------------+-------|
|  0 | 2023-01-04 15:15:00+05:30 | PUT ORDER REQ RECEIVED |       |
|  1 | 2023-01-04 15:15:00+05:30 | VALIDATION PENDING     |       |
|  2 | 2023-01-04 15:15:00+05:30 | OPEN PENDING           |       |
|  3 | 2023-01-04 15:15:00+05:30 | OPEN                   |       |
|  4 | 2023-01-04 15:15:00+05:30 | COMPLETE               |       |
+----+---------------------------+------------------------+-------+

+------------------+---------------------------+----------------------------------+------+
| INST             | timestamp                 | ID                               | TT   |
|------------------+---------------------------+----------------------------------+------|
| NSE_EQ:TATAPOWER | 2023-01-04 15:30:00+05:30 | b267aee370064bca9d05c4a641e02503 | SELL |
+------------------+---------------------------+----------------------------------+------+
+----+---------------------------+------------------------+-------+
|    | TIMESTAMP                 | STATE                  | MSG   |
|----+---------------------------+------------------------+-------|
|  0 | 2023-01-04 15:30:00+05:30 | PUT ORDER REQ RECEIVED |       |
|  1 | 2023-01-04 15:30:00+05:30 | VALIDATION PENDING     |       |
|  2 | 2023-01-04 15:30:00+05:30 | OPEN PENDING           |       |
|  3 | 2023-01-04 15:30:00+05:30 | OPEN                   |       |
|  4 | 2023-01-04 15:30:00+05:30 | COMPLETE               |       |
+----+---------------------------+------------------------+-------+

+------------------+---------------------------+----------------------------------+------+
| INST             | timestamp                 | ID                               | TT   |
|------------------+---------------------------+----------------------------------+------|
| NSE_EQ:TATAPOWER | 2023-01-05 09:15:00+05:30 | b6cb8e28ec86428d98dd39c373549222 | BUY  |
+------------------+---------------------------+----------------------------------+------+
+----+---------------------------+------------------------+-------+
|    | TIMESTAMP                 | STATE                  | MSG   |
|----+---------------------------+------------------------+-------|
|  0 | 2023-01-05 09:15:00+05:30 | PUT ORDER REQ RECEIVED |       |
|  1 | 2023-01-05 09:15:00+05:30 | VALIDATION PENDING     |       |
|  2 | 2023-01-05 09:15:00+05:30 | OPEN PENDING           |       |
|  3 | 2023-01-05 09:15:00+05:30 | OPEN                   |       |
|  4 | 2023-01-05 09:15:00+05:30 | COMPLETE               |       |
+----+---------------------------+------------------------+-------+

+------------------+---------------------------+----------------------------------+------+
| INST             | timestamp                 | ID                               | TT   |
|------------------+---------------------------+----------------------------------+------|
| NSE_EQ:TATAPOWER | 2023-01-05 10:15:00+05:30 | 23b422385e924cbc93d871477ede5042 | SELL |
+------------------+---------------------------+----------------------------------+------+
+----+---------------------------+------------------------+-------+
|    | TIMESTAMP                 | STATE                  | MSG   |
|----+---------------------------+------------------------+-------|
|  0 | 2023-01-05 10:15:00+05:30 | PUT ORDER REQ RECEIVED |       |
|  1 | 2023-01-05 10:15:00+05:30 | VALIDATION PENDING     |       |
|  2 | 2023-01-05 10:15:00+05:30 | OPEN PENDING           |       |
|  3 | 2023-01-05 10:15:00+05:30 | OPEN                   |       |
|  4 | 2023-01-05 10:15:00+05:30 | COMPLETE               |       |
+----+---------------------------+------------------------+-------+

+------------------+---------------------------+----------------------------------+------+
| INST             | timestamp                 | ID                               | TT   |
|------------------+---------------------------+----------------------------------+------|
| NSE_EQ:TATAPOWER | 2023-01-05 10:15:00+05:30 | c628027ce01b45568d8597e3b0cec40d | SELL |
+------------------+---------------------------+----------------------------------+------+
+----+---------------------------+------------------------+-------+
|    | TIMESTAMP                 | STATE                  | MSG   |
|----+---------------------------+------------------------+-------|
|  0 | 2023-01-05 10:15:00+05:30 | PUT ORDER REQ RECEIVED |       |
|  1 | 2023-01-05 10:15:00+05:30 | VALIDATION PENDING     |       |
|  2 | 2023-01-05 10:15:00+05:30 | OPEN PENDING           |       |
|  3 | 2023-01-05 10:15:00+05:30 | OPEN                   |       |
|  4 | 2023-01-05 10:15:00+05:30 | COMPLETE               |       |
+----+---------------------------+------------------------+-------+

+------------------+---------------------------+----------------------------------+------+
| INST             | timestamp                 | ID                               | TT   |
|------------------+---------------------------+----------------------------------+------|
| NSE_EQ:TATAPOWER | 2023-01-05 15:15:00+05:30 | f9417e318cfa414c816af18417ac4d52 | BUY  |
+------------------+---------------------------+----------------------------------+------+
+----+---------------------------+------------------------+-------+
|    | TIMESTAMP                 | STATE                  | MSG   |
|----+---------------------------+------------------------+-------|
|  0 | 2023-01-05 15:15:00+05:30 | PUT ORDER REQ RECEIVED |       |
|  1 | 2023-01-05 15:15:00+05:30 | VALIDATION PENDING     |       |
|  2 | 2023-01-05 15:15:00+05:30 | OPEN PENDING           |       |
|  3 | 2023-01-05 15:15:00+05:30 | OPEN                   |       |
|  4 | 2023-01-05 15:15:00+05:30 | COMPLETE               |       |
+----+---------------------------+------------------------+-------+

+------------------+---------------------------+----------------------------------+------+
| INST             | timestamp                 | ID                               | TT   |
|------------------+---------------------------+----------------------------------+------|
| NSE_EQ:TATAPOWER | 2023-01-05 15:15:00+05:30 | 6003cb133901482abc5e305ffc9b7850 | BUY  |
+------------------+---------------------------+----------------------------------+------+
+----+---------------------------+------------------------+-------+
|    | TIMESTAMP                 | STATE                  | MSG   |
|----+---------------------------+------------------------+-------|
|  0 | 2023-01-05 15:15:00+05:30 | PUT ORDER REQ RECEIVED |       |
|  1 | 2023-01-05 15:15:00+05:30 | VALIDATION PENDING     |       |
|  2 | 2023-01-05 15:15:00+05:30 | OPEN PENDING           |       |
|  3 | 2023-01-05 15:15:00+05:30 | OPEN                   |       |
|  4 | 2023-01-05 15:15:00+05:30 | COMPLETE               |       |
+----+---------------------------+------------------------+-------+

+------------------+---------------------------+----------------------------------+------+
| INST             | timestamp                 | ID                               | TT   |
|------------------+---------------------------+----------------------------------+------|
| NSE_EQ:TATAPOWER | 2023-01-05 15:30:00+05:30 | 3b641ace9b9a4d1b814a41784c153113 | SELL |
+------------------+---------------------------+----------------------------------+------+
+----+---------------------------+------------------------+-------+
|    | TIMESTAMP                 | STATE                  | MSG   |
|----+---------------------------+------------------------+-------|
|  0 | 2023-01-05 15:30:00+05:30 | PUT ORDER REQ RECEIVED |       |
|  1 | 2023-01-05 15:30:00+05:30 | VALIDATION PENDING     |       |
|  2 | 2023-01-05 15:30:00+05:30 | OPEN PENDING           |       |
|  3 | 2023-01-05 15:30:00+05:30 | OPEN                   |       |
|  4 | 2023-01-05 15:30:00+05:30 | COMPLETE               |       |
+----+---------------------------+------------------------+-------+

+------------------+---------------------------+----------------------------------+------+
| INST             | timestamp                 | ID                               | TT   |
|------------------+---------------------------+----------------------------------+------|
| NSE_EQ:TATAPOWER | 2023-01-06 09:15:00+05:30 | bf3ba21529a64a798df7ff653324ea80 | SELL |
+------------------+---------------------------+----------------------------------+------+
+----+---------------------------+------------------------+-------+
|    | TIMESTAMP                 | STATE                  | MSG   |
|----+---------------------------+------------------------+-------|
|  0 | 2023-01-06 09:15:00+05:30 | PUT ORDER REQ RECEIVED |       |
|  1 | 2023-01-06 09:15:00+05:30 | VALIDATION PENDING     |       |
|  2 | 2023-01-06 09:15:00+05:30 | OPEN PENDING           |       |
|  3 | 2023-01-06 09:15:00+05:30 | OPEN                   |       |
|  4 | 2023-01-06 09:15:00+05:30 | COMPLETE               |       |
+----+---------------------------+------------------------+-------+

+------------------+---------------------------+----------------------------------+------+
| INST             | timestamp                 | ID                               | TT   |
|------------------+---------------------------+----------------------------------+------|
| NSE_EQ:TATAPOWER | 2023-01-06 15:30:00+05:30 | 2638f4b7c9814504b8e66690e1edf74d | BUY  |
+------------------+---------------------------+----------------------------------+------+
+----+---------------------------+------------------------+-------+
|    | TIMESTAMP                 | STATE                  | MSG   |
|----+---------------------------+------------------------+-------|
|  0 | 2023-01-06 15:30:00+05:30 | PUT ORDER REQ RECEIVED |       |
|  1 | 2023-01-06 15:30:00+05:30 | VALIDATION PENDING     |       |
|  2 | 2023-01-06 15:30:00+05:30 | OPEN PENDING           |       |
|  3 | 2023-01-06 15:30:00+05:30 | OPEN                   |       |
|  4 | 2023-01-06 15:30:00+05:30 | COMPLETE               |       |
+----+---------------------------+------------------------+-------+

+------------------+---------------------------+----------------------------------+------+
| INST             | timestamp                 | ID                               | TT   |
|------------------+---------------------------+----------------------------------+------|
| NSE_EQ:TATAPOWER | 2023-01-09 09:15:00+05:30 | 8073d383f39a45e3bebd485645ed0ec6 | SELL |
+------------------+---------------------------+----------------------------------+------+
+----+---------------------------+------------------------+-------+
|    | TIMESTAMP                 | STATE                  | MSG   |
|----+---------------------------+------------------------+-------|
|  0 | 2023-01-09 09:15:00+05:30 | PUT ORDER REQ RECEIVED |       |
|  1 | 2023-01-09 09:15:00+05:30 | VALIDATION PENDING     |       |
|  2 | 2023-01-09 09:15:00+05:30 | OPEN PENDING           |       |
|  3 | 2023-01-09 09:15:00+05:30 | OPEN                   |       |
|  4 | 2023-01-09 09:15:00+05:30 | COMPLETE               |       |
+----+---------------------------+------------------------+-------+

+------------------+---------------------------+----------------------------------+------+
| INST             | timestamp                 | ID                               | TT   |
|------------------+---------------------------+----------------------------------+------|
| NSE_EQ:TATAPOWER | 2023-01-09 15:30:00+05:30 | 843bbdd99fe54f89aa06c226a232e8b6 | BUY  |
+------------------+---------------------------+----------------------------------+------+
+----+---------------------------+------------------------+-------+
|    | TIMESTAMP                 | STATE                  | MSG   |
|----+---------------------------+------------------------+-------|
|  0 | 2023-01-09 15:30:00+05:30 | PUT ORDER REQ RECEIVED |       |
|  1 | 2023-01-09 15:30:00+05:30 | VALIDATION PENDING     |       |
|  2 | 2023-01-09 15:30:00+05:30 | OPEN PENDING           |       |
|  3 | 2023-01-09 15:30:00+05:30 | OPEN                   |       |
|  4 | 2023-01-09 15:30:00+05:30 | COMPLETE               |       |
+----+---------------------------+------------------------+-------+

+------------------+---------------------------+----------------------------------+------+
| INST             | timestamp                 | ID                               | TT   |
|------------------+---------------------------+----------------------------------+------|
| NSE_EQ:TATAPOWER | 2023-01-10 09:15:00+05:30 | 24460d5b9921445fac431b34ea9e6d19 | SELL |
+------------------+---------------------------+----------------------------------+------+
+----+---------------------------+------------------------+-------+
|    | TIMESTAMP                 | STATE                  | MSG   |
|----+---------------------------+------------------------+-------|
|  0 | 2023-01-10 09:15:00+05:30 | PUT ORDER REQ RECEIVED |       |
|  1 | 2023-01-10 09:15:00+05:30 | VALIDATION PENDING     |       |
|  2 | 2023-01-10 09:15:00+05:30 | OPEN PENDING           |       |
|  3 | 2023-01-10 09:15:00+05:30 | OPEN                   |       |
|  4 | 2023-01-10 09:15:00+05:30 | COMPLETE               |       |
+----+---------------------------+------------------------+-------+

+------------------+---------------------------+----------------------------------+------+
| INST             | timestamp                 | ID                               | TT   |
|------------------+---------------------------+----------------------------------+------|
| NSE_EQ:TATAPOWER | 2023-01-10 15:30:00+05:30 | de5b9c39908d4965b56243502c1b75f2 | BUY  |
+------------------+---------------------------+----------------------------------+------+
+----+---------------------------+------------------------+-------+
|    | TIMESTAMP                 | STATE                  | MSG   |
|----+---------------------------+------------------------+-------|
|  0 | 2023-01-10 15:30:00+05:30 | PUT ORDER REQ RECEIVED |       |
|  1 | 2023-01-10 15:30:00+05:30 | VALIDATION PENDING     |       |
|  2 | 2023-01-10 15:30:00+05:30 | OPEN PENDING           |       |
|  3 | 2023-01-10 15:30:00+05:30 | OPEN                   |       |
|  4 | 2023-01-10 15:30:00+05:30 | COMPLETE               |       |
+----+---------------------------+------------------------+-------+

+------------------+---------------------------+----------------------------------+------+
| INST             | timestamp                 | ID                               | TT   |
|------------------+---------------------------+----------------------------------+------|
| NSE_EQ:TATAPOWER | 2023-01-11 09:15:00+05:30 | c27df235063d4a8490851a403ca1ad58 | SELL |
+------------------+---------------------------+----------------------------------+------+
+----+---------------------------+------------------------+-------+
|    | TIMESTAMP                 | STATE                  | MSG   |
|----+---------------------------+------------------------+-------|
|  0 | 2023-01-11 09:15:00+05:30 | PUT ORDER REQ RECEIVED |       |
|  1 | 2023-01-11 09:15:00+05:30 | VALIDATION PENDING     |       |
|  2 | 2023-01-11 09:15:00+05:30 | OPEN PENDING           |       |
|  3 | 2023-01-11 09:15:00+05:30 | OPEN                   |       |
|  4 | 2023-01-11 09:15:00+05:30 | COMPLETE               |       |
+----+---------------------------+------------------------+-------+

+------------------+---------------------------+----------------------------------+------+
| INST             | timestamp                 | ID                               | TT   |
|------------------+---------------------------+----------------------------------+------|
| NSE_EQ:TATAPOWER | 2023-01-11 15:30:00+05:30 | 8f7328b33a98463eb9d4728ee9c53c78 | BUY  |
+------------------+---------------------------+----------------------------------+------+
+----+---------------------------+------------------------+-------+
|    | TIMESTAMP                 | STATE                  | MSG   |
|----+---------------------------+------------------------+-------|
|  0 | 2023-01-11 15:30:00+05:30 | PUT ORDER REQ RECEIVED |       |
|  1 | 2023-01-11 15:30:00+05:30 | VALIDATION PENDING     |       |
|  2 | 2023-01-11 15:30:00+05:30 | OPEN PENDING           |       |
|  3 | 2023-01-11 15:30:00+05:30 | OPEN                   |       |
|  4 | 2023-01-11 15:30:00+05:30 | COMPLETE               |       |
+----+---------------------------+------------------------+-------+

+------------------+---------------------------+----------------------------------+------+
| INST             | timestamp                 | ID                               | TT   |
|------------------+---------------------------+----------------------------------+------|
| NSE_EQ:TATAPOWER | 2023-01-12 09:15:00+05:30 | 5068e0773f23447e8beb88ae090ed664 | SELL |
+------------------+---------------------------+----------------------------------+------+
+----+---------------------------+------------------------+-------+
|    | TIMESTAMP                 | STATE                  | MSG   |
|----+---------------------------+------------------------+-------|
|  0 | 2023-01-12 09:15:00+05:30 | PUT ORDER REQ RECEIVED |       |
|  1 | 2023-01-12 09:15:00+05:30 | VALIDATION PENDING     |       |
|  2 | 2023-01-12 09:15:00+05:30 | OPEN PENDING           |       |
|  3 | 2023-01-12 09:15:00+05:30 | OPEN                   |       |
|  4 | 2023-01-12 09:15:00+05:30 | COMPLETE               |       |
+----+---------------------------+------------------------+-------+

+------------------+---------------------------+----------------------------------+------+
| INST             | timestamp                 | ID                               | TT   |
|------------------+---------------------------+----------------------------------+------|
| NSE_EQ:TATAPOWER | 2023-01-12 15:30:00+05:30 | 552664087ac3458a81c919302542ac67 | BUY  |
+------------------+---------------------------+----------------------------------+------+
+----+---------------------------+------------------------+-------+
|    | TIMESTAMP                 | STATE                  | MSG   |
|----+---------------------------+------------------------+-------|
|  0 | 2023-01-12 15:30:00+05:30 | PUT ORDER REQ RECEIVED |       |
|  1 | 2023-01-12 15:30:00+05:30 | VALIDATION PENDING     |       |
|  2 | 2023-01-12 15:30:00+05:30 | OPEN PENDING           |       |
|  3 | 2023-01-12 15:30:00+05:30 | OPEN                   |       |
|  4 | 2023-01-12 15:30:00+05:30 | COMPLETE               |       |
+----+---------------------------+------------------------+-------+

+------------------+---------------------------+----------------------------------+------+
| INST             | timestamp                 | ID                               | TT   |
|------------------+---------------------------+----------------------------------+------|
| NSE_EQ:TATAPOWER | 2023-01-13 09:15:00+05:30 | 4064feea6e6f43be91b5652b6014496a | SELL |
+------------------+---------------------------+----------------------------------+------+
+----+---------------------------+------------------------+-------+
|    | TIMESTAMP                 | STATE                  | MSG   |
|----+---------------------------+------------------------+-------|
|  0 | 2023-01-13 09:15:00+05:30 | PUT ORDER REQ RECEIVED |       |
|  1 | 2023-01-13 09:15:00+05:30 | VALIDATION PENDING     |       |
|  2 | 2023-01-13 09:15:00+05:30 | OPEN PENDING           |       |
|  3 | 2023-01-13 09:15:00+05:30 | OPEN                   |       |
|  4 | 2023-01-13 09:15:00+05:30 | COMPLETE               |       |
+----+---------------------------+------------------------+-------+

+------------------+---------------------------+----------------------------------+------+
| INST             | timestamp                 | ID                               | TT   |
|------------------+---------------------------+----------------------------------+------|
| NSE_EQ:TATAPOWER | 2023-01-13 15:30:00+05:30 | 5d6591b5eb504e4099d44607b2f9cd68 | BUY  |
+------------------+---------------------------+----------------------------------+------+
+----+---------------------------+------------------------+-------+
|    | TIMESTAMP                 | STATE                  | MSG   |
|----+---------------------------+------------------------+-------|
|  0 | 2023-01-13 15:30:00+05:30 | PUT ORDER REQ RECEIVED |       |
|  1 | 2023-01-13 15:30:00+05:30 | VALIDATION PENDING     |       |
|  2 | 2023-01-13 15:30:00+05:30 | OPEN PENDING           |       |
|  3 | 2023-01-13 15:30:00+05:30 | OPEN                   |       |
|  4 | 2023-01-13 15:30:00+05:30 | COMPLETE               |       |
+----+---------------------------+------------------------+-------+

+------------------+---------------------------+----------------------------------+------+
| INST             | timestamp                 | ID                               | TT   |
|------------------+---------------------------+----------------------------------+------|
| NSE_EQ:TATAPOWER | 2023-01-16 09:15:00+05:30 | 57134d32052b43d58ae5b2b4076923a2 | SELL |
+------------------+---------------------------+----------------------------------+------+
+----+---------------------------+------------------------+-------+
|    | TIMESTAMP                 | STATE                  | MSG   |
|----+---------------------------+------------------------+-------|
|  0 | 2023-01-16 09:15:00+05:30 | PUT ORDER REQ RECEIVED |       |
|  1 | 2023-01-16 09:15:00+05:30 | VALIDATION PENDING     |       |
|  2 | 2023-01-16 09:15:00+05:30 | OPEN PENDING           |       |
|  3 | 2023-01-16 09:15:00+05:30 | OPEN                   |       |
|  4 | 2023-01-16 09:15:00+05:30 | COMPLETE               |       |
+----+---------------------------+------------------------+-------+

+------------------+---------------------------+----------------------------------+------+
| INST             | timestamp                 | ID                               | TT   |
|------------------+---------------------------+----------------------------------+------|
| NSE_EQ:TATAPOWER | 2023-01-16 15:30:00+05:30 | efbb4cf9c1eb482cab5a04d55908b120 | BUY  |
+------------------+---------------------------+----------------------------------+------+
+----+---------------------------+------------------------+-------+
|    | TIMESTAMP                 | STATE                  | MSG   |
|----+---------------------------+------------------------+-------|
|  0 | 2023-01-16 15:30:00+05:30 | PUT ORDER REQ RECEIVED |       |
|  1 | 2023-01-16 15:30:00+05:30 | VALIDATION PENDING     |       |
|  2 | 2023-01-16 15:30:00+05:30 | OPEN PENDING           |       |
|  3 | 2023-01-16 15:30:00+05:30 | OPEN                   |       |
|  4 | 2023-01-16 15:30:00+05:30 | COMPLETE               |       |
+----+---------------------------+------------------------+-------+

+------------------+---------------------------+----------------------------------+------+
| INST             | timestamp                 | ID                               | TT   |
|------------------+---------------------------+----------------------------------+------|
| NSE_EQ:TATAPOWER | 2023-01-17 09:15:00+05:30 | a3f67b109b1f40d18f85a604c8f3133c | SELL |
+------------------+---------------------------+----------------------------------+------+
+----+---------------------------+------------------------+-------+
|    | TIMESTAMP                 | STATE                  | MSG   |
|----+---------------------------+------------------------+-------|
|  0 | 2023-01-17 09:15:00+05:30 | PUT ORDER REQ RECEIVED |       |
|  1 | 2023-01-17 09:15:00+05:30 | VALIDATION PENDING     |       |
|  2 | 2023-01-17 09:15:00+05:30 | OPEN PENDING           |       |
|  3 | 2023-01-17 09:15:00+05:30 | OPEN                   |       |
|  4 | 2023-01-17 09:15:00+05:30 | COMPLETE               |       |
+----+---------------------------+------------------------+-------+

+------------------+---------------------------+----------------------------------+------+
| INST             | timestamp                 | ID                               | TT   |
|------------------+---------------------------+----------------------------------+------|
| NSE_EQ:TATAPOWER | 2023-01-17 15:30:00+05:30 | e0d61833262f4d898fc1702001a79eb8 | BUY  |
+------------------+---------------------------+----------------------------------+------+
+----+---------------------------+------------------------+-------+
|    | TIMESTAMP                 | STATE                  | MSG   |
|----+---------------------------+------------------------+-------|
|  0 | 2023-01-17 15:30:00+05:30 | PUT ORDER REQ RECEIVED |       |
|  1 | 2023-01-17 15:30:00+05:30 | VALIDATION PENDING     |       |
|  2 | 2023-01-17 15:30:00+05:30 | OPEN PENDING           |       |
|  3 | 2023-01-17 15:30:00+05:30 | OPEN                   |       |
|  4 | 2023-01-17 15:30:00+05:30 | COMPLETE               |       |
+----+---------------------------+------------------------+-------+

+------------------+---------------------------+----------------------------------+------+
| INST             | timestamp                 | ID                               | TT   |
|------------------+---------------------------+----------------------------------+------|
| NSE_EQ:TATAPOWER | 2023-01-18 09:15:00+05:30 | 02e00ea2a75c43699b095dc41b92e3d1 | SELL |
+------------------+---------------------------+----------------------------------+------+
+----+---------------------------+------------------------+-------+
|    | TIMESTAMP                 | STATE                  | MSG   |
|----+---------------------------+------------------------+-------|
|  0 | 2023-01-18 09:15:00+05:30 | PUT ORDER REQ RECEIVED |       |
|  1 | 2023-01-18 09:15:00+05:30 | VALIDATION PENDING     |       |
|  2 | 2023-01-18 09:15:00+05:30 | OPEN PENDING           |       |
|  3 | 2023-01-18 09:15:00+05:30 | OPEN                   |       |
|  4 | 2023-01-18 09:15:00+05:30 | COMPLETE               |       |
+----+---------------------------+------------------------+-------+

+------------------+---------------------------+----------------------------------+------+
| INST             | timestamp                 | ID                               | TT   |
|------------------+---------------------------+----------------------------------+------|
| NSE_EQ:TATAPOWER | 2023-01-18 15:30:00+05:30 | 7e61709316254707a9d3fe60de0ec868 | BUY  |
+------------------+---------------------------+----------------------------------+------+
+----+---------------------------+------------------------+-------+
|    | TIMESTAMP                 | STATE                  | MSG   |
|----+---------------------------+------------------------+-------|
|  0 | 2023-01-18 15:30:00+05:30 | PUT ORDER REQ RECEIVED |       |
|  1 | 2023-01-18 15:30:00+05:30 | VALIDATION PENDING     |       |
|  2 | 2023-01-18 15:30:00+05:30 | OPEN PENDING           |       |
|  3 | 2023-01-18 15:30:00+05:30 | OPEN                   |       |
|  4 | 2023-01-18 15:30:00+05:30 | COMPLETE               |       |
+----+---------------------------+------------------------+-------+

+------------------+---------------------------+----------------------------------+------+
| INST             | timestamp                 | ID                               | TT   |
|------------------+---------------------------+----------------------------------+------|
| NSE_EQ:TATAPOWER | 2023-01-19 09:15:00+05:30 | 28aa25dc1248424b9ca1be7de035c748 | SELL |
+------------------+---------------------------+----------------------------------+------+
+----+---------------------------+------------------------+-------+
|    | TIMESTAMP                 | STATE                  | MSG   |
|----+---------------------------+------------------------+-------|
|  0 | 2023-01-19 09:15:00+05:30 | PUT ORDER REQ RECEIVED |       |
|  1 | 2023-01-19 09:15:00+05:30 | VALIDATION PENDING     |       |
|  2 | 2023-01-19 09:15:00+05:30 | OPEN PENDING           |       |
|  3 | 2023-01-19 09:15:00+05:30 | OPEN                   |       |
|  4 | 2023-01-19 09:15:00+05:30 | COMPLETE               |       |
+----+---------------------------+------------------------+-------+

+------------------+---------------------------+----------------------------------+------+
| INST             | timestamp                 | ID                               | TT   |
|------------------+---------------------------+----------------------------------+------|
| NSE_EQ:TATAPOWER | 2023-01-19 15:30:00+05:30 | 5737904fcb8e484684ab81e5e2e27f9a | BUY  |
+------------------+---------------------------+----------------------------------+------+
+----+---------------------------+------------------------+-------+
|    | TIMESTAMP                 | STATE                  | MSG   |
|----+---------------------------+------------------------+-------|
|  0 | 2023-01-19 15:30:00+05:30 | PUT ORDER REQ RECEIVED |       |
|  1 | 2023-01-19 15:30:00+05:30 | VALIDATION PENDING     |       |
|  2 | 2023-01-19 15:30:00+05:30 | OPEN PENDING           |       |
|  3 | 2023-01-19 15:30:00+05:30 | OPEN                   |       |
|  4 | 2023-01-19 15:30:00+05:30 | COMPLETE               |       |
+----+---------------------------+------------------------+-------+

+------------------+---------------------------+----------------------------------+------+
| INST             | timestamp                 | ID                               | TT   |
|------------------+---------------------------+----------------------------------+------|
| NSE_EQ:TATAPOWER | 2023-01-20 09:15:00+05:30 | 9a212ef554d0414db0ff2394f70e6297 | SELL |
+------------------+---------------------------+----------------------------------+------+
+----+---------------------------+------------------------+-------+
|    | TIMESTAMP                 | STATE                  | MSG   |
|----+---------------------------+------------------------+-------|
|  0 | 2023-01-20 09:15:00+05:30 | PUT ORDER REQ RECEIVED |       |
|  1 | 2023-01-20 09:15:00+05:30 | VALIDATION PENDING     |       |
|  2 | 2023-01-20 09:15:00+05:30 | OPEN PENDING           |       |
|  3 | 2023-01-20 09:15:00+05:30 | OPEN                   |       |
|  4 | 2023-01-20 09:15:00+05:30 | COMPLETE               |       |
+----+---------------------------+------------------------+-------+

+------------------+---------------------------+----------------------------------+------+
| INST             | timestamp                 | ID                               | TT   |
|------------------+---------------------------+----------------------------------+------|
| NSE_EQ:TATAPOWER | 2023-01-20 15:30:00+05:30 | a4b04e5781c94748a16ff645b4b64724 | BUY  |
+------------------+---------------------------+----------------------------------+------+
+----+---------------------------+------------------------+-------+
|    | TIMESTAMP                 | STATE                  | MSG   |
|----+---------------------------+------------------------+-------|
|  0 | 2023-01-20 15:30:00+05:30 | PUT ORDER REQ RECEIVED |       |
|  1 | 2023-01-20 15:30:00+05:30 | VALIDATION PENDING     |       |
|  2 | 2023-01-20 15:30:00+05:30 | OPEN PENDING           |       |
|  3 | 2023-01-20 15:30:00+05:30 | OPEN                   |       |
|  4 | 2023-01-20 15:30:00+05:30 | COMPLETE               |       |
+----+---------------------------+------------------------+-------+

+------------------+---------------------------+----------------------------------+------+
| INST             | timestamp                 | ID                               | TT   |
|------------------+---------------------------+----------------------------------+------|
| NSE_EQ:TATAPOWER | 2023-01-23 09:15:00+05:30 | 9d1e67723c674b2fb4f868b21b00ee5b | SELL |
+------------------+---------------------------+----------------------------------+------+
+----+---------------------------+------------------------+-------+
|    | TIMESTAMP                 | STATE                  | MSG   |
|----+---------------------------+------------------------+-------|
|  0 | 2023-01-23 09:15:00+05:30 | PUT ORDER REQ RECEIVED |       |
|  1 | 2023-01-23 09:15:00+05:30 | VALIDATION PENDING     |       |
|  2 | 2023-01-23 09:15:00+05:30 | OPEN PENDING           |       |
|  3 | 2023-01-23 09:15:00+05:30 | OPEN                   |       |
|  4 | 2023-01-23 09:15:00+05:30 | COMPLETE               |       |
+----+---------------------------+------------------------+-------+

+------------------+---------------------------+----------------------------------+------+
| INST             | timestamp                 | ID                               | TT   |
|------------------+---------------------------+----------------------------------+------|
| NSE_EQ:TATAPOWER | 2023-01-23 15:30:00+05:30 | a8ceab0c7f9647b781c0954f36219513 | BUY  |
+------------------+---------------------------+----------------------------------+------+
+----+---------------------------+------------------------+-------+
|    | TIMESTAMP                 | STATE                  | MSG   |
|----+---------------------------+------------------------+-------|
|  0 | 2023-01-23 15:30:00+05:30 | PUT ORDER REQ RECEIVED |       |
|  1 | 2023-01-23 15:30:00+05:30 | VALIDATION PENDING     |       |
|  2 | 2023-01-23 15:30:00+05:30 | OPEN PENDING           |       |
|  3 | 2023-01-23 15:30:00+05:30 | OPEN                   |       |
|  4 | 2023-01-23 15:30:00+05:30 | COMPLETE               |       |
+----+---------------------------+------------------------+-------+

+------------------+---------------------------+----------------------------------+------+
| INST             | timestamp                 | ID                               | TT   |
|------------------+---------------------------+----------------------------------+------|
| NSE_EQ:TATAPOWER | 2023-01-24 09:15:00+05:30 | c43c17d41701492e855fc81b25fdf7d9 | SELL |
+------------------+---------------------------+----------------------------------+------+
+----+---------------------------+------------------------+-------+
|    | TIMESTAMP                 | STATE                  | MSG   |
|----+---------------------------+------------------------+-------|
|  0 | 2023-01-24 09:15:00+05:30 | PUT ORDER REQ RECEIVED |       |
|  1 | 2023-01-24 09:15:00+05:30 | VALIDATION PENDING     |       |
|  2 | 2023-01-24 09:15:00+05:30 | OPEN PENDING           |       |
|  3 | 2023-01-24 09:15:00+05:30 | OPEN                   |       |
|  4 | 2023-01-24 09:15:00+05:30 | COMPLETE               |       |
+----+---------------------------+------------------------+-------+

+------------------+---------------------------+----------------------------------+------+
| INST             | timestamp                 | ID                               | TT   |
|------------------+---------------------------+----------------------------------+------|
| NSE_EQ:TATAPOWER | 2023-01-24 15:30:00+05:30 | 0bb8af910f3b401b98acdd4ad65e9f93 | BUY  |
+------------------+---------------------------+----------------------------------+------+
+----+---------------------------+------------------------+-------+
|    | TIMESTAMP                 | STATE                  | MSG   |
|----+---------------------------+------------------------+-------|
|  0 | 2023-01-24 15:30:00+05:30 | PUT ORDER REQ RECEIVED |       |
|  1 | 2023-01-24 15:30:00+05:30 | VALIDATION PENDING     |       |
|  2 | 2023-01-24 15:30:00+05:30 | OPEN PENDING           |       |
|  3 | 2023-01-24 15:30:00+05:30 | OPEN                   |       |
|  4 | 2023-01-24 15:30:00+05:30 | COMPLETE               |       |
+----+---------------------------+------------------------+-------+

+------------------+---------------------------+----------------------------------+------+
| INST             | timestamp                 | ID                               | TT   |
|------------------+---------------------------+----------------------------------+------|
| NSE_EQ:TATAPOWER | 2023-01-25 09:15:00+05:30 | c7809cd6f170470db9a26cd1fedeb1ff | SELL |
+------------------+---------------------------+----------------------------------+------+
+----+---------------------------+------------------------+-------+
|    | TIMESTAMP                 | STATE                  | MSG   |
|----+---------------------------+------------------------+-------|
|  0 | 2023-01-25 09:15:00+05:30 | PUT ORDER REQ RECEIVED |       |
|  1 | 2023-01-25 09:15:00+05:30 | VALIDATION PENDING     |       |
|  2 | 2023-01-25 09:15:00+05:30 | OPEN PENDING           |       |
|  3 | 2023-01-25 09:15:00+05:30 | OPEN                   |       |
|  4 | 2023-01-25 09:15:00+05:30 | COMPLETE               |       |
+----+---------------------------+------------------------+-------+

+------------------+---------------------------+----------------------------------+------+
| INST             | timestamp                 | ID                               | TT   |
|------------------+---------------------------+----------------------------------+------|
| NSE_EQ:TATAPOWER | 2023-01-25 15:30:00+05:30 | 0eea5ddebe414fc3b37a1d87940b042a | BUY  |
+------------------+---------------------------+----------------------------------+------+
+----+---------------------------+------------------------+-------+
|    | TIMESTAMP                 | STATE                  | MSG   |
|----+---------------------------+------------------------+-------|
|  0 | 2023-01-25 15:30:00+05:30 | PUT ORDER REQ RECEIVED |       |
|  1 | 2023-01-25 15:30:00+05:30 | VALIDATION PENDING     |       |
|  2 | 2023-01-25 15:30:00+05:30 | OPEN PENDING           |       |
|  3 | 2023-01-25 15:30:00+05:30 | OPEN                   |       |
|  4 | 2023-01-25 15:30:00+05:30 | COMPLETE               |       |
+----+---------------------------+------------------------+-------+

+------------------+---------------------------+----------------------------------+------+
| INST             | timestamp                 | ID                               | TT   |
|------------------+---------------------------+----------------------------------+------|
| NSE_EQ:TATAPOWER | 2023-01-27 09:15:00+05:30 | 3916248aef3b490d98e80cbffbe45a04 | SELL |
+------------------+---------------------------+----------------------------------+------+
+----+---------------------------+------------------------+-------+
|    | TIMESTAMP                 | STATE                  | MSG   |
|----+---------------------------+------------------------+-------|
|  0 | 2023-01-27 09:15:00+05:30 | PUT ORDER REQ RECEIVED |       |
|  1 | 2023-01-27 09:15:00+05:30 | VALIDATION PENDING     |       |
|  2 | 2023-01-27 09:15:00+05:30 | OPEN PENDING           |       |
|  3 | 2023-01-27 09:15:00+05:30 | OPEN                   |       |
|  4 | 2023-01-27 09:15:00+05:30 | COMPLETE               |       |
+----+---------------------------+------------------------+-------+

+------------------+---------------------------+----------------------------------+------+
| INST             | timestamp                 | ID                               | TT   |
|------------------+---------------------------+----------------------------------+------|
| NSE_EQ:TATAPOWER | 2023-01-27 11:15:00+05:30 | f04baa3fce34483fa44cd377f8b1a8a4 | BUY  |
+------------------+---------------------------+----------------------------------+------+
+----+---------------------------+------------------------+-------+
|    | TIMESTAMP                 | STATE                  | MSG   |
|----+---------------------------+------------------------+-------|
|  0 | 2023-01-27 11:15:00+05:30 | PUT ORDER REQ RECEIVED |       |
|  1 | 2023-01-27 11:15:00+05:30 | VALIDATION PENDING     |       |
|  2 | 2023-01-27 11:15:00+05:30 | OPEN PENDING           |       |
|  3 | 2023-01-27 11:15:00+05:30 | OPEN                   |       |
|  4 | 2023-01-27 11:15:00+05:30 | COMPLETE               |       |
+----+---------------------------+------------------------+-------+

+------------------+---------------------------+----------------------------------+------+
| INST             | timestamp                 | ID                               | TT   |
|------------------+---------------------------+----------------------------------+------|
| NSE_EQ:TATAPOWER | 2023-01-27 11:15:00+05:30 | 9057e2142e4141498b2d85df77006f69 | BUY  |
+------------------+---------------------------+----------------------------------+------+
+----+---------------------------+------------------------+-------+
|    | TIMESTAMP                 | STATE                  | MSG   |
|----+---------------------------+------------------------+-------|
|  0 | 2023-01-27 11:15:00+05:30 | PUT ORDER REQ RECEIVED |       |
|  1 | 2023-01-27 11:15:00+05:30 | VALIDATION PENDING     |       |
|  2 | 2023-01-27 11:15:00+05:30 | OPEN PENDING           |       |
|  3 | 2023-01-27 11:15:00+05:30 | OPEN                   |       |
|  4 | 2023-01-27 11:15:00+05:30 | COMPLETE               |       |
+----+---------------------------+------------------------+-------+

+------------------+---------------------------+----------------------------------+------+
| INST             | timestamp                 | ID                               | TT   |
|------------------+---------------------------+----------------------------------+------|
| NSE_EQ:TATAPOWER | 2023-01-27 15:30:00+05:30 | 40b466186a0b4b1080ed74d5f9c64e00 | SELL |
+------------------+---------------------------+----------------------------------+------+
+----+---------------------------+------------------------+-------+
|    | TIMESTAMP                 | STATE                  | MSG   |
|----+---------------------------+------------------------+-------|
|  0 | 2023-01-27 15:30:00+05:30 | PUT ORDER REQ RECEIVED |       |
|  1 | 2023-01-27 15:30:00+05:30 | VALIDATION PENDING     |       |
|  2 | 2023-01-27 15:30:00+05:30 | OPEN PENDING           |       |
|  3 | 2023-01-27 15:30:00+05:30 | OPEN                   |       |
|  4 | 2023-01-27 15:30:00+05:30 | COMPLETE               |       |
+----+---------------------------+------------------------+-------+

+------------------+---------------------------+----------------------------------+------+
| INST             | timestamp                 | ID                               | TT   |
|------------------+---------------------------+----------------------------------+------|
| NSE_EQ:TATAPOWER | 2023-01-30 09:15:00+05:30 | 0141556d17794406bf2e8b80915a52f7 | BUY  |
+------------------+---------------------------+----------------------------------+------+
+----+---------------------------+------------------------+-------+
|    | TIMESTAMP                 | STATE                  | MSG   |
|----+---------------------------+------------------------+-------|
|  0 | 2023-01-30 09:15:00+05:30 | PUT ORDER REQ RECEIVED |       |
|  1 | 2023-01-30 09:15:00+05:30 | VALIDATION PENDING     |       |
|  2 | 2023-01-30 09:15:00+05:30 | OPEN PENDING           |       |
|  3 | 2023-01-30 09:15:00+05:30 | OPEN                   |       |
|  4 | 2023-01-30 09:15:00+05:30 | COMPLETE               |       |
+----+---------------------------+------------------------+-------+

+------------------+---------------------------+----------------------------------+------+
| INST             | timestamp                 | ID                               | TT   |
|------------------+---------------------------+----------------------------------+------|
| NSE_EQ:TATAPOWER | 2023-01-30 15:30:00+05:30 | fb0bddd874e04f4eb9dbf71fb1f3f52e | SELL |
+------------------+---------------------------+----------------------------------+------+
+----+---------------------------+------------------------+-------+
|    | TIMESTAMP                 | STATE                  | MSG   |
|----+---------------------------+------------------------+-------|
|  0 | 2023-01-30 15:30:00+05:30 | PUT ORDER REQ RECEIVED |       |
|  1 | 2023-01-30 15:30:00+05:30 | VALIDATION PENDING     |       |
|  2 | 2023-01-30 15:30:00+05:30 | OPEN PENDING           |       |
|  3 | 2023-01-30 15:30:00+05:30 | OPEN                   |       |
|  4 | 2023-01-30 15:30:00+05:30 | COMPLETE               |       |
+----+---------------------------+------------------------+-------+

+------------------+---------------------------+----------------------------------+------+
| INST             | timestamp                 | ID                               | TT   |
|------------------+---------------------------+----------------------------------+------|
| NSE_EQ:TATAPOWER | 2023-01-31 09:15:00+05:30 | 11e5c05f32024050888500487437e67e | BUY  |
+------------------+---------------------------+----------------------------------+------+
+----+---------------------------+------------------------+-------+
|    | TIMESTAMP                 | STATE                  | MSG   |
|----+---------------------------+------------------------+-------|
|  0 | 2023-01-31 09:15:00+05:30 | PUT ORDER REQ RECEIVED |       |
|  1 | 2023-01-31 09:15:00+05:30 | VALIDATION PENDING     |       |
|  2 | 2023-01-31 09:15:00+05:30 | OPEN PENDING           |       |
|  3 | 2023-01-31 09:15:00+05:30 | OPEN                   |       |
|  4 | 2023-01-31 09:15:00+05:30 | COMPLETE               |       |
+----+---------------------------+------------------------+-------+

+------------------+---------------------------+----------------------------------+------+
| INST             | timestamp                 | ID                               | TT   |
|------------------+---------------------------+----------------------------------+------|
| NSE_EQ:TATAPOWER | 2023-01-31 15:30:00+05:30 | c386dfc5f0e04ddcaaf5fe33e9ed6665 | SELL |
+------------------+---------------------------+----------------------------------+------+
+----+---------------------------+------------------------+-------+
|    | TIMESTAMP                 | STATE                  | MSG   |
|----+---------------------------+------------------------+-------|
|  0 | 2023-01-31 15:30:00+05:30 | PUT ORDER REQ RECEIVED |       |
|  1 | 2023-01-31 15:30:00+05:30 | VALIDATION PENDING     |       |
|  2 | 2023-01-31 15:30:00+05:30 | OPEN PENDING           |       |
|  3 | 2023-01-31 15:30:00+05:30 | OPEN                   |       |
|  4 | 2023-01-31 15:30:00+05:30 | COMPLETE               |       |
+----+---------------------------+------------------------+-------+

+------------------+---------------------------+----------------------------------+------+
| INST             | timestamp                 | ID                               | TT   |
|------------------+---------------------------+----------------------------------+------|
| NSE_EQ:TATAPOWER | 2023-02-01 09:15:00+05:30 | 13410401a5d04417bef933149ea99ea0 | BUY  |
+------------------+---------------------------+----------------------------------+------+
+----+---------------------------+------------------------+-------+
|    | TIMESTAMP                 | STATE                  | MSG   |
|----+---------------------------+------------------------+-------|
|  0 | 2023-02-01 09:15:00+05:30 | PUT ORDER REQ RECEIVED |       |
|  1 | 2023-02-01 09:15:00+05:30 | VALIDATION PENDING     |       |
|  2 | 2023-02-01 09:15:00+05:30 | OPEN PENDING           |       |
|  3 | 2023-02-01 09:15:00+05:30 | OPEN                   |       |
|  4 | 2023-02-01 09:15:00+05:30 | COMPLETE               |       |
+----+---------------------------+------------------------+-------+

+------------------+---------------------------+----------------------------------+------+
| INST             | timestamp                 | ID                               | TT   |
|------------------+---------------------------+----------------------------------+------|
| NSE_EQ:TATAPOWER | 2023-02-01 15:30:00+05:30 | 49663fd015cb48aeb4b816c5d82b1e8c | SELL |
+------------------+---------------------------+----------------------------------+------+
+----+---------------------------+------------------------+-------+
|    | TIMESTAMP                 | STATE                  | MSG   |
|----+---------------------------+------------------------+-------|
|  0 | 2023-02-01 15:30:00+05:30 | PUT ORDER REQ RECEIVED |       |
|  1 | 2023-02-01 15:30:00+05:30 | VALIDATION PENDING     |       |
|  2 | 2023-02-01 15:30:00+05:30 | OPEN PENDING           |       |
|  3 | 2023-02-01 15:30:00+05:30 | OPEN                   |       |
|  4 | 2023-02-01 15:30:00+05:30 | COMPLETE               |       |
+----+---------------------------+------------------------+-------+

+------------------+---------------------------+----------------------------------+------+
| INST             | timestamp                 | ID                               | TT   |
|------------------+---------------------------+----------------------------------+------|
| NSE_EQ:TATAPOWER | 2023-02-02 09:15:00+05:30 | 34aeac1dc1fe4460ac2d5ca9a1875c6a | BUY  |
+------------------+---------------------------+----------------------------------+------+
+----+---------------------------+------------------------+-------+
|    | TIMESTAMP                 | STATE                  | MSG   |
|----+---------------------------+------------------------+-------|
|  0 | 2023-02-02 09:15:00+05:30 | PUT ORDER REQ RECEIVED |       |
|  1 | 2023-02-02 09:15:00+05:30 | VALIDATION PENDING     |       |
|  2 | 2023-02-02 09:15:00+05:30 | OPEN PENDING           |       |
|  3 | 2023-02-02 09:15:00+05:30 | OPEN                   |       |
|  4 | 2023-02-02 09:15:00+05:30 | COMPLETE               |       |
+----+---------------------------+------------------------+-------+

+------------------+---------------------------+----------------------------------+------+
| INST             | timestamp                 | ID                               | TT   |
|------------------+---------------------------+----------------------------------+------|
| NSE_EQ:TATAPOWER | 2023-02-02 15:30:00+05:30 | 6251f44db92941f39f373e41a5213187 | SELL |
+------------------+---------------------------+----------------------------------+------+
+----+---------------------------+------------------------+-------+
|    | TIMESTAMP                 | STATE                  | MSG   |
|----+---------------------------+------------------------+-------|
|  0 | 2023-02-02 15:30:00+05:30 | PUT ORDER REQ RECEIVED |       |
|  1 | 2023-02-02 15:30:00+05:30 | VALIDATION PENDING     |       |
|  2 | 2023-02-02 15:30:00+05:30 | OPEN PENDING           |       |
|  3 | 2023-02-02 15:30:00+05:30 | OPEN                   |       |
|  4 | 2023-02-02 15:30:00+05:30 | COMPLETE               |       |
+----+---------------------------+------------------------+-------+

+------------------+---------------------------+----------------------------------+------+
| INST             | timestamp                 | ID                               | TT   |
|------------------+---------------------------+----------------------------------+------|
| NSE_EQ:TATAPOWER | 2023-02-03 09:15:00+05:30 | eb76d4e7aa8b420cac23c1fbc57fcf83 | BUY  |
+------------------+---------------------------+----------------------------------+------+
+----+---------------------------+------------------------+-------+
|    | TIMESTAMP                 | STATE                  | MSG   |
|----+---------------------------+------------------------+-------|
|  0 | 2023-02-03 09:15:00+05:30 | PUT ORDER REQ RECEIVED |       |
|  1 | 2023-02-03 09:15:00+05:30 | VALIDATION PENDING     |       |
|  2 | 2023-02-03 09:15:00+05:30 | OPEN PENDING           |       |
|  3 | 2023-02-03 09:15:00+05:30 | OPEN                   |       |
|  4 | 2023-02-03 09:15:00+05:30 | COMPLETE               |       |
+----+---------------------------+------------------------+-------+

+------------------+---------------------------+----------------------------------+------+
| INST             | timestamp                 | ID                               | TT   |
|------------------+---------------------------+----------------------------------+------|
| NSE_EQ:TATAPOWER | 2023-02-03 15:30:00+05:30 | 7579459acbd64acd8cb15a3ad02989f1 | SELL |
+------------------+---------------------------+----------------------------------+------+
+----+---------------------------+------------------------+-------+
|    | TIMESTAMP                 | STATE                  | MSG   |
|----+---------------------------+------------------------+-------|
|  0 | 2023-02-03 15:30:00+05:30 | PUT ORDER REQ RECEIVED |       |
|  1 | 2023-02-03 15:30:00+05:30 | VALIDATION PENDING     |       |
|  2 | 2023-02-03 15:30:00+05:30 | OPEN PENDING           |       |
|  3 | 2023-02-03 15:30:00+05:30 | OPEN                   |       |
|  4 | 2023-02-03 15:30:00+05:30 | COMPLETE               |       |
+----+---------------------------+------------------------+-------+

+------------------+---------------------------+----------------------------------+------+
| INST             | timestamp                 | ID                               | TT   |
|------------------+---------------------------+----------------------------------+------|
| NSE_EQ:TATAPOWER | 2023-02-06 09:15:00+05:30 | 278304d2ca474605b7cee9b2d8be7347 | BUY  |
+------------------+---------------------------+----------------------------------+------+
+----+---------------------------+------------------------+-------+
|    | TIMESTAMP                 | STATE                  | MSG   |
|----+---------------------------+------------------------+-------|
|  0 | 2023-02-06 09:15:00+05:30 | PUT ORDER REQ RECEIVED |       |
|  1 | 2023-02-06 09:15:00+05:30 | VALIDATION PENDING     |       |
|  2 | 2023-02-06 09:15:00+05:30 | OPEN PENDING           |       |
|  3 | 2023-02-06 09:15:00+05:30 | OPEN                   |       |
|  4 | 2023-02-06 09:15:00+05:30 | COMPLETE               |       |
+----+---------------------------+------------------------+-------+

+------------------+---------------------------+----------------------------------+------+
| INST             | timestamp                 | ID                               | TT   |
|------------------+---------------------------+----------------------------------+------|
| NSE_EQ:TATAPOWER | 2023-02-06 15:30:00+05:30 | 20eaeaec2bd043499f5467c61e2c7b61 | SELL |
+------------------+---------------------------+----------------------------------+------+
+----+---------------------------+------------------------+-------+
|    | TIMESTAMP                 | STATE                  | MSG   |
|----+---------------------------+------------------------+-------|
|  0 | 2023-02-06 15:30:00+05:30 | PUT ORDER REQ RECEIVED |       |
|  1 | 2023-02-06 15:30:00+05:30 | VALIDATION PENDING     |       |
|  2 | 2023-02-06 15:30:00+05:30 | OPEN PENDING           |       |
|  3 | 2023-02-06 15:30:00+05:30 | OPEN                   |       |
|  4 | 2023-02-06 15:30:00+05:30 | COMPLETE               |       |
+----+---------------------------+------------------------+-------+

+------------------+---------------------------+----------------------------------+------+
| INST             | timestamp                 | ID                               | TT   |
|------------------+---------------------------+----------------------------------+------|
| NSE_EQ:TATAPOWER | 2023-02-07 09:15:00+05:30 | 2808a37492ad4ae986814c96ae71811c | BUY  |
+------------------+---------------------------+----------------------------------+------+
+----+---------------------------+------------------------+-------+
|    | TIMESTAMP                 | STATE                  | MSG   |
|----+---------------------------+------------------------+-------|
|  0 | 2023-02-07 09:15:00+05:30 | PUT ORDER REQ RECEIVED |       |
|  1 | 2023-02-07 09:15:00+05:30 | VALIDATION PENDING     |       |
|  2 | 2023-02-07 09:15:00+05:30 | OPEN PENDING           |       |
|  3 | 2023-02-07 09:15:00+05:30 | OPEN                   |       |
|  4 | 2023-02-07 09:15:00+05:30 | COMPLETE               |       |
+----+---------------------------+------------------------+-------+

+------------------+---------------------------+----------------------------------+------+
| INST             | timestamp                 | ID                               | TT   |
|------------------+---------------------------+----------------------------------+------|
| NSE_EQ:TATAPOWER | 2023-02-07 15:30:00+05:30 | bc255e3f9933405a88edd519a96ed64e | SELL |
+------------------+---------------------------+----------------------------------+------+
+----+---------------------------+------------------------+-------+
|    | TIMESTAMP                 | STATE                  | MSG   |
|----+---------------------------+------------------------+-------|
|  0 | 2023-02-07 15:30:00+05:30 | PUT ORDER REQ RECEIVED |       |
|  1 | 2023-02-07 15:30:00+05:30 | VALIDATION PENDING     |       |
|  2 | 2023-02-07 15:30:00+05:30 | OPEN PENDING           |       |
|  3 | 2023-02-07 15:30:00+05:30 | OPEN                   |       |
|  4 | 2023-02-07 15:30:00+05:30 | COMPLETE               |       |
+----+---------------------------+------------------------+-------+

+------------------+---------------------------+----------------------------------+------+
| INST             | timestamp                 | ID                               | TT   |
|------------------+---------------------------+----------------------------------+------|
| NSE_EQ:TATAPOWER | 2023-02-08 09:15:00+05:30 | 63c267b6799143158685de4c8cc420b9 | BUY  |
+------------------+---------------------------+----------------------------------+------+
+----+---------------------------+------------------------+-------+
|    | TIMESTAMP                 | STATE                  | MSG   |
|----+---------------------------+------------------------+-------|
|  0 | 2023-02-08 09:15:00+05:30 | PUT ORDER REQ RECEIVED |       |
|  1 | 2023-02-08 09:15:00+05:30 | VALIDATION PENDING     |       |
|  2 | 2023-02-08 09:15:00+05:30 | OPEN PENDING           |       |
|  3 | 2023-02-08 09:15:00+05:30 | OPEN                   |       |
|  4 | 2023-02-08 09:15:00+05:30 | COMPLETE               |       |
+----+---------------------------+------------------------+-------+

+------------------+---------------------------+----------------------------------+------+
| INST             | timestamp                 | ID                               | TT   |
|------------------+---------------------------+----------------------------------+------|
| NSE_EQ:TATAPOWER | 2023-02-08 15:30:00+05:30 | 618110e4a3bd49ddb1a5710c51714274 | SELL |
+------------------+---------------------------+----------------------------------+------+
+----+---------------------------+------------------------+-------+
|    | TIMESTAMP                 | STATE                  | MSG   |
|----+---------------------------+------------------------+-------|
|  0 | 2023-02-08 15:30:00+05:30 | PUT ORDER REQ RECEIVED |       |
|  1 | 2023-02-08 15:30:00+05:30 | VALIDATION PENDING     |       |
|  2 | 2023-02-08 15:30:00+05:30 | OPEN PENDING           |       |
|  3 | 2023-02-08 15:30:00+05:30 | OPEN                   |       |
|  4 | 2023-02-08 15:30:00+05:30 | COMPLETE               |       |
+----+---------------------------+------------------------+-------+

+------------------+---------------------------+----------------------------------+------+
| INST             | timestamp                 | ID                               | TT   |
|------------------+---------------------------+----------------------------------+------|
| NSE_EQ:TATAPOWER | 2023-02-09 09:15:00+05:30 | 15dfe886cbb640679cd75ca29caf547a | BUY  |
+------------------+---------------------------+----------------------------------+------+
+----+---------------------------+------------------------+-------+
|    | TIMESTAMP                 | STATE                  | MSG   |
|----+---------------------------+------------------------+-------|
|  0 | 2023-02-09 09:15:00+05:30 | PUT ORDER REQ RECEIVED |       |
|  1 | 2023-02-09 09:15:00+05:30 | VALIDATION PENDING     |       |
|  2 | 2023-02-09 09:15:00+05:30 | OPEN PENDING           |       |
|  3 | 2023-02-09 09:15:00+05:30 | OPEN                   |       |
|  4 | 2023-02-09 09:15:00+05:30 | COMPLETE               |       |
+----+---------------------------+------------------------+-------+

+------------------+---------------------------+----------------------------------+------+
| INST             | timestamp                 | ID                               | TT   |
|------------------+---------------------------+----------------------------------+------|
| NSE_EQ:TATAPOWER | 2023-02-09 15:30:00+05:30 | bae656cb5cc64483940e52dd4085aa34 | SELL |
+------------------+---------------------------+----------------------------------+------+
+----+---------------------------+------------------------+-------+
|    | TIMESTAMP                 | STATE                  | MSG   |
|----+---------------------------+------------------------+-------|
|  0 | 2023-02-09 15:30:00+05:30 | PUT ORDER REQ RECEIVED |       |
|  1 | 2023-02-09 15:30:00+05:30 | VALIDATION PENDING     |       |
|  2 | 2023-02-09 15:30:00+05:30 | OPEN PENDING           |       |
|  3 | 2023-02-09 15:30:00+05:30 | OPEN                   |       |
|  4 | 2023-02-09 15:30:00+05:30 | COMPLETE               |       |
+----+---------------------------+------------------------+-------+

+------------------+---------------------------+----------------------------------+------+
| INST             | timestamp                 | ID                               | TT   |
|------------------+---------------------------+----------------------------------+------|
| NSE_EQ:TATAPOWER | 2023-02-10 09:15:00+05:30 | ec09133825ea48cd85a85974665e531d | BUY  |
+------------------+---------------------------+----------------------------------+------+
+----+---------------------------+------------------------+-------+
|    | TIMESTAMP                 | STATE                  | MSG   |
|----+---------------------------+------------------------+-------|
|  0 | 2023-02-10 09:15:00+05:30 | PUT ORDER REQ RECEIVED |       |
|  1 | 2023-02-10 09:15:00+05:30 | VALIDATION PENDING     |       |
|  2 | 2023-02-10 09:15:00+05:30 | OPEN PENDING           |       |
|  3 | 2023-02-10 09:15:00+05:30 | OPEN                   |       |
|  4 | 2023-02-10 09:15:00+05:30 | COMPLETE               |       |
+----+---------------------------+------------------------+-------+

+------------------+---------------------------+----------------------------------+------+
| INST             | timestamp                 | ID                               | TT   |
|------------------+---------------------------+----------------------------------+------|
| NSE_EQ:TATAPOWER | 2023-02-10 14:15:00+05:30 | da406c88cc8b43568d0147145c6a5da1 | SELL |
+------------------+---------------------------+----------------------------------+------+
+----+---------------------------+------------------------+-------+
|    | TIMESTAMP                 | STATE                  | MSG   |
|----+---------------------------+------------------------+-------|
|  0 | 2023-02-10 14:15:00+05:30 | PUT ORDER REQ RECEIVED |       |
|  1 | 2023-02-10 14:15:00+05:30 | VALIDATION PENDING     |       |
|  2 | 2023-02-10 14:15:00+05:30 | OPEN PENDING           |       |
|  3 | 2023-02-10 14:15:00+05:30 | OPEN                   |       |
|  4 | 2023-02-10 14:15:00+05:30 | COMPLETE               |       |
+----+---------------------------+------------------------+-------+

+------------------+---------------------------+----------------------------------+------+
| INST             | timestamp                 | ID                               | TT   |
|------------------+---------------------------+----------------------------------+------|
| NSE_EQ:TATAPOWER | 2023-02-10 14:15:00+05:30 | 818289410dcc42178ce7f0d2e820b3ef | SELL |
+------------------+---------------------------+----------------------------------+------+
+----+---------------------------+------------------------+-------+
|    | TIMESTAMP                 | STATE                  | MSG   |
|----+---------------------------+------------------------+-------|
|  0 | 2023-02-10 14:15:00+05:30 | PUT ORDER REQ RECEIVED |       |
|  1 | 2023-02-10 14:15:00+05:30 | VALIDATION PENDING     |       |
|  2 | 2023-02-10 14:15:00+05:30 | OPEN PENDING           |       |
|  3 | 2023-02-10 14:15:00+05:30 | OPEN                   |       |
|  4 | 2023-02-10 14:15:00+05:30 | COMPLETE               |       |
+----+---------------------------+------------------------+-------+

+------------------+---------------------------+----------------------------------+------+
| INST             | timestamp                 | ID                               | TT   |
|------------------+---------------------------+----------------------------------+------|
| NSE_EQ:TATAPOWER | 2023-02-10 15:30:00+05:30 | 8f9f34806fac40f1a5eaf7edfeca4cf6 | BUY  |
+------------------+---------------------------+----------------------------------+------+
+----+---------------------------+------------------------+-------+
|    | TIMESTAMP                 | STATE                  | MSG   |
|----+---------------------------+------------------------+-------|
|  0 | 2023-02-10 15:30:00+05:30 | PUT ORDER REQ RECEIVED |       |
|  1 | 2023-02-10 15:30:00+05:30 | VALIDATION PENDING     |       |
|  2 | 2023-02-10 15:30:00+05:30 | OPEN PENDING           |       |
|  3 | 2023-02-10 15:30:00+05:30 | OPEN                   |       |
|  4 | 2023-02-10 15:30:00+05:30 | COMPLETE               |       |
+----+---------------------------+------------------------+-------+

+------------------+---------------------------+----------------------------------+------+
| INST             | timestamp                 | ID                               | TT   |
|------------------+---------------------------+----------------------------------+------|
| NSE_EQ:TATAPOWER | 2023-02-13 09:15:00+05:30 | 98c737e7e2884d709363d832d0d24c50 | SELL |
+------------------+---------------------------+----------------------------------+------+
+----+---------------------------+------------------------+-------+
|    | TIMESTAMP                 | STATE                  | MSG   |
|----+---------------------------+------------------------+-------|
|  0 | 2023-02-13 09:15:00+05:30 | PUT ORDER REQ RECEIVED |       |
|  1 | 2023-02-13 09:15:00+05:30 | VALIDATION PENDING     |       |
|  2 | 2023-02-13 09:15:00+05:30 | OPEN PENDING           |       |
|  3 | 2023-02-13 09:15:00+05:30 | OPEN                   |       |
|  4 | 2023-02-13 09:15:00+05:30 | COMPLETE               |       |
+----+---------------------------+------------------------+-------+

+------------------+---------------------------+----------------------------------+------+
| INST             | timestamp                 | ID                               | TT   |
|------------------+---------------------------+----------------------------------+------|
| NSE_EQ:TATAPOWER | 2023-02-13 15:30:00+05:30 | d40ad50a9d244e1887b676e8ab7146f8 | BUY  |
+------------------+---------------------------+----------------------------------+------+
+----+---------------------------+------------------------+-------+
|    | TIMESTAMP                 | STATE                  | MSG   |
|----+---------------------------+------------------------+-------|
|  0 | 2023-02-13 15:30:00+05:30 | PUT ORDER REQ RECEIVED |       |
|  1 | 2023-02-13 15:30:00+05:30 | VALIDATION PENDING     |       |
|  2 | 2023-02-13 15:30:00+05:30 | OPEN PENDING           |       |
|  3 | 2023-02-13 15:30:00+05:30 | OPEN                   |       |
|  4 | 2023-02-13 15:30:00+05:30 | COMPLETE               |       |
+----+---------------------------+------------------------+-------+

+------------------+---------------------------+----------------------------------+------+
| INST             | timestamp                 | ID                               | TT   |
|------------------+---------------------------+----------------------------------+------|
| NSE_EQ:TATAPOWER | 2023-02-14 09:15:00+05:30 | 739e28cc13c9432db8db1c23829f1eb0 | SELL |
+------------------+---------------------------+----------------------------------+------+
+----+---------------------------+------------------------+-------+
|    | TIMESTAMP                 | STATE                  | MSG   |
|----+---------------------------+------------------------+-------|
|  0 | 2023-02-14 09:15:00+05:30 | PUT ORDER REQ RECEIVED |       |
|  1 | 2023-02-14 09:15:00+05:30 | VALIDATION PENDING     |       |
|  2 | 2023-02-14 09:15:00+05:30 | OPEN PENDING           |       |
|  3 | 2023-02-14 09:15:00+05:30 | OPEN                   |       |
|  4 | 2023-02-14 09:15:00+05:30 | COMPLETE               |       |
+----+---------------------------+------------------------+-------+

+------------------+---------------------------+----------------------------------+------+
| INST             | timestamp                 | ID                               | TT   |
|------------------+---------------------------+----------------------------------+------|
| NSE_EQ:TATAPOWER | 2023-02-14 15:30:00+05:30 | 66329b681d57443689458c828d76e7f7 | BUY  |
+------------------+---------------------------+----------------------------------+------+
+----+---------------------------+------------------------+-------+
|    | TIMESTAMP                 | STATE                  | MSG   |
|----+---------------------------+------------------------+-------|
|  0 | 2023-02-14 15:30:00+05:30 | PUT ORDER REQ RECEIVED |       |
|  1 | 2023-02-14 15:30:00+05:30 | VALIDATION PENDING     |       |
|  2 | 2023-02-14 15:30:00+05:30 | OPEN PENDING           |       |
|  3 | 2023-02-14 15:30:00+05:30 | OPEN                   |       |
|  4 | 2023-02-14 15:30:00+05:30 | COMPLETE               |       |
+----+---------------------------+------------------------+-------+

+------------------+---------------------------+----------------------------------+------+
| INST             | timestamp                 | ID                               | TT   |
|------------------+---------------------------+----------------------------------+------|
| NSE_EQ:TATAPOWER | 2023-02-15 09:15:00+05:30 | 7047a97db4e7485a8747b11d74136703 | SELL |
+------------------+---------------------------+----------------------------------+------+
+----+---------------------------+------------------------+-------+
|    | TIMESTAMP                 | STATE                  | MSG   |
|----+---------------------------+------------------------+-------|
|  0 | 2023-02-15 09:15:00+05:30 | PUT ORDER REQ RECEIVED |       |
|  1 | 2023-02-15 09:15:00+05:30 | VALIDATION PENDING     |       |
|  2 | 2023-02-15 09:15:00+05:30 | OPEN PENDING           |       |
|  3 | 2023-02-15 09:15:00+05:30 | OPEN                   |       |
|  4 | 2023-02-15 09:15:00+05:30 | COMPLETE               |       |
+----+---------------------------+------------------------+-------+

+------------------+---------------------------+----------------------------------+------+
| INST             | timestamp                 | ID                               | TT   |
|------------------+---------------------------+----------------------------------+------|
| NSE_EQ:TATAPOWER | 2023-02-15 15:30:00+05:30 | a43c880f832b4573b0b51eabd0460243 | BUY  |
+------------------+---------------------------+----------------------------------+------+
+----+---------------------------+------------------------+-------+
|    | TIMESTAMP                 | STATE                  | MSG   |
|----+---------------------------+------------------------+-------|
|  0 | 2023-02-15 15:30:00+05:30 | PUT ORDER REQ RECEIVED |       |
|  1 | 2023-02-15 15:30:00+05:30 | VALIDATION PENDING     |       |
|  2 | 2023-02-15 15:30:00+05:30 | OPEN PENDING           |       |
|  3 | 2023-02-15 15:30:00+05:30 | OPEN                   |       |
|  4 | 2023-02-15 15:30:00+05:30 | COMPLETE               |       |
+----+---------------------------+------------------------+-------+

+------------------+---------------------------+----------------------------------+------+
| INST             | timestamp                 | ID                               | TT   |
|------------------+---------------------------+----------------------------------+------|
| NSE_EQ:TATAPOWER | 2023-02-16 09:15:00+05:30 | 79fdb4affa2341529ff77e7b1f5ac8a6 | SELL |
+------------------+---------------------------+----------------------------------+------+
+----+---------------------------+------------------------+-------+
|    | TIMESTAMP                 | STATE                  | MSG   |
|----+---------------------------+------------------------+-------|
|  0 | 2023-02-16 09:15:00+05:30 | PUT ORDER REQ RECEIVED |       |
|  1 | 2023-02-16 09:15:00+05:30 | VALIDATION PENDING     |       |
|  2 | 2023-02-16 09:15:00+05:30 | OPEN PENDING           |       |
|  3 | 2023-02-16 09:15:00+05:30 | OPEN                   |       |
|  4 | 2023-02-16 09:15:00+05:30 | COMPLETE               |       |
+----+---------------------------+------------------------+-------+

+------------------+---------------------------+----------------------------------+------+
| INST             | timestamp                 | ID                               | TT   |
|------------------+---------------------------+----------------------------------+------|
| NSE_EQ:TATAPOWER | 2023-02-16 15:30:00+05:30 | 59eb9897f5a849869642d97f26f504ce | BUY  |
+------------------+---------------------------+----------------------------------+------+
+----+---------------------------+------------------------+-------+
|    | TIMESTAMP                 | STATE                  | MSG   |
|----+---------------------------+------------------------+-------|
|  0 | 2023-02-16 15:30:00+05:30 | PUT ORDER REQ RECEIVED |       |
|  1 | 2023-02-16 15:30:00+05:30 | VALIDATION PENDING     |       |
|  2 | 2023-02-16 15:30:00+05:30 | OPEN PENDING           |       |
|  3 | 2023-02-16 15:30:00+05:30 | OPEN                   |       |
|  4 | 2023-02-16 15:30:00+05:30 | COMPLETE               |       |
+----+---------------------------+------------------------+-------+

+------------------+---------------------------+----------------------------------+------+
| INST             | timestamp                 | ID                               | TT   |
|------------------+---------------------------+----------------------------------+------|
| NSE_EQ:TATAPOWER | 2023-02-17 09:15:00+05:30 | cb2a6e45903149a694835880ebeaaf83 | SELL |
+------------------+---------------------------+----------------------------------+------+
+----+---------------------------+------------------------+-------+
|    | TIMESTAMP                 | STATE                  | MSG   |
|----+---------------------------+------------------------+-------|
|  0 | 2023-02-17 09:15:00+05:30 | PUT ORDER REQ RECEIVED |       |
|  1 | 2023-02-17 09:15:00+05:30 | VALIDATION PENDING     |       |
|  2 | 2023-02-17 09:15:00+05:30 | OPEN PENDING           |       |
|  3 | 2023-02-17 09:15:00+05:30 | OPEN                   |       |
|  4 | 2023-02-17 09:15:00+05:30 | COMPLETE               |       |
+----+---------------------------+------------------------+-------+

+------------------+---------------------------+----------------------------------+------+
| INST             | timestamp                 | ID                               | TT   |
|------------------+---------------------------+----------------------------------+------|
| NSE_EQ:TATAPOWER | 2023-02-17 15:30:00+05:30 | cbe8b5ddcef44f729a0c0fb6c65e618b | BUY  |
+------------------+---------------------------+----------------------------------+------+
+----+---------------------------+------------------------+-------+
|    | TIMESTAMP                 | STATE                  | MSG   |
|----+---------------------------+------------------------+-------|
|  0 | 2023-02-17 15:30:00+05:30 | PUT ORDER REQ RECEIVED |       |
|  1 | 2023-02-17 15:30:00+05:30 | VALIDATION PENDING     |       |
|  2 | 2023-02-17 15:30:00+05:30 | OPEN PENDING           |       |
|  3 | 2023-02-17 15:30:00+05:30 | OPEN                   |       |
|  4 | 2023-02-17 15:30:00+05:30 | COMPLETE               |       |
+----+---------------------------+------------------------+-------+

+------------------+---------------------------+----------------------------------+------+
| INST             | timestamp                 | ID                               | TT   |
|------------------+---------------------------+----------------------------------+------|
| NSE_EQ:TATAPOWER | 2023-02-20 09:15:00+05:30 | 2e8039c688c54d9eb85a1eda700c681e | SELL |
+------------------+---------------------------+----------------------------------+------+
+----+---------------------------+------------------------+-------+
|    | TIMESTAMP                 | STATE                  | MSG   |
|----+---------------------------+------------------------+-------|
|  0 | 2023-02-20 09:15:00+05:30 | PUT ORDER REQ RECEIVED |       |
|  1 | 2023-02-20 09:15:00+05:30 | VALIDATION PENDING     |       |
|  2 | 2023-02-20 09:15:00+05:30 | OPEN PENDING           |       |
|  3 | 2023-02-20 09:15:00+05:30 | OPEN                   |       |
|  4 | 2023-02-20 09:15:00+05:30 | COMPLETE               |       |
+----+---------------------------+------------------------+-------+

+------------------+---------------------------+----------------------------------+------+
| INST             | timestamp                 | ID                               | TT   |
|------------------+---------------------------+----------------------------------+------|
| NSE_EQ:TATAPOWER | 2023-02-20 15:30:00+05:30 | 1963ad0499fe4c74bff0f24b1fb05de0 | BUY  |
+------------------+---------------------------+----------------------------------+------+
+----+---------------------------+------------------------+-------+
|    | TIMESTAMP                 | STATE                  | MSG   |
|----+---------------------------+------------------------+-------|
|  0 | 2023-02-20 15:30:00+05:30 | PUT ORDER REQ RECEIVED |       |
|  1 | 2023-02-20 15:30:00+05:30 | VALIDATION PENDING     |       |
|  2 | 2023-02-20 15:30:00+05:30 | OPEN PENDING           |       |
|  3 | 2023-02-20 15:30:00+05:30 | OPEN                   |       |
|  4 | 2023-02-20 15:30:00+05:30 | COMPLETE               |       |
+----+---------------------------+------------------------+-------+

+------------------+---------------------------+----------------------------------+------+
| INST             | timestamp                 | ID                               | TT   |
|------------------+---------------------------+----------------------------------+------|
| NSE_EQ:TATAPOWER | 2023-02-21 09:15:00+05:30 | b20a3c55c50641fe9b5f128de3883796 | SELL |
+------------------+---------------------------+----------------------------------+------+
+----+---------------------------+------------------------+-------+
|    | TIMESTAMP                 | STATE                  | MSG   |
|----+---------------------------+------------------------+-------|
|  0 | 2023-02-21 09:15:00+05:30 | PUT ORDER REQ RECEIVED |       |
|  1 | 2023-02-21 09:15:00+05:30 | VALIDATION PENDING     |       |
|  2 | 2023-02-21 09:15:00+05:30 | OPEN PENDING           |       |
|  3 | 2023-02-21 09:15:00+05:30 | OPEN                   |       |
|  4 | 2023-02-21 09:15:00+05:30 | COMPLETE               |       |
+----+---------------------------+------------------------+-------+

+------------------+---------------------------+----------------------------------+------+
| INST             | timestamp                 | ID                               | TT   |
|------------------+---------------------------+----------------------------------+------|
| NSE_EQ:TATAPOWER | 2023-02-21 15:30:00+05:30 | b124c5843d1e456fad43f5a91769d867 | BUY  |
+------------------+---------------------------+----------------------------------+------+
+----+---------------------------+------------------------+-------+
|    | TIMESTAMP                 | STATE                  | MSG   |
|----+---------------------------+------------------------+-------|
|  0 | 2023-02-21 15:30:00+05:30 | PUT ORDER REQ RECEIVED |       |
|  1 | 2023-02-21 15:30:00+05:30 | VALIDATION PENDING     |       |
|  2 | 2023-02-21 15:30:00+05:30 | OPEN PENDING           |       |
|  3 | 2023-02-21 15:30:00+05:30 | OPEN                   |       |
|  4 | 2023-02-21 15:30:00+05:30 | COMPLETE               |       |
+----+---------------------------+------------------------+-------+

+------------------+---------------------------+----------------------------------+------+
| INST             | timestamp                 | ID                               | TT   |
|------------------+---------------------------+----------------------------------+------|
| NSE_EQ:TATAPOWER | 2023-02-22 09:15:00+05:30 | 46c0e8c3cda84e7cb99b30fda431c41b | SELL |
+------------------+---------------------------+----------------------------------+------+
+----+---------------------------+------------------------+-------+
|    | TIMESTAMP                 | STATE                  | MSG   |
|----+---------------------------+------------------------+-------|
|  0 | 2023-02-22 09:15:00+05:30 | PUT ORDER REQ RECEIVED |       |
|  1 | 2023-02-22 09:15:00+05:30 | VALIDATION PENDING     |       |
|  2 | 2023-02-22 09:15:00+05:30 | OPEN PENDING           |       |
|  3 | 2023-02-22 09:15:00+05:30 | OPEN                   |       |
|  4 | 2023-02-22 09:15:00+05:30 | COMPLETE               |       |
+----+---------------------------+------------------------+-------+

+------------------+---------------------------+----------------------------------+------+
| INST             | timestamp                 | ID                               | TT   |
|------------------+---------------------------+----------------------------------+------|
| NSE_EQ:TATAPOWER | 2023-02-22 15:30:00+05:30 | 9ad1a2e60ce640bbabfe9f17443bed7a | BUY  |
+------------------+---------------------------+----------------------------------+------+
+----+---------------------------+------------------------+-------+
|    | TIMESTAMP                 | STATE                  | MSG   |
|----+---------------------------+------------------------+-------|
|  0 | 2023-02-22 15:30:00+05:30 | PUT ORDER REQ RECEIVED |       |
|  1 | 2023-02-22 15:30:00+05:30 | VALIDATION PENDING     |       |
|  2 | 2023-02-22 15:30:00+05:30 | OPEN PENDING           |       |
|  3 | 2023-02-22 15:30:00+05:30 | OPEN                   |       |
|  4 | 2023-02-22 15:30:00+05:30 | COMPLETE               |       |
+----+---------------------------+------------------------+-------+

+------------------+---------------------------+----------------------------------+------+
| INST             | timestamp                 | ID                               | TT   |
|------------------+---------------------------+----------------------------------+------|
| NSE_EQ:TATAPOWER | 2023-02-23 09:15:00+05:30 | 02c6d58f4181418689b8a6e4e6d2e71a | SELL |
+------------------+---------------------------+----------------------------------+------+
+----+---------------------------+------------------------+-------+
|    | TIMESTAMP                 | STATE                  | MSG   |
|----+---------------------------+------------------------+-------|
|  0 | 2023-02-23 09:15:00+05:30 | PUT ORDER REQ RECEIVED |       |
|  1 | 2023-02-23 09:15:00+05:30 | VALIDATION PENDING     |       |
|  2 | 2023-02-23 09:15:00+05:30 | OPEN PENDING           |       |
|  3 | 2023-02-23 09:15:00+05:30 | OPEN                   |       |
|  4 | 2023-02-23 09:15:00+05:30 | COMPLETE               |       |
+----+---------------------------+------------------------+-------+

+------------------+---------------------------+----------------------------------+------+
| INST             | timestamp                 | ID                               | TT   |
|------------------+---------------------------+----------------------------------+------|
| NSE_EQ:TATAPOWER | 2023-02-23 15:30:00+05:30 | 8bfb38d55a414f6396b6cd910527d501 | BUY  |
+------------------+---------------------------+----------------------------------+------+
+----+---------------------------+------------------------+-------+
|    | TIMESTAMP                 | STATE                  | MSG   |
|----+---------------------------+------------------------+-------|
|  0 | 2023-02-23 15:30:00+05:30 | PUT ORDER REQ RECEIVED |       |
|  1 | 2023-02-23 15:30:00+05:30 | VALIDATION PENDING     |       |
|  2 | 2023-02-23 15:30:00+05:30 | OPEN PENDING           |       |
|  3 | 2023-02-23 15:30:00+05:30 | OPEN                   |       |
|  4 | 2023-02-23 15:30:00+05:30 | COMPLETE               |       |
+----+---------------------------+------------------------+-------+

+------------------+---------------------------+----------------------------------+------+
| INST             | timestamp                 | ID                               | TT   |
|------------------+---------------------------+----------------------------------+------|
| NSE_EQ:TATAPOWER | 2023-02-24 09:15:00+05:30 | 993efedd12424cf08af86a417e0bb3fd | SELL |
+------------------+---------------------------+----------------------------------+------+
+----+---------------------------+------------------------+-------+
|    | TIMESTAMP                 | STATE                  | MSG   |
|----+---------------------------+------------------------+-------|
|  0 | 2023-02-24 09:15:00+05:30 | PUT ORDER REQ RECEIVED |       |
|  1 | 2023-02-24 09:15:00+05:30 | VALIDATION PENDING     |       |
|  2 | 2023-02-24 09:15:00+05:30 | OPEN PENDING           |       |
|  3 | 2023-02-24 09:15:00+05:30 | OPEN                   |       |
|  4 | 2023-02-24 09:15:00+05:30 | COMPLETE               |       |
+----+---------------------------+------------------------+-------+

+------------------+---------------------------+----------------------------------+------+
| INST             | timestamp                 | ID                               | TT   |
|------------------+---------------------------+----------------------------------+------|
| NSE_EQ:TATAPOWER | 2023-02-24 15:30:00+05:30 | d4817bcc231f434c8dd05a2c48e65e6e | BUY  |
+------------------+---------------------------+----------------------------------+------+
+----+---------------------------+------------------------+-------+
|    | TIMESTAMP                 | STATE                  | MSG   |
|----+---------------------------+------------------------+-------|
|  0 | 2023-02-24 15:30:00+05:30 | PUT ORDER REQ RECEIVED |       |
|  1 | 2023-02-24 15:30:00+05:30 | VALIDATION PENDING     |       |
|  2 | 2023-02-24 15:30:00+05:30 | OPEN PENDING           |       |
|  3 | 2023-02-24 15:30:00+05:30 | OPEN                   |       |
|  4 | 2023-02-24 15:30:00+05:30 | COMPLETE               |       |
+----+---------------------------+------------------------+-------+