

+-----------------+---------------------------+----------------------------------+------+
| INST            | timestamp                 | ID                               | TT   |
|-----------------+---------------------------+----------------------------------+------|
| NSE_EQ:HDFCBANK | 2023-01-04 13:15:00+05:30 | fb851036a7304170bb757f2c4ba0c583 | BUY  |
+-----------------+---------------------------+----------------------------------+------+
+----+---------------------------+------------------------+-------+
|    | TIMESTAMP                 | STATE                  | MSG   |
|----+---------------------------+------------------------+-------|
|  0 | 2023-01-04 13:15:00+05:30 | PUT ORDER REQ RECEIVED |       |
|  1 | 2023-01-04 13:15:00+05:30 | VALIDATION PENDING     |       |
|  2 | 2023-01-04 13:15:00+05:30 | OPEN PENDING           |       |
|  3 | 2023-01-04 13:15:00+05:30 | OPEN                   |       |
|  4 | 2023-01-04 13:15:00+05:30 | COMPLETE               |       |
+----+---------------------------+------------------------+-------+

+-----------------+---------------------------+----------------------------------+------+
| INST            | timestamp                 | ID                               | TT   |
|-----------------+---------------------------+----------------------------------+------|
| NSE_EQ:HDFCBANK | 2023-01-04 15:15:00+05:30 | 46fd72a335c749d7881b86e8d46747e1 | SELL |
+-----------------+---------------------------+----------------------------------+------+
+----+---------------------------+------------------------+-------+
|    | TIMESTAMP                 | STATE                  | MSG   |
|----+---------------------------+------------------------+-------|
|  0 | 2023-01-04 15:15:00+05:30 | PUT ORDER REQ RECEIVED |       |
|  1 | 2023-01-04 15:15:00+05:30 | VALIDATION PENDING     |       |
|  2 | 2023-01-04 15:15:00+05:30 | OPEN PENDING           |       |
|  3 | 2023-01-04 15:15:00+05:30 | OPEN                   |       |
|  4 | 2023-01-04 15:15:00+05:30 | COMPLETE               |       |
+----+---------------------------+------------------------+-------+

+-----------------+---------------------------+----------------------------------+------+
| INST            | timestamp                 | ID                               | TT   |
|-----------------+---------------------------+----------------------------------+------|
| NSE_EQ:HDFCBANK | 2023-01-05 09:15:00+05:30 | 20828c183a8b4c6fa64b77404c3c9f4b | BUY  |
+-----------------+---------------------------+----------------------------------+------+
+----+---------------------------+------------------------+-------+
|    | TIMESTAMP                 | STATE                  | MSG   |
|----+---------------------------+------------------------+-------|
|  0 | 2023-01-05 09:15:00+05:30 | PUT ORDER REQ RECEIVED |       |
|  1 | 2023-01-05 09:15:00+05:30 | VALIDATION PENDING     |       |
|  2 | 2023-01-05 09:15:00+05:30 | OPEN PENDING           |       |
|  3 | 2023-01-05 09:15:00+05:30 | OPEN                   |       |
|  4 | 2023-01-05 09:15:00+05:30 | COMPLETE               |       |
+----+---------------------------+------------------------+-------+

+-----------------+---------------------------+----------------------------------+------+
| INST            | timestamp                 | ID                               | TT   |
|-----------------+---------------------------+----------------------------------+------|
| NSE_EQ:HDFCBANK | 2023-01-05 10:15:00+05:30 | e04661b20ee642638ab19df53b0a3e85 | SELL |
+-----------------+---------------------------+----------------------------------+------+
+----+---------------------------+------------------------+-------+
|    | TIMESTAMP                 | STATE                  | MSG   |
|----+---------------------------+------------------------+-------|
|  0 | 2023-01-05 10:15:00+05:30 | PUT ORDER REQ RECEIVED |       |
|  1 | 2023-01-05 10:15:00+05:30 | VALIDATION PENDING     |       |
|  2 | 2023-01-05 10:15:00+05:30 | OPEN PENDING           |       |
|  3 | 2023-01-05 10:15:00+05:30 | OPEN                   |       |
|  4 | 2023-01-05 10:15:00+05:30 | COMPLETE               |       |
+----+---------------------------+------------------------+-------+

+-----------------+---------------------------+----------------------------------+------+
| INST            | timestamp                 | ID                               | TT   |
|-----------------+---------------------------+----------------------------------+------|
| NSE_EQ:HDFCBANK | 2023-01-05 15:15:00+05:30 | ce55987cdf344aaf896da29433ea3658 | BUY  |
+-----------------+---------------------------+----------------------------------+------+
+----+---------------------------+------------------------+-------+
|    | TIMESTAMP                 | STATE                  | MSG   |
|----+---------------------------+------------------------+-------|
|  0 | 2023-01-05 15:15:00+05:30 | PUT ORDER REQ RECEIVED |       |
|  1 | 2023-01-05 15:15:00+05:30 | VALIDATION PENDING     |       |
|  2 | 2023-01-05 15:15:00+05:30 | OPEN PENDING           |       |
|  3 | 2023-01-05 15:15:00+05:30 | OPEN                   |       |
|  4 | 2023-01-05 15:15:00+05:30 | COMPLETE               |       |
+----+---------------------------+------------------------+-------+

+-----------------+---------------------------+----------------------------------+------+
| INST            | timestamp                 | ID                               | TT   |
|-----------------+---------------------------+----------------------------------+------|
| NSE_EQ:HDFCBANK | 2023-01-05 15:30:00+05:30 | 5981370234fa4efe91ef941a1518fe47 | SELL |
+-----------------+---------------------------+----------------------------------+------+
+----+---------------------------+------------------------+-------+
|    | TIMESTAMP                 | STATE                  | MSG   |
|----+---------------------------+------------------------+-------|
|  0 | 2023-01-05 15:30:00+05:30 | PUT ORDER REQ RECEIVED |       |
|  1 | 2023-01-05 15:30:00+05:30 | VALIDATION PENDING     |       |
|  2 | 2023-01-05 15:30:00+05:30 | OPEN PENDING           |       |
|  3 | 2023-01-05 15:30:00+05:30 | OPEN                   |       |
|  4 | 2023-01-05 15:30:00+05:30 | COMPLETE               |       |
+----+---------------------------+------------------------+-------+

+-----------------+---------------------------+----------------------------------+------+
| INST            | timestamp                 | ID                               | TT   |
|-----------------+---------------------------+----------------------------------+------|
| NSE_EQ:HDFCBANK | 2023-01-06 12:15:00+05:30 | ab0cff439f624a45980d559684244029 | BUY  |
+-----------------+---------------------------+----------------------------------+------+
+----+---------------------------+------------------------+-------+
|    | TIMESTAMP                 | STATE                  | MSG   |
|----+---------------------------+------------------------+-------|
|  0 | 2023-01-06 12:15:00+05:30 | PUT ORDER REQ RECEIVED |       |
|  1 | 2023-01-06 12:15:00+05:30 | VALIDATION PENDING     |       |
|  2 | 2023-01-06 12:15:00+05:30 | OPEN PENDING           |       |
|  3 | 2023-01-06 12:15:00+05:30 | OPEN                   |       |
|  4 | 2023-01-06 12:15:00+05:30 | COMPLETE               |       |
+----+---------------------------+------------------------+-------+

+-----------------+---------------------------+----------------------------------+------+
| INST            | timestamp                 | ID                               | TT   |
|-----------------+---------------------------+----------------------------------+------|
| NSE_EQ:HDFCBANK | 2023-01-06 13:15:00+05:30 | d3a34e39fc6944cd85a52b234f1fc8cc | SELL |
+-----------------+---------------------------+----------------------------------+------+
+----+---------------------------+------------------------+-------+
|    | TIMESTAMP                 | STATE                  | MSG   |
|----+---------------------------+------------------------+-------|
|  0 | 2023-01-06 13:15:00+05:30 | PUT ORDER REQ RECEIVED |       |
|  1 | 2023-01-06 13:15:00+05:30 | VALIDATION PENDING     |       |
|  2 | 2023-01-06 13:15:00+05:30 | OPEN PENDING           |       |
|  3 | 2023-01-06 13:15:00+05:30 | OPEN                   |       |
|  4 | 2023-01-06 13:15:00+05:30 | COMPLETE               |       |
+----+---------------------------+------------------------+-------+

+-----------------+---------------------------+----------------------------------+------+
| INST            | timestamp                 | ID                               | TT   |
|-----------------+---------------------------+----------------------------------+------|
| NSE_EQ:HDFCBANK | 2023-01-06 15:15:00+05:30 | 925f4e123b0e436c9c690fc58266a439 | BUY  |
+-----------------+---------------------------+----------------------------------+------+
+----+---------------------------+------------------------+-------+
|    | TIMESTAMP                 | STATE                  | MSG   |
|----+---------------------------+------------------------+-------|
|  0 | 2023-01-06 15:15:00+05:30 | PUT ORDER REQ RECEIVED |       |
|  1 | 2023-01-06 15:15:00+05:30 | VALIDATION PENDING     |       |
|  2 | 2023-01-06 15:15:00+05:30 | OPEN PENDING           |       |
|  3 | 2023-01-06 15:15:00+05:30 | OPEN                   |       |
|  4 | 2023-01-06 15:15:00+05:30 | COMPLETE               |       |
+----+---------------------------+------------------------+-------+

+-----------------+---------------------------+----------------------------------+------+
| INST            | timestamp                 | ID                               | TT   |
|-----------------+---------------------------+----------------------------------+------|
| NSE_EQ:HDFCBANK | 2023-01-06 15:30:00+05:30 | 818f88547ba74d699cd148461107011b | SELL |
+-----------------+---------------------------+----------------------------------+------+
+----+---------------------------+------------------------+-------+
|    | TIMESTAMP                 | STATE                  | MSG   |
|----+---------------------------+------------------------+-------|
|  0 | 2023-01-06 15:30:00+05:30 | PUT ORDER REQ RECEIVED |       |
|  1 | 2023-01-06 15:30:00+05:30 | VALIDATION PENDING     |       |
|  2 | 2023-01-06 15:30:00+05:30 | OPEN PENDING           |       |
|  3 | 2023-01-06 15:30:00+05:30 | OPEN                   |       |
|  4 | 2023-01-06 15:30:00+05:30 | COMPLETE               |       |
+----+---------------------------+------------------------+-------+

+-----------------+---------------------------+----------------------------------+------+
| INST            | timestamp                 | ID                               | TT   |
|-----------------+---------------------------+----------------------------------+------|
| NSE_EQ:HDFCBANK | 2023-01-10 14:15:00+05:30 | 55b6ef6714e9450abdce6bbee4924f91 | BUY  |
+-----------------+---------------------------+----------------------------------+------+
+----+---------------------------+------------------------+-------+
|    | TIMESTAMP                 | STATE                  | MSG   |
|----+---------------------------+------------------------+-------|
|  0 | 2023-01-10 14:15:00+05:30 | PUT ORDER REQ RECEIVED |       |
|  1 | 2023-01-10 14:15:00+05:30 | VALIDATION PENDING     |       |
|  2 | 2023-01-10 14:15:00+05:30 | OPEN PENDING           |       |
|  3 | 2023-01-10 14:15:00+05:30 | OPEN                   |       |
|  4 | 2023-01-10 14:15:00+05:30 | COMPLETE               |       |
+----+---------------------------+------------------------+-------+

+-----------------+---------------------------+----------------------------------+------+
| INST            | timestamp                 | ID                               | TT   |
|-----------------+---------------------------+----------------------------------+------|
| NSE_EQ:HDFCBANK | 2023-01-10 15:30:00+05:30 | 710e588918634f41828c53f800efc452 | SELL |
+-----------------+---------------------------+----------------------------------+------+
+----+---------------------------+------------------------+-------+
|    | TIMESTAMP                 | STATE                  | MSG   |
|----+---------------------------+------------------------+-------|
|  0 | 2023-01-10 15:30:00+05:30 | PUT ORDER REQ RECEIVED |       |
|  1 | 2023-01-10 15:30:00+05:30 | VALIDATION PENDING     |       |
|  2 | 2023-01-10 15:30:00+05:30 | OPEN PENDING           |       |
|  3 | 2023-01-10 15:30:00+05:30 | OPEN                   |       |
|  4 | 2023-01-10 15:30:00+05:30 | COMPLETE               |       |
+----+---------------------------+------------------------+-------+

+-----------------+---------------------------+----------------------------------+------+
| INST            | timestamp                 | ID                               | TT   |
|-----------------+---------------------------+----------------------------------+------|
| NSE_EQ:HDFCBANK | 2023-01-17 09:15:00+05:30 | 48fc0aa3387541cb9274ad48b3ce47b5 | BUY  |
+-----------------+---------------------------+----------------------------------+------+
+----+---------------------------+------------------------+-------+
|    | TIMESTAMP                 | STATE                  | MSG   |
|----+---------------------------+------------------------+-------|
|  0 | 2023-01-17 09:15:00+05:30 | PUT ORDER REQ RECEIVED |       |
|  1 | 2023-01-17 09:15:00+05:30 | VALIDATION PENDING     |       |
|  2 | 2023-01-17 09:15:00+05:30 | OPEN PENDING           |       |
|  3 | 2023-01-17 09:15:00+05:30 | OPEN                   |       |
|  4 | 2023-01-17 09:15:00+05:30 | COMPLETE               |       |
+----+---------------------------+------------------------+-------+

+-----------------+---------------------------+----------------------------------+------+
| INST            | timestamp                 | ID                               | TT   |
|-----------------+---------------------------+----------------------------------+------|
| NSE_EQ:HDFCBANK | 2023-01-17 15:30:00+05:30 | 24ea60021325480bb2c7db09b2d503ba | SELL |
+-----------------+---------------------------+----------------------------------+------+
+----+---------------------------+------------------------+-------+
|    | TIMESTAMP                 | STATE                  | MSG   |
|----+---------------------------+------------------------+-------|
|  0 | 2023-01-17 15:30:00+05:30 | PUT ORDER REQ RECEIVED |       |
|  1 | 2023-01-17 15:30:00+05:30 | VALIDATION PENDING     |       |
|  2 | 2023-01-17 15:30:00+05:30 | OPEN PENDING           |       |
|  3 | 2023-01-17 15:30:00+05:30 | OPEN                   |       |
|  4 | 2023-01-17 15:30:00+05:30 | COMPLETE               |       |
+----+---------------------------+------------------------+-------+

+-----------------+---------------------------+----------------------------------+------+
| INST            | timestamp                 | ID                               | TT   |
|-----------------+---------------------------+----------------------------------+------|
| NSE_EQ:HDFCBANK | 2023-01-19 15:15:00+05:30 | 3ac811591504417bbd0f9bd63a0e9d93 | SELL |
+-----------------+---------------------------+----------------------------------+------+
+----+---------------------------+------------------------+-------+
|    | TIMESTAMP                 | STATE                  | MSG   |
|----+---------------------------+------------------------+-------|
|  0 | 2023-01-19 15:15:00+05:30 | PUT ORDER REQ RECEIVED |       |
|  1 | 2023-01-19 15:15:00+05:30 | VALIDATION PENDING     |       |
|  2 | 2023-01-19 15:15:00+05:30 | OPEN PENDING           |       |
|  3 | 2023-01-19 15:15:00+05:30 | OPEN                   |       |
|  4 | 2023-01-19 15:15:00+05:30 | COMPLETE               |       |
+----+---------------------------+------------------------+-------+

+-----------------+---------------------------+----------------------------------+------+
| INST            | timestamp                 | ID                               | TT   |
|-----------------+---------------------------+----------------------------------+------|
| NSE_EQ:HDFCBANK | 2023-01-19 15:30:00+05:30 | 9bc774b55c9440289b4e2c3c02dd580a | BUY  |
+-----------------+---------------------------+----------------------------------+------+
+----+---------------------------+------------------------+-------+
|    | TIMESTAMP                 | STATE                  | MSG   |
|----+---------------------------+------------------------+-------|
|  0 | 2023-01-19 15:30:00+05:30 | PUT ORDER REQ RECEIVED |       |
|  1 | 2023-01-19 15:30:00+05:30 | VALIDATION PENDING     |       |
|  2 | 2023-01-19 15:30:00+05:30 | OPEN PENDING           |       |
|  3 | 2023-01-19 15:30:00+05:30 | OPEN                   |       |
|  4 | 2023-01-19 15:30:00+05:30 | COMPLETE               |       |
+----+---------------------------+------------------------+-------+

+-----------------+---------------------------+----------------------------------+------+
| INST            | timestamp                 | ID                               | TT   |
|-----------------+---------------------------+----------------------------------+------|
| NSE_EQ:HDFCBANK | 2023-01-20 15:15:00+05:30 | 03c59785644540cebd53836fb3c38107 | SELL |
+-----------------+---------------------------+----------------------------------+------+
+----+---------------------------+------------------------+-------+
|    | TIMESTAMP                 | STATE                  | MSG   |
|----+---------------------------+------------------------+-------|
|  0 | 2023-01-20 15:15:00+05:30 | PUT ORDER REQ RECEIVED |       |
|  1 | 2023-01-20 15:15:00+05:30 | VALIDATION PENDING     |       |
|  2 | 2023-01-20 15:15:00+05:30 | OPEN PENDING           |       |
|  3 | 2023-01-20 15:15:00+05:30 | OPEN                   |       |
|  4 | 2023-01-20 15:15:00+05:30 | COMPLETE               |       |
+----+---------------------------+------------------------+-------+

+-----------------+---------------------------+----------------------------------+------+
| INST            | timestamp                 | ID                               | TT   |
|-----------------+---------------------------+----------------------------------+------|
| NSE_EQ:HDFCBANK | 2023-01-20 15:30:00+05:30 | 337911ef2cd445c8828384641a7a3caa | BUY  |
+-----------------+---------------------------+----------------------------------+------+
+----+---------------------------+------------------------+-------+
|    | TIMESTAMP                 | STATE                  | MSG   |
|----+---------------------------+------------------------+-------|
|  0 | 2023-01-20 15:30:00+05:30 | PUT ORDER REQ RECEIVED |       |
|  1 | 2023-01-20 15:30:00+05:30 | VALIDATION PENDING     |       |
|  2 | 2023-01-20 15:30:00+05:30 | OPEN PENDING           |       |
|  3 | 2023-01-20 15:30:00+05:30 | OPEN                   |       |
|  4 | 2023-01-20 15:30:00+05:30 | COMPLETE               |       |
+----+---------------------------+------------------------+-------+

+-----------------+---------------------------+----------------------------------+------+
| INST            | timestamp                 | ID                               | TT   |
|-----------------+---------------------------+----------------------------------+------|
| NSE_EQ:HDFCBANK | 2023-01-23 13:15:00+05:30 | f7db140548444764b2d14b388fb5a5b7 | SELL |
+-----------------+---------------------------+----------------------------------+------+
+----+---------------------------+------------------------+-------+
|    | TIMESTAMP                 | STATE                  | MSG   |
|----+---------------------------+------------------------+-------|
|  0 | 2023-01-23 13:15:00+05:30 | PUT ORDER REQ RECEIVED |       |
|  1 | 2023-01-23 13:15:00+05:30 | VALIDATION PENDING     |       |
|  2 | 2023-01-23 13:15:00+05:30 | OPEN PENDING           |       |
|  3 | 2023-01-23 13:15:00+05:30 | OPEN                   |       |
|  4 | 2023-01-23 13:15:00+05:30 | COMPLETE               |       |
+----+---------------------------+------------------------+-------+

+-----------------+---------------------------+----------------------------------+------+
| INST            | timestamp                 | ID                               | TT   |
|-----------------+---------------------------+----------------------------------+------|
| NSE_EQ:HDFCBANK | 2023-01-23 15:30:00+05:30 | 451153b0ee684a3eb2ca8c3de8435dc4 | BUY  |
+-----------------+---------------------------+----------------------------------+------+
+----+---------------------------+------------------------+-------+
|    | TIMESTAMP                 | STATE                  | MSG   |
|----+---------------------------+------------------------+-------|
|  0 | 2023-01-23 15:30:00+05:30 | PUT ORDER REQ RECEIVED |       |
|  1 | 2023-01-23 15:30:00+05:30 | VALIDATION PENDING     |       |
|  2 | 2023-01-23 15:30:00+05:30 | OPEN PENDING           |       |
|  3 | 2023-01-23 15:30:00+05:30 | OPEN                   |       |
|  4 | 2023-01-23 15:30:00+05:30 | COMPLETE               |       |
+----+---------------------------+------------------------+-------+

+-----------------+---------------------------+----------------------------------+------+
| INST            | timestamp                 | ID                               | TT   |
|-----------------+---------------------------+----------------------------------+------|
| NSE_EQ:HDFCBANK | 2023-01-25 09:15:00+05:30 | 4eea7c701dcb49e6ba983f3103bd7c5f | SELL |
+-----------------+---------------------------+----------------------------------+------+
+----+---------------------------+------------------------+-------+
|    | TIMESTAMP                 | STATE                  | MSG   |
|----+---------------------------+------------------------+-------|
|  0 | 2023-01-25 09:15:00+05:30 | PUT ORDER REQ RECEIVED |       |
|  1 | 2023-01-25 09:15:00+05:30 | VALIDATION PENDING     |       |
|  2 | 2023-01-25 09:15:00+05:30 | OPEN PENDING           |       |
|  3 | 2023-01-25 09:15:00+05:30 | OPEN                   |       |
|  4 | 2023-01-25 09:15:00+05:30 | COMPLETE               |       |
+----+---------------------------+------------------------+-------+

+-----------------+---------------------------+----------------------------------+------+
| INST            | timestamp                 | ID                               | TT   |
|-----------------+---------------------------+----------------------------------+------|
| NSE_EQ:HDFCBANK | 2023-01-25 15:30:00+05:30 | 99f42eb72ef74212b864b5e768ac0ed4 | BUY  |
+-----------------+---------------------------+----------------------------------+------+
+----+---------------------------+------------------------+-------+
|    | TIMESTAMP                 | STATE                  | MSG   |
|----+---------------------------+------------------------+-------|
|  0 | 2023-01-25 15:30:00+05:30 | PUT ORDER REQ RECEIVED |       |
|  1 | 2023-01-25 15:30:00+05:30 | VALIDATION PENDING     |       |
|  2 | 2023-01-25 15:30:00+05:30 | OPEN PENDING           |       |
|  3 | 2023-01-25 15:30:00+05:30 | OPEN                   |       |
|  4 | 2023-01-25 15:30:00+05:30 | COMPLETE               |       |
+----+---------------------------+------------------------+-------+

+-----------------+---------------------------+----------------------------------+------+
| INST            | timestamp                 | ID                               | TT   |
|-----------------+---------------------------+----------------------------------+------|
| NSE_EQ:HDFCBANK | 2023-01-27 12:15:00+05:30 | f75ba68648e84c838ae54e9276001c2c | BUY  |
+-----------------+---------------------------+----------------------------------+------+
+----+---------------------------+------------------------+-------+
|    | TIMESTAMP                 | STATE                  | MSG   |
|----+---------------------------+------------------------+-------|
|  0 | 2023-01-27 12:15:00+05:30 | PUT ORDER REQ RECEIVED |       |
|  1 | 2023-01-27 12:15:00+05:30 | VALIDATION PENDING     |       |
|  2 | 2023-01-27 12:15:00+05:30 | OPEN PENDING           |       |
|  3 | 2023-01-27 12:15:00+05:30 | OPEN                   |       |
|  4 | 2023-01-27 12:15:00+05:30 | COMPLETE               |       |
+----+---------------------------+------------------------+-------+

+-----------------+---------------------------+----------------------------------+------+
| INST            | timestamp                 | ID                               | TT   |
|-----------------+---------------------------+----------------------------------+------|
| NSE_EQ:HDFCBANK | 2023-01-27 13:15:00+05:30 | da2b677d5a80421891361ff948892fc2 | SELL |
+-----------------+---------------------------+----------------------------------+------+
+----+---------------------------+------------------------+-------+
|    | TIMESTAMP                 | STATE                  | MSG   |
|----+---------------------------+------------------------+-------|
|  0 | 2023-01-27 13:15:00+05:30 | PUT ORDER REQ RECEIVED |       |
|  1 | 2023-01-27 13:15:00+05:30 | VALIDATION PENDING     |       |
|  2 | 2023-01-27 13:15:00+05:30 | OPEN PENDING           |       |
|  3 | 2023-01-27 13:15:00+05:30 | OPEN                   |       |
|  4 | 2023-01-27 13:15:00+05:30 | COMPLETE               |       |
+----+---------------------------+------------------------+-------+

+-----------------+---------------------------+----------------------------------+------+
| INST            | timestamp                 | ID                               | TT   |
|-----------------+---------------------------+----------------------------------+------|
| NSE_EQ:HDFCBANK | 2023-01-27 15:15:00+05:30 | 230b837c63c644e684c52c801b889c3d | BUY  |
+-----------------+---------------------------+----------------------------------+------+
+----+---------------------------+------------------------+-------+
|    | TIMESTAMP                 | STATE                  | MSG   |
|----+---------------------------+------------------------+-------|
|  0 | 2023-01-27 15:15:00+05:30 | PUT ORDER REQ RECEIVED |       |
|  1 | 2023-01-27 15:15:00+05:30 | VALIDATION PENDING     |       |
|  2 | 2023-01-27 15:15:00+05:30 | OPEN PENDING           |       |
|  3 | 2023-01-27 15:15:00+05:30 | OPEN                   |       |
|  4 | 2023-01-27 15:15:00+05:30 | COMPLETE               |       |
+----+---------------------------+------------------------+-------+

+-----------------+---------------------------+----------------------------------+------+
| INST            | timestamp                 | ID                               | TT   |
|-----------------+---------------------------+----------------------------------+------|
| NSE_EQ:HDFCBANK | 2023-01-27 15:30:00+05:30 | 333934ed07a74c06a46e117d6e87f623 | SELL |
+-----------------+---------------------------+----------------------------------+------+
+----+---------------------------+------------------------+-------+
|    | TIMESTAMP                 | STATE                  | MSG   |
|----+---------------------------+------------------------+-------|
|  0 | 2023-01-27 15:30:00+05:30 | PUT ORDER REQ RECEIVED |       |
|  1 | 2023-01-27 15:30:00+05:30 | VALIDATION PENDING     |       |
|  2 | 2023-01-27 15:30:00+05:30 | OPEN PENDING           |       |
|  3 | 2023-01-27 15:30:00+05:30 | OPEN                   |       |
|  4 | 2023-01-27 15:30:00+05:30 | COMPLETE               |       |
+----+---------------------------+------------------------+-------+

+-----------------+---------------------------+----------------------------------+------+
| INST            | timestamp                 | ID                               | TT   |
|-----------------+---------------------------+----------------------------------+------|
| NSE_EQ:HDFCBANK | 2023-01-30 14:15:00+05:30 | 3e7efa26e19d4a6495519b8ae3823e15 | BUY  |
+-----------------+---------------------------+----------------------------------+------+
+----+---------------------------+------------------------+-------+
|    | TIMESTAMP                 | STATE                  | MSG   |
|----+---------------------------+------------------------+-------|
|  0 | 2023-01-30 14:15:00+05:30 | PUT ORDER REQ RECEIVED |       |
|  1 | 2023-01-30 14:15:00+05:30 | VALIDATION PENDING     |       |
|  2 | 2023-01-30 14:15:00+05:30 | OPEN PENDING           |       |
|  3 | 2023-01-30 14:15:00+05:30 | OPEN                   |       |
|  4 | 2023-01-30 14:15:00+05:30 | COMPLETE               |       |
+----+---------------------------+------------------------+-------+

+-----------------+---------------------------+----------------------------------+------+
| INST            | timestamp                 | ID                               | TT   |
|-----------------+---------------------------+----------------------------------+------|
| NSE_EQ:HDFCBANK | 2023-01-30 15:30:00+05:30 | 12e34efc10dd40eda59cc97db8a8cdc5 | SELL |
+-----------------+---------------------------+----------------------------------+------+
+----+---------------------------+------------------------+-------+
|    | TIMESTAMP                 | STATE                  | MSG   |
|----+---------------------------+------------------------+-------|
|  0 | 2023-01-30 15:30:00+05:30 | PUT ORDER REQ RECEIVED |       |
|  1 | 2023-01-30 15:30:00+05:30 | VALIDATION PENDING     |       |
|  2 | 2023-01-30 15:30:00+05:30 | OPEN PENDING           |       |
|  3 | 2023-01-30 15:30:00+05:30 | OPEN                   |       |
|  4 | 2023-01-30 15:30:00+05:30 | COMPLETE               |       |
+----+---------------------------+------------------------+-------+

+-----------------+---------------------------+----------------------------------+------+
| INST            | timestamp                 | ID                               | TT   |
|-----------------+---------------------------+----------------------------------+------|
| NSE_EQ:HDFCBANK | 2023-02-01 14:15:00+05:30 | a0efec6ab9c041b598dc56fee3d1f803 | SELL |
+-----------------+---------------------------+----------------------------------+------+
+----+---------------------------+------------------------+-------+
|    | TIMESTAMP                 | STATE                  | MSG   |
|----+---------------------------+------------------------+-------|
|  0 | 2023-02-01 14:15:00+05:30 | PUT ORDER REQ RECEIVED |       |
|  1 | 2023-02-01 14:15:00+05:30 | VALIDATION PENDING     |       |
|  2 | 2023-02-01 14:15:00+05:30 | OPEN PENDING           |       |
|  3 | 2023-02-01 14:15:00+05:30 | OPEN                   |       |
|  4 | 2023-02-01 14:15:00+05:30 | COMPLETE               |       |
+----+---------------------------+------------------------+-------+

+-----------------+---------------------------+----------------------------------+------+
| INST            | timestamp                 | ID                               | TT   |
|-----------------+---------------------------+----------------------------------+------|
| NSE_EQ:HDFCBANK | 2023-02-01 15:30:00+05:30 | 35e889f993634658acde0d9efc266b40 | BUY  |
+-----------------+---------------------------+----------------------------------+------+
+----+---------------------------+------------------------+-------+
|    | TIMESTAMP                 | STATE                  | MSG   |
|----+---------------------------+------------------------+-------|
|  0 | 2023-02-01 15:30:00+05:30 | PUT ORDER REQ RECEIVED |       |
|  1 | 2023-02-01 15:30:00+05:30 | VALIDATION PENDING     |       |
|  2 | 2023-02-01 15:30:00+05:30 | OPEN PENDING           |       |
|  3 | 2023-02-01 15:30:00+05:30 | OPEN                   |       |
|  4 | 2023-02-01 15:30:00+05:30 | COMPLETE               |       |
+----+---------------------------+------------------------+-------+

+-----------------+---------------------------+----------------------------------+------+
| INST            | timestamp                 | ID                               | TT   |
|-----------------+---------------------------+----------------------------------+------|
| NSE_EQ:HDFCBANK | 2023-02-02 14:15:00+05:30 | 569870cf5536402a83f92972caaf1a2d | BUY  |
+-----------------+---------------------------+----------------------------------+------+
+----+---------------------------+------------------------+-------+
|    | TIMESTAMP                 | STATE                  | MSG   |
|----+---------------------------+------------------------+-------|
|  0 | 2023-02-02 14:15:00+05:30 | PUT ORDER REQ RECEIVED |       |
|  1 | 2023-02-02 14:15:00+05:30 | VALIDATION PENDING     |       |
|  2 | 2023-02-02 14:15:00+05:30 | OPEN PENDING           |       |
|  3 | 2023-02-02 14:15:00+05:30 | OPEN                   |       |
|  4 | 2023-02-02 14:15:00+05:30 | COMPLETE               |       |
+----+---------------------------+------------------------+-------+

+-----------------+---------------------------+----------------------------------+------+
| INST            | timestamp                 | ID                               | TT   |
|-----------------+---------------------------+----------------------------------+------|
| NSE_EQ:HDFCBANK | 2023-02-02 15:30:00+05:30 | 2c930f4c6be445b5b5c87d16d5385bb5 | SELL |
+-----------------+---------------------------+----------------------------------+------+
+----+---------------------------+------------------------+-------+
|    | TIMESTAMP                 | STATE                  | MSG   |
|----+---------------------------+------------------------+-------|
|  0 | 2023-02-02 15:30:00+05:30 | PUT ORDER REQ RECEIVED |       |
|  1 | 2023-02-02 15:30:00+05:30 | VALIDATION PENDING     |       |
|  2 | 2023-02-02 15:30:00+05:30 | OPEN PENDING           |       |
|  3 | 2023-02-02 15:30:00+05:30 | OPEN                   |       |
|  4 | 2023-02-02 15:30:00+05:30 | COMPLETE               |       |
+----+---------------------------+------------------------+-------+

+-----------------+---------------------------+----------------------------------+------+
| INST            | timestamp                 | ID                               | TT   |
|-----------------+---------------------------+----------------------------------+------|
| NSE_EQ:HDFCBANK | 2023-02-03 12:15:00+05:30 | 3621f157358246b8a32de5ecbb86af6e | SELL |
+-----------------+---------------------------+----------------------------------+------+
+----+---------------------------+------------------------+-------+
|    | TIMESTAMP                 | STATE                  | MSG   |
|----+---------------------------+------------------------+-------|
|  0 | 2023-02-03 12:15:00+05:30 | PUT ORDER REQ RECEIVED |       |
|  1 | 2023-02-03 12:15:00+05:30 | VALIDATION PENDING     |       |
|  2 | 2023-02-03 12:15:00+05:30 | OPEN PENDING           |       |
|  3 | 2023-02-03 12:15:00+05:30 | OPEN                   |       |
|  4 | 2023-02-03 12:15:00+05:30 | COMPLETE               |       |
+----+---------------------------+------------------------+-------+

+-----------------+---------------------------+----------------------------------+------+
| INST            | timestamp                 | ID                               | TT   |
|-----------------+---------------------------+----------------------------------+------|
| NSE_EQ:HDFCBANK | 2023-02-03 13:15:00+05:30 | 637f6ca083e240edbb8f4adfe16b5377 | BUY  |
+-----------------+---------------------------+----------------------------------+------+
+----+---------------------------+------------------------+-------+
|    | TIMESTAMP                 | STATE                  | MSG   |
|----+---------------------------+------------------------+-------|
|  0 | 2023-02-03 13:15:00+05:30 | PUT ORDER REQ RECEIVED |       |
|  1 | 2023-02-03 13:15:00+05:30 | VALIDATION PENDING     |       |
|  2 | 2023-02-03 13:15:00+05:30 | OPEN PENDING           |       |
|  3 | 2023-02-03 13:15:00+05:30 | OPEN                   |       |
|  4 | 2023-02-03 13:15:00+05:30 | COMPLETE               |       |
+----+---------------------------+------------------------+-------+

+-----------------+---------------------------+----------------------------------+------+
| INST            | timestamp                 | ID                               | TT   |
|-----------------+---------------------------+----------------------------------+------|
| NSE_EQ:HDFCBANK | 2023-02-06 11:15:00+05:30 | 107907c4763646f488ac04a6c7ca04d8 | SELL |
+-----------------+---------------------------+----------------------------------+------+
+----+---------------------------+------------------------+-------+
|    | TIMESTAMP                 | STATE                  | MSG   |
|----+---------------------------+------------------------+-------|
|  0 | 2023-02-06 11:15:00+05:30 | PUT ORDER REQ RECEIVED |       |
|  1 | 2023-02-06 11:15:00+05:30 | VALIDATION PENDING     |       |
|  2 | 2023-02-06 11:15:00+05:30 | OPEN PENDING           |       |
|  3 | 2023-02-06 11:15:00+05:30 | OPEN                   |       |
|  4 | 2023-02-06 11:15:00+05:30 | COMPLETE               |       |
+----+---------------------------+------------------------+-------+

+-----------------+---------------------------+----------------------------------+------+
| INST            | timestamp                 | ID                               | TT   |
|-----------------+---------------------------+----------------------------------+------|
| NSE_EQ:HDFCBANK | 2023-02-06 15:30:00+05:30 | 7296d458452f42969fe7425ba2839919 | BUY  |
+-----------------+---------------------------+----------------------------------+------+
+----+---------------------------+------------------------+-------+
|    | TIMESTAMP                 | STATE                  | MSG   |
|----+---------------------------+------------------------+-------|
|  0 | 2023-02-06 15:30:00+05:30 | PUT ORDER REQ RECEIVED |       |
|  1 | 2023-02-06 15:30:00+05:30 | VALIDATION PENDING     |       |
|  2 | 2023-02-06 15:30:00+05:30 | OPEN PENDING           |       |
|  3 | 2023-02-06 15:30:00+05:30 | OPEN                   |       |
|  4 | 2023-02-06 15:30:00+05:30 | COMPLETE               |       |
+----+---------------------------+------------------------+-------+

+-----------------+---------------------------+----------------------------------+------+
| INST            | timestamp                 | ID                               | TT   |
|-----------------+---------------------------+----------------------------------+------|
| NSE_EQ:HDFCBANK | 2023-02-09 14:15:00+05:30 | 9f18d6de98c44e769814185501c7dba7 | BUY  |
+-----------------+---------------------------+----------------------------------+------+
+----+---------------------------+------------------------+-------+
|    | TIMESTAMP                 | STATE                  | MSG   |
|----+---------------------------+------------------------+-------|
|  0 | 2023-02-09 14:15:00+05:30 | PUT ORDER REQ RECEIVED |       |
|  1 | 2023-02-09 14:15:00+05:30 | VALIDATION PENDING     |       |
|  2 | 2023-02-09 14:15:00+05:30 | OPEN PENDING           |       |
|  3 | 2023-02-09 14:15:00+05:30 | OPEN                   |       |
|  4 | 2023-02-09 14:15:00+05:30 | COMPLETE               |       |
+----+---------------------------+------------------------+-------+

+-----------------+---------------------------+----------------------------------+------+
| INST            | timestamp                 | ID                               | TT   |
|-----------------+---------------------------+----------------------------------+------|
| NSE_EQ:HDFCBANK | 2023-02-09 15:30:00+05:30 | 283785f0246148c2be780e13e5537f0f | SELL |
+-----------------+---------------------------+----------------------------------+------+
+----+---------------------------+------------------------+-------+
|    | TIMESTAMP                 | STATE                  | MSG   |
|----+---------------------------+------------------------+-------|
|  0 | 2023-02-09 15:30:00+05:30 | PUT ORDER REQ RECEIVED |       |
|  1 | 2023-02-09 15:30:00+05:30 | VALIDATION PENDING     |       |
|  2 | 2023-02-09 15:30:00+05:30 | OPEN PENDING           |       |
|  3 | 2023-02-09 15:30:00+05:30 | OPEN                   |       |
|  4 | 2023-02-09 15:30:00+05:30 | COMPLETE               |       |
+----+---------------------------+------------------------+-------+

+-----------------+---------------------------+----------------------------------+------+
| INST            | timestamp                 | ID                               | TT   |
|-----------------+---------------------------+----------------------------------+------|
| NSE_EQ:HDFCBANK | 2023-02-14 11:15:00+05:30 | 92d67542849642d9a99fb107b895b723 | SELL |
+-----------------+---------------------------+----------------------------------+------+
+----+---------------------------+------------------------+-------+
|    | TIMESTAMP                 | STATE                  | MSG   |
|----+---------------------------+------------------------+-------|
|  0 | 2023-02-14 11:15:00+05:30 | PUT ORDER REQ RECEIVED |       |
|  1 | 2023-02-14 11:15:00+05:30 | VALIDATION PENDING     |       |
|  2 | 2023-02-14 11:15:00+05:30 | OPEN PENDING           |       |
|  3 | 2023-02-14 11:15:00+05:30 | OPEN                   |       |
|  4 | 2023-02-14 11:15:00+05:30 | COMPLETE               |       |
+----+---------------------------+------------------------+-------+

+-----------------+---------------------------+----------------------------------+------+
| INST            | timestamp                 | ID                               | TT   |
|-----------------+---------------------------+----------------------------------+------|
| NSE_EQ:HDFCBANK | 2023-02-14 13:15:00+05:30 | fbb85118b77d4d4696700e441830437d | BUY  |
+-----------------+---------------------------+----------------------------------+------+
+----+---------------------------+------------------------+-------+
|    | TIMESTAMP                 | STATE                  | MSG   |
|----+---------------------------+------------------------+-------|
|  0 | 2023-02-14 13:15:00+05:30 | PUT ORDER REQ RECEIVED |       |
|  1 | 2023-02-14 13:15:00+05:30 | VALIDATION PENDING     |       |
|  2 | 2023-02-14 13:15:00+05:30 | OPEN PENDING           |       |
|  3 | 2023-02-14 13:15:00+05:30 | OPEN                   |       |
|  4 | 2023-02-14 13:15:00+05:30 | COMPLETE               |       |
+----+---------------------------+------------------------+-------+

+-----------------+---------------------------+----------------------------------+------+
| INST            | timestamp                 | ID                               | TT   |
|-----------------+---------------------------+----------------------------------+------|
| NSE_EQ:HDFCBANK | 2023-02-15 10:15:00+05:30 | fcd3512364394e4ca62782d796a40548 | SELL |
+-----------------+---------------------------+----------------------------------+------+
+----+---------------------------+------------------------+-------+
|    | TIMESTAMP                 | STATE                  | MSG   |
|----+---------------------------+------------------------+-------|
|  0 | 2023-02-15 10:15:00+05:30 | PUT ORDER REQ RECEIVED |       |
|  1 | 2023-02-15 10:15:00+05:30 | VALIDATION PENDING     |       |
|  2 | 2023-02-15 10:15:00+05:30 | OPEN PENDING           |       |
|  3 | 2023-02-15 10:15:00+05:30 | OPEN                   |       |
|  4 | 2023-02-15 10:15:00+05:30 | COMPLETE               |       |
+----+---------------------------+------------------------+-------+

+-----------------+---------------------------+----------------------------------+------+
| INST            | timestamp                 | ID                               | TT   |
|-----------------+---------------------------+----------------------------------+------|
| NSE_EQ:HDFCBANK | 2023-02-15 15:30:00+05:30 | e58dc6f863484602998be221e2fb0d3b | BUY  |
+-----------------+---------------------------+----------------------------------+------+
+----+---------------------------+------------------------+-------+
|    | TIMESTAMP                 | STATE                  | MSG   |
|----+---------------------------+------------------------+-------|
|  0 | 2023-02-15 15:30:00+05:30 | PUT ORDER REQ RECEIVED |       |
|  1 | 2023-02-15 15:30:00+05:30 | VALIDATION PENDING     |       |
|  2 | 2023-02-15 15:30:00+05:30 | OPEN PENDING           |       |
|  3 | 2023-02-15 15:30:00+05:30 | OPEN                   |       |
|  4 | 2023-02-15 15:30:00+05:30 | COMPLETE               |       |
+----+---------------------------+------------------------+-------+

+-----------------+---------------------------+----------------------------------+------+
| INST            | timestamp                 | ID                               | TT   |
|-----------------+---------------------------+----------------------------------+------|
| NSE_EQ:HDFCBANK | 2023-02-16 12:15:00+05:30 | 9958a18a6b5a43c0ac773a67dae2536f | SELL |
+-----------------+---------------------------+----------------------------------+------+
+----+---------------------------+------------------------+-------+
|    | TIMESTAMP                 | STATE                  | MSG   |
|----+---------------------------+------------------------+-------|
|  0 | 2023-02-16 12:15:00+05:30 | PUT ORDER REQ RECEIVED |       |
|  1 | 2023-02-16 12:15:00+05:30 | VALIDATION PENDING     |       |
|  2 | 2023-02-16 12:15:00+05:30 | OPEN PENDING           |       |
|  3 | 2023-02-16 12:15:00+05:30 | OPEN                   |       |
|  4 | 2023-02-16 12:15:00+05:30 | COMPLETE               |       |
+----+---------------------------+------------------------+-------+

+-----------------+---------------------------+----------------------------------+------+
| INST            | timestamp                 | ID                               | TT   |
|-----------------+---------------------------+----------------------------------+------|
| NSE_EQ:HDFCBANK | 2023-02-16 15:30:00+05:30 | e0ca26a0dce641fdb115f7cb6a9c93d8 | BUY  |
+-----------------+---------------------------+----------------------------------+------+
+----+---------------------------+------------------------+-------+
|    | TIMESTAMP                 | STATE                  | MSG   |
|----+---------------------------+------------------------+-------|
|  0 | 2023-02-16 15:30:00+05:30 | PUT ORDER REQ RECEIVED |       |
|  1 | 2023-02-16 15:30:00+05:30 | VALIDATION PENDING     |       |
|  2 | 2023-02-16 15:30:00+05:30 | OPEN PENDING           |       |
|  3 | 2023-02-16 15:30:00+05:30 | OPEN                   |       |
|  4 | 2023-02-16 15:30:00+05:30 | COMPLETE               |       |
+----+---------------------------+------------------------+-------+

+-----------------+---------------------------+----------------------------------+------+
| INST            | timestamp                 | ID                               | TT   |
|-----------------+---------------------------+----------------------------------+------|
| NSE_EQ:HDFCBANK | 2023-02-17 11:15:00+05:30 | ce907a64e40247f0bff30a14b0d1ac1e | BUY  |
+-----------------+---------------------------+----------------------------------+------+
+----+---------------------------+------------------------+-------+
|    | TIMESTAMP                 | STATE                  | MSG   |
|----+---------------------------+------------------------+-------|
|  0 | 2023-02-17 11:15:00+05:30 | PUT ORDER REQ RECEIVED |       |
|  1 | 2023-02-17 11:15:00+05:30 | VALIDATION PENDING     |       |
|  2 | 2023-02-17 11:15:00+05:30 | OPEN PENDING           |       |
|  3 | 2023-02-17 11:15:00+05:30 | OPEN                   |       |
|  4 | 2023-02-17 11:15:00+05:30 | COMPLETE               |       |
+----+---------------------------+------------------------+-------+

+-----------------+---------------------------+----------------------------------+------+
| INST            | timestamp                 | ID                               | TT   |
|-----------------+---------------------------+----------------------------------+------|
| NSE_EQ:HDFCBANK | 2023-02-17 13:15:00+05:30 | b2fd63b4f5a648f4a8cc25fdc03e91a2 | SELL |
+-----------------+---------------------------+----------------------------------+------+
+----+---------------------------+------------------------+-------+
|    | TIMESTAMP                 | STATE                  | MSG   |
|----+---------------------------+------------------------+-------|
|  0 | 2023-02-17 13:15:00+05:30 | PUT ORDER REQ RECEIVED |       |
|  1 | 2023-02-17 13:15:00+05:30 | VALIDATION PENDING     |       |
|  2 | 2023-02-17 13:15:00+05:30 | OPEN PENDING           |       |
|  3 | 2023-02-17 13:15:00+05:30 | OPEN                   |       |
|  4 | 2023-02-17 13:15:00+05:30 | COMPLETE               |       |
+----+---------------------------+------------------------+-------+

+-----------------+---------------------------+----------------------------------+------+
| INST            | timestamp                 | ID                               | TT   |
|-----------------+---------------------------+----------------------------------+------|
| NSE_EQ:HDFCBANK | 2023-02-17 15:15:00+05:30 | 27ff6f111d564ee2aa5ded2a64f7376f | BUY  |
+-----------------+---------------------------+----------------------------------+------+
+----+---------------------------+------------------------+-------+
|    | TIMESTAMP                 | STATE                  | MSG   |
|----+---------------------------+------------------------+-------|
|  0 | 2023-02-17 15:15:00+05:30 | PUT ORDER REQ RECEIVED |       |
|  1 | 2023-02-17 15:15:00+05:30 | VALIDATION PENDING     |       |
|  2 | 2023-02-17 15:15:00+05:30 | OPEN PENDING           |       |
|  3 | 2023-02-17 15:15:00+05:30 | OPEN                   |       |
|  4 | 2023-02-17 15:15:00+05:30 | COMPLETE               |       |
+----+---------------------------+------------------------+-------+

+-----------------+---------------------------+----------------------------------+------+
| INST            | timestamp                 | ID                               | TT   |
|-----------------+---------------------------+----------------------------------+------|
| NSE_EQ:HDFCBANK | 2023-02-17 15:30:00+05:30 | a4bde6081a244c9e8206f094604dc532 | SELL |
+-----------------+---------------------------+----------------------------------+------+
+----+---------------------------+------------------------+-------+
|    | TIMESTAMP                 | STATE                  | MSG   |
|----+---------------------------+------------------------+-------|
|  0 | 2023-02-17 15:30:00+05:30 | PUT ORDER REQ RECEIVED |       |
|  1 | 2023-02-17 15:30:00+05:30 | VALIDATION PENDING     |       |
|  2 | 2023-02-17 15:30:00+05:30 | OPEN PENDING           |       |
|  3 | 2023-02-17 15:30:00+05:30 | OPEN                   |       |
|  4 | 2023-02-17 15:30:00+05:30 | COMPLETE               |       |
+----+---------------------------+------------------------+-------+

+-----------------+---------------------------+----------------------------------+------+
| INST            | timestamp                 | ID                               | TT   |
|-----------------+---------------------------+----------------------------------+------|
| NSE_EQ:HDFCBANK | 2023-02-21 10:15:00+05:30 | 2a4a310775334e1f9db5be10ebfa3836 | BUY  |
+-----------------+---------------------------+----------------------------------+------+
+----+---------------------------+------------------------+-------+
|    | TIMESTAMP                 | STATE                  | MSG   |
|----+---------------------------+------------------------+-------|
|  0 | 2023-02-21 10:15:00+05:30 | PUT ORDER REQ RECEIVED |       |
|  1 | 2023-02-21 10:15:00+05:30 | VALIDATION PENDING     |       |
|  2 | 2023-02-21 10:15:00+05:30 | OPEN PENDING           |       |
|  3 | 2023-02-21 10:15:00+05:30 | OPEN                   |       |
|  4 | 2023-02-21 10:15:00+05:30 | COMPLETE               |       |
+----+---------------------------+------------------------+-------+

+-----------------+---------------------------+----------------------------------+------+
| INST            | timestamp                 | ID                               | TT   |
|-----------------+---------------------------+----------------------------------+------|
| NSE_EQ:HDFCBANK | 2023-02-21 15:30:00+05:30 | 4ef9082cf3094e50b0cbe0ea5c5ad86a | SELL |
+-----------------+---------------------------+----------------------------------+------+
+----+---------------------------+------------------------+-------+
|    | TIMESTAMP                 | STATE                  | MSG   |
|----+---------------------------+------------------------+-------|
|  0 | 2023-02-21 15:30:00+05:30 | PUT ORDER REQ RECEIVED |       |
|  1 | 2023-02-21 15:30:00+05:30 | VALIDATION PENDING     |       |
|  2 | 2023-02-21 15:30:00+05:30 | OPEN PENDING           |       |
|  3 | 2023-02-21 15:30:00+05:30 | OPEN                   |       |
|  4 | 2023-02-21 15:30:00+05:30 | COMPLETE               |       |
+----+---------------------------+------------------------+-------+

+-----------------+---------------------------+----------------------------------+------+
| INST            | timestamp                 | ID                               | TT   |
|-----------------+---------------------------+----------------------------------+------|
| NSE_EQ:HDFCBANK | 2023-02-23 13:15:00+05:30 | e60e0fe1d65340438eb38044b9f09dfe | BUY  |
+-----------------+---------------------------+----------------------------------+------+
+----+---------------------------+------------------------+-------+
|    | TIMESTAMP                 | STATE                  | MSG   |
|----+---------------------------+------------------------+-------|
|  0 | 2023-02-23 13:15:00+05:30 | PUT ORDER REQ RECEIVED |       |
|  1 | 2023-02-23 13:15:00+05:30 | VALIDATION PENDING     |       |
|  2 | 2023-02-23 13:15:00+05:30 | OPEN PENDING           |       |
|  3 | 2023-02-23 13:15:00+05:30 | OPEN                   |       |
|  4 | 2023-02-23 13:15:00+05:30 | COMPLETE               |       |
+----+---------------------------+------------------------+-------+

+-----------------+---------------------------+----------------------------------+------+
| INST            | timestamp                 | ID                               | TT   |
|-----------------+---------------------------+----------------------------------+------|
| NSE_EQ:HDFCBANK | 2023-02-23 15:15:00+05:30 | f53bf6a982e343e1bcaae24e0a2af08b | SELL |
+-----------------+---------------------------+----------------------------------+------+
+----+---------------------------+------------------------+-------+
|    | TIMESTAMP                 | STATE                  | MSG   |
|----+---------------------------+------------------------+-------|
|  0 | 2023-02-23 15:15:00+05:30 | PUT ORDER REQ RECEIVED |       |
|  1 | 2023-02-23 15:15:00+05:30 | VALIDATION PENDING     |       |
|  2 | 2023-02-23 15:15:00+05:30 | OPEN PENDING           |       |
|  3 | 2023-02-23 15:15:00+05:30 | OPEN                   |       |
|  4 | 2023-02-23 15:15:00+05:30 | COMPLETE               |       |
+----+---------------------------+------------------------+-------+

+-----------------+---------------------------+----------------------------------+------+
| INST            | timestamp                 | ID                               | TT   |
|-----------------+---------------------------+----------------------------------+------|
| NSE_EQ:HDFCBANK | 2023-02-24 09:15:00+05:30 | e891ed64b3bd48a68c3db899bb9a2710 | BUY  |
+-----------------+---------------------------+----------------------------------+------+
+----+---------------------------+------------------------+-------+
|    | TIMESTAMP                 | STATE                  | MSG   |
|----+---------------------------+------------------------+-------|
|  0 | 2023-02-24 09:15:00+05:30 | PUT ORDER REQ RECEIVED |       |
|  1 | 2023-02-24 09:15:00+05:30 | VALIDATION PENDING     |       |
|  2 | 2023-02-24 09:15:00+05:30 | OPEN PENDING           |       |
|  3 | 2023-02-24 09:15:00+05:30 | OPEN                   |       |
|  4 | 2023-02-24 09:15:00+05:30 | COMPLETE               |       |
+----+---------------------------+------------------------+-------+

+-----------------+---------------------------+----------------------------------+------+
| INST            | timestamp                 | ID                               | TT   |
|-----------------+---------------------------+----------------------------------+------|
| NSE_EQ:HDFCBANK | 2023-02-24 10:15:00+05:30 | 3454fd5d71774b98b97cc82fd7d18d1a | SELL |
+-----------------+---------------------------+----------------------------------+------+
+----+---------------------------+------------------------+-------+
|    | TIMESTAMP                 | STATE                  | MSG   |
|----+---------------------------+------------------------+-------|
|  0 | 2023-02-24 10:15:00+05:30 | PUT ORDER REQ RECEIVED |       |
|  1 | 2023-02-24 10:15:00+05:30 | VALIDATION PENDING     |       |
|  2 | 2023-02-24 10:15:00+05:30 | OPEN PENDING           |       |
|  3 | 2023-02-24 10:15:00+05:30 | OPEN                   |       |
|  4 | 2023-02-24 10:15:00+05:30 | COMPLETE               |       |
+----+---------------------------+------------------------+-------+

+-----------------+---------------------------+----------------------------------+------+
| INST            | timestamp                 | ID                               | TT   |
|-----------------+---------------------------+----------------------------------+------|
| NSE_EQ:HDFCBANK | 2023-02-27 11:15:00+05:30 | bd5d3a9350b9417eabf0b367ffca1db3 | BUY  |
+-----------------+---------------------------+----------------------------------+------+
+----+---------------------------+------------------------+-------+
|    | TIMESTAMP                 | STATE                  | MSG   |
|----+---------------------------+------------------------+-------|
|  0 | 2023-02-27 11:15:00+05:30 | PUT ORDER REQ RECEIVED |       |
|  1 | 2023-02-27 11:15:00+05:30 | VALIDATION PENDING     |       |
|  2 | 2023-02-27 11:15:00+05:30 | OPEN PENDING           |       |
|  3 | 2023-02-27 11:15:00+05:30 | OPEN                   |       |
|  4 | 2023-02-27 11:15:00+05:30 | COMPLETE               |       |
+----+---------------------------+------------------------+-------+

+-----------------+---------------------------+----------------------------------+------+
| INST            | timestamp                 | ID                               | TT   |
|-----------------+---------------------------+----------------------------------+------|
| NSE_EQ:HDFCBANK | 2023-02-27 15:30:00+05:30 | 8eede7c500eb46b3bf8295cfeba2022f | SELL |
+-----------------+---------------------------+----------------------------------+------+
+----+---------------------------+------------------------+-------+
|    | TIMESTAMP                 | STATE                  | MSG   |
|----+---------------------------+------------------------+-------|
|  0 | 2023-02-27 15:30:00+05:30 | PUT ORDER REQ RECEIVED |       |
|  1 | 2023-02-27 15:30:00+05:30 | VALIDATION PENDING     |       |
|  2 | 2023-02-27 15:30:00+05:30 | OPEN PENDING           |       |
|  3 | 2023-02-27 15:30:00+05:30 | OPEN                   |       |
|  4 | 2023-02-27 15:30:00+05:30 | COMPLETE               |       |
+----+---------------------------+------------------------+-------+

+-----------------+---------------------------+----------------------------------+------+
| INST            | timestamp                 | ID                               | TT   |
|-----------------+---------------------------+----------------------------------+------|
| NSE_EQ:HDFCBANK | 2023-03-02 15:15:00+05:30 | 1ecb2994819f4a15bf582a097ba4b7e6 | BUY  |
+-----------------+---------------------------+----------------------------------+------+
+----+---------------------------+------------------------+-------+
|    | TIMESTAMP                 | STATE                  | MSG   |
|----+---------------------------+------------------------+-------|
|  0 | 2023-03-02 15:15:00+05:30 | PUT ORDER REQ RECEIVED |       |
|  1 | 2023-03-02 15:15:00+05:30 | VALIDATION PENDING     |       |
|  2 | 2023-03-02 15:15:00+05:30 | OPEN PENDING           |       |
|  3 | 2023-03-02 15:15:00+05:30 | OPEN                   |       |
|  4 | 2023-03-02 15:15:00+05:30 | COMPLETE               |       |
+----+---------------------------+------------------------+-------+

+-----------------+---------------------------+----------------------------------+------+
| INST            | timestamp                 | ID                               | TT   |
|-----------------+---------------------------+----------------------------------+------|
| NSE_EQ:HDFCBANK | 2023-03-02 15:30:00+05:30 | 8797267fc1bb44db938f6289ea4ff296 | SELL |
+-----------------+---------------------------+----------------------------------+------+
+----+---------------------------+------------------------+-------+
|    | TIMESTAMP                 | STATE                  | MSG   |
|----+---------------------------+------------------------+-------|
|  0 | 2023-03-02 15:30:00+05:30 | PUT ORDER REQ RECEIVED |       |
|  1 | 2023-03-02 15:30:00+05:30 | VALIDATION PENDING     |       |
|  2 | 2023-03-02 15:30:00+05:30 | OPEN PENDING           |       |
|  3 | 2023-03-02 15:30:00+05:30 | OPEN                   |       |
|  4 | 2023-03-02 15:30:00+05:30 | COMPLETE               |       |
+----+---------------------------+------------------------+-------+

+-----------------+---------------------------+----------------------------------+------+
| INST            | timestamp                 | ID                               | TT   |
|-----------------+---------------------------+----------------------------------+------|
| NSE_EQ:HDFCBANK | 2023-03-03 10:15:00+05:30 | 7396eb47f2e1444ea30c4d700a91e81c | BUY  |
+-----------------+---------------------------+----------------------------------+------+
+----+---------------------------+------------------------+-------+
|    | TIMESTAMP                 | STATE                  | MSG   |
|----+---------------------------+------------------------+-------|
|  0 | 2023-03-03 10:15:00+05:30 | PUT ORDER REQ RECEIVED |       |
|  1 | 2023-03-03 10:15:00+05:30 | VALIDATION PENDING     |       |
|  2 | 2023-03-03 10:15:00+05:30 | OPEN PENDING           |       |
|  3 | 2023-03-03 10:15:00+05:30 | OPEN                   |       |
|  4 | 2023-03-03 10:15:00+05:30 | COMPLETE               |       |
+----+---------------------------+------------------------+-------+

+-----------------+---------------------------+----------------------------------+------+
| INST            | timestamp                 | ID                               | TT   |
|-----------------+---------------------------+----------------------------------+------|
| NSE_EQ:HDFCBANK | 2023-03-03 15:30:00+05:30 | 3532ca8e7d154a9e9f7ee3cf3bd4bf38 | SELL |
+-----------------+---------------------------+----------------------------------+------+
+----+---------------------------+------------------------+-------+
|    | TIMESTAMP                 | STATE                  | MSG   |
|----+---------------------------+------------------------+-------|
|  0 | 2023-03-03 15:30:00+05:30 | PUT ORDER REQ RECEIVED |       |
|  1 | 2023-03-03 15:30:00+05:30 | VALIDATION PENDING     |       |
|  2 | 2023-03-03 15:30:00+05:30 | OPEN PENDING           |       |
|  3 | 2023-03-03 15:30:00+05:30 | OPEN                   |       |
|  4 | 2023-03-03 15:30:00+05:30 | COMPLETE               |       |
+----+---------------------------+------------------------+-------+

+-----------------+---------------------------+----------------------------------+------+
| INST            | timestamp                 | ID                               | TT   |
|-----------------+---------------------------+----------------------------------+------|
| NSE_EQ:HDFCBANK | 2023-03-06 14:15:00+05:30 | 177d3c4057034863b1eff4395ce0a1b9 | SELL |
+-----------------+---------------------------+----------------------------------+------+
+----+---------------------------+------------------------+-------+
|    | TIMESTAMP                 | STATE                  | MSG   |
|----+---------------------------+------------------------+-------|
|  0 | 2023-03-06 14:15:00+05:30 | PUT ORDER REQ RECEIVED |       |
|  1 | 2023-03-06 14:15:00+05:30 | VALIDATION PENDING     |       |
|  2 | 2023-03-06 14:15:00+05:30 | OPEN PENDING           |       |
|  3 | 2023-03-06 14:15:00+05:30 | OPEN                   |       |
|  4 | 2023-03-06 14:15:00+05:30 | COMPLETE               |       |
+----+---------------------------+------------------------+-------+

+-----------------+---------------------------+----------------------------------+------+
| INST            | timestamp                 | ID                               | TT   |
|-----------------+---------------------------+----------------------------------+------|
| NSE_EQ:HDFCBANK | 2023-03-06 15:30:00+05:30 | d8284333e5324bd6955409b8a61b4962 | BUY  |
+-----------------+---------------------------+----------------------------------+------+
+----+---------------------------+------------------------+-------+
|    | TIMESTAMP                 | STATE                  | MSG   |
|----+---------------------------+------------------------+-------|
|  0 | 2023-03-06 15:30:00+05:30 | PUT ORDER REQ RECEIVED |       |
|  1 | 2023-03-06 15:30:00+05:30 | VALIDATION PENDING     |       |
|  2 | 2023-03-06 15:30:00+05:30 | OPEN PENDING           |       |
|  3 | 2023-03-06 15:30:00+05:30 | OPEN                   |       |
|  4 | 2023-03-06 15:30:00+05:30 | COMPLETE               |       |
+----+---------------------------+------------------------+-------+

+-----------------+---------------------------+----------------------------------+------+
| INST            | timestamp                 | ID                               | TT   |
|-----------------+---------------------------+----------------------------------+------|
| NSE_EQ:HDFCBANK | 2023-03-08 11:15:00+05:30 | 6d978a8363fb41d897052429eeae7143 | SELL |
+-----------------+---------------------------+----------------------------------+------+
+----+---------------------------+------------------------+-------+
|    | TIMESTAMP                 | STATE                  | MSG   |
|----+---------------------------+------------------------+-------|
|  0 | 2023-03-08 11:15:00+05:30 | PUT ORDER REQ RECEIVED |       |
|  1 | 2023-03-08 11:15:00+05:30 | VALIDATION PENDING     |       |
|  2 | 2023-03-08 11:15:00+05:30 | OPEN PENDING           |       |
|  3 | 2023-03-08 11:15:00+05:30 | OPEN                   |       |
|  4 | 2023-03-08 11:15:00+05:30 | COMPLETE               |       |
+----+---------------------------+------------------------+-------+

+-----------------+---------------------------+----------------------------------+------+
| INST            | timestamp                 | ID                               | TT   |
|-----------------+---------------------------+----------------------------------+------|
| NSE_EQ:HDFCBANK | 2023-03-08 15:30:00+05:30 | c03a5324c131436d99568f9f5bd5b10b | BUY  |
+-----------------+---------------------------+----------------------------------+------+
+----+---------------------------+------------------------+-------+
|    | TIMESTAMP                 | STATE                  | MSG   |
|----+---------------------------+------------------------+-------|
|  0 | 2023-03-08 15:30:00+05:30 | PUT ORDER REQ RECEIVED |       |
|  1 | 2023-03-08 15:30:00+05:30 | VALIDATION PENDING     |       |
|  2 | 2023-03-08 15:30:00+05:30 | OPEN PENDING           |       |
|  3 | 2023-03-08 15:30:00+05:30 | OPEN                   |       |
|  4 | 2023-03-08 15:30:00+05:30 | COMPLETE               |       |
+----+---------------------------+------------------------+-------+

+-----------------+---------------------------+----------------------------------+------+
| INST            | timestamp                 | ID                               | TT   |
|-----------------+---------------------------+----------------------------------+------|
| NSE_EQ:HDFCBANK | 2023-03-09 13:15:00+05:30 | 66753b2e1711473b9a1f1a50675e5531 | SELL |
+-----------------+---------------------------+----------------------------------+------+
+----+---------------------------+------------------------+-------+
|    | TIMESTAMP                 | STATE                  | MSG   |
|----+---------------------------+------------------------+-------|
|  0 | 2023-03-09 13:15:00+05:30 | PUT ORDER REQ RECEIVED |       |
|  1 | 2023-03-09 13:15:00+05:30 | VALIDATION PENDING     |       |
|  2 | 2023-03-09 13:15:00+05:30 | OPEN PENDING           |       |
|  3 | 2023-03-09 13:15:00+05:30 | OPEN                   |       |
|  4 | 2023-03-09 13:15:00+05:30 | COMPLETE               |       |
+----+---------------------------+------------------------+-------+

+-----------------+---------------------------+----------------------------------+------+
| INST            | timestamp                 | ID                               | TT   |
|-----------------+---------------------------+----------------------------------+------|
| NSE_EQ:HDFCBANK | 2023-03-09 15:30:00+05:30 | 4817d4891d314094b607c1fc619524d9 | BUY  |
+-----------------+---------------------------+----------------------------------+------+
+----+---------------------------+------------------------+-------+
|    | TIMESTAMP                 | STATE                  | MSG   |
|----+---------------------------+------------------------+-------|
|  0 | 2023-03-09 15:30:00+05:30 | PUT ORDER REQ RECEIVED |       |
|  1 | 2023-03-09 15:30:00+05:30 | VALIDATION PENDING     |       |
|  2 | 2023-03-09 15:30:00+05:30 | OPEN PENDING           |       |
|  3 | 2023-03-09 15:30:00+05:30 | OPEN                   |       |
|  4 | 2023-03-09 15:30:00+05:30 | COMPLETE               |       |
+----+---------------------------+------------------------+-------+

+-----------------+---------------------------+----------------------------------+------+
| INST            | timestamp                 | ID                               | TT   |
|-----------------+---------------------------+----------------------------------+------|
| NSE_EQ:HDFCBANK | 2023-03-13 10:15:00+05:30 | e627622a52774e2eb4b8036de1892550 | BUY  |
+-----------------+---------------------------+----------------------------------+------+
+----+---------------------------+------------------------+-------+
|    | TIMESTAMP                 | STATE                  | MSG   |
|----+---------------------------+------------------------+-------|
|  0 | 2023-03-13 10:15:00+05:30 | PUT ORDER REQ RECEIVED |       |
|  1 | 2023-03-13 10:15:00+05:30 | VALIDATION PENDING     |       |
|  2 | 2023-03-13 10:15:00+05:30 | OPEN PENDING           |       |
|  3 | 2023-03-13 10:15:00+05:30 | OPEN                   |       |
|  4 | 2023-03-13 10:15:00+05:30 | COMPLETE               |       |
+----+---------------------------+------------------------+-------+

+-----------------+---------------------------+----------------------------------+------+
| INST            | timestamp                 | ID                               | TT   |
|-----------------+---------------------------+----------------------------------+------|
| NSE_EQ:HDFCBANK | 2023-03-13 12:15:00+05:30 | 1adba052572a487c959d1678ea7fa337 | SELL |
+-----------------+---------------------------+----------------------------------+------+
+----+---------------------------+------------------------+-------+
|    | TIMESTAMP                 | STATE                  | MSG   |
|----+---------------------------+------------------------+-------|
|  0 | 2023-03-13 12:15:00+05:30 | PUT ORDER REQ RECEIVED |       |
|  1 | 2023-03-13 12:15:00+05:30 | VALIDATION PENDING     |       |
|  2 | 2023-03-13 12:15:00+05:30 | OPEN PENDING           |       |
|  3 | 2023-03-13 12:15:00+05:30 | OPEN                   |       |
|  4 | 2023-03-13 12:15:00+05:30 | COMPLETE               |       |
+----+---------------------------+------------------------+-------+

+-----------------+---------------------------+----------------------------------+------+
| INST            | timestamp                 | ID                               | TT   |
|-----------------+---------------------------+----------------------------------+------|
| NSE_EQ:HDFCBANK | 2023-03-14 10:15:00+05:30 | 0cb1a2874e2d441188009eff716b9e24 | BUY  |
+-----------------+---------------------------+----------------------------------+------+
+----+---------------------------+------------------------+-------+
|    | TIMESTAMP                 | STATE                  | MSG   |
|----+---------------------------+------------------------+-------|
|  0 | 2023-03-14 10:15:00+05:30 | PUT ORDER REQ RECEIVED |       |
|  1 | 2023-03-14 10:15:00+05:30 | VALIDATION PENDING     |       |
|  2 | 2023-03-14 10:15:00+05:30 | OPEN PENDING           |       |
|  3 | 2023-03-14 10:15:00+05:30 | OPEN                   |       |
|  4 | 2023-03-14 10:15:00+05:30 | COMPLETE               |       |
+----+---------------------------+------------------------+-------+

+-----------------+---------------------------+----------------------------------+------+
| INST            | timestamp                 | ID                               | TT   |
|-----------------+---------------------------+----------------------------------+------|
| NSE_EQ:HDFCBANK | 2023-03-14 11:15:00+05:30 | a7a6d098992c4b34a7eaed28245099be | SELL |
+-----------------+---------------------------+----------------------------------+------+
+----+---------------------------+------------------------+-------+
|    | TIMESTAMP                 | STATE                  | MSG   |
|----+---------------------------+------------------------+-------|
|  0 | 2023-03-14 11:15:00+05:30 | PUT ORDER REQ RECEIVED |       |
|  1 | 2023-03-14 11:15:00+05:30 | VALIDATION PENDING     |       |
|  2 | 2023-03-14 11:15:00+05:30 | OPEN PENDING           |       |
|  3 | 2023-03-14 11:15:00+05:30 | OPEN                   |       |
|  4 | 2023-03-14 11:15:00+05:30 | COMPLETE               |       |
+----+---------------------------+------------------------+-------+

+-----------------+---------------------------+----------------------------------+------+
| INST            | timestamp                 | ID                               | TT   |
|-----------------+---------------------------+----------------------------------+------|
| NSE_EQ:HDFCBANK | 2023-03-14 13:15:00+05:30 | 518b00e9125a4039a3a354c4d50694b9 | BUY  |
+-----------------+---------------------------+----------------------------------+------+
+----+---------------------------+------------------------+-------+
|    | TIMESTAMP                 | STATE                  | MSG   |
|----+---------------------------+------------------------+-------|
|  0 | 2023-03-14 13:15:00+05:30 | PUT ORDER REQ RECEIVED |       |
|  1 | 2023-03-14 13:15:00+05:30 | VALIDATION PENDING     |       |
|  2 | 2023-03-14 13:15:00+05:30 | OPEN PENDING           |       |
|  3 | 2023-03-14 13:15:00+05:30 | OPEN                   |       |
|  4 | 2023-03-14 13:15:00+05:30 | COMPLETE               |       |
+----+---------------------------+------------------------+-------+

+-----------------+---------------------------+----------------------------------+------+
| INST            | timestamp                 | ID                               | TT   |
|-----------------+---------------------------+----------------------------------+------|
| NSE_EQ:HDFCBANK | 2023-03-14 15:30:00+05:30 | 9b8f1d7bd964487aab1d11a724617df1 | SELL |
+-----------------+---------------------------+----------------------------------+------+
+----+---------------------------+------------------------+-------+
|    | TIMESTAMP                 | STATE                  | MSG   |
|----+---------------------------+------------------------+-------|
|  0 | 2023-03-14 15:30:00+05:30 | PUT ORDER REQ RECEIVED |       |
|  1 | 2023-03-14 15:30:00+05:30 | VALIDATION PENDING     |       |
|  2 | 2023-03-14 15:30:00+05:30 | OPEN PENDING           |       |
|  3 | 2023-03-14 15:30:00+05:30 | OPEN                   |       |
|  4 | 2023-03-14 15:30:00+05:30 | COMPLETE               |       |
+----+---------------------------+------------------------+-------+

+-----------------+---------------------------+----------------------------------+------+
| INST            | timestamp                 | ID                               | TT   |
|-----------------+---------------------------+----------------------------------+------|
| NSE_EQ:HDFCBANK | 2023-03-15 12:15:00+05:30 | 4f8d81863aa642849511e6d70f4fe7bb | BUY  |
+-----------------+---------------------------+----------------------------------+------+
+----+---------------------------+------------------------+-------+
|    | TIMESTAMP                 | STATE                  | MSG   |
|----+---------------------------+------------------------+-------|
|  0 | 2023-03-15 12:15:00+05:30 | PUT ORDER REQ RECEIVED |       |
|  1 | 2023-03-15 12:15:00+05:30 | VALIDATION PENDING     |       |
|  2 | 2023-03-15 12:15:00+05:30 | OPEN PENDING           |       |
|  3 | 2023-03-15 12:15:00+05:30 | OPEN                   |       |
|  4 | 2023-03-15 12:15:00+05:30 | COMPLETE               |       |
+----+---------------------------+------------------------+-------+

+-----------------+---------------------------+----------------------------------+------+
| INST            | timestamp                 | ID                               | TT   |
|-----------------+---------------------------+----------------------------------+------|
| NSE_EQ:HDFCBANK | 2023-03-15 13:15:00+05:30 | c6902aee26784eb5abb920a5f90dc043 | SELL |
+-----------------+---------------------------+----------------------------------+------+
+----+---------------------------+------------------------+-------+
|    | TIMESTAMP                 | STATE                  | MSG   |
|----+---------------------------+------------------------+-------|
|  0 | 2023-03-15 13:15:00+05:30 | PUT ORDER REQ RECEIVED |       |
|  1 | 2023-03-15 13:15:00+05:30 | VALIDATION PENDING     |       |
|  2 | 2023-03-15 13:15:00+05:30 | OPEN PENDING           |       |
|  3 | 2023-03-15 13:15:00+05:30 | OPEN                   |       |
|  4 | 2023-03-15 13:15:00+05:30 | COMPLETE               |       |
+----+---------------------------+------------------------+-------+

+-----------------+---------------------------+----------------------------------+------+
| INST            | timestamp                 | ID                               | TT   |
|-----------------+---------------------------+----------------------------------+------|
| NSE_EQ:HDFCBANK | 2023-03-16 11:15:00+05:30 | 78f393792cc04c6ab03a27fb97a5df89 | BUY  |
+-----------------+---------------------------+----------------------------------+------+
+----+---------------------------+------------------------+-------+
|    | TIMESTAMP                 | STATE                  | MSG   |
|----+---------------------------+------------------------+-------|
|  0 | 2023-03-16 11:15:00+05:30 | PUT ORDER REQ RECEIVED |       |
|  1 | 2023-03-16 11:15:00+05:30 | VALIDATION PENDING     |       |
|  2 | 2023-03-16 11:15:00+05:30 | OPEN PENDING           |       |
|  3 | 2023-03-16 11:15:00+05:30 | OPEN                   |       |
|  4 | 2023-03-16 11:15:00+05:30 | COMPLETE               |       |
+----+---------------------------+------------------------+-------+

+-----------------+---------------------------+----------------------------------+------+
| INST            | timestamp                 | ID                               | TT   |
|-----------------+---------------------------+----------------------------------+------|
| NSE_EQ:HDFCBANK | 2023-03-16 15:30:00+05:30 | cf5474984d3142bcae84d864f506a183 | SELL |
+-----------------+---------------------------+----------------------------------+------+
+----+---------------------------+------------------------+-------+
|    | TIMESTAMP                 | STATE                  | MSG   |
|----+---------------------------+------------------------+-------|
|  0 | 2023-03-16 15:30:00+05:30 | PUT ORDER REQ RECEIVED |       |
|  1 | 2023-03-16 15:30:00+05:30 | VALIDATION PENDING     |       |
|  2 | 2023-03-16 15:30:00+05:30 | OPEN PENDING           |       |
|  3 | 2023-03-16 15:30:00+05:30 | OPEN                   |       |
|  4 | 2023-03-16 15:30:00+05:30 | COMPLETE               |       |
+----+---------------------------+------------------------+-------+

+-----------------+---------------------------+----------------------------------+------+
| INST            | timestamp                 | ID                               | TT   |
|-----------------+---------------------------+----------------------------------+------|
| NSE_EQ:HDFCBANK | 2023-03-20 10:15:00+05:30 | 3b5dfaa4c0874362b64683f48ccfb485 | SELL |
+-----------------+---------------------------+----------------------------------+------+
+----+---------------------------+------------------------+-------+
|    | TIMESTAMP                 | STATE                  | MSG   |
|----+---------------------------+------------------------+-------|
|  0 | 2023-03-20 10:15:00+05:30 | PUT ORDER REQ RECEIVED |       |
|  1 | 2023-03-20 10:15:00+05:30 | VALIDATION PENDING     |       |
|  2 | 2023-03-20 10:15:00+05:30 | OPEN PENDING           |       |
|  3 | 2023-03-20 10:15:00+05:30 | OPEN                   |       |
|  4 | 2023-03-20 10:15:00+05:30 | COMPLETE               |       |
+----+---------------------------+------------------------+-------+

+-----------------+---------------------------+----------------------------------+------+
| INST            | timestamp                 | ID                               | TT   |
|-----------------+---------------------------+----------------------------------+------|
| NSE_EQ:HDFCBANK | 2023-03-20 15:30:00+05:30 | 592f56fd476f42608381c5253340adba | BUY  |
+-----------------+---------------------------+----------------------------------+------+
+----+---------------------------+------------------------+-------+
|    | TIMESTAMP                 | STATE                  | MSG   |
|----+---------------------------+------------------------+-------|
|  0 | 2023-03-20 15:30:00+05:30 | PUT ORDER REQ RECEIVED |       |
|  1 | 2023-03-20 15:30:00+05:30 | VALIDATION PENDING     |       |
|  2 | 2023-03-20 15:30:00+05:30 | OPEN PENDING           |       |
|  3 | 2023-03-20 15:30:00+05:30 | OPEN                   |       |
|  4 | 2023-03-20 15:30:00+05:30 | COMPLETE               |       |
+----+---------------------------+------------------------+-------+

+-----------------+---------------------------+----------------------------------+------+
| INST            | timestamp                 | ID                               | TT   |
|-----------------+---------------------------+----------------------------------+------|
| NSE_EQ:HDFCBANK | 2023-03-23 14:15:00+05:30 | cb48312201a345d796537bd56a325944 | SELL |
+-----------------+---------------------------+----------------------------------+------+
+----+---------------------------+------------------------+-------+
|    | TIMESTAMP                 | STATE                  | MSG   |
|----+---------------------------+------------------------+-------|
|  0 | 2023-03-23 14:15:00+05:30 | PUT ORDER REQ RECEIVED |       |
|  1 | 2023-03-23 14:15:00+05:30 | VALIDATION PENDING     |       |
|  2 | 2023-03-23 14:15:00+05:30 | OPEN PENDING           |       |
|  3 | 2023-03-23 14:15:00+05:30 | OPEN                   |       |
|  4 | 2023-03-23 14:15:00+05:30 | COMPLETE               |       |
+----+---------------------------+------------------------+-------+

+-----------------+---------------------------+----------------------------------+------+
| INST            | timestamp                 | ID                               | TT   |
|-----------------+---------------------------+----------------------------------+------|
| NSE_EQ:HDFCBANK | 2023-03-23 15:30:00+05:30 | 63da18514eea423b9287b529e0a2d805 | BUY  |
+-----------------+---------------------------+----------------------------------+------+
+----+---------------------------+------------------------+-------+
|    | TIMESTAMP                 | STATE                  | MSG   |
|----+---------------------------+------------------------+-------|
|  0 | 2023-03-23 15:30:00+05:30 | PUT ORDER REQ RECEIVED |       |
|  1 | 2023-03-23 15:30:00+05:30 | VALIDATION PENDING     |       |
|  2 | 2023-03-23 15:30:00+05:30 | OPEN PENDING           |       |
|  3 | 2023-03-23 15:30:00+05:30 | OPEN                   |       |
|  4 | 2023-03-23 15:30:00+05:30 | COMPLETE               |       |
+----+---------------------------+------------------------+-------+

+-----------------+---------------------------+----------------------------------+------+
| INST            | timestamp                 | ID                               | TT   |
|-----------------+---------------------------+----------------------------------+------|
| NSE_EQ:HDFCBANK | 2023-03-29 12:15:00+05:30 | 208ea6821c3e46339bacf6a82f66b21d | SELL |
+-----------------+---------------------------+----------------------------------+------+
+----+---------------------------+------------------------+-------+
|    | TIMESTAMP                 | STATE                  | MSG   |
|----+---------------------------+------------------------+-------|
|  0 | 2023-03-29 12:15:00+05:30 | PUT ORDER REQ RECEIVED |       |
|  1 | 2023-03-29 12:15:00+05:30 | VALIDATION PENDING     |       |
|  2 | 2023-03-29 12:15:00+05:30 | OPEN PENDING           |       |
|  3 | 2023-03-29 12:15:00+05:30 | OPEN                   |       |
|  4 | 2023-03-29 12:15:00+05:30 | COMPLETE               |       |
+----+---------------------------+------------------------+-------+

+-----------------+---------------------------+----------------------------------+------+
| INST            | timestamp                 | ID                               | TT   |
|-----------------+---------------------------+----------------------------------+------|
| NSE_EQ:HDFCBANK | 2023-03-29 14:15:00+05:30 | 4a245c7f02994ed9991f7db7db81817f | BUY  |
+-----------------+---------------------------+----------------------------------+------+
+----+---------------------------+------------------------+-------+
|    | TIMESTAMP                 | STATE                  | MSG   |
|----+---------------------------+------------------------+-------|
|  0 | 2023-03-29 14:15:00+05:30 | PUT ORDER REQ RECEIVED |       |
|  1 | 2023-03-29 14:15:00+05:30 | VALIDATION PENDING     |       |
|  2 | 2023-03-29 14:15:00+05:30 | OPEN PENDING           |       |
|  3 | 2023-03-29 14:15:00+05:30 | OPEN                   |       |
|  4 | 2023-03-29 14:15:00+05:30 | COMPLETE               |       |
+----+---------------------------+------------------------+-------+

+-----------------+---------------------------+----------------------------------+------+
| INST            | timestamp                 | ID                               | TT   |
|-----------------+---------------------------+----------------------------------+------|
| NSE_EQ:HDFCBANK | 2023-03-29 15:15:00+05:30 | ff279b61a4364400bd361e9adb53c190 | SELL |
+-----------------+---------------------------+----------------------------------+------+
+----+---------------------------+------------------------+-------+
|    | TIMESTAMP                 | STATE                  | MSG   |
|----+---------------------------+------------------------+-------|
|  0 | 2023-03-29 15:15:00+05:30 | PUT ORDER REQ RECEIVED |       |
|  1 | 2023-03-29 15:15:00+05:30 | VALIDATION PENDING     |       |
|  2 | 2023-03-29 15:15:00+05:30 | OPEN PENDING           |       |
|  3 | 2023-03-29 15:15:00+05:30 | OPEN                   |       |
|  4 | 2023-03-29 15:15:00+05:30 | COMPLETE               |       |
+----+---------------------------+------------------------+-------+

+-----------------+---------------------------+----------------------------------+------+
| INST            | timestamp                 | ID                               | TT   |
|-----------------+---------------------------+----------------------------------+------|
| NSE_EQ:HDFCBANK | 2023-03-29 15:30:00+05:30 | 8383da2bfa2241df8b0f6603d97b271f | BUY  |
+-----------------+---------------------------+----------------------------------+------+
+----+---------------------------+------------------------+-------+
|    | TIMESTAMP                 | STATE                  | MSG   |
|----+---------------------------+------------------------+-------|
|  0 | 2023-03-29 15:30:00+05:30 | PUT ORDER REQ RECEIVED |       |
|  1 | 2023-03-29 15:30:00+05:30 | VALIDATION PENDING     |       |
|  2 | 2023-03-29 15:30:00+05:30 | OPEN PENDING           |       |
|  3 | 2023-03-29 15:30:00+05:30 | OPEN                   |       |
|  4 | 2023-03-29 15:30:00+05:30 | COMPLETE               |       |
+----+---------------------------+------------------------+-------+