

+-------------+---------------------------+----------------------------------+------+
| INST        | timestamp                 | ID                               | TT   |
|-------------+---------------------------+----------------------------------+------|
| NSE_EQ:CDSL | 2023-01-04 10:15:00+05:30 | 789d4ba06e0f4b098e897a65704ee5b3 | SELL |
+-------------+---------------------------+----------------------------------+------+
+----+---------------------------+------------------------+-------+
|    | TIMESTAMP                 | STATE                  | MSG   |
|----+---------------------------+------------------------+-------|
|  0 | 2023-01-04 10:15:00+05:30 | PUT ORDER REQ RECEIVED |       |
|  1 | 2023-01-04 10:15:00+05:30 | VALIDATION PENDING     |       |
|  2 | 2023-01-04 10:15:00+05:30 | OPEN PENDING           |       |
|  3 | 2023-01-04 10:15:00+05:30 | OPEN                   |       |
|  4 | 2023-01-04 10:15:00+05:30 | COMPLETE               |       |
+----+---------------------------+------------------------+-------+

+-------------+---------------------------+----------------------------------+------+
| INST        | timestamp                 | ID                               | TT   |
|-------------+---------------------------+----------------------------------+------|
| NSE_EQ:CDSL | 2023-01-04 15:30:00+05:30 | fec1e4d519ff4f8683c1401e34142870 | BUY  |
+-------------+---------------------------+----------------------------------+------+
+----+---------------------------+------------------------+-------+
|    | TIMESTAMP                 | STATE                  | MSG   |
|----+---------------------------+------------------------+-------|
|  0 | 2023-01-04 15:30:00+05:30 | PUT ORDER REQ RECEIVED |       |
|  1 | 2023-01-04 15:30:00+05:30 | VALIDATION PENDING     |       |
|  2 | 2023-01-04 15:30:00+05:30 | OPEN PENDING           |       |
|  3 | 2023-01-04 15:30:00+05:30 | OPEN                   |       |
|  4 | 2023-01-04 15:30:00+05:30 | COMPLETE               |       |
+----+---------------------------+------------------------+-------+

+-------------+---------------------------+----------------------------------+------+
| INST        | timestamp                 | ID                               | TT   |
|-------------+---------------------------+----------------------------------+------|
| NSE_EQ:CDSL | 2023-01-11 14:15:00+05:30 | f9346624a1df487a882cc65712f521e2 | BUY  |
+-------------+---------------------------+----------------------------------+------+
+----+---------------------------+------------------------+-------+
|    | TIMESTAMP                 | STATE                  | MSG   |
|----+---------------------------+------------------------+-------|
|  0 | 2023-01-11 14:15:00+05:30 | PUT ORDER REQ RECEIVED |       |
|  1 | 2023-01-11 14:15:00+05:30 | VALIDATION PENDING     |       |
|  2 | 2023-01-11 14:15:00+05:30 | OPEN PENDING           |       |
|  3 | 2023-01-11 14:15:00+05:30 | OPEN                   |       |
|  4 | 2023-01-11 14:15:00+05:30 | COMPLETE               |       |
+----+---------------------------+------------------------+-------+

+-------------+---------------------------+----------------------------------+------+
| INST        | timestamp                 | ID                               | TT   |
|-------------+---------------------------+----------------------------------+------|
| NSE_EQ:CDSL | 2023-01-11 15:30:00+05:30 | 05a1578fa5af4f489a67f131b665cc6b | SELL |
+-------------+---------------------------+----------------------------------+------+
+----+---------------------------+------------------------+-------+
|    | TIMESTAMP                 | STATE                  | MSG   |
|----+---------------------------+------------------------+-------|
|  0 | 2023-01-11 15:30:00+05:30 | PUT ORDER REQ RECEIVED |       |
|  1 | 2023-01-11 15:30:00+05:30 | VALIDATION PENDING     |       |
|  2 | 2023-01-11 15:30:00+05:30 | OPEN PENDING           |       |
|  3 | 2023-01-11 15:30:00+05:30 | OPEN                   |       |
|  4 | 2023-01-11 15:30:00+05:30 | COMPLETE               |       |
+----+---------------------------+------------------------+-------+

+-------------+---------------------------+----------------------------------+------+
| INST        | timestamp                 | ID                               | TT   |
|-------------+---------------------------+----------------------------------+------|
| NSE_EQ:CDSL | 2023-01-12 10:15:00+05:30 | 00effdae08ec437d889928b74ec6a4be | SELL |
+-------------+---------------------------+----------------------------------+------+
+----+---------------------------+------------------------+-------+
|    | TIMESTAMP                 | STATE                  | MSG   |
|----+---------------------------+------------------------+-------|
|  0 | 2023-01-12 10:15:00+05:30 | PUT ORDER REQ RECEIVED |       |
|  1 | 2023-01-12 10:15:00+05:30 | VALIDATION PENDING     |       |
|  2 | 2023-01-12 10:15:00+05:30 | OPEN PENDING           |       |
|  3 | 2023-01-12 10:15:00+05:30 | OPEN                   |       |
|  4 | 2023-01-12 10:15:00+05:30 | COMPLETE               |       |
+----+---------------------------+------------------------+-------+

+-------------+---------------------------+----------------------------------+------+
| INST        | timestamp                 | ID                               | TT   |
|-------------+---------------------------+----------------------------------+------|
| NSE_EQ:CDSL | 2023-01-12 15:30:00+05:30 | e36fbe343ad74dfbaf62373e1ecad2b0 | BUY  |
+-------------+---------------------------+----------------------------------+------+
+----+---------------------------+------------------------+-------+
|    | TIMESTAMP                 | STATE                  | MSG   |
|----+---------------------------+------------------------+-------|
|  0 | 2023-01-12 15:30:00+05:30 | PUT ORDER REQ RECEIVED |       |
|  1 | 2023-01-12 15:30:00+05:30 | VALIDATION PENDING     |       |
|  2 | 2023-01-12 15:30:00+05:30 | OPEN PENDING           |       |
|  3 | 2023-01-12 15:30:00+05:30 | OPEN                   |       |
|  4 | 2023-01-12 15:30:00+05:30 | COMPLETE               |       |
+----+---------------------------+------------------------+-------+

+-------------+---------------------------+----------------------------------+------+
| INST        | timestamp                 | ID                               | TT   |
|-------------+---------------------------+----------------------------------+------|
| NSE_EQ:CDSL | 2023-01-13 13:15:00+05:30 | 0c9cc0d9da414a179277a7514d57f43a | BUY  |
+-------------+---------------------------+----------------------------------+------+
+----+---------------------------+------------------------+-------+
|    | TIMESTAMP                 | STATE                  | MSG   |
|----+---------------------------+------------------------+-------|
|  0 | 2023-01-13 13:15:00+05:30 | PUT ORDER REQ RECEIVED |       |
|  1 | 2023-01-13 13:15:00+05:30 | VALIDATION PENDING     |       |
|  2 | 2023-01-13 13:15:00+05:30 | OPEN PENDING           |       |
|  3 | 2023-01-13 13:15:00+05:30 | OPEN                   |       |
|  4 | 2023-01-13 13:15:00+05:30 | COMPLETE               |       |
+----+---------------------------+------------------------+-------+

+-------------+---------------------------+----------------------------------+------+
| INST        | timestamp                 | ID                               | TT   |
|-------------+---------------------------+----------------------------------+------|
| NSE_EQ:CDSL | 2023-01-13 15:30:00+05:30 | 9db42bd960bf43b49df8570cdcf43bd1 | SELL |
+-------------+---------------------------+----------------------------------+------+
+----+---------------------------+------------------------+-------+
|    | TIMESTAMP                 | STATE                  | MSG   |
|----+---------------------------+------------------------+-------|
|  0 | 2023-01-13 15:30:00+05:30 | PUT ORDER REQ RECEIVED |       |
|  1 | 2023-01-13 15:30:00+05:30 | VALIDATION PENDING     |       |
|  2 | 2023-01-13 15:30:00+05:30 | OPEN PENDING           |       |
|  3 | 2023-01-13 15:30:00+05:30 | OPEN                   |       |
|  4 | 2023-01-13 15:30:00+05:30 | COMPLETE               |       |
+----+---------------------------+------------------------+-------+

+-------------+---------------------------+----------------------------------+------+
| INST        | timestamp                 | ID                               | TT   |
|-------------+---------------------------+----------------------------------+------|
| NSE_EQ:CDSL | 2023-01-17 10:15:00+05:30 | 8866598c8ce74003be6aaa8134e261b7 | SELL |
+-------------+---------------------------+----------------------------------+------+
+----+---------------------------+------------------------+-------+
|    | TIMESTAMP                 | STATE                  | MSG   |
|----+---------------------------+------------------------+-------|
|  0 | 2023-01-17 10:15:00+05:30 | PUT ORDER REQ RECEIVED |       |
|  1 | 2023-01-17 10:15:00+05:30 | VALIDATION PENDING     |       |
|  2 | 2023-01-17 10:15:00+05:30 | OPEN PENDING           |       |
|  3 | 2023-01-17 10:15:00+05:30 | OPEN                   |       |
|  4 | 2023-01-17 10:15:00+05:30 | COMPLETE               |       |
+----+---------------------------+------------------------+-------+

+-------------+---------------------------+----------------------------------+------+
| INST        | timestamp                 | ID                               | TT   |
|-------------+---------------------------+----------------------------------+------|
| NSE_EQ:CDSL | 2023-01-17 15:30:00+05:30 | ca772a09477944ccb9843b239e39c82c | BUY  |
+-------------+---------------------------+----------------------------------+------+
+----+---------------------------+------------------------+-------+
|    | TIMESTAMP                 | STATE                  | MSG   |
|----+---------------------------+------------------------+-------|
|  0 | 2023-01-17 15:30:00+05:30 | PUT ORDER REQ RECEIVED |       |
|  1 | 2023-01-17 15:30:00+05:30 | VALIDATION PENDING     |       |
|  2 | 2023-01-17 15:30:00+05:30 | OPEN PENDING           |       |
|  3 | 2023-01-17 15:30:00+05:30 | OPEN                   |       |
|  4 | 2023-01-17 15:30:00+05:30 | COMPLETE               |       |
+----+---------------------------+------------------------+-------+

+-------------+---------------------------+----------------------------------+------+
| INST        | timestamp                 | ID                               | TT   |
|-------------+---------------------------+----------------------------------+------|
| NSE_EQ:CDSL | 2023-01-18 10:15:00+05:30 | 9796fef691d34c099c0d1a8d6e729b33 | BUY  |
+-------------+---------------------------+----------------------------------+------+
+----+---------------------------+------------------------+-------+
|    | TIMESTAMP                 | STATE                  | MSG   |
|----+---------------------------+------------------------+-------|
|  0 | 2023-01-18 10:15:00+05:30 | PUT ORDER REQ RECEIVED |       |
|  1 | 2023-01-18 10:15:00+05:30 | VALIDATION PENDING     |       |
|  2 | 2023-01-18 10:15:00+05:30 | OPEN PENDING           |       |
|  3 | 2023-01-18 10:15:00+05:30 | OPEN                   |       |
|  4 | 2023-01-18 10:15:00+05:30 | COMPLETE               |       |
+----+---------------------------+------------------------+-------+

+-------------+---------------------------+----------------------------------+------+
| INST        | timestamp                 | ID                               | TT   |
|-------------+---------------------------+----------------------------------+------|
| NSE_EQ:CDSL | 2023-01-18 15:30:00+05:30 | 503447e0806e4b4ea5b96d497699c365 | SELL |
+-------------+---------------------------+----------------------------------+------+
+----+---------------------------+------------------------+-------+
|    | TIMESTAMP                 | STATE                  | MSG   |
|----+---------------------------+------------------------+-------|
|  0 | 2023-01-18 15:30:00+05:30 | PUT ORDER REQ RECEIVED |       |
|  1 | 2023-01-18 15:30:00+05:30 | VALIDATION PENDING     |       |
|  2 | 2023-01-18 15:30:00+05:30 | OPEN PENDING           |       |
|  3 | 2023-01-18 15:30:00+05:30 | OPEN                   |       |
|  4 | 2023-01-18 15:30:00+05:30 | COMPLETE               |       |
+----+---------------------------+------------------------+-------+

+-------------+---------------------------+----------------------------------+------+
| INST        | timestamp                 | ID                               | TT   |
|-------------+---------------------------+----------------------------------+------|
| NSE_EQ:CDSL | 2023-01-24 12:15:00+05:30 | 2eafa387414c40fda442e74b5d69dd04 | SELL |
+-------------+---------------------------+----------------------------------+------+
+----+---------------------------+------------------------+-------+
|    | TIMESTAMP                 | STATE                  | MSG   |
|----+---------------------------+------------------------+-------|
|  0 | 2023-01-24 12:15:00+05:30 | PUT ORDER REQ RECEIVED |       |
|  1 | 2023-01-24 12:15:00+05:30 | VALIDATION PENDING     |       |
|  2 | 2023-01-24 12:15:00+05:30 | OPEN PENDING           |       |
|  3 | 2023-01-24 12:15:00+05:30 | OPEN                   |       |
|  4 | 2023-01-24 12:15:00+05:30 | COMPLETE               |       |
+----+---------------------------+------------------------+-------+

+-------------+---------------------------+----------------------------------+------+
| INST        | timestamp                 | ID                               | TT   |
|-------------+---------------------------+----------------------------------+------|
| NSE_EQ:CDSL | 2023-01-24 15:30:00+05:30 | ead2af9f37b74c84836e0ea6aacab3e0 | BUY  |
+-------------+---------------------------+----------------------------------+------+
+----+---------------------------+------------------------+-------+
|    | TIMESTAMP                 | STATE                  | MSG   |
|----+---------------------------+------------------------+-------|
|  0 | 2023-01-24 15:30:00+05:30 | PUT ORDER REQ RECEIVED |       |
|  1 | 2023-01-24 15:30:00+05:30 | VALIDATION PENDING     |       |
|  2 | 2023-01-24 15:30:00+05:30 | OPEN PENDING           |       |
|  3 | 2023-01-24 15:30:00+05:30 | OPEN                   |       |
|  4 | 2023-01-24 15:30:00+05:30 | COMPLETE               |       |
+----+---------------------------+------------------------+-------+

+-------------+---------------------------+----------------------------------+------+
| INST        | timestamp                 | ID                               | TT   |
|-------------+---------------------------+----------------------------------+------|
| NSE_EQ:CDSL | 2023-01-30 11:15:00+05:30 | b7920fbe7b44433eb24e9d7f7ebc75e4 | BUY  |
+-------------+---------------------------+----------------------------------+------+
+----+---------------------------+------------------------+-------+
|    | TIMESTAMP                 | STATE                  | MSG   |
|----+---------------------------+------------------------+-------|
|  0 | 2023-01-30 11:15:00+05:30 | PUT ORDER REQ RECEIVED |       |
|  1 | 2023-01-30 11:15:00+05:30 | VALIDATION PENDING     |       |
|  2 | 2023-01-30 11:15:00+05:30 | OPEN PENDING           |       |
|  3 | 2023-01-30 11:15:00+05:30 | OPEN                   |       |
|  4 | 2023-01-30 11:15:00+05:30 | COMPLETE               |       |
+----+---------------------------+------------------------+-------+

+-------------+---------------------------+----------------------------------+------+
| INST        | timestamp                 | ID                               | TT   |
|-------------+---------------------------+----------------------------------+------|
| NSE_EQ:CDSL | 2023-01-30 15:30:00+05:30 | 939c9aea9a0840f5b2fe954e628861f5 | SELL |
+-------------+---------------------------+----------------------------------+------+
+----+---------------------------+------------------------+-------+
|    | TIMESTAMP                 | STATE                  | MSG   |
|----+---------------------------+------------------------+-------|
|  0 | 2023-01-30 15:30:00+05:30 | PUT ORDER REQ RECEIVED |       |
|  1 | 2023-01-30 15:30:00+05:30 | VALIDATION PENDING     |       |
|  2 | 2023-01-30 15:30:00+05:30 | OPEN PENDING           |       |
|  3 | 2023-01-30 15:30:00+05:30 | OPEN                   |       |
|  4 | 2023-01-30 15:30:00+05:30 | COMPLETE               |       |
+----+---------------------------+------------------------+-------+

+-------------+---------------------------+----------------------------------+------+
| INST        | timestamp                 | ID                               | TT   |
|-------------+---------------------------+----------------------------------+------|
| NSE_EQ:CDSL | 2023-02-02 09:15:00+05:30 | c7ab77a5c7b245dc8b097db192ef22b1 | SELL |
+-------------+---------------------------+----------------------------------+------+
+----+---------------------------+------------------------+-------+
|    | TIMESTAMP                 | STATE                  | MSG   |
|----+---------------------------+------------------------+-------|
|  0 | 2023-02-02 09:15:00+05:30 | PUT ORDER REQ RECEIVED |       |
|  1 | 2023-02-02 09:15:00+05:30 | VALIDATION PENDING     |       |
|  2 | 2023-02-02 09:15:00+05:30 | OPEN PENDING           |       |
|  3 | 2023-02-02 09:15:00+05:30 | OPEN                   |       |
|  4 | 2023-02-02 09:15:00+05:30 | COMPLETE               |       |
+----+---------------------------+------------------------+-------+

+-------------+---------------------------+----------------------------------+------+
| INST        | timestamp                 | ID                               | TT   |
|-------------+---------------------------+----------------------------------+------|
| NSE_EQ:CDSL | 2023-02-02 15:30:00+05:30 | 16782f7174aa4dc89bd84f262f1a1e08 | BUY  |
+-------------+---------------------------+----------------------------------+------+
+----+---------------------------+------------------------+-------+
|    | TIMESTAMP                 | STATE                  | MSG   |
|----+---------------------------+------------------------+-------|
|  0 | 2023-02-02 15:30:00+05:30 | PUT ORDER REQ RECEIVED |       |
|  1 | 2023-02-02 15:30:00+05:30 | VALIDATION PENDING     |       |
|  2 | 2023-02-02 15:30:00+05:30 | OPEN PENDING           |       |
|  3 | 2023-02-02 15:30:00+05:30 | OPEN                   |       |
|  4 | 2023-02-02 15:30:00+05:30 | COMPLETE               |       |
+----+---------------------------+------------------------+-------+

+-------------+---------------------------+----------------------------------+------+
| INST        | timestamp                 | ID                               | TT   |
|-------------+---------------------------+----------------------------------+------|
| NSE_EQ:CDSL | 2023-02-06 12:15:00+05:30 | 3cb515c98a7042deaf120893e0b9ff9c | BUY  |
+-------------+---------------------------+----------------------------------+------+
+----+---------------------------+------------------------+-------+
|    | TIMESTAMP                 | STATE                  | MSG   |
|----+---------------------------+------------------------+-------|
|  0 | 2023-02-06 12:15:00+05:30 | PUT ORDER REQ RECEIVED |       |
|  1 | 2023-02-06 12:15:00+05:30 | VALIDATION PENDING     |       |
|  2 | 2023-02-06 12:15:00+05:30 | OPEN PENDING           |       |
|  3 | 2023-02-06 12:15:00+05:30 | OPEN                   |       |
|  4 | 2023-02-06 12:15:00+05:30 | COMPLETE               |       |
+----+---------------------------+------------------------+-------+

+-------------+---------------------------+----------------------------------+------+
| INST        | timestamp                 | ID                               | TT   |
|-------------+---------------------------+----------------------------------+------|
| NSE_EQ:CDSL | 2023-02-06 15:30:00+05:30 | 1b6b2e014d9748e7bfd8659a85bde372 | SELL |
+-------------+---------------------------+----------------------------------+------+
+----+---------------------------+------------------------+-------+
|    | TIMESTAMP                 | STATE                  | MSG   |
|----+---------------------------+------------------------+-------|
|  0 | 2023-02-06 15:30:00+05:30 | PUT ORDER REQ RECEIVED |       |
|  1 | 2023-02-06 15:30:00+05:30 | VALIDATION PENDING     |       |
|  2 | 2023-02-06 15:30:00+05:30 | OPEN PENDING           |       |
|  3 | 2023-02-06 15:30:00+05:30 | OPEN                   |       |
|  4 | 2023-02-06 15:30:00+05:30 | COMPLETE               |       |
+----+---------------------------+------------------------+-------+

+-------------+---------------------------+----------------------------------+------+
| INST        | timestamp                 | ID                               | TT   |
|-------------+---------------------------+----------------------------------+------|
| NSE_EQ:CDSL | 2023-02-07 12:15:00+05:30 | ec4154f00ceb43168bf5a6713c7433f1 | SELL |
+-------------+---------------------------+----------------------------------+------+
+----+---------------------------+------------------------+-------+
|    | TIMESTAMP                 | STATE                  | MSG   |
|----+---------------------------+------------------------+-------|
|  0 | 2023-02-07 12:15:00+05:30 | PUT ORDER REQ RECEIVED |       |
|  1 | 2023-02-07 12:15:00+05:30 | VALIDATION PENDING     |       |
|  2 | 2023-02-07 12:15:00+05:30 | OPEN PENDING           |       |
|  3 | 2023-02-07 12:15:00+05:30 | OPEN                   |       |
|  4 | 2023-02-07 12:15:00+05:30 | COMPLETE               |       |
+----+---------------------------+------------------------+-------+

+-------------+---------------------------+----------------------------------+------+
| INST        | timestamp                 | ID                               | TT   |
|-------------+---------------------------+----------------------------------+------|
| NSE_EQ:CDSL | 2023-02-07 15:30:00+05:30 | bfae4c3da1624272ac2d49cc2c3f7269 | BUY  |
+-------------+---------------------------+----------------------------------+------+
+----+---------------------------+------------------------+-------+
|    | TIMESTAMP                 | STATE                  | MSG   |
|----+---------------------------+------------------------+-------|
|  0 | 2023-02-07 15:30:00+05:30 | PUT ORDER REQ RECEIVED |       |
|  1 | 2023-02-07 15:30:00+05:30 | VALIDATION PENDING     |       |
|  2 | 2023-02-07 15:30:00+05:30 | OPEN PENDING           |       |
|  3 | 2023-02-07 15:30:00+05:30 | OPEN                   |       |
|  4 | 2023-02-07 15:30:00+05:30 | COMPLETE               |       |
+----+---------------------------+------------------------+-------+

+-------------+---------------------------+----------------------------------+------+
| INST        | timestamp                 | ID                               | TT   |
|-------------+---------------------------+----------------------------------+------|
| NSE_EQ:CDSL | 2023-02-09 15:15:00+05:30 | bd9d57b5d20440feb83f1e7f168a578b | BUY  |
+-------------+---------------------------+----------------------------------+------+
+----+---------------------------+------------------------+-------+
|    | TIMESTAMP                 | STATE                  | MSG   |
|----+---------------------------+------------------------+-------|
|  0 | 2023-02-09 15:15:00+05:30 | PUT ORDER REQ RECEIVED |       |
|  1 | 2023-02-09 15:15:00+05:30 | VALIDATION PENDING     |       |
|  2 | 2023-02-09 15:15:00+05:30 | OPEN PENDING           |       |
|  3 | 2023-02-09 15:15:00+05:30 | OPEN                   |       |
|  4 | 2023-02-09 15:15:00+05:30 | COMPLETE               |       |
+----+---------------------------+------------------------+-------+

+-------------+---------------------------+----------------------------------+------+
| INST        | timestamp                 | ID                               | TT   |
|-------------+---------------------------+----------------------------------+------|
| NSE_EQ:CDSL | 2023-02-09 15:30:00+05:30 | 417f5354c3e94139b17b9175e5917fb2 | SELL |
+-------------+---------------------------+----------------------------------+------+
+----+---------------------------+------------------------+-------+
|    | TIMESTAMP                 | STATE                  | MSG   |
|----+---------------------------+------------------------+-------|
|  0 | 2023-02-09 15:30:00+05:30 | PUT ORDER REQ RECEIVED |       |
|  1 | 2023-02-09 15:30:00+05:30 | VALIDATION PENDING     |       |
|  2 | 2023-02-09 15:30:00+05:30 | OPEN PENDING           |       |
|  3 | 2023-02-09 15:30:00+05:30 | OPEN                   |       |
|  4 | 2023-02-09 15:30:00+05:30 | COMPLETE               |       |
+----+---------------------------+------------------------+-------+

+-------------+---------------------------+----------------------------------+------+
| INST        | timestamp                 | ID                               | TT   |
|-------------+---------------------------+----------------------------------+------|
| NSE_EQ:CDSL | 2023-02-13 11:15:00+05:30 | 4bd74fafd4724bf086fa525835854a76 | SELL |
+-------------+---------------------------+----------------------------------+------+
+----+---------------------------+------------------------+-------+
|    | TIMESTAMP                 | STATE                  | MSG   |
|----+---------------------------+------------------------+-------|
|  0 | 2023-02-13 11:15:00+05:30 | PUT ORDER REQ RECEIVED |       |
|  1 | 2023-02-13 11:15:00+05:30 | VALIDATION PENDING     |       |
|  2 | 2023-02-13 11:15:00+05:30 | OPEN PENDING           |       |
|  3 | 2023-02-13 11:15:00+05:30 | OPEN                   |       |
|  4 | 2023-02-13 11:15:00+05:30 | COMPLETE               |       |
+----+---------------------------+------------------------+-------+

+-------------+---------------------------+----------------------------------+------+
| INST        | timestamp                 | ID                               | TT   |
|-------------+---------------------------+----------------------------------+------|
| NSE_EQ:CDSL | 2023-02-13 15:30:00+05:30 | 15cfb8c09a4443ec82159f7254fbba24 | BUY  |
+-------------+---------------------------+----------------------------------+------+
+----+---------------------------+------------------------+-------+
|    | TIMESTAMP                 | STATE                  | MSG   |
|----+---------------------------+------------------------+-------|
|  0 | 2023-02-13 15:30:00+05:30 | PUT ORDER REQ RECEIVED |       |
|  1 | 2023-02-13 15:30:00+05:30 | VALIDATION PENDING     |       |
|  2 | 2023-02-13 15:30:00+05:30 | OPEN PENDING           |       |
|  3 | 2023-02-13 15:30:00+05:30 | OPEN                   |       |
|  4 | 2023-02-13 15:30:00+05:30 | COMPLETE               |       |
+----+---------------------------+------------------------+-------+

+-------------+---------------------------+----------------------------------+------+
| INST        | timestamp                 | ID                               | TT   |
|-------------+---------------------------+----------------------------------+------|
| NSE_EQ:CDSL | 2023-02-15 11:15:00+05:30 | a205f014327b4ddab316e61379383ddc | BUY  |
+-------------+---------------------------+----------------------------------+------+
+----+---------------------------+------------------------+-------+
|    | TIMESTAMP                 | STATE                  | MSG   |
|----+---------------------------+------------------------+-------|
|  0 | 2023-02-15 11:15:00+05:30 | PUT ORDER REQ RECEIVED |       |
|  1 | 2023-02-15 11:15:00+05:30 | VALIDATION PENDING     |       |
|  2 | 2023-02-15 11:15:00+05:30 | OPEN PENDING           |       |
|  3 | 2023-02-15 11:15:00+05:30 | OPEN                   |       |
|  4 | 2023-02-15 11:15:00+05:30 | COMPLETE               |       |
+----+---------------------------+------------------------+-------+

+-------------+---------------------------+----------------------------------+------+
| INST        | timestamp                 | ID                               | TT   |
|-------------+---------------------------+----------------------------------+------|
| NSE_EQ:CDSL | 2023-02-15 15:30:00+05:30 | 788befff01cf46febb9c4d0c7addae2c | SELL |
+-------------+---------------------------+----------------------------------+------+
+----+---------------------------+------------------------+-------+
|    | TIMESTAMP                 | STATE                  | MSG   |
|----+---------------------------+------------------------+-------|
|  0 | 2023-02-15 15:30:00+05:30 | PUT ORDER REQ RECEIVED |       |
|  1 | 2023-02-15 15:30:00+05:30 | VALIDATION PENDING     |       |
|  2 | 2023-02-15 15:30:00+05:30 | OPEN PENDING           |       |
|  3 | 2023-02-15 15:30:00+05:30 | OPEN                   |       |
|  4 | 2023-02-15 15:30:00+05:30 | COMPLETE               |       |
+----+---------------------------+------------------------+-------+

+-------------+---------------------------+----------------------------------+------+
| INST        | timestamp                 | ID                               | TT   |
|-------------+---------------------------+----------------------------------+------|
| NSE_EQ:CDSL | 2023-02-20 11:15:00+05:30 | 9d5c8524c7664e73b451f0e19cd5f848 | SELL |
+-------------+---------------------------+----------------------------------+------+
+----+---------------------------+------------------------+-------+
|    | TIMESTAMP                 | STATE                  | MSG   |
|----+---------------------------+------------------------+-------|
|  0 | 2023-02-20 11:15:00+05:30 | PUT ORDER REQ RECEIVED |       |
|  1 | 2023-02-20 11:15:00+05:30 | VALIDATION PENDING     |       |
|  2 | 2023-02-20 11:15:00+05:30 | OPEN PENDING           |       |
|  3 | 2023-02-20 11:15:00+05:30 | OPEN                   |       |
|  4 | 2023-02-20 11:15:00+05:30 | COMPLETE               |       |
+----+---------------------------+------------------------+-------+

+-------------+---------------------------+----------------------------------+------+
| INST        | timestamp                 | ID                               | TT   |
|-------------+---------------------------+----------------------------------+------|
| NSE_EQ:CDSL | 2023-02-20 15:30:00+05:30 | 437bd6a11a17416e91ff9aa539dc1568 | BUY  |
+-------------+---------------------------+----------------------------------+------+
+----+---------------------------+------------------------+-------+
|    | TIMESTAMP                 | STATE                  | MSG   |
|----+---------------------------+------------------------+-------|
|  0 | 2023-02-20 15:30:00+05:30 | PUT ORDER REQ RECEIVED |       |
|  1 | 2023-02-20 15:30:00+05:30 | VALIDATION PENDING     |       |
|  2 | 2023-02-20 15:30:00+05:30 | OPEN PENDING           |       |
|  3 | 2023-02-20 15:30:00+05:30 | OPEN                   |       |
|  4 | 2023-02-20 15:30:00+05:30 | COMPLETE               |       |
+----+---------------------------+------------------------+-------+

+-------------+---------------------------+----------------------------------+------+
| INST        | timestamp                 | ID                               | TT   |
|-------------+---------------------------+----------------------------------+------|
| NSE_EQ:CDSL | 2023-02-24 09:15:00+05:30 | 40e509a150294bd182f468f8a0e07fe3 | BUY  |
+-------------+---------------------------+----------------------------------+------+
+----+---------------------------+------------------------+-------+
|    | TIMESTAMP                 | STATE                  | MSG   |
|----+---------------------------+------------------------+-------|
|  0 | 2023-02-24 09:15:00+05:30 | PUT ORDER REQ RECEIVED |       |
|  1 | 2023-02-24 09:15:00+05:30 | VALIDATION PENDING     |       |
|  2 | 2023-02-24 09:15:00+05:30 | OPEN PENDING           |       |
|  3 | 2023-02-24 09:15:00+05:30 | OPEN                   |       |
|  4 | 2023-02-24 09:15:00+05:30 | COMPLETE               |       |
+----+---------------------------+------------------------+-------+

+-------------+---------------------------+----------------------------------+------+
| INST        | timestamp                 | ID                               | TT   |
|-------------+---------------------------+----------------------------------+------|
| NSE_EQ:CDSL | 2023-02-24 15:15:00+05:30 | 3b9d5e4292c044bd960a5e354eb809e8 | SELL |
+-------------+---------------------------+----------------------------------+------+
+----+---------------------------+------------------------+-------+
|    | TIMESTAMP                 | STATE                  | MSG   |
|----+---------------------------+------------------------+-------|
|  0 | 2023-02-24 15:15:00+05:30 | PUT ORDER REQ RECEIVED |       |
|  1 | 2023-02-24 15:15:00+05:30 | VALIDATION PENDING     |       |
|  2 | 2023-02-24 15:15:00+05:30 | OPEN PENDING           |       |
|  3 | 2023-02-24 15:15:00+05:30 | OPEN                   |       |
|  4 | 2023-02-24 15:15:00+05:30 | COMPLETE               |       |
+----+---------------------------+------------------------+-------+

+-------------+---------------------------+----------------------------------+------+
| INST        | timestamp                 | ID                               | TT   |
|-------------+---------------------------+----------------------------------+------|
| NSE_EQ:CDSL | 2023-02-24 15:15:00+05:30 | e3db0b69a85547caaa15a566e1102551 | SELL |
+-------------+---------------------------+----------------------------------+------+
+----+---------------------------+------------------------+-------+
|    | TIMESTAMP                 | STATE                  | MSG   |
|----+---------------------------+------------------------+-------|
|  0 | 2023-02-24 15:15:00+05:30 | PUT ORDER REQ RECEIVED |       |
|  1 | 2023-02-24 15:15:00+05:30 | VALIDATION PENDING     |       |
|  2 | 2023-02-24 15:15:00+05:30 | OPEN PENDING           |       |
|  3 | 2023-02-24 15:15:00+05:30 | OPEN                   |       |
|  4 | 2023-02-24 15:15:00+05:30 | COMPLETE               |       |
+----+---------------------------+------------------------+-------+

+-------------+---------------------------+----------------------------------+------+
| INST        | timestamp                 | ID                               | TT   |
|-------------+---------------------------+----------------------------------+------|
| NSE_EQ:CDSL | 2023-02-24 15:30:00+05:30 | 297c5104f68e468cbfa95cb3156ac373 | BUY  |
+-------------+---------------------------+----------------------------------+------+
+----+---------------------------+------------------------+-------+
|    | TIMESTAMP                 | STATE                  | MSG   |
|----+---------------------------+------------------------+-------|
|  0 | 2023-02-24 15:30:00+05:30 | PUT ORDER REQ RECEIVED |       |
|  1 | 2023-02-24 15:30:00+05:30 | VALIDATION PENDING     |       |
|  2 | 2023-02-24 15:30:00+05:30 | OPEN PENDING           |       |
|  3 | 2023-02-24 15:30:00+05:30 | OPEN                   |       |
|  4 | 2023-02-24 15:30:00+05:30 | COMPLETE               |       |
+----+---------------------------+------------------------+-------+