

+------------+---------------------------+----------------------------------+------+
| INST       | timestamp                 | ID                               | TT   |
|------------+---------------------------+----------------------------------+------|
| NSE_EQ:DLF | 2023-01-02 10:15:00+05:30 | 853a785d00124ab38eee49a5e7ea1a5f | BUY  |
+------------+---------------------------+----------------------------------+------+
+----+---------------------------+------------------------+-------+
|    | TIMESTAMP                 | STATE                  | MSG   |
|----+---------------------------+------------------------+-------|
|  0 | 2023-01-02 10:15:00+05:30 | PUT ORDER REQ RECEIVED |       |
|  1 | 2023-01-02 10:15:00+05:30 | VALIDATION PENDING     |       |
|  2 | 2023-01-02 10:15:00+05:30 | OPEN PENDING           |       |
|  3 | 2023-01-02 10:15:00+05:30 | OPEN                   |       |
|  4 | 2023-01-02 10:15:00+05:30 | COMPLETE               |       |
+----+---------------------------+------------------------+-------+

+------------+---------------------------+----------------------------------+------+
| INST       | timestamp                 | ID                               | TT   |
|------------+---------------------------+----------------------------------+------|
| NSE_EQ:DLF | 2023-01-02 13:15:00+05:30 | d8a2bc4d8a73474bb9c6b402f5001bc4 | SELL |
+------------+---------------------------+----------------------------------+------+
+----+---------------------------+------------------------+-------+
|    | TIMESTAMP                 | STATE                  | MSG   |
|----+---------------------------+------------------------+-------|
|  0 | 2023-01-02 13:15:00+05:30 | PUT ORDER REQ RECEIVED |       |
|  1 | 2023-01-02 13:15:00+05:30 | VALIDATION PENDING     |       |
|  2 | 2023-01-02 13:15:00+05:30 | OPEN PENDING           |       |
|  3 | 2023-01-02 13:15:00+05:30 | OPEN                   |       |
|  4 | 2023-01-02 13:15:00+05:30 | COMPLETE               |       |
+----+---------------------------+------------------------+-------+

+------------+---------------------------+----------------------------------+------+
| INST       | timestamp                 | ID                               | TT   |
|------------+---------------------------+----------------------------------+------|
| NSE_EQ:DLF | 2023-01-02 13:15:00+05:30 | 4002455e336e47cb91924e599051dd50 | SELL |
+------------+---------------------------+----------------------------------+------+
+----+---------------------------+------------------------+-------+
|    | TIMESTAMP                 | STATE                  | MSG   |
|----+---------------------------+------------------------+-------|
|  0 | 2023-01-02 13:15:00+05:30 | PUT ORDER REQ RECEIVED |       |
|  1 | 2023-01-02 13:15:00+05:30 | VALIDATION PENDING     |       |
|  2 | 2023-01-02 13:15:00+05:30 | REJECTED               |       |
+----+---------------------------+------------------------+-------+

+------------+---------------------------+----------------------------------+------+
| INST       | timestamp                 | ID                               | TT   |
|------------+---------------------------+----------------------------------+------|
| NSE_EQ:DLF | 2023-01-03 09:15:00+05:30 | dcbe90f667db4311a4908cd208139445 | BUY  |
+------------+---------------------------+----------------------------------+------+
+----+---------------------------+------------------------+-------+
|    | TIMESTAMP                 | STATE                  | MSG   |
|----+---------------------------+------------------------+-------|
|  0 | 2023-01-03 09:15:00+05:30 | PUT ORDER REQ RECEIVED |       |
|  1 | 2023-01-03 09:15:00+05:30 | VALIDATION PENDING     |       |
|  2 | 2023-01-03 09:15:00+05:30 | OPEN PENDING           |       |
|  3 | 2023-01-03 09:15:00+05:30 | OPEN                   |       |
|  4 | 2023-01-03 09:15:00+05:30 | COMPLETE               |       |
+----+---------------------------+------------------------+-------+

+------------+---------------------------+----------------------------------+------+
| INST       | timestamp                 | ID                               | TT   |
|------------+---------------------------+----------------------------------+------|
| NSE_EQ:DLF | 2023-01-03 11:15:00+05:30 | ff62b9d1a97648da8a8cc9f710dc5f37 | SELL |
+------------+---------------------------+----------------------------------+------+
+----+---------------------------+------------------------+-------+
|    | TIMESTAMP                 | STATE                  | MSG   |
|----+---------------------------+------------------------+-------|
|  0 | 2023-01-03 11:15:00+05:30 | PUT ORDER REQ RECEIVED |       |
|  1 | 2023-01-03 11:15:00+05:30 | VALIDATION PENDING     |       |
|  2 | 2023-01-03 11:15:00+05:30 | OPEN PENDING           |       |
|  3 | 2023-01-03 11:15:00+05:30 | OPEN                   |       |
|  4 | 2023-01-03 11:15:00+05:30 | COMPLETE               |       |
+----+---------------------------+------------------------+-------+

+------------+---------------------------+----------------------------------+------+
| INST       | timestamp                 | ID                               | TT   |
|------------+---------------------------+----------------------------------+------|
| NSE_EQ:DLF | 2023-01-03 11:15:00+05:30 | 43895299f7eb4a42bade05278da78234 | SELL |
+------------+---------------------------+----------------------------------+------+
+----+---------------------------+------------------------+-------+
|    | TIMESTAMP                 | STATE                  | MSG   |
|----+---------------------------+------------------------+-------|
|  0 | 2023-01-03 11:15:00+05:30 | PUT ORDER REQ RECEIVED |       |
|  1 | 2023-01-03 11:15:00+05:30 | VALIDATION PENDING     |       |
|  2 | 2023-01-03 11:15:00+05:30 | REJECTED               |       |
+----+---------------------------+------------------------+-------+

+------------+---------------------------+----------------------------------+------+
| INST       | timestamp                 | ID                               | TT   |
|------------+---------------------------+----------------------------------+------|
| NSE_EQ:DLF | 2023-01-04 13:15:00+05:30 | 976da5b1c1544afe81d4a0d494632a14 | BUY  |
+------------+---------------------------+----------------------------------+------+
+----+---------------------------+------------------------+-------+
|    | TIMESTAMP                 | STATE                  | MSG   |
|----+---------------------------+------------------------+-------|
|  0 | 2023-01-04 13:15:00+05:30 | PUT ORDER REQ RECEIVED |       |
|  1 | 2023-01-04 13:15:00+05:30 | VALIDATION PENDING     |       |
|  2 | 2023-01-04 13:15:00+05:30 | OPEN PENDING           |       |
|  3 | 2023-01-04 13:15:00+05:30 | OPEN                   |       |
|  4 | 2023-01-04 13:15:00+05:30 | COMPLETE               |       |
+----+---------------------------+------------------------+-------+

+------------+---------------------------+----------------------------------+------+
| INST       | timestamp                 | ID                               | TT   |
|------------+---------------------------+----------------------------------+------|
| NSE_EQ:DLF | 2023-01-05 09:15:00+05:30 | 08ee430363ec4cdbbc533570c4576e5b | BUY  |
+------------+---------------------------+----------------------------------+------+
+----+---------------------------+------------------------+-------+
|    | TIMESTAMP                 | STATE                  | MSG   |
|----+---------------------------+------------------------+-------|
|  0 | 2023-01-05 09:15:00+05:30 | PUT ORDER REQ RECEIVED |       |
|  1 | 2023-01-05 09:15:00+05:30 | COMPLETE               |       |
+----+---------------------------+------------------------+-------+

+------------+---------------------------+----------------------------------+------+
| INST       | timestamp                 | ID                               | TT   |
|------------+---------------------------+----------------------------------+------|
| NSE_EQ:DLF | 2023-01-05 10:15:00+05:30 | 72bd3d41a069499093366e799852437d | SELL |
+------------+---------------------------+----------------------------------+------+
+----+---------------------------+------------------------+-------+
|    | TIMESTAMP                 | STATE                  | MSG   |
|----+---------------------------+------------------------+-------|
|  0 | 2023-01-05 10:15:00+05:30 | PUT ORDER REQ RECEIVED |       |
|  1 | 2023-01-05 10:15:00+05:30 | VALIDATION PENDING     |       |
|  2 | 2023-01-05 10:15:00+05:30 | OPEN PENDING           |       |
|  3 | 2023-01-05 10:15:00+05:30 | OPEN                   |       |
|  4 | 2023-01-05 10:15:00+05:30 | COMPLETE               |       |
+----+---------------------------+------------------------+-------+

+------------+---------------------------+----------------------------------+------+
| INST       | timestamp                 | ID                               | TT   |
|------------+---------------------------+----------------------------------+------|
| NSE_EQ:DLF | 2023-01-05 10:15:00+05:30 | 20b71f1c2699495daa1ebf03e77527ff | BUY  |
+------------+---------------------------+----------------------------------+------+
+----+---------------------------+------------------------+-------+
|    | TIMESTAMP                 | STATE                  | MSG   |
|----+---------------------------+------------------------+-------|
|  0 | 2023-01-05 10:15:00+05:30 | PUT ORDER REQ RECEIVED |       |
|  1 | 2023-01-05 10:15:00+05:30 | VALIDATION PENDING     |       |
|  2 | 2023-01-05 10:15:00+05:30 | OPEN PENDING           |       |
|  3 | 2023-01-05 10:15:00+05:30 | OPEN                   |       |
|  4 | 2023-01-05 10:15:00+05:30 | COMPLETE               |       |
+----+---------------------------+------------------------+-------+

+------------+---------------------------+----------------------------------+------+
| INST       | timestamp                 | ID                               | TT   |
|------------+---------------------------+----------------------------------+------|
| NSE_EQ:DLF | 2023-01-05 12:15:00+05:30 | 0f9e5bfdd4dc4582a66d5106357bb6a4 | SELL |
+------------+---------------------------+----------------------------------+------+
+----+---------------------------+------------------------+-------+
|    | TIMESTAMP                 | STATE                  | MSG   |
|----+---------------------------+------------------------+-------|
|  0 | 2023-01-05 12:15:00+05:30 | PUT ORDER REQ RECEIVED |       |
|  1 | 2023-01-05 12:15:00+05:30 | VALIDATION PENDING     |       |
|  2 | 2023-01-05 12:15:00+05:30 | OPEN PENDING           |       |
|  3 | 2023-01-05 12:15:00+05:30 | OPEN                   |       |
|  4 | 2023-01-05 12:15:00+05:30 | COMPLETE               |       |
+----+---------------------------+------------------------+-------+

+------------+---------------------------+----------------------------------+------+
| INST       | timestamp                 | ID                               | TT   |
|------------+---------------------------+----------------------------------+------|
| NSE_EQ:DLF | 2023-01-05 12:15:00+05:30 | 4acc21bf12254260ae11da9c55d3403e | SELL |
+------------+---------------------------+----------------------------------+------+
+----+---------------------------+------------------------+-------+
|    | TIMESTAMP                 | STATE                  | MSG   |
|----+---------------------------+------------------------+-------|
|  0 | 2023-01-05 12:15:00+05:30 | PUT ORDER REQ RECEIVED |       |
|  1 | 2023-01-05 12:15:00+05:30 | VALIDATION PENDING     |       |
|  2 | 2023-01-05 12:15:00+05:30 | REJECTED               |       |
+----+---------------------------+------------------------+-------+

+------------+---------------------------+----------------------------------+------+
| INST       | timestamp                 | ID                               | TT   |
|------------+---------------------------+----------------------------------+------|
| NSE_EQ:DLF | 2023-01-06 10:15:00+05:30 | b67451eaa7a94f72af49a7d3152ed213 | SELL |
+------------+---------------------------+----------------------------------+------+
+----+---------------------------+------------------------+-------+
|    | TIMESTAMP                 | STATE                  | MSG   |
|----+---------------------------+------------------------+-------|
|  0 | 2023-01-06 10:15:00+05:30 | PUT ORDER REQ RECEIVED |       |
|  1 | 2023-01-06 10:15:00+05:30 | VALIDATION PENDING     |       |
|  2 | 2023-01-06 10:15:00+05:30 | REJECTED               |       |
+----+---------------------------+------------------------+-------+

+------------+---------------------------+----------------------------------+------+
| INST       | timestamp                 | ID                               | TT   |
|------------+---------------------------+----------------------------------+------|
| NSE_EQ:DLF | 2023-01-09 09:15:00+05:30 | a89e967423b14f7591aea119534501b0 | SELL |
+------------+---------------------------+----------------------------------+------+
+----+---------------------------+------------------------+-------+
|    | TIMESTAMP                 | STATE                  | MSG   |
|----+---------------------------+------------------------+-------|
|  0 | 2023-01-09 09:15:00+05:30 | PUT ORDER REQ RECEIVED |       |
|  1 | 2023-01-09 09:15:00+05:30 | VALIDATION PENDING     |       |
|  2 | 2023-01-09 09:15:00+05:30 | REJECTED               |       |
+----+---------------------------+------------------------+-------+

+------------+---------------------------+----------------------------------+------+
| INST       | timestamp                 | ID                               | TT   |
|------------+---------------------------+----------------------------------+------|
| NSE_EQ:DLF | 2023-01-10 09:15:00+05:30 | 2498e8ab13224db4a3f6db3d7f9a02ba | BUY  |
+------------+---------------------------+----------------------------------+------+
+----+---------------------------+------------------------+-------+
|    | TIMESTAMP                 | STATE                  | MSG   |
|----+---------------------------+------------------------+-------|
|  0 | 2023-01-10 09:15:00+05:30 | PUT ORDER REQ RECEIVED |       |
|  1 | 2023-01-10 09:15:00+05:30 | VALIDATION PENDING     |       |
|  2 | 2023-01-10 09:15:00+05:30 | OPEN PENDING           |       |
|  3 | 2023-01-10 09:15:00+05:30 | OPEN                   |       |
|  4 | 2023-01-10 09:15:00+05:30 | COMPLETE               |       |
+----+---------------------------+------------------------+-------+

+------------+---------------------------+----------------------------------+------+
| INST       | timestamp                 | ID                               | TT   |
|------------+---------------------------+----------------------------------+------|
| NSE_EQ:DLF | 2023-01-10 10:15:00+05:30 | d99c7b34cb2444bd99471b956f1d6b19 | SELL |
+------------+---------------------------+----------------------------------+------+
+----+---------------------------+------------------------+-------+
|    | TIMESTAMP                 | STATE                  | MSG   |
|----+---------------------------+------------------------+-------|
|  0 | 2023-01-10 10:15:00+05:30 | PUT ORDER REQ RECEIVED |       |
|  1 | 2023-01-10 10:15:00+05:30 | VALIDATION PENDING     |       |
|  2 | 2023-01-10 10:15:00+05:30 | OPEN PENDING           |       |
|  3 | 2023-01-10 10:15:00+05:30 | OPEN                   |       |
|  4 | 2023-01-10 10:15:00+05:30 | COMPLETE               |       |
+----+---------------------------+------------------------+-------+

+------------+---------------------------+----------------------------------+------+
| INST       | timestamp                 | ID                               | TT   |
|------------+---------------------------+----------------------------------+------|
| NSE_EQ:DLF | 2023-01-10 10:15:00+05:30 | 5a38241593b44232a25f240fc0e3c12e | SELL |
+------------+---------------------------+----------------------------------+------+
+----+---------------------------+------------------------+-------+
|    | TIMESTAMP                 | STATE                  | MSG   |
|----+---------------------------+------------------------+-------|
|  0 | 2023-01-10 10:15:00+05:30 | PUT ORDER REQ RECEIVED |       |
|  1 | 2023-01-10 10:15:00+05:30 | VALIDATION PENDING     |       |
|  2 | 2023-01-10 10:15:00+05:30 | REJECTED               |       |
+----+---------------------------+------------------------+-------+

+------------+---------------------------+----------------------------------+------+
| INST       | timestamp                 | ID                               | TT   |
|------------+---------------------------+----------------------------------+------|
| NSE_EQ:DLF | 2023-01-11 12:15:00+05:30 | 7e3f03fa5434494dad7dfbe6ca6cb577 | SELL |
+------------+---------------------------+----------------------------------+------+
+----+---------------------------+------------------------+-------+
|    | TIMESTAMP                 | STATE                  | MSG   |
|----+---------------------------+------------------------+-------|
|  0 | 2023-01-11 12:15:00+05:30 | PUT ORDER REQ RECEIVED |       |
|  1 | 2023-01-11 12:15:00+05:30 | VALIDATION PENDING     |       |
|  2 | 2023-01-11 12:15:00+05:30 | REJECTED               |       |
+----+---------------------------+------------------------+-------+

+------------+---------------------------+----------------------------------+------+
| INST       | timestamp                 | ID                               | TT   |
|------------+---------------------------+----------------------------------+------|
| NSE_EQ:DLF | 2023-01-12 09:15:00+05:30 | d1fb30dd9e924375acdbe2c2940c0f61 | BUY  |
+------------+---------------------------+----------------------------------+------+
+----+---------------------------+------------------------+-------+
|    | TIMESTAMP                 | STATE                  | MSG   |
|----+---------------------------+------------------------+-------|
|  0 | 2023-01-12 09:15:00+05:30 | PUT ORDER REQ RECEIVED |       |
|  1 | 2023-01-12 09:15:00+05:30 | VALIDATION PENDING     |       |
|  2 | 2023-01-12 09:15:00+05:30 | OPEN PENDING           |       |
|  3 | 2023-01-12 09:15:00+05:30 | OPEN                   |       |
|  4 | 2023-01-12 09:15:00+05:30 | COMPLETE               |       |
+----+---------------------------+------------------------+-------+

+------------+---------------------------+----------------------------------+------+
| INST       | timestamp                 | ID                               | TT   |
|------------+---------------------------+----------------------------------+------|
| NSE_EQ:DLF | 2023-01-12 14:15:00+05:30 | 2d1304e2ae8f4a5c9fb5a785e73c763a | SELL |
+------------+---------------------------+----------------------------------+------+
+----+---------------------------+------------------------+-------+
|    | TIMESTAMP                 | STATE                  | MSG   |
|----+---------------------------+------------------------+-------|
|  0 | 2023-01-12 14:15:00+05:30 | PUT ORDER REQ RECEIVED |       |
|  1 | 2023-01-12 14:15:00+05:30 | VALIDATION PENDING     |       |
|  2 | 2023-01-12 14:15:00+05:30 | OPEN PENDING           |       |
|  3 | 2023-01-12 14:15:00+05:30 | OPEN                   |       |
|  4 | 2023-01-12 14:15:00+05:30 | COMPLETE               |       |
+----+---------------------------+------------------------+-------+

+------------+---------------------------+----------------------------------+------+
| INST       | timestamp                 | ID                               | TT   |
|------------+---------------------------+----------------------------------+------|
| NSE_EQ:DLF | 2023-01-12 14:15:00+05:30 | 0f21ac1b496243d393ba887016ff3889 | SELL |
+------------+---------------------------+----------------------------------+------+
+----+---------------------------+------------------------+-------+
|    | TIMESTAMP                 | STATE                  | MSG   |
|----+---------------------------+------------------------+-------|
|  0 | 2023-01-12 14:15:00+05:30 | PUT ORDER REQ RECEIVED |       |
|  1 | 2023-01-12 14:15:00+05:30 | VALIDATION PENDING     |       |
|  2 | 2023-01-12 14:15:00+05:30 | REJECTED               |       |
+----+---------------------------+------------------------+-------+

+------------+---------------------------+----------------------------------+------+
| INST       | timestamp                 | ID                               | TT   |
|------------+---------------------------+----------------------------------+------|
| NSE_EQ:DLF | 2023-01-13 10:15:00+05:30 | b4f9f0fe6ea6480da8d196a8cb9ba242 | SELL |
+------------+---------------------------+----------------------------------+------+
+----+---------------------------+------------------------+-------+
|    | TIMESTAMP                 | STATE                  | MSG   |
|----+---------------------------+------------------------+-------|
|  0 | 2023-01-13 10:15:00+05:30 | PUT ORDER REQ RECEIVED |       |
|  1 | 2023-01-13 10:15:00+05:30 | VALIDATION PENDING     |       |
|  2 | 2023-01-13 10:15:00+05:30 | REJECTED               |       |
+----+---------------------------+------------------------+-------+

+------------+---------------------------+----------------------------------+------+
| INST       | timestamp                 | ID                               | TT   |
|------------+---------------------------+----------------------------------+------|
| NSE_EQ:DLF | 2023-01-16 14:15:00+05:30 | f64ccb5face64e3eab867ca9e1b9f0eb | BUY  |
+------------+---------------------------+----------------------------------+------+
+----+---------------------------+------------------------+-------+
|    | TIMESTAMP                 | STATE                  | MSG   |
|----+---------------------------+------------------------+-------|
|  0 | 2023-01-16 14:15:00+05:30 | PUT ORDER REQ RECEIVED |       |
|  1 | 2023-01-16 14:15:00+05:30 | VALIDATION PENDING     |       |
|  2 | 2023-01-16 14:15:00+05:30 | OPEN PENDING           |       |
|  3 | 2023-01-16 14:15:00+05:30 | OPEN                   |       |
|  4 | 2023-01-16 14:15:00+05:30 | COMPLETE               |       |
+----+---------------------------+------------------------+-------+

+------------+---------------------------+----------------------------------+------+
| INST       | timestamp                 | ID                               | TT   |
|------------+---------------------------+----------------------------------+------|
| NSE_EQ:DLF | 2023-01-17 09:15:00+05:30 | 620a2d573dee4091839778c666a7bd8a | BUY  |
+------------+---------------------------+----------------------------------+------+
+----+---------------------------+------------------------+-------+
|    | TIMESTAMP                 | STATE                  | MSG   |
|----+---------------------------+------------------------+-------|
|  0 | 2023-01-17 09:15:00+05:30 | PUT ORDER REQ RECEIVED |       |
|  1 | 2023-01-17 09:15:00+05:30 | COMPLETE               |       |
+----+---------------------------+------------------------+-------+

+------------+---------------------------+----------------------------------+------+
| INST       | timestamp                 | ID                               | TT   |
|------------+---------------------------+----------------------------------+------|
| NSE_EQ:DLF | 2023-01-17 09:15:00+05:30 | 21b4ca3479bc43d6b852b21462d0f615 | SELL |
+------------+---------------------------+----------------------------------+------+
+----+---------------------------+------------------------+-------+
|    | TIMESTAMP                 | STATE                  | MSG   |
|----+---------------------------+------------------------+-------|
|  0 | 2023-01-17 09:15:00+05:30 | PUT ORDER REQ RECEIVED |       |
|  1 | 2023-01-17 09:15:00+05:30 | VALIDATION PENDING     |       |
|  2 | 2023-01-17 09:15:00+05:30 | OPEN PENDING           |       |
|  3 | 2023-01-17 09:15:00+05:30 | OPEN                   |       |
|  4 | 2023-01-17 09:15:00+05:30 | COMPLETE               |       |
+----+---------------------------+------------------------+-------+

+------------+---------------------------+----------------------------------+------+
| INST       | timestamp                 | ID                               | TT   |
|------------+---------------------------+----------------------------------+------|
| NSE_EQ:DLF | 2023-01-17 09:15:00+05:30 | a73060943bf7496e8d7682b37f3076cb | BUY  |
+------------+---------------------------+----------------------------------+------+
+----+---------------------------+------------------------+-------+
|    | TIMESTAMP                 | STATE                  | MSG   |
|----+---------------------------+------------------------+-------|
|  0 | 2023-01-17 09:15:00+05:30 | PUT ORDER REQ RECEIVED |       |
|  1 | 2023-01-17 09:15:00+05:30 | VALIDATION PENDING     |       |
|  2 | 2023-01-17 09:15:00+05:30 | OPEN PENDING           |       |
|  3 | 2023-01-17 09:15:00+05:30 | OPEN                   |       |
|  4 | 2023-01-17 09:15:00+05:30 | COMPLETE               |       |
+----+---------------------------+------------------------+-------+

+------------+---------------------------+----------------------------------+------+
| INST       | timestamp                 | ID                               | TT   |
|------------+---------------------------+----------------------------------+------|
| NSE_EQ:DLF | 2023-01-17 13:15:00+05:30 | a018b83aa03b40d2bb03a2522dc01c7a | SELL |
+------------+---------------------------+----------------------------------+------+
+----+---------------------------+------------------------+-------+
|    | TIMESTAMP                 | STATE                  | MSG   |
|----+---------------------------+------------------------+-------|
|  0 | 2023-01-17 13:15:00+05:30 | PUT ORDER REQ RECEIVED |       |
|  1 | 2023-01-17 13:15:00+05:30 | VALIDATION PENDING     |       |
|  2 | 2023-01-17 13:15:00+05:30 | OPEN PENDING           |       |
|  3 | 2023-01-17 13:15:00+05:30 | OPEN                   |       |
|  4 | 2023-01-17 13:15:00+05:30 | COMPLETE               |       |
+----+---------------------------+------------------------+-------+

+------------+---------------------------+----------------------------------+------+
| INST       | timestamp                 | ID                               | TT   |
|------------+---------------------------+----------------------------------+------|
| NSE_EQ:DLF | 2023-01-17 13:15:00+05:30 | e3ed36abea6546d59933750159843806 | SELL |
+------------+---------------------------+----------------------------------+------+
+----+---------------------------+------------------------+-------+
|    | TIMESTAMP                 | STATE                  | MSG   |
|----+---------------------------+------------------------+-------|
|  0 | 2023-01-17 13:15:00+05:30 | PUT ORDER REQ RECEIVED |       |
|  1 | 2023-01-17 13:15:00+05:30 | VALIDATION PENDING     |       |
|  2 | 2023-01-17 13:15:00+05:30 | REJECTED               |       |
+----+---------------------------+------------------------+-------+

+------------+---------------------------+----------------------------------+------+
| INST       | timestamp                 | ID                               | TT   |
|------------+---------------------------+----------------------------------+------|
| NSE_EQ:DLF | 2023-01-18 10:15:00+05:30 | 933963d2f98c46cf8e91dfd8bbfe9717 | SELL |
+------------+---------------------------+----------------------------------+------+
+----+---------------------------+------------------------+-------+
|    | TIMESTAMP                 | STATE                  | MSG   |
|----+---------------------------+------------------------+-------|
|  0 | 2023-01-18 10:15:00+05:30 | PUT ORDER REQ RECEIVED |       |
|  1 | 2023-01-18 10:15:00+05:30 | VALIDATION PENDING     |       |
|  2 | 2023-01-18 10:15:00+05:30 | REJECTED               |       |
+----+---------------------------+------------------------+-------+

+------------+---------------------------+----------------------------------+------+
| INST       | timestamp                 | ID                               | TT   |
|------------+---------------------------+----------------------------------+------|
| NSE_EQ:DLF | 2023-01-19 09:15:00+05:30 | 37032655b22f4634aad7b14a18f8b2db | SELL |
+------------+---------------------------+----------------------------------+------+
+----+---------------------------+------------------------+-------+
|    | TIMESTAMP                 | STATE                  | MSG   |
|----+---------------------------+------------------------+-------|
|  0 | 2023-01-19 09:15:00+05:30 | PUT ORDER REQ RECEIVED |       |
|  1 | 2023-01-19 09:15:00+05:30 | VALIDATION PENDING     |       |
|  2 | 2023-01-19 09:15:00+05:30 | REJECTED               |       |
+----+---------------------------+------------------------+-------+

+------------+---------------------------+----------------------------------+------+
| INST       | timestamp                 | ID                               | TT   |
|------------+---------------------------+----------------------------------+------|
| NSE_EQ:DLF | 2023-01-20 10:15:00+05:30 | 6f1cae77c349444395ccd81bc3cccb07 | SELL |
+------------+---------------------------+----------------------------------+------+
+----+---------------------------+------------------------+-------+
|    | TIMESTAMP                 | STATE                  | MSG   |
|----+---------------------------+------------------------+-------|
|  0 | 2023-01-20 10:15:00+05:30 | PUT ORDER REQ RECEIVED |       |
|  1 | 2023-01-20 10:15:00+05:30 | VALIDATION PENDING     |       |
|  2 | 2023-01-20 10:15:00+05:30 | REJECTED               |       |
+----+---------------------------+------------------------+-------+

+------------+---------------------------+----------------------------------+------+
| INST       | timestamp                 | ID                               | TT   |
|------------+---------------------------+----------------------------------+------|
| NSE_EQ:DLF | 2023-01-23 10:15:00+05:30 | a9844ece2e8041579ca252856e0d2b36 | BUY  |
+------------+---------------------------+----------------------------------+------+
+----+---------------------------+------------------------+-------+
|    | TIMESTAMP                 | STATE                  | MSG   |
|----+---------------------------+------------------------+-------|
|  0 | 2023-01-23 10:15:00+05:30 | PUT ORDER REQ RECEIVED |       |
|  1 | 2023-01-23 10:15:00+05:30 | VALIDATION PENDING     |       |
|  2 | 2023-01-23 10:15:00+05:30 | OPEN PENDING           |       |
|  3 | 2023-01-23 10:15:00+05:30 | OPEN                   |       |
|  4 | 2023-01-23 10:15:00+05:30 | COMPLETE               |       |
+----+---------------------------+------------------------+-------+

+------------+---------------------------+----------------------------------+------+
| INST       | timestamp                 | ID                               | TT   |
|------------+---------------------------+----------------------------------+------|
| NSE_EQ:DLF | 2023-01-24 09:15:00+05:30 | b7274828124f4e81a74c5c6e2e98e547 | BUY  |
+------------+---------------------------+----------------------------------+------+
+----+---------------------------+------------------------+-------+
|    | TIMESTAMP                 | STATE                  | MSG   |
|----+---------------------------+------------------------+-------|
|  0 | 2023-01-24 09:15:00+05:30 | PUT ORDER REQ RECEIVED |       |
|  1 | 2023-01-24 09:15:00+05:30 | COMPLETE               |       |
+----+---------------------------+------------------------+-------+

+------------+---------------------------+----------------------------------+------+
| INST       | timestamp                 | ID                               | TT   |
|------------+---------------------------+----------------------------------+------|
| NSE_EQ:DLF | 2023-01-24 09:15:00+05:30 | 1317362b0a984e9e991728a54e48855d | SELL |
+------------+---------------------------+----------------------------------+------+
+----+---------------------------+------------------------+-------+
|    | TIMESTAMP                 | STATE                  | MSG   |
|----+---------------------------+------------------------+-------|
|  0 | 2023-01-24 09:15:00+05:30 | PUT ORDER REQ RECEIVED |       |
|  1 | 2023-01-24 09:15:00+05:30 | VALIDATION PENDING     |       |
|  2 | 2023-01-24 09:15:00+05:30 | OPEN PENDING           |       |
|  3 | 2023-01-24 09:15:00+05:30 | OPEN                   |       |
|  4 | 2023-01-24 09:15:00+05:30 | COMPLETE               |       |
+----+---------------------------+------------------------+-------+

+------------+---------------------------+----------------------------------+------+
| INST       | timestamp                 | ID                               | TT   |
|------------+---------------------------+----------------------------------+------|
| NSE_EQ:DLF | 2023-01-24 09:15:00+05:30 | 0c95523714944fc19e8aa06e4cd7ce46 | SELL |
+------------+---------------------------+----------------------------------+------+
+----+---------------------------+------------------------+-------+
|    | TIMESTAMP                 | STATE                  | MSG   |
|----+---------------------------+------------------------+-------|
|  0 | 2023-01-24 09:15:00+05:30 | PUT ORDER REQ RECEIVED |       |
|  1 | 2023-01-24 09:15:00+05:30 | VALIDATION PENDING     |       |
|  2 | 2023-01-24 09:15:00+05:30 | REJECTED               |       |
+----+---------------------------+------------------------+-------+

+------------+---------------------------+----------------------------------+------+
| INST       | timestamp                 | ID                               | TT   |
|------------+---------------------------+----------------------------------+------|
| NSE_EQ:DLF | 2023-01-25 10:15:00+05:30 | a46c464c0d9f417996ff8b6a7231ae7e | SELL |
+------------+---------------------------+----------------------------------+------+
+----+---------------------------+------------------------+-------+
|    | TIMESTAMP                 | STATE                  | MSG   |
|----+---------------------------+------------------------+-------|
|  0 | 2023-01-25 10:15:00+05:30 | PUT ORDER REQ RECEIVED |       |
|  1 | 2023-01-25 10:15:00+05:30 | VALIDATION PENDING     |       |
|  2 | 2023-01-25 10:15:00+05:30 | REJECTED               |       |
+----+---------------------------+------------------------+-------+

+------------+---------------------------+----------------------------------+------+
| INST       | timestamp                 | ID                               | TT   |
|------------+---------------------------+----------------------------------+------|
| NSE_EQ:DLF | 2023-01-27 09:15:00+05:30 | ab16264b67ab4ac8b6b45f7545fc9f54 | SELL |
+------------+---------------------------+----------------------------------+------+
+----+---------------------------+------------------------+-------+
|    | TIMESTAMP                 | STATE                  | MSG   |
|----+---------------------------+------------------------+-------|
|  0 | 2023-01-27 09:15:00+05:30 | PUT ORDER REQ RECEIVED |       |
|  1 | 2023-01-27 09:15:00+05:30 | VALIDATION PENDING     |       |
|  2 | 2023-01-27 09:15:00+05:30 | REJECTED               |       |
+----+---------------------------+------------------------+-------+

+------------+---------------------------+----------------------------------+------+
| INST       | timestamp                 | ID                               | TT   |
|------------+---------------------------+----------------------------------+------|
| NSE_EQ:DLF | 2023-01-30 10:15:00+05:30 | 0a631f6bcac549b285a311f6765dd3f4 | SELL |
+------------+---------------------------+----------------------------------+------+
+----+---------------------------+------------------------+-------+
|    | TIMESTAMP                 | STATE                  | MSG   |
|----+---------------------------+------------------------+-------|
|  0 | 2023-01-30 10:15:00+05:30 | PUT ORDER REQ RECEIVED |       |
|  1 | 2023-01-30 10:15:00+05:30 | VALIDATION PENDING     |       |
|  2 | 2023-01-30 10:15:00+05:30 | REJECTED               |       |
+----+---------------------------+------------------------+-------+

+------------+---------------------------+----------------------------------+------+
| INST       | timestamp                 | ID                               | TT   |
|------------+---------------------------+----------------------------------+------|
| NSE_EQ:DLF | 2023-01-31 14:15:00+05:30 | 8afdd1572e5a4bff81ef74a143041dbe | SELL |
+------------+---------------------------+----------------------------------+------+
+----+---------------------------+------------------------+-------+
|    | TIMESTAMP                 | STATE                  | MSG   |
|----+---------------------------+------------------------+-------|
|  0 | 2023-01-31 14:15:00+05:30 | PUT ORDER REQ RECEIVED |       |
|  1 | 2023-01-31 14:15:00+05:30 | VALIDATION PENDING     |       |
|  2 | 2023-01-31 14:15:00+05:30 | REJECTED               |       |
+----+---------------------------+------------------------+-------+

+------------+---------------------------+----------------------------------+------+
| INST       | timestamp                 | ID                               | TT   |
|------------+---------------------------+----------------------------------+------|
| NSE_EQ:DLF | 2023-02-01 10:15:00+05:30 | ef270d4aee0a4b0fa50ad3f976a04ab2 | BUY  |
+------------+---------------------------+----------------------------------+------+
+----+---------------------------+------------------------+-------+
|    | TIMESTAMP                 | STATE                  | MSG   |
|----+---------------------------+------------------------+-------|
|  0 | 2023-02-01 10:15:00+05:30 | PUT ORDER REQ RECEIVED |       |
|  1 | 2023-02-01 10:15:00+05:30 | VALIDATION PENDING     |       |
|  2 | 2023-02-01 10:15:00+05:30 | OPEN PENDING           |       |
|  3 | 2023-02-01 10:15:00+05:30 | OPEN                   |       |
|  4 | 2023-02-01 10:15:00+05:30 | COMPLETE               |       |
+----+---------------------------+------------------------+-------+

+------------+---------------------------+----------------------------------+------+
| INST       | timestamp                 | ID                               | TT   |
|------------+---------------------------+----------------------------------+------|
| NSE_EQ:DLF | 2023-02-01 12:15:00+05:30 | 76d3e027ff164d0dba9b7bfad9874e55 | SELL |
+------------+---------------------------+----------------------------------+------+
+----+---------------------------+------------------------+-------+
|    | TIMESTAMP                 | STATE                  | MSG   |
|----+---------------------------+------------------------+-------|
|  0 | 2023-02-01 12:15:00+05:30 | PUT ORDER REQ RECEIVED |       |
|  1 | 2023-02-01 12:15:00+05:30 | VALIDATION PENDING     |       |
|  2 | 2023-02-01 12:15:00+05:30 | OPEN PENDING           |       |
|  3 | 2023-02-01 12:15:00+05:30 | OPEN                   |       |
|  4 | 2023-02-01 12:15:00+05:30 | COMPLETE               |       |
+----+---------------------------+------------------------+-------+

+------------+---------------------------+----------------------------------+------+
| INST       | timestamp                 | ID                               | TT   |
|------------+---------------------------+----------------------------------+------|
| NSE_EQ:DLF | 2023-02-01 12:15:00+05:30 | fed8cae359524065815cdb2646ae3e22 | SELL |
+------------+---------------------------+----------------------------------+------+
+----+---------------------------+------------------------+-------+
|    | TIMESTAMP                 | STATE                  | MSG   |
|----+---------------------------+------------------------+-------|
|  0 | 2023-02-01 12:15:00+05:30 | PUT ORDER REQ RECEIVED |       |
|  1 | 2023-02-01 12:15:00+05:30 | VALIDATION PENDING     |       |
|  2 | 2023-02-01 12:15:00+05:30 | REJECTED               |       |
+----+---------------------------+------------------------+-------+

+------------+---------------------------+----------------------------------+------+
| INST       | timestamp                 | ID                               | TT   |
|------------+---------------------------+----------------------------------+------|
| NSE_EQ:DLF | 2023-02-02 09:15:00+05:30 | 2cadc3fa943c4ca08bbd256843ca6527 | BUY  |
+------------+---------------------------+----------------------------------+------+
+----+---------------------------+------------------------+-------+
|    | TIMESTAMP                 | STATE                  | MSG   |
|----+---------------------------+------------------------+-------|
|  0 | 2023-02-02 09:15:00+05:30 | PUT ORDER REQ RECEIVED |       |
|  1 | 2023-02-02 09:15:00+05:30 | VALIDATION PENDING     |       |
|  2 | 2023-02-02 09:15:00+05:30 | OPEN PENDING           |       |
|  3 | 2023-02-02 09:15:00+05:30 | OPEN                   |       |
|  4 | 2023-02-02 09:15:00+05:30 | COMPLETE               |       |
+----+---------------------------+------------------------+-------+

+------------+---------------------------+----------------------------------+------+
| INST       | timestamp                 | ID                               | TT   |
|------------+---------------------------+----------------------------------+------|
| NSE_EQ:DLF | 2023-02-02 10:15:00+05:30 | 6fdb8a98704a45b3bd3864fedd7b72b8 | SELL |
+------------+---------------------------+----------------------------------+------+
+----+---------------------------+------------------------+-------+
|    | TIMESTAMP                 | STATE                  | MSG   |
|----+---------------------------+------------------------+-------|
|  0 | 2023-02-02 10:15:00+05:30 | PUT ORDER REQ RECEIVED |       |
|  1 | 2023-02-02 10:15:00+05:30 | VALIDATION PENDING     |       |
|  2 | 2023-02-02 10:15:00+05:30 | OPEN PENDING           |       |
|  3 | 2023-02-02 10:15:00+05:30 | OPEN                   |       |
|  4 | 2023-02-02 10:15:00+05:30 | COMPLETE               |       |
+----+---------------------------+------------------------+-------+

+------------+---------------------------+----------------------------------+------+
| INST       | timestamp                 | ID                               | TT   |
|------------+---------------------------+----------------------------------+------|
| NSE_EQ:DLF | 2023-02-02 10:15:00+05:30 | e809a963f50a41ec8d579721530fed66 | SELL |
+------------+---------------------------+----------------------------------+------+
+----+---------------------------+------------------------+-------+
|    | TIMESTAMP                 | STATE                  | MSG   |
|----+---------------------------+------------------------+-------|
|  0 | 2023-02-02 10:15:00+05:30 | PUT ORDER REQ RECEIVED |       |
|  1 | 2023-02-02 10:15:00+05:30 | VALIDATION PENDING     |       |
|  2 | 2023-02-02 10:15:00+05:30 | REJECTED               |       |
+----+---------------------------+------------------------+-------+

+------------+---------------------------+----------------------------------+------+
| INST       | timestamp                 | ID                               | TT   |
|------------+---------------------------+----------------------------------+------|
| NSE_EQ:DLF | 2023-02-03 09:15:00+05:30 | dc192fea8ee441da94c682da1de0135c | SELL |
+------------+---------------------------+----------------------------------+------+
+----+---------------------------+------------------------+-------+
|    | TIMESTAMP                 | STATE                  | MSG   |
|----+---------------------------+------------------------+-------|
|  0 | 2023-02-03 09:15:00+05:30 | PUT ORDER REQ RECEIVED |       |
|  1 | 2023-02-03 09:15:00+05:30 | VALIDATION PENDING     |       |
|  2 | 2023-02-03 09:15:00+05:30 | REJECTED               |       |
+----+---------------------------+------------------------+-------+

+------------+---------------------------+----------------------------------+------+
| INST       | timestamp                 | ID                               | TT   |
|------------+---------------------------+----------------------------------+------|
| NSE_EQ:DLF | 2023-02-06 11:15:00+05:30 | 952bb7f7cfd94a9782164657fde48653 | SELL |
+------------+---------------------------+----------------------------------+------+
+----+---------------------------+------------------------+-------+
|    | TIMESTAMP                 | STATE                  | MSG   |
|----+---------------------------+------------------------+-------|
|  0 | 2023-02-06 11:15:00+05:30 | PUT ORDER REQ RECEIVED |       |
|  1 | 2023-02-06 11:15:00+05:30 | VALIDATION PENDING     |       |
|  2 | 2023-02-06 11:15:00+05:30 | REJECTED               |       |
+----+---------------------------+------------------------+-------+

+------------+---------------------------+----------------------------------+------+
| INST       | timestamp                 | ID                               | TT   |
|------------+---------------------------+----------------------------------+------|
| NSE_EQ:DLF | 2023-02-07 11:15:00+05:30 | 5e3e641eb57749faaf10090095fe334f | SELL |
+------------+---------------------------+----------------------------------+------+
+----+---------------------------+------------------------+-------+
|    | TIMESTAMP                 | STATE                  | MSG   |
|----+---------------------------+------------------------+-------|
|  0 | 2023-02-07 11:15:00+05:30 | PUT ORDER REQ RECEIVED |       |
|  1 | 2023-02-07 11:15:00+05:30 | VALIDATION PENDING     |       |
|  2 | 2023-02-07 11:15:00+05:30 | REJECTED               |       |
+----+---------------------------+------------------------+-------+

+------------+---------------------------+----------------------------------+------+
| INST       | timestamp                 | ID                               | TT   |
|------------+---------------------------+----------------------------------+------|
| NSE_EQ:DLF | 2023-02-08 09:15:00+05:30 | aa63ec7d54c9455f8dd536e06d8c39ef | SELL |
+------------+---------------------------+----------------------------------+------+
+----+---------------------------+------------------------+-------+
|    | TIMESTAMP                 | STATE                  | MSG   |
|----+---------------------------+------------------------+-------|
|  0 | 2023-02-08 09:15:00+05:30 | PUT ORDER REQ RECEIVED |       |
|  1 | 2023-02-08 09:15:00+05:30 | VALIDATION PENDING     |       |
|  2 | 2023-02-08 09:15:00+05:30 | REJECTED               |       |
+----+---------------------------+------------------------+-------+

+------------+---------------------------+----------------------------------+------+
| INST       | timestamp                 | ID                               | TT   |
|------------+---------------------------+----------------------------------+------|
| NSE_EQ:DLF | 2023-02-09 09:15:00+05:30 | b8aa99c92b5f4111b06abc9be447fe1e | SELL |
+------------+---------------------------+----------------------------------+------+
+----+---------------------------+------------------------+-------+
|    | TIMESTAMP                 | STATE                  | MSG   |
|----+---------------------------+------------------------+-------|
|  0 | 2023-02-09 09:15:00+05:30 | PUT ORDER REQ RECEIVED |       |
|  1 | 2023-02-09 09:15:00+05:30 | VALIDATION PENDING     |       |
|  2 | 2023-02-09 09:15:00+05:30 | REJECTED               |       |
+----+---------------------------+------------------------+-------+

+------------+---------------------------+----------------------------------+------+
| INST       | timestamp                 | ID                               | TT   |
|------------+---------------------------+----------------------------------+------|
| NSE_EQ:DLF | 2023-02-10 09:15:00+05:30 | 39af7fe81270405ba545d96392bf5464 | SELL |
+------------+---------------------------+----------------------------------+------+
+----+---------------------------+------------------------+-------+
|    | TIMESTAMP                 | STATE                  | MSG   |
|----+---------------------------+------------------------+-------|
|  0 | 2023-02-10 09:15:00+05:30 | PUT ORDER REQ RECEIVED |       |
|  1 | 2023-02-10 09:15:00+05:30 | VALIDATION PENDING     |       |
|  2 | 2023-02-10 09:15:00+05:30 | REJECTED               |       |
+----+---------------------------+------------------------+-------+

+------------+---------------------------+----------------------------------+------+
| INST       | timestamp                 | ID                               | TT   |
|------------+---------------------------+----------------------------------+------|
| NSE_EQ:DLF | 2023-02-13 10:15:00+05:30 | 072cb11bc96a4c8eb6570b750df01bc9 | SELL |
+------------+---------------------------+----------------------------------+------+
+----+---------------------------+------------------------+-------+
|    | TIMESTAMP                 | STATE                  | MSG   |
|----+---------------------------+------------------------+-------|
|  0 | 2023-02-13 10:15:00+05:30 | PUT ORDER REQ RECEIVED |       |
|  1 | 2023-02-13 10:15:00+05:30 | VALIDATION PENDING     |       |
|  2 | 2023-02-13 10:15:00+05:30 | REJECTED               |       |
+----+---------------------------+------------------------+-------+

+------------+---------------------------+----------------------------------+------+
| INST       | timestamp                 | ID                               | TT   |
|------------+---------------------------+----------------------------------+------|
| NSE_EQ:DLF | 2023-02-14 09:15:00+05:30 | f962e93561a14bc88d404a677f223708 | SELL |
+------------+---------------------------+----------------------------------+------+
+----+---------------------------+------------------------+-------+
|    | TIMESTAMP                 | STATE                  | MSG   |
|----+---------------------------+------------------------+-------|
|  0 | 2023-02-14 09:15:00+05:30 | PUT ORDER REQ RECEIVED |       |
|  1 | 2023-02-14 09:15:00+05:30 | VALIDATION PENDING     |       |
|  2 | 2023-02-14 09:15:00+05:30 | REJECTED               |       |
+----+---------------------------+------------------------+-------+

+------------+---------------------------+----------------------------------+------+
| INST       | timestamp                 | ID                               | TT   |
|------------+---------------------------+----------------------------------+------|
| NSE_EQ:DLF | 2023-02-15 09:15:00+05:30 | cfba32d85c9b4845859b306e61bfc23d | SELL |
+------------+---------------------------+----------------------------------+------+
+----+---------------------------+------------------------+-------+
|    | TIMESTAMP                 | STATE                  | MSG   |
|----+---------------------------+------------------------+-------|
|  0 | 2023-02-15 09:15:00+05:30 | PUT ORDER REQ RECEIVED |       |
|  1 | 2023-02-15 09:15:00+05:30 | VALIDATION PENDING     |       |
|  2 | 2023-02-15 09:15:00+05:30 | REJECTED               |       |
+----+---------------------------+------------------------+-------+

+------------+---------------------------+----------------------------------+------+
| INST       | timestamp                 | ID                               | TT   |
|------------+---------------------------+----------------------------------+------|
| NSE_EQ:DLF | 2023-02-16 12:15:00+05:30 | 40bcc0b1f04046e1bc55fc24ad5d8778 | SELL |
+------------+---------------------------+----------------------------------+------+
+----+---------------------------+------------------------+-------+
|    | TIMESTAMP                 | STATE                  | MSG   |
|----+---------------------------+------------------------+-------|
|  0 | 2023-02-16 12:15:00+05:30 | PUT ORDER REQ RECEIVED |       |
|  1 | 2023-02-16 12:15:00+05:30 | VALIDATION PENDING     |       |
|  2 | 2023-02-16 12:15:00+05:30 | REJECTED               |       |
+----+---------------------------+------------------------+-------+

+------------+---------------------------+----------------------------------+------+
| INST       | timestamp                 | ID                               | TT   |
|------------+---------------------------+----------------------------------+------|
| NSE_EQ:DLF | 2023-02-17 14:15:00+05:30 | 8d9c7a4442d3439ea7eef478ad37adf8 | BUY  |
+------------+---------------------------+----------------------------------+------+
+----+---------------------------+------------------------+-------+
|    | TIMESTAMP                 | STATE                  | MSG   |
|----+---------------------------+------------------------+-------|
|  0 | 2023-02-17 14:15:00+05:30 | PUT ORDER REQ RECEIVED |       |
|  1 | 2023-02-17 14:15:00+05:30 | VALIDATION PENDING     |       |
|  2 | 2023-02-17 14:15:00+05:30 | OPEN PENDING           |       |
|  3 | 2023-02-17 14:15:00+05:30 | OPEN                   |       |
|  4 | 2023-02-17 14:15:00+05:30 | COMPLETE               |       |
+----+---------------------------+------------------------+-------+

+------------+---------------------------+----------------------------------+------+
| INST       | timestamp                 | ID                               | TT   |
|------------+---------------------------+----------------------------------+------|
| NSE_EQ:DLF | 2023-02-20 09:15:00+05:30 | 1cb19d150b7245f5882a3af555df96d0 | BUY  |
+------------+---------------------------+----------------------------------+------+
+----+---------------------------+------------------------+-------+
|    | TIMESTAMP                 | STATE                  | MSG   |
|----+---------------------------+------------------------+-------|
|  0 | 2023-02-20 09:15:00+05:30 | PUT ORDER REQ RECEIVED |       |
|  1 | 2023-02-20 09:15:00+05:30 | COMPLETE               |       |
+----+---------------------------+------------------------+-------+

+------------+---------------------------+----------------------------------+------+
| INST       | timestamp                 | ID                               | TT   |
|------------+---------------------------+----------------------------------+------|
| NSE_EQ:DLF | 2023-02-20 09:15:00+05:30 | d2337e609df846daa7ecc9941f2f84c9 | SELL |
+------------+---------------------------+----------------------------------+------+
+----+---------------------------+------------------------+-------+
|    | TIMESTAMP                 | STATE                  | MSG   |
|----+---------------------------+------------------------+-------|
|  0 | 2023-02-20 09:15:00+05:30 | PUT ORDER REQ RECEIVED |       |
|  1 | 2023-02-20 09:15:00+05:30 | VALIDATION PENDING     |       |
|  2 | 2023-02-20 09:15:00+05:30 | OPEN PENDING           |       |
|  3 | 2023-02-20 09:15:00+05:30 | OPEN                   |       |
|  4 | 2023-02-20 09:15:00+05:30 | COMPLETE               |       |
+----+---------------------------+------------------------+-------+

+------------+---------------------------+----------------------------------+------+
| INST       | timestamp                 | ID                               | TT   |
|------------+---------------------------+----------------------------------+------|
| NSE_EQ:DLF | 2023-02-20 09:15:00+05:30 | 64a9cb320cad4b55a7aebfe300558d75 | SELL |
+------------+---------------------------+----------------------------------+------+
+----+---------------------------+------------------------+-------+
|    | TIMESTAMP                 | STATE                  | MSG   |
|----+---------------------------+------------------------+-------|
|  0 | 2023-02-20 09:15:00+05:30 | PUT ORDER REQ RECEIVED |       |
|  1 | 2023-02-20 09:15:00+05:30 | VALIDATION PENDING     |       |
|  2 | 2023-02-20 09:15:00+05:30 | REJECTED               |       |
+----+---------------------------+------------------------+-------+

+------------+---------------------------+----------------------------------+------+
| INST       | timestamp                 | ID                               | TT   |
|------------+---------------------------+----------------------------------+------|
| NSE_EQ:DLF | 2023-02-21 13:15:00+05:30 | c84a9b8d4e9d4118b943027a851ad430 | BUY  |
+------------+---------------------------+----------------------------------+------+
+----+---------------------------+------------------------+-------+
|    | TIMESTAMP                 | STATE                  | MSG   |
|----+---------------------------+------------------------+-------|
|  0 | 2023-02-21 13:15:00+05:30 | PUT ORDER REQ RECEIVED |       |
|  1 | 2023-02-21 13:15:00+05:30 | VALIDATION PENDING     |       |
|  2 | 2023-02-21 13:15:00+05:30 | OPEN PENDING           |       |
|  3 | 2023-02-21 13:15:00+05:30 | OPEN                   |       |
|  4 | 2023-02-21 13:15:00+05:30 | COMPLETE               |       |
+----+---------------------------+------------------------+-------+

+------------+---------------------------+----------------------------------+------+
| INST       | timestamp                 | ID                               | TT   |
|------------+---------------------------+----------------------------------+------|
| NSE_EQ:DLF | 2023-02-22 09:15:00+05:30 | 7bd151cd95a84723a75830362041612d | BUY  |
+------------+---------------------------+----------------------------------+------+
+----+---------------------------+------------------------+-------+
|    | TIMESTAMP                 | STATE                  | MSG   |
|----+---------------------------+------------------------+-------|
|  0 | 2023-02-22 09:15:00+05:30 | PUT ORDER REQ RECEIVED |       |
|  1 | 2023-02-22 09:15:00+05:30 | COMPLETE               |       |
+----+---------------------------+------------------------+-------+

+------------+---------------------------+----------------------------------+------+
| INST       | timestamp                 | ID                               | TT   |
|------------+---------------------------+----------------------------------+------|
| NSE_EQ:DLF | 2023-02-22 10:15:00+05:30 | f523b1bd9c104303af862053102ccde5 | SELL |
+------------+---------------------------+----------------------------------+------+
+----+---------------------------+------------------------+-------+
|    | TIMESTAMP                 | STATE                  | MSG   |
|----+---------------------------+------------------------+-------|
|  0 | 2023-02-22 10:15:00+05:30 | PUT ORDER REQ RECEIVED |       |
|  1 | 2023-02-22 10:15:00+05:30 | VALIDATION PENDING     |       |
|  2 | 2023-02-22 10:15:00+05:30 | OPEN PENDING           |       |
|  3 | 2023-02-22 10:15:00+05:30 | OPEN                   |       |
|  4 | 2023-02-22 10:15:00+05:30 | COMPLETE               |       |
+----+---------------------------+------------------------+-------+

+------------+---------------------------+----------------------------------+------+
| INST       | timestamp                 | ID                               | TT   |
|------------+---------------------------+----------------------------------+------|
| NSE_EQ:DLF | 2023-02-22 10:15:00+05:30 | aed134ecb14b4522a4e132ad005e6713 | BUY  |
+------------+---------------------------+----------------------------------+------+
+----+---------------------------+------------------------+-------+
|    | TIMESTAMP                 | STATE                  | MSG   |
|----+---------------------------+------------------------+-------|
|  0 | 2023-02-22 10:15:00+05:30 | PUT ORDER REQ RECEIVED |       |
|  1 | 2023-02-22 10:15:00+05:30 | VALIDATION PENDING     |       |
|  2 | 2023-02-22 10:15:00+05:30 | OPEN PENDING           |       |
|  3 | 2023-02-22 10:15:00+05:30 | OPEN                   |       |
|  4 | 2023-02-22 10:15:00+05:30 | COMPLETE               |       |
+----+---------------------------+------------------------+-------+

+------------+---------------------------+----------------------------------+------+
| INST       | timestamp                 | ID                               | TT   |
|------------+---------------------------+----------------------------------+------|
| NSE_EQ:DLF | 2023-02-22 11:15:00+05:30 | b54f557a85e646388b438115825b2ed3 | SELL |
+------------+---------------------------+----------------------------------+------+
+----+---------------------------+------------------------+-------+
|    | TIMESTAMP                 | STATE                  | MSG   |
|----+---------------------------+------------------------+-------|
|  0 | 2023-02-22 11:15:00+05:30 | PUT ORDER REQ RECEIVED |       |
|  1 | 2023-02-22 11:15:00+05:30 | VALIDATION PENDING     |       |
|  2 | 2023-02-22 11:15:00+05:30 | OPEN PENDING           |       |
|  3 | 2023-02-22 11:15:00+05:30 | OPEN                   |       |
|  4 | 2023-02-22 11:15:00+05:30 | COMPLETE               |       |
+----+---------------------------+------------------------+-------+

+------------+---------------------------+----------------------------------+------+
| INST       | timestamp                 | ID                               | TT   |
|------------+---------------------------+----------------------------------+------|
| NSE_EQ:DLF | 2023-02-22 11:15:00+05:30 | 83472c737ddb442bb6868f4f0da2fa42 | SELL |
+------------+---------------------------+----------------------------------+------+
+----+---------------------------+------------------------+-------+
|    | TIMESTAMP                 | STATE                  | MSG   |
|----+---------------------------+------------------------+-------|
|  0 | 2023-02-22 11:15:00+05:30 | PUT ORDER REQ RECEIVED |       |
|  1 | 2023-02-22 11:15:00+05:30 | VALIDATION PENDING     |       |
|  2 | 2023-02-22 11:15:00+05:30 | REJECTED               |       |
+----+---------------------------+------------------------+-------+

+------------+---------------------------+----------------------------------+------+
| INST       | timestamp                 | ID                               | TT   |
|------------+---------------------------+----------------------------------+------|
| NSE_EQ:DLF | 2023-02-23 09:15:00+05:30 | 1fe70d6e052146ad960bc2216f323054 | BUY  |
+------------+---------------------------+----------------------------------+------+
+----+---------------------------+------------------------+-------+
|    | TIMESTAMP                 | STATE                  | MSG   |
|----+---------------------------+------------------------+-------|
|  0 | 2023-02-23 09:15:00+05:30 | PUT ORDER REQ RECEIVED |       |
|  1 | 2023-02-23 09:15:00+05:30 | VALIDATION PENDING     |       |
|  2 | 2023-02-23 09:15:00+05:30 | OPEN PENDING           |       |
|  3 | 2023-02-23 09:15:00+05:30 | OPEN                   |       |
|  4 | 2023-02-23 09:15:00+05:30 | COMPLETE               |       |
+----+---------------------------+------------------------+-------+

+------------+---------------------------+----------------------------------+------+
| INST       | timestamp                 | ID                               | TT   |
|------------+---------------------------+----------------------------------+------|
| NSE_EQ:DLF | 2023-02-23 12:15:00+05:30 | 0d8d0fecb2004d1faae010078735c106 | SELL |
+------------+---------------------------+----------------------------------+------+
+----+---------------------------+------------------------+-------+
|    | TIMESTAMP                 | STATE                  | MSG   |
|----+---------------------------+------------------------+-------|
|  0 | 2023-02-23 12:15:00+05:30 | PUT ORDER REQ RECEIVED |       |
|  1 | 2023-02-23 12:15:00+05:30 | VALIDATION PENDING     |       |
|  2 | 2023-02-23 12:15:00+05:30 | OPEN PENDING           |       |
|  3 | 2023-02-23 12:15:00+05:30 | OPEN                   |       |
|  4 | 2023-02-23 12:15:00+05:30 | COMPLETE               |       |
+----+---------------------------+------------------------+-------+

+------------+---------------------------+----------------------------------+------+
| INST       | timestamp                 | ID                               | TT   |
|------------+---------------------------+----------------------------------+------|
| NSE_EQ:DLF | 2023-02-23 12:15:00+05:30 | a2b1eaed27c84c5c909cd8f9ad6c10f7 | SELL |
+------------+---------------------------+----------------------------------+------+
+----+---------------------------+------------------------+-------+
|    | TIMESTAMP                 | STATE                  | MSG   |
|----+---------------------------+------------------------+-------|
|  0 | 2023-02-23 12:15:00+05:30 | PUT ORDER REQ RECEIVED |       |
|  1 | 2023-02-23 12:15:00+05:30 | VALIDATION PENDING     |       |
|  2 | 2023-02-23 12:15:00+05:30 | REJECTED               |       |
+----+---------------------------+------------------------+-------+

+------------+---------------------------+----------------------------------+------+
| INST       | timestamp                 | ID                               | TT   |
|------------+---------------------------+----------------------------------+------|
| NSE_EQ:DLF | 2023-02-24 12:15:00+05:30 | c0a5b3aaf1de4d22b7205adf7c06a476 | SELL |
+------------+---------------------------+----------------------------------+------+
+----+---------------------------+------------------------+-------+
|    | TIMESTAMP                 | STATE                  | MSG   |
|----+---------------------------+------------------------+-------|
|  0 | 2023-02-24 12:15:00+05:30 | PUT ORDER REQ RECEIVED |       |
|  1 | 2023-02-24 12:15:00+05:30 | VALIDATION PENDING     |       |
|  2 | 2023-02-24 12:15:00+05:30 | REJECTED               |       |
+----+---------------------------+------------------------+-------+

+------------+---------------------------+----------------------------------+------+
| INST       | timestamp                 | ID                               | TT   |
|------------+---------------------------+----------------------------------+------|
| NSE_EQ:DLF | 2023-02-27 11:15:00+05:30 | 875d32cd4cfb45e1bb9816cca627bbdc | BUY  |
+------------+---------------------------+----------------------------------+------+
+----+---------------------------+------------------------+-------+
|    | TIMESTAMP                 | STATE                  | MSG   |
|----+---------------------------+------------------------+-------|
|  0 | 2023-02-27 11:15:00+05:30 | PUT ORDER REQ RECEIVED |       |
|  1 | 2023-02-27 11:15:00+05:30 | VALIDATION PENDING     |       |
|  2 | 2023-02-27 11:15:00+05:30 | OPEN PENDING           |       |
|  3 | 2023-02-27 11:15:00+05:30 | OPEN                   |       |
|  4 | 2023-02-27 11:15:00+05:30 | COMPLETE               |       |
+----+---------------------------+------------------------+-------+

+------------+---------------------------+----------------------------------+------+
| INST       | timestamp                 | ID                               | TT   |
|------------+---------------------------+----------------------------------+------|
| NSE_EQ:DLF | 2023-02-28 09:15:00+05:30 | d51ae06a9cc94f61bf3ea63a1b9edc7b | BUY  |
+------------+---------------------------+----------------------------------+------+
+----+---------------------------+------------------------+-------+
|    | TIMESTAMP                 | STATE                  | MSG   |
|----+---------------------------+------------------------+-------|
|  0 | 2023-02-28 09:15:00+05:30 | PUT ORDER REQ RECEIVED |       |
|  1 | 2023-02-28 09:15:00+05:30 | COMPLETE               |       |
+----+---------------------------+------------------------+-------+

+------------+---------------------------+----------------------------------+------+
| INST       | timestamp                 | ID                               | TT   |
|------------+---------------------------+----------------------------------+------|
| NSE_EQ:DLF | 2023-02-28 12:15:00+05:30 | d06f75c71dfa45d989bee49e9803dd58 | SELL |
+------------+---------------------------+----------------------------------+------+
+----+---------------------------+------------------------+-------+
|    | TIMESTAMP                 | STATE                  | MSG   |
|----+---------------------------+------------------------+-------|
|  0 | 2023-02-28 12:15:00+05:30 | PUT ORDER REQ RECEIVED |       |
|  1 | 2023-02-28 12:15:00+05:30 | VALIDATION PENDING     |       |
|  2 | 2023-02-28 12:15:00+05:30 | OPEN PENDING           |       |
|  3 | 2023-02-28 12:15:00+05:30 | OPEN                   |       |
|  4 | 2023-02-28 12:15:00+05:30 | COMPLETE               |       |
+----+---------------------------+------------------------+-------+

+------------+---------------------------+----------------------------------+------+
| INST       | timestamp                 | ID                               | TT   |
|------------+---------------------------+----------------------------------+------|
| NSE_EQ:DLF | 2023-02-28 12:15:00+05:30 | 0ce001964edd470ea23ffad0dcfe5ac1 | SELL |
+------------+---------------------------+----------------------------------+------+
+----+---------------------------+------------------------+-------+
|    | TIMESTAMP                 | STATE                  | MSG   |
|----+---------------------------+------------------------+-------|
|  0 | 2023-02-28 12:15:00+05:30 | PUT ORDER REQ RECEIVED |       |
|  1 | 2023-02-28 12:15:00+05:30 | VALIDATION PENDING     |       |
|  2 | 2023-02-28 12:15:00+05:30 | REJECTED               |       |
+----+---------------------------+------------------------+-------+