

+-----------------+---------------------------+----------------------------------+------+
| INST            | timestamp                 | ID                               | TT   |
|-----------------+---------------------------+----------------------------------+------|
| NSE_EQ:RELIANCE | 2023-01-02 10:15:00+05:30 | e575e96cb90f400d874bdea365fb3887 | BUY  |
+-----------------+---------------------------+----------------------------------+------+
+----+---------------------------+------------------------+-------+
|    | TIMESTAMP                 | STATE                  | MSG   |
|----+---------------------------+------------------------+-------|
|  0 | 2023-01-02 10:15:00+05:30 | PUT ORDER REQ RECEIVED |       |
|  1 | 2023-01-02 10:15:00+05:30 | VALIDATION PENDING     |       |
|  2 | 2023-01-02 10:15:00+05:30 | OPEN PENDING           |       |
|  3 | 2023-01-02 10:15:00+05:30 | OPEN                   |       |
|  4 | 2023-01-02 10:15:00+05:30 | COMPLETE               |       |
+----+---------------------------+------------------------+-------+

+-----------------+---------------------------+----------------------------------+------+
| INST            | timestamp                 | ID                               | TT   |
|-----------------+---------------------------+----------------------------------+------|
| NSE_EQ:RELIANCE | 2023-01-03 09:15:00+05:30 | 327c4593c75a4813911258e21c25d72e | BUY  |
+-----------------+---------------------------+----------------------------------+------+
+----+---------------------------+------------------------+-------+
|    | TIMESTAMP                 | STATE                  | MSG   |
|----+---------------------------+------------------------+-------|
|  0 | 2023-01-03 09:15:00+05:30 | PUT ORDER REQ RECEIVED |       |
|  1 | 2023-01-03 09:15:00+05:30 | COMPLETE               |       |
+----+---------------------------+------------------------+-------+

+-----------------+---------------------------+----------------------------------+------+
| INST            | timestamp                 | ID                               | TT   |
|-----------------+---------------------------+----------------------------------+------|
| NSE_EQ:RELIANCE | 2023-01-03 12:15:00+05:30 | 7a2d419ccf6a46409a6dfca884e1fe3f | SELL |
+-----------------+---------------------------+----------------------------------+------+
+----+---------------------------+------------------------+-------+
|    | TIMESTAMP                 | STATE                  | MSG   |
|----+---------------------------+------------------------+-------|
|  0 | 2023-01-03 12:15:00+05:30 | PUT ORDER REQ RECEIVED |       |
|  1 | 2023-01-03 12:15:00+05:30 | VALIDATION PENDING     |       |
|  2 | 2023-01-03 12:15:00+05:30 | OPEN PENDING           |       |
|  3 | 2023-01-03 12:15:00+05:30 | OPEN                   |       |
|  4 | 2023-01-03 12:15:00+05:30 | COMPLETE               |       |
+----+---------------------------+------------------------+-------+

+-----------------+---------------------------+----------------------------------+------+
| INST            | timestamp                 | ID                               | TT   |
|-----------------+---------------------------+----------------------------------+------|
| NSE_EQ:RELIANCE | 2023-01-03 12:15:00+05:30 | 07c9af6d6c724cb6bb19194f401e2eb3 | SELL |
+-----------------+---------------------------+----------------------------------+------+
+----+---------------------------+------------------------+-------+
|    | TIMESTAMP                 | STATE                  | MSG   |
|----+---------------------------+------------------------+-------|
|  0 | 2023-01-03 12:15:00+05:30 | PUT ORDER REQ RECEIVED |       |
|  1 | 2023-01-03 12:15:00+05:30 | VALIDATION PENDING     |       |
|  2 | 2023-01-03 12:15:00+05:30 | REJECTED               |       |
+----+---------------------------+------------------------+-------+

+-----------------+---------------------------+----------------------------------+------+
| INST            | timestamp                 | ID                               | TT   |
|-----------------+---------------------------+----------------------------------+------|
| NSE_EQ:RELIANCE | 2023-01-05 10:15:00+05:30 | f55876457f104dbbb1404bac8fad8e66 | BUY  |
+-----------------+---------------------------+----------------------------------+------+
+----+---------------------------+------------------------+-------+
|    | TIMESTAMP                 | STATE                  | MSG   |
|----+---------------------------+------------------------+-------|
|  0 | 2023-01-05 10:15:00+05:30 | PUT ORDER REQ RECEIVED |       |
|  1 | 2023-01-05 10:15:00+05:30 | VALIDATION PENDING     |       |
|  2 | 2023-01-05 10:15:00+05:30 | OPEN PENDING           |       |
|  3 | 2023-01-05 10:15:00+05:30 | OPEN                   |       |
|  4 | 2023-01-05 10:15:00+05:30 | COMPLETE               |       |
+----+---------------------------+------------------------+-------+

+-----------------+---------------------------+----------------------------------+------+
| INST            | timestamp                 | ID                               | TT   |
|-----------------+---------------------------+----------------------------------+------|
| NSE_EQ:RELIANCE | 2023-01-05 11:15:00+05:30 | bda9f867d49c45b6b3893e01989d9aae | SELL |
+-----------------+---------------------------+----------------------------------+------+
+----+---------------------------+------------------------+-------+
|    | TIMESTAMP                 | STATE                  | MSG   |
|----+---------------------------+------------------------+-------|
|  0 | 2023-01-05 11:15:00+05:30 | PUT ORDER REQ RECEIVED |       |
|  1 | 2023-01-05 11:15:00+05:30 | VALIDATION PENDING     |       |
|  2 | 2023-01-05 11:15:00+05:30 | OPEN PENDING           |       |
|  3 | 2023-01-05 11:15:00+05:30 | OPEN                   |       |
|  4 | 2023-01-05 11:15:00+05:30 | COMPLETE               |       |
+----+---------------------------+------------------------+-------+

+-----------------+---------------------------+----------------------------------+------+
| INST            | timestamp                 | ID                               | TT   |
|-----------------+---------------------------+----------------------------------+------|
| NSE_EQ:RELIANCE | 2023-01-05 11:15:00+05:30 | 23eac39b096f4641b2cc12f1f2257856 | SELL |
+-----------------+---------------------------+----------------------------------+------+
+----+---------------------------+------------------------+-------+
|    | TIMESTAMP                 | STATE                  | MSG   |
|----+---------------------------+------------------------+-------|
|  0 | 2023-01-05 11:15:00+05:30 | PUT ORDER REQ RECEIVED |       |
|  1 | 2023-01-05 11:15:00+05:30 | VALIDATION PENDING     |       |
|  2 | 2023-01-05 11:15:00+05:30 | REJECTED               |       |
+----+---------------------------+------------------------+-------+

+-----------------+---------------------------+----------------------------------+------+
| INST            | timestamp                 | ID                               | TT   |
|-----------------+---------------------------+----------------------------------+------|
| NSE_EQ:RELIANCE | 2023-01-06 09:15:00+05:30 | 28b131725dbb40ff81a44a9d0db7f48f | BUY  |
+-----------------+---------------------------+----------------------------------+------+
+----+---------------------------+------------------------+-------+
|    | TIMESTAMP                 | STATE                  | MSG   |
|----+---------------------------+------------------------+-------|
|  0 | 2023-01-06 09:15:00+05:30 | PUT ORDER REQ RECEIVED |       |
|  1 | 2023-01-06 09:15:00+05:30 | VALIDATION PENDING     |       |
|  2 | 2023-01-06 09:15:00+05:30 | OPEN PENDING           |       |
|  3 | 2023-01-06 09:15:00+05:30 | OPEN                   |       |
|  4 | 2023-01-06 09:15:00+05:30 | COMPLETE               |       |
+----+---------------------------+------------------------+-------+

+-----------------+---------------------------+----------------------------------+------+
| INST            | timestamp                 | ID                               | TT   |
|-----------------+---------------------------+----------------------------------+------|
| NSE_EQ:RELIANCE | 2023-01-06 10:15:00+05:30 | 720203798edd4b88952f7ef4fb2e9aad | SELL |
+-----------------+---------------------------+----------------------------------+------+
+----+---------------------------+------------------------+-------+
|    | TIMESTAMP                 | STATE                  | MSG   |
|----+---------------------------+------------------------+-------|
|  0 | 2023-01-06 10:15:00+05:30 | PUT ORDER REQ RECEIVED |       |
|  1 | 2023-01-06 10:15:00+05:30 | VALIDATION PENDING     |       |
|  2 | 2023-01-06 10:15:00+05:30 | OPEN PENDING           |       |
|  3 | 2023-01-06 10:15:00+05:30 | OPEN                   |       |
|  4 | 2023-01-06 10:15:00+05:30 | COMPLETE               |       |
+----+---------------------------+------------------------+-------+

+-----------------+---------------------------+----------------------------------+------+
| INST            | timestamp                 | ID                               | TT   |
|-----------------+---------------------------+----------------------------------+------|
| NSE_EQ:RELIANCE | 2023-01-06 10:15:00+05:30 | 40870fb40b8d446fb0fe94be11df7706 | SELL |
+-----------------+---------------------------+----------------------------------+------+
+----+---------------------------+------------------------+-------+
|    | TIMESTAMP                 | STATE                  | MSG   |
|----+---------------------------+------------------------+-------|
|  0 | 2023-01-06 10:15:00+05:30 | PUT ORDER REQ RECEIVED |       |
|  1 | 2023-01-06 10:15:00+05:30 | VALIDATION PENDING     |       |
|  2 | 2023-01-06 10:15:00+05:30 | REJECTED               |       |
+----+---------------------------+------------------------+-------+

+-----------------+---------------------------+----------------------------------+------+
| INST            | timestamp                 | ID                               | TT   |
|-----------------+---------------------------+----------------------------------+------|
| NSE_EQ:RELIANCE | 2023-01-10 10:15:00+05:30 | 52247b0fd6224948bed5820b96070639 | SELL |
+-----------------+---------------------------+----------------------------------+------+
+----+---------------------------+------------------------+-------+
|    | TIMESTAMP                 | STATE                  | MSG   |
|----+---------------------------+------------------------+-------|
|  0 | 2023-01-10 10:15:00+05:30 | PUT ORDER REQ RECEIVED |       |
|  1 | 2023-01-10 10:15:00+05:30 | VALIDATION PENDING     |       |
|  2 | 2023-01-10 10:15:00+05:30 | REJECTED               |       |
+----+---------------------------+------------------------+-------+

+-----------------+---------------------------+----------------------------------+------+
| INST            | timestamp                 | ID                               | TT   |
|-----------------+---------------------------+----------------------------------+------|
| NSE_EQ:RELIANCE | 2023-01-11 10:15:00+05:30 | 87e993b53da34b128288df9893ab5c19 | BUY  |
+-----------------+---------------------------+----------------------------------+------+
+----+---------------------------+------------------------+-------+
|    | TIMESTAMP                 | STATE                  | MSG   |
|----+---------------------------+------------------------+-------|
|  0 | 2023-01-11 10:15:00+05:30 | PUT ORDER REQ RECEIVED |       |
|  1 | 2023-01-11 10:15:00+05:30 | VALIDATION PENDING     |       |
|  2 | 2023-01-11 10:15:00+05:30 | OPEN PENDING           |       |
|  3 | 2023-01-11 10:15:00+05:30 | OPEN                   |       |
|  4 | 2023-01-11 10:15:00+05:30 | COMPLETE               |       |
+----+---------------------------+------------------------+-------+

+-----------------+---------------------------+----------------------------------+------+
| INST            | timestamp                 | ID                               | TT   |
|-----------------+---------------------------+----------------------------------+------|
| NSE_EQ:RELIANCE | 2023-01-11 11:15:00+05:30 | 763d39d2e592499b87977796d90cbb38 | SELL |
+-----------------+---------------------------+----------------------------------+------+
+----+---------------------------+------------------------+-------+
|    | TIMESTAMP                 | STATE                  | MSG   |
|----+---------------------------+------------------------+-------|
|  0 | 2023-01-11 11:15:00+05:30 | PUT ORDER REQ RECEIVED |       |
|  1 | 2023-01-11 11:15:00+05:30 | VALIDATION PENDING     |       |
|  2 | 2023-01-11 11:15:00+05:30 | OPEN PENDING           |       |
|  3 | 2023-01-11 11:15:00+05:30 | OPEN                   |       |
|  4 | 2023-01-11 11:15:00+05:30 | COMPLETE               |       |
+----+---------------------------+------------------------+-------+

+-----------------+---------------------------+----------------------------------+------+
| INST            | timestamp                 | ID                               | TT   |
|-----------------+---------------------------+----------------------------------+------|
| NSE_EQ:RELIANCE | 2023-01-11 11:15:00+05:30 | 79167f029a3b4deab225e57668592b66 | SELL |
+-----------------+---------------------------+----------------------------------+------+
+----+---------------------------+------------------------+-------+
|    | TIMESTAMP                 | STATE                  | MSG   |
|----+---------------------------+------------------------+-------|
|  0 | 2023-01-11 11:15:00+05:30 | PUT ORDER REQ RECEIVED |       |
|  1 | 2023-01-11 11:15:00+05:30 | VALIDATION PENDING     |       |
|  2 | 2023-01-11 11:15:00+05:30 | REJECTED               |       |
+----+---------------------------+------------------------+-------+

+-----------------+---------------------------+----------------------------------+------+
| INST            | timestamp                 | ID                               | TT   |
|-----------------+---------------------------+----------------------------------+------|
| NSE_EQ:RELIANCE | 2023-01-13 11:15:00+05:30 | dd444a7e64b249918f036236e0867832 | BUY  |
+-----------------+---------------------------+----------------------------------+------+
+----+---------------------------+------------------------+-------+
|    | TIMESTAMP                 | STATE                  | MSG   |
|----+---------------------------+------------------------+-------|
|  0 | 2023-01-13 11:15:00+05:30 | PUT ORDER REQ RECEIVED |       |
|  1 | 2023-01-13 11:15:00+05:30 | VALIDATION PENDING     |       |
|  2 | 2023-01-13 11:15:00+05:30 | OPEN PENDING           |       |
|  3 | 2023-01-13 11:15:00+05:30 | OPEN                   |       |
|  4 | 2023-01-13 11:15:00+05:30 | COMPLETE               |       |
+----+---------------------------+------------------------+-------+

+-----------------+---------------------------+----------------------------------+------+
| INST            | timestamp                 | ID                               | TT   |
|-----------------+---------------------------+----------------------------------+------|
| NSE_EQ:RELIANCE | 2023-01-16 09:15:00+05:30 | 4870d4a4e4a44c4985339e1e39e258d0 | BUY  |
+-----------------+---------------------------+----------------------------------+------+
+----+---------------------------+------------------------+-------+
|    | TIMESTAMP                 | STATE                  | MSG   |
|----+---------------------------+------------------------+-------|
|  0 | 2023-01-16 09:15:00+05:30 | PUT ORDER REQ RECEIVED |       |
|  1 | 2023-01-16 09:15:00+05:30 | COMPLETE               |       |
+----+---------------------------+------------------------+-------+

+-----------------+---------------------------+----------------------------------+------+
| INST            | timestamp                 | ID                               | TT   |
|-----------------+---------------------------+----------------------------------+------|
| NSE_EQ:RELIANCE | 2023-01-16 10:15:00+05:30 | fabdb57f47164f9d93cb261796040516 | SELL |
+-----------------+---------------------------+----------------------------------+------+
+----+---------------------------+------------------------+-------+
|    | TIMESTAMP                 | STATE                  | MSG   |
|----+---------------------------+------------------------+-------|
|  0 | 2023-01-16 10:15:00+05:30 | PUT ORDER REQ RECEIVED |       |
|  1 | 2023-01-16 10:15:00+05:30 | VALIDATION PENDING     |       |
|  2 | 2023-01-16 10:15:00+05:30 | OPEN PENDING           |       |
|  3 | 2023-01-16 10:15:00+05:30 | OPEN                   |       |
|  4 | 2023-01-16 10:15:00+05:30 | COMPLETE               |       |
+----+---------------------------+------------------------+-------+

+-----------------+---------------------------+----------------------------------+------+
| INST            | timestamp                 | ID                               | TT   |
|-----------------+---------------------------+----------------------------------+------|
| NSE_EQ:RELIANCE | 2023-01-16 10:15:00+05:30 | 83ee05bd0b4d4e4e80a440cdcb828126 | SELL |
+-----------------+---------------------------+----------------------------------+------+
+----+---------------------------+------------------------+-------+
|    | TIMESTAMP                 | STATE                  | MSG   |
|----+---------------------------+------------------------+-------|
|  0 | 2023-01-16 10:15:00+05:30 | PUT ORDER REQ RECEIVED |       |
|  1 | 2023-01-16 10:15:00+05:30 | VALIDATION PENDING     |       |
|  2 | 2023-01-16 10:15:00+05:30 | REJECTED               |       |
+----+---------------------------+------------------------+-------+

+-----------------+---------------------------+----------------------------------+------+
| INST            | timestamp                 | ID                               | TT   |
|-----------------+---------------------------+----------------------------------+------|
| NSE_EQ:RELIANCE | 2023-01-17 10:15:00+05:30 | 84389ce5b22e45a0bb7850b8b96c87f3 | BUY  |
+-----------------+---------------------------+----------------------------------+------+
+----+---------------------------+------------------------+-------+
|    | TIMESTAMP                 | STATE                  | MSG   |
|----+---------------------------+------------------------+-------|
|  0 | 2023-01-17 10:15:00+05:30 | PUT ORDER REQ RECEIVED |       |
|  1 | 2023-01-17 10:15:00+05:30 | VALIDATION PENDING     |       |
|  2 | 2023-01-17 10:15:00+05:30 | OPEN PENDING           |       |
|  3 | 2023-01-17 10:15:00+05:30 | OPEN                   |       |
|  4 | 2023-01-17 10:15:00+05:30 | COMPLETE               |       |
+----+---------------------------+------------------------+-------+

+-----------------+---------------------------+----------------------------------+------+
| INST            | timestamp                 | ID                               | TT   |
|-----------------+---------------------------+----------------------------------+------|
| NSE_EQ:RELIANCE | 2023-01-17 11:15:00+05:30 | 302a5d89cf20490eac053af1d161c0a6 | SELL |
+-----------------+---------------------------+----------------------------------+------+
+----+---------------------------+------------------------+-------+
|    | TIMESTAMP                 | STATE                  | MSG   |
|----+---------------------------+------------------------+-------|
|  0 | 2023-01-17 11:15:00+05:30 | PUT ORDER REQ RECEIVED |       |
|  1 | 2023-01-17 11:15:00+05:30 | VALIDATION PENDING     |       |
|  2 | 2023-01-17 11:15:00+05:30 | OPEN PENDING           |       |
|  3 | 2023-01-17 11:15:00+05:30 | OPEN                   |       |
|  4 | 2023-01-17 11:15:00+05:30 | COMPLETE               |       |
+----+---------------------------+------------------------+-------+

+-----------------+---------------------------+----------------------------------+------+
| INST            | timestamp                 | ID                               | TT   |
|-----------------+---------------------------+----------------------------------+------|
| NSE_EQ:RELIANCE | 2023-01-17 11:15:00+05:30 | 433ff49372b44ce98c6dd0e20bdd457a | SELL |
+-----------------+---------------------------+----------------------------------+------+
+----+---------------------------+------------------------+-------+
|    | TIMESTAMP                 | STATE                  | MSG   |
|----+---------------------------+------------------------+-------|
|  0 | 2023-01-17 11:15:00+05:30 | PUT ORDER REQ RECEIVED |       |
|  1 | 2023-01-17 11:15:00+05:30 | VALIDATION PENDING     |       |
|  2 | 2023-01-17 11:15:00+05:30 | REJECTED               |       |
+----+---------------------------+------------------------+-------+

+-----------------+---------------------------+----------------------------------+------+
| INST            | timestamp                 | ID                               | TT   |
|-----------------+---------------------------+----------------------------------+------|
| NSE_EQ:RELIANCE | 2023-01-19 11:15:00+05:30 | f1cdff43e19b473887c03c9719900a61 | BUY  |
+-----------------+---------------------------+----------------------------------+------+
+----+---------------------------+------------------------+-------+
|    | TIMESTAMP                 | STATE                  | MSG   |
|----+---------------------------+------------------------+-------|
|  0 | 2023-01-19 11:15:00+05:30 | PUT ORDER REQ RECEIVED |       |
|  1 | 2023-01-19 11:15:00+05:30 | VALIDATION PENDING     |       |
|  2 | 2023-01-19 11:15:00+05:30 | OPEN PENDING           |       |
|  3 | 2023-01-19 11:15:00+05:30 | OPEN                   |       |
|  4 | 2023-01-19 11:15:00+05:30 | COMPLETE               |       |
+----+---------------------------+------------------------+-------+

+-----------------+---------------------------+----------------------------------+------+
| INST            | timestamp                 | ID                               | TT   |
|-----------------+---------------------------+----------------------------------+------|
| NSE_EQ:RELIANCE | 2023-01-20 09:15:00+05:30 | 9b61c95ed67d47b88a1a07ce57384f53 | BUY  |
+-----------------+---------------------------+----------------------------------+------+
+----+---------------------------+------------------------+-------+
|    | TIMESTAMP                 | STATE                  | MSG   |
|----+---------------------------+------------------------+-------|
|  0 | 2023-01-20 09:15:00+05:30 | PUT ORDER REQ RECEIVED |       |
|  1 | 2023-01-20 09:15:00+05:30 | COMPLETE               |       |
+----+---------------------------+------------------------+-------+

+-----------------+---------------------------+----------------------------------+------+
| INST            | timestamp                 | ID                               | TT   |
|-----------------+---------------------------+----------------------------------+------|
| NSE_EQ:RELIANCE | 2023-01-20 12:15:00+05:30 | 5f7821bd84314c6bb0b905cf192ac02e | SELL |
+-----------------+---------------------------+----------------------------------+------+
+----+---------------------------+------------------------+-------+
|    | TIMESTAMP                 | STATE                  | MSG   |
|----+---------------------------+------------------------+-------|
|  0 | 2023-01-20 12:15:00+05:30 | PUT ORDER REQ RECEIVED |       |
|  1 | 2023-01-20 12:15:00+05:30 | VALIDATION PENDING     |       |
|  2 | 2023-01-20 12:15:00+05:30 | OPEN PENDING           |       |
|  3 | 2023-01-20 12:15:00+05:30 | OPEN                   |       |
|  4 | 2023-01-20 12:15:00+05:30 | COMPLETE               |       |
+----+---------------------------+------------------------+-------+

+-----------------+---------------------------+----------------------------------+------+
| INST            | timestamp                 | ID                               | TT   |
|-----------------+---------------------------+----------------------------------+------|
| NSE_EQ:RELIANCE | 2023-01-20 12:15:00+05:30 | 4a790b6498bc4bf1b33a34c1e708aa40 | BUY  |
+-----------------+---------------------------+----------------------------------+------+
+----+---------------------------+------------------------+-------+
|    | TIMESTAMP                 | STATE                  | MSG   |
|----+---------------------------+------------------------+-------|
|  0 | 2023-01-20 12:15:00+05:30 | PUT ORDER REQ RECEIVED |       |
|  1 | 2023-01-20 12:15:00+05:30 | VALIDATION PENDING     |       |
|  2 | 2023-01-20 12:15:00+05:30 | OPEN PENDING           |       |
|  3 | 2023-01-20 12:15:00+05:30 | OPEN                   |       |
|  4 | 2023-01-20 12:15:00+05:30 | COMPLETE               |       |
+----+---------------------------+------------------------+-------+

+-----------------+---------------------------+----------------------------------+------+
| INST            | timestamp                 | ID                               | TT   |
|-----------------+---------------------------+----------------------------------+------|
| NSE_EQ:RELIANCE | 2023-01-20 14:15:00+05:30 | 8077bfbb609d45a2bc955e35d9ce01ce | SELL |
+-----------------+---------------------------+----------------------------------+------+
+----+---------------------------+------------------------+-------+
|    | TIMESTAMP                 | STATE                  | MSG   |
|----+---------------------------+------------------------+-------|
|  0 | 2023-01-20 14:15:00+05:30 | PUT ORDER REQ RECEIVED |       |
|  1 | 2023-01-20 14:15:00+05:30 | VALIDATION PENDING     |       |
|  2 | 2023-01-20 14:15:00+05:30 | OPEN PENDING           |       |
|  3 | 2023-01-20 14:15:00+05:30 | OPEN                   |       |
|  4 | 2023-01-20 14:15:00+05:30 | COMPLETE               |       |
+----+---------------------------+------------------------+-------+

+-----------------+---------------------------+----------------------------------+------+
| INST            | timestamp                 | ID                               | TT   |
|-----------------+---------------------------+----------------------------------+------|
| NSE_EQ:RELIANCE | 2023-01-20 14:15:00+05:30 | 59efb51ed6ae4a159c9f9d21f40c6801 | SELL |
+-----------------+---------------------------+----------------------------------+------+
+----+---------------------------+------------------------+-------+
|    | TIMESTAMP                 | STATE                  | MSG   |
|----+---------------------------+------------------------+-------|
|  0 | 2023-01-20 14:15:00+05:30 | PUT ORDER REQ RECEIVED |       |
|  1 | 2023-01-20 14:15:00+05:30 | VALIDATION PENDING     |       |
|  2 | 2023-01-20 14:15:00+05:30 | REJECTED               |       |
+----+---------------------------+------------------------+-------+

+-----------------+---------------------------+----------------------------------+------+
| INST            | timestamp                 | ID                               | TT   |
|-----------------+---------------------------+----------------------------------+------|
| NSE_EQ:RELIANCE | 2023-01-23 10:15:00+05:30 | ad11c35315554c189f88a374c09a9d7f | BUY  |
+-----------------+---------------------------+----------------------------------+------+
+----+---------------------------+------------------------+-------+
|    | TIMESTAMP                 | STATE                  | MSG   |
|----+---------------------------+------------------------+-------|
|  0 | 2023-01-23 10:15:00+05:30 | PUT ORDER REQ RECEIVED |       |
|  1 | 2023-01-23 10:15:00+05:30 | VALIDATION PENDING     |       |
|  2 | 2023-01-23 10:15:00+05:30 | OPEN PENDING           |       |
|  3 | 2023-01-23 10:15:00+05:30 | OPEN                   |       |
|  4 | 2023-01-23 10:15:00+05:30 | COMPLETE               |       |
+----+---------------------------+------------------------+-------+

+-----------------+---------------------------+----------------------------------+------+
| INST            | timestamp                 | ID                               | TT   |
|-----------------+---------------------------+----------------------------------+------|
| NSE_EQ:RELIANCE | 2023-01-23 11:15:00+05:30 | 86093c92c4224cc39f3ab7ffef339177 | SELL |
+-----------------+---------------------------+----------------------------------+------+
+----+---------------------------+------------------------+-------+
|    | TIMESTAMP                 | STATE                  | MSG   |
|----+---------------------------+------------------------+-------|
|  0 | 2023-01-23 11:15:00+05:30 | PUT ORDER REQ RECEIVED |       |
|  1 | 2023-01-23 11:15:00+05:30 | VALIDATION PENDING     |       |
|  2 | 2023-01-23 11:15:00+05:30 | OPEN PENDING           |       |
|  3 | 2023-01-23 11:15:00+05:30 | OPEN                   |       |
|  4 | 2023-01-23 11:15:00+05:30 | COMPLETE               |       |
+----+---------------------------+------------------------+-------+

+-----------------+---------------------------+----------------------------------+------+
| INST            | timestamp                 | ID                               | TT   |
|-----------------+---------------------------+----------------------------------+------|
| NSE_EQ:RELIANCE | 2023-01-23 11:15:00+05:30 | 2b5406274b174543860253ccb7c0e970 | SELL |
+-----------------+---------------------------+----------------------------------+------+
+----+---------------------------+------------------------+-------+
|    | TIMESTAMP                 | STATE                  | MSG   |
|----+---------------------------+------------------------+-------|
|  0 | 2023-01-23 11:15:00+05:30 | PUT ORDER REQ RECEIVED |       |
|  1 | 2023-01-23 11:15:00+05:30 | VALIDATION PENDING     |       |
|  2 | 2023-01-23 11:15:00+05:30 | REJECTED               |       |
+----+---------------------------+------------------------+-------+

+-----------------+---------------------------+----------------------------------+------+
| INST            | timestamp                 | ID                               | TT   |
|-----------------+---------------------------+----------------------------------+------|
| NSE_EQ:RELIANCE | 2023-01-24 11:15:00+05:30 | 229c566c17414e9f80dc0bce34749bd4 | BUY  |
+-----------------+---------------------------+----------------------------------+------+
+----+---------------------------+------------------------+-------+
|    | TIMESTAMP                 | STATE                  | MSG   |
|----+---------------------------+------------------------+-------|
|  0 | 2023-01-24 11:15:00+05:30 | PUT ORDER REQ RECEIVED |       |
|  1 | 2023-01-24 11:15:00+05:30 | VALIDATION PENDING     |       |
|  2 | 2023-01-24 11:15:00+05:30 | OPEN PENDING           |       |
|  3 | 2023-01-24 11:15:00+05:30 | OPEN                   |       |
|  4 | 2023-01-24 11:15:00+05:30 | COMPLETE               |       |
+----+---------------------------+------------------------+-------+

+-----------------+---------------------------+----------------------------------+------+
| INST            | timestamp                 | ID                               | TT   |
|-----------------+---------------------------+----------------------------------+------|
| NSE_EQ:RELIANCE | 2023-01-24 14:15:00+05:30 | 2a6b110ed41c4c2793db437711ecaecc | SELL |
+-----------------+---------------------------+----------------------------------+------+
+----+---------------------------+------------------------+-------+
|    | TIMESTAMP                 | STATE                  | MSG   |
|----+---------------------------+------------------------+-------|
|  0 | 2023-01-24 14:15:00+05:30 | PUT ORDER REQ RECEIVED |       |
|  1 | 2023-01-24 14:15:00+05:30 | VALIDATION PENDING     |       |
|  2 | 2023-01-24 14:15:00+05:30 | OPEN PENDING           |       |
|  3 | 2023-01-24 14:15:00+05:30 | OPEN                   |       |
|  4 | 2023-01-24 14:15:00+05:30 | COMPLETE               |       |
+----+---------------------------+------------------------+-------+

+-----------------+---------------------------+----------------------------------+------+
| INST            | timestamp                 | ID                               | TT   |
|-----------------+---------------------------+----------------------------------+------|
| NSE_EQ:RELIANCE | 2023-01-24 14:15:00+05:30 | cf49862d14c24f8d820d39e50b7a41f2 | SELL |
+-----------------+---------------------------+----------------------------------+------+
+----+---------------------------+------------------------+-------+
|    | TIMESTAMP                 | STATE                  | MSG   |
|----+---------------------------+------------------------+-------|
|  0 | 2023-01-24 14:15:00+05:30 | PUT ORDER REQ RECEIVED |       |
|  1 | 2023-01-24 14:15:00+05:30 | VALIDATION PENDING     |       |
|  2 | 2023-01-24 14:15:00+05:30 | REJECTED               |       |
+----+---------------------------+------------------------+-------+

+-----------------+---------------------------+----------------------------------+------+
| INST            | timestamp                 | ID                               | TT   |
|-----------------+---------------------------+----------------------------------+------|
| NSE_EQ:RELIANCE | 2023-01-30 09:15:00+05:30 | 388d0b8eade944509b5c51549ebc9963 | SELL |
+-----------------+---------------------------+----------------------------------+------+
+----+---------------------------+------------------------+-------+
|    | TIMESTAMP                 | STATE                  | MSG   |
|----+---------------------------+------------------------+-------|
|  0 | 2023-01-30 09:15:00+05:30 | PUT ORDER REQ RECEIVED |       |
|  1 | 2023-01-30 09:15:00+05:30 | VALIDATION PENDING     |       |
|  2 | 2023-01-30 09:15:00+05:30 | REJECTED               |       |
+----+---------------------------+------------------------+-------+

+-----------------+---------------------------+----------------------------------+------+
| INST            | timestamp                 | ID                               | TT   |
|-----------------+---------------------------+----------------------------------+------|
| NSE_EQ:RELIANCE | 2023-01-31 10:15:00+05:30 | 366a2698251e4a119f04c094c6b17e82 | SELL |
+-----------------+---------------------------+----------------------------------+------+
+----+---------------------------+------------------------+-------+
|    | TIMESTAMP                 | STATE                  | MSG   |
|----+---------------------------+------------------------+-------|
|  0 | 2023-01-31 10:15:00+05:30 | PUT ORDER REQ RECEIVED |       |
|  1 | 2023-01-31 10:15:00+05:30 | VALIDATION PENDING     |       |
|  2 | 2023-01-31 10:15:00+05:30 | REJECTED               |       |
+----+---------------------------+------------------------+-------+

+-----------------+---------------------------+----------------------------------+------+
| INST            | timestamp                 | ID                               | TT   |
|-----------------+---------------------------+----------------------------------+------|
| NSE_EQ:RELIANCE | 2023-02-01 10:15:00+05:30 | ed3569ece59447f1b7f95a5c707b32b8 | SELL |
+-----------------+---------------------------+----------------------------------+------+
+----+---------------------------+------------------------+-------+
|    | TIMESTAMP                 | STATE                  | MSG   |
|----+---------------------------+------------------------+-------|
|  0 | 2023-02-01 10:15:00+05:30 | PUT ORDER REQ RECEIVED |       |
|  1 | 2023-02-01 10:15:00+05:30 | VALIDATION PENDING     |       |
|  2 | 2023-02-01 10:15:00+05:30 | REJECTED               |       |
+----+---------------------------+------------------------+-------+

+-----------------+---------------------------+----------------------------------+------+
| INST            | timestamp                 | ID                               | TT   |
|-----------------+---------------------------+----------------------------------+------|
| NSE_EQ:RELIANCE | 2023-02-02 10:15:00+05:30 | 4aae7db58ca64e7286965556fae6805e | BUY  |
+-----------------+---------------------------+----------------------------------+------+
+----+---------------------------+------------------------+-------+
|    | TIMESTAMP                 | STATE                  | MSG   |
|----+---------------------------+------------------------+-------|
|  0 | 2023-02-02 10:15:00+05:30 | PUT ORDER REQ RECEIVED |       |
|  1 | 2023-02-02 10:15:00+05:30 | VALIDATION PENDING     |       |
|  2 | 2023-02-02 10:15:00+05:30 | OPEN PENDING           |       |
|  3 | 2023-02-02 10:15:00+05:30 | OPEN                   |       |
|  4 | 2023-02-02 10:15:00+05:30 | COMPLETE               |       |
+----+---------------------------+------------------------+-------+

+-----------------+---------------------------+----------------------------------+------+
| INST            | timestamp                 | ID                               | TT   |
|-----------------+---------------------------+----------------------------------+------|
| NSE_EQ:RELIANCE | 2023-02-02 11:15:00+05:30 | a39ca82b822649ee93c4432fe5778493 | SELL |
+-----------------+---------------------------+----------------------------------+------+
+----+---------------------------+------------------------+-------+
|    | TIMESTAMP                 | STATE                  | MSG   |
|----+---------------------------+------------------------+-------|
|  0 | 2023-02-02 11:15:00+05:30 | PUT ORDER REQ RECEIVED |       |
|  1 | 2023-02-02 11:15:00+05:30 | VALIDATION PENDING     |       |
|  2 | 2023-02-02 11:15:00+05:30 | OPEN PENDING           |       |
|  3 | 2023-02-02 11:15:00+05:30 | OPEN                   |       |
|  4 | 2023-02-02 11:15:00+05:30 | COMPLETE               |       |
+----+---------------------------+------------------------+-------+

+-----------------+---------------------------+----------------------------------+------+
| INST            | timestamp                 | ID                               | TT   |
|-----------------+---------------------------+----------------------------------+------|
| NSE_EQ:RELIANCE | 2023-02-02 11:15:00+05:30 | 319e06a8f0454533b8ec918b72c9c4ba | SELL |
+-----------------+---------------------------+----------------------------------+------+
+----+---------------------------+------------------------+-------+
|    | TIMESTAMP                 | STATE                  | MSG   |
|----+---------------------------+------------------------+-------|
|  0 | 2023-02-02 11:15:00+05:30 | PUT ORDER REQ RECEIVED |       |
|  1 | 2023-02-02 11:15:00+05:30 | VALIDATION PENDING     |       |
|  2 | 2023-02-02 11:15:00+05:30 | REJECTED               |       |
+----+---------------------------+------------------------+-------+

+-----------------+---------------------------+----------------------------------+------+
| INST            | timestamp                 | ID                               | TT   |
|-----------------+---------------------------+----------------------------------+------|
| NSE_EQ:RELIANCE | 2023-02-03 09:15:00+05:30 | 5b983cd7dcc94625b2666a94ff694f08 | SELL |
+-----------------+---------------------------+----------------------------------+------+
+----+---------------------------+------------------------+-------+
|    | TIMESTAMP                 | STATE                  | MSG   |
|----+---------------------------+------------------------+-------|
|  0 | 2023-02-03 09:15:00+05:30 | PUT ORDER REQ RECEIVED |       |
|  1 | 2023-02-03 09:15:00+05:30 | VALIDATION PENDING     |       |
|  2 | 2023-02-03 09:15:00+05:30 | REJECTED               |       |
+----+---------------------------+------------------------+-------+

+-----------------+---------------------------+----------------------------------+------+
| INST            | timestamp                 | ID                               | TT   |
|-----------------+---------------------------+----------------------------------+------|
| NSE_EQ:RELIANCE | 2023-02-06 10:15:00+05:30 | 902502b04ef24e53bb26aa6ae9defd89 | SELL |
+-----------------+---------------------------+----------------------------------+------+
+----+---------------------------+------------------------+-------+
|    | TIMESTAMP                 | STATE                  | MSG   |
|----+---------------------------+------------------------+-------|
|  0 | 2023-02-06 10:15:00+05:30 | PUT ORDER REQ RECEIVED |       |
|  1 | 2023-02-06 10:15:00+05:30 | VALIDATION PENDING     |       |
|  2 | 2023-02-06 10:15:00+05:30 | REJECTED               |       |
+----+---------------------------+------------------------+-------+

+-----------------+---------------------------+----------------------------------+------+
| INST            | timestamp                 | ID                               | TT   |
|-----------------+---------------------------+----------------------------------+------|
| NSE_EQ:RELIANCE | 2023-02-07 09:15:00+05:30 | 780bf7a539d242599209532ad2d08f4f | BUY  |
+-----------------+---------------------------+----------------------------------+------+
+----+---------------------------+------------------------+-------+
|    | TIMESTAMP                 | STATE                  | MSG   |
|----+---------------------------+------------------------+-------|
|  0 | 2023-02-07 09:15:00+05:30 | PUT ORDER REQ RECEIVED |       |
|  1 | 2023-02-07 09:15:00+05:30 | VALIDATION PENDING     |       |
|  2 | 2023-02-07 09:15:00+05:30 | OPEN PENDING           |       |
|  3 | 2023-02-07 09:15:00+05:30 | OPEN                   |       |
|  4 | 2023-02-07 09:15:00+05:30 | COMPLETE               |       |
+----+---------------------------+------------------------+-------+

+-----------------+---------------------------+----------------------------------+------+
| INST            | timestamp                 | ID                               | TT   |
|-----------------+---------------------------+----------------------------------+------|
| NSE_EQ:RELIANCE | 2023-02-07 11:15:00+05:30 | 027615f752f44080b9049b34624519dc | SELL |
+-----------------+---------------------------+----------------------------------+------+
+----+---------------------------+------------------------+-------+
|    | TIMESTAMP                 | STATE                  | MSG   |
|----+---------------------------+------------------------+-------|
|  0 | 2023-02-07 11:15:00+05:30 | PUT ORDER REQ RECEIVED |       |
|  1 | 2023-02-07 11:15:00+05:30 | VALIDATION PENDING     |       |
|  2 | 2023-02-07 11:15:00+05:30 | OPEN PENDING           |       |
|  3 | 2023-02-07 11:15:00+05:30 | OPEN                   |       |
|  4 | 2023-02-07 11:15:00+05:30 | COMPLETE               |       |
+----+---------------------------+------------------------+-------+

+-----------------+---------------------------+----------------------------------+------+
| INST            | timestamp                 | ID                               | TT   |
|-----------------+---------------------------+----------------------------------+------|
| NSE_EQ:RELIANCE | 2023-02-07 11:15:00+05:30 | 81672a3b1fc84e84b6eb3eb8e4e5a778 | SELL |
+-----------------+---------------------------+----------------------------------+------+
+----+---------------------------+------------------------+-------+
|    | TIMESTAMP                 | STATE                  | MSG   |
|----+---------------------------+------------------------+-------|
|  0 | 2023-02-07 11:15:00+05:30 | PUT ORDER REQ RECEIVED |       |
|  1 | 2023-02-07 11:15:00+05:30 | VALIDATION PENDING     |       |
|  2 | 2023-02-07 11:15:00+05:30 | REJECTED               |       |
+----+---------------------------+------------------------+-------+

+-----------------+---------------------------+----------------------------------+------+
| INST            | timestamp                 | ID                               | TT   |
|-----------------+---------------------------+----------------------------------+------|
| NSE_EQ:RELIANCE | 2023-02-08 10:15:00+05:30 | b3afe2d0b12242beab2251e1dc6aee07 | BUY  |
+-----------------+---------------------------+----------------------------------+------+
+----+---------------------------+------------------------+-------+
|    | TIMESTAMP                 | STATE                  | MSG   |
|----+---------------------------+------------------------+-------|
|  0 | 2023-02-08 10:15:00+05:30 | PUT ORDER REQ RECEIVED |       |
|  1 | 2023-02-08 10:15:00+05:30 | VALIDATION PENDING     |       |
|  2 | 2023-02-08 10:15:00+05:30 | OPEN PENDING           |       |
|  3 | 2023-02-08 10:15:00+05:30 | OPEN                   |       |
|  4 | 2023-02-08 10:15:00+05:30 | COMPLETE               |       |
+----+---------------------------+------------------------+-------+

+-----------------+---------------------------+----------------------------------+------+
| INST            | timestamp                 | ID                               | TT   |
|-----------------+---------------------------+----------------------------------+------|
| NSE_EQ:RELIANCE | 2023-02-09 09:15:00+05:30 | f1c56088e7d647e78f902b00975071e1 | BUY  |
+-----------------+---------------------------+----------------------------------+------+
+----+---------------------------+------------------------+-------+
|    | TIMESTAMP                 | STATE                  | MSG   |
|----+---------------------------+------------------------+-------|
|  0 | 2023-02-09 09:15:00+05:30 | PUT ORDER REQ RECEIVED |       |
|  1 | 2023-02-09 09:15:00+05:30 | COMPLETE               |       |
+----+---------------------------+------------------------+-------+

+-----------------+---------------------------+----------------------------------+------+
| INST            | timestamp                 | ID                               | TT   |
|-----------------+---------------------------+----------------------------------+------|
| NSE_EQ:RELIANCE | 2023-02-09 12:15:00+05:30 | cc845b2af30f4d0cac6ca29c6c57c810 | SELL |
+-----------------+---------------------------+----------------------------------+------+
+----+---------------------------+------------------------+-------+
|    | TIMESTAMP                 | STATE                  | MSG   |
|----+---------------------------+------------------------+-------|
|  0 | 2023-02-09 12:15:00+05:30 | PUT ORDER REQ RECEIVED |       |
|  1 | 2023-02-09 12:15:00+05:30 | VALIDATION PENDING     |       |
|  2 | 2023-02-09 12:15:00+05:30 | OPEN PENDING           |       |
|  3 | 2023-02-09 12:15:00+05:30 | OPEN                   |       |
|  4 | 2023-02-09 12:15:00+05:30 | COMPLETE               |       |
+----+---------------------------+------------------------+-------+

+-----------------+---------------------------+----------------------------------+------+
| INST            | timestamp                 | ID                               | TT   |
|-----------------+---------------------------+----------------------------------+------|
| NSE_EQ:RELIANCE | 2023-02-09 12:15:00+05:30 | 512cfaef38494690b4c2d8f76bbc1dad | SELL |
+-----------------+---------------------------+----------------------------------+------+
+----+---------------------------+------------------------+-------+
|    | TIMESTAMP                 | STATE                  | MSG   |
|----+---------------------------+------------------------+-------|
|  0 | 2023-02-09 12:15:00+05:30 | PUT ORDER REQ RECEIVED |       |
|  1 | 2023-02-09 12:15:00+05:30 | VALIDATION PENDING     |       |
|  2 | 2023-02-09 12:15:00+05:30 | REJECTED               |       |
+----+---------------------------+------------------------+-------+

+-----------------+---------------------------+----------------------------------+------+
| INST            | timestamp                 | ID                               | TT   |
|-----------------+---------------------------+----------------------------------+------|
| NSE_EQ:RELIANCE | 2023-02-10 09:15:00+05:30 | e98325ddf8a246a0af6b1528771951b7 | SELL |
+-----------------+---------------------------+----------------------------------+------+
+----+---------------------------+------------------------+-------+
|    | TIMESTAMP                 | STATE                  | MSG   |
|----+---------------------------+------------------------+-------|
|  0 | 2023-02-10 09:15:00+05:30 | PUT ORDER REQ RECEIVED |       |
|  1 | 2023-02-10 09:15:00+05:30 | VALIDATION PENDING     |       |
|  2 | 2023-02-10 09:15:00+05:30 | REJECTED               |       |
+----+---------------------------+------------------------+-------+

+-----------------+---------------------------+----------------------------------+------+
| INST            | timestamp                 | ID                               | TT   |
|-----------------+---------------------------+----------------------------------+------|
| NSE_EQ:RELIANCE | 2023-02-13 10:15:00+05:30 | 5c193a80059f49edaca5ddf9f2e1e9d7 | SELL |
+-----------------+---------------------------+----------------------------------+------+
+----+---------------------------+------------------------+-------+
|    | TIMESTAMP                 | STATE                  | MSG   |
|----+---------------------------+------------------------+-------|
|  0 | 2023-02-13 10:15:00+05:30 | PUT ORDER REQ RECEIVED |       |
|  1 | 2023-02-13 10:15:00+05:30 | VALIDATION PENDING     |       |
|  2 | 2023-02-13 10:15:00+05:30 | REJECTED               |       |
+----+---------------------------+------------------------+-------+

+-----------------+---------------------------+----------------------------------+------+
| INST            | timestamp                 | ID                               | TT   |
|-----------------+---------------------------+----------------------------------+------|
| NSE_EQ:RELIANCE | 2023-02-14 09:15:00+05:30 | 9a1baf1bbd1b4f21b4092cf9afb2a426 | BUY  |
+-----------------+---------------------------+----------------------------------+------+
+----+---------------------------+------------------------+-------+
|    | TIMESTAMP                 | STATE                  | MSG   |
|----+---------------------------+------------------------+-------|
|  0 | 2023-02-14 09:15:00+05:30 | PUT ORDER REQ RECEIVED |       |
|  1 | 2023-02-14 09:15:00+05:30 | VALIDATION PENDING     |       |
|  2 | 2023-02-14 09:15:00+05:30 | OPEN PENDING           |       |
|  3 | 2023-02-14 09:15:00+05:30 | OPEN                   |       |
|  4 | 2023-02-14 09:15:00+05:30 | COMPLETE               |       |
+----+---------------------------+------------------------+-------+

+-----------------+---------------------------+----------------------------------+------+
| INST            | timestamp                 | ID                               | TT   |
|-----------------+---------------------------+----------------------------------+------|
| NSE_EQ:RELIANCE | 2023-02-15 09:15:00+05:30 | 74995a68eede48cf9e8c786f714f4b8c | BUY  |
+-----------------+---------------------------+----------------------------------+------+
+----+---------------------------+------------------------+-------+
|    | TIMESTAMP                 | STATE                  | MSG   |
|----+---------------------------+------------------------+-------|
|  0 | 2023-02-15 09:15:00+05:30 | PUT ORDER REQ RECEIVED |       |
|  1 | 2023-02-15 09:15:00+05:30 | COMPLETE               |       |
+----+---------------------------+------------------------+-------+

+-----------------+---------------------------+----------------------------------+------+
| INST            | timestamp                 | ID                               | TT   |
|-----------------+---------------------------+----------------------------------+------|
| NSE_EQ:RELIANCE | 2023-02-16 09:15:00+05:30 | 3349ad58c2a24f6aa4cb09b82d55df7b | BUY  |
+-----------------+---------------------------+----------------------------------+------+
+----+---------------------------+------------------------+-------+
|    | TIMESTAMP                 | STATE                  | MSG   |
|----+---------------------------+------------------------+-------|
|  0 | 2023-02-16 09:15:00+05:30 | PUT ORDER REQ RECEIVED |       |
|  1 | 2023-02-16 09:15:00+05:30 | COMPLETE               |       |
+----+---------------------------+------------------------+-------+

+-----------------+---------------------------+----------------------------------+------+
| INST            | timestamp                 | ID                               | TT   |
|-----------------+---------------------------+----------------------------------+------|
| NSE_EQ:RELIANCE | 2023-02-16 11:15:00+05:30 | 2eab2a3117474abe92b522f420ad6fdc | SELL |
+-----------------+---------------------------+----------------------------------+------+
+----+---------------------------+------------------------+-------+
|    | TIMESTAMP                 | STATE                  | MSG   |
|----+---------------------------+------------------------+-------|
|  0 | 2023-02-16 11:15:00+05:30 | PUT ORDER REQ RECEIVED |       |
|  1 | 2023-02-16 11:15:00+05:30 | VALIDATION PENDING     |       |
|  2 | 2023-02-16 11:15:00+05:30 | OPEN PENDING           |       |
|  3 | 2023-02-16 11:15:00+05:30 | OPEN                   |       |
|  4 | 2023-02-16 11:15:00+05:30 | COMPLETE               |       |
+----+---------------------------+------------------------+-------+

+-----------------+---------------------------+----------------------------------+------+
| INST            | timestamp                 | ID                               | TT   |
|-----------------+---------------------------+----------------------------------+------|
| NSE_EQ:RELIANCE | 2023-02-16 11:15:00+05:30 | f45d2612cc404e39a9ac757195206bb0 | SELL |
+-----------------+---------------------------+----------------------------------+------+
+----+---------------------------+------------------------+-------+
|    | TIMESTAMP                 | STATE                  | MSG   |
|----+---------------------------+------------------------+-------|
|  0 | 2023-02-16 11:15:00+05:30 | PUT ORDER REQ RECEIVED |       |
|  1 | 2023-02-16 11:15:00+05:30 | VALIDATION PENDING     |       |
|  2 | 2023-02-16 11:15:00+05:30 | REJECTED               |       |
+----+---------------------------+------------------------+-------+

+-----------------+---------------------------+----------------------------------+------+
| INST            | timestamp                 | ID                               | TT   |
|-----------------+---------------------------+----------------------------------+------|
| NSE_EQ:RELIANCE | 2023-02-17 10:15:00+05:30 | 297b914f70fc4e98810cd8518e22f973 | BUY  |
+-----------------+---------------------------+----------------------------------+------+
+----+---------------------------+------------------------+-------+
|    | TIMESTAMP                 | STATE                  | MSG   |
|----+---------------------------+------------------------+-------|
|  0 | 2023-02-17 10:15:00+05:30 | PUT ORDER REQ RECEIVED |       |
|  1 | 2023-02-17 10:15:00+05:30 | VALIDATION PENDING     |       |
|  2 | 2023-02-17 10:15:00+05:30 | OPEN PENDING           |       |
|  3 | 2023-02-17 10:15:00+05:30 | OPEN                   |       |
|  4 | 2023-02-17 10:15:00+05:30 | COMPLETE               |       |
+----+---------------------------+------------------------+-------+

+-----------------+---------------------------+----------------------------------+------+
| INST            | timestamp                 | ID                               | TT   |
|-----------------+---------------------------+----------------------------------+------|
| NSE_EQ:RELIANCE | 2023-02-17 11:15:00+05:30 | fe795ca2f6a246d49ced2f62baa14928 | SELL |
+-----------------+---------------------------+----------------------------------+------+
+----+---------------------------+------------------------+-------+
|    | TIMESTAMP                 | STATE                  | MSG   |
|----+---------------------------+------------------------+-------|
|  0 | 2023-02-17 11:15:00+05:30 | PUT ORDER REQ RECEIVED |       |
|  1 | 2023-02-17 11:15:00+05:30 | VALIDATION PENDING     |       |
|  2 | 2023-02-17 11:15:00+05:30 | OPEN PENDING           |       |
|  3 | 2023-02-17 11:15:00+05:30 | OPEN                   |       |
|  4 | 2023-02-17 11:15:00+05:30 | COMPLETE               |       |
+----+---------------------------+------------------------+-------+

+-----------------+---------------------------+----------------------------------+------+
| INST            | timestamp                 | ID                               | TT   |
|-----------------+---------------------------+----------------------------------+------|
| NSE_EQ:RELIANCE | 2023-02-17 11:15:00+05:30 | 72a58033c87942d9a971651cc48c5e24 | SELL |
+-----------------+---------------------------+----------------------------------+------+
+----+---------------------------+------------------------+-------+
|    | TIMESTAMP                 | STATE                  | MSG   |
|----+---------------------------+------------------------+-------|
|  0 | 2023-02-17 11:15:00+05:30 | PUT ORDER REQ RECEIVED |       |
|  1 | 2023-02-17 11:15:00+05:30 | VALIDATION PENDING     |       |
|  2 | 2023-02-17 11:15:00+05:30 | REJECTED               |       |
+----+---------------------------+------------------------+-------+

+-----------------+---------------------------+----------------------------------+------+
| INST            | timestamp                 | ID                               | TT   |
|-----------------+---------------------------+----------------------------------+------|
| NSE_EQ:RELIANCE | 2023-02-20 10:15:00+05:30 | 5e232b9a4048436fa7d27be06cd6d0cd | SELL |
+-----------------+---------------------------+----------------------------------+------+
+----+---------------------------+------------------------+-------+
|    | TIMESTAMP                 | STATE                  | MSG   |
|----+---------------------------+------------------------+-------|
|  0 | 2023-02-20 10:15:00+05:30 | PUT ORDER REQ RECEIVED |       |
|  1 | 2023-02-20 10:15:00+05:30 | VALIDATION PENDING     |       |
|  2 | 2023-02-20 10:15:00+05:30 | REJECTED               |       |
+----+---------------------------+------------------------+-------+

+-----------------+---------------------------+----------------------------------+------+
| INST            | timestamp                 | ID                               | TT   |
|-----------------+---------------------------+----------------------------------+------|
| NSE_EQ:RELIANCE | 2023-02-21 11:15:00+05:30 | 8fb22283b46a4b7faffdee4ebec8e623 | BUY  |
+-----------------+---------------------------+----------------------------------+------+
+----+---------------------------+------------------------+-------+
|    | TIMESTAMP                 | STATE                  | MSG   |
|----+---------------------------+------------------------+-------|
|  0 | 2023-02-21 11:15:00+05:30 | PUT ORDER REQ RECEIVED |       |
|  1 | 2023-02-21 11:15:00+05:30 | VALIDATION PENDING     |       |
|  2 | 2023-02-21 11:15:00+05:30 | OPEN PENDING           |       |
|  3 | 2023-02-21 11:15:00+05:30 | OPEN                   |       |
|  4 | 2023-02-21 11:15:00+05:30 | COMPLETE               |       |
+----+---------------------------+------------------------+-------+

+-----------------+---------------------------+----------------------------------+------+
| INST            | timestamp                 | ID                               | TT   |
|-----------------+---------------------------+----------------------------------+------|
| NSE_EQ:RELIANCE | 2023-02-21 12:15:00+05:30 | 4ce9b8428d7645de983f5facf188170d | SELL |
+-----------------+---------------------------+----------------------------------+------+
+----+---------------------------+------------------------+-------+
|    | TIMESTAMP                 | STATE                  | MSG   |
|----+---------------------------+------------------------+-------|
|  0 | 2023-02-21 12:15:00+05:30 | PUT ORDER REQ RECEIVED |       |
|  1 | 2023-02-21 12:15:00+05:30 | VALIDATION PENDING     |       |
|  2 | 2023-02-21 12:15:00+05:30 | OPEN PENDING           |       |
|  3 | 2023-02-21 12:15:00+05:30 | OPEN                   |       |
|  4 | 2023-02-21 12:15:00+05:30 | COMPLETE               |       |
+----+---------------------------+------------------------+-------+

+-----------------+---------------------------+----------------------------------+------+
| INST            | timestamp                 | ID                               | TT   |
|-----------------+---------------------------+----------------------------------+------|
| NSE_EQ:RELIANCE | 2023-02-21 12:15:00+05:30 | 5c5608ef005a4d62ae27147051e56105 | SELL |
+-----------------+---------------------------+----------------------------------+------+
+----+---------------------------+------------------------+-------+
|    | TIMESTAMP                 | STATE                  | MSG   |
|----+---------------------------+------------------------+-------|
|  0 | 2023-02-21 12:15:00+05:30 | PUT ORDER REQ RECEIVED |       |
|  1 | 2023-02-21 12:15:00+05:30 | VALIDATION PENDING     |       |
|  2 | 2023-02-21 12:15:00+05:30 | REJECTED               |       |
+----+---------------------------+------------------------+-------+

+-----------------+---------------------------+----------------------------------+------+
| INST            | timestamp                 | ID                               | TT   |
|-----------------+---------------------------+----------------------------------+------|
| NSE_EQ:RELIANCE | 2023-02-22 10:15:00+05:30 | 4e3b37cbb53b402792a368d11c8f227e | SELL |
+-----------------+---------------------------+----------------------------------+------+
+----+---------------------------+------------------------+-------+
|    | TIMESTAMP                 | STATE                  | MSG   |
|----+---------------------------+------------------------+-------|
|  0 | 2023-02-22 10:15:00+05:30 | PUT ORDER REQ RECEIVED |       |
|  1 | 2023-02-22 10:15:00+05:30 | VALIDATION PENDING     |       |
|  2 | 2023-02-22 10:15:00+05:30 | REJECTED               |       |
+----+---------------------------+------------------------+-------+

+-----------------+---------------------------+----------------------------------+------+
| INST            | timestamp                 | ID                               | TT   |
|-----------------+---------------------------+----------------------------------+------|
| NSE_EQ:RELIANCE | 2023-02-23 10:15:00+05:30 | fea6fb156c1b45498e2c108a89b7caa6 | BUY  |
+-----------------+---------------------------+----------------------------------+------+
+----+---------------------------+------------------------+-------+
|    | TIMESTAMP                 | STATE                  | MSG   |
|----+---------------------------+------------------------+-------|
|  0 | 2023-02-23 10:15:00+05:30 | PUT ORDER REQ RECEIVED |       |
|  1 | 2023-02-23 10:15:00+05:30 | VALIDATION PENDING     |       |
|  2 | 2023-02-23 10:15:00+05:30 | OPEN PENDING           |       |
|  3 | 2023-02-23 10:15:00+05:30 | OPEN                   |       |
|  4 | 2023-02-23 10:15:00+05:30 | COMPLETE               |       |
+----+---------------------------+------------------------+-------+

+-----------------+---------------------------+----------------------------------+------+
| INST            | timestamp                 | ID                               | TT   |
|-----------------+---------------------------+----------------------------------+------|
| NSE_EQ:RELIANCE | 2023-02-24 09:15:00+05:30 | 97bfb9f44df8441d92e5e159e63db29e | BUY  |
+-----------------+---------------------------+----------------------------------+------+
+----+---------------------------+------------------------+-------+
|    | TIMESTAMP                 | STATE                  | MSG   |
|----+---------------------------+------------------------+-------|
|  0 | 2023-02-24 09:15:00+05:30 | PUT ORDER REQ RECEIVED |       |
|  1 | 2023-02-24 09:15:00+05:30 | COMPLETE               |       |
+----+---------------------------+------------------------+-------+

+-----------------+---------------------------+----------------------------------+------+
| INST            | timestamp                 | ID                               | TT   |
|-----------------+---------------------------+----------------------------------+------|
| NSE_EQ:RELIANCE | 2023-02-24 10:15:00+05:30 | afd167baf1f04253a2b32722089bda17 | SELL |
+-----------------+---------------------------+----------------------------------+------+
+----+---------------------------+------------------------+-------+
|    | TIMESTAMP                 | STATE                  | MSG   |
|----+---------------------------+------------------------+-------|
|  0 | 2023-02-24 10:15:00+05:30 | PUT ORDER REQ RECEIVED |       |
|  1 | 2023-02-24 10:15:00+05:30 | VALIDATION PENDING     |       |
|  2 | 2023-02-24 10:15:00+05:30 | OPEN PENDING           |       |
|  3 | 2023-02-24 10:15:00+05:30 | OPEN                   |       |
|  4 | 2023-02-24 10:15:00+05:30 | COMPLETE               |       |
+----+---------------------------+------------------------+-------+

+-----------------+---------------------------+----------------------------------+------+
| INST            | timestamp                 | ID                               | TT   |
|-----------------+---------------------------+----------------------------------+------|
| NSE_EQ:RELIANCE | 2023-02-24 10:15:00+05:30 | 580f6bc4bdf9423aa5a55a85b02715e6 | BUY  |
+-----------------+---------------------------+----------------------------------+------+
+----+---------------------------+------------------------+-------+
|    | TIMESTAMP                 | STATE                  | MSG   |
|----+---------------------------+------------------------+-------|
|  0 | 2023-02-24 10:15:00+05:30 | PUT ORDER REQ RECEIVED |       |
|  1 | 2023-02-24 10:15:00+05:30 | VALIDATION PENDING     |       |
|  2 | 2023-02-24 10:15:00+05:30 | OPEN PENDING           |       |
|  3 | 2023-02-24 10:15:00+05:30 | OPEN                   |       |
|  4 | 2023-02-24 10:15:00+05:30 | COMPLETE               |       |
+----+---------------------------+------------------------+-------+

+-----------------+---------------------------+----------------------------------+------+
| INST            | timestamp                 | ID                               | TT   |
|-----------------+---------------------------+----------------------------------+------|
| NSE_EQ:RELIANCE | 2023-02-24 12:15:00+05:30 | a9f49619ccd94f2492750052645eea90 | SELL |
+-----------------+---------------------------+----------------------------------+------+
+----+---------------------------+------------------------+-------+
|    | TIMESTAMP                 | STATE                  | MSG   |
|----+---------------------------+------------------------+-------|
|  0 | 2023-02-24 12:15:00+05:30 | PUT ORDER REQ RECEIVED |       |
|  1 | 2023-02-24 12:15:00+05:30 | VALIDATION PENDING     |       |
|  2 | 2023-02-24 12:15:00+05:30 | OPEN PENDING           |       |
|  3 | 2023-02-24 12:15:00+05:30 | OPEN                   |       |
|  4 | 2023-02-24 12:15:00+05:30 | COMPLETE               |       |
+----+---------------------------+------------------------+-------+

+-----------------+---------------------------+----------------------------------+------+
| INST            | timestamp                 | ID                               | TT   |
|-----------------+---------------------------+----------------------------------+------|
| NSE_EQ:RELIANCE | 2023-02-24 12:15:00+05:30 | 4b077ccb75224f94a0aec335aef6de4a | SELL |
+-----------------+---------------------------+----------------------------------+------+
+----+---------------------------+------------------------+-------+
|    | TIMESTAMP                 | STATE                  | MSG   |
|----+---------------------------+------------------------+-------|
|  0 | 2023-02-24 12:15:00+05:30 | PUT ORDER REQ RECEIVED |       |
|  1 | 2023-02-24 12:15:00+05:30 | VALIDATION PENDING     |       |
|  2 | 2023-02-24 12:15:00+05:30 | REJECTED               |       |
+----+---------------------------+------------------------+-------+

+-----------------+---------------------------+----------------------------------+------+
| INST            | timestamp                 | ID                               | TT   |
|-----------------+---------------------------+----------------------------------+------|
| NSE_EQ:RELIANCE | 2023-02-27 10:15:00+05:30 | c64851c0a5e846898dd36c55a5d78716 | SELL |
+-----------------+---------------------------+----------------------------------+------+
+----+---------------------------+------------------------+-------+
|    | TIMESTAMP                 | STATE                  | MSG   |
|----+---------------------------+------------------------+-------|
|  0 | 2023-02-27 10:15:00+05:30 | PUT ORDER REQ RECEIVED |       |
|  1 | 2023-02-27 10:15:00+05:30 | VALIDATION PENDING     |       |
|  2 | 2023-02-27 10:15:00+05:30 | REJECTED               |       |
+----+---------------------------+------------------------+-------+

+-----------------+---------------------------+----------------------------------+------+
| INST            | timestamp                 | ID                               | TT   |
|-----------------+---------------------------+----------------------------------+------|
| NSE_EQ:RELIANCE | 2023-02-28 10:15:00+05:30 | 149de1c24d6d440a9cebbd791f1e5742 | SELL |
+-----------------+---------------------------+----------------------------------+------+
+----+---------------------------+------------------------+-------+
|    | TIMESTAMP                 | STATE                  | MSG   |
|----+---------------------------+------------------------+-------|
|  0 | 2023-02-28 10:15:00+05:30 | PUT ORDER REQ RECEIVED |       |
|  1 | 2023-02-28 10:15:00+05:30 | VALIDATION PENDING     |       |
|  2 | 2023-02-28 10:15:00+05:30 | REJECTED               |       |
+----+---------------------------+------------------------+-------+