

+-----------------+---------------------------+----------------------------------+------+
| INST            | timestamp                 | ID                               | TT   |
|-----------------+---------------------------+----------------------------------+------|
| NSE_EQ:HINDALCO | 2023-01-03 11:15:00+05:30 | 7b22074159174bb99c2fb03fcacf47de | SELL |
+-----------------+---------------------------+----------------------------------+------+
+----+---------------------------+------------------------+-------+
|    | TIMESTAMP                 | STATE                  | MSG   |
|----+---------------------------+------------------------+-------|
|  0 | 2023-01-03 11:15:00+05:30 | PUT ORDER REQ RECEIVED |       |
|  1 | 2023-01-03 11:15:00+05:30 | VALIDATION PENDING     |       |
|  2 | 2023-01-03 11:15:00+05:30 | OPEN PENDING           |       |
|  3 | 2023-01-03 11:15:00+05:30 | OPEN                   |       |
|  4 | 2023-01-03 11:15:00+05:30 | COMPLETE               |       |
+----+---------------------------+------------------------+-------+

+-----------------+---------------------------+----------------------------------+------+
| INST            | timestamp                 | ID                               | TT   |
|-----------------+---------------------------+----------------------------------+------|
| NSE_EQ:HINDALCO | 2023-01-03 15:30:00+05:30 | b0c1ff90d676471cb59a5c76bc96f352 | BUY  |
+-----------------+---------------------------+----------------------------------+------+
+----+---------------------------+------------------------+-------+
|    | TIMESTAMP                 | STATE                  | MSG   |
|----+---------------------------+------------------------+-------|
|  0 | 2023-01-03 15:30:00+05:30 | PUT ORDER REQ RECEIVED |       |
|  1 | 2023-01-03 15:30:00+05:30 | VALIDATION PENDING     |       |
|  2 | 2023-01-03 15:30:00+05:30 | OPEN PENDING           |       |
|  3 | 2023-01-03 15:30:00+05:30 | OPEN                   |       |
|  4 | 2023-01-03 15:30:00+05:30 | COMPLETE               |       |
+----+---------------------------+------------------------+-------+

+-----------------+---------------------------+----------------------------------+------+
| INST            | timestamp                 | ID                               | TT   |
|-----------------+---------------------------+----------------------------------+------|
| NSE_EQ:HINDALCO | 2023-01-06 15:15:00+05:30 | 23aff1b16c564daf901c9870720d8714 | SELL |
+-----------------+---------------------------+----------------------------------+------+
+----+---------------------------+------------------------+-------+
|    | TIMESTAMP                 | STATE                  | MSG   |
|----+---------------------------+------------------------+-------|
|  0 | 2023-01-06 15:15:00+05:30 | PUT ORDER REQ RECEIVED |       |
|  1 | 2023-01-06 15:15:00+05:30 | VALIDATION PENDING     |       |
|  2 | 2023-01-06 15:15:00+05:30 | OPEN PENDING           |       |
|  3 | 2023-01-06 15:15:00+05:30 | OPEN                   |       |
|  4 | 2023-01-06 15:15:00+05:30 | COMPLETE               |       |
+----+---------------------------+------------------------+-------+

+-----------------+---------------------------+----------------------------------+------+
| INST            | timestamp                 | ID                               | TT   |
|-----------------+---------------------------+----------------------------------+------|
| NSE_EQ:HINDALCO | 2023-01-06 15:30:00+05:30 | 7250c494c67940369e21a9009f02bd55 | BUY  |
+-----------------+---------------------------+----------------------------------+------+
+----+---------------------------+------------------------+-------+
|    | TIMESTAMP                 | STATE                  | MSG   |
|----+---------------------------+------------------------+-------|
|  0 | 2023-01-06 15:30:00+05:30 | PUT ORDER REQ RECEIVED |       |
|  1 | 2023-01-06 15:30:00+05:30 | VALIDATION PENDING     |       |
|  2 | 2023-01-06 15:30:00+05:30 | OPEN PENDING           |       |
|  3 | 2023-01-06 15:30:00+05:30 | OPEN                   |       |
|  4 | 2023-01-06 15:30:00+05:30 | COMPLETE               |       |
+----+---------------------------+------------------------+-------+

+-----------------+---------------------------+----------------------------------+------+
| INST            | timestamp                 | ID                               | TT   |
|-----------------+---------------------------+----------------------------------+------|
| NSE_EQ:HINDALCO | 2023-01-11 11:15:00+05:30 | ee9a513a441343f9accdb5c07719d4e3 | BUY  |
+-----------------+---------------------------+----------------------------------+------+
+----+---------------------------+------------------------+-------+
|    | TIMESTAMP                 | STATE                  | MSG   |
|----+---------------------------+------------------------+-------|
|  0 | 2023-01-11 11:15:00+05:30 | PUT ORDER REQ RECEIVED |       |
|  1 | 2023-01-11 11:15:00+05:30 | VALIDATION PENDING     |       |
|  2 | 2023-01-11 11:15:00+05:30 | OPEN PENDING           |       |
|  3 | 2023-01-11 11:15:00+05:30 | OPEN                   |       |
|  4 | 2023-01-11 11:15:00+05:30 | COMPLETE               |       |
+----+---------------------------+------------------------+-------+

+-----------------+---------------------------+----------------------------------+------+
| INST            | timestamp                 | ID                               | TT   |
|-----------------+---------------------------+----------------------------------+------|
| NSE_EQ:HINDALCO | 2023-01-11 15:30:00+05:30 | 1a1cc6d416764373a35270e110008295 | SELL |
+-----------------+---------------------------+----------------------------------+------+
+----+---------------------------+------------------------+-------+
|    | TIMESTAMP                 | STATE                  | MSG   |
|----+---------------------------+------------------------+-------|
|  0 | 2023-01-11 15:30:00+05:30 | PUT ORDER REQ RECEIVED |       |
|  1 | 2023-01-11 15:30:00+05:30 | VALIDATION PENDING     |       |
|  2 | 2023-01-11 15:30:00+05:30 | OPEN PENDING           |       |
|  3 | 2023-01-11 15:30:00+05:30 | OPEN                   |       |
|  4 | 2023-01-11 15:30:00+05:30 | COMPLETE               |       |
+----+---------------------------+------------------------+-------+

+-----------------+---------------------------+----------------------------------+------+
| INST            | timestamp                 | ID                               | TT   |
|-----------------+---------------------------+----------------------------------+------|
| NSE_EQ:HINDALCO | 2023-01-13 15:15:00+05:30 | c1f88c3f403d4fdfadaa4dcb7371afea | BUY  |
+-----------------+---------------------------+----------------------------------+------+
+----+---------------------------+------------------------+-------+
|    | TIMESTAMP                 | STATE                  | MSG   |
|----+---------------------------+------------------------+-------|
|  0 | 2023-01-13 15:15:00+05:30 | PUT ORDER REQ RECEIVED |       |
|  1 | 2023-01-13 15:15:00+05:30 | VALIDATION PENDING     |       |
|  2 | 2023-01-13 15:15:00+05:30 | OPEN PENDING           |       |
|  3 | 2023-01-13 15:15:00+05:30 | OPEN                   |       |
|  4 | 2023-01-13 15:15:00+05:30 | COMPLETE               |       |
+----+---------------------------+------------------------+-------+

+-----------------+---------------------------+----------------------------------+------+
| INST            | timestamp                 | ID                               | TT   |
|-----------------+---------------------------+----------------------------------+------|
| NSE_EQ:HINDALCO | 2023-01-13 15:30:00+05:30 | f2af2233953d48df83ab2a92a3214778 | SELL |
+-----------------+---------------------------+----------------------------------+------+
+----+---------------------------+------------------------+-------+
|    | TIMESTAMP                 | STATE                  | MSG   |
|----+---------------------------+------------------------+-------|
|  0 | 2023-01-13 15:30:00+05:30 | PUT ORDER REQ RECEIVED |       |
|  1 | 2023-01-13 15:30:00+05:30 | VALIDATION PENDING     |       |
|  2 | 2023-01-13 15:30:00+05:30 | OPEN PENDING           |       |
|  3 | 2023-01-13 15:30:00+05:30 | OPEN                   |       |
|  4 | 2023-01-13 15:30:00+05:30 | COMPLETE               |       |
+----+---------------------------+------------------------+-------+

+-----------------+---------------------------+----------------------------------+------+
| INST            | timestamp                 | ID                               | TT   |
|-----------------+---------------------------+----------------------------------+------|
| NSE_EQ:HINDALCO | 2023-01-19 14:15:00+05:30 | a3f5c37eb0ec43f897476181f69958b4 | BUY  |
+-----------------+---------------------------+----------------------------------+------+
+----+---------------------------+------------------------+-------+
|    | TIMESTAMP                 | STATE                  | MSG   |
|----+---------------------------+------------------------+-------|
|  0 | 2023-01-19 14:15:00+05:30 | PUT ORDER REQ RECEIVED |       |
|  1 | 2023-01-19 14:15:00+05:30 | VALIDATION PENDING     |       |
|  2 | 2023-01-19 14:15:00+05:30 | OPEN PENDING           |       |
|  3 | 2023-01-19 14:15:00+05:30 | OPEN                   |       |
|  4 | 2023-01-19 14:15:00+05:30 | COMPLETE               |       |
+----+---------------------------+------------------------+-------+

+-----------------+---------------------------+----------------------------------+------+
| INST            | timestamp                 | ID                               | TT   |
|-----------------+---------------------------+----------------------------------+------|
| NSE_EQ:HINDALCO | 2023-01-19 15:30:00+05:30 | 8f9e24a671cb42bc8eafb1668974ef3c | SELL |
+-----------------+---------------------------+----------------------------------+------+
+----+---------------------------+------------------------+-------+
|    | TIMESTAMP                 | STATE                  | MSG   |
|----+---------------------------+------------------------+-------|
|  0 | 2023-01-19 15:30:00+05:30 | PUT ORDER REQ RECEIVED |       |
|  1 | 2023-01-19 15:30:00+05:30 | VALIDATION PENDING     |       |
|  2 | 2023-01-19 15:30:00+05:30 | OPEN PENDING           |       |
|  3 | 2023-01-19 15:30:00+05:30 | OPEN                   |       |
|  4 | 2023-01-19 15:30:00+05:30 | COMPLETE               |       |
+----+---------------------------+------------------------+-------+

+-----------------+---------------------------+----------------------------------+------+
| INST            | timestamp                 | ID                               | TT   |
|-----------------+---------------------------+----------------------------------+------|
| NSE_EQ:HINDALCO | 2023-01-24 11:15:00+05:30 | eed80c26d2d947d2bd01da648536f4c8 | SELL |
+-----------------+---------------------------+----------------------------------+------+
+----+---------------------------+------------------------+-------+
|    | TIMESTAMP                 | STATE                  | MSG   |
|----+---------------------------+------------------------+-------|
|  0 | 2023-01-24 11:15:00+05:30 | PUT ORDER REQ RECEIVED |       |
|  1 | 2023-01-24 11:15:00+05:30 | VALIDATION PENDING     |       |
|  2 | 2023-01-24 11:15:00+05:30 | OPEN PENDING           |       |
|  3 | 2023-01-24 11:15:00+05:30 | OPEN                   |       |
|  4 | 2023-01-24 11:15:00+05:30 | COMPLETE               |       |
+----+---------------------------+------------------------+-------+

+-----------------+---------------------------+----------------------------------+------+
| INST            | timestamp                 | ID                               | TT   |
|-----------------+---------------------------+----------------------------------+------|
| NSE_EQ:HINDALCO | 2023-01-24 15:30:00+05:30 | 82eb5880283e45ec813f0ead5270323b | BUY  |
+-----------------+---------------------------+----------------------------------+------+
+----+---------------------------+------------------------+-------+
|    | TIMESTAMP                 | STATE                  | MSG   |
|----+---------------------------+------------------------+-------|
|  0 | 2023-01-24 15:30:00+05:30 | PUT ORDER REQ RECEIVED |       |
|  1 | 2023-01-24 15:30:00+05:30 | VALIDATION PENDING     |       |
|  2 | 2023-01-24 15:30:00+05:30 | OPEN PENDING           |       |
|  3 | 2023-01-24 15:30:00+05:30 | OPEN                   |       |
|  4 | 2023-01-24 15:30:00+05:30 | COMPLETE               |       |
+----+---------------------------+------------------------+-------+

+-----------------+---------------------------+----------------------------------+------+
| INST            | timestamp                 | ID                               | TT   |
|-----------------+---------------------------+----------------------------------+------|
| NSE_EQ:HINDALCO | 2023-01-27 09:15:00+05:30 | f22be06a94814099a55f7d22e41a0ec0 | BUY  |
+-----------------+---------------------------+----------------------------------+------+
+----+---------------------------+------------------------+-------+
|    | TIMESTAMP                 | STATE                  | MSG   |
|----+---------------------------+------------------------+-------|
|  0 | 2023-01-27 09:15:00+05:30 | PUT ORDER REQ RECEIVED |       |
|  1 | 2023-01-27 09:15:00+05:30 | VALIDATION PENDING     |       |
|  2 | 2023-01-27 09:15:00+05:30 | OPEN PENDING           |       |
|  3 | 2023-01-27 09:15:00+05:30 | OPEN                   |       |
|  4 | 2023-01-27 09:15:00+05:30 | COMPLETE               |       |
+----+---------------------------+------------------------+-------+

+-----------------+---------------------------+----------------------------------+------+
| INST            | timestamp                 | ID                               | TT   |
|-----------------+---------------------------+----------------------------------+------|
| NSE_EQ:HINDALCO | 2023-01-27 11:15:00+05:30 | fe27aa4a49b54def9ba85385a656fd2b | SELL |
+-----------------+---------------------------+----------------------------------+------+
+----+---------------------------+------------------------+-------+
|    | TIMESTAMP                 | STATE                  | MSG   |
|----+---------------------------+------------------------+-------|
|  0 | 2023-01-27 11:15:00+05:30 | PUT ORDER REQ RECEIVED |       |
|  1 | 2023-01-27 11:15:00+05:30 | VALIDATION PENDING     |       |
|  2 | 2023-01-27 11:15:00+05:30 | OPEN PENDING           |       |
|  3 | 2023-01-27 11:15:00+05:30 | OPEN                   |       |
|  4 | 2023-01-27 11:15:00+05:30 | COMPLETE               |       |
+----+---------------------------+------------------------+-------+

+-----------------+---------------------------+----------------------------------+------+
| INST            | timestamp                 | ID                               | TT   |
|-----------------+---------------------------+----------------------------------+------|
| NSE_EQ:HINDALCO | 2023-01-27 11:15:00+05:30 | 92d38a5aee9b46c19d46992a7d3317aa | SELL |
+-----------------+---------------------------+----------------------------------+------+
+----+---------------------------+------------------------+-------+
|    | TIMESTAMP                 | STATE                  | MSG   |
|----+---------------------------+------------------------+-------|
|  0 | 2023-01-27 11:15:00+05:30 | PUT ORDER REQ RECEIVED |       |
|  1 | 2023-01-27 11:15:00+05:30 | VALIDATION PENDING     |       |
|  2 | 2023-01-27 11:15:00+05:30 | OPEN PENDING           |       |
|  3 | 2023-01-27 11:15:00+05:30 | OPEN                   |       |
|  4 | 2023-01-27 11:15:00+05:30 | COMPLETE               |       |
+----+---------------------------+------------------------+-------+

+-----------------+---------------------------+----------------------------------+------+
| INST            | timestamp                 | ID                               | TT   |
|-----------------+---------------------------+----------------------------------+------|
| NSE_EQ:HINDALCO | 2023-01-27 15:30:00+05:30 | 041c80b9f52047ffbcfd078c3a721ac2 | BUY  |
+-----------------+---------------------------+----------------------------------+------+
+----+---------------------------+------------------------+-------+
|    | TIMESTAMP                 | STATE                  | MSG   |
|----+---------------------------+------------------------+-------|
|  0 | 2023-01-27 15:30:00+05:30 | PUT ORDER REQ RECEIVED |       |
|  1 | 2023-01-27 15:30:00+05:30 | VALIDATION PENDING     |       |
|  2 | 2023-01-27 15:30:00+05:30 | OPEN PENDING           |       |
|  3 | 2023-01-27 15:30:00+05:30 | OPEN                   |       |
|  4 | 2023-01-27 15:30:00+05:30 | COMPLETE               |       |
+----+---------------------------+------------------------+-------+

+-----------------+---------------------------+----------------------------------+------+
| INST            | timestamp                 | ID                               | TT   |
|-----------------+---------------------------+----------------------------------+------|
| NSE_EQ:HINDALCO | 2023-01-30 11:15:00+05:30 | bf323e4d088f4a7588f3c3ad6c677bbd | SELL |
+-----------------+---------------------------+----------------------------------+------+
+----+---------------------------+------------------------+-------+
|    | TIMESTAMP                 | STATE                  | MSG   |
|----+---------------------------+------------------------+-------|
|  0 | 2023-01-30 11:15:00+05:30 | PUT ORDER REQ RECEIVED |       |
|  1 | 2023-01-30 11:15:00+05:30 | VALIDATION PENDING     |       |
|  2 | 2023-01-30 11:15:00+05:30 | OPEN PENDING           |       |
|  3 | 2023-01-30 11:15:00+05:30 | OPEN                   |       |
|  4 | 2023-01-30 11:15:00+05:30 | COMPLETE               |       |
+----+---------------------------+------------------------+-------+

+-----------------+---------------------------+----------------------------------+------+
| INST            | timestamp                 | ID                               | TT   |
|-----------------+---------------------------+----------------------------------+------|
| NSE_EQ:HINDALCO | 2023-01-30 15:30:00+05:30 | da939a8583b64578b96e53057d5d027c | BUY  |
+-----------------+---------------------------+----------------------------------+------+
+----+---------------------------+------------------------+-------+
|    | TIMESTAMP                 | STATE                  | MSG   |
|----+---------------------------+------------------------+-------|
|  0 | 2023-01-30 15:30:00+05:30 | PUT ORDER REQ RECEIVED |       |
|  1 | 2023-01-30 15:30:00+05:30 | VALIDATION PENDING     |       |
|  2 | 2023-01-30 15:30:00+05:30 | OPEN PENDING           |       |
|  3 | 2023-01-30 15:30:00+05:30 | OPEN                   |       |
|  4 | 2023-01-30 15:30:00+05:30 | COMPLETE               |       |
+----+---------------------------+------------------------+-------+

+-----------------+---------------------------+----------------------------------+------+
| INST            | timestamp                 | ID                               | TT   |
|-----------------+---------------------------+----------------------------------+------|
| NSE_EQ:HINDALCO | 2023-01-31 11:15:00+05:30 | 19f2750eb2804d36b1ec750fdeb02e77 | SELL |
+-----------------+---------------------------+----------------------------------+------+
+----+---------------------------+------------------------+-------+
|    | TIMESTAMP                 | STATE                  | MSG   |
|----+---------------------------+------------------------+-------|
|  0 | 2023-01-31 11:15:00+05:30 | PUT ORDER REQ RECEIVED |       |
|  1 | 2023-01-31 11:15:00+05:30 | VALIDATION PENDING     |       |
|  2 | 2023-01-31 11:15:00+05:30 | OPEN PENDING           |       |
|  3 | 2023-01-31 11:15:00+05:30 | OPEN                   |       |
|  4 | 2023-01-31 11:15:00+05:30 | COMPLETE               |       |
+----+---------------------------+------------------------+-------+

+-----------------+---------------------------+----------------------------------+------+
| INST            | timestamp                 | ID                               | TT   |
|-----------------+---------------------------+----------------------------------+------|
| NSE_EQ:HINDALCO | 2023-01-31 15:15:00+05:30 | 33f025c510e54a31aa4284f40c9986db | BUY  |
+-----------------+---------------------------+----------------------------------+------+
+----+---------------------------+------------------------+-------+
|    | TIMESTAMP                 | STATE                  | MSG   |
|----+---------------------------+------------------------+-------|
|  0 | 2023-01-31 15:15:00+05:30 | PUT ORDER REQ RECEIVED |       |
|  1 | 2023-01-31 15:15:00+05:30 | VALIDATION PENDING     |       |
|  2 | 2023-01-31 15:15:00+05:30 | OPEN PENDING           |       |
|  3 | 2023-01-31 15:15:00+05:30 | OPEN                   |       |
|  4 | 2023-01-31 15:15:00+05:30 | COMPLETE               |       |
+----+---------------------------+------------------------+-------+

+-----------------+---------------------------+----------------------------------+------+
| INST            | timestamp                 | ID                               | TT   |
|-----------------+---------------------------+----------------------------------+------|
| NSE_EQ:HINDALCO | 2023-01-31 15:15:00+05:30 | 37a74d26fb844a00811bf14f4750b711 | SELL |
+-----------------+---------------------------+----------------------------------+------+
+----+---------------------------+------------------------+-------+
|    | TIMESTAMP                 | STATE                  | MSG   |
|----+---------------------------+------------------------+-------|
|  0 | 2023-01-31 15:15:00+05:30 | PUT ORDER REQ RECEIVED |       |
|  1 | 2023-01-31 15:15:00+05:30 | VALIDATION PENDING     |       |
|  2 | 2023-01-31 15:15:00+05:30 | OPEN PENDING           |       |
|  3 | 2023-01-31 15:15:00+05:30 | OPEN                   |       |
|  4 | 2023-01-31 15:15:00+05:30 | COMPLETE               |       |
+----+---------------------------+------------------------+-------+

+-----------------+---------------------------+----------------------------------+------+
| INST            | timestamp                 | ID                               | TT   |
|-----------------+---------------------------+----------------------------------+------|
| NSE_EQ:HINDALCO | 2023-01-31 15:30:00+05:30 | 1da7ddd54e864a8997a6870146a54fd0 | BUY  |
+-----------------+---------------------------+----------------------------------+------+
+----+---------------------------+------------------------+-------+
|    | TIMESTAMP                 | STATE                  | MSG   |
|----+---------------------------+------------------------+-------|
|  0 | 2023-01-31 15:30:00+05:30 | PUT ORDER REQ RECEIVED |       |
|  1 | 2023-01-31 15:30:00+05:30 | VALIDATION PENDING     |       |
|  2 | 2023-01-31 15:30:00+05:30 | OPEN PENDING           |       |
|  3 | 2023-01-31 15:30:00+05:30 | OPEN                   |       |
|  4 | 2023-01-31 15:30:00+05:30 | COMPLETE               |       |
+----+---------------------------+------------------------+-------+

+-----------------+---------------------------+----------------------------------+------+
| INST            | timestamp                 | ID                               | TT   |
|-----------------+---------------------------+----------------------------------+------|
| NSE_EQ:HINDALCO | 2023-02-01 12:15:00+05:30 | bb52858a388f461e8e49a4b475275e14 | SELL |
+-----------------+---------------------------+----------------------------------+------+
+----+---------------------------+------------------------+-------+
|    | TIMESTAMP                 | STATE                  | MSG   |
|----+---------------------------+------------------------+-------|
|  0 | 2023-02-01 12:15:00+05:30 | PUT ORDER REQ RECEIVED |       |
|  1 | 2023-02-01 12:15:00+05:30 | VALIDATION PENDING     |       |
|  2 | 2023-02-01 12:15:00+05:30 | OPEN PENDING           |       |
|  3 | 2023-02-01 12:15:00+05:30 | OPEN                   |       |
|  4 | 2023-02-01 12:15:00+05:30 | COMPLETE               |       |
+----+---------------------------+------------------------+-------+

+-----------------+---------------------------+----------------------------------+------+
| INST            | timestamp                 | ID                               | TT   |
|-----------------+---------------------------+----------------------------------+------|
| NSE_EQ:HINDALCO | 2023-02-01 15:15:00+05:30 | f5fd881f382d4ca3b64f69ca332532f0 | BUY  |
+-----------------+---------------------------+----------------------------------+------+
+----+---------------------------+------------------------+-------+
|    | TIMESTAMP                 | STATE                  | MSG   |
|----+---------------------------+------------------------+-------|
|  0 | 2023-02-01 15:15:00+05:30 | PUT ORDER REQ RECEIVED |       |
|  1 | 2023-02-01 15:15:00+05:30 | VALIDATION PENDING     |       |
|  2 | 2023-02-01 15:15:00+05:30 | OPEN PENDING           |       |
|  3 | 2023-02-01 15:15:00+05:30 | OPEN                   |       |
|  4 | 2023-02-01 15:15:00+05:30 | COMPLETE               |       |
+----+---------------------------+------------------------+-------+

+-----------------+---------------------------+----------------------------------+------+
| INST            | timestamp                 | ID                               | TT   |
|-----------------+---------------------------+----------------------------------+------|
| NSE_EQ:HINDALCO | 2023-02-01 15:15:00+05:30 | c8b977c9365b48cfb41be4a1d52704ab | SELL |
+-----------------+---------------------------+----------------------------------+------+
+----+---------------------------+------------------------+-------+
|    | TIMESTAMP                 | STATE                  | MSG   |
|----+---------------------------+------------------------+-------|
|  0 | 2023-02-01 15:15:00+05:30 | PUT ORDER REQ RECEIVED |       |
|  1 | 2023-02-01 15:15:00+05:30 | VALIDATION PENDING     |       |
|  2 | 2023-02-01 15:15:00+05:30 | OPEN PENDING           |       |
|  3 | 2023-02-01 15:15:00+05:30 | OPEN                   |       |
|  4 | 2023-02-01 15:15:00+05:30 | COMPLETE               |       |
+----+---------------------------+------------------------+-------+

+-----------------+---------------------------+----------------------------------+------+
| INST            | timestamp                 | ID                               | TT   |
|-----------------+---------------------------+----------------------------------+------|
| NSE_EQ:HINDALCO | 2023-02-01 15:30:00+05:30 | e0f8cab566b4467abe52b9def91293fb | BUY  |
+-----------------+---------------------------+----------------------------------+------+
+----+---------------------------+------------------------+-------+
|    | TIMESTAMP                 | STATE                  | MSG   |
|----+---------------------------+------------------------+-------|
|  0 | 2023-02-01 15:30:00+05:30 | PUT ORDER REQ RECEIVED |       |
|  1 | 2023-02-01 15:30:00+05:30 | VALIDATION PENDING     |       |
|  2 | 2023-02-01 15:30:00+05:30 | OPEN PENDING           |       |
|  3 | 2023-02-01 15:30:00+05:30 | OPEN                   |       |
|  4 | 2023-02-01 15:30:00+05:30 | COMPLETE               |       |
+----+---------------------------+------------------------+-------+

+-----------------+---------------------------+----------------------------------+------+
| INST            | timestamp                 | ID                               | TT   |
|-----------------+---------------------------+----------------------------------+------|
| NSE_EQ:HINDALCO | 2023-02-09 14:15:00+05:30 | 196aa958c25d4d5d810e4797ce07b332 | BUY  |
+-----------------+---------------------------+----------------------------------+------+
+----+---------------------------+------------------------+-------+
|    | TIMESTAMP                 | STATE                  | MSG   |
|----+---------------------------+------------------------+-------|
|  0 | 2023-02-09 14:15:00+05:30 | PUT ORDER REQ RECEIVED |       |
|  1 | 2023-02-09 14:15:00+05:30 | VALIDATION PENDING     |       |
|  2 | 2023-02-09 14:15:00+05:30 | OPEN PENDING           |       |
|  3 | 2023-02-09 14:15:00+05:30 | OPEN                   |       |
|  4 | 2023-02-09 14:15:00+05:30 | COMPLETE               |       |
+----+---------------------------+------------------------+-------+

+-----------------+---------------------------+----------------------------------+------+
| INST            | timestamp                 | ID                               | TT   |
|-----------------+---------------------------+----------------------------------+------|
| NSE_EQ:HINDALCO | 2023-02-09 15:30:00+05:30 | d6dd5cb8484c4edc80ba74fea7d17f70 | SELL |
+-----------------+---------------------------+----------------------------------+------+
+----+---------------------------+------------------------+-------+
|    | TIMESTAMP                 | STATE                  | MSG   |
|----+---------------------------+------------------------+-------|
|  0 | 2023-02-09 15:30:00+05:30 | PUT ORDER REQ RECEIVED |       |
|  1 | 2023-02-09 15:30:00+05:30 | VALIDATION PENDING     |       |
|  2 | 2023-02-09 15:30:00+05:30 | OPEN PENDING           |       |
|  3 | 2023-02-09 15:30:00+05:30 | OPEN                   |       |
|  4 | 2023-02-09 15:30:00+05:30 | COMPLETE               |       |
+----+---------------------------+------------------------+-------+

+-----------------+---------------------------+----------------------------------+------+
| INST            | timestamp                 | ID                               | TT   |
|-----------------+---------------------------+----------------------------------+------|
| NSE_EQ:HINDALCO | 2023-02-10 11:15:00+05:30 | eb91808adba445039e4d6fcfe40d3e72 | SELL |
+-----------------+---------------------------+----------------------------------+------+
+----+---------------------------+------------------------+-------+
|    | TIMESTAMP                 | STATE                  | MSG   |
|----+---------------------------+------------------------+-------|
|  0 | 2023-02-10 11:15:00+05:30 | PUT ORDER REQ RECEIVED |       |
|  1 | 2023-02-10 11:15:00+05:30 | VALIDATION PENDING     |       |
|  2 | 2023-02-10 11:15:00+05:30 | OPEN PENDING           |       |
|  3 | 2023-02-10 11:15:00+05:30 | OPEN                   |       |
|  4 | 2023-02-10 11:15:00+05:30 | COMPLETE               |       |
+----+---------------------------+------------------------+-------+

+-----------------+---------------------------+----------------------------------+------+
| INST            | timestamp                 | ID                               | TT   |
|-----------------+---------------------------+----------------------------------+------|
| NSE_EQ:HINDALCO | 2023-02-10 15:30:00+05:30 | d26f0e18546641aca6d0ddb94c986e03 | BUY  |
+-----------------+---------------------------+----------------------------------+------+
+----+---------------------------+------------------------+-------+
|    | TIMESTAMP                 | STATE                  | MSG   |
|----+---------------------------+------------------------+-------|
|  0 | 2023-02-10 15:30:00+05:30 | PUT ORDER REQ RECEIVED |       |
|  1 | 2023-02-10 15:30:00+05:30 | VALIDATION PENDING     |       |
|  2 | 2023-02-10 15:30:00+05:30 | OPEN PENDING           |       |
|  3 | 2023-02-10 15:30:00+05:30 | OPEN                   |       |
|  4 | 2023-02-10 15:30:00+05:30 | COMPLETE               |       |
+----+---------------------------+------------------------+-------+

+-----------------+---------------------------+----------------------------------+------+
| INST            | timestamp                 | ID                               | TT   |
|-----------------+---------------------------+----------------------------------+------|
| NSE_EQ:HINDALCO | 2023-02-13 14:15:00+05:30 | afa68dcd6aab4931823246a9bdacbe96 | SELL |
+-----------------+---------------------------+----------------------------------+------+
+----+---------------------------+------------------------+-------+
|    | TIMESTAMP                 | STATE                  | MSG   |
|----+---------------------------+------------------------+-------|
|  0 | 2023-02-13 14:15:00+05:30 | PUT ORDER REQ RECEIVED |       |
|  1 | 2023-02-13 14:15:00+05:30 | VALIDATION PENDING     |       |
|  2 | 2023-02-13 14:15:00+05:30 | OPEN PENDING           |       |
|  3 | 2023-02-13 14:15:00+05:30 | OPEN                   |       |
|  4 | 2023-02-13 14:15:00+05:30 | COMPLETE               |       |
+----+---------------------------+------------------------+-------+

+-----------------+---------------------------+----------------------------------+------+
| INST            | timestamp                 | ID                               | TT   |
|-----------------+---------------------------+----------------------------------+------|
| NSE_EQ:HINDALCO | 2023-02-13 15:30:00+05:30 | 5ccef1e2abbd4925ac35e80dcb7ef252 | BUY  |
+-----------------+---------------------------+----------------------------------+------+
+----+---------------------------+------------------------+-------+
|    | TIMESTAMP                 | STATE                  | MSG   |
|----+---------------------------+------------------------+-------|
|  0 | 2023-02-13 15:30:00+05:30 | PUT ORDER REQ RECEIVED |       |
|  1 | 2023-02-13 15:30:00+05:30 | VALIDATION PENDING     |       |
|  2 | 2023-02-13 15:30:00+05:30 | OPEN PENDING           |       |
|  3 | 2023-02-13 15:30:00+05:30 | OPEN                   |       |
|  4 | 2023-02-13 15:30:00+05:30 | COMPLETE               |       |
+----+---------------------------+------------------------+-------+

+-----------------+---------------------------+----------------------------------+------+
| INST            | timestamp                 | ID                               | TT   |
|-----------------+---------------------------+----------------------------------+------|
| NSE_EQ:HINDALCO | 2023-02-14 13:15:00+05:30 | 091d31da758c420ca9ea6ba0b68cc115 | BUY  |
+-----------------+---------------------------+----------------------------------+------+
+----+---------------------------+------------------------+-------+
|    | TIMESTAMP                 | STATE                  | MSG   |
|----+---------------------------+------------------------+-------|
|  0 | 2023-02-14 13:15:00+05:30 | PUT ORDER REQ RECEIVED |       |
|  1 | 2023-02-14 13:15:00+05:30 | VALIDATION PENDING     |       |
|  2 | 2023-02-14 13:15:00+05:30 | OPEN PENDING           |       |
|  3 | 2023-02-14 13:15:00+05:30 | OPEN                   |       |
|  4 | 2023-02-14 13:15:00+05:30 | COMPLETE               |       |
+----+---------------------------+------------------------+-------+

+-----------------+---------------------------+----------------------------------+------+
| INST            | timestamp                 | ID                               | TT   |
|-----------------+---------------------------+----------------------------------+------|
| NSE_EQ:HINDALCO | 2023-02-14 15:30:00+05:30 | 5482f98ccb3e40ae8a80671c346e53b1 | SELL |
+-----------------+---------------------------+----------------------------------+------+
+----+---------------------------+------------------------+-------+
|    | TIMESTAMP                 | STATE                  | MSG   |
|----+---------------------------+------------------------+-------|
|  0 | 2023-02-14 15:30:00+05:30 | PUT ORDER REQ RECEIVED |       |
|  1 | 2023-02-14 15:30:00+05:30 | VALIDATION PENDING     |       |
|  2 | 2023-02-14 15:30:00+05:30 | OPEN PENDING           |       |
|  3 | 2023-02-14 15:30:00+05:30 | OPEN                   |       |
|  4 | 2023-02-14 15:30:00+05:30 | COMPLETE               |       |
+----+---------------------------+------------------------+-------+

+-----------------+---------------------------+----------------------------------+------+
| INST            | timestamp                 | ID                               | TT   |
|-----------------+---------------------------+----------------------------------+------|
| NSE_EQ:HINDALCO | 2023-02-15 11:15:00+05:30 | 30f5a7f749334f8ab9ae3ac089bd1518 | BUY  |
+-----------------+---------------------------+----------------------------------+------+
+----+---------------------------+------------------------+-------+
|    | TIMESTAMP                 | STATE                  | MSG   |
|----+---------------------------+------------------------+-------|
|  0 | 2023-02-15 11:15:00+05:30 | PUT ORDER REQ RECEIVED |       |
|  1 | 2023-02-15 11:15:00+05:30 | VALIDATION PENDING     |       |
|  2 | 2023-02-15 11:15:00+05:30 | OPEN PENDING           |       |
|  3 | 2023-02-15 11:15:00+05:30 | OPEN                   |       |
|  4 | 2023-02-15 11:15:00+05:30 | COMPLETE               |       |
+----+---------------------------+------------------------+-------+

+-----------------+---------------------------+----------------------------------+------+
| INST            | timestamp                 | ID                               | TT   |
|-----------------+---------------------------+----------------------------------+------|
| NSE_EQ:HINDALCO | 2023-02-15 15:30:00+05:30 | 1c4b0d0482ea4816b54148196d927e17 | SELL |
+-----------------+---------------------------+----------------------------------+------+
+----+---------------------------+------------------------+-------+
|    | TIMESTAMP                 | STATE                  | MSG   |
|----+---------------------------+------------------------+-------|
|  0 | 2023-02-15 15:30:00+05:30 | PUT ORDER REQ RECEIVED |       |
|  1 | 2023-02-15 15:30:00+05:30 | VALIDATION PENDING     |       |
|  2 | 2023-02-15 15:30:00+05:30 | OPEN PENDING           |       |
|  3 | 2023-02-15 15:30:00+05:30 | OPEN                   |       |
|  4 | 2023-02-15 15:30:00+05:30 | COMPLETE               |       |
+----+---------------------------+------------------------+-------+

+-----------------+---------------------------+----------------------------------+------+
| INST            | timestamp                 | ID                               | TT   |
|-----------------+---------------------------+----------------------------------+------|
| NSE_EQ:HINDALCO | 2023-02-22 10:15:00+05:30 | 59497b622b9345a2a9a3468358d45e67 | BUY  |
+-----------------+---------------------------+----------------------------------+------+
+----+---------------------------+------------------------+-------+
|    | TIMESTAMP                 | STATE                  | MSG   |
|----+---------------------------+------------------------+-------|
|  0 | 2023-02-22 10:15:00+05:30 | PUT ORDER REQ RECEIVED |       |
|  1 | 2023-02-22 10:15:00+05:30 | VALIDATION PENDING     |       |
|  2 | 2023-02-22 10:15:00+05:30 | OPEN PENDING           |       |
|  3 | 2023-02-22 10:15:00+05:30 | OPEN                   |       |
|  4 | 2023-02-22 10:15:00+05:30 | COMPLETE               |       |
+----+---------------------------+------------------------+-------+

+-----------------+---------------------------+----------------------------------+------+
| INST            | timestamp                 | ID                               | TT   |
|-----------------+---------------------------+----------------------------------+------|
| NSE_EQ:HINDALCO | 2023-02-22 15:30:00+05:30 | f1d35fc20bbf491195d41fa818e3cba5 | SELL |
+-----------------+---------------------------+----------------------------------+------+
+----+---------------------------+------------------------+-------+
|    | TIMESTAMP                 | STATE                  | MSG   |
|----+---------------------------+------------------------+-------|
|  0 | 2023-02-22 15:30:00+05:30 | PUT ORDER REQ RECEIVED |       |
|  1 | 2023-02-22 15:30:00+05:30 | VALIDATION PENDING     |       |
|  2 | 2023-02-22 15:30:00+05:30 | OPEN PENDING           |       |
|  3 | 2023-02-22 15:30:00+05:30 | OPEN                   |       |
|  4 | 2023-02-22 15:30:00+05:30 | COMPLETE               |       |
+----+---------------------------+------------------------+-------+

+-----------------+---------------------------+----------------------------------+------+
| INST            | timestamp                 | ID                               | TT   |
|-----------------+---------------------------+----------------------------------+------|
| NSE_EQ:HINDALCO | 2023-02-24 11:15:00+05:30 | bdaad53fe7dc4cac89b9148e56308a17 | SELL |
+-----------------+---------------------------+----------------------------------+------+
+----+---------------------------+------------------------+-------+
|    | TIMESTAMP                 | STATE                  | MSG   |
|----+---------------------------+------------------------+-------|
|  0 | 2023-02-24 11:15:00+05:30 | PUT ORDER REQ RECEIVED |       |
|  1 | 2023-02-24 11:15:00+05:30 | VALIDATION PENDING     |       |
|  2 | 2023-02-24 11:15:00+05:30 | OPEN PENDING           |       |
|  3 | 2023-02-24 11:15:00+05:30 | OPEN                   |       |
|  4 | 2023-02-24 11:15:00+05:30 | COMPLETE               |       |
+----+---------------------------+------------------------+-------+

+-----------------+---------------------------+----------------------------------+------+
| INST            | timestamp                 | ID                               | TT   |
|-----------------+---------------------------+----------------------------------+------|
| NSE_EQ:HINDALCO | 2023-02-24 15:30:00+05:30 | a4ecf7fd2bc64b67ba9de97f8290d064 | BUY  |
+-----------------+---------------------------+----------------------------------+------+
+----+---------------------------+------------------------+-------+
|    | TIMESTAMP                 | STATE                  | MSG   |
|----+---------------------------+------------------------+-------|
|  0 | 2023-02-24 15:30:00+05:30 | PUT ORDER REQ RECEIVED |       |
|  1 | 2023-02-24 15:30:00+05:30 | VALIDATION PENDING     |       |
|  2 | 2023-02-24 15:30:00+05:30 | OPEN PENDING           |       |
|  3 | 2023-02-24 15:30:00+05:30 | OPEN                   |       |
|  4 | 2023-02-24 15:30:00+05:30 | COMPLETE               |       |
+----+---------------------------+------------------------+-------+