

+------------------+---------------------------+----------------------------------+------+
| INST             | timestamp                 | ID                               | TT   |
|------------------+---------------------------+----------------------------------+------|
| NSE_EQ:ICICIBANK | 2023-01-02 10:15:00+05:30 | fb28022517604114ab9639519feff545 | SELL |
+------------------+---------------------------+----------------------------------+------+
+----+---------------------------+------------------------+-------+
|    | TIMESTAMP                 | STATE                  | MSG   |
|----+---------------------------+------------------------+-------|
|  0 | 2023-01-02 10:15:00+05:30 | PUT ORDER REQ RECEIVED |       |
|  1 | 2023-01-02 10:15:00+05:30 | VALIDATION PENDING     |       |
|  2 | 2023-01-02 10:15:00+05:30 | REJECTED               |       |
+----+---------------------------+------------------------+-------+

+------------------+---------------------------+----------------------------------+------+
| INST             | timestamp                 | ID                               | TT   |
|------------------+---------------------------+----------------------------------+------|
| NSE_EQ:ICICIBANK | 2023-01-03 12:15:00+05:30 | 3a64732467ef4a35b8cb3f4b6212a1c3 | BUY  |
+------------------+---------------------------+----------------------------------+------+
+----+---------------------------+------------------------+-------+
|    | TIMESTAMP                 | STATE                  | MSG   |
|----+---------------------------+------------------------+-------|
|  0 | 2023-01-03 12:15:00+05:30 | PUT ORDER REQ RECEIVED |       |
|  1 | 2023-01-03 12:15:00+05:30 | VALIDATION PENDING     |       |
|  2 | 2023-01-03 12:15:00+05:30 | OPEN PENDING           |       |
|  3 | 2023-01-03 12:15:00+05:30 | OPEN                   |       |
|  4 | 2023-01-03 12:15:00+05:30 | COMPLETE               |       |
+----+---------------------------+------------------------+-------+

+------------------+---------------------------+----------------------------------+------+
| INST             | timestamp                 | ID                               | TT   |
|------------------+---------------------------+----------------------------------+------|
| NSE_EQ:ICICIBANK | 2023-01-03 15:15:00+05:30 | 48375128be5642f487ee2978f7e11346 | SELL |
+------------------+---------------------------+----------------------------------+------+
+----+---------------------------+------------------------+-------+
|    | TIMESTAMP                 | STATE                  | MSG   |
|----+---------------------------+------------------------+-------|
|  0 | 2023-01-03 15:15:00+05:30 | PUT ORDER REQ RECEIVED |       |
|  1 | 2023-01-03 15:15:00+05:30 | VALIDATION PENDING     |       |
|  2 | 2023-01-03 15:15:00+05:30 | OPEN PENDING           |       |
|  3 | 2023-01-03 15:15:00+05:30 | OPEN                   |       |
|  4 | 2023-01-03 15:15:00+05:30 | COMPLETE               |       |
+----+---------------------------+------------------------+-------+

+------------------+---------------------------+----------------------------------+------+
| INST             | timestamp                 | ID                               | TT   |
|------------------+---------------------------+----------------------------------+------|
| NSE_EQ:ICICIBANK | 2023-01-03 15:15:00+05:30 | 8cd40be293bd47b2a2da454b11fd0176 | SELL |
+------------------+---------------------------+----------------------------------+------+
+----+---------------------------+------------------------+-------+
|    | TIMESTAMP                 | STATE                  | MSG   |
|----+---------------------------+------------------------+-------|
|  0 | 2023-01-03 15:15:00+05:30 | PUT ORDER REQ RECEIVED |       |
|  1 | 2023-01-03 15:15:00+05:30 | VALIDATION PENDING     |       |
|  2 | 2023-01-03 15:15:00+05:30 | REJECTED               |       |
+----+---------------------------+------------------------+-------+

+------------------+---------------------------+----------------------------------+------+
| INST             | timestamp                 | ID                               | TT   |
|------------------+---------------------------+----------------------------------+------|
| NSE_EQ:ICICIBANK | 2023-01-04 11:15:00+05:30 | 6fb0ffdfd1104d8081032f21a7a7be07 | BUY  |
+------------------+---------------------------+----------------------------------+------+
+----+---------------------------+------------------------+-------+
|    | TIMESTAMP                 | STATE                  | MSG   |
|----+---------------------------+------------------------+-------|
|  0 | 2023-01-04 11:15:00+05:30 | PUT ORDER REQ RECEIVED |       |
|  1 | 2023-01-04 11:15:00+05:30 | VALIDATION PENDING     |       |
|  2 | 2023-01-04 11:15:00+05:30 | OPEN PENDING           |       |
|  3 | 2023-01-04 11:15:00+05:30 | OPEN                   |       |
|  4 | 2023-01-04 11:15:00+05:30 | COMPLETE               |       |
+----+---------------------------+------------------------+-------+

+------------------+---------------------------+----------------------------------+------+
| INST             | timestamp                 | ID                               | TT   |
|------------------+---------------------------+----------------------------------+------|
| NSE_EQ:ICICIBANK | 2023-01-04 15:15:00+05:30 | c8b622a959734b7e9e0bb8d34f4f99df | SELL |
+------------------+---------------------------+----------------------------------+------+
+----+---------------------------+------------------------+-------+
|    | TIMESTAMP                 | STATE                  | MSG   |
|----+---------------------------+------------------------+-------|
|  0 | 2023-01-04 15:15:00+05:30 | PUT ORDER REQ RECEIVED |       |
|  1 | 2023-01-04 15:15:00+05:30 | VALIDATION PENDING     |       |
|  2 | 2023-01-04 15:15:00+05:30 | OPEN PENDING           |       |
|  3 | 2023-01-04 15:15:00+05:30 | OPEN                   |       |
|  4 | 2023-01-04 15:15:00+05:30 | COMPLETE               |       |
+----+---------------------------+------------------------+-------+

+------------------+---------------------------+----------------------------------+------+
| INST             | timestamp                 | ID                               | TT   |
|------------------+---------------------------+----------------------------------+------|
| NSE_EQ:ICICIBANK | 2023-01-04 15:15:00+05:30 | 664599072ffe40cfb0c259927ee729e7 | SELL |
+------------------+---------------------------+----------------------------------+------+
+----+---------------------------+------------------------+-------+
|    | TIMESTAMP                 | STATE                  | MSG   |
|----+---------------------------+------------------------+-------|
|  0 | 2023-01-04 15:15:00+05:30 | PUT ORDER REQ RECEIVED |       |
|  1 | 2023-01-04 15:15:00+05:30 | VALIDATION PENDING     |       |
|  2 | 2023-01-04 15:15:00+05:30 | REJECTED               |       |
+----+---------------------------+------------------------+-------+

+------------------+---------------------------+----------------------------------+------+
| INST             | timestamp                 | ID                               | TT   |
|------------------+---------------------------+----------------------------------+------|
| NSE_EQ:ICICIBANK | 2023-01-05 09:15:00+05:30 | 695c2d14814e4abd9a7ffe96e5f5c57b | BUY  |
+------------------+---------------------------+----------------------------------+------+
+----+---------------------------+------------------------+-------+
|    | TIMESTAMP                 | STATE                  | MSG   |
|----+---------------------------+------------------------+-------|
|  0 | 2023-01-05 09:15:00+05:30 | PUT ORDER REQ RECEIVED |       |
|  1 | 2023-01-05 09:15:00+05:30 | VALIDATION PENDING     |       |
|  2 | 2023-01-05 09:15:00+05:30 | OPEN PENDING           |       |
|  3 | 2023-01-05 09:15:00+05:30 | OPEN                   |       |
|  4 | 2023-01-05 09:15:00+05:30 | COMPLETE               |       |
+----+---------------------------+------------------------+-------+

+------------------+---------------------------+----------------------------------+------+
| INST             | timestamp                 | ID                               | TT   |
|------------------+---------------------------+----------------------------------+------|
| NSE_EQ:ICICIBANK | 2023-01-06 09:15:00+05:30 | 6a764208022a4f7798c7c90d96065186 | BUY  |
+------------------+---------------------------+----------------------------------+------+
+----+---------------------------+------------------------+-------+
|    | TIMESTAMP                 | STATE                  | MSG   |
|----+---------------------------+------------------------+-------|
|  0 | 2023-01-06 09:15:00+05:30 | PUT ORDER REQ RECEIVED |       |
|  1 | 2023-01-06 09:15:00+05:30 | COMPLETE               |       |
+----+---------------------------+------------------------+-------+

+------------------+---------------------------+----------------------------------+------+
| INST             | timestamp                 | ID                               | TT   |
|------------------+---------------------------+----------------------------------+------|
| NSE_EQ:ICICIBANK | 2023-01-09 09:15:00+05:30 | e6e1d33eee344bccbfa9d7141a41dd96 | BUY  |
+------------------+---------------------------+----------------------------------+------+
+----+---------------------------+------------------------+-------+
|    | TIMESTAMP                 | STATE                  | MSG   |
|----+---------------------------+------------------------+-------|
|  0 | 2023-01-09 09:15:00+05:30 | PUT ORDER REQ RECEIVED |       |
|  1 | 2023-01-09 09:15:00+05:30 | COMPLETE               |       |
+----+---------------------------+------------------------+-------+

+------------------+---------------------------+----------------------------------+------+
| INST             | timestamp                 | ID                               | TT   |
|------------------+---------------------------+----------------------------------+------|
| NSE_EQ:ICICIBANK | 2023-01-09 10:15:00+05:30 | 204b0169025949f4b5a5c99aaad2ff2f | SELL |
+------------------+---------------------------+----------------------------------+------+
+----+---------------------------+------------------------+-------+
|    | TIMESTAMP                 | STATE                  | MSG   |
|----+---------------------------+------------------------+-------|
|  0 | 2023-01-09 10:15:00+05:30 | PUT ORDER REQ RECEIVED |       |
|  1 | 2023-01-09 10:15:00+05:30 | VALIDATION PENDING     |       |
|  2 | 2023-01-09 10:15:00+05:30 | OPEN PENDING           |       |
|  3 | 2023-01-09 10:15:00+05:30 | OPEN                   |       |
|  4 | 2023-01-09 10:15:00+05:30 | COMPLETE               |       |
+----+---------------------------+------------------------+-------+

+------------------+---------------------------+----------------------------------+------+
| INST             | timestamp                 | ID                               | TT   |
|------------------+---------------------------+----------------------------------+------|
| NSE_EQ:ICICIBANK | 2023-01-09 10:15:00+05:30 | 1faff0a106934084a4858f01ff12ad9a | SELL |
+------------------+---------------------------+----------------------------------+------+
+----+---------------------------+------------------------+-------+
|    | TIMESTAMP                 | STATE                  | MSG   |
|----+---------------------------+------------------------+-------|
|  0 | 2023-01-09 10:15:00+05:30 | PUT ORDER REQ RECEIVED |       |
|  1 | 2023-01-09 10:15:00+05:30 | VALIDATION PENDING     |       |
|  2 | 2023-01-09 10:15:00+05:30 | REJECTED               |       |
+----+---------------------------+------------------------+-------+

+------------------+---------------------------+----------------------------------+------+
| INST             | timestamp                 | ID                               | TT   |
|------------------+---------------------------+----------------------------------+------|
| NSE_EQ:ICICIBANK | 2023-01-09 14:15:00+05:30 | c83aaf29e7534613bd2869d34a63d586 | BUY  |
+------------------+---------------------------+----------------------------------+------+
+----+---------------------------+------------------------+-------+
|    | TIMESTAMP                 | STATE                  | MSG   |
|----+---------------------------+------------------------+-------|
|  0 | 2023-01-09 14:15:00+05:30 | PUT ORDER REQ RECEIVED |       |
|  1 | 2023-01-09 14:15:00+05:30 | VALIDATION PENDING     |       |
|  2 | 2023-01-09 14:15:00+05:30 | OPEN PENDING           |       |
|  3 | 2023-01-09 14:15:00+05:30 | OPEN                   |       |
|  4 | 2023-01-09 14:15:00+05:30 | COMPLETE               |       |
+----+---------------------------+------------------------+-------+

+------------------+---------------------------+----------------------------------+------+
| INST             | timestamp                 | ID                               | TT   |
|------------------+---------------------------+----------------------------------+------|
| NSE_EQ:ICICIBANK | 2023-01-09 15:15:00+05:30 | 3a83406f6291411c82bbf52135a13b67 | SELL |
+------------------+---------------------------+----------------------------------+------+
+----+---------------------------+------------------------+-------+
|    | TIMESTAMP                 | STATE                  | MSG   |
|----+---------------------------+------------------------+-------|
|  0 | 2023-01-09 15:15:00+05:30 | PUT ORDER REQ RECEIVED |       |
|  1 | 2023-01-09 15:15:00+05:30 | VALIDATION PENDING     |       |
|  2 | 2023-01-09 15:15:00+05:30 | OPEN PENDING           |       |
|  3 | 2023-01-09 15:15:00+05:30 | OPEN                   |       |
|  4 | 2023-01-09 15:15:00+05:30 | COMPLETE               |       |
+----+---------------------------+------------------------+-------+

+------------------+---------------------------+----------------------------------+------+
| INST             | timestamp                 | ID                               | TT   |
|------------------+---------------------------+----------------------------------+------|
| NSE_EQ:ICICIBANK | 2023-01-09 15:15:00+05:30 | b4db6a67278b4dccb2f5966f6de5b2c2 | SELL |
+------------------+---------------------------+----------------------------------+------+
+----+---------------------------+------------------------+-------+
|    | TIMESTAMP                 | STATE                  | MSG   |
|----+---------------------------+------------------------+-------|
|  0 | 2023-01-09 15:15:00+05:30 | PUT ORDER REQ RECEIVED |       |
|  1 | 2023-01-09 15:15:00+05:30 | VALIDATION PENDING     |       |
|  2 | 2023-01-09 15:15:00+05:30 | REJECTED               |       |
+----+---------------------------+------------------------+-------+

+------------------+---------------------------+----------------------------------+------+
| INST             | timestamp                 | ID                               | TT   |
|------------------+---------------------------+----------------------------------+------|
| NSE_EQ:ICICIBANK | 2023-01-10 10:15:00+05:30 | b63fe414f33a42be93960fa0740ca951 | BUY  |
+------------------+---------------------------+----------------------------------+------+
+----+---------------------------+------------------------+-------+
|    | TIMESTAMP                 | STATE                  | MSG   |
|----+---------------------------+------------------------+-------|
|  0 | 2023-01-10 10:15:00+05:30 | PUT ORDER REQ RECEIVED |       |
|  1 | 2023-01-10 10:15:00+05:30 | VALIDATION PENDING     |       |
|  2 | 2023-01-10 10:15:00+05:30 | OPEN PENDING           |       |
|  3 | 2023-01-10 10:15:00+05:30 | OPEN                   |       |
|  4 | 2023-01-10 10:15:00+05:30 | COMPLETE               |       |
+----+---------------------------+------------------------+-------+

+------------------+---------------------------+----------------------------------+------+
| INST             | timestamp                 | ID                               | TT   |
|------------------+---------------------------+----------------------------------+------|
| NSE_EQ:ICICIBANK | 2023-01-11 09:15:00+05:30 | 2c9d07be913547bca8c2b7fab67a5dac | BUY  |
+------------------+---------------------------+----------------------------------+------+
+----+---------------------------+------------------------+-------+
|    | TIMESTAMP                 | STATE                  | MSG   |
|----+---------------------------+------------------------+-------|
|  0 | 2023-01-11 09:15:00+05:30 | PUT ORDER REQ RECEIVED |       |
|  1 | 2023-01-11 09:15:00+05:30 | COMPLETE               |       |
+----+---------------------------+------------------------+-------+

+------------------+---------------------------+----------------------------------+------+
| INST             | timestamp                 | ID                               | TT   |
|------------------+---------------------------+----------------------------------+------|
| NSE_EQ:ICICIBANK | 2023-01-11 12:15:00+05:30 | 7882be7b10b64628b328d4642157c7e1 | SELL |
+------------------+---------------------------+----------------------------------+------+
+----+---------------------------+------------------------+-------+
|    | TIMESTAMP                 | STATE                  | MSG   |
|----+---------------------------+------------------------+-------|
|  0 | 2023-01-11 12:15:00+05:30 | PUT ORDER REQ RECEIVED |       |
|  1 | 2023-01-11 12:15:00+05:30 | VALIDATION PENDING     |       |
|  2 | 2023-01-11 12:15:00+05:30 | OPEN PENDING           |       |
|  3 | 2023-01-11 12:15:00+05:30 | OPEN                   |       |
|  4 | 2023-01-11 12:15:00+05:30 | COMPLETE               |       |
+----+---------------------------+------------------------+-------+

+------------------+---------------------------+----------------------------------+------+
| INST             | timestamp                 | ID                               | TT   |
|------------------+---------------------------+----------------------------------+------|
| NSE_EQ:ICICIBANK | 2023-01-11 12:15:00+05:30 | d08944087ff64319b61d827b3a0e9b12 | SELL |
+------------------+---------------------------+----------------------------------+------+
+----+---------------------------+------------------------+-------+
|    | TIMESTAMP                 | STATE                  | MSG   |
|----+---------------------------+------------------------+-------|
|  0 | 2023-01-11 12:15:00+05:30 | PUT ORDER REQ RECEIVED |       |
|  1 | 2023-01-11 12:15:00+05:30 | VALIDATION PENDING     |       |
|  2 | 2023-01-11 12:15:00+05:30 | REJECTED               |       |
+----+---------------------------+------------------------+-------+

+------------------+---------------------------+----------------------------------+------+
| INST             | timestamp                 | ID                               | TT   |
|------------------+---------------------------+----------------------------------+------|
| NSE_EQ:ICICIBANK | 2023-01-11 14:15:00+05:30 | 4752bc92236a433cb769068c131c5dfc | BUY  |
+------------------+---------------------------+----------------------------------+------+
+----+---------------------------+------------------------+-------+
|    | TIMESTAMP                 | STATE                  | MSG   |
|----+---------------------------+------------------------+-------|
|  0 | 2023-01-11 14:15:00+05:30 | PUT ORDER REQ RECEIVED |       |
|  1 | 2023-01-11 14:15:00+05:30 | VALIDATION PENDING     |       |
|  2 | 2023-01-11 14:15:00+05:30 | OPEN PENDING           |       |
|  3 | 2023-01-11 14:15:00+05:30 | OPEN                   |       |
|  4 | 2023-01-11 14:15:00+05:30 | COMPLETE               |       |
+----+---------------------------+------------------------+-------+

+------------------+---------------------------+----------------------------------+------+
| INST             | timestamp                 | ID                               | TT   |
|------------------+---------------------------+----------------------------------+------|
| NSE_EQ:ICICIBANK | 2023-01-11 15:15:00+05:30 | 0676a8a13b4a4dd987d9e7b3c17e2d4e | SELL |
+------------------+---------------------------+----------------------------------+------+
+----+---------------------------+------------------------+-------+
|    | TIMESTAMP                 | STATE                  | MSG   |
|----+---------------------------+------------------------+-------|
|  0 | 2023-01-11 15:15:00+05:30 | PUT ORDER REQ RECEIVED |       |
|  1 | 2023-01-11 15:15:00+05:30 | VALIDATION PENDING     |       |
|  2 | 2023-01-11 15:15:00+05:30 | OPEN PENDING           |       |
|  3 | 2023-01-11 15:15:00+05:30 | OPEN                   |       |
|  4 | 2023-01-11 15:15:00+05:30 | COMPLETE               |       |
+----+---------------------------+------------------------+-------+

+------------------+---------------------------+----------------------------------+------+
| INST             | timestamp                 | ID                               | TT   |
|------------------+---------------------------+----------------------------------+------|
| NSE_EQ:ICICIBANK | 2023-01-11 15:15:00+05:30 | 9f42c42db7fb43e3bbc9697c276bf772 | SELL |
+------------------+---------------------------+----------------------------------+------+
+----+---------------------------+------------------------+-------+
|    | TIMESTAMP                 | STATE                  | MSG   |
|----+---------------------------+------------------------+-------|
|  0 | 2023-01-11 15:15:00+05:30 | PUT ORDER REQ RECEIVED |       |
|  1 | 2023-01-11 15:15:00+05:30 | VALIDATION PENDING     |       |
|  2 | 2023-01-11 15:15:00+05:30 | REJECTED               |       |
+----+---------------------------+------------------------+-------+

+------------------+---------------------------+----------------------------------+------+
| INST             | timestamp                 | ID                               | TT   |
|------------------+---------------------------+----------------------------------+------|
| NSE_EQ:ICICIBANK | 2023-01-12 10:15:00+05:30 | 1a7d78a394c2412dbe0f8e7a5ad26fc6 | BUY  |
+------------------+---------------------------+----------------------------------+------+
+----+---------------------------+------------------------+-------+
|    | TIMESTAMP                 | STATE                  | MSG   |
|----+---------------------------+------------------------+-------|
|  0 | 2023-01-12 10:15:00+05:30 | PUT ORDER REQ RECEIVED |       |
|  1 | 2023-01-12 10:15:00+05:30 | VALIDATION PENDING     |       |
|  2 | 2023-01-12 10:15:00+05:30 | OPEN PENDING           |       |
|  3 | 2023-01-12 10:15:00+05:30 | OPEN                   |       |
|  4 | 2023-01-12 10:15:00+05:30 | COMPLETE               |       |
+----+---------------------------+------------------------+-------+

+------------------+---------------------------+----------------------------------+------+
| INST             | timestamp                 | ID                               | TT   |
|------------------+---------------------------+----------------------------------+------|
| NSE_EQ:ICICIBANK | 2023-01-13 09:15:00+05:30 | 84a2e48fbfbb4f659fad514bdf9f0b1f | BUY  |
+------------------+---------------------------+----------------------------------+------+
+----+---------------------------+------------------------+-------+
|    | TIMESTAMP                 | STATE                  | MSG   |
|----+---------------------------+------------------------+-------|
|  0 | 2023-01-13 09:15:00+05:30 | PUT ORDER REQ RECEIVED |       |
|  1 | 2023-01-13 09:15:00+05:30 | COMPLETE               |       |
+----+---------------------------+------------------------+-------+

+------------------+---------------------------+----------------------------------+------+
| INST             | timestamp                 | ID                               | TT   |
|------------------+---------------------------+----------------------------------+------|
| NSE_EQ:ICICIBANK | 2023-01-13 09:15:00+05:30 | 4d6ecb49a1344ec089780a1a0a0d59bc | SELL |
+------------------+---------------------------+----------------------------------+------+
+----+---------------------------+------------------------+-------+
|    | TIMESTAMP                 | STATE                  | MSG   |
|----+---------------------------+------------------------+-------|
|  0 | 2023-01-13 09:15:00+05:30 | PUT ORDER REQ RECEIVED |       |
|  1 | 2023-01-13 09:15:00+05:30 | VALIDATION PENDING     |       |
|  2 | 2023-01-13 09:15:00+05:30 | OPEN PENDING           |       |
|  3 | 2023-01-13 09:15:00+05:30 | OPEN                   |       |
|  4 | 2023-01-13 09:15:00+05:30 | COMPLETE               |       |
+----+---------------------------+------------------------+-------+

+------------------+---------------------------+----------------------------------+------+
| INST             | timestamp                 | ID                               | TT   |
|------------------+---------------------------+----------------------------------+------|
| NSE_EQ:ICICIBANK | 2023-01-13 09:15:00+05:30 | 501fae98e2714977acf8f73828251179 | SELL |
+------------------+---------------------------+----------------------------------+------+
+----+---------------------------+------------------------+-------+
|    | TIMESTAMP                 | STATE                  | MSG   |
|----+---------------------------+------------------------+-------|
|  0 | 2023-01-13 09:15:00+05:30 | PUT ORDER REQ RECEIVED |       |
|  1 | 2023-01-13 09:15:00+05:30 | VALIDATION PENDING     |       |
|  2 | 2023-01-13 09:15:00+05:30 | REJECTED               |       |
+----+---------------------------+------------------------+-------+

+------------------+---------------------------+----------------------------------+------+
| INST             | timestamp                 | ID                               | TT   |
|------------------+---------------------------+----------------------------------+------|
| NSE_EQ:ICICIBANK | 2023-01-16 12:15:00+05:30 | d91c243f56e74879bfb09c21bdc8bf05 | BUY  |
+------------------+---------------------------+----------------------------------+------+
+----+---------------------------+------------------------+-------+
|    | TIMESTAMP                 | STATE                  | MSG   |
|----+---------------------------+------------------------+-------|
|  0 | 2023-01-16 12:15:00+05:30 | PUT ORDER REQ RECEIVED |       |
|  1 | 2023-01-16 12:15:00+05:30 | VALIDATION PENDING     |       |
|  2 | 2023-01-16 12:15:00+05:30 | OPEN PENDING           |       |
|  3 | 2023-01-16 12:15:00+05:30 | OPEN                   |       |
|  4 | 2023-01-16 12:15:00+05:30 | COMPLETE               |       |
+----+---------------------------+------------------------+-------+

+------------------+---------------------------+----------------------------------+------+
| INST             | timestamp                 | ID                               | TT   |
|------------------+---------------------------+----------------------------------+------|
| NSE_EQ:ICICIBANK | 2023-01-17 09:15:00+05:30 | 523163f5a41b471a881b77a60eeb4a06 | BUY  |
+------------------+---------------------------+----------------------------------+------+
+----+---------------------------+------------------------+-------+
|    | TIMESTAMP                 | STATE                  | MSG   |
|----+---------------------------+------------------------+-------|
|  0 | 2023-01-17 09:15:00+05:30 | PUT ORDER REQ RECEIVED |       |
|  1 | 2023-01-17 09:15:00+05:30 | COMPLETE               |       |
+----+---------------------------+------------------------+-------+

+------------------+---------------------------+----------------------------------+------+
| INST             | timestamp                 | ID                               | TT   |
|------------------+---------------------------+----------------------------------+------|
| NSE_EQ:ICICIBANK | 2023-01-17 15:15:00+05:30 | f885fb53a5f0480c8bbad2ad177e186c | SELL |
+------------------+---------------------------+----------------------------------+------+
+----+---------------------------+------------------------+-------+
|    | TIMESTAMP                 | STATE                  | MSG   |
|----+---------------------------+------------------------+-------|
|  0 | 2023-01-17 15:15:00+05:30 | PUT ORDER REQ RECEIVED |       |
|  1 | 2023-01-17 15:15:00+05:30 | VALIDATION PENDING     |       |
|  2 | 2023-01-17 15:15:00+05:30 | OPEN PENDING           |       |
|  3 | 2023-01-17 15:15:00+05:30 | OPEN                   |       |
|  4 | 2023-01-17 15:15:00+05:30 | COMPLETE               |       |
+----+---------------------------+------------------------+-------+

+------------------+---------------------------+----------------------------------+------+
| INST             | timestamp                 | ID                               | TT   |
|------------------+---------------------------+----------------------------------+------|
| NSE_EQ:ICICIBANK | 2023-01-17 15:15:00+05:30 | 368dc29c76284fa5a335799dc9596eec | SELL |
+------------------+---------------------------+----------------------------------+------+
+----+---------------------------+------------------------+-------+
|    | TIMESTAMP                 | STATE                  | MSG   |
|----+---------------------------+------------------------+-------|
|  0 | 2023-01-17 15:15:00+05:30 | PUT ORDER REQ RECEIVED |       |
|  1 | 2023-01-17 15:15:00+05:30 | VALIDATION PENDING     |       |
|  2 | 2023-01-17 15:15:00+05:30 | REJECTED               |       |
+----+---------------------------+------------------------+-------+

+------------------+---------------------------+----------------------------------+------+
| INST             | timestamp                 | ID                               | TT   |
|------------------+---------------------------+----------------------------------+------|
| NSE_EQ:ICICIBANK | 2023-01-18 10:15:00+05:30 | 376218323082441597d3b2543677447e | BUY  |
+------------------+---------------------------+----------------------------------+------+
+----+---------------------------+------------------------+-------+
|    | TIMESTAMP                 | STATE                  | MSG   |
|----+---------------------------+------------------------+-------|
|  0 | 2023-01-18 10:15:00+05:30 | PUT ORDER REQ RECEIVED |       |
|  1 | 2023-01-18 10:15:00+05:30 | VALIDATION PENDING     |       |
|  2 | 2023-01-18 10:15:00+05:30 | OPEN PENDING           |       |
|  3 | 2023-01-18 10:15:00+05:30 | OPEN                   |       |
|  4 | 2023-01-18 10:15:00+05:30 | COMPLETE               |       |
+----+---------------------------+------------------------+-------+

+------------------+---------------------------+----------------------------------+------+
| INST             | timestamp                 | ID                               | TT   |
|------------------+---------------------------+----------------------------------+------|
| NSE_EQ:ICICIBANK | 2023-01-18 11:15:00+05:30 | 7fb9397ab6834bf69712fc8cd1c937d5 | SELL |
+------------------+---------------------------+----------------------------------+------+
+----+---------------------------+------------------------+-------+
|    | TIMESTAMP                 | STATE                  | MSG   |
|----+---------------------------+------------------------+-------|
|  0 | 2023-01-18 11:15:00+05:30 | PUT ORDER REQ RECEIVED |       |
|  1 | 2023-01-18 11:15:00+05:30 | VALIDATION PENDING     |       |
|  2 | 2023-01-18 11:15:00+05:30 | OPEN PENDING           |       |
|  3 | 2023-01-18 11:15:00+05:30 | OPEN                   |       |
|  4 | 2023-01-18 11:15:00+05:30 | COMPLETE               |       |
+----+---------------------------+------------------------+-------+

+------------------+---------------------------+----------------------------------+------+
| INST             | timestamp                 | ID                               | TT   |
|------------------+---------------------------+----------------------------------+------|
| NSE_EQ:ICICIBANK | 2023-01-18 11:15:00+05:30 | cab307a16e8148e6881f9b6680933116 | SELL |
+------------------+---------------------------+----------------------------------+------+
+----+---------------------------+------------------------+-------+
|    | TIMESTAMP                 | STATE                  | MSG   |
|----+---------------------------+------------------------+-------|
|  0 | 2023-01-18 11:15:00+05:30 | PUT ORDER REQ RECEIVED |       |
|  1 | 2023-01-18 11:15:00+05:30 | VALIDATION PENDING     |       |
|  2 | 2023-01-18 11:15:00+05:30 | REJECTED               |       |
+----+---------------------------+------------------------+-------+

+------------------+---------------------------+----------------------------------+------+
| INST             | timestamp                 | ID                               | TT   |
|------------------+---------------------------+----------------------------------+------|
| NSE_EQ:ICICIBANK | 2023-01-19 11:15:00+05:30 | 6a191bbe60764a7580d8349a11461f15 | BUY  |
+------------------+---------------------------+----------------------------------+------+
+----+---------------------------+------------------------+-------+
|    | TIMESTAMP                 | STATE                  | MSG   |
|----+---------------------------+------------------------+-------|
|  0 | 2023-01-19 11:15:00+05:30 | PUT ORDER REQ RECEIVED |       |
|  1 | 2023-01-19 11:15:00+05:30 | VALIDATION PENDING     |       |
|  2 | 2023-01-19 11:15:00+05:30 | OPEN PENDING           |       |
|  3 | 2023-01-19 11:15:00+05:30 | OPEN                   |       |
|  4 | 2023-01-19 11:15:00+05:30 | COMPLETE               |       |
+----+---------------------------+------------------------+-------+

+------------------+---------------------------+----------------------------------+------+
| INST             | timestamp                 | ID                               | TT   |
|------------------+---------------------------+----------------------------------+------|
| NSE_EQ:ICICIBANK | 2023-01-19 14:15:00+05:30 | 91506331901e4559bf6c06286c5c493c | SELL |
+------------------+---------------------------+----------------------------------+------+
+----+---------------------------+------------------------+-------+
|    | TIMESTAMP                 | STATE                  | MSG   |
|----+---------------------------+------------------------+-------|
|  0 | 2023-01-19 14:15:00+05:30 | PUT ORDER REQ RECEIVED |       |
|  1 | 2023-01-19 14:15:00+05:30 | VALIDATION PENDING     |       |
|  2 | 2023-01-19 14:15:00+05:30 | OPEN PENDING           |       |
|  3 | 2023-01-19 14:15:00+05:30 | OPEN                   |       |
|  4 | 2023-01-19 14:15:00+05:30 | COMPLETE               |       |
+----+---------------------------+------------------------+-------+

+------------------+---------------------------+----------------------------------+------+
| INST             | timestamp                 | ID                               | TT   |
|------------------+---------------------------+----------------------------------+------|
| NSE_EQ:ICICIBANK | 2023-01-19 14:15:00+05:30 | 2d27c148bf514a578efd8a1b31f600f1 | SELL |
+------------------+---------------------------+----------------------------------+------+
+----+---------------------------+------------------------+-------+
|    | TIMESTAMP                 | STATE                  | MSG   |
|----+---------------------------+------------------------+-------|
|  0 | 2023-01-19 14:15:00+05:30 | PUT ORDER REQ RECEIVED |       |
|  1 | 2023-01-19 14:15:00+05:30 | VALIDATION PENDING     |       |
|  2 | 2023-01-19 14:15:00+05:30 | REJECTED               |       |
+----+---------------------------+------------------------+-------+

+------------------+---------------------------+----------------------------------+------+
| INST             | timestamp                 | ID                               | TT   |
|------------------+---------------------------+----------------------------------+------|
| NSE_EQ:ICICIBANK | 2023-01-19 15:15:00+05:30 | 8995665680f94f9b9a5f0f54cdb0356b | BUY  |
+------------------+---------------------------+----------------------------------+------+
+----+---------------------------+------------------------+-------+
|    | TIMESTAMP                 | STATE                  | MSG   |
|----+---------------------------+------------------------+-------|
|  0 | 2023-01-19 15:15:00+05:30 | PUT ORDER REQ RECEIVED |       |
|  1 | 2023-01-19 15:15:00+05:30 | VALIDATION PENDING     |       |
|  2 | 2023-01-19 15:15:00+05:30 | OPEN PENDING           |       |
|  3 | 2023-01-19 15:15:00+05:30 | OPEN                   |       |
|  4 | 2023-01-19 15:15:00+05:30 | COMPLETE               |       |
+----+---------------------------+------------------------+-------+

+------------------+---------------------------+----------------------------------+------+
| INST             | timestamp                 | ID                               | TT   |
|------------------+---------------------------+----------------------------------+------|
| NSE_EQ:ICICIBANK | 2023-01-20 09:15:00+05:30 | dad046a450f748618928ea73c9daf5f4 | BUY  |
+------------------+---------------------------+----------------------------------+------+
+----+---------------------------+------------------------+-------+
|    | TIMESTAMP                 | STATE                  | MSG   |
|----+---------------------------+------------------------+-------|
|  0 | 2023-01-20 09:15:00+05:30 | PUT ORDER REQ RECEIVED |       |
|  1 | 2023-01-20 09:15:00+05:30 | COMPLETE               |       |
+----+---------------------------+------------------------+-------+

+------------------+---------------------------+----------------------------------+------+
| INST             | timestamp                 | ID                               | TT   |
|------------------+---------------------------+----------------------------------+------|
| NSE_EQ:ICICIBANK | 2023-01-20 10:15:00+05:30 | ffed41f93e7b4f15944372df90763344 | SELL |
+------------------+---------------------------+----------------------------------+------+
+----+---------------------------+------------------------+-------+
|    | TIMESTAMP                 | STATE                  | MSG   |
|----+---------------------------+------------------------+-------|
|  0 | 2023-01-20 10:15:00+05:30 | PUT ORDER REQ RECEIVED |       |
|  1 | 2023-01-20 10:15:00+05:30 | VALIDATION PENDING     |       |
|  2 | 2023-01-20 10:15:00+05:30 | OPEN PENDING           |       |
|  3 | 2023-01-20 10:15:00+05:30 | OPEN                   |       |
|  4 | 2023-01-20 10:15:00+05:30 | COMPLETE               |       |
+----+---------------------------+------------------------+-------+

+------------------+---------------------------+----------------------------------+------+
| INST             | timestamp                 | ID                               | TT   |
|------------------+---------------------------+----------------------------------+------|
| NSE_EQ:ICICIBANK | 2023-01-20 10:15:00+05:30 | 5efbc54140534748997b122d4e3a085f | SELL |
+------------------+---------------------------+----------------------------------+------+
+----+---------------------------+------------------------+-------+
|    | TIMESTAMP                 | STATE                  | MSG   |
|----+---------------------------+------------------------+-------|
|  0 | 2023-01-20 10:15:00+05:30 | PUT ORDER REQ RECEIVED |       |
|  1 | 2023-01-20 10:15:00+05:30 | VALIDATION PENDING     |       |
|  2 | 2023-01-20 10:15:00+05:30 | REJECTED               |       |
+----+---------------------------+------------------------+-------+

+------------------+---------------------------+----------------------------------+------+
| INST             | timestamp                 | ID                               | TT   |
|------------------+---------------------------+----------------------------------+------|
| NSE_EQ:ICICIBANK | 2023-01-23 13:15:00+05:30 | 2199dcb70743422bb846856f8c1092b0 | BUY  |
+------------------+---------------------------+----------------------------------+------+
+----+---------------------------+------------------------+-------+
|    | TIMESTAMP                 | STATE                  | MSG   |
|----+---------------------------+------------------------+-------|
|  0 | 2023-01-23 13:15:00+05:30 | PUT ORDER REQ RECEIVED |       |
|  1 | 2023-01-23 13:15:00+05:30 | VALIDATION PENDING     |       |
|  2 | 2023-01-23 13:15:00+05:30 | OPEN PENDING           |       |
|  3 | 2023-01-23 13:15:00+05:30 | OPEN                   |       |
|  4 | 2023-01-23 13:15:00+05:30 | COMPLETE               |       |
+----+---------------------------+------------------------+-------+

+------------------+---------------------------+----------------------------------+------+
| INST             | timestamp                 | ID                               | TT   |
|------------------+---------------------------+----------------------------------+------|
| NSE_EQ:ICICIBANK | 2023-01-24 09:15:00+05:30 | 8ddb21b29a844112b3582472f5beca11 | BUY  |
+------------------+---------------------------+----------------------------------+------+
+----+---------------------------+------------------------+-------+
|    | TIMESTAMP                 | STATE                  | MSG   |
|----+---------------------------+------------------------+-------|
|  0 | 2023-01-24 09:15:00+05:30 | PUT ORDER REQ RECEIVED |       |
|  1 | 2023-01-24 09:15:00+05:30 | COMPLETE               |       |
+----+---------------------------+------------------------+-------+

+------------------+---------------------------+----------------------------------+------+
| INST             | timestamp                 | ID                               | TT   |
|------------------+---------------------------+----------------------------------+------|
| NSE_EQ:ICICIBANK | 2023-01-24 11:15:00+05:30 | d5c6efe26f284aa684a1a1bafe0e1f7e | SELL |
+------------------+---------------------------+----------------------------------+------+
+----+---------------------------+------------------------+-------+
|    | TIMESTAMP                 | STATE                  | MSG   |
|----+---------------------------+------------------------+-------|
|  0 | 2023-01-24 11:15:00+05:30 | PUT ORDER REQ RECEIVED |       |
|  1 | 2023-01-24 11:15:00+05:30 | VALIDATION PENDING     |       |
|  2 | 2023-01-24 11:15:00+05:30 | OPEN PENDING           |       |
|  3 | 2023-01-24 11:15:00+05:30 | OPEN                   |       |
|  4 | 2023-01-24 11:15:00+05:30 | COMPLETE               |       |
+----+---------------------------+------------------------+-------+

+------------------+---------------------------+----------------------------------+------+
| INST             | timestamp                 | ID                               | TT   |
|------------------+---------------------------+----------------------------------+------|
| NSE_EQ:ICICIBANK | 2023-01-24 11:15:00+05:30 | 886bdfcddef6415db245453e4c78d744 | SELL |
+------------------+---------------------------+----------------------------------+------+
+----+---------------------------+------------------------+-------+
|    | TIMESTAMP                 | STATE                  | MSG   |
|----+---------------------------+------------------------+-------|
|  0 | 2023-01-24 11:15:00+05:30 | PUT ORDER REQ RECEIVED |       |
|  1 | 2023-01-24 11:15:00+05:30 | VALIDATION PENDING     |       |
|  2 | 2023-01-24 11:15:00+05:30 | REJECTED               |       |
+----+---------------------------+------------------------+-------+

+------------------+---------------------------+----------------------------------+------+
| INST             | timestamp                 | ID                               | TT   |
|------------------+---------------------------+----------------------------------+------|
| NSE_EQ:ICICIBANK | 2023-01-24 14:15:00+05:30 | 14294bedbfb4417ea59d125bd8b52f93 | BUY  |
+------------------+---------------------------+----------------------------------+------+
+----+---------------------------+------------------------+-------+
|    | TIMESTAMP                 | STATE                  | MSG   |
|----+---------------------------+------------------------+-------|
|  0 | 2023-01-24 14:15:00+05:30 | PUT ORDER REQ RECEIVED |       |
|  1 | 2023-01-24 14:15:00+05:30 | VALIDATION PENDING     |       |
|  2 | 2023-01-24 14:15:00+05:30 | OPEN PENDING           |       |
|  3 | 2023-01-24 14:15:00+05:30 | OPEN                   |       |
|  4 | 2023-01-24 14:15:00+05:30 | COMPLETE               |       |
+----+---------------------------+------------------------+-------+

+------------------+---------------------------+----------------------------------+------+
| INST             | timestamp                 | ID                               | TT   |
|------------------+---------------------------+----------------------------------+------|
| NSE_EQ:ICICIBANK | 2023-01-25 09:15:00+05:30 | 93e525137b87447e8235fa9f9f0b4c7e | BUY  |
+------------------+---------------------------+----------------------------------+------+
+----+---------------------------+------------------------+-------+
|    | TIMESTAMP                 | STATE                  | MSG   |
|----+---------------------------+------------------------+-------|
|  0 | 2023-01-25 09:15:00+05:30 | PUT ORDER REQ RECEIVED |       |
|  1 | 2023-01-25 09:15:00+05:30 | COMPLETE               |       |
+----+---------------------------+------------------------+-------+

+------------------+---------------------------+----------------------------------+------+
| INST             | timestamp                 | ID                               | TT   |
|------------------+---------------------------+----------------------------------+------|
| NSE_EQ:ICICIBANK | 2023-01-27 09:15:00+05:30 | d54a2eee9f7d4a92af975b9a92563e64 | BUY  |
+------------------+---------------------------+----------------------------------+------+
+----+---------------------------+------------------------+-------+
|    | TIMESTAMP                 | STATE                  | MSG   |
|----+---------------------------+------------------------+-------|
|  0 | 2023-01-27 09:15:00+05:30 | PUT ORDER REQ RECEIVED |       |
|  1 | 2023-01-27 09:15:00+05:30 | COMPLETE               |       |
+----+---------------------------+------------------------+-------+

+------------------+---------------------------+----------------------------------+------+
| INST             | timestamp                 | ID                               | TT   |
|------------------+---------------------------+----------------------------------+------|
| NSE_EQ:ICICIBANK | 2023-01-30 09:15:00+05:30 | 6e04076440da4ac79990706931f8b964 | BUY  |
+------------------+---------------------------+----------------------------------+------+
+----+---------------------------+------------------------+-------+
|    | TIMESTAMP                 | STATE                  | MSG   |
|----+---------------------------+------------------------+-------|
|  0 | 2023-01-30 09:15:00+05:30 | PUT ORDER REQ RECEIVED |       |
|  1 | 2023-01-30 09:15:00+05:30 | COMPLETE               |       |
+----+---------------------------+------------------------+-------+

+------------------+---------------------------+----------------------------------+------+
| INST             | timestamp                 | ID                               | TT   |
|------------------+---------------------------+----------------------------------+------|
| NSE_EQ:ICICIBANK | 2023-01-30 15:15:00+05:30 | 6e1e3f3a6a6c43eaa8bbbf5a8e78fb4b | SELL |
+------------------+---------------------------+----------------------------------+------+
+----+---------------------------+------------------------+-------+
|    | TIMESTAMP                 | STATE                  | MSG   |
|----+---------------------------+------------------------+-------|
|  0 | 2023-01-30 15:15:00+05:30 | PUT ORDER REQ RECEIVED |       |
|  1 | 2023-01-30 15:15:00+05:30 | VALIDATION PENDING     |       |
|  2 | 2023-01-30 15:15:00+05:30 | OPEN PENDING           |       |
|  3 | 2023-01-30 15:15:00+05:30 | OPEN                   |       |
|  4 | 2023-01-30 15:15:00+05:30 | COMPLETE               |       |
+----+---------------------------+------------------------+-------+

+------------------+---------------------------+----------------------------------+------+
| INST             | timestamp                 | ID                               | TT   |
|------------------+---------------------------+----------------------------------+------|
| NSE_EQ:ICICIBANK | 2023-01-30 15:15:00+05:30 | 46c3fd8d8c7142f88daa571d0ee83934 | SELL |
+------------------+---------------------------+----------------------------------+------+
+----+---------------------------+------------------------+-------+
|    | TIMESTAMP                 | STATE                  | MSG   |
|----+---------------------------+------------------------+-------|
|  0 | 2023-01-30 15:15:00+05:30 | PUT ORDER REQ RECEIVED |       |
|  1 | 2023-01-30 15:15:00+05:30 | VALIDATION PENDING     |       |
|  2 | 2023-01-30 15:15:00+05:30 | REJECTED               |       |
+----+---------------------------+------------------------+-------+

+------------------+---------------------------+----------------------------------+------+
| INST             | timestamp                 | ID                               | TT   |
|------------------+---------------------------+----------------------------------+------|
| NSE_EQ:ICICIBANK | 2023-02-02 09:15:00+05:30 | d354259445804c019d64051ef20e2972 | BUY  |
+------------------+---------------------------+----------------------------------+------+
+----+---------------------------+------------------------+-------+
|    | TIMESTAMP                 | STATE                  | MSG   |
|----+---------------------------+------------------------+-------|
|  0 | 2023-02-02 09:15:00+05:30 | PUT ORDER REQ RECEIVED |       |
|  1 | 2023-02-02 09:15:00+05:30 | VALIDATION PENDING     |       |
|  2 | 2023-02-02 09:15:00+05:30 | OPEN PENDING           |       |
|  3 | 2023-02-02 09:15:00+05:30 | OPEN                   |       |
|  4 | 2023-02-02 09:15:00+05:30 | COMPLETE               |       |
+----+---------------------------+------------------------+-------+

+------------------+---------------------------+----------------------------------+------+
| INST             | timestamp                 | ID                               | TT   |
|------------------+---------------------------+----------------------------------+------|
| NSE_EQ:ICICIBANK | 2023-02-02 12:15:00+05:30 | 2cb8bd755d62421d8cdba8d0874641a0 | SELL |
+------------------+---------------------------+----------------------------------+------+
+----+---------------------------+------------------------+-------+
|    | TIMESTAMP                 | STATE                  | MSG   |
|----+---------------------------+------------------------+-------|
|  0 | 2023-02-02 12:15:00+05:30 | PUT ORDER REQ RECEIVED |       |
|  1 | 2023-02-02 12:15:00+05:30 | VALIDATION PENDING     |       |
|  2 | 2023-02-02 12:15:00+05:30 | OPEN PENDING           |       |
|  3 | 2023-02-02 12:15:00+05:30 | OPEN                   |       |
|  4 | 2023-02-02 12:15:00+05:30 | COMPLETE               |       |
+----+---------------------------+------------------------+-------+

+------------------+---------------------------+----------------------------------+------+
| INST             | timestamp                 | ID                               | TT   |
|------------------+---------------------------+----------------------------------+------|
| NSE_EQ:ICICIBANK | 2023-02-02 12:15:00+05:30 | 6d520f01d8d2497dbadf7de96752a394 | SELL |
+------------------+---------------------------+----------------------------------+------+
+----+---------------------------+------------------------+-------+
|    | TIMESTAMP                 | STATE                  | MSG   |
|----+---------------------------+------------------------+-------|
|  0 | 2023-02-02 12:15:00+05:30 | PUT ORDER REQ RECEIVED |       |
|  1 | 2023-02-02 12:15:00+05:30 | VALIDATION PENDING     |       |
|  2 | 2023-02-02 12:15:00+05:30 | REJECTED               |       |
+----+---------------------------+------------------------+-------+

+------------------+---------------------------+----------------------------------+------+
| INST             | timestamp                 | ID                               | TT   |
|------------------+---------------------------+----------------------------------+------|
| NSE_EQ:ICICIBANK | 2023-02-02 13:15:00+05:30 | 9d5cf5cd842c4f3a98cf741355a6b2a3 | BUY  |
+------------------+---------------------------+----------------------------------+------+
+----+---------------------------+------------------------+-------+
|    | TIMESTAMP                 | STATE                  | MSG   |
|----+---------------------------+------------------------+-------|
|  0 | 2023-02-02 13:15:00+05:30 | PUT ORDER REQ RECEIVED |       |
|  1 | 2023-02-02 13:15:00+05:30 | VALIDATION PENDING     |       |
|  2 | 2023-02-02 13:15:00+05:30 | OPEN PENDING           |       |
|  3 | 2023-02-02 13:15:00+05:30 | OPEN                   |       |
|  4 | 2023-02-02 13:15:00+05:30 | COMPLETE               |       |
+----+---------------------------+------------------------+-------+

+------------------+---------------------------+----------------------------------+------+
| INST             | timestamp                 | ID                               | TT   |
|------------------+---------------------------+----------------------------------+------|
| NSE_EQ:ICICIBANK | 2023-02-02 15:15:00+05:30 | 3e227fb81088422c8c9f7133669af05f | SELL |
+------------------+---------------------------+----------------------------------+------+
+----+---------------------------+------------------------+-------+
|    | TIMESTAMP                 | STATE                  | MSG   |
|----+---------------------------+------------------------+-------|
|  0 | 2023-02-02 15:15:00+05:30 | PUT ORDER REQ RECEIVED |       |
|  1 | 2023-02-02 15:15:00+05:30 | VALIDATION PENDING     |       |
|  2 | 2023-02-02 15:15:00+05:30 | OPEN PENDING           |       |
|  3 | 2023-02-02 15:15:00+05:30 | OPEN                   |       |
|  4 | 2023-02-02 15:15:00+05:30 | COMPLETE               |       |
+----+---------------------------+------------------------+-------+

+------------------+---------------------------+----------------------------------+------+
| INST             | timestamp                 | ID                               | TT   |
|------------------+---------------------------+----------------------------------+------|
| NSE_EQ:ICICIBANK | 2023-02-02 15:15:00+05:30 | 4810d7df8d94452ca3a79704228faf04 | SELL |
+------------------+---------------------------+----------------------------------+------+
+----+---------------------------+------------------------+-------+
|    | TIMESTAMP                 | STATE                  | MSG   |
|----+---------------------------+------------------------+-------|
|  0 | 2023-02-02 15:15:00+05:30 | PUT ORDER REQ RECEIVED |       |
|  1 | 2023-02-02 15:15:00+05:30 | VALIDATION PENDING     |       |
|  2 | 2023-02-02 15:15:00+05:30 | REJECTED               |       |
+----+---------------------------+------------------------+-------+

+------------------+---------------------------+----------------------------------+------+
| INST             | timestamp                 | ID                               | TT   |
|------------------+---------------------------+----------------------------------+------|
| NSE_EQ:ICICIBANK | 2023-02-03 13:15:00+05:30 | 701fd723ba0149f596746f3a2f148c97 | BUY  |
+------------------+---------------------------+----------------------------------+------+
+----+---------------------------+------------------------+-------+
|    | TIMESTAMP                 | STATE                  | MSG   |
|----+---------------------------+------------------------+-------|
|  0 | 2023-02-03 13:15:00+05:30 | PUT ORDER REQ RECEIVED |       |
|  1 | 2023-02-03 13:15:00+05:30 | VALIDATION PENDING     |       |
|  2 | 2023-02-03 13:15:00+05:30 | OPEN PENDING           |       |
|  3 | 2023-02-03 13:15:00+05:30 | OPEN                   |       |
|  4 | 2023-02-03 13:15:00+05:30 | COMPLETE               |       |
+----+---------------------------+------------------------+-------+

+------------------+---------------------------+----------------------------------+------+
| INST             | timestamp                 | ID                               | TT   |
|------------------+---------------------------+----------------------------------+------|
| NSE_EQ:ICICIBANK | 2023-02-03 15:15:00+05:30 | 728df28bc30f41ebb5501f5ecee003fe | SELL |
+------------------+---------------------------+----------------------------------+------+
+----+---------------------------+------------------------+-------+
|    | TIMESTAMP                 | STATE                  | MSG   |
|----+---------------------------+------------------------+-------|
|  0 | 2023-02-03 15:15:00+05:30 | PUT ORDER REQ RECEIVED |       |
|  1 | 2023-02-03 15:15:00+05:30 | VALIDATION PENDING     |       |
|  2 | 2023-02-03 15:15:00+05:30 | OPEN PENDING           |       |
|  3 | 2023-02-03 15:15:00+05:30 | OPEN                   |       |
|  4 | 2023-02-03 15:15:00+05:30 | COMPLETE               |       |
+----+---------------------------+------------------------+-------+

+------------------+---------------------------+----------------------------------+------+
| INST             | timestamp                 | ID                               | TT   |
|------------------+---------------------------+----------------------------------+------|
| NSE_EQ:ICICIBANK | 2023-02-03 15:15:00+05:30 | e214b95c172f4de5bd00f89ba32175d7 | SELL |
+------------------+---------------------------+----------------------------------+------+
+----+---------------------------+------------------------+-------+
|    | TIMESTAMP                 | STATE                  | MSG   |
|----+---------------------------+------------------------+-------|
|  0 | 2023-02-03 15:15:00+05:30 | PUT ORDER REQ RECEIVED |       |
|  1 | 2023-02-03 15:15:00+05:30 | VALIDATION PENDING     |       |
|  2 | 2023-02-03 15:15:00+05:30 | REJECTED               |       |
+----+---------------------------+------------------------+-------+

+------------------+---------------------------+----------------------------------+------+
| INST             | timestamp                 | ID                               | TT   |
|------------------+---------------------------+----------------------------------+------|
| NSE_EQ:ICICIBANK | 2023-02-06 11:15:00+05:30 | e8021e2a7d4f4ac3aea54ded804738e7 | BUY  |
+------------------+---------------------------+----------------------------------+------+
+----+---------------------------+------------------------+-------+
|    | TIMESTAMP                 | STATE                  | MSG   |
|----+---------------------------+------------------------+-------|
|  0 | 2023-02-06 11:15:00+05:30 | PUT ORDER REQ RECEIVED |       |
|  1 | 2023-02-06 11:15:00+05:30 | VALIDATION PENDING     |       |
|  2 | 2023-02-06 11:15:00+05:30 | OPEN PENDING           |       |
|  3 | 2023-02-06 11:15:00+05:30 | OPEN                   |       |
|  4 | 2023-02-06 11:15:00+05:30 | COMPLETE               |       |
+----+---------------------------+------------------------+-------+

+------------------+---------------------------+----------------------------------+------+
| INST             | timestamp                 | ID                               | TT   |
|------------------+---------------------------+----------------------------------+------|
| NSE_EQ:ICICIBANK | 2023-02-07 09:15:00+05:30 | 4c3c61504d25423aac16ec5d57bd45d4 | BUY  |
+------------------+---------------------------+----------------------------------+------+
+----+---------------------------+------------------------+-------+
|    | TIMESTAMP                 | STATE                  | MSG   |
|----+---------------------------+------------------------+-------|
|  0 | 2023-02-07 09:15:00+05:30 | PUT ORDER REQ RECEIVED |       |
|  1 | 2023-02-07 09:15:00+05:30 | COMPLETE               |       |
+----+---------------------------+------------------------+-------+

+------------------+---------------------------+----------------------------------+------+
| INST             | timestamp                 | ID                               | TT   |
|------------------+---------------------------+----------------------------------+------|
| NSE_EQ:ICICIBANK | 2023-02-08 09:15:00+05:30 | 0add405c45694ec4a335e708286873f5 | BUY  |
+------------------+---------------------------+----------------------------------+------+
+----+---------------------------+------------------------+-------+
|    | TIMESTAMP                 | STATE                  | MSG   |
|----+---------------------------+------------------------+-------|
|  0 | 2023-02-08 09:15:00+05:30 | PUT ORDER REQ RECEIVED |       |
|  1 | 2023-02-08 09:15:00+05:30 | COMPLETE               |       |
+----+---------------------------+------------------------+-------+

+------------------+---------------------------+----------------------------------+------+
| INST             | timestamp                 | ID                               | TT   |
|------------------+---------------------------+----------------------------------+------|
| NSE_EQ:ICICIBANK | 2023-02-08 10:15:00+05:30 | 5b8e2b335c584e03ae96015bf2678e33 | SELL |
+------------------+---------------------------+----------------------------------+------+
+----+---------------------------+------------------------+-------+
|    | TIMESTAMP                 | STATE                  | MSG   |
|----+---------------------------+------------------------+-------|
|  0 | 2023-02-08 10:15:00+05:30 | PUT ORDER REQ RECEIVED |       |
|  1 | 2023-02-08 10:15:00+05:30 | VALIDATION PENDING     |       |
|  2 | 2023-02-08 10:15:00+05:30 | OPEN PENDING           |       |
|  3 | 2023-02-08 10:15:00+05:30 | OPEN                   |       |
|  4 | 2023-02-08 10:15:00+05:30 | COMPLETE               |       |
+----+---------------------------+------------------------+-------+

+------------------+---------------------------+----------------------------------+------+
| INST             | timestamp                 | ID                               | TT   |
|------------------+---------------------------+----------------------------------+------|
| NSE_EQ:ICICIBANK | 2023-02-08 10:15:00+05:30 | 2bc1b10aa67143929d087334dd37cc90 | SELL |
+------------------+---------------------------+----------------------------------+------+
+----+---------------------------+------------------------+-------+
|    | TIMESTAMP                 | STATE                  | MSG   |
|----+---------------------------+------------------------+-------|
|  0 | 2023-02-08 10:15:00+05:30 | PUT ORDER REQ RECEIVED |       |
|  1 | 2023-02-08 10:15:00+05:30 | VALIDATION PENDING     |       |
|  2 | 2023-02-08 10:15:00+05:30 | REJECTED               |       |
+----+---------------------------+------------------------+-------+

+------------------+---------------------------+----------------------------------+------+
| INST             | timestamp                 | ID                               | TT   |
|------------------+---------------------------+----------------------------------+------|
| NSE_EQ:ICICIBANK | 2023-02-10 10:15:00+05:30 | 2839bc67c4964ccc9a3693f34ca853eb | BUY  |
+------------------+---------------------------+----------------------------------+------+
+----+---------------------------+------------------------+-------+
|    | TIMESTAMP                 | STATE                  | MSG   |
|----+---------------------------+------------------------+-------|
|  0 | 2023-02-10 10:15:00+05:30 | PUT ORDER REQ RECEIVED |       |
|  1 | 2023-02-10 10:15:00+05:30 | VALIDATION PENDING     |       |
|  2 | 2023-02-10 10:15:00+05:30 | OPEN PENDING           |       |
|  3 | 2023-02-10 10:15:00+05:30 | OPEN                   |       |
|  4 | 2023-02-10 10:15:00+05:30 | COMPLETE               |       |
+----+---------------------------+------------------------+-------+

+------------------+---------------------------+----------------------------------+------+
| INST             | timestamp                 | ID                               | TT   |
|------------------+---------------------------+----------------------------------+------|
| NSE_EQ:ICICIBANK | 2023-02-10 11:15:00+05:30 | c37a6242dd6d48f98a5591c45b152577 | SELL |
+------------------+---------------------------+----------------------------------+------+
+----+---------------------------+------------------------+-------+
|    | TIMESTAMP                 | STATE                  | MSG   |
|----+---------------------------+------------------------+-------|
|  0 | 2023-02-10 11:15:00+05:30 | PUT ORDER REQ RECEIVED |       |
|  1 | 2023-02-10 11:15:00+05:30 | VALIDATION PENDING     |       |
|  2 | 2023-02-10 11:15:00+05:30 | OPEN PENDING           |       |
|  3 | 2023-02-10 11:15:00+05:30 | OPEN                   |       |
|  4 | 2023-02-10 11:15:00+05:30 | COMPLETE               |       |
+----+---------------------------+------------------------+-------+

+------------------+---------------------------+----------------------------------+------+
| INST             | timestamp                 | ID                               | TT   |
|------------------+---------------------------+----------------------------------+------|
| NSE_EQ:ICICIBANK | 2023-02-10 11:15:00+05:30 | 9016d6cebd8a4d60974b8969a741366c | SELL |
+------------------+---------------------------+----------------------------------+------+
+----+---------------------------+------------------------+-------+
|    | TIMESTAMP                 | STATE                  | MSG   |
|----+---------------------------+------------------------+-------|
|  0 | 2023-02-10 11:15:00+05:30 | PUT ORDER REQ RECEIVED |       |
|  1 | 2023-02-10 11:15:00+05:30 | VALIDATION PENDING     |       |
|  2 | 2023-02-10 11:15:00+05:30 | REJECTED               |       |
+----+---------------------------+------------------------+-------+

+------------------+---------------------------+----------------------------------+------+
| INST             | timestamp                 | ID                               | TT   |
|------------------+---------------------------+----------------------------------+------|
| NSE_EQ:ICICIBANK | 2023-02-10 12:15:00+05:30 | 4c058e258b8e4899ad1b424e8b0b0b6b | BUY  |
+------------------+---------------------------+----------------------------------+------+
+----+---------------------------+------------------------+-------+
|    | TIMESTAMP                 | STATE                  | MSG   |
|----+---------------------------+------------------------+-------|
|  0 | 2023-02-10 12:15:00+05:30 | PUT ORDER REQ RECEIVED |       |
|  1 | 2023-02-10 12:15:00+05:30 | VALIDATION PENDING     |       |
|  2 | 2023-02-10 12:15:00+05:30 | OPEN PENDING           |       |
|  3 | 2023-02-10 12:15:00+05:30 | OPEN                   |       |
|  4 | 2023-02-10 12:15:00+05:30 | COMPLETE               |       |
+----+---------------------------+------------------------+-------+

+------------------+---------------------------+----------------------------------+------+
| INST             | timestamp                 | ID                               | TT   |
|------------------+---------------------------+----------------------------------+------|
| NSE_EQ:ICICIBANK | 2023-02-13 09:15:00+05:30 | 12ec7841d4c04d9a864338e6ce35b98b | BUY  |
+------------------+---------------------------+----------------------------------+------+
+----+---------------------------+------------------------+-------+
|    | TIMESTAMP                 | STATE                  | MSG   |
|----+---------------------------+------------------------+-------|
|  0 | 2023-02-13 09:15:00+05:30 | PUT ORDER REQ RECEIVED |       |
|  1 | 2023-02-13 09:15:00+05:30 | COMPLETE               |       |
+----+---------------------------+------------------------+-------+

+------------------+---------------------------+----------------------------------+------+
| INST             | timestamp                 | ID                               | TT   |
|------------------+---------------------------+----------------------------------+------|
| NSE_EQ:ICICIBANK | 2023-02-13 11:15:00+05:30 | fdd162b27285494a9f025a4b02a1f67a | SELL |
+------------------+---------------------------+----------------------------------+------+
+----+---------------------------+------------------------+-------+
|    | TIMESTAMP                 | STATE                  | MSG   |
|----+---------------------------+------------------------+-------|
|  0 | 2023-02-13 11:15:00+05:30 | PUT ORDER REQ RECEIVED |       |
|  1 | 2023-02-13 11:15:00+05:30 | VALIDATION PENDING     |       |
|  2 | 2023-02-13 11:15:00+05:30 | OPEN PENDING           |       |
|  3 | 2023-02-13 11:15:00+05:30 | OPEN                   |       |
|  4 | 2023-02-13 11:15:00+05:30 | COMPLETE               |       |
+----+---------------------------+------------------------+-------+

+------------------+---------------------------+----------------------------------+------+
| INST             | timestamp                 | ID                               | TT   |
|------------------+---------------------------+----------------------------------+------|
| NSE_EQ:ICICIBANK | 2023-02-13 11:15:00+05:30 | adeccde6d5364bf78805bdc3ab423ca0 | SELL |
+------------------+---------------------------+----------------------------------+------+
+----+---------------------------+------------------------+-------+
|    | TIMESTAMP                 | STATE                  | MSG   |
|----+---------------------------+------------------------+-------|
|  0 | 2023-02-13 11:15:00+05:30 | PUT ORDER REQ RECEIVED |       |
|  1 | 2023-02-13 11:15:00+05:30 | VALIDATION PENDING     |       |
|  2 | 2023-02-13 11:15:00+05:30 | REJECTED               |       |
+----+---------------------------+------------------------+-------+

+------------------+---------------------------+----------------------------------+------+
| INST             | timestamp                 | ID                               | TT   |
|------------------+---------------------------+----------------------------------+------|
| NSE_EQ:ICICIBANK | 2023-02-13 12:15:00+05:30 | fa927fc7dd6f425795ea84749acef331 | BUY  |
+------------------+---------------------------+----------------------------------+------+
+----+---------------------------+------------------------+-------+
|    | TIMESTAMP                 | STATE                  | MSG   |
|----+---------------------------+------------------------+-------|
|  0 | 2023-02-13 12:15:00+05:30 | PUT ORDER REQ RECEIVED |       |
|  1 | 2023-02-13 12:15:00+05:30 | VALIDATION PENDING     |       |
|  2 | 2023-02-13 12:15:00+05:30 | OPEN PENDING           |       |
|  3 | 2023-02-13 12:15:00+05:30 | OPEN                   |       |
|  4 | 2023-02-13 12:15:00+05:30 | COMPLETE               |       |
+----+---------------------------+------------------------+-------+

+------------------+---------------------------+----------------------------------+------+
| INST             | timestamp                 | ID                               | TT   |
|------------------+---------------------------+----------------------------------+------|
| NSE_EQ:ICICIBANK | 2023-02-14 09:15:00+05:30 | ca96663a962644c8b238148590526034 | BUY  |
+------------------+---------------------------+----------------------------------+------+
+----+---------------------------+------------------------+-------+
|    | TIMESTAMP                 | STATE                  | MSG   |
|----+---------------------------+------------------------+-------|
|  0 | 2023-02-14 09:15:00+05:30 | PUT ORDER REQ RECEIVED |       |
|  1 | 2023-02-14 09:15:00+05:30 | COMPLETE               |       |
+----+---------------------------+------------------------+-------+

+------------------+---------------------------+----------------------------------+------+
| INST             | timestamp                 | ID                               | TT   |
|------------------+---------------------------+----------------------------------+------|
| NSE_EQ:ICICIBANK | 2023-02-14 10:15:00+05:30 | 424d5e4e03b24b438218961a9ae2dd13 | SELL |
+------------------+---------------------------+----------------------------------+------+
+----+---------------------------+------------------------+-------+
|    | TIMESTAMP                 | STATE                  | MSG   |
|----+---------------------------+------------------------+-------|
|  0 | 2023-02-14 10:15:00+05:30 | PUT ORDER REQ RECEIVED |       |
|  1 | 2023-02-14 10:15:00+05:30 | VALIDATION PENDING     |       |
|  2 | 2023-02-14 10:15:00+05:30 | OPEN PENDING           |       |
|  3 | 2023-02-14 10:15:00+05:30 | OPEN                   |       |
|  4 | 2023-02-14 10:15:00+05:30 | COMPLETE               |       |
+----+---------------------------+------------------------+-------+

+------------------+---------------------------+----------------------------------+------+
| INST             | timestamp                 | ID                               | TT   |
|------------------+---------------------------+----------------------------------+------|
| NSE_EQ:ICICIBANK | 2023-02-14 10:15:00+05:30 | f79259ce0b4547aea769a6170efc5cb9 | SELL |
+------------------+---------------------------+----------------------------------+------+
+----+---------------------------+------------------------+-------+
|    | TIMESTAMP                 | STATE                  | MSG   |
|----+---------------------------+------------------------+-------|
|  0 | 2023-02-14 10:15:00+05:30 | PUT ORDER REQ RECEIVED |       |
|  1 | 2023-02-14 10:15:00+05:30 | VALIDATION PENDING     |       |
|  2 | 2023-02-14 10:15:00+05:30 | REJECTED               |       |
+----+---------------------------+------------------------+-------+

+------------------+---------------------------+----------------------------------+------+
| INST             | timestamp                 | ID                               | TT   |
|------------------+---------------------------+----------------------------------+------|
| NSE_EQ:ICICIBANK | 2023-02-17 09:15:00+05:30 | 7b2b57761e854e85a22844e8faed87bb | BUY  |
+------------------+---------------------------+----------------------------------+------+
+----+---------------------------+------------------------+-------+
|    | TIMESTAMP                 | STATE                  | MSG   |
|----+---------------------------+------------------------+-------|
|  0 | 2023-02-17 09:15:00+05:30 | PUT ORDER REQ RECEIVED |       |
|  1 | 2023-02-17 09:15:00+05:30 | VALIDATION PENDING     |       |
|  2 | 2023-02-17 09:15:00+05:30 | OPEN PENDING           |       |
|  3 | 2023-02-17 09:15:00+05:30 | OPEN                   |       |
|  4 | 2023-02-17 09:15:00+05:30 | COMPLETE               |       |
+----+---------------------------+------------------------+-------+

+------------------+---------------------------+----------------------------------+------+
| INST             | timestamp                 | ID                               | TT   |
|------------------+---------------------------+----------------------------------+------|
| NSE_EQ:ICICIBANK | 2023-02-20 09:15:00+05:30 | 0da1cdba542e438491df05b68e9b06bd | BUY  |
+------------------+---------------------------+----------------------------------+------+
+----+---------------------------+------------------------+-------+
|    | TIMESTAMP                 | STATE                  | MSG   |
|----+---------------------------+------------------------+-------|
|  0 | 2023-02-20 09:15:00+05:30 | PUT ORDER REQ RECEIVED |       |
|  1 | 2023-02-20 09:15:00+05:30 | COMPLETE               |       |
+----+---------------------------+------------------------+-------+

+------------------+---------------------------+----------------------------------+------+
| INST             | timestamp                 | ID                               | TT   |
|------------------+---------------------------+----------------------------------+------|
| NSE_EQ:ICICIBANK | 2023-02-20 10:15:00+05:30 | 7bfe1819ea37444184795fa927ce00b3 | SELL |
+------------------+---------------------------+----------------------------------+------+
+----+---------------------------+------------------------+-------+
|    | TIMESTAMP                 | STATE                  | MSG   |
|----+---------------------------+------------------------+-------|
|  0 | 2023-02-20 10:15:00+05:30 | PUT ORDER REQ RECEIVED |       |
|  1 | 2023-02-20 10:15:00+05:30 | VALIDATION PENDING     |       |
|  2 | 2023-02-20 10:15:00+05:30 | OPEN PENDING           |       |
|  3 | 2023-02-20 10:15:00+05:30 | OPEN                   |       |
|  4 | 2023-02-20 10:15:00+05:30 | COMPLETE               |       |
+----+---------------------------+------------------------+-------+

+------------------+---------------------------+----------------------------------+------+
| INST             | timestamp                 | ID                               | TT   |
|------------------+---------------------------+----------------------------------+------|
| NSE_EQ:ICICIBANK | 2023-02-20 10:15:00+05:30 | ffc5ce2bc1a94ca6be7aa971bfd6b603 | SELL |
+------------------+---------------------------+----------------------------------+------+
+----+---------------------------+------------------------+-------+
|    | TIMESTAMP                 | STATE                  | MSG   |
|----+---------------------------+------------------------+-------|
|  0 | 2023-02-20 10:15:00+05:30 | PUT ORDER REQ RECEIVED |       |
|  1 | 2023-02-20 10:15:00+05:30 | VALIDATION PENDING     |       |
|  2 | 2023-02-20 10:15:00+05:30 | REJECTED               |       |
+----+---------------------------+------------------------+-------+

+------------------+---------------------------+----------------------------------+------+
| INST             | timestamp                 | ID                               | TT   |
|------------------+---------------------------+----------------------------------+------|
| NSE_EQ:ICICIBANK | 2023-02-20 11:15:00+05:30 | 2ed130d97dab403e80f1ad852c70febb | BUY  |
+------------------+---------------------------+----------------------------------+------+
+----+---------------------------+------------------------+-------+
|    | TIMESTAMP                 | STATE                  | MSG   |
|----+---------------------------+------------------------+-------|
|  0 | 2023-02-20 11:15:00+05:30 | PUT ORDER REQ RECEIVED |       |
|  1 | 2023-02-20 11:15:00+05:30 | VALIDATION PENDING     |       |
|  2 | 2023-02-20 11:15:00+05:30 | OPEN PENDING           |       |
|  3 | 2023-02-20 11:15:00+05:30 | OPEN                   |       |
|  4 | 2023-02-20 11:15:00+05:30 | COMPLETE               |       |
+----+---------------------------+------------------------+-------+

+------------------+---------------------------+----------------------------------+------+
| INST             | timestamp                 | ID                               | TT   |
|------------------+---------------------------+----------------------------------+------|
| NSE_EQ:ICICIBANK | 2023-02-21 09:15:00+05:30 | 2be8f4fb72c54faebb9380273f118eb4 | BUY  |
+------------------+---------------------------+----------------------------------+------+
+----+---------------------------+------------------------+-------+
|    | TIMESTAMP                 | STATE                  | MSG   |
|----+---------------------------+------------------------+-------|
|  0 | 2023-02-21 09:15:00+05:30 | PUT ORDER REQ RECEIVED |       |
|  1 | 2023-02-21 09:15:00+05:30 | COMPLETE               |       |
+----+---------------------------+------------------------+-------+

+------------------+---------------------------+----------------------------------+------+
| INST             | timestamp                 | ID                               | TT   |
|------------------+---------------------------+----------------------------------+------|
| NSE_EQ:ICICIBANK | 2023-02-21 14:15:00+05:30 | e1d4f0616afb4d448772e1c2b3b339c8 | SELL |
+------------------+---------------------------+----------------------------------+------+
+----+---------------------------+------------------------+-------+
|    | TIMESTAMP                 | STATE                  | MSG   |
|----+---------------------------+------------------------+-------|
|  0 | 2023-02-21 14:15:00+05:30 | PUT ORDER REQ RECEIVED |       |
|  1 | 2023-02-21 14:15:00+05:30 | VALIDATION PENDING     |       |
|  2 | 2023-02-21 14:15:00+05:30 | OPEN PENDING           |       |
|  3 | 2023-02-21 14:15:00+05:30 | OPEN                   |       |
|  4 | 2023-02-21 14:15:00+05:30 | COMPLETE               |       |
+----+---------------------------+------------------------+-------+

+------------------+---------------------------+----------------------------------+------+
| INST             | timestamp                 | ID                               | TT   |
|------------------+---------------------------+----------------------------------+------|
| NSE_EQ:ICICIBANK | 2023-02-21 14:15:00+05:30 | e8e54671fffb4bb58ece17eadecca095 | SELL |
+------------------+---------------------------+----------------------------------+------+
+----+---------------------------+------------------------+-------+
|    | TIMESTAMP                 | STATE                  | MSG   |
|----+---------------------------+------------------------+-------|
|  0 | 2023-02-21 14:15:00+05:30 | PUT ORDER REQ RECEIVED |       |
|  1 | 2023-02-21 14:15:00+05:30 | VALIDATION PENDING     |       |
|  2 | 2023-02-21 14:15:00+05:30 | REJECTED               |       |
+----+---------------------------+------------------------+-------+

+------------------+---------------------------+----------------------------------+------+
| INST             | timestamp                 | ID                               | TT   |
|------------------+---------------------------+----------------------------------+------|
| NSE_EQ:ICICIBANK | 2023-02-21 15:15:00+05:30 | 136ec857a1354fe2bbc2f26c2ea118b7 | BUY  |
+------------------+---------------------------+----------------------------------+------+
+----+---------------------------+------------------------+-------+
|    | TIMESTAMP                 | STATE                  | MSG   |
|----+---------------------------+------------------------+-------|
|  0 | 2023-02-21 15:15:00+05:30 | PUT ORDER REQ RECEIVED |       |
|  1 | 2023-02-21 15:15:00+05:30 | VALIDATION PENDING     |       |
|  2 | 2023-02-21 15:15:00+05:30 | OPEN PENDING           |       |
|  3 | 2023-02-21 15:15:00+05:30 | OPEN                   |       |
|  4 | 2023-02-21 15:15:00+05:30 | COMPLETE               |       |
+----+---------------------------+------------------------+-------+

+------------------+---------------------------+----------------------------------+------+
| INST             | timestamp                 | ID                               | TT   |
|------------------+---------------------------+----------------------------------+------|
| NSE_EQ:ICICIBANK | 2023-02-22 09:15:00+05:30 | d0689654c0e542268cb05417a9ec60bc | BUY  |
+------------------+---------------------------+----------------------------------+------+
+----+---------------------------+------------------------+-------+
|    | TIMESTAMP                 | STATE                  | MSG   |
|----+---------------------------+------------------------+-------|
|  0 | 2023-02-22 09:15:00+05:30 | PUT ORDER REQ RECEIVED |       |
|  1 | 2023-02-22 09:15:00+05:30 | COMPLETE               |       |
+----+---------------------------+------------------------+-------+

+------------------+---------------------------+----------------------------------+------+
| INST             | timestamp                 | ID                               | TT   |
|------------------+---------------------------+----------------------------------+------|
| NSE_EQ:ICICIBANK | 2023-02-22 09:15:00+05:30 | 27b5e6ca7afb418ba7b457cb512c6a02 | SELL |
+------------------+---------------------------+----------------------------------+------+
+----+---------------------------+------------------------+-------+
|    | TIMESTAMP                 | STATE                  | MSG   |
|----+---------------------------+------------------------+-------|
|  0 | 2023-02-22 09:15:00+05:30 | PUT ORDER REQ RECEIVED |       |
|  1 | 2023-02-22 09:15:00+05:30 | VALIDATION PENDING     |       |
|  2 | 2023-02-22 09:15:00+05:30 | OPEN PENDING           |       |
|  3 | 2023-02-22 09:15:00+05:30 | OPEN                   |       |
|  4 | 2023-02-22 09:15:00+05:30 | COMPLETE               |       |
+----+---------------------------+------------------------+-------+

+------------------+---------------------------+----------------------------------+------+
| INST             | timestamp                 | ID                               | TT   |
|------------------+---------------------------+----------------------------------+------|
| NSE_EQ:ICICIBANK | 2023-02-22 09:15:00+05:30 | 099e9f1a904743ba9b57b5bd12083969 | SELL |
+------------------+---------------------------+----------------------------------+------+
+----+---------------------------+------------------------+-------+
|    | TIMESTAMP                 | STATE                  | MSG   |
|----+---------------------------+------------------------+-------|
|  0 | 2023-02-22 09:15:00+05:30 | PUT ORDER REQ RECEIVED |       |
|  1 | 2023-02-22 09:15:00+05:30 | VALIDATION PENDING     |       |
|  2 | 2023-02-22 09:15:00+05:30 | REJECTED               |       |
+----+---------------------------+------------------------+-------+

+------------------+---------------------------+----------------------------------+------+
| INST             | timestamp                 | ID                               | TT   |
|------------------+---------------------------+----------------------------------+------|
| NSE_EQ:ICICIBANK | 2023-02-22 10:15:00+05:30 | a2db681eb8664cf1a64bb2bd825adc16 | BUY  |
+------------------+---------------------------+----------------------------------+------+
+----+---------------------------+------------------------+-------+
|    | TIMESTAMP                 | STATE                  | MSG   |
|----+---------------------------+------------------------+-------|
|  0 | 2023-02-22 10:15:00+05:30 | PUT ORDER REQ RECEIVED |       |
|  1 | 2023-02-22 10:15:00+05:30 | VALIDATION PENDING     |       |
|  2 | 2023-02-22 10:15:00+05:30 | OPEN PENDING           |       |
|  3 | 2023-02-22 10:15:00+05:30 | OPEN                   |       |
|  4 | 2023-02-22 10:15:00+05:30 | COMPLETE               |       |
+----+---------------------------+------------------------+-------+

+------------------+---------------------------+----------------------------------+------+
| INST             | timestamp                 | ID                               | TT   |
|------------------+---------------------------+----------------------------------+------|
| NSE_EQ:ICICIBANK | 2023-02-23 09:15:00+05:30 | 1cc7dd5dd7904fb6bd555e3e351064c1 | BUY  |
+------------------+---------------------------+----------------------------------+------+
+----+---------------------------+------------------------+-------+
|    | TIMESTAMP                 | STATE                  | MSG   |
|----+---------------------------+------------------------+-------|
|  0 | 2023-02-23 09:15:00+05:30 | PUT ORDER REQ RECEIVED |       |
|  1 | 2023-02-23 09:15:00+05:30 | COMPLETE               |       |
+----+---------------------------+------------------------+-------+

+------------------+---------------------------+----------------------------------+------+
| INST             | timestamp                 | ID                               | TT   |
|------------------+---------------------------+----------------------------------+------|
| NSE_EQ:ICICIBANK | 2023-02-23 14:15:00+05:30 | a42371f12940437a93680c38add2406a | SELL |
+------------------+---------------------------+----------------------------------+------+
+----+---------------------------+------------------------+-------+
|    | TIMESTAMP                 | STATE                  | MSG   |
|----+---------------------------+------------------------+-------|
|  0 | 2023-02-23 14:15:00+05:30 | PUT ORDER REQ RECEIVED |       |
|  1 | 2023-02-23 14:15:00+05:30 | VALIDATION PENDING     |       |
|  2 | 2023-02-23 14:15:00+05:30 | OPEN PENDING           |       |
|  3 | 2023-02-23 14:15:00+05:30 | OPEN                   |       |
|  4 | 2023-02-23 14:15:00+05:30 | COMPLETE               |       |
+----+---------------------------+------------------------+-------+

+------------------+---------------------------+----------------------------------+------+
| INST             | timestamp                 | ID                               | TT   |
|------------------+---------------------------+----------------------------------+------|
| NSE_EQ:ICICIBANK | 2023-02-23 14:15:00+05:30 | b35cc37cb7ce4c0eb99cb0f4f7641161 | SELL |
+------------------+---------------------------+----------------------------------+------+
+----+---------------------------+------------------------+-------+
|    | TIMESTAMP                 | STATE                  | MSG   |
|----+---------------------------+------------------------+-------|
|  0 | 2023-02-23 14:15:00+05:30 | PUT ORDER REQ RECEIVED |       |
|  1 | 2023-02-23 14:15:00+05:30 | VALIDATION PENDING     |       |
|  2 | 2023-02-23 14:15:00+05:30 | REJECTED               |       |
+----+---------------------------+------------------------+-------+

+------------------+---------------------------+----------------------------------+------+
| INST             | timestamp                 | ID                               | TT   |
|------------------+---------------------------+----------------------------------+------|
| NSE_EQ:ICICIBANK | 2023-02-24 13:15:00+05:30 | b0cc68ecd48e48329f3635cc7e8b6ca2 | BUY  |
+------------------+---------------------------+----------------------------------+------+
+----+---------------------------+------------------------+-------+
|    | TIMESTAMP                 | STATE                  | MSG   |
|----+---------------------------+------------------------+-------|
|  0 | 2023-02-24 13:15:00+05:30 | PUT ORDER REQ RECEIVED |       |
|  1 | 2023-02-24 13:15:00+05:30 | VALIDATION PENDING     |       |
|  2 | 2023-02-24 13:15:00+05:30 | OPEN PENDING           |       |
|  3 | 2023-02-24 13:15:00+05:30 | OPEN                   |       |
|  4 | 2023-02-24 13:15:00+05:30 | COMPLETE               |       |
+----+---------------------------+------------------------+-------+

+------------------+---------------------------+----------------------------------+------+
| INST             | timestamp                 | ID                               | TT   |
|------------------+---------------------------+----------------------------------+------|
| NSE_EQ:ICICIBANK | 2023-02-27 09:15:00+05:30 | 84d63b07a9c84c208a2a216116c67354 | BUY  |
+------------------+---------------------------+----------------------------------+------+
+----+---------------------------+------------------------+-------+
|    | TIMESTAMP                 | STATE                  | MSG   |
|----+---------------------------+------------------------+-------|
|  0 | 2023-02-27 09:15:00+05:30 | PUT ORDER REQ RECEIVED |       |
|  1 | 2023-02-27 09:15:00+05:30 | COMPLETE               |       |
+----+---------------------------+------------------------+-------+

+------------------+---------------------------+----------------------------------+------+
| INST             | timestamp                 | ID                               | TT   |
|------------------+---------------------------+----------------------------------+------|
| NSE_EQ:ICICIBANK | 2023-02-27 10:15:00+05:30 | 9a708706b9f04d50b8388699054dae70 | SELL |
+------------------+---------------------------+----------------------------------+------+
+----+---------------------------+------------------------+-------+
|    | TIMESTAMP                 | STATE                  | MSG   |
|----+---------------------------+------------------------+-------|
|  0 | 2023-02-27 10:15:00+05:30 | PUT ORDER REQ RECEIVED |       |
|  1 | 2023-02-27 10:15:00+05:30 | VALIDATION PENDING     |       |
|  2 | 2023-02-27 10:15:00+05:30 | OPEN PENDING           |       |
|  3 | 2023-02-27 10:15:00+05:30 | OPEN                   |       |
|  4 | 2023-02-27 10:15:00+05:30 | COMPLETE               |       |
+----+---------------------------+------------------------+-------+

+------------------+---------------------------+----------------------------------+------+
| INST             | timestamp                 | ID                               | TT   |
|------------------+---------------------------+----------------------------------+------|
| NSE_EQ:ICICIBANK | 2023-02-27 10:15:00+05:30 | 429e18a6a4c747228301928947dc3a8b | SELL |
+------------------+---------------------------+----------------------------------+------+
+----+---------------------------+------------------------+-------+
|    | TIMESTAMP                 | STATE                  | MSG   |
|----+---------------------------+------------------------+-------|
|  0 | 2023-02-27 10:15:00+05:30 | PUT ORDER REQ RECEIVED |       |
|  1 | 2023-02-27 10:15:00+05:30 | VALIDATION PENDING     |       |
|  2 | 2023-02-27 10:15:00+05:30 | REJECTED               |       |
+----+---------------------------+------------------------+-------+

+------------------+---------------------------+----------------------------------+------+
| INST             | timestamp                 | ID                               | TT   |
|------------------+---------------------------+----------------------------------+------|
| NSE_EQ:ICICIBANK | 2023-02-28 14:15:00+05:30 | f689097983e84ac89e138870807b5281 | BUY  |
+------------------+---------------------------+----------------------------------+------+
+----+---------------------------+------------------------+-------+
|    | TIMESTAMP                 | STATE                  | MSG   |
|----+---------------------------+------------------------+-------|
|  0 | 2023-02-28 14:15:00+05:30 | PUT ORDER REQ RECEIVED |       |
|  1 | 2023-02-28 14:15:00+05:30 | VALIDATION PENDING     |       |
|  2 | 2023-02-28 14:15:00+05:30 | OPEN PENDING           |       |
|  3 | 2023-02-28 14:15:00+05:30 | OPEN                   |       |
|  4 | 2023-02-28 14:15:00+05:30 | COMPLETE               |       |
+----+---------------------------+------------------------+-------+

+------------------+---------------------------+----------------------------------+------+
| INST             | timestamp                 | ID                               | TT   |
|------------------+---------------------------+----------------------------------+------|
| NSE_EQ:ICICIBANK | 2023-02-28 15:15:00+05:30 | 50efc19281d14a4ea09476b7e6aa7ef2 | SELL |
+------------------+---------------------------+----------------------------------+------+
+----+---------------------------+------------------------+-------+
|    | TIMESTAMP                 | STATE                  | MSG   |
|----+---------------------------+------------------------+-------|
|  0 | 2023-02-28 15:15:00+05:30 | PUT ORDER REQ RECEIVED |       |
|  1 | 2023-02-28 15:15:00+05:30 | VALIDATION PENDING     |       |
|  2 | 2023-02-28 15:15:00+05:30 | OPEN PENDING           |       |
|  3 | 2023-02-28 15:15:00+05:30 | OPEN                   |       |
|  4 | 2023-02-28 15:15:00+05:30 | COMPLETE               |       |
+----+---------------------------+------------------------+-------+

+------------------+---------------------------+----------------------------------+------+
| INST             | timestamp                 | ID                               | TT   |
|------------------+---------------------------+----------------------------------+------|
| NSE_EQ:ICICIBANK | 2023-02-28 15:15:00+05:30 | 4b190d697c7b400695b818b904d178f8 | BUY  |
+------------------+---------------------------+----------------------------------+------+
+----+---------------------------+------------------------+-------+
|    | TIMESTAMP                 | STATE                  | MSG   |
|----+---------------------------+------------------------+-------|
|  0 | 2023-02-28 15:15:00+05:30 | PUT ORDER REQ RECEIVED |       |
|  1 | 2023-02-28 15:15:00+05:30 | VALIDATION PENDING     |       |
|  2 | 2023-02-28 15:15:00+05:30 | OPEN PENDING           |       |
|  3 | 2023-02-28 15:15:00+05:30 | OPEN                   |       |
|  4 | 2023-02-28 15:15:00+05:30 | COMPLETE               |       |
+----+---------------------------+------------------------+-------+