

+-------------------+---------------------------+----------------------------------+------+
| INST              | timestamp                 | ID                               | TT   |
|-------------------+---------------------------+----------------------------------+------|
| NSE_EQ:HEROMOTOCO | 2023-01-02 12:15:00+05:30 | abfeea4e0def4227a776a1e59e8f4a7a | SELL |
+-------------------+---------------------------+----------------------------------+------+
+----+---------------------------+------------------------+-------+
|    | TIMESTAMP                 | STATE                  | MSG   |
|----+---------------------------+------------------------+-------|
|  0 | 2023-01-02 12:15:00+05:30 | PUT ORDER REQ RECEIVED |       |
|  1 | 2023-01-02 12:15:00+05:30 | VALIDATION PENDING     |       |
|  2 | 2023-01-02 12:15:00+05:30 | REJECTED               |       |
+----+---------------------------+------------------------+-------+

+-------------------+---------------------------+----------------------------------+------+
| INST              | timestamp                 | ID                               | TT   |
|-------------------+---------------------------+----------------------------------+------|
| NSE_EQ:HEROMOTOCO | 2023-01-05 10:15:00+05:30 | 6431f36eadc74c9ba1cd56ee3249f818 | BUY  |
+-------------------+---------------------------+----------------------------------+------+
+----+---------------------------+------------------------+-------+
|    | TIMESTAMP                 | STATE                  | MSG   |
|----+---------------------------+------------------------+-------|
|  0 | 2023-01-05 10:15:00+05:30 | PUT ORDER REQ RECEIVED |       |
|  1 | 2023-01-05 10:15:00+05:30 | VALIDATION PENDING     |       |
|  2 | 2023-01-05 10:15:00+05:30 | OPEN PENDING           |       |
|  3 | 2023-01-05 10:15:00+05:30 | OPEN                   |       |
|  4 | 2023-01-05 10:15:00+05:30 | COMPLETE               |       |
+----+---------------------------+------------------------+-------+

+-------------------+---------------------------+----------------------------------+------+
| INST              | timestamp                 | ID                               | TT   |
|-------------------+---------------------------+----------------------------------+------|
| NSE_EQ:HEROMOTOCO | 2023-01-05 13:15:00+05:30 | e3d9809096a043068fd48629a7fcb4dc | SELL |
+-------------------+---------------------------+----------------------------------+------+
+----+---------------------------+------------------------+-------+
|    | TIMESTAMP                 | STATE                  | MSG   |
|----+---------------------------+------------------------+-------|
|  0 | 2023-01-05 13:15:00+05:30 | PUT ORDER REQ RECEIVED |       |
|  1 | 2023-01-05 13:15:00+05:30 | VALIDATION PENDING     |       |
|  2 | 2023-01-05 13:15:00+05:30 | OPEN PENDING           |       |
|  3 | 2023-01-05 13:15:00+05:30 | OPEN                   |       |
|  4 | 2023-01-05 13:15:00+05:30 | COMPLETE               |       |
+----+---------------------------+------------------------+-------+

+-------------------+---------------------------+----------------------------------+------+
| INST              | timestamp                 | ID                               | TT   |
|-------------------+---------------------------+----------------------------------+------|
| NSE_EQ:HEROMOTOCO | 2023-01-09 09:15:00+05:30 | a62b10ccfb3743c6b9fc2db5cbfcdcba | SELL |
+-------------------+---------------------------+----------------------------------+------+
+----+---------------------------+------------------------+-------+
|    | TIMESTAMP                 | STATE                  | MSG   |
|----+---------------------------+------------------------+-------|
|  0 | 2023-01-09 09:15:00+05:30 | PUT ORDER REQ RECEIVED |       |
|  1 | 2023-01-09 09:15:00+05:30 | VALIDATION PENDING     |       |
|  2 | 2023-01-09 09:15:00+05:30 | REJECTED               |       |
+----+---------------------------+------------------------+-------+

+-------------------+---------------------------+----------------------------------+------+
| INST              | timestamp                 | ID                               | TT   |
|-------------------+---------------------------+----------------------------------+------|
| NSE_EQ:HEROMOTOCO | 2023-01-13 09:15:00+05:30 | 784b5f6a6acd4e91ae3fee91ccd92007 | BUY  |
+-------------------+---------------------------+----------------------------------+------+
+----+---------------------------+------------------------+-------+
|    | TIMESTAMP                 | STATE                  | MSG   |
|----+---------------------------+------------------------+-------|
|  0 | 2023-01-13 09:15:00+05:30 | PUT ORDER REQ RECEIVED |       |
|  1 | 2023-01-13 09:15:00+05:30 | VALIDATION PENDING     |       |
|  2 | 2023-01-13 09:15:00+05:30 | OPEN PENDING           |       |
|  3 | 2023-01-13 09:15:00+05:30 | OPEN                   |       |
|  4 | 2023-01-13 09:15:00+05:30 | COMPLETE               |       |
+----+---------------------------+------------------------+-------+

+-------------------+---------------------------+----------------------------------+------+
| INST              | timestamp                 | ID                               | TT   |
|-------------------+---------------------------+----------------------------------+------|
| NSE_EQ:HEROMOTOCO | 2023-01-13 12:15:00+05:30 | 1eddb7bf00214b59863e0dd5d0627da5 | SELL |
+-------------------+---------------------------+----------------------------------+------+
+----+---------------------------+------------------------+-------+
|    | TIMESTAMP                 | STATE                  | MSG   |
|----+---------------------------+------------------------+-------|
|  0 | 2023-01-13 12:15:00+05:30 | PUT ORDER REQ RECEIVED |       |
|  1 | 2023-01-13 12:15:00+05:30 | VALIDATION PENDING     |       |
|  2 | 2023-01-13 12:15:00+05:30 | OPEN PENDING           |       |
|  3 | 2023-01-13 12:15:00+05:30 | OPEN                   |       |
|  4 | 2023-01-13 12:15:00+05:30 | COMPLETE               |       |
+----+---------------------------+------------------------+-------+

+-------------------+---------------------------+----------------------------------+------+
| INST              | timestamp                 | ID                               | TT   |
|-------------------+---------------------------+----------------------------------+------|
| NSE_EQ:HEROMOTOCO | 2023-01-18 14:15:00+05:30 | 807461568f924db5b57bedf62e356be0 | SELL |
+-------------------+---------------------------+----------------------------------+------+
+----+---------------------------+------------------------+-------+
|    | TIMESTAMP                 | STATE                  | MSG   |
|----+---------------------------+------------------------+-------|
|  0 | 2023-01-18 14:15:00+05:30 | PUT ORDER REQ RECEIVED |       |
|  1 | 2023-01-18 14:15:00+05:30 | VALIDATION PENDING     |       |
|  2 | 2023-01-18 14:15:00+05:30 | REJECTED               |       |
+----+---------------------------+------------------------+-------+

+-------------------+---------------------------+----------------------------------+------+
| INST              | timestamp                 | ID                               | TT   |
|-------------------+---------------------------+----------------------------------+------|
| NSE_EQ:HEROMOTOCO | 2023-01-23 11:15:00+05:30 | 611d2a22eb964cf6b8fd334087d90126 | BUY  |
+-------------------+---------------------------+----------------------------------+------+
+----+---------------------------+------------------------+-------+
|    | TIMESTAMP                 | STATE                  | MSG   |
|----+---------------------------+------------------------+-------|
|  0 | 2023-01-23 11:15:00+05:30 | PUT ORDER REQ RECEIVED |       |
|  1 | 2023-01-23 11:15:00+05:30 | VALIDATION PENDING     |       |
|  2 | 2023-01-23 11:15:00+05:30 | OPEN PENDING           |       |
|  3 | 2023-01-23 11:15:00+05:30 | OPEN                   |       |
|  4 | 2023-01-23 11:15:00+05:30 | COMPLETE               |       |
+----+---------------------------+------------------------+-------+

+-------------------+---------------------------+----------------------------------+------+
| INST              | timestamp                 | ID                               | TT   |
|-------------------+---------------------------+----------------------------------+------|
| NSE_EQ:HEROMOTOCO | 2023-01-24 09:15:00+05:30 | af2d0732f874484e85dd74e48fefeaff | BUY  |
+-------------------+---------------------------+----------------------------------+------+
+----+---------------------------+------------------------+-------+
|    | TIMESTAMP                 | STATE                  | MSG   |
|----+---------------------------+------------------------+-------|
|  0 | 2023-01-24 09:15:00+05:30 | PUT ORDER REQ RECEIVED |       |
|  1 | 2023-01-24 09:15:00+05:30 | COMPLETE               |       |
+----+---------------------------+------------------------+-------+

+-------------------+---------------------------+----------------------------------+------+
| INST              | timestamp                 | ID                               | TT   |
|-------------------+---------------------------+----------------------------------+------|
| NSE_EQ:HEROMOTOCO | 2023-01-24 10:15:00+05:30 | ae1f1c9ab9d344cdb4bce7f54e4352fb | SELL |
+-------------------+---------------------------+----------------------------------+------+
+----+---------------------------+------------------------+-------+
|    | TIMESTAMP                 | STATE                  | MSG   |
|----+---------------------------+------------------------+-------|
|  0 | 2023-01-24 10:15:00+05:30 | PUT ORDER REQ RECEIVED |       |
|  1 | 2023-01-24 10:15:00+05:30 | VALIDATION PENDING     |       |
|  2 | 2023-01-24 10:15:00+05:30 | OPEN PENDING           |       |
|  3 | 2023-01-24 10:15:00+05:30 | OPEN                   |       |
|  4 | 2023-01-24 10:15:00+05:30 | COMPLETE               |       |
+----+---------------------------+------------------------+-------+

+-------------------+---------------------------+----------------------------------+------+
| INST              | timestamp                 | ID                               | TT   |
|-------------------+---------------------------+----------------------------------+------|
| NSE_EQ:HEROMOTOCO | 2023-01-24 11:15:00+05:30 | fcad878b7aae4f979e7e7f15daa03ba3 | SELL |
+-------------------+---------------------------+----------------------------------+------+
+----+---------------------------+------------------------+-------+
|    | TIMESTAMP                 | STATE                  | MSG   |
|----+---------------------------+------------------------+-------|
|  0 | 2023-01-24 11:15:00+05:30 | PUT ORDER REQ RECEIVED |       |
|  1 | 2023-01-24 11:15:00+05:30 | VALIDATION PENDING     |       |
|  2 | 2023-01-24 11:15:00+05:30 | REJECTED               |       |
+----+---------------------------+------------------------+-------+

+-------------------+---------------------------+----------------------------------+------+
| INST              | timestamp                 | ID                               | TT   |
|-------------------+---------------------------+----------------------------------+------|
| NSE_EQ:HEROMOTOCO | 2023-01-25 14:15:00+05:30 | b575eee3cbf342be999c9623a2207ddf | BUY  |
+-------------------+---------------------------+----------------------------------+------+
+----+---------------------------+------------------------+-------+
|    | TIMESTAMP                 | STATE                  | MSG   |
|----+---------------------------+------------------------+-------|
|  0 | 2023-01-25 14:15:00+05:30 | PUT ORDER REQ RECEIVED |       |
|  1 | 2023-01-25 14:15:00+05:30 | VALIDATION PENDING     |       |
|  2 | 2023-01-25 14:15:00+05:30 | OPEN PENDING           |       |
|  3 | 2023-01-25 14:15:00+05:30 | OPEN                   |       |
|  4 | 2023-01-25 14:15:00+05:30 | COMPLETE               |       |
+----+---------------------------+------------------------+-------+

+-------------------+---------------------------+----------------------------------+------+
| INST              | timestamp                 | ID                               | TT   |
|-------------------+---------------------------+----------------------------------+------|
| NSE_EQ:HEROMOTOCO | 2023-01-27 09:15:00+05:30 | 5799258d36514e1685c88063679c16f5 | BUY  |
+-------------------+---------------------------+----------------------------------+------+
+----+---------------------------+------------------------+-------+
|    | TIMESTAMP                 | STATE                  | MSG   |
|----+---------------------------+------------------------+-------|
|  0 | 2023-01-27 09:15:00+05:30 | PUT ORDER REQ RECEIVED |       |
|  1 | 2023-01-27 09:15:00+05:30 | COMPLETE               |       |
+----+---------------------------+------------------------+-------+

+-------------------+---------------------------+----------------------------------+------+
| INST              | timestamp                 | ID                               | TT   |
|-------------------+---------------------------+----------------------------------+------|
| NSE_EQ:HEROMOTOCO | 2023-01-30 09:15:00+05:30 | 83e4f451426c498fb7f63742e548f21a | BUY  |
+-------------------+---------------------------+----------------------------------+------+
+----+---------------------------+------------------------+-------+
|    | TIMESTAMP                 | STATE                  | MSG   |
|----+---------------------------+------------------------+-------|
|  0 | 2023-01-30 09:15:00+05:30 | PUT ORDER REQ RECEIVED |       |
|  1 | 2023-01-30 09:15:00+05:30 | COMPLETE               |       |
+----+---------------------------+------------------------+-------+

+-------------------+---------------------------+----------------------------------+------+
| INST              | timestamp                 | ID                               | TT   |
|-------------------+---------------------------+----------------------------------+------|
| NSE_EQ:HEROMOTOCO | 2023-01-31 09:15:00+05:30 | 8bcce2a1138f4f3c9aa4511e92f5bfaa | BUY  |
+-------------------+---------------------------+----------------------------------+------+
+----+---------------------------+------------------------+-------+
|    | TIMESTAMP                 | STATE                  | MSG   |
|----+---------------------------+------------------------+-------|
|  0 | 2023-01-31 09:15:00+05:30 | PUT ORDER REQ RECEIVED |       |
|  1 | 2023-01-31 09:15:00+05:30 | COMPLETE               |       |
+----+---------------------------+------------------------+-------+

+-------------------+---------------------------+----------------------------------+------+
| INST              | timestamp                 | ID                               | TT   |
|-------------------+---------------------------+----------------------------------+------|
| NSE_EQ:HEROMOTOCO | 2023-02-01 09:15:00+05:30 | 2f6d243911fd404ba7bfee171a20b021 | BUY  |
+-------------------+---------------------------+----------------------------------+------+
+----+---------------------------+------------------------+-------+
|    | TIMESTAMP                 | STATE                  | MSG   |
|----+---------------------------+------------------------+-------|
|  0 | 2023-02-01 09:15:00+05:30 | PUT ORDER REQ RECEIVED |       |
|  1 | 2023-02-01 09:15:00+05:30 | COMPLETE               |       |
+----+---------------------------+------------------------+-------+

+-------------------+---------------------------+----------------------------------+------+
| INST              | timestamp                 | ID                               | TT   |
|-------------------+---------------------------+----------------------------------+------|
| NSE_EQ:HEROMOTOCO | 2023-02-01 10:15:00+05:30 | 0668754bb586452599103b2434ed2fde | SELL |
+-------------------+---------------------------+----------------------------------+------+
+----+---------------------------+------------------------+-------+
|    | TIMESTAMP                 | STATE                  | MSG   |
|----+---------------------------+------------------------+-------|
|  0 | 2023-02-01 10:15:00+05:30 | PUT ORDER REQ RECEIVED |       |
|  1 | 2023-02-01 10:15:00+05:30 | VALIDATION PENDING     |       |
|  2 | 2023-02-01 10:15:00+05:30 | OPEN PENDING           |       |
|  3 | 2023-02-01 10:15:00+05:30 | OPEN                   |       |
|  4 | 2023-02-01 10:15:00+05:30 | COMPLETE               |       |
+----+---------------------------+------------------------+-------+

+-------------------+---------------------------+----------------------------------+------+
| INST              | timestamp                 | ID                               | TT   |
|-------------------+---------------------------+----------------------------------+------|
| NSE_EQ:HEROMOTOCO | 2023-02-02 10:15:00+05:30 | 76061afb7f624bbd903b368fba87106b | SELL |
+-------------------+---------------------------+----------------------------------+------+
+----+---------------------------+------------------------+-------+
|    | TIMESTAMP                 | STATE                  | MSG   |
|----+---------------------------+------------------------+-------|
|  0 | 2023-02-02 10:15:00+05:30 | PUT ORDER REQ RECEIVED |       |
|  1 | 2023-02-02 10:15:00+05:30 | VALIDATION PENDING     |       |
|  2 | 2023-02-02 10:15:00+05:30 | REJECTED               |       |
+----+---------------------------+------------------------+-------+

+-------------------+---------------------------+----------------------------------+------+
| INST              | timestamp                 | ID                               | TT   |
|-------------------+---------------------------+----------------------------------+------|
| NSE_EQ:HEROMOTOCO | 2023-02-06 10:15:00+05:30 | e300a96d32ef435f8ffe114fffdf365f | BUY  |
+-------------------+---------------------------+----------------------------------+------+
+----+---------------------------+------------------------+-------+
|    | TIMESTAMP                 | STATE                  | MSG   |
|----+---------------------------+------------------------+-------|
|  0 | 2023-02-06 10:15:00+05:30 | PUT ORDER REQ RECEIVED |       |
|  1 | 2023-02-06 10:15:00+05:30 | VALIDATION PENDING     |       |
|  2 | 2023-02-06 10:15:00+05:30 | OPEN PENDING           |       |
|  3 | 2023-02-06 10:15:00+05:30 | OPEN                   |       |
|  4 | 2023-02-06 10:15:00+05:30 | COMPLETE               |       |
+----+---------------------------+------------------------+-------+

+-------------------+---------------------------+----------------------------------+------+
| INST              | timestamp                 | ID                               | TT   |
|-------------------+---------------------------+----------------------------------+------|
| NSE_EQ:HEROMOTOCO | 2023-02-06 14:15:00+05:30 | 6b9d5f55b6394a789a6fe4db4de56233 | SELL |
+-------------------+---------------------------+----------------------------------+------+
+----+---------------------------+------------------------+-------+
|    | TIMESTAMP                 | STATE                  | MSG   |
|----+---------------------------+------------------------+-------|
|  0 | 2023-02-06 14:15:00+05:30 | PUT ORDER REQ RECEIVED |       |
|  1 | 2023-02-06 14:15:00+05:30 | VALIDATION PENDING     |       |
|  2 | 2023-02-06 14:15:00+05:30 | OPEN PENDING           |       |
|  3 | 2023-02-06 14:15:00+05:30 | OPEN                   |       |
|  4 | 2023-02-06 14:15:00+05:30 | COMPLETE               |       |
+----+---------------------------+------------------------+-------+

+-------------------+---------------------------+----------------------------------+------+
| INST              | timestamp                 | ID                               | TT   |
|-------------------+---------------------------+----------------------------------+------|
| NSE_EQ:HEROMOTOCO | 2023-02-07 13:15:00+05:30 | d73c1e558bac4b4d8365fd848687ee1f | SELL |
+-------------------+---------------------------+----------------------------------+------+
+----+---------------------------+------------------------+-------+
|    | TIMESTAMP                 | STATE                  | MSG   |
|----+---------------------------+------------------------+-------|
|  0 | 2023-02-07 13:15:00+05:30 | PUT ORDER REQ RECEIVED |       |
|  1 | 2023-02-07 13:15:00+05:30 | VALIDATION PENDING     |       |
|  2 | 2023-02-07 13:15:00+05:30 | REJECTED               |       |
+----+---------------------------+------------------------+-------+

+-------------------+---------------------------+----------------------------------+------+
| INST              | timestamp                 | ID                               | TT   |
|-------------------+---------------------------+----------------------------------+------|
| NSE_EQ:HEROMOTOCO | 2023-02-10 12:15:00+05:30 | 6676772db1a641dbb7612630c77fa45f | BUY  |
+-------------------+---------------------------+----------------------------------+------+
+----+---------------------------+------------------------+-------+
|    | TIMESTAMP                 | STATE                  | MSG   |
|----+---------------------------+------------------------+-------|
|  0 | 2023-02-10 12:15:00+05:30 | PUT ORDER REQ RECEIVED |       |
|  1 | 2023-02-10 12:15:00+05:30 | VALIDATION PENDING     |       |
|  2 | 2023-02-10 12:15:00+05:30 | OPEN PENDING           |       |
|  3 | 2023-02-10 12:15:00+05:30 | OPEN                   |       |
|  4 | 2023-02-10 12:15:00+05:30 | COMPLETE               |       |
+----+---------------------------+------------------------+-------+

+-------------------+---------------------------+----------------------------------+------+
| INST              | timestamp                 | ID                               | TT   |
|-------------------+---------------------------+----------------------------------+------|
| NSE_EQ:HEROMOTOCO | 2023-02-10 15:15:00+05:30 | 33e86ce4c325471094704121752e444a | SELL |
+-------------------+---------------------------+----------------------------------+------+
+----+---------------------------+------------------------+-------+
|    | TIMESTAMP                 | STATE                  | MSG   |
|----+---------------------------+------------------------+-------|
|  0 | 2023-02-10 15:15:00+05:30 | PUT ORDER REQ RECEIVED |       |
|  1 | 2023-02-10 15:15:00+05:30 | VALIDATION PENDING     |       |
|  2 | 2023-02-10 15:15:00+05:30 | OPEN PENDING           |       |
|  3 | 2023-02-10 15:15:00+05:30 | OPEN                   |       |
|  4 | 2023-02-10 15:15:00+05:30 | COMPLETE               |       |
+----+---------------------------+------------------------+-------+

+-------------------+---------------------------+----------------------------------+------+
| INST              | timestamp                 | ID                               | TT   |
|-------------------+---------------------------+----------------------------------+------|
| NSE_EQ:HEROMOTOCO | 2023-02-17 10:15:00+05:30 | 174013d64e92416c92fe12e110df4da8 | SELL |
+-------------------+---------------------------+----------------------------------+------+
+----+---------------------------+------------------------+-------+
|    | TIMESTAMP                 | STATE                  | MSG   |
|----+---------------------------+------------------------+-------|
|  0 | 2023-02-17 10:15:00+05:30 | PUT ORDER REQ RECEIVED |       |
|  1 | 2023-02-17 10:15:00+05:30 | VALIDATION PENDING     |       |
|  2 | 2023-02-17 10:15:00+05:30 | REJECTED               |       |
+----+---------------------------+------------------------+-------+

+-------------------+---------------------------+----------------------------------+------+
| INST              | timestamp                 | ID                               | TT   |
|-------------------+---------------------------+----------------------------------+------|
| NSE_EQ:HEROMOTOCO | 2023-02-20 12:15:00+05:30 | 110901c592f54eed95ddbff0b543053e | BUY  |
+-------------------+---------------------------+----------------------------------+------+
+----+---------------------------+------------------------+-------+
|    | TIMESTAMP                 | STATE                  | MSG   |
|----+---------------------------+------------------------+-------|
|  0 | 2023-02-20 12:15:00+05:30 | PUT ORDER REQ RECEIVED |       |
|  1 | 2023-02-20 12:15:00+05:30 | VALIDATION PENDING     |       |
|  2 | 2023-02-20 12:15:00+05:30 | OPEN PENDING           |       |
|  3 | 2023-02-20 12:15:00+05:30 | OPEN                   |       |
|  4 | 2023-02-20 12:15:00+05:30 | COMPLETE               |       |
+----+---------------------------+------------------------+-------+

+-------------------+---------------------------+----------------------------------+------+
| INST              | timestamp                 | ID                               | TT   |
|-------------------+---------------------------+----------------------------------+------|
| NSE_EQ:HEROMOTOCO | 2023-02-21 09:15:00+05:30 | c6cfad779ca44ef6a95addca15ad0eec | BUY  |
+-------------------+---------------------------+----------------------------------+------+
+----+---------------------------+------------------------+-------+
|    | TIMESTAMP                 | STATE                  | MSG   |
|----+---------------------------+------------------------+-------|
|  0 | 2023-02-21 09:15:00+05:30 | PUT ORDER REQ RECEIVED |       |
|  1 | 2023-02-21 09:15:00+05:30 | COMPLETE               |       |
+----+---------------------------+------------------------+-------+

+-------------------+---------------------------+----------------------------------+------+
| INST              | timestamp                 | ID                               | TT   |
|-------------------+---------------------------+----------------------------------+------|
| NSE_EQ:HEROMOTOCO | 2023-02-21 09:15:00+05:30 | 8b4ba7b62c024a3b8b4da9d385126b37 | SELL |
+-------------------+---------------------------+----------------------------------+------+
+----+---------------------------+------------------------+-------+
|    | TIMESTAMP                 | STATE                  | MSG   |
|----+---------------------------+------------------------+-------|
|  0 | 2023-02-21 09:15:00+05:30 | PUT ORDER REQ RECEIVED |       |
|  1 | 2023-02-21 09:15:00+05:30 | VALIDATION PENDING     |       |
|  2 | 2023-02-21 09:15:00+05:30 | OPEN PENDING           |       |
|  3 | 2023-02-21 09:15:00+05:30 | OPEN                   |       |
|  4 | 2023-02-21 09:15:00+05:30 | COMPLETE               |       |
+----+---------------------------+------------------------+-------+

+-------------------+---------------------------+----------------------------------+------+
| INST              | timestamp                 | ID                               | TT   |
|-------------------+---------------------------+----------------------------------+------|
| NSE_EQ:HEROMOTOCO | 2023-02-22 11:15:00+05:30 | ba3181e968024659bb1e3d4cc8fdd4d8 | SELL |
+-------------------+---------------------------+----------------------------------+------+
+----+---------------------------+------------------------+-------+
|    | TIMESTAMP                 | STATE                  | MSG   |
|----+---------------------------+------------------------+-------|
|  0 | 2023-02-22 11:15:00+05:30 | PUT ORDER REQ RECEIVED |       |
|  1 | 2023-02-22 11:15:00+05:30 | VALIDATION PENDING     |       |
|  2 | 2023-02-22 11:15:00+05:30 | REJECTED               |       |
+----+---------------------------+------------------------+-------+

+-------------------+---------------------------+----------------------------------+------+
| INST              | timestamp                 | ID                               | TT   |
|-------------------+---------------------------+----------------------------------+------|
| NSE_EQ:HEROMOTOCO | 2023-02-24 12:15:00+05:30 | 811f10d26fb946ff8f65129dfb48fe6e | BUY  |
+-------------------+---------------------------+----------------------------------+------+
+----+---------------------------+------------------------+-------+
|    | TIMESTAMP                 | STATE                  | MSG   |
|----+---------------------------+------------------------+-------|
|  0 | 2023-02-24 12:15:00+05:30 | PUT ORDER REQ RECEIVED |       |
|  1 | 2023-02-24 12:15:00+05:30 | VALIDATION PENDING     |       |
|  2 | 2023-02-24 12:15:00+05:30 | OPEN PENDING           |       |
|  3 | 2023-02-24 12:15:00+05:30 | OPEN                   |       |
|  4 | 2023-02-24 12:15:00+05:30 | COMPLETE               |       |
+----+---------------------------+------------------------+-------+