

+------------+---------------------------+----------------------------------+------+
| INST       | timestamp                 | ID                               | TT   |
|------------+---------------------------+----------------------------------+------|
| NSE_EQ:DLF | 2023-01-02 10:15:00+05:30 | 02a8fcd933d441009022a02a45a3dc10 | BUY  |
+------------+---------------------------+----------------------------------+------+
+----+---------------------------+------------------------+-------+
|    | TIMESTAMP                 | STATE                  | MSG   |
|----+---------------------------+------------------------+-------|
|  0 | 2023-01-02 10:15:00+05:30 | PUT ORDER REQ RECEIVED |       |
|  1 | 2023-01-02 10:15:00+05:30 | VALIDATION PENDING     |       |
|  2 | 2023-01-02 10:15:00+05:30 | OPEN PENDING           |       |
|  3 | 2023-01-02 10:15:00+05:30 | OPEN                   |       |
|  4 | 2023-01-02 10:15:00+05:30 | COMPLETE               |       |
+----+---------------------------+------------------------+-------+

+------------+---------------------------+----------------------------------+------+
| INST       | timestamp                 | ID                               | TT   |
|------------+---------------------------+----------------------------------+------|
| NSE_EQ:DLF | 2023-01-02 13:15:00+05:30 | 240d985328d54cc89c1117ca5f694826 | SELL |
+------------+---------------------------+----------------------------------+------+
+----+---------------------------+------------------------+-------+
|    | TIMESTAMP                 | STATE                  | MSG   |
|----+---------------------------+------------------------+-------|
|  0 | 2023-01-02 13:15:00+05:30 | PUT ORDER REQ RECEIVED |       |
|  1 | 2023-01-02 13:15:00+05:30 | VALIDATION PENDING     |       |
|  2 | 2023-01-02 13:15:00+05:30 | OPEN PENDING           |       |
|  3 | 2023-01-02 13:15:00+05:30 | OPEN                   |       |
|  4 | 2023-01-02 13:15:00+05:30 | COMPLETE               |       |
+----+---------------------------+------------------------+-------+

+------------+---------------------------+----------------------------------+------+
| INST       | timestamp                 | ID                               | TT   |
|------------+---------------------------+----------------------------------+------|
| NSE_EQ:DLF | 2023-01-02 13:15:00+05:30 | 985ea732e3884a24a415d854fb516199 | SELL |
+------------+---------------------------+----------------------------------+------+
+----+---------------------------+------------------------+-------+
|    | TIMESTAMP                 | STATE                  | MSG   |
|----+---------------------------+------------------------+-------|
|  0 | 2023-01-02 13:15:00+05:30 | PUT ORDER REQ RECEIVED |       |
|  1 | 2023-01-02 13:15:00+05:30 | VALIDATION PENDING     |       |
|  2 | 2023-01-02 13:15:00+05:30 | REJECTED               |       |
+----+---------------------------+------------------------+-------+

+------------+---------------------------+----------------------------------+------+
| INST       | timestamp                 | ID                               | TT   |
|------------+---------------------------+----------------------------------+------|
| NSE_EQ:DLF | 2023-01-03 09:15:00+05:30 | fd1df670a5a0444fa509be918483005e | BUY  |
+------------+---------------------------+----------------------------------+------+
+----+---------------------------+------------------------+-------+
|    | TIMESTAMP                 | STATE                  | MSG   |
|----+---------------------------+------------------------+-------|
|  0 | 2023-01-03 09:15:00+05:30 | PUT ORDER REQ RECEIVED |       |
|  1 | 2023-01-03 09:15:00+05:30 | VALIDATION PENDING     |       |
|  2 | 2023-01-03 09:15:00+05:30 | OPEN PENDING           |       |
|  3 | 2023-01-03 09:15:00+05:30 | OPEN                   |       |
|  4 | 2023-01-03 09:15:00+05:30 | COMPLETE               |       |
+----+---------------------------+------------------------+-------+

+------------+---------------------------+----------------------------------+------+
| INST       | timestamp                 | ID                               | TT   |
|------------+---------------------------+----------------------------------+------|
| NSE_EQ:DLF | 2023-01-03 11:15:00+05:30 | fb912ede0a9d476cbc667fd08e419ad1 | SELL |
+------------+---------------------------+----------------------------------+------+
+----+---------------------------+------------------------+-------+
|    | TIMESTAMP                 | STATE                  | MSG   |
|----+---------------------------+------------------------+-------|
|  0 | 2023-01-03 11:15:00+05:30 | PUT ORDER REQ RECEIVED |       |
|  1 | 2023-01-03 11:15:00+05:30 | VALIDATION PENDING     |       |
|  2 | 2023-01-03 11:15:00+05:30 | OPEN PENDING           |       |
|  3 | 2023-01-03 11:15:00+05:30 | OPEN                   |       |
|  4 | 2023-01-03 11:15:00+05:30 | COMPLETE               |       |
+----+---------------------------+------------------------+-------+

+------------+---------------------------+----------------------------------+------+
| INST       | timestamp                 | ID                               | TT   |
|------------+---------------------------+----------------------------------+------|
| NSE_EQ:DLF | 2023-01-03 11:15:00+05:30 | 6d6c7c189f6b4f3cbc2c9c0f6793a1b2 | SELL |
+------------+---------------------------+----------------------------------+------+
+----+---------------------------+------------------------+-------+
|    | TIMESTAMP                 | STATE                  | MSG   |
|----+---------------------------+------------------------+-------|
|  0 | 2023-01-03 11:15:00+05:30 | PUT ORDER REQ RECEIVED |       |
|  1 | 2023-01-03 11:15:00+05:30 | VALIDATION PENDING     |       |
|  2 | 2023-01-03 11:15:00+05:30 | REJECTED               |       |
+----+---------------------------+------------------------+-------+

+------------+---------------------------+----------------------------------+------+
| INST       | timestamp                 | ID                               | TT   |
|------------+---------------------------+----------------------------------+------|
| NSE_EQ:DLF | 2023-01-04 13:15:00+05:30 | 5d60e0d600c94f70a1d7f5bf92100a4f | BUY  |
+------------+---------------------------+----------------------------------+------+
+----+---------------------------+------------------------+-------+
|    | TIMESTAMP                 | STATE                  | MSG   |
|----+---------------------------+------------------------+-------|
|  0 | 2023-01-04 13:15:00+05:30 | PUT ORDER REQ RECEIVED |       |
|  1 | 2023-01-04 13:15:00+05:30 | VALIDATION PENDING     |       |
|  2 | 2023-01-04 13:15:00+05:30 | OPEN PENDING           |       |
|  3 | 2023-01-04 13:15:00+05:30 | OPEN                   |       |
|  4 | 2023-01-04 13:15:00+05:30 | COMPLETE               |       |
+----+---------------------------+------------------------+-------+

+------------+---------------------------+----------------------------------+------+
| INST       | timestamp                 | ID                               | TT   |
|------------+---------------------------+----------------------------------+------|
| NSE_EQ:DLF | 2023-01-05 09:15:00+05:30 | 6b0ab80ccf4d4d3782031c37e26403c6 | BUY  |
+------------+---------------------------+----------------------------------+------+
+----+---------------------------+------------------------+-------+
|    | TIMESTAMP                 | STATE                  | MSG   |
|----+---------------------------+------------------------+-------|
|  0 | 2023-01-05 09:15:00+05:30 | PUT ORDER REQ RECEIVED |       |
|  1 | 2023-01-05 09:15:00+05:30 | COMPLETE               |       |
+----+---------------------------+------------------------+-------+

+------------+---------------------------+----------------------------------+------+
| INST       | timestamp                 | ID                               | TT   |
|------------+---------------------------+----------------------------------+------|
| NSE_EQ:DLF | 2023-01-05 10:15:00+05:30 | 4718a0ccaa284e69b7b8dfca198cfc67 | SELL |
+------------+---------------------------+----------------------------------+------+
+----+---------------------------+------------------------+-------+
|    | TIMESTAMP                 | STATE                  | MSG   |
|----+---------------------------+------------------------+-------|
|  0 | 2023-01-05 10:15:00+05:30 | PUT ORDER REQ RECEIVED |       |
|  1 | 2023-01-05 10:15:00+05:30 | VALIDATION PENDING     |       |
|  2 | 2023-01-05 10:15:00+05:30 | OPEN PENDING           |       |
|  3 | 2023-01-05 10:15:00+05:30 | OPEN                   |       |
|  4 | 2023-01-05 10:15:00+05:30 | COMPLETE               |       |
+----+---------------------------+------------------------+-------+

+------------+---------------------------+----------------------------------+------+
| INST       | timestamp                 | ID                               | TT   |
|------------+---------------------------+----------------------------------+------|
| NSE_EQ:DLF | 2023-01-05 10:15:00+05:30 | 989e0db5da224c8db8b5147201539019 | BUY  |
+------------+---------------------------+----------------------------------+------+
+----+---------------------------+------------------------+-------+
|    | TIMESTAMP                 | STATE                  | MSG   |
|----+---------------------------+------------------------+-------|
|  0 | 2023-01-05 10:15:00+05:30 | PUT ORDER REQ RECEIVED |       |
|  1 | 2023-01-05 10:15:00+05:30 | VALIDATION PENDING     |       |
|  2 | 2023-01-05 10:15:00+05:30 | OPEN PENDING           |       |
|  3 | 2023-01-05 10:15:00+05:30 | OPEN                   |       |
|  4 | 2023-01-05 10:15:00+05:30 | COMPLETE               |       |
+----+---------------------------+------------------------+-------+

+------------+---------------------------+----------------------------------+------+
| INST       | timestamp                 | ID                               | TT   |
|------------+---------------------------+----------------------------------+------|
| NSE_EQ:DLF | 2023-01-05 12:15:00+05:30 | 95726fbc505e435094f0acebfaaf2f27 | SELL |
+------------+---------------------------+----------------------------------+------+
+----+---------------------------+------------------------+-------+
|    | TIMESTAMP                 | STATE                  | MSG   |
|----+---------------------------+------------------------+-------|
|  0 | 2023-01-05 12:15:00+05:30 | PUT ORDER REQ RECEIVED |       |
|  1 | 2023-01-05 12:15:00+05:30 | VALIDATION PENDING     |       |
|  2 | 2023-01-05 12:15:00+05:30 | OPEN PENDING           |       |
|  3 | 2023-01-05 12:15:00+05:30 | OPEN                   |       |
|  4 | 2023-01-05 12:15:00+05:30 | COMPLETE               |       |
+----+---------------------------+------------------------+-------+

+------------+---------------------------+----------------------------------+------+
| INST       | timestamp                 | ID                               | TT   |
|------------+---------------------------+----------------------------------+------|
| NSE_EQ:DLF | 2023-01-05 12:15:00+05:30 | 4dd1935b88514ac8b3e470f58b47b102 | SELL |
+------------+---------------------------+----------------------------------+------+
+----+---------------------------+------------------------+-------+
|    | TIMESTAMP                 | STATE                  | MSG   |
|----+---------------------------+------------------------+-------|
|  0 | 2023-01-05 12:15:00+05:30 | PUT ORDER REQ RECEIVED |       |
|  1 | 2023-01-05 12:15:00+05:30 | VALIDATION PENDING     |       |
|  2 | 2023-01-05 12:15:00+05:30 | REJECTED               |       |
+----+---------------------------+------------------------+-------+

+------------+---------------------------+----------------------------------+------+
| INST       | timestamp                 | ID                               | TT   |
|------------+---------------------------+----------------------------------+------|
| NSE_EQ:DLF | 2023-01-06 10:15:00+05:30 | 13c4a0a25d7d4166bdbb32a2fbe3bc29 | SELL |
+------------+---------------------------+----------------------------------+------+
+----+---------------------------+------------------------+-------+
|    | TIMESTAMP                 | STATE                  | MSG   |
|----+---------------------------+------------------------+-------|
|  0 | 2023-01-06 10:15:00+05:30 | PUT ORDER REQ RECEIVED |       |
|  1 | 2023-01-06 10:15:00+05:30 | VALIDATION PENDING     |       |
|  2 | 2023-01-06 10:15:00+05:30 | REJECTED               |       |
+----+---------------------------+------------------------+-------+

+------------+---------------------------+----------------------------------+------+
| INST       | timestamp                 | ID                               | TT   |
|------------+---------------------------+----------------------------------+------|
| NSE_EQ:DLF | 2023-01-09 09:15:00+05:30 | fa78261f29bc47039f84d40de5162a4f | SELL |
+------------+---------------------------+----------------------------------+------+
+----+---------------------------+------------------------+-------+
|    | TIMESTAMP                 | STATE                  | MSG   |
|----+---------------------------+------------------------+-------|
|  0 | 2023-01-09 09:15:00+05:30 | PUT ORDER REQ RECEIVED |       |
|  1 | 2023-01-09 09:15:00+05:30 | VALIDATION PENDING     |       |
|  2 | 2023-01-09 09:15:00+05:30 | REJECTED               |       |
+----+---------------------------+------------------------+-------+

+------------+---------------------------+----------------------------------+------+
| INST       | timestamp                 | ID                               | TT   |
|------------+---------------------------+----------------------------------+------|
| NSE_EQ:DLF | 2023-01-10 09:15:00+05:30 | a49c3f9fb9264e16ac5fe1ee4b41681b | BUY  |
+------------+---------------------------+----------------------------------+------+
+----+---------------------------+------------------------+-------+
|    | TIMESTAMP                 | STATE                  | MSG   |
|----+---------------------------+------------------------+-------|
|  0 | 2023-01-10 09:15:00+05:30 | PUT ORDER REQ RECEIVED |       |
|  1 | 2023-01-10 09:15:00+05:30 | VALIDATION PENDING     |       |
|  2 | 2023-01-10 09:15:00+05:30 | OPEN PENDING           |       |
|  3 | 2023-01-10 09:15:00+05:30 | OPEN                   |       |
|  4 | 2023-01-10 09:15:00+05:30 | COMPLETE               |       |
+----+---------------------------+------------------------+-------+

+------------+---------------------------+----------------------------------+------+
| INST       | timestamp                 | ID                               | TT   |
|------------+---------------------------+----------------------------------+------|
| NSE_EQ:DLF | 2023-01-10 10:15:00+05:30 | 41eeb46ce35943c89321958ad5ca3032 | SELL |
+------------+---------------------------+----------------------------------+------+
+----+---------------------------+------------------------+-------+
|    | TIMESTAMP                 | STATE                  | MSG   |
|----+---------------------------+------------------------+-------|
|  0 | 2023-01-10 10:15:00+05:30 | PUT ORDER REQ RECEIVED |       |
|  1 | 2023-01-10 10:15:00+05:30 | VALIDATION PENDING     |       |
|  2 | 2023-01-10 10:15:00+05:30 | OPEN PENDING           |       |
|  3 | 2023-01-10 10:15:00+05:30 | OPEN                   |       |
|  4 | 2023-01-10 10:15:00+05:30 | COMPLETE               |       |
+----+---------------------------+------------------------+-------+

+------------+---------------------------+----------------------------------+------+
| INST       | timestamp                 | ID                               | TT   |
|------------+---------------------------+----------------------------------+------|
| NSE_EQ:DLF | 2023-01-10 10:15:00+05:30 | 24bebc5e7f8b4938a7c2bed22065c8d4 | SELL |
+------------+---------------------------+----------------------------------+------+
+----+---------------------------+------------------------+-------+
|    | TIMESTAMP                 | STATE                  | MSG   |
|----+---------------------------+------------------------+-------|
|  0 | 2023-01-10 10:15:00+05:30 | PUT ORDER REQ RECEIVED |       |
|  1 | 2023-01-10 10:15:00+05:30 | VALIDATION PENDING     |       |
|  2 | 2023-01-10 10:15:00+05:30 | REJECTED               |       |
+----+---------------------------+------------------------+-------+

+------------+---------------------------+----------------------------------+------+
| INST       | timestamp                 | ID                               | TT   |
|------------+---------------------------+----------------------------------+------|
| NSE_EQ:DLF | 2023-01-11 12:15:00+05:30 | 8f09fa64da404c4aadea56b15d78c01d | SELL |
+------------+---------------------------+----------------------------------+------+
+----+---------------------------+------------------------+-------+
|    | TIMESTAMP                 | STATE                  | MSG   |
|----+---------------------------+------------------------+-------|
|  0 | 2023-01-11 12:15:00+05:30 | PUT ORDER REQ RECEIVED |       |
|  1 | 2023-01-11 12:15:00+05:30 | VALIDATION PENDING     |       |
|  2 | 2023-01-11 12:15:00+05:30 | REJECTED               |       |
+----+---------------------------+------------------------+-------+

+------------+---------------------------+----------------------------------+------+
| INST       | timestamp                 | ID                               | TT   |
|------------+---------------------------+----------------------------------+------|
| NSE_EQ:DLF | 2023-01-12 09:15:00+05:30 | 21ecdb43e1d24241ac432d8c4afce22f | BUY  |
+------------+---------------------------+----------------------------------+------+
+----+---------------------------+------------------------+-------+
|    | TIMESTAMP                 | STATE                  | MSG   |
|----+---------------------------+------------------------+-------|
|  0 | 2023-01-12 09:15:00+05:30 | PUT ORDER REQ RECEIVED |       |
|  1 | 2023-01-12 09:15:00+05:30 | VALIDATION PENDING     |       |
|  2 | 2023-01-12 09:15:00+05:30 | OPEN PENDING           |       |
|  3 | 2023-01-12 09:15:00+05:30 | OPEN                   |       |
|  4 | 2023-01-12 09:15:00+05:30 | COMPLETE               |       |
+----+---------------------------+------------------------+-------+

+------------+---------------------------+----------------------------------+------+
| INST       | timestamp                 | ID                               | TT   |
|------------+---------------------------+----------------------------------+------|
| NSE_EQ:DLF | 2023-01-12 14:15:00+05:30 | c819224d335c4ba5adf22f12f00a9790 | SELL |
+------------+---------------------------+----------------------------------+------+
+----+---------------------------+------------------------+-------+
|    | TIMESTAMP                 | STATE                  | MSG   |
|----+---------------------------+------------------------+-------|
|  0 | 2023-01-12 14:15:00+05:30 | PUT ORDER REQ RECEIVED |       |
|  1 | 2023-01-12 14:15:00+05:30 | VALIDATION PENDING     |       |
|  2 | 2023-01-12 14:15:00+05:30 | OPEN PENDING           |       |
|  3 | 2023-01-12 14:15:00+05:30 | OPEN                   |       |
|  4 | 2023-01-12 14:15:00+05:30 | COMPLETE               |       |
+----+---------------------------+------------------------+-------+

+------------+---------------------------+----------------------------------+------+
| INST       | timestamp                 | ID                               | TT   |
|------------+---------------------------+----------------------------------+------|
| NSE_EQ:DLF | 2023-01-12 14:15:00+05:30 | 7322616d9a8b4e33ad2368f1a26908b3 | SELL |
+------------+---------------------------+----------------------------------+------+
+----+---------------------------+------------------------+-------+
|    | TIMESTAMP                 | STATE                  | MSG   |
|----+---------------------------+------------------------+-------|
|  0 | 2023-01-12 14:15:00+05:30 | PUT ORDER REQ RECEIVED |       |
|  1 | 2023-01-12 14:15:00+05:30 | VALIDATION PENDING     |       |
|  2 | 2023-01-12 14:15:00+05:30 | REJECTED               |       |
+----+---------------------------+------------------------+-------+

+------------+---------------------------+----------------------------------+------+
| INST       | timestamp                 | ID                               | TT   |
|------------+---------------------------+----------------------------------+------|
| NSE_EQ:DLF | 2023-01-13 10:15:00+05:30 | ec6f34ab5dee4fe4b9f15810702efc65 | SELL |
+------------+---------------------------+----------------------------------+------+
+----+---------------------------+------------------------+-------+
|    | TIMESTAMP                 | STATE                  | MSG   |
|----+---------------------------+------------------------+-------|
|  0 | 2023-01-13 10:15:00+05:30 | PUT ORDER REQ RECEIVED |       |
|  1 | 2023-01-13 10:15:00+05:30 | VALIDATION PENDING     |       |
|  2 | 2023-01-13 10:15:00+05:30 | REJECTED               |       |
+----+---------------------------+------------------------+-------+

+------------+---------------------------+----------------------------------+------+
| INST       | timestamp                 | ID                               | TT   |
|------------+---------------------------+----------------------------------+------|
| NSE_EQ:DLF | 2023-01-16 14:15:00+05:30 | 4343265d0f8244878300355889ce3f30 | BUY  |
+------------+---------------------------+----------------------------------+------+
+----+---------------------------+------------------------+-------+
|    | TIMESTAMP                 | STATE                  | MSG   |
|----+---------------------------+------------------------+-------|
|  0 | 2023-01-16 14:15:00+05:30 | PUT ORDER REQ RECEIVED |       |
|  1 | 2023-01-16 14:15:00+05:30 | VALIDATION PENDING     |       |
|  2 | 2023-01-16 14:15:00+05:30 | OPEN PENDING           |       |
|  3 | 2023-01-16 14:15:00+05:30 | OPEN                   |       |
|  4 | 2023-01-16 14:15:00+05:30 | COMPLETE               |       |
+----+---------------------------+------------------------+-------+

+------------+---------------------------+----------------------------------+------+
| INST       | timestamp                 | ID                               | TT   |
|------------+---------------------------+----------------------------------+------|
| NSE_EQ:DLF | 2023-01-17 09:15:00+05:30 | aa8a8eab8d9d4efcabb3873a66387961 | BUY  |
+------------+---------------------------+----------------------------------+------+
+----+---------------------------+------------------------+-------+
|    | TIMESTAMP                 | STATE                  | MSG   |
|----+---------------------------+------------------------+-------|
|  0 | 2023-01-17 09:15:00+05:30 | PUT ORDER REQ RECEIVED |       |
|  1 | 2023-01-17 09:15:00+05:30 | COMPLETE               |       |
+----+---------------------------+------------------------+-------+

+------------+---------------------------+----------------------------------+------+
| INST       | timestamp                 | ID                               | TT   |
|------------+---------------------------+----------------------------------+------|
| NSE_EQ:DLF | 2023-01-17 09:15:00+05:30 | 21ff811ef850493f903ae9974ffbdea5 | SELL |
+------------+---------------------------+----------------------------------+------+
+----+---------------------------+------------------------+-------+
|    | TIMESTAMP                 | STATE                  | MSG   |
|----+---------------------------+------------------------+-------|
|  0 | 2023-01-17 09:15:00+05:30 | PUT ORDER REQ RECEIVED |       |
|  1 | 2023-01-17 09:15:00+05:30 | VALIDATION PENDING     |       |
|  2 | 2023-01-17 09:15:00+05:30 | OPEN PENDING           |       |
|  3 | 2023-01-17 09:15:00+05:30 | OPEN                   |       |
|  4 | 2023-01-17 09:15:00+05:30 | COMPLETE               |       |
+----+---------------------------+------------------------+-------+

+------------+---------------------------+----------------------------------+------+
| INST       | timestamp                 | ID                               | TT   |
|------------+---------------------------+----------------------------------+------|
| NSE_EQ:DLF | 2023-01-17 09:15:00+05:30 | 50f310004a324f3c8adca72478a6676a | BUY  |
+------------+---------------------------+----------------------------------+------+
+----+---------------------------+------------------------+-------+
|    | TIMESTAMP                 | STATE                  | MSG   |
|----+---------------------------+------------------------+-------|
|  0 | 2023-01-17 09:15:00+05:30 | PUT ORDER REQ RECEIVED |       |
|  1 | 2023-01-17 09:15:00+05:30 | VALIDATION PENDING     |       |
|  2 | 2023-01-17 09:15:00+05:30 | OPEN PENDING           |       |
|  3 | 2023-01-17 09:15:00+05:30 | OPEN                   |       |
|  4 | 2023-01-17 09:15:00+05:30 | COMPLETE               |       |
+----+---------------------------+------------------------+-------+

+------------+---------------------------+----------------------------------+------+
| INST       | timestamp                 | ID                               | TT   |
|------------+---------------------------+----------------------------------+------|
| NSE_EQ:DLF | 2023-01-17 13:15:00+05:30 | 80846c55831e4cfa991b18ed98073315 | SELL |
+------------+---------------------------+----------------------------------+------+
+----+---------------------------+------------------------+-------+
|    | TIMESTAMP                 | STATE                  | MSG   |
|----+---------------------------+------------------------+-------|
|  0 | 2023-01-17 13:15:00+05:30 | PUT ORDER REQ RECEIVED |       |
|  1 | 2023-01-17 13:15:00+05:30 | VALIDATION PENDING     |       |
|  2 | 2023-01-17 13:15:00+05:30 | OPEN PENDING           |       |
|  3 | 2023-01-17 13:15:00+05:30 | OPEN                   |       |
|  4 | 2023-01-17 13:15:00+05:30 | COMPLETE               |       |
+----+---------------------------+------------------------+-------+

+------------+---------------------------+----------------------------------+------+
| INST       | timestamp                 | ID                               | TT   |
|------------+---------------------------+----------------------------------+------|
| NSE_EQ:DLF | 2023-01-17 13:15:00+05:30 | 71808e52dccf454c9b81b006113017d8 | SELL |
+------------+---------------------------+----------------------------------+------+
+----+---------------------------+------------------------+-------+
|    | TIMESTAMP                 | STATE                  | MSG   |
|----+---------------------------+------------------------+-------|
|  0 | 2023-01-17 13:15:00+05:30 | PUT ORDER REQ RECEIVED |       |
|  1 | 2023-01-17 13:15:00+05:30 | VALIDATION PENDING     |       |
|  2 | 2023-01-17 13:15:00+05:30 | REJECTED               |       |
+----+---------------------------+------------------------+-------+

+------------+---------------------------+----------------------------------+------+
| INST       | timestamp                 | ID                               | TT   |
|------------+---------------------------+----------------------------------+------|
| NSE_EQ:DLF | 2023-01-18 10:15:00+05:30 | 44b6365c95a94ee0a994c4a66987088e | SELL |
+------------+---------------------------+----------------------------------+------+
+----+---------------------------+------------------------+-------+
|    | TIMESTAMP                 | STATE                  | MSG   |
|----+---------------------------+------------------------+-------|
|  0 | 2023-01-18 10:15:00+05:30 | PUT ORDER REQ RECEIVED |       |
|  1 | 2023-01-18 10:15:00+05:30 | VALIDATION PENDING     |       |
|  2 | 2023-01-18 10:15:00+05:30 | REJECTED               |       |
+----+---------------------------+------------------------+-------+

+------------+---------------------------+----------------------------------+------+
| INST       | timestamp                 | ID                               | TT   |
|------------+---------------------------+----------------------------------+------|
| NSE_EQ:DLF | 2023-01-19 09:15:00+05:30 | bbc95680f40e4d978ff6c7759af440b7 | SELL |
+------------+---------------------------+----------------------------------+------+
+----+---------------------------+------------------------+-------+
|    | TIMESTAMP                 | STATE                  | MSG   |
|----+---------------------------+------------------------+-------|
|  0 | 2023-01-19 09:15:00+05:30 | PUT ORDER REQ RECEIVED |       |
|  1 | 2023-01-19 09:15:00+05:30 | VALIDATION PENDING     |       |
|  2 | 2023-01-19 09:15:00+05:30 | REJECTED               |       |
+----+---------------------------+------------------------+-------+

+------------+---------------------------+----------------------------------+------+
| INST       | timestamp                 | ID                               | TT   |
|------------+---------------------------+----------------------------------+------|
| NSE_EQ:DLF | 2023-01-20 10:15:00+05:30 | 7c0d4a06632846499b587cdc6ce45084 | SELL |
+------------+---------------------------+----------------------------------+------+
+----+---------------------------+------------------------+-------+
|    | TIMESTAMP                 | STATE                  | MSG   |
|----+---------------------------+------------------------+-------|
|  0 | 2023-01-20 10:15:00+05:30 | PUT ORDER REQ RECEIVED |       |
|  1 | 2023-01-20 10:15:00+05:30 | VALIDATION PENDING     |       |
|  2 | 2023-01-20 10:15:00+05:30 | REJECTED               |       |
+----+---------------------------+------------------------+-------+

+------------+---------------------------+----------------------------------+------+
| INST       | timestamp                 | ID                               | TT   |
|------------+---------------------------+----------------------------------+------|
| NSE_EQ:DLF | 2023-01-23 10:15:00+05:30 | 07f1c3811d6a455ebb6458711256dcf4 | BUY  |
+------------+---------------------------+----------------------------------+------+
+----+---------------------------+------------------------+-------+
|    | TIMESTAMP                 | STATE                  | MSG   |
|----+---------------------------+------------------------+-------|
|  0 | 2023-01-23 10:15:00+05:30 | PUT ORDER REQ RECEIVED |       |
|  1 | 2023-01-23 10:15:00+05:30 | VALIDATION PENDING     |       |
|  2 | 2023-01-23 10:15:00+05:30 | OPEN PENDING           |       |
|  3 | 2023-01-23 10:15:00+05:30 | OPEN                   |       |
|  4 | 2023-01-23 10:15:00+05:30 | COMPLETE               |       |
+----+---------------------------+------------------------+-------+

+------------+---------------------------+----------------------------------+------+
| INST       | timestamp                 | ID                               | TT   |
|------------+---------------------------+----------------------------------+------|
| NSE_EQ:DLF | 2023-01-24 09:15:00+05:30 | 665a961267fd4d0d9d8018d3b7874292 | BUY  |
+------------+---------------------------+----------------------------------+------+
+----+---------------------------+------------------------+-------+
|    | TIMESTAMP                 | STATE                  | MSG   |
|----+---------------------------+------------------------+-------|
|  0 | 2023-01-24 09:15:00+05:30 | PUT ORDER REQ RECEIVED |       |
|  1 | 2023-01-24 09:15:00+05:30 | COMPLETE               |       |
+----+---------------------------+------------------------+-------+

+------------+---------------------------+----------------------------------+------+
| INST       | timestamp                 | ID                               | TT   |
|------------+---------------------------+----------------------------------+------|
| NSE_EQ:DLF | 2023-01-24 09:15:00+05:30 | 1e64e7937ef24a10bcff7f1c73ef926b | SELL |
+------------+---------------------------+----------------------------------+------+
+----+---------------------------+------------------------+-------+
|    | TIMESTAMP                 | STATE                  | MSG   |
|----+---------------------------+------------------------+-------|
|  0 | 2023-01-24 09:15:00+05:30 | PUT ORDER REQ RECEIVED |       |
|  1 | 2023-01-24 09:15:00+05:30 | VALIDATION PENDING     |       |
|  2 | 2023-01-24 09:15:00+05:30 | OPEN PENDING           |       |
|  3 | 2023-01-24 09:15:00+05:30 | OPEN                   |       |
|  4 | 2023-01-24 09:15:00+05:30 | COMPLETE               |       |
+----+---------------------------+------------------------+-------+

+------------+---------------------------+----------------------------------+------+
| INST       | timestamp                 | ID                               | TT   |
|------------+---------------------------+----------------------------------+------|
| NSE_EQ:DLF | 2023-01-24 09:15:00+05:30 | f14f23b186e8498195114c2ee1721ef3 | SELL |
+------------+---------------------------+----------------------------------+------+
+----+---------------------------+------------------------+-------+
|    | TIMESTAMP                 | STATE                  | MSG   |
|----+---------------------------+------------------------+-------|
|  0 | 2023-01-24 09:15:00+05:30 | PUT ORDER REQ RECEIVED |       |
|  1 | 2023-01-24 09:15:00+05:30 | VALIDATION PENDING     |       |
|  2 | 2023-01-24 09:15:00+05:30 | REJECTED               |       |
+----+---------------------------+------------------------+-------+

+------------+---------------------------+----------------------------------+------+
| INST       | timestamp                 | ID                               | TT   |
|------------+---------------------------+----------------------------------+------|
| NSE_EQ:DLF | 2023-01-25 10:15:00+05:30 | 8eb1a995cae14782a00dc6743de7b1b7 | SELL |
+------------+---------------------------+----------------------------------+------+
+----+---------------------------+------------------------+-------+
|    | TIMESTAMP                 | STATE                  | MSG   |
|----+---------------------------+------------------------+-------|
|  0 | 2023-01-25 10:15:00+05:30 | PUT ORDER REQ RECEIVED |       |
|  1 | 2023-01-25 10:15:00+05:30 | VALIDATION PENDING     |       |
|  2 | 2023-01-25 10:15:00+05:30 | REJECTED               |       |
+----+---------------------------+------------------------+-------+

+------------+---------------------------+----------------------------------+------+
| INST       | timestamp                 | ID                               | TT   |
|------------+---------------------------+----------------------------------+------|
| NSE_EQ:DLF | 2023-01-27 09:15:00+05:30 | 66ec289c6bf946a394525f3507175e91 | SELL |
+------------+---------------------------+----------------------------------+------+
+----+---------------------------+------------------------+-------+
|    | TIMESTAMP                 | STATE                  | MSG   |
|----+---------------------------+------------------------+-------|
|  0 | 2023-01-27 09:15:00+05:30 | PUT ORDER REQ RECEIVED |       |
|  1 | 2023-01-27 09:15:00+05:30 | VALIDATION PENDING     |       |
|  2 | 2023-01-27 09:15:00+05:30 | REJECTED               |       |
+----+---------------------------+------------------------+-------+

+------------+---------------------------+----------------------------------+------+
| INST       | timestamp                 | ID                               | TT   |
|------------+---------------------------+----------------------------------+------|
| NSE_EQ:DLF | 2023-01-30 10:15:00+05:30 | 1041fe49cf184fbda6fca0963e012e02 | SELL |
+------------+---------------------------+----------------------------------+------+
+----+---------------------------+------------------------+-------+
|    | TIMESTAMP                 | STATE                  | MSG   |
|----+---------------------------+------------------------+-------|
|  0 | 2023-01-30 10:15:00+05:30 | PUT ORDER REQ RECEIVED |       |
|  1 | 2023-01-30 10:15:00+05:30 | VALIDATION PENDING     |       |
|  2 | 2023-01-30 10:15:00+05:30 | REJECTED               |       |
+----+---------------------------+------------------------+-------+

+------------+---------------------------+----------------------------------+------+
| INST       | timestamp                 | ID                               | TT   |
|------------+---------------------------+----------------------------------+------|
| NSE_EQ:DLF | 2023-01-31 14:15:00+05:30 | defa10320d8744c897c8a9b1af211559 | SELL |
+------------+---------------------------+----------------------------------+------+
+----+---------------------------+------------------------+-------+
|    | TIMESTAMP                 | STATE                  | MSG   |
|----+---------------------------+------------------------+-------|
|  0 | 2023-01-31 14:15:00+05:30 | PUT ORDER REQ RECEIVED |       |
|  1 | 2023-01-31 14:15:00+05:30 | VALIDATION PENDING     |       |
|  2 | 2023-01-31 14:15:00+05:30 | REJECTED               |       |
+----+---------------------------+------------------------+-------+

+------------+---------------------------+----------------------------------+------+
| INST       | timestamp                 | ID                               | TT   |
|------------+---------------------------+----------------------------------+------|
| NSE_EQ:DLF | 2023-02-01 10:15:00+05:30 | 4bda4394ff7f42a992ed830ac38a7944 | BUY  |
+------------+---------------------------+----------------------------------+------+
+----+---------------------------+------------------------+-------+
|    | TIMESTAMP                 | STATE                  | MSG   |
|----+---------------------------+------------------------+-------|
|  0 | 2023-02-01 10:15:00+05:30 | PUT ORDER REQ RECEIVED |       |
|  1 | 2023-02-01 10:15:00+05:30 | VALIDATION PENDING     |       |
|  2 | 2023-02-01 10:15:00+05:30 | OPEN PENDING           |       |
|  3 | 2023-02-01 10:15:00+05:30 | OPEN                   |       |
|  4 | 2023-02-01 10:15:00+05:30 | COMPLETE               |       |
+----+---------------------------+------------------------+-------+

+------------+---------------------------+----------------------------------+------+
| INST       | timestamp                 | ID                               | TT   |
|------------+---------------------------+----------------------------------+------|
| NSE_EQ:DLF | 2023-02-01 12:15:00+05:30 | b805ae780f054bd09a83c95499b5348d | SELL |
+------------+---------------------------+----------------------------------+------+
+----+---------------------------+------------------------+-------+
|    | TIMESTAMP                 | STATE                  | MSG   |
|----+---------------------------+------------------------+-------|
|  0 | 2023-02-01 12:15:00+05:30 | PUT ORDER REQ RECEIVED |       |
|  1 | 2023-02-01 12:15:00+05:30 | VALIDATION PENDING     |       |
|  2 | 2023-02-01 12:15:00+05:30 | OPEN PENDING           |       |
|  3 | 2023-02-01 12:15:00+05:30 | OPEN                   |       |
|  4 | 2023-02-01 12:15:00+05:30 | COMPLETE               |       |
+----+---------------------------+------------------------+-------+

+------------+---------------------------+----------------------------------+------+
| INST       | timestamp                 | ID                               | TT   |
|------------+---------------------------+----------------------------------+------|
| NSE_EQ:DLF | 2023-02-01 12:15:00+05:30 | bece4348616146579d12f99d5b3d4aab | SELL |
+------------+---------------------------+----------------------------------+------+
+----+---------------------------+------------------------+-------+
|    | TIMESTAMP                 | STATE                  | MSG   |
|----+---------------------------+------------------------+-------|
|  0 | 2023-02-01 12:15:00+05:30 | PUT ORDER REQ RECEIVED |       |
|  1 | 2023-02-01 12:15:00+05:30 | VALIDATION PENDING     |       |
|  2 | 2023-02-01 12:15:00+05:30 | REJECTED               |       |
+----+---------------------------+------------------------+-------+

+------------+---------------------------+----------------------------------+------+
| INST       | timestamp                 | ID                               | TT   |
|------------+---------------------------+----------------------------------+------|
| NSE_EQ:DLF | 2023-02-02 09:15:00+05:30 | bd35bd7ba11d4ab4ba205c7681f6a418 | BUY  |
+------------+---------------------------+----------------------------------+------+
+----+---------------------------+------------------------+-------+
|    | TIMESTAMP                 | STATE                  | MSG   |
|----+---------------------------+------------------------+-------|
|  0 | 2023-02-02 09:15:00+05:30 | PUT ORDER REQ RECEIVED |       |
|  1 | 2023-02-02 09:15:00+05:30 | VALIDATION PENDING     |       |
|  2 | 2023-02-02 09:15:00+05:30 | OPEN PENDING           |       |
|  3 | 2023-02-02 09:15:00+05:30 | OPEN                   |       |
|  4 | 2023-02-02 09:15:00+05:30 | COMPLETE               |       |
+----+---------------------------+------------------------+-------+

+------------+---------------------------+----------------------------------+------+
| INST       | timestamp                 | ID                               | TT   |
|------------+---------------------------+----------------------------------+------|
| NSE_EQ:DLF | 2023-02-02 10:15:00+05:30 | d6b4e88994704fa5a15b86ec4d289974 | SELL |
+------------+---------------------------+----------------------------------+------+
+----+---------------------------+------------------------+-------+
|    | TIMESTAMP                 | STATE                  | MSG   |
|----+---------------------------+------------------------+-------|
|  0 | 2023-02-02 10:15:00+05:30 | PUT ORDER REQ RECEIVED |       |
|  1 | 2023-02-02 10:15:00+05:30 | VALIDATION PENDING     |       |
|  2 | 2023-02-02 10:15:00+05:30 | OPEN PENDING           |       |
|  3 | 2023-02-02 10:15:00+05:30 | OPEN                   |       |
|  4 | 2023-02-02 10:15:00+05:30 | COMPLETE               |       |
+----+---------------------------+------------------------+-------+

+------------+---------------------------+----------------------------------+------+
| INST       | timestamp                 | ID                               | TT   |
|------------+---------------------------+----------------------------------+------|
| NSE_EQ:DLF | 2023-02-02 10:15:00+05:30 | aeff5beee99c4ebf970f148735c8d28e | SELL |
+------------+---------------------------+----------------------------------+------+
+----+---------------------------+------------------------+-------+
|    | TIMESTAMP                 | STATE                  | MSG   |
|----+---------------------------+------------------------+-------|
|  0 | 2023-02-02 10:15:00+05:30 | PUT ORDER REQ RECEIVED |       |
|  1 | 2023-02-02 10:15:00+05:30 | VALIDATION PENDING     |       |
|  2 | 2023-02-02 10:15:00+05:30 | REJECTED               |       |
+----+---------------------------+------------------------+-------+

+------------+---------------------------+----------------------------------+------+
| INST       | timestamp                 | ID                               | TT   |
|------------+---------------------------+----------------------------------+------|
| NSE_EQ:DLF | 2023-02-03 09:15:00+05:30 | 45143b5e4e284aae9bfc4b76bcc0510a | SELL |
+------------+---------------------------+----------------------------------+------+
+----+---------------------------+------------------------+-------+
|    | TIMESTAMP                 | STATE                  | MSG   |
|----+---------------------------+------------------------+-------|
|  0 | 2023-02-03 09:15:00+05:30 | PUT ORDER REQ RECEIVED |       |
|  1 | 2023-02-03 09:15:00+05:30 | VALIDATION PENDING     |       |
|  2 | 2023-02-03 09:15:00+05:30 | REJECTED               |       |
+----+---------------------------+------------------------+-------+

+------------+---------------------------+----------------------------------+------+
| INST       | timestamp                 | ID                               | TT   |
|------------+---------------------------+----------------------------------+------|
| NSE_EQ:DLF | 2023-02-06 11:15:00+05:30 | 017afca0ff8243b787ad3a60b0ef6961 | SELL |
+------------+---------------------------+----------------------------------+------+
+----+---------------------------+------------------------+-------+
|    | TIMESTAMP                 | STATE                  | MSG   |
|----+---------------------------+------------------------+-------|
|  0 | 2023-02-06 11:15:00+05:30 | PUT ORDER REQ RECEIVED |       |
|  1 | 2023-02-06 11:15:00+05:30 | VALIDATION PENDING     |       |
|  2 | 2023-02-06 11:15:00+05:30 | REJECTED               |       |
+----+---------------------------+------------------------+-------+

+------------+---------------------------+----------------------------------+------+
| INST       | timestamp                 | ID                               | TT   |
|------------+---------------------------+----------------------------------+------|
| NSE_EQ:DLF | 2023-02-07 11:15:00+05:30 | ec9005e1ed3c48e28eeac979ff205366 | SELL |
+------------+---------------------------+----------------------------------+------+
+----+---------------------------+------------------------+-------+
|    | TIMESTAMP                 | STATE                  | MSG   |
|----+---------------------------+------------------------+-------|
|  0 | 2023-02-07 11:15:00+05:30 | PUT ORDER REQ RECEIVED |       |
|  1 | 2023-02-07 11:15:00+05:30 | VALIDATION PENDING     |       |
|  2 | 2023-02-07 11:15:00+05:30 | REJECTED               |       |
+----+---------------------------+------------------------+-------+

+------------+---------------------------+----------------------------------+------+
| INST       | timestamp                 | ID                               | TT   |
|------------+---------------------------+----------------------------------+------|
| NSE_EQ:DLF | 2023-02-08 09:15:00+05:30 | b209f48a2d2f449bac04d5259bad2a69 | SELL |
+------------+---------------------------+----------------------------------+------+
+----+---------------------------+------------------------+-------+
|    | TIMESTAMP                 | STATE                  | MSG   |
|----+---------------------------+------------------------+-------|
|  0 | 2023-02-08 09:15:00+05:30 | PUT ORDER REQ RECEIVED |       |
|  1 | 2023-02-08 09:15:00+05:30 | VALIDATION PENDING     |       |
|  2 | 2023-02-08 09:15:00+05:30 | REJECTED               |       |
+----+---------------------------+------------------------+-------+

+------------+---------------------------+----------------------------------+------+
| INST       | timestamp                 | ID                               | TT   |
|------------+---------------------------+----------------------------------+------|
| NSE_EQ:DLF | 2023-02-09 09:15:00+05:30 | bcd99ac3fdd14dc3a2eae45f00a5c0ea | SELL |
+------------+---------------------------+----------------------------------+------+
+----+---------------------------+------------------------+-------+
|    | TIMESTAMP                 | STATE                  | MSG   |
|----+---------------------------+------------------------+-------|
|  0 | 2023-02-09 09:15:00+05:30 | PUT ORDER REQ RECEIVED |       |
|  1 | 2023-02-09 09:15:00+05:30 | VALIDATION PENDING     |       |
|  2 | 2023-02-09 09:15:00+05:30 | REJECTED               |       |
+----+---------------------------+------------------------+-------+

+------------+---------------------------+----------------------------------+------+
| INST       | timestamp                 | ID                               | TT   |
|------------+---------------------------+----------------------------------+------|
| NSE_EQ:DLF | 2023-02-10 09:15:00+05:30 | 5ce66c9b216f45a9a7b1d96b427ff10f | SELL |
+------------+---------------------------+----------------------------------+------+
+----+---------------------------+------------------------+-------+
|    | TIMESTAMP                 | STATE                  | MSG   |
|----+---------------------------+------------------------+-------|
|  0 | 2023-02-10 09:15:00+05:30 | PUT ORDER REQ RECEIVED |       |
|  1 | 2023-02-10 09:15:00+05:30 | VALIDATION PENDING     |       |
|  2 | 2023-02-10 09:15:00+05:30 | REJECTED               |       |
+----+---------------------------+------------------------+-------+

+------------+---------------------------+----------------------------------+------+
| INST       | timestamp                 | ID                               | TT   |
|------------+---------------------------+----------------------------------+------|
| NSE_EQ:DLF | 2023-02-13 10:15:00+05:30 | a5cd5c07c8464523880c8a917abd9308 | SELL |
+------------+---------------------------+----------------------------------+------+
+----+---------------------------+------------------------+-------+
|    | TIMESTAMP                 | STATE                  | MSG   |
|----+---------------------------+------------------------+-------|
|  0 | 2023-02-13 10:15:00+05:30 | PUT ORDER REQ RECEIVED |       |
|  1 | 2023-02-13 10:15:00+05:30 | VALIDATION PENDING     |       |
|  2 | 2023-02-13 10:15:00+05:30 | REJECTED               |       |
+----+---------------------------+------------------------+-------+

+------------+---------------------------+----------------------------------+------+
| INST       | timestamp                 | ID                               | TT   |
|------------+---------------------------+----------------------------------+------|
| NSE_EQ:DLF | 2023-02-14 09:15:00+05:30 | 3d956788ddf248178c275881f67e2368 | SELL |
+------------+---------------------------+----------------------------------+------+
+----+---------------------------+------------------------+-------+
|    | TIMESTAMP                 | STATE                  | MSG   |
|----+---------------------------+------------------------+-------|
|  0 | 2023-02-14 09:15:00+05:30 | PUT ORDER REQ RECEIVED |       |
|  1 | 2023-02-14 09:15:00+05:30 | VALIDATION PENDING     |       |
|  2 | 2023-02-14 09:15:00+05:30 | REJECTED               |       |
+----+---------------------------+------------------------+-------+

+------------+---------------------------+----------------------------------+------+
| INST       | timestamp                 | ID                               | TT   |
|------------+---------------------------+----------------------------------+------|
| NSE_EQ:DLF | 2023-02-15 09:15:00+05:30 | 9788b37261c1442cb99ea20a2ec8ddaa | SELL |
+------------+---------------------------+----------------------------------+------+
+----+---------------------------+------------------------+-------+
|    | TIMESTAMP                 | STATE                  | MSG   |
|----+---------------------------+------------------------+-------|
|  0 | 2023-02-15 09:15:00+05:30 | PUT ORDER REQ RECEIVED |       |
|  1 | 2023-02-15 09:15:00+05:30 | VALIDATION PENDING     |       |
|  2 | 2023-02-15 09:15:00+05:30 | REJECTED               |       |
+----+---------------------------+------------------------+-------+

+------------+---------------------------+----------------------------------+------+
| INST       | timestamp                 | ID                               | TT   |
|------------+---------------------------+----------------------------------+------|
| NSE_EQ:DLF | 2023-02-16 12:15:00+05:30 | c564d929702249d099a5af35f9a965b3 | SELL |
+------------+---------------------------+----------------------------------+------+
+----+---------------------------+------------------------+-------+
|    | TIMESTAMP                 | STATE                  | MSG   |
|----+---------------------------+------------------------+-------|
|  0 | 2023-02-16 12:15:00+05:30 | PUT ORDER REQ RECEIVED |       |
|  1 | 2023-02-16 12:15:00+05:30 | VALIDATION PENDING     |       |
|  2 | 2023-02-16 12:15:00+05:30 | REJECTED               |       |
+----+---------------------------+------------------------+-------+

+------------+---------------------------+----------------------------------+------+
| INST       | timestamp                 | ID                               | TT   |
|------------+---------------------------+----------------------------------+------|
| NSE_EQ:DLF | 2023-02-17 14:15:00+05:30 | 79c73e7d805641b19baae332b67be837 | BUY  |
+------------+---------------------------+----------------------------------+------+
+----+---------------------------+------------------------+-------+
|    | TIMESTAMP                 | STATE                  | MSG   |
|----+---------------------------+------------------------+-------|
|  0 | 2023-02-17 14:15:00+05:30 | PUT ORDER REQ RECEIVED |       |
|  1 | 2023-02-17 14:15:00+05:30 | VALIDATION PENDING     |       |
|  2 | 2023-02-17 14:15:00+05:30 | OPEN PENDING           |       |
|  3 | 2023-02-17 14:15:00+05:30 | OPEN                   |       |
|  4 | 2023-02-17 14:15:00+05:30 | COMPLETE               |       |
+----+---------------------------+------------------------+-------+

+------------+---------------------------+----------------------------------+------+
| INST       | timestamp                 | ID                               | TT   |
|------------+---------------------------+----------------------------------+------|
| NSE_EQ:DLF | 2023-02-20 09:15:00+05:30 | e3f785d1d1974ec8927f689a67407950 | BUY  |
+------------+---------------------------+----------------------------------+------+
+----+---------------------------+------------------------+-------+
|    | TIMESTAMP                 | STATE                  | MSG   |
|----+---------------------------+------------------------+-------|
|  0 | 2023-02-20 09:15:00+05:30 | PUT ORDER REQ RECEIVED |       |
|  1 | 2023-02-20 09:15:00+05:30 | COMPLETE               |       |
+----+---------------------------+------------------------+-------+

+------------+---------------------------+----------------------------------+------+
| INST       | timestamp                 | ID                               | TT   |
|------------+---------------------------+----------------------------------+------|
| NSE_EQ:DLF | 2023-02-20 09:15:00+05:30 | 5211bca90c804386897b6b5a9e22a9e0 | SELL |
+------------+---------------------------+----------------------------------+------+
+----+---------------------------+------------------------+-------+
|    | TIMESTAMP                 | STATE                  | MSG   |
|----+---------------------------+------------------------+-------|
|  0 | 2023-02-20 09:15:00+05:30 | PUT ORDER REQ RECEIVED |       |
|  1 | 2023-02-20 09:15:00+05:30 | VALIDATION PENDING     |       |
|  2 | 2023-02-20 09:15:00+05:30 | OPEN PENDING           |       |
|  3 | 2023-02-20 09:15:00+05:30 | OPEN                   |       |
|  4 | 2023-02-20 09:15:00+05:30 | COMPLETE               |       |
+----+---------------------------+------------------------+-------+

+------------+---------------------------+----------------------------------+------+
| INST       | timestamp                 | ID                               | TT   |
|------------+---------------------------+----------------------------------+------|
| NSE_EQ:DLF | 2023-02-20 09:15:00+05:30 | 2853061cb8714b6ab9f7ba5bbd40b3de | SELL |
+------------+---------------------------+----------------------------------+------+
+----+---------------------------+------------------------+-------+
|    | TIMESTAMP                 | STATE                  | MSG   |
|----+---------------------------+------------------------+-------|
|  0 | 2023-02-20 09:15:00+05:30 | PUT ORDER REQ RECEIVED |       |
|  1 | 2023-02-20 09:15:00+05:30 | VALIDATION PENDING     |       |
|  2 | 2023-02-20 09:15:00+05:30 | REJECTED               |       |
+----+---------------------------+------------------------+-------+

+------------+---------------------------+----------------------------------+------+
| INST       | timestamp                 | ID                               | TT   |
|------------+---------------------------+----------------------------------+------|
| NSE_EQ:DLF | 2023-02-21 13:15:00+05:30 | 64c07b2a3f4a4cf592892398bcbdeb27 | BUY  |
+------------+---------------------------+----------------------------------+------+
+----+---------------------------+------------------------+-------+
|    | TIMESTAMP                 | STATE                  | MSG   |
|----+---------------------------+------------------------+-------|
|  0 | 2023-02-21 13:15:00+05:30 | PUT ORDER REQ RECEIVED |       |
|  1 | 2023-02-21 13:15:00+05:30 | VALIDATION PENDING     |       |
|  2 | 2023-02-21 13:15:00+05:30 | OPEN PENDING           |       |
|  3 | 2023-02-21 13:15:00+05:30 | OPEN                   |       |
|  4 | 2023-02-21 13:15:00+05:30 | COMPLETE               |       |
+----+---------------------------+------------------------+-------+

+------------+---------------------------+----------------------------------+------+
| INST       | timestamp                 | ID                               | TT   |
|------------+---------------------------+----------------------------------+------|
| NSE_EQ:DLF | 2023-02-22 09:15:00+05:30 | a9830beb1bc24a3691bbe602ea632a4a | BUY  |
+------------+---------------------------+----------------------------------+------+
+----+---------------------------+------------------------+-------+
|    | TIMESTAMP                 | STATE                  | MSG   |
|----+---------------------------+------------------------+-------|
|  0 | 2023-02-22 09:15:00+05:30 | PUT ORDER REQ RECEIVED |       |
|  1 | 2023-02-22 09:15:00+05:30 | COMPLETE               |       |
+----+---------------------------+------------------------+-------+

+------------+---------------------------+----------------------------------+------+
| INST       | timestamp                 | ID                               | TT   |
|------------+---------------------------+----------------------------------+------|
| NSE_EQ:DLF | 2023-02-22 10:15:00+05:30 | 8cf0f0420cc346bf8699f64bf5b4f725 | SELL |
+------------+---------------------------+----------------------------------+------+
+----+---------------------------+------------------------+-------+
|    | TIMESTAMP                 | STATE                  | MSG   |
|----+---------------------------+------------------------+-------|
|  0 | 2023-02-22 10:15:00+05:30 | PUT ORDER REQ RECEIVED |       |
|  1 | 2023-02-22 10:15:00+05:30 | VALIDATION PENDING     |       |
|  2 | 2023-02-22 10:15:00+05:30 | OPEN PENDING           |       |
|  3 | 2023-02-22 10:15:00+05:30 | OPEN                   |       |
|  4 | 2023-02-22 10:15:00+05:30 | COMPLETE               |       |
+----+---------------------------+------------------------+-------+

+------------+---------------------------+----------------------------------+------+
| INST       | timestamp                 | ID                               | TT   |
|------------+---------------------------+----------------------------------+------|
| NSE_EQ:DLF | 2023-02-22 10:15:00+05:30 | 3723b9a746fc410887d8b06f56d31cc2 | BUY  |
+------------+---------------------------+----------------------------------+------+
+----+---------------------------+------------------------+-------+
|    | TIMESTAMP                 | STATE                  | MSG   |
|----+---------------------------+------------------------+-------|
|  0 | 2023-02-22 10:15:00+05:30 | PUT ORDER REQ RECEIVED |       |
|  1 | 2023-02-22 10:15:00+05:30 | VALIDATION PENDING     |       |
|  2 | 2023-02-22 10:15:00+05:30 | OPEN PENDING           |       |
|  3 | 2023-02-22 10:15:00+05:30 | OPEN                   |       |
|  4 | 2023-02-22 10:15:00+05:30 | COMPLETE               |       |
+----+---------------------------+------------------------+-------+

+------------+---------------------------+----------------------------------+------+
| INST       | timestamp                 | ID                               | TT   |
|------------+---------------------------+----------------------------------+------|
| NSE_EQ:DLF | 2023-02-22 11:15:00+05:30 | 698f8550aa6e4b4d9228c1449a0088a0 | SELL |
+------------+---------------------------+----------------------------------+------+
+----+---------------------------+------------------------+-------+
|    | TIMESTAMP                 | STATE                  | MSG   |
|----+---------------------------+------------------------+-------|
|  0 | 2023-02-22 11:15:00+05:30 | PUT ORDER REQ RECEIVED |       |
|  1 | 2023-02-22 11:15:00+05:30 | VALIDATION PENDING     |       |
|  2 | 2023-02-22 11:15:00+05:30 | OPEN PENDING           |       |
|  3 | 2023-02-22 11:15:00+05:30 | OPEN                   |       |
|  4 | 2023-02-22 11:15:00+05:30 | COMPLETE               |       |
+----+---------------------------+------------------------+-------+

+------------+---------------------------+----------------------------------+------+
| INST       | timestamp                 | ID                               | TT   |
|------------+---------------------------+----------------------------------+------|
| NSE_EQ:DLF | 2023-02-22 11:15:00+05:30 | bd9c386b8bcf4d36ba476724ad101d1c | SELL |
+------------+---------------------------+----------------------------------+------+
+----+---------------------------+------------------------+-------+
|    | TIMESTAMP                 | STATE                  | MSG   |
|----+---------------------------+------------------------+-------|
|  0 | 2023-02-22 11:15:00+05:30 | PUT ORDER REQ RECEIVED |       |
|  1 | 2023-02-22 11:15:00+05:30 | VALIDATION PENDING     |       |
|  2 | 2023-02-22 11:15:00+05:30 | REJECTED               |       |
+----+---------------------------+------------------------+-------+

+------------+---------------------------+----------------------------------+------+
| INST       | timestamp                 | ID                               | TT   |
|------------+---------------------------+----------------------------------+------|
| NSE_EQ:DLF | 2023-02-23 09:15:00+05:30 | 38a174c76eb64a829200582c82f96eac | BUY  |
+------------+---------------------------+----------------------------------+------+
+----+---------------------------+------------------------+-------+
|    | TIMESTAMP                 | STATE                  | MSG   |
|----+---------------------------+------------------------+-------|
|  0 | 2023-02-23 09:15:00+05:30 | PUT ORDER REQ RECEIVED |       |
|  1 | 2023-02-23 09:15:00+05:30 | VALIDATION PENDING     |       |
|  2 | 2023-02-23 09:15:00+05:30 | OPEN PENDING           |       |
|  3 | 2023-02-23 09:15:00+05:30 | OPEN                   |       |
|  4 | 2023-02-23 09:15:00+05:30 | COMPLETE               |       |
+----+---------------------------+------------------------+-------+

+------------+---------------------------+----------------------------------+------+
| INST       | timestamp                 | ID                               | TT   |
|------------+---------------------------+----------------------------------+------|
| NSE_EQ:DLF | 2023-02-23 12:15:00+05:30 | 7a39a8384d964032a03916b95c440001 | SELL |
+------------+---------------------------+----------------------------------+------+
+----+---------------------------+------------------------+-------+
|    | TIMESTAMP                 | STATE                  | MSG   |
|----+---------------------------+------------------------+-------|
|  0 | 2023-02-23 12:15:00+05:30 | PUT ORDER REQ RECEIVED |       |
|  1 | 2023-02-23 12:15:00+05:30 | VALIDATION PENDING     |       |
|  2 | 2023-02-23 12:15:00+05:30 | OPEN PENDING           |       |
|  3 | 2023-02-23 12:15:00+05:30 | OPEN                   |       |
|  4 | 2023-02-23 12:15:00+05:30 | COMPLETE               |       |
+----+---------------------------+------------------------+-------+

+------------+---------------------------+----------------------------------+------+
| INST       | timestamp                 | ID                               | TT   |
|------------+---------------------------+----------------------------------+------|
| NSE_EQ:DLF | 2023-02-23 12:15:00+05:30 | edacd14b23b248fc986c5e733bd83f4c | SELL |
+------------+---------------------------+----------------------------------+------+
+----+---------------------------+------------------------+-------+
|    | TIMESTAMP                 | STATE                  | MSG   |
|----+---------------------------+------------------------+-------|
|  0 | 2023-02-23 12:15:00+05:30 | PUT ORDER REQ RECEIVED |       |
|  1 | 2023-02-23 12:15:00+05:30 | VALIDATION PENDING     |       |
|  2 | 2023-02-23 12:15:00+05:30 | REJECTED               |       |
+----+---------------------------+------------------------+-------+

+------------+---------------------------+----------------------------------+------+
| INST       | timestamp                 | ID                               | TT   |
|------------+---------------------------+----------------------------------+------|
| NSE_EQ:DLF | 2023-02-24 12:15:00+05:30 | df30e44df3a4465d84678268c14f654b | SELL |
+------------+---------------------------+----------------------------------+------+
+----+---------------------------+------------------------+-------+
|    | TIMESTAMP                 | STATE                  | MSG   |
|----+---------------------------+------------------------+-------|
|  0 | 2023-02-24 12:15:00+05:30 | PUT ORDER REQ RECEIVED |       |
|  1 | 2023-02-24 12:15:00+05:30 | VALIDATION PENDING     |       |
|  2 | 2023-02-24 12:15:00+05:30 | REJECTED               |       |
+----+---------------------------+------------------------+-------+

+------------+---------------------------+----------------------------------+------+
| INST       | timestamp                 | ID                               | TT   |
|------------+---------------------------+----------------------------------+------|
| NSE_EQ:DLF | 2023-02-27 11:15:00+05:30 | c4d0038554f2486d86d8310e2bbf6fe6 | BUY  |
+------------+---------------------------+----------------------------------+------+
+----+---------------------------+------------------------+-------+
|    | TIMESTAMP                 | STATE                  | MSG   |
|----+---------------------------+------------------------+-------|
|  0 | 2023-02-27 11:15:00+05:30 | PUT ORDER REQ RECEIVED |       |
|  1 | 2023-02-27 11:15:00+05:30 | VALIDATION PENDING     |       |
|  2 | 2023-02-27 11:15:00+05:30 | OPEN PENDING           |       |
|  3 | 2023-02-27 11:15:00+05:30 | OPEN                   |       |
|  4 | 2023-02-27 11:15:00+05:30 | COMPLETE               |       |
+----+---------------------------+------------------------+-------+

+------------+---------------------------+----------------------------------+------+
| INST       | timestamp                 | ID                               | TT   |
|------------+---------------------------+----------------------------------+------|
| NSE_EQ:DLF | 2023-02-28 09:15:00+05:30 | 26f164beda914e8cb645d214f438c994 | BUY  |
+------------+---------------------------+----------------------------------+------+
+----+---------------------------+------------------------+-------+
|    | TIMESTAMP                 | STATE                  | MSG   |
|----+---------------------------+------------------------+-------|
|  0 | 2023-02-28 09:15:00+05:30 | PUT ORDER REQ RECEIVED |       |
|  1 | 2023-02-28 09:15:00+05:30 | COMPLETE               |       |
+----+---------------------------+------------------------+-------+

+------------+---------------------------+----------------------------------+------+
| INST       | timestamp                 | ID                               | TT   |
|------------+---------------------------+----------------------------------+------|
| NSE_EQ:DLF | 2023-02-28 12:15:00+05:30 | aa237aab72064f0b844163f1e84746c6 | SELL |
+------------+---------------------------+----------------------------------+------+
+----+---------------------------+------------------------+-------+
|    | TIMESTAMP                 | STATE                  | MSG   |
|----+---------------------------+------------------------+-------|
|  0 | 2023-02-28 12:15:00+05:30 | PUT ORDER REQ RECEIVED |       |
|  1 | 2023-02-28 12:15:00+05:30 | VALIDATION PENDING     |       |
|  2 | 2023-02-28 12:15:00+05:30 | OPEN PENDING           |       |
|  3 | 2023-02-28 12:15:00+05:30 | OPEN                   |       |
|  4 | 2023-02-28 12:15:00+05:30 | COMPLETE               |       |
+----+---------------------------+------------------------+-------+

+------------+---------------------------+----------------------------------+------+
| INST       | timestamp                 | ID                               | TT   |
|------------+---------------------------+----------------------------------+------|
| NSE_EQ:DLF | 2023-02-28 12:15:00+05:30 | 4460c39f979c43a5995e1b50907ffb51 | SELL |
+------------+---------------------------+----------------------------------+------+
+----+---------------------------+------------------------+-------+
|    | TIMESTAMP                 | STATE                  | MSG   |
|----+---------------------------+------------------------+-------|
|  0 | 2023-02-28 12:15:00+05:30 | PUT ORDER REQ RECEIVED |       |
|  1 | 2023-02-28 12:15:00+05:30 | VALIDATION PENDING     |       |
|  2 | 2023-02-28 12:15:00+05:30 | REJECTED               |       |
+----+---------------------------+------------------------+-------+