

+-------------------+---------------------------+----------------------------------+------+
| INST              | timestamp                 | ID                               | TT   |
|-------------------+---------------------------+----------------------------------+------|
| NSE_EQ:HEROMOTOCO | 2023-01-02 12:15:00+05:30 | b6afc95046234724af18afaeb6e764dc | SELL |
+-------------------+---------------------------+----------------------------------+------+
+----+---------------------------+------------------------+-------+
|    | TIMESTAMP                 | STATE                  | MSG   |
|----+---------------------------+------------------------+-------|
|  0 | 2023-01-02 12:15:00+05:30 | PUT ORDER REQ RECEIVED |       |
|  1 | 2023-01-02 12:15:00+05:30 | VALIDATION PENDING     |       |
|  2 | 2023-01-02 12:15:00+05:30 | REJECTED               |       |
+----+---------------------------+------------------------+-------+

+-------------------+---------------------------+----------------------------------+------+
| INST              | timestamp                 | ID                               | TT   |
|-------------------+---------------------------+----------------------------------+------|
| NSE_EQ:HEROMOTOCO | 2023-01-05 10:15:00+05:30 | 1ca9bd5ef0f0416f8ec145a40373cf4f | BUY  |
+-------------------+---------------------------+----------------------------------+------+
+----+---------------------------+------------------------+-------+
|    | TIMESTAMP                 | STATE                  | MSG   |
|----+---------------------------+------------------------+-------|
|  0 | 2023-01-05 10:15:00+05:30 | PUT ORDER REQ RECEIVED |       |
|  1 | 2023-01-05 10:15:00+05:30 | VALIDATION PENDING     |       |
|  2 | 2023-01-05 10:15:00+05:30 | OPEN PENDING           |       |
|  3 | 2023-01-05 10:15:00+05:30 | OPEN                   |       |
|  4 | 2023-01-05 10:15:00+05:30 | COMPLETE               |       |
+----+---------------------------+------------------------+-------+

+-------------------+---------------------------+----------------------------------+------+
| INST              | timestamp                 | ID                               | TT   |
|-------------------+---------------------------+----------------------------------+------|
| NSE_EQ:HEROMOTOCO | 2023-01-05 13:15:00+05:30 | 3b285bf81cfc4ca0a0fbf9ac0ecd3079 | SELL |
+-------------------+---------------------------+----------------------------------+------+
+----+---------------------------+------------------------+-------+
|    | TIMESTAMP                 | STATE                  | MSG   |
|----+---------------------------+------------------------+-------|
|  0 | 2023-01-05 13:15:00+05:30 | PUT ORDER REQ RECEIVED |       |
|  1 | 2023-01-05 13:15:00+05:30 | VALIDATION PENDING     |       |
|  2 | 2023-01-05 13:15:00+05:30 | OPEN PENDING           |       |
|  3 | 2023-01-05 13:15:00+05:30 | OPEN                   |       |
|  4 | 2023-01-05 13:15:00+05:30 | COMPLETE               |       |
+----+---------------------------+------------------------+-------+

+-------------------+---------------------------+----------------------------------+------+
| INST              | timestamp                 | ID                               | TT   |
|-------------------+---------------------------+----------------------------------+------|
| NSE_EQ:HEROMOTOCO | 2023-01-09 09:15:00+05:30 | 49e59619fda3459fac5ca08eba820abc | SELL |
+-------------------+---------------------------+----------------------------------+------+
+----+---------------------------+------------------------+-------+
|    | TIMESTAMP                 | STATE                  | MSG   |
|----+---------------------------+------------------------+-------|
|  0 | 2023-01-09 09:15:00+05:30 | PUT ORDER REQ RECEIVED |       |
|  1 | 2023-01-09 09:15:00+05:30 | VALIDATION PENDING     |       |
|  2 | 2023-01-09 09:15:00+05:30 | REJECTED               |       |
+----+---------------------------+------------------------+-------+

+-------------------+---------------------------+----------------------------------+------+
| INST              | timestamp                 | ID                               | TT   |
|-------------------+---------------------------+----------------------------------+------|
| NSE_EQ:HEROMOTOCO | 2023-01-13 09:15:00+05:30 | dcd42b3f6fc74b56abba71a99faa99c1 | BUY  |
+-------------------+---------------------------+----------------------------------+------+
+----+---------------------------+------------------------+-------+
|    | TIMESTAMP                 | STATE                  | MSG   |
|----+---------------------------+------------------------+-------|
|  0 | 2023-01-13 09:15:00+05:30 | PUT ORDER REQ RECEIVED |       |
|  1 | 2023-01-13 09:15:00+05:30 | VALIDATION PENDING     |       |
|  2 | 2023-01-13 09:15:00+05:30 | OPEN PENDING           |       |
|  3 | 2023-01-13 09:15:00+05:30 | OPEN                   |       |
|  4 | 2023-01-13 09:15:00+05:30 | COMPLETE               |       |
+----+---------------------------+------------------------+-------+

+-------------------+---------------------------+----------------------------------+------+
| INST              | timestamp                 | ID                               | TT   |
|-------------------+---------------------------+----------------------------------+------|
| NSE_EQ:HEROMOTOCO | 2023-01-13 12:15:00+05:30 | 1be92ad733324e06b4121b37e5369a39 | SELL |
+-------------------+---------------------------+----------------------------------+------+
+----+---------------------------+------------------------+-------+
|    | TIMESTAMP                 | STATE                  | MSG   |
|----+---------------------------+------------------------+-------|
|  0 | 2023-01-13 12:15:00+05:30 | PUT ORDER REQ RECEIVED |       |
|  1 | 2023-01-13 12:15:00+05:30 | VALIDATION PENDING     |       |
|  2 | 2023-01-13 12:15:00+05:30 | OPEN PENDING           |       |
|  3 | 2023-01-13 12:15:00+05:30 | OPEN                   |       |
|  4 | 2023-01-13 12:15:00+05:30 | COMPLETE               |       |
+----+---------------------------+------------------------+-------+

+-------------------+---------------------------+----------------------------------+------+
| INST              | timestamp                 | ID                               | TT   |
|-------------------+---------------------------+----------------------------------+------|
| NSE_EQ:HEROMOTOCO | 2023-01-18 14:15:00+05:30 | 6ba2272af7ec450a80e826c5e2cd988e | SELL |
+-------------------+---------------------------+----------------------------------+------+
+----+---------------------------+------------------------+-------+
|    | TIMESTAMP                 | STATE                  | MSG   |
|----+---------------------------+------------------------+-------|
|  0 | 2023-01-18 14:15:00+05:30 | PUT ORDER REQ RECEIVED |       |
|  1 | 2023-01-18 14:15:00+05:30 | VALIDATION PENDING     |       |
|  2 | 2023-01-18 14:15:00+05:30 | REJECTED               |       |
+----+---------------------------+------------------------+-------+

+-------------------+---------------------------+----------------------------------+------+
| INST              | timestamp                 | ID                               | TT   |
|-------------------+---------------------------+----------------------------------+------|
| NSE_EQ:HEROMOTOCO | 2023-01-23 11:15:00+05:30 | f7b48dc16528484ea0b4d55f83dd262e | BUY  |
+-------------------+---------------------------+----------------------------------+------+
+----+---------------------------+------------------------+-------+
|    | TIMESTAMP                 | STATE                  | MSG   |
|----+---------------------------+------------------------+-------|
|  0 | 2023-01-23 11:15:00+05:30 | PUT ORDER REQ RECEIVED |       |
|  1 | 2023-01-23 11:15:00+05:30 | VALIDATION PENDING     |       |
|  2 | 2023-01-23 11:15:00+05:30 | OPEN PENDING           |       |
|  3 | 2023-01-23 11:15:00+05:30 | OPEN                   |       |
|  4 | 2023-01-23 11:15:00+05:30 | COMPLETE               |       |
+----+---------------------------+------------------------+-------+

+-------------------+---------------------------+----------------------------------+------+
| INST              | timestamp                 | ID                               | TT   |
|-------------------+---------------------------+----------------------------------+------|
| NSE_EQ:HEROMOTOCO | 2023-01-24 09:15:00+05:30 | 91fbb7bc74944c489fbdd789b8ba7db8 | BUY  |
+-------------------+---------------------------+----------------------------------+------+
+----+---------------------------+------------------------+-------+
|    | TIMESTAMP                 | STATE                  | MSG   |
|----+---------------------------+------------------------+-------|
|  0 | 2023-01-24 09:15:00+05:30 | PUT ORDER REQ RECEIVED |       |
|  1 | 2023-01-24 09:15:00+05:30 | COMPLETE               |       |
+----+---------------------------+------------------------+-------+

+-------------------+---------------------------+----------------------------------+------+
| INST              | timestamp                 | ID                               | TT   |
|-------------------+---------------------------+----------------------------------+------|
| NSE_EQ:HEROMOTOCO | 2023-01-24 09:15:00+05:30 | c5be0eb8868f44f694f9ee7518a5dc71 | SELL |
+-------------------+---------------------------+----------------------------------+------+
+----+---------------------------+------------------------+-------+
|    | TIMESTAMP                 | STATE                  | MSG   |
|----+---------------------------+------------------------+-------|
|  0 | 2023-01-24 09:15:00+05:30 | PUT ORDER REQ RECEIVED |       |
|  1 | 2023-01-24 09:15:00+05:30 | VALIDATION PENDING     |       |
|  2 | 2023-01-24 09:15:00+05:30 | OPEN PENDING           |       |
|  3 | 2023-01-24 09:15:00+05:30 | OPEN                   |       |
|  4 | 2023-01-24 09:15:00+05:30 | COMPLETE               |       |
+----+---------------------------+------------------------+-------+

+-------------------+---------------------------+----------------------------------+------+
| INST              | timestamp                 | ID                               | TT   |
|-------------------+---------------------------+----------------------------------+------|
| NSE_EQ:HEROMOTOCO | 2023-01-24 11:15:00+05:30 | 4c77027065204845ba4208e3197ab099 | SELL |
+-------------------+---------------------------+----------------------------------+------+
+----+---------------------------+------------------------+-------+
|    | TIMESTAMP                 | STATE                  | MSG   |
|----+---------------------------+------------------------+-------|
|  0 | 2023-01-24 11:15:00+05:30 | PUT ORDER REQ RECEIVED |       |
|  1 | 2023-01-24 11:15:00+05:30 | VALIDATION PENDING     |       |
|  2 | 2023-01-24 11:15:00+05:30 | REJECTED               |       |
+----+---------------------------+------------------------+-------+

+-------------------+---------------------------+----------------------------------+------+
| INST              | timestamp                 | ID                               | TT   |
|-------------------+---------------------------+----------------------------------+------|
| NSE_EQ:HEROMOTOCO | 2023-01-25 14:15:00+05:30 | e2cc9eede1c24a21afde2427cb7046a3 | BUY  |
+-------------------+---------------------------+----------------------------------+------+
+----+---------------------------+------------------------+-------+
|    | TIMESTAMP                 | STATE                  | MSG   |
|----+---------------------------+------------------------+-------|
|  0 | 2023-01-25 14:15:00+05:30 | PUT ORDER REQ RECEIVED |       |
|  1 | 2023-01-25 14:15:00+05:30 | VALIDATION PENDING     |       |
|  2 | 2023-01-25 14:15:00+05:30 | OPEN PENDING           |       |
|  3 | 2023-01-25 14:15:00+05:30 | OPEN                   |       |
|  4 | 2023-01-25 14:15:00+05:30 | COMPLETE               |       |
+----+---------------------------+------------------------+-------+

+-------------------+---------------------------+----------------------------------+------+
| INST              | timestamp                 | ID                               | TT   |
|-------------------+---------------------------+----------------------------------+------|
| NSE_EQ:HEROMOTOCO | 2023-01-27 09:15:00+05:30 | 872cf9f58ef64942a768b8457d338ae4 | BUY  |
+-------------------+---------------------------+----------------------------------+------+
+----+---------------------------+------------------------+-------+
|    | TIMESTAMP                 | STATE                  | MSG   |
|----+---------------------------+------------------------+-------|
|  0 | 2023-01-27 09:15:00+05:30 | PUT ORDER REQ RECEIVED |       |
|  1 | 2023-01-27 09:15:00+05:30 | COMPLETE               |       |
+----+---------------------------+------------------------+-------+

+-------------------+---------------------------+----------------------------------+------+
| INST              | timestamp                 | ID                               | TT   |
|-------------------+---------------------------+----------------------------------+------|
| NSE_EQ:HEROMOTOCO | 2023-01-30 09:15:00+05:30 | 7932f0e7eb4d49449035dd392a364110 | BUY  |
+-------------------+---------------------------+----------------------------------+------+
+----+---------------------------+------------------------+-------+
|    | TIMESTAMP                 | STATE                  | MSG   |
|----+---------------------------+------------------------+-------|
|  0 | 2023-01-30 09:15:00+05:30 | PUT ORDER REQ RECEIVED |       |
|  1 | 2023-01-30 09:15:00+05:30 | COMPLETE               |       |
+----+---------------------------+------------------------+-------+

+-------------------+---------------------------+----------------------------------+------+
| INST              | timestamp                 | ID                               | TT   |
|-------------------+---------------------------+----------------------------------+------|
| NSE_EQ:HEROMOTOCO | 2023-01-31 09:15:00+05:30 | c20f2073b2754691ac61750408ad9cef | BUY  |
+-------------------+---------------------------+----------------------------------+------+
+----+---------------------------+------------------------+-------+
|    | TIMESTAMP                 | STATE                  | MSG   |
|----+---------------------------+------------------------+-------|
|  0 | 2023-01-31 09:15:00+05:30 | PUT ORDER REQ RECEIVED |       |
|  1 | 2023-01-31 09:15:00+05:30 | COMPLETE               |       |
+----+---------------------------+------------------------+-------+

+-------------------+---------------------------+----------------------------------+------+
| INST              | timestamp                 | ID                               | TT   |
|-------------------+---------------------------+----------------------------------+------|
| NSE_EQ:HEROMOTOCO | 2023-02-01 09:15:00+05:30 | 83bf8d75fc804d76b185714992a41350 | BUY  |
+-------------------+---------------------------+----------------------------------+------+
+----+---------------------------+------------------------+-------+
|    | TIMESTAMP                 | STATE                  | MSG   |
|----+---------------------------+------------------------+-------|
|  0 | 2023-02-01 09:15:00+05:30 | PUT ORDER REQ RECEIVED |       |
|  1 | 2023-02-01 09:15:00+05:30 | COMPLETE               |       |
+----+---------------------------+------------------------+-------+

+-------------------+---------------------------+----------------------------------+------+
| INST              | timestamp                 | ID                               | TT   |
|-------------------+---------------------------+----------------------------------+------|
| NSE_EQ:HEROMOTOCO | 2023-02-01 10:15:00+05:30 | 6117e180689a49399a445de2653b21a2 | SELL |
+-------------------+---------------------------+----------------------------------+------+
+----+---------------------------+------------------------+-------+
|    | TIMESTAMP                 | STATE                  | MSG   |
|----+---------------------------+------------------------+-------|
|  0 | 2023-02-01 10:15:00+05:30 | PUT ORDER REQ RECEIVED |       |
|  1 | 2023-02-01 10:15:00+05:30 | VALIDATION PENDING     |       |
|  2 | 2023-02-01 10:15:00+05:30 | OPEN PENDING           |       |
|  3 | 2023-02-01 10:15:00+05:30 | OPEN                   |       |
|  4 | 2023-02-01 10:15:00+05:30 | COMPLETE               |       |
+----+---------------------------+------------------------+-------+

+-------------------+---------------------------+----------------------------------+------+
| INST              | timestamp                 | ID                               | TT   |
|-------------------+---------------------------+----------------------------------+------|
| NSE_EQ:HEROMOTOCO | 2023-02-02 10:15:00+05:30 | 3fb9526b86724efda4a82c021d913b16 | SELL |
+-------------------+---------------------------+----------------------------------+------+
+----+---------------------------+------------------------+-------+
|    | TIMESTAMP                 | STATE                  | MSG   |
|----+---------------------------+------------------------+-------|
|  0 | 2023-02-02 10:15:00+05:30 | PUT ORDER REQ RECEIVED |       |
|  1 | 2023-02-02 10:15:00+05:30 | VALIDATION PENDING     |       |
|  2 | 2023-02-02 10:15:00+05:30 | REJECTED               |       |
+----+---------------------------+------------------------+-------+

+-------------------+---------------------------+----------------------------------+------+
| INST              | timestamp                 | ID                               | TT   |
|-------------------+---------------------------+----------------------------------+------|
| NSE_EQ:HEROMOTOCO | 2023-02-06 10:15:00+05:30 | d4eceb67c9004decb6a6619f3b799d1e | BUY  |
+-------------------+---------------------------+----------------------------------+------+
+----+---------------------------+------------------------+-------+
|    | TIMESTAMP                 | STATE                  | MSG   |
|----+---------------------------+------------------------+-------|
|  0 | 2023-02-06 10:15:00+05:30 | PUT ORDER REQ RECEIVED |       |
|  1 | 2023-02-06 10:15:00+05:30 | VALIDATION PENDING     |       |
|  2 | 2023-02-06 10:15:00+05:30 | OPEN PENDING           |       |
|  3 | 2023-02-06 10:15:00+05:30 | OPEN                   |       |
|  4 | 2023-02-06 10:15:00+05:30 | COMPLETE               |       |
+----+---------------------------+------------------------+-------+

+-------------------+---------------------------+----------------------------------+------+
| INST              | timestamp                 | ID                               | TT   |
|-------------------+---------------------------+----------------------------------+------|
| NSE_EQ:HEROMOTOCO | 2023-02-06 13:15:00+05:30 | 07c7267046814a598308213318816f9d | SELL |
+-------------------+---------------------------+----------------------------------+------+
+----+---------------------------+------------------------+-------+
|    | TIMESTAMP                 | STATE                  | MSG   |
|----+---------------------------+------------------------+-------|
|  0 | 2023-02-06 13:15:00+05:30 | PUT ORDER REQ RECEIVED |       |
|  1 | 2023-02-06 13:15:00+05:30 | VALIDATION PENDING     |       |
|  2 | 2023-02-06 13:15:00+05:30 | OPEN PENDING           |       |
|  3 | 2023-02-06 13:15:00+05:30 | OPEN                   |       |
|  4 | 2023-02-06 13:15:00+05:30 | COMPLETE               |       |
+----+---------------------------+------------------------+-------+

+-------------------+---------------------------+----------------------------------+------+
| INST              | timestamp                 | ID                               | TT   |
|-------------------+---------------------------+----------------------------------+------|
| NSE_EQ:HEROMOTOCO | 2023-02-07 13:15:00+05:30 | 665e95d36c52452993809e3c01767c14 | SELL |
+-------------------+---------------------------+----------------------------------+------+
+----+---------------------------+------------------------+-------+
|    | TIMESTAMP                 | STATE                  | MSG   |
|----+---------------------------+------------------------+-------|
|  0 | 2023-02-07 13:15:00+05:30 | PUT ORDER REQ RECEIVED |       |
|  1 | 2023-02-07 13:15:00+05:30 | VALIDATION PENDING     |       |
|  2 | 2023-02-07 13:15:00+05:30 | REJECTED               |       |
+----+---------------------------+------------------------+-------+

+-------------------+---------------------------+----------------------------------+------+
| INST              | timestamp                 | ID                               | TT   |
|-------------------+---------------------------+----------------------------------+------|
| NSE_EQ:HEROMOTOCO | 2023-02-10 12:15:00+05:30 | b2bbd7d90ecb44ff8f1a2b43ac979dc9 | BUY  |
+-------------------+---------------------------+----------------------------------+------+
+----+---------------------------+------------------------+-------+
|    | TIMESTAMP                 | STATE                  | MSG   |
|----+---------------------------+------------------------+-------|
|  0 | 2023-02-10 12:15:00+05:30 | PUT ORDER REQ RECEIVED |       |
|  1 | 2023-02-10 12:15:00+05:30 | VALIDATION PENDING     |       |
|  2 | 2023-02-10 12:15:00+05:30 | OPEN PENDING           |       |
|  3 | 2023-02-10 12:15:00+05:30 | OPEN                   |       |
|  4 | 2023-02-10 12:15:00+05:30 | COMPLETE               |       |
+----+---------------------------+------------------------+-------+

+-------------------+---------------------------+----------------------------------+------+
| INST              | timestamp                 | ID                               | TT   |
|-------------------+---------------------------+----------------------------------+------|
| NSE_EQ:HEROMOTOCO | 2023-02-10 15:15:00+05:30 | e9f1fe67e6a646f49bcc9012c062641c | SELL |
+-------------------+---------------------------+----------------------------------+------+
+----+---------------------------+------------------------+-------+
|    | TIMESTAMP                 | STATE                  | MSG   |
|----+---------------------------+------------------------+-------|
|  0 | 2023-02-10 15:15:00+05:30 | PUT ORDER REQ RECEIVED |       |
|  1 | 2023-02-10 15:15:00+05:30 | VALIDATION PENDING     |       |
|  2 | 2023-02-10 15:15:00+05:30 | OPEN PENDING           |       |
|  3 | 2023-02-10 15:15:00+05:30 | OPEN                   |       |
|  4 | 2023-02-10 15:15:00+05:30 | COMPLETE               |       |
+----+---------------------------+------------------------+-------+

+-------------------+---------------------------+----------------------------------+------+
| INST              | timestamp                 | ID                               | TT   |
|-------------------+---------------------------+----------------------------------+------|
| NSE_EQ:HEROMOTOCO | 2023-02-17 10:15:00+05:30 | 9b6697890d0f44b99a877effd3776e16 | SELL |
+-------------------+---------------------------+----------------------------------+------+
+----+---------------------------+------------------------+-------+
|    | TIMESTAMP                 | STATE                  | MSG   |
|----+---------------------------+------------------------+-------|
|  0 | 2023-02-17 10:15:00+05:30 | PUT ORDER REQ RECEIVED |       |
|  1 | 2023-02-17 10:15:00+05:30 | VALIDATION PENDING     |       |
|  2 | 2023-02-17 10:15:00+05:30 | REJECTED               |       |
+----+---------------------------+------------------------+-------+

+-------------------+---------------------------+----------------------------------+------+
| INST              | timestamp                 | ID                               | TT   |
|-------------------+---------------------------+----------------------------------+------|
| NSE_EQ:HEROMOTOCO | 2023-02-20 11:15:00+05:30 | 05e9414c30bd4524937b83fbce77859e | BUY  |
+-------------------+---------------------------+----------------------------------+------+
+----+---------------------------+------------------------+-------+
|    | TIMESTAMP                 | STATE                  | MSG   |
|----+---------------------------+------------------------+-------|
|  0 | 2023-02-20 11:15:00+05:30 | PUT ORDER REQ RECEIVED |       |
|  1 | 2023-02-20 11:15:00+05:30 | VALIDATION PENDING     |       |
|  2 | 2023-02-20 11:15:00+05:30 | OPEN PENDING           |       |
|  3 | 2023-02-20 11:15:00+05:30 | OPEN                   |       |
|  4 | 2023-02-20 11:15:00+05:30 | COMPLETE               |       |
+----+---------------------------+------------------------+-------+

+-------------------+---------------------------+----------------------------------+------+
| INST              | timestamp                 | ID                               | TT   |
|-------------------+---------------------------+----------------------------------+------|
| NSE_EQ:HEROMOTOCO | 2023-02-21 09:15:00+05:30 | 52e08073f58e48829b3014e93fe4b5a6 | BUY  |
+-------------------+---------------------------+----------------------------------+------+
+----+---------------------------+------------------------+-------+
|    | TIMESTAMP                 | STATE                  | MSG   |
|----+---------------------------+------------------------+-------|
|  0 | 2023-02-21 09:15:00+05:30 | PUT ORDER REQ RECEIVED |       |
|  1 | 2023-02-21 09:15:00+05:30 | COMPLETE               |       |
+----+---------------------------+------------------------+-------+

+-------------------+---------------------------+----------------------------------+------+
| INST              | timestamp                 | ID                               | TT   |
|-------------------+---------------------------+----------------------------------+------|
| NSE_EQ:HEROMOTOCO | 2023-02-21 09:15:00+05:30 | 5b06628a7ba741e6bb1f9c941cb3c26f | SELL |
+-------------------+---------------------------+----------------------------------+------+
+----+---------------------------+------------------------+-------+
|    | TIMESTAMP                 | STATE                  | MSG   |
|----+---------------------------+------------------------+-------|
|  0 | 2023-02-21 09:15:00+05:30 | PUT ORDER REQ RECEIVED |       |
|  1 | 2023-02-21 09:15:00+05:30 | VALIDATION PENDING     |       |
|  2 | 2023-02-21 09:15:00+05:30 | OPEN PENDING           |       |
|  3 | 2023-02-21 09:15:00+05:30 | OPEN                   |       |
|  4 | 2023-02-21 09:15:00+05:30 | COMPLETE               |       |
+----+---------------------------+------------------------+-------+

+-------------------+---------------------------+----------------------------------+------+
| INST              | timestamp                 | ID                               | TT   |
|-------------------+---------------------------+----------------------------------+------|
| NSE_EQ:HEROMOTOCO | 2023-02-22 11:15:00+05:30 | 087dc4612e0440c789326f6e8f6cc711 | SELL |
+-------------------+---------------------------+----------------------------------+------+
+----+---------------------------+------------------------+-------+
|    | TIMESTAMP                 | STATE                  | MSG   |
|----+---------------------------+------------------------+-------|
|  0 | 2023-02-22 11:15:00+05:30 | PUT ORDER REQ RECEIVED |       |
|  1 | 2023-02-22 11:15:00+05:30 | VALIDATION PENDING     |       |
|  2 | 2023-02-22 11:15:00+05:30 | REJECTED               |       |
+----+---------------------------+------------------------+-------+

+-------------------+---------------------------+----------------------------------+------+
| INST              | timestamp                 | ID                               | TT   |
|-------------------+---------------------------+----------------------------------+------|
| NSE_EQ:HEROMOTOCO | 2023-02-24 12:15:00+05:30 | c3865a4c5f3a452d8ef362ed3633491b | BUY  |
+-------------------+---------------------------+----------------------------------+------+
+----+---------------------------+------------------------+-------+
|    | TIMESTAMP                 | STATE                  | MSG   |
|----+---------------------------+------------------------+-------|
|  0 | 2023-02-24 12:15:00+05:30 | PUT ORDER REQ RECEIVED |       |
|  1 | 2023-02-24 12:15:00+05:30 | VALIDATION PENDING     |       |
|  2 | 2023-02-24 12:15:00+05:30 | OPEN PENDING           |       |
|  3 | 2023-02-24 12:15:00+05:30 | OPEN                   |       |
|  4 | 2023-02-24 12:15:00+05:30 | COMPLETE               |       |
+----+---------------------------+------------------------+-------+