

+-----------------+---------------------------+----------------------------------+------+
| INST            | timestamp                 | ID                               | TT   |
|-----------------+---------------------------+----------------------------------+------|
| NSE_EQ:HDFCBANK | 2023-01-04 13:15:00+05:30 | d62fe78a12ec4c0aa6392f3e82d78927 | BUY  |
+-----------------+---------------------------+----------------------------------+------+
+----+---------------------------+------------------------+-------+
|    | TIMESTAMP                 | STATE                  | MSG   |
|----+---------------------------+------------------------+-------|
|  0 | 2023-01-04 13:15:00+05:30 | PUT ORDER REQ RECEIVED |       |
|  1 | 2023-01-04 13:15:00+05:30 | VALIDATION PENDING     |       |
|  2 | 2023-01-04 13:15:00+05:30 | OPEN PENDING           |       |
|  3 | 2023-01-04 13:15:00+05:30 | OPEN                   |       |
|  4 | 2023-01-04 13:15:00+05:30 | COMPLETE               |       |
+----+---------------------------+------------------------+-------+

+-----------------+---------------------------+----------------------------------+------+
| INST            | timestamp                 | ID                               | TT   |
|-----------------+---------------------------+----------------------------------+------|
| NSE_EQ:HDFCBANK | 2023-01-05 09:15:00+05:30 | de4342edd655473fb30e14bdf63f93bd | BUY  |
+-----------------+---------------------------+----------------------------------+------+
+----+---------------------------+------------------------+-------+
|    | TIMESTAMP                 | STATE                  | MSG   |
|----+---------------------------+------------------------+-------|
|  0 | 2023-01-05 09:15:00+05:30 | PUT ORDER REQ RECEIVED |       |
|  1 | 2023-01-05 09:15:00+05:30 | COMPLETE               |       |
+----+---------------------------+------------------------+-------+

+-----------------+---------------------------+----------------------------------+------+
| INST            | timestamp                 | ID                               | TT   |
|-----------------+---------------------------+----------------------------------+------|
| NSE_EQ:HDFCBANK | 2023-01-05 10:15:00+05:30 | d52cccbb4e804be38a69adb8463c4c51 | SELL |
+-----------------+---------------------------+----------------------------------+------+
+----+---------------------------+------------------------+-------+
|    | TIMESTAMP                 | STATE                  | MSG   |
|----+---------------------------+------------------------+-------|
|  0 | 2023-01-05 10:15:00+05:30 | PUT ORDER REQ RECEIVED |       |
|  1 | 2023-01-05 10:15:00+05:30 | VALIDATION PENDING     |       |
|  2 | 2023-01-05 10:15:00+05:30 | OPEN PENDING           |       |
|  3 | 2023-01-05 10:15:00+05:30 | OPEN                   |       |
|  4 | 2023-01-05 10:15:00+05:30 | COMPLETE               |       |
+----+---------------------------+------------------------+-------+

+-----------------+---------------------------+----------------------------------+------+
| INST            | timestamp                 | ID                               | TT   |
|-----------------+---------------------------+----------------------------------+------|
| NSE_EQ:HDFCBANK | 2023-01-06 12:15:00+05:30 | b2caeca628184809b34f522be4a38caa | BUY  |
+-----------------+---------------------------+----------------------------------+------+
+----+---------------------------+------------------------+-------+
|    | TIMESTAMP                 | STATE                  | MSG   |
|----+---------------------------+------------------------+-------|
|  0 | 2023-01-06 12:15:00+05:30 | PUT ORDER REQ RECEIVED |       |
|  1 | 2023-01-06 12:15:00+05:30 | VALIDATION PENDING     |       |
|  2 | 2023-01-06 12:15:00+05:30 | OPEN PENDING           |       |
|  3 | 2023-01-06 12:15:00+05:30 | OPEN                   |       |
|  4 | 2023-01-06 12:15:00+05:30 | COMPLETE               |       |
+----+---------------------------+------------------------+-------+

+-----------------+---------------------------+----------------------------------+------+
| INST            | timestamp                 | ID                               | TT   |
|-----------------+---------------------------+----------------------------------+------|
| NSE_EQ:HDFCBANK | 2023-01-06 13:15:00+05:30 | 36aa0194feb4446e8af838d48c8b09e8 | SELL |
+-----------------+---------------------------+----------------------------------+------+
+----+---------------------------+------------------------+-------+
|    | TIMESTAMP                 | STATE                  | MSG   |
|----+---------------------------+------------------------+-------|
|  0 | 2023-01-06 13:15:00+05:30 | PUT ORDER REQ RECEIVED |       |
|  1 | 2023-01-06 13:15:00+05:30 | VALIDATION PENDING     |       |
|  2 | 2023-01-06 13:15:00+05:30 | OPEN PENDING           |       |
|  3 | 2023-01-06 13:15:00+05:30 | OPEN                   |       |
|  4 | 2023-01-06 13:15:00+05:30 | COMPLETE               |       |
+----+---------------------------+------------------------+-------+

+-----------------+---------------------------+----------------------------------+------+
| INST            | timestamp                 | ID                               | TT   |
|-----------------+---------------------------+----------------------------------+------|
| NSE_EQ:HDFCBANK | 2023-01-10 14:15:00+05:30 | cd4a4cf1f3474abfb64fc61e2744649c | BUY  |
+-----------------+---------------------------+----------------------------------+------+
+----+---------------------------+------------------------+-------+
|    | TIMESTAMP                 | STATE                  | MSG   |
|----+---------------------------+------------------------+-------|
|  0 | 2023-01-10 14:15:00+05:30 | PUT ORDER REQ RECEIVED |       |
|  1 | 2023-01-10 14:15:00+05:30 | VALIDATION PENDING     |       |
|  2 | 2023-01-10 14:15:00+05:30 | OPEN PENDING           |       |
|  3 | 2023-01-10 14:15:00+05:30 | OPEN                   |       |
|  4 | 2023-01-10 14:15:00+05:30 | COMPLETE               |       |
+----+---------------------------+------------------------+-------+

+-----------------+---------------------------+----------------------------------+------+
| INST            | timestamp                 | ID                               | TT   |
|-----------------+---------------------------+----------------------------------+------|
| NSE_EQ:HDFCBANK | 2023-01-11 09:15:00+05:30 | 2152b69c97814472b67be6c64a958bc4 | BUY  |
+-----------------+---------------------------+----------------------------------+------+
+----+---------------------------+------------------------+-------+
|    | TIMESTAMP                 | STATE                  | MSG   |
|----+---------------------------+------------------------+-------|
|  0 | 2023-01-11 09:15:00+05:30 | PUT ORDER REQ RECEIVED |       |
|  1 | 2023-01-11 09:15:00+05:30 | COMPLETE               |       |
+----+---------------------------+------------------------+-------+

+-----------------+---------------------------+----------------------------------+------+
| INST            | timestamp                 | ID                               | TT   |
|-----------------+---------------------------+----------------------------------+------|
| NSE_EQ:HDFCBANK | 2023-01-12 09:15:00+05:30 | 088643c4fa7545d89ce01d456b25b3ec | BUY  |
+-----------------+---------------------------+----------------------------------+------+
+----+---------------------------+------------------------+-------+
|    | TIMESTAMP                 | STATE                  | MSG   |
|----+---------------------------+------------------------+-------|
|  0 | 2023-01-12 09:15:00+05:30 | PUT ORDER REQ RECEIVED |       |
|  1 | 2023-01-12 09:15:00+05:30 | COMPLETE               |       |
+----+---------------------------+------------------------+-------+

+-----------------+---------------------------+----------------------------------+------+
| INST            | timestamp                 | ID                               | TT   |
|-----------------+---------------------------+----------------------------------+------|
| NSE_EQ:HDFCBANK | 2023-01-13 09:15:00+05:30 | d581e7a51f9e4b77bdbc6c85b0635e5f | BUY  |
+-----------------+---------------------------+----------------------------------+------+
+----+---------------------------+------------------------+-------+
|    | TIMESTAMP                 | STATE                  | MSG   |
|----+---------------------------+------------------------+-------|
|  0 | 2023-01-13 09:15:00+05:30 | PUT ORDER REQ RECEIVED |       |
|  1 | 2023-01-13 09:15:00+05:30 | COMPLETE               |       |
+----+---------------------------+------------------------+-------+

+-----------------+---------------------------+----------------------------------+------+
| INST            | timestamp                 | ID                               | TT   |
|-----------------+---------------------------+----------------------------------+------|
| NSE_EQ:HDFCBANK | 2023-01-16 09:15:00+05:30 | ef2e567b6f7d4d1485f3b875a1531354 | BUY  |
+-----------------+---------------------------+----------------------------------+------+
+----+---------------------------+------------------------+-------+
|    | TIMESTAMP                 | STATE                  | MSG   |
|----+---------------------------+------------------------+-------|
|  0 | 2023-01-16 09:15:00+05:30 | PUT ORDER REQ RECEIVED |       |
|  1 | 2023-01-16 09:15:00+05:30 | COMPLETE               |       |
+----+---------------------------+------------------------+-------+

+-----------------+---------------------------+----------------------------------+------+
| INST            | timestamp                 | ID                               | TT   |
|-----------------+---------------------------+----------------------------------+------|
| NSE_EQ:HDFCBANK | 2023-01-17 09:15:00+05:30 | aa2dfce7b7a84a4bbf7ca82e6c4e431a | BUY  |
+-----------------+---------------------------+----------------------------------+------+
+----+---------------------------+------------------------+-------+
|    | TIMESTAMP                 | STATE                  | MSG   |
|----+---------------------------+------------------------+-------|
|  0 | 2023-01-17 09:15:00+05:30 | PUT ORDER REQ RECEIVED |       |
|  1 | 2023-01-17 09:15:00+05:30 | COMPLETE               |       |
+----+---------------------------+------------------------+-------+

+-----------------+---------------------------+----------------------------------+------+
| INST            | timestamp                 | ID                               | TT   |
|-----------------+---------------------------+----------------------------------+------|
| NSE_EQ:HDFCBANK | 2023-01-18 09:15:00+05:30 | a42d1ddcd8d3457baa7521d87e73415e | BUY  |
+-----------------+---------------------------+----------------------------------+------+
+----+---------------------------+------------------------+-------+
|    | TIMESTAMP                 | STATE                  | MSG   |
|----+---------------------------+------------------------+-------|
|  0 | 2023-01-18 09:15:00+05:30 | PUT ORDER REQ RECEIVED |       |
|  1 | 2023-01-18 09:15:00+05:30 | COMPLETE               |       |
+----+---------------------------+------------------------+-------+

+-----------------+---------------------------+----------------------------------+------+
| INST            | timestamp                 | ID                               | TT   |
|-----------------+---------------------------+----------------------------------+------|
| NSE_EQ:HDFCBANK | 2023-01-19 09:15:00+05:30 | 5e3b65f8cc6e49789fb8dded84a36f70 | BUY  |
+-----------------+---------------------------+----------------------------------+------+
+----+---------------------------+------------------------+-------+
|    | TIMESTAMP                 | STATE                  | MSG   |
|----+---------------------------+------------------------+-------|
|  0 | 2023-01-19 09:15:00+05:30 | PUT ORDER REQ RECEIVED |       |
|  1 | 2023-01-19 09:15:00+05:30 | COMPLETE               |       |
+----+---------------------------+------------------------+-------+

+-----------------+---------------------------+----------------------------------+------+
| INST            | timestamp                 | ID                               | TT   |
|-----------------+---------------------------+----------------------------------+------|
| NSE_EQ:HDFCBANK | 2023-01-20 09:15:00+05:30 | 6cf8b835ef51414cb49b1ad025c10039 | BUY  |
+-----------------+---------------------------+----------------------------------+------+
+----+---------------------------+------------------------+-------+
|    | TIMESTAMP                 | STATE                  | MSG   |
|----+---------------------------+------------------------+-------|
|  0 | 2023-01-20 09:15:00+05:30 | PUT ORDER REQ RECEIVED |       |
|  1 | 2023-01-20 09:15:00+05:30 | COMPLETE               |       |
+----+---------------------------+------------------------+-------+

+-----------------+---------------------------+----------------------------------+------+
| INST            | timestamp                 | ID                               | TT   |
|-----------------+---------------------------+----------------------------------+------|
| NSE_EQ:HDFCBANK | 2023-01-23 09:15:00+05:30 | 150dc71d47c34f9eb6575d8186ee8b28 | BUY  |
+-----------------+---------------------------+----------------------------------+------+
+----+---------------------------+------------------------+-------+
|    | TIMESTAMP                 | STATE                  | MSG   |
|----+---------------------------+------------------------+-------|
|  0 | 2023-01-23 09:15:00+05:30 | PUT ORDER REQ RECEIVED |       |
|  1 | 2023-01-23 09:15:00+05:30 | COMPLETE               |       |
+----+---------------------------+------------------------+-------+

+-----------------+---------------------------+----------------------------------+------+
| INST            | timestamp                 | ID                               | TT   |
|-----------------+---------------------------+----------------------------------+------|
| NSE_EQ:HDFCBANK | 2023-01-24 09:15:00+05:30 | 7ad33ab72a644706aee1d1def4364b3f | BUY  |
+-----------------+---------------------------+----------------------------------+------+
+----+---------------------------+------------------------+-------+
|    | TIMESTAMP                 | STATE                  | MSG   |
|----+---------------------------+------------------------+-------|
|  0 | 2023-01-24 09:15:00+05:30 | PUT ORDER REQ RECEIVED |       |
|  1 | 2023-01-24 09:15:00+05:30 | COMPLETE               |       |
+----+---------------------------+------------------------+-------+

+-----------------+---------------------------+----------------------------------+------+
| INST            | timestamp                 | ID                               | TT   |
|-----------------+---------------------------+----------------------------------+------|
| NSE_EQ:HDFCBANK | 2023-01-25 09:15:00+05:30 | 4913aa8050b049fc819bed990fa6cbb5 | BUY  |
+-----------------+---------------------------+----------------------------------+------+
+----+---------------------------+------------------------+-------+
|    | TIMESTAMP                 | STATE                  | MSG   |
|----+---------------------------+------------------------+-------|
|  0 | 2023-01-25 09:15:00+05:30 | PUT ORDER REQ RECEIVED |       |
|  1 | 2023-01-25 09:15:00+05:30 | COMPLETE               |       |
+----+---------------------------+------------------------+-------+

+-----------------+---------------------------+----------------------------------+------+
| INST            | timestamp                 | ID                               | TT   |
|-----------------+---------------------------+----------------------------------+------|
| NSE_EQ:HDFCBANK | 2023-01-25 12:15:00+05:30 | 7adaceda4bf44af7a2ddb4288df29d14 | SELL |
+-----------------+---------------------------+----------------------------------+------+
+----+---------------------------+------------------------+-------+
|    | TIMESTAMP                 | STATE                  | MSG   |
|----+---------------------------+------------------------+-------|
|  0 | 2023-01-25 12:15:00+05:30 | PUT ORDER REQ RECEIVED |       |
|  1 | 2023-01-25 12:15:00+05:30 | VALIDATION PENDING     |       |
|  2 | 2023-01-25 12:15:00+05:30 | OPEN PENDING           |       |
|  3 | 2023-01-25 12:15:00+05:30 | OPEN                   |       |
|  4 | 2023-01-25 12:15:00+05:30 | COMPLETE               |       |
+----+---------------------------+------------------------+-------+

+-----------------+---------------------------+----------------------------------+------+
| INST            | timestamp                 | ID                               | TT   |
|-----------------+---------------------------+----------------------------------+------|
| NSE_EQ:HDFCBANK | 2023-01-25 14:15:00+05:30 | edaf957abddc4d4891d44f37c1bd086c | BUY  |
+-----------------+---------------------------+----------------------------------+------+
+----+---------------------------+------------------------+-------+
|    | TIMESTAMP                 | STATE                  | MSG   |
|----+---------------------------+------------------------+-------|
|  0 | 2023-01-25 14:15:00+05:30 | PUT ORDER REQ RECEIVED |       |
|  1 | 2023-01-25 14:15:00+05:30 | VALIDATION PENDING     |       |
|  2 | 2023-01-25 14:15:00+05:30 | OPEN PENDING           |       |
|  3 | 2023-01-25 14:15:00+05:30 | OPEN                   |       |
|  4 | 2023-01-25 14:15:00+05:30 | COMPLETE               |       |
+----+---------------------------+------------------------+-------+

+-----------------+---------------------------+----------------------------------+------+
| INST            | timestamp                 | ID                               | TT   |
|-----------------+---------------------------+----------------------------------+------|
| NSE_EQ:HDFCBANK | 2023-01-27 09:15:00+05:30 | a1ff7ab4cd284a2ea68125fa9dc10e19 | BUY  |
+-----------------+---------------------------+----------------------------------+------+
+----+---------------------------+------------------------+-------+
|    | TIMESTAMP                 | STATE                  | MSG   |
|----+---------------------------+------------------------+-------|
|  0 | 2023-01-27 09:15:00+05:30 | PUT ORDER REQ RECEIVED |       |
|  1 | 2023-01-27 09:15:00+05:30 | COMPLETE               |       |
+----+---------------------------+------------------------+-------+

+-----------------+---------------------------+----------------------------------+------+
| INST            | timestamp                 | ID                               | TT   |
|-----------------+---------------------------+----------------------------------+------|
| NSE_EQ:HDFCBANK | 2023-01-27 13:15:00+05:30 | 35b539e208374b2f90c77a8297445bec | SELL |
+-----------------+---------------------------+----------------------------------+------+
+----+---------------------------+------------------------+-------+
|    | TIMESTAMP                 | STATE                  | MSG   |
|----+---------------------------+------------------------+-------|
|  0 | 2023-01-27 13:15:00+05:30 | PUT ORDER REQ RECEIVED |       |
|  1 | 2023-01-27 13:15:00+05:30 | VALIDATION PENDING     |       |
|  2 | 2023-01-27 13:15:00+05:30 | OPEN PENDING           |       |
|  3 | 2023-01-27 13:15:00+05:30 | OPEN                   |       |
|  4 | 2023-01-27 13:15:00+05:30 | COMPLETE               |       |
+----+---------------------------+------------------------+-------+

+-----------------+---------------------------+----------------------------------+------+
| INST            | timestamp                 | ID                               | TT   |
|-----------------+---------------------------+----------------------------------+------|
| NSE_EQ:HDFCBANK | 2023-01-30 14:15:00+05:30 | 88d2fb1bd1d0415fa38dbd37b69eb362 | BUY  |
+-----------------+---------------------------+----------------------------------+------+
+----+---------------------------+------------------------+-------+
|    | TIMESTAMP                 | STATE                  | MSG   |
|----+---------------------------+------------------------+-------|
|  0 | 2023-01-30 14:15:00+05:30 | PUT ORDER REQ RECEIVED |       |
|  1 | 2023-01-30 14:15:00+05:30 | VALIDATION PENDING     |       |
|  2 | 2023-01-30 14:15:00+05:30 | OPEN PENDING           |       |
|  3 | 2023-01-30 14:15:00+05:30 | OPEN                   |       |
|  4 | 2023-01-30 14:15:00+05:30 | COMPLETE               |       |
+----+---------------------------+------------------------+-------+

+-----------------+---------------------------+----------------------------------+------+
| INST            | timestamp                 | ID                               | TT   |
|-----------------+---------------------------+----------------------------------+------|
| NSE_EQ:HDFCBANK | 2023-01-31 09:15:00+05:30 | f57647532cb042fab2aa72020ba54626 | BUY  |
+-----------------+---------------------------+----------------------------------+------+
+----+---------------------------+------------------------+-------+
|    | TIMESTAMP                 | STATE                  | MSG   |
|----+---------------------------+------------------------+-------|
|  0 | 2023-01-31 09:15:00+05:30 | PUT ORDER REQ RECEIVED |       |
|  1 | 2023-01-31 09:15:00+05:30 | COMPLETE               |       |
+----+---------------------------+------------------------+-------+

+-----------------+---------------------------+----------------------------------+------+
| INST            | timestamp                 | ID                               | TT   |
|-----------------+---------------------------+----------------------------------+------|
| NSE_EQ:HDFCBANK | 2023-02-01 09:15:00+05:30 | e496c42c8cdc424fa2ba2ec00476278e | BUY  |
+-----------------+---------------------------+----------------------------------+------+
+----+---------------------------+------------------------+-------+
|    | TIMESTAMP                 | STATE                  | MSG   |
|----+---------------------------+------------------------+-------|
|  0 | 2023-02-01 09:15:00+05:30 | PUT ORDER REQ RECEIVED |       |
|  1 | 2023-02-01 09:15:00+05:30 | COMPLETE               |       |
+----+---------------------------+------------------------+-------+

+-----------------+---------------------------+----------------------------------+------+
| INST            | timestamp                 | ID                               | TT   |
|-----------------+---------------------------+----------------------------------+------|
| NSE_EQ:HDFCBANK | 2023-02-02 09:15:00+05:30 | 959b9a4af5784f04adf02df1f759aea2 | BUY  |
+-----------------+---------------------------+----------------------------------+------+
+----+---------------------------+------------------------+-------+
|    | TIMESTAMP                 | STATE                  | MSG   |
|----+---------------------------+------------------------+-------|
|  0 | 2023-02-02 09:15:00+05:30 | PUT ORDER REQ RECEIVED |       |
|  1 | 2023-02-02 09:15:00+05:30 | COMPLETE               |       |
+----+---------------------------+------------------------+-------+

+-----------------+---------------------------+----------------------------------+------+
| INST            | timestamp                 | ID                               | TT   |
|-----------------+---------------------------+----------------------------------+------|
| NSE_EQ:HDFCBANK | 2023-02-02 13:15:00+05:30 | bdae2dfd4bde4e7f88068635203ab724 | SELL |
+-----------------+---------------------------+----------------------------------+------+
+----+---------------------------+------------------------+-------+
|    | TIMESTAMP                 | STATE                  | MSG   |
|----+---------------------------+------------------------+-------|
|  0 | 2023-02-02 13:15:00+05:30 | PUT ORDER REQ RECEIVED |       |
|  1 | 2023-02-02 13:15:00+05:30 | VALIDATION PENDING     |       |
|  2 | 2023-02-02 13:15:00+05:30 | OPEN PENDING           |       |
|  3 | 2023-02-02 13:15:00+05:30 | OPEN                   |       |
|  4 | 2023-02-02 13:15:00+05:30 | COMPLETE               |       |
+----+---------------------------+------------------------+-------+

+-----------------+---------------------------+----------------------------------+------+
| INST            | timestamp                 | ID                               | TT   |
|-----------------+---------------------------+----------------------------------+------|
| NSE_EQ:HDFCBANK | 2023-02-02 14:15:00+05:30 | 2ef8cf9c5fe04646b2fe75b31c6fa563 | BUY  |
+-----------------+---------------------------+----------------------------------+------+
+----+---------------------------+------------------------+-------+
|    | TIMESTAMP                 | STATE                  | MSG   |
|----+---------------------------+------------------------+-------|
|  0 | 2023-02-02 14:15:00+05:30 | PUT ORDER REQ RECEIVED |       |
|  1 | 2023-02-02 14:15:00+05:30 | VALIDATION PENDING     |       |
|  2 | 2023-02-02 14:15:00+05:30 | OPEN PENDING           |       |
|  3 | 2023-02-02 14:15:00+05:30 | OPEN                   |       |
|  4 | 2023-02-02 14:15:00+05:30 | COMPLETE               |       |
+----+---------------------------+------------------------+-------+

+-----------------+---------------------------+----------------------------------+------+
| INST            | timestamp                 | ID                               | TT   |
|-----------------+---------------------------+----------------------------------+------|
| NSE_EQ:HDFCBANK | 2023-02-03 09:15:00+05:30 | 18fbdfb5477541cbae1b00efa2d5fec5 | BUY  |
+-----------------+---------------------------+----------------------------------+------+
+----+---------------------------+------------------------+-------+
|    | TIMESTAMP                 | STATE                  | MSG   |
|----+---------------------------+------------------------+-------|
|  0 | 2023-02-03 09:15:00+05:30 | PUT ORDER REQ RECEIVED |       |
|  1 | 2023-02-03 09:15:00+05:30 | COMPLETE               |       |
+----+---------------------------+------------------------+-------+

+-----------------+---------------------------+----------------------------------+------+
| INST            | timestamp                 | ID                               | TT   |
|-----------------+---------------------------+----------------------------------+------|
| NSE_EQ:HDFCBANK | 2023-02-06 09:15:00+05:30 | a70ffe0c7116429a90ddbb14236a3729 | BUY  |
+-----------------+---------------------------+----------------------------------+------+
+----+---------------------------+------------------------+-------+
|    | TIMESTAMP                 | STATE                  | MSG   |
|----+---------------------------+------------------------+-------|
|  0 | 2023-02-06 09:15:00+05:30 | PUT ORDER REQ RECEIVED |       |
|  1 | 2023-02-06 09:15:00+05:30 | COMPLETE               |       |
+----+---------------------------+------------------------+-------+

+-----------------+---------------------------+----------------------------------+------+
| INST            | timestamp                 | ID                               | TT   |
|-----------------+---------------------------+----------------------------------+------|
| NSE_EQ:HDFCBANK | 2023-02-07 09:15:00+05:30 | 29109226470a40d8849e078ebb57f0e3 | BUY  |
+-----------------+---------------------------+----------------------------------+------+
+----+---------------------------+------------------------+-------+
|    | TIMESTAMP                 | STATE                  | MSG   |
|----+---------------------------+------------------------+-------|
|  0 | 2023-02-07 09:15:00+05:30 | PUT ORDER REQ RECEIVED |       |
|  1 | 2023-02-07 09:15:00+05:30 | COMPLETE               |       |
+----+---------------------------+------------------------+-------+

+-----------------+---------------------------+----------------------------------+------+
| INST            | timestamp                 | ID                               | TT   |
|-----------------+---------------------------+----------------------------------+------|
| NSE_EQ:HDFCBANK | 2023-02-08 09:15:00+05:30 | 420b95e280ca469eaac23afe54b831f9 | BUY  |
+-----------------+---------------------------+----------------------------------+------+
+----+---------------------------+------------------------+-------+
|    | TIMESTAMP                 | STATE                  | MSG   |
|----+---------------------------+------------------------+-------|
|  0 | 2023-02-08 09:15:00+05:30 | PUT ORDER REQ RECEIVED |       |
|  1 | 2023-02-08 09:15:00+05:30 | COMPLETE               |       |
+----+---------------------------+------------------------+-------+

+-----------------+---------------------------+----------------------------------+------+
| INST            | timestamp                 | ID                               | TT   |
|-----------------+---------------------------+----------------------------------+------|
| NSE_EQ:HDFCBANK | 2023-02-09 09:15:00+05:30 | 0fa9fe938c70496f813f6f1552411b50 | BUY  |
+-----------------+---------------------------+----------------------------------+------+
+----+---------------------------+------------------------+-------+
|    | TIMESTAMP                 | STATE                  | MSG   |
|----+---------------------------+------------------------+-------|
|  0 | 2023-02-09 09:15:00+05:30 | PUT ORDER REQ RECEIVED |       |
|  1 | 2023-02-09 09:15:00+05:30 | COMPLETE               |       |
+----+---------------------------+------------------------+-------+

+-----------------+---------------------------+----------------------------------+------+
| INST            | timestamp                 | ID                               | TT   |
|-----------------+---------------------------+----------------------------------+------|
| NSE_EQ:HDFCBANK | 2023-02-09 12:15:00+05:30 | 443633c50b854fec88f00b2a9a9b6dc0 | SELL |
+-----------------+---------------------------+----------------------------------+------+
+----+---------------------------+------------------------+-------+
|    | TIMESTAMP                 | STATE                  | MSG   |
|----+---------------------------+------------------------+-------|
|  0 | 2023-02-09 12:15:00+05:30 | PUT ORDER REQ RECEIVED |       |
|  1 | 2023-02-09 12:15:00+05:30 | VALIDATION PENDING     |       |
|  2 | 2023-02-09 12:15:00+05:30 | OPEN PENDING           |       |
|  3 | 2023-02-09 12:15:00+05:30 | OPEN                   |       |
|  4 | 2023-02-09 12:15:00+05:30 | COMPLETE               |       |
+----+---------------------------+------------------------+-------+

+-----------------+---------------------------+----------------------------------+------+
| INST            | timestamp                 | ID                               | TT   |
|-----------------+---------------------------+----------------------------------+------|
| NSE_EQ:HDFCBANK | 2023-02-09 14:15:00+05:30 | 465ffbee27d4405abfde55c1eb518bab | BUY  |
+-----------------+---------------------------+----------------------------------+------+
+----+---------------------------+------------------------+-------+
|    | TIMESTAMP                 | STATE                  | MSG   |
|----+---------------------------+------------------------+-------|
|  0 | 2023-02-09 14:15:00+05:30 | PUT ORDER REQ RECEIVED |       |
|  1 | 2023-02-09 14:15:00+05:30 | VALIDATION PENDING     |       |
|  2 | 2023-02-09 14:15:00+05:30 | OPEN PENDING           |       |
|  3 | 2023-02-09 14:15:00+05:30 | OPEN                   |       |
|  4 | 2023-02-09 14:15:00+05:30 | COMPLETE               |       |
+----+---------------------------+------------------------+-------+

+-----------------+---------------------------+----------------------------------+------+
| INST            | timestamp                 | ID                               | TT   |
|-----------------+---------------------------+----------------------------------+------|
| NSE_EQ:HDFCBANK | 2023-02-10 09:15:00+05:30 | 618f1fa64fef49b083fa6c58ac7a1aa4 | BUY  |
+-----------------+---------------------------+----------------------------------+------+
+----+---------------------------+------------------------+-------+
|    | TIMESTAMP                 | STATE                  | MSG   |
|----+---------------------------+------------------------+-------|
|  0 | 2023-02-10 09:15:00+05:30 | PUT ORDER REQ RECEIVED |       |
|  1 | 2023-02-10 09:15:00+05:30 | COMPLETE               |       |
+----+---------------------------+------------------------+-------+

+-----------------+---------------------------+----------------------------------+------+
| INST            | timestamp                 | ID                               | TT   |
|-----------------+---------------------------+----------------------------------+------|
| NSE_EQ:HDFCBANK | 2023-02-13 09:15:00+05:30 | 3e4b6de442724d7a94a4f7269bec2168 | BUY  |
+-----------------+---------------------------+----------------------------------+------+
+----+---------------------------+------------------------+-------+
|    | TIMESTAMP                 | STATE                  | MSG   |
|----+---------------------------+------------------------+-------|
|  0 | 2023-02-13 09:15:00+05:30 | PUT ORDER REQ RECEIVED |       |
|  1 | 2023-02-13 09:15:00+05:30 | COMPLETE               |       |
+----+---------------------------+------------------------+-------+

+-----------------+---------------------------+----------------------------------+------+
| INST            | timestamp                 | ID                               | TT   |
|-----------------+---------------------------+----------------------------------+------|
| NSE_EQ:HDFCBANK | 2023-02-14 09:15:00+05:30 | 62dacdc6391c496a9cccea2c90d72e86 | BUY  |
+-----------------+---------------------------+----------------------------------+------+
+----+---------------------------+------------------------+-------+
|    | TIMESTAMP                 | STATE                  | MSG   |
|----+---------------------------+------------------------+-------|
|  0 | 2023-02-14 09:15:00+05:30 | PUT ORDER REQ RECEIVED |       |
|  1 | 2023-02-14 09:15:00+05:30 | COMPLETE               |       |
+----+---------------------------+------------------------+-------+

+-----------------+---------------------------+----------------------------------+------+
| INST            | timestamp                 | ID                               | TT   |
|-----------------+---------------------------+----------------------------------+------|
| NSE_EQ:HDFCBANK | 2023-02-15 09:15:00+05:30 | 894dd83b8aa14702928a7a4fbc3a9869 | BUY  |
+-----------------+---------------------------+----------------------------------+------+
+----+---------------------------+------------------------+-------+
|    | TIMESTAMP                 | STATE                  | MSG   |
|----+---------------------------+------------------------+-------|
|  0 | 2023-02-15 09:15:00+05:30 | PUT ORDER REQ RECEIVED |       |
|  1 | 2023-02-15 09:15:00+05:30 | COMPLETE               |       |
+----+---------------------------+------------------------+-------+

+-----------------+---------------------------+----------------------------------+------+
| INST            | timestamp                 | ID                               | TT   |
|-----------------+---------------------------+----------------------------------+------|
| NSE_EQ:HDFCBANK | 2023-02-16 09:15:00+05:30 | edea4580cfdb4b41b2f8fb1619bce435 | BUY  |
+-----------------+---------------------------+----------------------------------+------+
+----+---------------------------+------------------------+-------+
|    | TIMESTAMP                 | STATE                  | MSG   |
|----+---------------------------+------------------------+-------|
|  0 | 2023-02-16 09:15:00+05:30 | PUT ORDER REQ RECEIVED |       |
|  1 | 2023-02-16 09:15:00+05:30 | COMPLETE               |       |
+----+---------------------------+------------------------+-------+

+-----------------+---------------------------+----------------------------------+------+
| INST            | timestamp                 | ID                               | TT   |
|-----------------+---------------------------+----------------------------------+------|
| NSE_EQ:HDFCBANK | 2023-02-17 09:15:00+05:30 | da7f5defebb14fc58111388ec32b014e | BUY  |
+-----------------+---------------------------+----------------------------------+------+
+----+---------------------------+------------------------+-------+
|    | TIMESTAMP                 | STATE                  | MSG   |
|----+---------------------------+------------------------+-------|
|  0 | 2023-02-17 09:15:00+05:30 | PUT ORDER REQ RECEIVED |       |
|  1 | 2023-02-17 09:15:00+05:30 | COMPLETE               |       |
+----+---------------------------+------------------------+-------+

+-----------------+---------------------------+----------------------------------+------+
| INST            | timestamp                 | ID                               | TT   |
|-----------------+---------------------------+----------------------------------+------|
| NSE_EQ:HDFCBANK | 2023-02-17 10:15:00+05:30 | 94f93bfd62ca4b6d91c1a7ad0387dc9b | SELL |
+-----------------+---------------------------+----------------------------------+------+
+----+---------------------------+------------------------+-------+
|    | TIMESTAMP                 | STATE                  | MSG   |
|----+---------------------------+------------------------+-------|
|  0 | 2023-02-17 10:15:00+05:30 | PUT ORDER REQ RECEIVED |       |
|  1 | 2023-02-17 10:15:00+05:30 | VALIDATION PENDING     |       |
|  2 | 2023-02-17 10:15:00+05:30 | OPEN PENDING           |       |
|  3 | 2023-02-17 10:15:00+05:30 | OPEN                   |       |
|  4 | 2023-02-17 10:15:00+05:30 | COMPLETE               |       |
+----+---------------------------+------------------------+-------+

+-----------------+---------------------------+----------------------------------+------+
| INST            | timestamp                 | ID                               | TT   |
|-----------------+---------------------------+----------------------------------+------|
| NSE_EQ:HDFCBANK | 2023-02-17 11:15:00+05:30 | acf68438394d446ab26d612d0da32459 | BUY  |
+-----------------+---------------------------+----------------------------------+------+
+----+---------------------------+------------------------+-------+
|    | TIMESTAMP                 | STATE                  | MSG   |
|----+---------------------------+------------------------+-------|
|  0 | 2023-02-17 11:15:00+05:30 | PUT ORDER REQ RECEIVED |       |
|  1 | 2023-02-17 11:15:00+05:30 | VALIDATION PENDING     |       |
|  2 | 2023-02-17 11:15:00+05:30 | OPEN PENDING           |       |
|  3 | 2023-02-17 11:15:00+05:30 | OPEN                   |       |
|  4 | 2023-02-17 11:15:00+05:30 | COMPLETE               |       |
+----+---------------------------+------------------------+-------+

+-----------------+---------------------------+----------------------------------+------+
| INST            | timestamp                 | ID                               | TT   |
|-----------------+---------------------------+----------------------------------+------|
| NSE_EQ:HDFCBANK | 2023-02-17 13:15:00+05:30 | f5ec8a68c22f4a64abfd4f6e130d125e | SELL |
+-----------------+---------------------------+----------------------------------+------+
+----+---------------------------+------------------------+-------+
|    | TIMESTAMP                 | STATE                  | MSG   |
|----+---------------------------+------------------------+-------|
|  0 | 2023-02-17 13:15:00+05:30 | PUT ORDER REQ RECEIVED |       |
|  1 | 2023-02-17 13:15:00+05:30 | VALIDATION PENDING     |       |
|  2 | 2023-02-17 13:15:00+05:30 | OPEN PENDING           |       |
|  3 | 2023-02-17 13:15:00+05:30 | OPEN                   |       |
|  4 | 2023-02-17 13:15:00+05:30 | COMPLETE               |       |
+----+---------------------------+------------------------+-------+

+-----------------+---------------------------+----------------------------------+------+
| INST            | timestamp                 | ID                               | TT   |
|-----------------+---------------------------+----------------------------------+------|
| NSE_EQ:HDFCBANK | 2023-02-21 10:15:00+05:30 | 397a5b8b9a8e4c7b89a2257dab679e41 | BUY  |
+-----------------+---------------------------+----------------------------------+------+
+----+---------------------------+------------------------+-------+
|    | TIMESTAMP                 | STATE                  | MSG   |
|----+---------------------------+------------------------+-------|
|  0 | 2023-02-21 10:15:00+05:30 | PUT ORDER REQ RECEIVED |       |
|  1 | 2023-02-21 10:15:00+05:30 | VALIDATION PENDING     |       |
|  2 | 2023-02-21 10:15:00+05:30 | OPEN PENDING           |       |
|  3 | 2023-02-21 10:15:00+05:30 | OPEN                   |       |
|  4 | 2023-02-21 10:15:00+05:30 | COMPLETE               |       |
+----+---------------------------+------------------------+-------+

+-----------------+---------------------------+----------------------------------+------+
| INST            | timestamp                 | ID                               | TT   |
|-----------------+---------------------------+----------------------------------+------|
| NSE_EQ:HDFCBANK | 2023-02-22 09:15:00+05:30 | 62d21d937633420cac53c746d698dc9c | BUY  |
+-----------------+---------------------------+----------------------------------+------+
+----+---------------------------+------------------------+-------+
|    | TIMESTAMP                 | STATE                  | MSG   |
|----+---------------------------+------------------------+-------|
|  0 | 2023-02-22 09:15:00+05:30 | PUT ORDER REQ RECEIVED |       |
|  1 | 2023-02-22 09:15:00+05:30 | COMPLETE               |       |
+----+---------------------------+------------------------+-------+

+-----------------+---------------------------+----------------------------------+------+
| INST            | timestamp                 | ID                               | TT   |
|-----------------+---------------------------+----------------------------------+------|
| NSE_EQ:HDFCBANK | 2023-02-22 11:15:00+05:30 | 87192b2fad41474582d84a8a9aa956ee | SELL |
+-----------------+---------------------------+----------------------------------+------+
+----+---------------------------+------------------------+-------+
|    | TIMESTAMP                 | STATE                  | MSG   |
|----+---------------------------+------------------------+-------|
|  0 | 2023-02-22 11:15:00+05:30 | PUT ORDER REQ RECEIVED |       |
|  1 | 2023-02-22 11:15:00+05:30 | VALIDATION PENDING     |       |
|  2 | 2023-02-22 11:15:00+05:30 | OPEN PENDING           |       |
|  3 | 2023-02-22 11:15:00+05:30 | OPEN                   |       |
|  4 | 2023-02-22 11:15:00+05:30 | COMPLETE               |       |
+----+---------------------------+------------------------+-------+

+-----------------+---------------------------+----------------------------------+------+
| INST            | timestamp                 | ID                               | TT   |
|-----------------+---------------------------+----------------------------------+------|
| NSE_EQ:HDFCBANK | 2023-02-23 13:15:00+05:30 | 276ca4c3458045cf9d88d5e1dafa1c6a | BUY  |
+-----------------+---------------------------+----------------------------------+------+
+----+---------------------------+------------------------+-------+
|    | TIMESTAMP                 | STATE                  | MSG   |
|----+---------------------------+------------------------+-------|
|  0 | 2023-02-23 13:15:00+05:30 | PUT ORDER REQ RECEIVED |       |
|  1 | 2023-02-23 13:15:00+05:30 | VALIDATION PENDING     |       |
|  2 | 2023-02-23 13:15:00+05:30 | OPEN PENDING           |       |
|  3 | 2023-02-23 13:15:00+05:30 | OPEN                   |       |
|  4 | 2023-02-23 13:15:00+05:30 | COMPLETE               |       |
+----+---------------------------+------------------------+-------+

+-----------------+---------------------------+----------------------------------+------+
| INST            | timestamp                 | ID                               | TT   |
|-----------------+---------------------------+----------------------------------+------|
| NSE_EQ:HDFCBANK | 2023-02-24 09:15:00+05:30 | 87ffc43335f04c4e98ab55fe3427f14e | BUY  |
+-----------------+---------------------------+----------------------------------+------+
+----+---------------------------+------------------------+-------+
|    | TIMESTAMP                 | STATE                  | MSG   |
|----+---------------------------+------------------------+-------|
|  0 | 2023-02-24 09:15:00+05:30 | PUT ORDER REQ RECEIVED |       |
|  1 | 2023-02-24 09:15:00+05:30 | COMPLETE               |       |
+----+---------------------------+------------------------+-------+

+-----------------+---------------------------+----------------------------------+------+
| INST            | timestamp                 | ID                               | TT   |
|-----------------+---------------------------+----------------------------------+------|
| NSE_EQ:HDFCBANK | 2023-02-24 10:15:00+05:30 | 3ea5fd560d08471690341dd7fdec29ca | SELL |
+-----------------+---------------------------+----------------------------------+------+
+----+---------------------------+------------------------+-------+
|    | TIMESTAMP                 | STATE                  | MSG   |
|----+---------------------------+------------------------+-------|
|  0 | 2023-02-24 10:15:00+05:30 | PUT ORDER REQ RECEIVED |       |
|  1 | 2023-02-24 10:15:00+05:30 | VALIDATION PENDING     |       |
|  2 | 2023-02-24 10:15:00+05:30 | OPEN PENDING           |       |
|  3 | 2023-02-24 10:15:00+05:30 | OPEN                   |       |
|  4 | 2023-02-24 10:15:00+05:30 | COMPLETE               |       |
+----+---------------------------+------------------------+-------+

+-----------------+---------------------------+----------------------------------+------+
| INST            | timestamp                 | ID                               | TT   |
|-----------------+---------------------------+----------------------------------+------|
| NSE_EQ:HDFCBANK | 2023-02-27 11:15:00+05:30 | d1ba0a0452aa476c8cc02bd898926e6b | BUY  |
+-----------------+---------------------------+----------------------------------+------+
+----+---------------------------+------------------------+-------+
|    | TIMESTAMP                 | STATE                  | MSG   |
|----+---------------------------+------------------------+-------|
|  0 | 2023-02-27 11:15:00+05:30 | PUT ORDER REQ RECEIVED |       |
|  1 | 2023-02-27 11:15:00+05:30 | VALIDATION PENDING     |       |
|  2 | 2023-02-27 11:15:00+05:30 | OPEN PENDING           |       |
|  3 | 2023-02-27 11:15:00+05:30 | OPEN                   |       |
|  4 | 2023-02-27 11:15:00+05:30 | COMPLETE               |       |
+----+---------------------------+------------------------+-------+

+-----------------+---------------------------+----------------------------------+------+
| INST            | timestamp                 | ID                               | TT   |
|-----------------+---------------------------+----------------------------------+------|
| NSE_EQ:HDFCBANK | 2023-02-28 09:15:00+05:30 | c9f18078edfc4e4aa096246988da23cf | BUY  |
+-----------------+---------------------------+----------------------------------+------+
+----+---------------------------+------------------------+-------+
|    | TIMESTAMP                 | STATE                  | MSG   |
|----+---------------------------+------------------------+-------|
|  0 | 2023-02-28 09:15:00+05:30 | PUT ORDER REQ RECEIVED |       |
|  1 | 2023-02-28 09:15:00+05:30 | COMPLETE               |       |
+----+---------------------------+------------------------+-------+