

+-------------+---------------------------+----------------------------------+------+
| INST        | timestamp                 | ID                               | TT   |
|-------------+---------------------------+----------------------------------+------|
| NSE_EQ:SBIN | 2023-01-04 12:15:00+05:30 | c534ebdbc2e04a87867ec9efa317d338 | SELL |
+-------------+---------------------------+----------------------------------+------+
+----+---------------------------+------------------------+-------+
|    | TIMESTAMP                 | STATE                  | MSG   |
|----+---------------------------+------------------------+-------|
|  0 | 2023-01-04 12:15:00+05:30 | PUT ORDER REQ RECEIVED |       |
|  1 | 2023-01-04 12:15:00+05:30 | VALIDATION PENDING     |       |
|  2 | 2023-01-04 12:15:00+05:30 | OPEN PENDING           |       |
|  3 | 2023-01-04 12:15:00+05:30 | OPEN                   |       |
|  4 | 2023-01-04 12:15:00+05:30 | COMPLETE               |       |
+----+---------------------------+------------------------+-------+

+-------------+---------------------------+----------------------------------+------+
| INST        | timestamp                 | ID                               | TT   |
|-------------+---------------------------+----------------------------------+------|
| NSE_EQ:SBIN | 2023-01-04 15:30:00+05:30 | 4b28e0c7f9454c4d8f7ddaac6990ff16 | BUY  |
+-------------+---------------------------+----------------------------------+------+
+----+---------------------------+------------------------+-------+
|    | TIMESTAMP                 | STATE                  | MSG   |
|----+---------------------------+------------------------+-------|
|  0 | 2023-01-04 15:30:00+05:30 | PUT ORDER REQ RECEIVED |       |
|  1 | 2023-01-04 15:30:00+05:30 | VALIDATION PENDING     |       |
|  2 | 2023-01-04 15:30:00+05:30 | OPEN PENDING           |       |
|  3 | 2023-01-04 15:30:00+05:30 | OPEN                   |       |
|  4 | 2023-01-04 15:30:00+05:30 | COMPLETE               |       |
+----+---------------------------+------------------------+-------+

+-------------+---------------------------+----------------------------------+------+
| INST        | timestamp                 | ID                               | TT   |
|-------------+---------------------------+----------------------------------+------|
| NSE_EQ:SBIN | 2023-01-10 09:15:00+05:30 | fdbd2ee92b594cd1aa6e5213f0d66868 | BUY  |
+-------------+---------------------------+----------------------------------+------+
+----+---------------------------+------------------------+-------+
|    | TIMESTAMP                 | STATE                  | MSG   |
|----+---------------------------+------------------------+-------|
|  0 | 2023-01-10 09:15:00+05:30 | PUT ORDER REQ RECEIVED |       |
|  1 | 2023-01-10 09:15:00+05:30 | VALIDATION PENDING     |       |
|  2 | 2023-01-10 09:15:00+05:30 | OPEN PENDING           |       |
|  3 | 2023-01-10 09:15:00+05:30 | OPEN                   |       |
|  4 | 2023-01-10 09:15:00+05:30 | COMPLETE               |       |
+----+---------------------------+------------------------+-------+

+-------------+---------------------------+----------------------------------+------+
| INST        | timestamp                 | ID                               | TT   |
|-------------+---------------------------+----------------------------------+------|
| NSE_EQ:SBIN | 2023-01-10 10:15:00+05:30 | 49b2ec87e42d43339202d481e369f789 | SELL |
+-------------+---------------------------+----------------------------------+------+
+----+---------------------------+------------------------+-------+
|    | TIMESTAMP                 | STATE                  | MSG   |
|----+---------------------------+------------------------+-------|
|  0 | 2023-01-10 10:15:00+05:30 | PUT ORDER REQ RECEIVED |       |
|  1 | 2023-01-10 10:15:00+05:30 | VALIDATION PENDING     |       |
|  2 | 2023-01-10 10:15:00+05:30 | OPEN PENDING           |       |
|  3 | 2023-01-10 10:15:00+05:30 | OPEN                   |       |
|  4 | 2023-01-10 10:15:00+05:30 | COMPLETE               |       |
+----+---------------------------+------------------------+-------+

+-------------+---------------------------+----------------------------------+------+
| INST        | timestamp                 | ID                               | TT   |
|-------------+---------------------------+----------------------------------+------|
| NSE_EQ:SBIN | 2023-01-10 10:15:00+05:30 | b5d6e8a814cf4840a17e8579f67faa05 | SELL |
+-------------+---------------------------+----------------------------------+------+
+----+---------------------------+------------------------+-------+
|    | TIMESTAMP                 | STATE                  | MSG   |
|----+---------------------------+------------------------+-------|
|  0 | 2023-01-10 10:15:00+05:30 | PUT ORDER REQ RECEIVED |       |
|  1 | 2023-01-10 10:15:00+05:30 | VALIDATION PENDING     |       |
|  2 | 2023-01-10 10:15:00+05:30 | OPEN PENDING           |       |
|  3 | 2023-01-10 10:15:00+05:30 | OPEN                   |       |
|  4 | 2023-01-10 10:15:00+05:30 | COMPLETE               |       |
+----+---------------------------+------------------------+-------+

+-------------+---------------------------+----------------------------------+------+
| INST        | timestamp                 | ID                               | TT   |
|-------------+---------------------------+----------------------------------+------|
| NSE_EQ:SBIN | 2023-01-10 15:30:00+05:30 | c6be9e4f59c24562bd8a27f1fdd31379 | BUY  |
+-------------+---------------------------+----------------------------------+------+
+----+---------------------------+------------------------+-------+
|    | TIMESTAMP                 | STATE                  | MSG   |
|----+---------------------------+------------------------+-------|
|  0 | 2023-01-10 15:30:00+05:30 | PUT ORDER REQ RECEIVED |       |
|  1 | 2023-01-10 15:30:00+05:30 | VALIDATION PENDING     |       |
|  2 | 2023-01-10 15:30:00+05:30 | OPEN PENDING           |       |
|  3 | 2023-01-10 15:30:00+05:30 | OPEN                   |       |
|  4 | 2023-01-10 15:30:00+05:30 | COMPLETE               |       |
+----+---------------------------+------------------------+-------+

+-------------+---------------------------+----------------------------------+------+
| INST        | timestamp                 | ID                               | TT   |
|-------------+---------------------------+----------------------------------+------|
| NSE_EQ:SBIN | 2023-01-13 15:15:00+05:30 | 02cf71aeabb44e69a463af08f6804617 | BUY  |
+-------------+---------------------------+----------------------------------+------+
+----+---------------------------+------------------------+-------+
|    | TIMESTAMP                 | STATE                  | MSG   |
|----+---------------------------+------------------------+-------|
|  0 | 2023-01-13 15:15:00+05:30 | PUT ORDER REQ RECEIVED |       |
|  1 | 2023-01-13 15:15:00+05:30 | VALIDATION PENDING     |       |
|  2 | 2023-01-13 15:15:00+05:30 | OPEN PENDING           |       |
|  3 | 2023-01-13 15:15:00+05:30 | OPEN                   |       |
|  4 | 2023-01-13 15:15:00+05:30 | COMPLETE               |       |
+----+---------------------------+------------------------+-------+

+-------------+---------------------------+----------------------------------+------+
| INST        | timestamp                 | ID                               | TT   |
|-------------+---------------------------+----------------------------------+------|
| NSE_EQ:SBIN | 2023-01-13 15:30:00+05:30 | df1508cadc414736bb6abf155b48faab | SELL |
+-------------+---------------------------+----------------------------------+------+
+----+---------------------------+------------------------+-------+
|    | TIMESTAMP                 | STATE                  | MSG   |
|----+---------------------------+------------------------+-------|
|  0 | 2023-01-13 15:30:00+05:30 | PUT ORDER REQ RECEIVED |       |
|  1 | 2023-01-13 15:30:00+05:30 | VALIDATION PENDING     |       |
|  2 | 2023-01-13 15:30:00+05:30 | OPEN PENDING           |       |
|  3 | 2023-01-13 15:30:00+05:30 | OPEN                   |       |
|  4 | 2023-01-13 15:30:00+05:30 | COMPLETE               |       |
+----+---------------------------+------------------------+-------+

+-------------+---------------------------+----------------------------------+------+
| INST        | timestamp                 | ID                               | TT   |
|-------------+---------------------------+----------------------------------+------|
| NSE_EQ:SBIN | 2023-01-17 14:15:00+05:30 | a1a46883004a471cac5bebaabff99913 | SELL |
+-------------+---------------------------+----------------------------------+------+
+----+---------------------------+------------------------+-------+
|    | TIMESTAMP                 | STATE                  | MSG   |
|----+---------------------------+------------------------+-------|
|  0 | 2023-01-17 14:15:00+05:30 | PUT ORDER REQ RECEIVED |       |
|  1 | 2023-01-17 14:15:00+05:30 | VALIDATION PENDING     |       |
|  2 | 2023-01-17 14:15:00+05:30 | OPEN PENDING           |       |
|  3 | 2023-01-17 14:15:00+05:30 | OPEN                   |       |
|  4 | 2023-01-17 14:15:00+05:30 | COMPLETE               |       |
+----+---------------------------+------------------------+-------+

+-------------+---------------------------+----------------------------------+------+
| INST        | timestamp                 | ID                               | TT   |
|-------------+---------------------------+----------------------------------+------|
| NSE_EQ:SBIN | 2023-01-17 15:30:00+05:30 | 747d83cdf863455fa8183e5f5ab72222 | BUY  |
+-------------+---------------------------+----------------------------------+------+
+----+---------------------------+------------------------+-------+
|    | TIMESTAMP                 | STATE                  | MSG   |
|----+---------------------------+------------------------+-------|
|  0 | 2023-01-17 15:30:00+05:30 | PUT ORDER REQ RECEIVED |       |
|  1 | 2023-01-17 15:30:00+05:30 | VALIDATION PENDING     |       |
|  2 | 2023-01-17 15:30:00+05:30 | OPEN PENDING           |       |
|  3 | 2023-01-17 15:30:00+05:30 | OPEN                   |       |
|  4 | 2023-01-17 15:30:00+05:30 | COMPLETE               |       |
+----+---------------------------+------------------------+-------+

+-------------+---------------------------+----------------------------------+------+
| INST        | timestamp                 | ID                               | TT   |
|-------------+---------------------------+----------------------------------+------|
| NSE_EQ:SBIN | 2023-01-23 10:15:00+05:30 | f88a1afccc8141ab8a2de0e9db743dc1 | BUY  |
+-------------+---------------------------+----------------------------------+------+
+----+---------------------------+------------------------+-------+
|    | TIMESTAMP                 | STATE                  | MSG   |
|----+---------------------------+------------------------+-------|
|  0 | 2023-01-23 10:15:00+05:30 | PUT ORDER REQ RECEIVED |       |
|  1 | 2023-01-23 10:15:00+05:30 | VALIDATION PENDING     |       |
|  2 | 2023-01-23 10:15:00+05:30 | OPEN PENDING           |       |
|  3 | 2023-01-23 10:15:00+05:30 | OPEN                   |       |
|  4 | 2023-01-23 10:15:00+05:30 | COMPLETE               |       |
+----+---------------------------+------------------------+-------+

+-------------+---------------------------+----------------------------------+------+
| INST        | timestamp                 | ID                               | TT   |
|-------------+---------------------------+----------------------------------+------|
| NSE_EQ:SBIN | 2023-01-23 15:30:00+05:30 | 3b804db2fe7a407697b66efa4809cbea | SELL |
+-------------+---------------------------+----------------------------------+------+
+----+---------------------------+------------------------+-------+
|    | TIMESTAMP                 | STATE                  | MSG   |
|----+---------------------------+------------------------+-------|
|  0 | 2023-01-23 15:30:00+05:30 | PUT ORDER REQ RECEIVED |       |
|  1 | 2023-01-23 15:30:00+05:30 | VALIDATION PENDING     |       |
|  2 | 2023-01-23 15:30:00+05:30 | OPEN PENDING           |       |
|  3 | 2023-01-23 15:30:00+05:30 | OPEN                   |       |
|  4 | 2023-01-23 15:30:00+05:30 | COMPLETE               |       |
+----+---------------------------+------------------------+-------+

+-------------+---------------------------+----------------------------------+------+
| INST        | timestamp                 | ID                               | TT   |
|-------------+---------------------------+----------------------------------+------|
| NSE_EQ:SBIN | 2023-01-25 10:15:00+05:30 | f7da8324508b42e496ef49c3019cde74 | SELL |
+-------------+---------------------------+----------------------------------+------+
+----+---------------------------+------------------------+-------+
|    | TIMESTAMP                 | STATE                  | MSG   |
|----+---------------------------+------------------------+-------|
|  0 | 2023-01-25 10:15:00+05:30 | PUT ORDER REQ RECEIVED |       |
|  1 | 2023-01-25 10:15:00+05:30 | VALIDATION PENDING     |       |
|  2 | 2023-01-25 10:15:00+05:30 | OPEN PENDING           |       |
|  3 | 2023-01-25 10:15:00+05:30 | OPEN                   |       |
|  4 | 2023-01-25 10:15:00+05:30 | COMPLETE               |       |
+----+---------------------------+------------------------+-------+

+-------------+---------------------------+----------------------------------+------+
| INST        | timestamp                 | ID                               | TT   |
|-------------+---------------------------+----------------------------------+------|
| NSE_EQ:SBIN | 2023-01-25 15:30:00+05:30 | de5e19101305495d8ffbc75fd806ab04 | BUY  |
+-------------+---------------------------+----------------------------------+------+
+----+---------------------------+------------------------+-------+
|    | TIMESTAMP                 | STATE                  | MSG   |
|----+---------------------------+------------------------+-------|
|  0 | 2023-01-25 15:30:00+05:30 | PUT ORDER REQ RECEIVED |       |
|  1 | 2023-01-25 15:30:00+05:30 | VALIDATION PENDING     |       |
|  2 | 2023-01-25 15:30:00+05:30 | OPEN PENDING           |       |
|  3 | 2023-01-25 15:30:00+05:30 | OPEN                   |       |
|  4 | 2023-01-25 15:30:00+05:30 | COMPLETE               |       |
+----+---------------------------+------------------------+-------+

+-------------+---------------------------+----------------------------------+------+
| INST        | timestamp                 | ID                               | TT   |
|-------------+---------------------------+----------------------------------+------|
| NSE_EQ:SBIN | 2023-02-06 11:15:00+05:30 | a7018994135d4d0c95100b75933f2d66 | BUY  |
+-------------+---------------------------+----------------------------------+------+
+----+---------------------------+------------------------+-------+
|    | TIMESTAMP                 | STATE                  | MSG   |
|----+---------------------------+------------------------+-------|
|  0 | 2023-02-06 11:15:00+05:30 | PUT ORDER REQ RECEIVED |       |
|  1 | 2023-02-06 11:15:00+05:30 | VALIDATION PENDING     |       |
|  2 | 2023-02-06 11:15:00+05:30 | OPEN PENDING           |       |
|  3 | 2023-02-06 11:15:00+05:30 | OPEN                   |       |
|  4 | 2023-02-06 11:15:00+05:30 | COMPLETE               |       |
+----+---------------------------+------------------------+-------+

+-------------+---------------------------+----------------------------------+------+
| INST        | timestamp                 | ID                               | TT   |
|-------------+---------------------------+----------------------------------+------|
| NSE_EQ:SBIN | 2023-02-06 15:30:00+05:30 | e3e7636b8c394793bcbf4d725cfdd47b | SELL |
+-------------+---------------------------+----------------------------------+------+
+----+---------------------------+------------------------+-------+
|    | TIMESTAMP                 | STATE                  | MSG   |
|----+---------------------------+------------------------+-------|
|  0 | 2023-02-06 15:30:00+05:30 | PUT ORDER REQ RECEIVED |       |
|  1 | 2023-02-06 15:30:00+05:30 | VALIDATION PENDING     |       |
|  2 | 2023-02-06 15:30:00+05:30 | OPEN PENDING           |       |
|  3 | 2023-02-06 15:30:00+05:30 | OPEN                   |       |
|  4 | 2023-02-06 15:30:00+05:30 | COMPLETE               |       |
+----+---------------------------+------------------------+-------+

+-------------+---------------------------+----------------------------------+------+
| INST        | timestamp                 | ID                               | TT   |
|-------------+---------------------------+----------------------------------+------|
| NSE_EQ:SBIN | 2023-02-13 11:15:00+05:30 | bb2de2efeebd43399e6036e51a34c381 | SELL |
+-------------+---------------------------+----------------------------------+------+
+----+---------------------------+------------------------+-------+
|    | TIMESTAMP                 | STATE                  | MSG   |
|----+---------------------------+------------------------+-------|
|  0 | 2023-02-13 11:15:00+05:30 | PUT ORDER REQ RECEIVED |       |
|  1 | 2023-02-13 11:15:00+05:30 | VALIDATION PENDING     |       |
|  2 | 2023-02-13 11:15:00+05:30 | OPEN PENDING           |       |
|  3 | 2023-02-13 11:15:00+05:30 | OPEN                   |       |
|  4 | 2023-02-13 11:15:00+05:30 | COMPLETE               |       |
+----+---------------------------+------------------------+-------+

+-------------+---------------------------+----------------------------------+------+
| INST        | timestamp                 | ID                               | TT   |
|-------------+---------------------------+----------------------------------+------|
| NSE_EQ:SBIN | 2023-02-13 15:30:00+05:30 | 5633080d4fd04cc9a619b2de5275b9c1 | BUY  |
+-------------+---------------------------+----------------------------------+------+
+----+---------------------------+------------------------+-------+
|    | TIMESTAMP                 | STATE                  | MSG   |
|----+---------------------------+------------------------+-------|
|  0 | 2023-02-13 15:30:00+05:30 | PUT ORDER REQ RECEIVED |       |
|  1 | 2023-02-13 15:30:00+05:30 | VALIDATION PENDING     |       |
|  2 | 2023-02-13 15:30:00+05:30 | OPEN PENDING           |       |
|  3 | 2023-02-13 15:30:00+05:30 | OPEN                   |       |
|  4 | 2023-02-13 15:30:00+05:30 | COMPLETE               |       |
+----+---------------------------+------------------------+-------+

+-------------+---------------------------+----------------------------------+------+
| INST        | timestamp                 | ID                               | TT   |
|-------------+---------------------------+----------------------------------+------|
| NSE_EQ:SBIN | 2023-02-16 13:15:00+05:30 | d623117cfc7f4bb3b175026b2e2bc39c | BUY  |
+-------------+---------------------------+----------------------------------+------+
+----+---------------------------+------------------------+-------+
|    | TIMESTAMP                 | STATE                  | MSG   |
|----+---------------------------+------------------------+-------|
|  0 | 2023-02-16 13:15:00+05:30 | PUT ORDER REQ RECEIVED |       |
|  1 | 2023-02-16 13:15:00+05:30 | VALIDATION PENDING     |       |
|  2 | 2023-02-16 13:15:00+05:30 | OPEN PENDING           |       |
|  3 | 2023-02-16 13:15:00+05:30 | OPEN                   |       |
|  4 | 2023-02-16 13:15:00+05:30 | COMPLETE               |       |
+----+---------------------------+------------------------+-------+

+-------------+---------------------------+----------------------------------+------+
| INST        | timestamp                 | ID                               | TT   |
|-------------+---------------------------+----------------------------------+------|
| NSE_EQ:SBIN | 2023-02-16 15:15:00+05:30 | f2de043e7e5542e899136dac889c8fb7 | SELL |
+-------------+---------------------------+----------------------------------+------+
+----+---------------------------+------------------------+-------+
|    | TIMESTAMP                 | STATE                  | MSG   |
|----+---------------------------+------------------------+-------|
|  0 | 2023-02-16 15:15:00+05:30 | PUT ORDER REQ RECEIVED |       |
|  1 | 2023-02-16 15:15:00+05:30 | VALIDATION PENDING     |       |
|  2 | 2023-02-16 15:15:00+05:30 | OPEN PENDING           |       |
|  3 | 2023-02-16 15:15:00+05:30 | OPEN                   |       |
|  4 | 2023-02-16 15:15:00+05:30 | COMPLETE               |       |
+----+---------------------------+------------------------+-------+

+-------------+---------------------------+----------------------------------+------+
| INST        | timestamp                 | ID                               | TT   |
|-------------+---------------------------+----------------------------------+------|
| NSE_EQ:SBIN | 2023-02-16 15:15:00+05:30 | 5c88dbcdd5034bfbb51570150b3c5759 | SELL |
+-------------+---------------------------+----------------------------------+------+
+----+---------------------------+------------------------+-------+
|    | TIMESTAMP                 | STATE                  | MSG   |
|----+---------------------------+------------------------+-------|
|  0 | 2023-02-16 15:15:00+05:30 | PUT ORDER REQ RECEIVED |       |
|  1 | 2023-02-16 15:15:00+05:30 | VALIDATION PENDING     |       |
|  2 | 2023-02-16 15:15:00+05:30 | OPEN PENDING           |       |
|  3 | 2023-02-16 15:15:00+05:30 | OPEN                   |       |
|  4 | 2023-02-16 15:15:00+05:30 | COMPLETE               |       |
+----+---------------------------+------------------------+-------+

+-------------+---------------------------+----------------------------------+------+
| INST        | timestamp                 | ID                               | TT   |
|-------------+---------------------------+----------------------------------+------|
| NSE_EQ:SBIN | 2023-02-16 15:30:00+05:30 | b01660866bcc470597d09a1967bb0aae | BUY  |
+-------------+---------------------------+----------------------------------+------+
+----+---------------------------+------------------------+-------+
|    | TIMESTAMP                 | STATE                  | MSG   |
|----+---------------------------+------------------------+-------|
|  0 | 2023-02-16 15:30:00+05:30 | PUT ORDER REQ RECEIVED |       |
|  1 | 2023-02-16 15:30:00+05:30 | VALIDATION PENDING     |       |
|  2 | 2023-02-16 15:30:00+05:30 | OPEN PENDING           |       |
|  3 | 2023-02-16 15:30:00+05:30 | OPEN                   |       |
|  4 | 2023-02-16 15:30:00+05:30 | COMPLETE               |       |
+----+---------------------------+------------------------+-------+

+-------------+---------------------------+----------------------------------+------+
| INST        | timestamp                 | ID                               | TT   |
|-------------+---------------------------+----------------------------------+------|
| NSE_EQ:SBIN | 2023-02-27 12:15:00+05:30 | 5c1656c874134937a6c49d991a07e363 | BUY  |
+-------------+---------------------------+----------------------------------+------+
+----+---------------------------+------------------------+-------+
|    | TIMESTAMP                 | STATE                  | MSG   |
|----+---------------------------+------------------------+-------|
|  0 | 2023-02-27 12:15:00+05:30 | PUT ORDER REQ RECEIVED |       |
|  1 | 2023-02-27 12:15:00+05:30 | VALIDATION PENDING     |       |
|  2 | 2023-02-27 12:15:00+05:30 | OPEN PENDING           |       |
|  3 | 2023-02-27 12:15:00+05:30 | OPEN                   |       |
|  4 | 2023-02-27 12:15:00+05:30 | COMPLETE               |       |
+----+---------------------------+------------------------+-------+

+-------------+---------------------------+----------------------------------+------+
| INST        | timestamp                 | ID                               | TT   |
|-------------+---------------------------+----------------------------------+------|
| NSE_EQ:SBIN | 2023-02-27 15:30:00+05:30 | 326462431b594bb488bb0086041aa29d | SELL |
+-------------+---------------------------+----------------------------------+------+
+----+---------------------------+------------------------+-------+
|    | TIMESTAMP                 | STATE                  | MSG   |
|----+---------------------------+------------------------+-------|
|  0 | 2023-02-27 15:30:00+05:30 | PUT ORDER REQ RECEIVED |       |
|  1 | 2023-02-27 15:30:00+05:30 | VALIDATION PENDING     |       |
|  2 | 2023-02-27 15:30:00+05:30 | OPEN PENDING           |       |
|  3 | 2023-02-27 15:30:00+05:30 | OPEN                   |       |
|  4 | 2023-02-27 15:30:00+05:30 | COMPLETE               |       |
+----+---------------------------+------------------------+-------+

+-------------+---------------------------+----------------------------------+------+
| INST        | timestamp                 | ID                               | TT   |
|-------------+---------------------------+----------------------------------+------|
| NSE_EQ:SBIN | 2023-03-10 11:15:00+05:30 | e2686a567a2a448692a065327ac07d59 | SELL |
+-------------+---------------------------+----------------------------------+------+
+----+---------------------------+------------------------+-------+
|    | TIMESTAMP                 | STATE                  | MSG   |
|----+---------------------------+------------------------+-------|
|  0 | 2023-03-10 11:15:00+05:30 | PUT ORDER REQ RECEIVED |       |
|  1 | 2023-03-10 11:15:00+05:30 | VALIDATION PENDING     |       |
|  2 | 2023-03-10 11:15:00+05:30 | OPEN PENDING           |       |
|  3 | 2023-03-10 11:15:00+05:30 | OPEN                   |       |
|  4 | 2023-03-10 11:15:00+05:30 | COMPLETE               |       |
+----+---------------------------+------------------------+-------+

+-------------+---------------------------+----------------------------------+------+
| INST        | timestamp                 | ID                               | TT   |
|-------------+---------------------------+----------------------------------+------|
| NSE_EQ:SBIN | 2023-03-10 15:30:00+05:30 | de45a2aad0da4403a42b093e5604419b | BUY  |
+-------------+---------------------------+----------------------------------+------+
+----+---------------------------+------------------------+-------+
|    | TIMESTAMP                 | STATE                  | MSG   |
|----+---------------------------+------------------------+-------|
|  0 | 2023-03-10 15:30:00+05:30 | PUT ORDER REQ RECEIVED |       |
|  1 | 2023-03-10 15:30:00+05:30 | VALIDATION PENDING     |       |
|  2 | 2023-03-10 15:30:00+05:30 | OPEN PENDING           |       |
|  3 | 2023-03-10 15:30:00+05:30 | OPEN                   |       |
|  4 | 2023-03-10 15:30:00+05:30 | COMPLETE               |       |
+----+---------------------------+------------------------+-------+

+-------------+---------------------------+----------------------------------+------+
| INST        | timestamp                 | ID                               | TT   |
|-------------+---------------------------+----------------------------------+------|
| NSE_EQ:SBIN | 2023-03-22 13:15:00+05:30 | ecb761f80ede48edb0f4b88e36de1ec0 | BUY  |
+-------------+---------------------------+----------------------------------+------+
+----+---------------------------+------------------------+-------+
|    | TIMESTAMP                 | STATE                  | MSG   |
|----+---------------------------+------------------------+-------|
|  0 | 2023-03-22 13:15:00+05:30 | PUT ORDER REQ RECEIVED |       |
|  1 | 2023-03-22 13:15:00+05:30 | VALIDATION PENDING     |       |
|  2 | 2023-03-22 13:15:00+05:30 | OPEN PENDING           |       |
|  3 | 2023-03-22 13:15:00+05:30 | OPEN                   |       |
|  4 | 2023-03-22 13:15:00+05:30 | COMPLETE               |       |
+----+---------------------------+------------------------+-------+

+-------------+---------------------------+----------------------------------+------+
| INST        | timestamp                 | ID                               | TT   |
|-------------+---------------------------+----------------------------------+------|
| NSE_EQ:SBIN | 2023-03-22 15:30:00+05:30 | e62a35a4aae746e8984105901334308a | SELL |
+-------------+---------------------------+----------------------------------+------+
+----+---------------------------+------------------------+-------+
|    | TIMESTAMP                 | STATE                  | MSG   |
|----+---------------------------+------------------------+-------|
|  0 | 2023-03-22 15:30:00+05:30 | PUT ORDER REQ RECEIVED |       |
|  1 | 2023-03-22 15:30:00+05:30 | VALIDATION PENDING     |       |
|  2 | 2023-03-22 15:30:00+05:30 | OPEN PENDING           |       |
|  3 | 2023-03-22 15:30:00+05:30 | OPEN                   |       |
|  4 | 2023-03-22 15:30:00+05:30 | COMPLETE               |       |
+----+---------------------------+------------------------+-------+

+-------------+---------------------------+----------------------------------+------+
| INST        | timestamp                 | ID                               | TT   |
|-------------+---------------------------+----------------------------------+------|
| NSE_EQ:SBIN | 2023-03-23 10:15:00+05:30 | 11f9ac157c7e4c638160005002060d30 | SELL |
+-------------+---------------------------+----------------------------------+------+
+----+---------------------------+------------------------+-------+
|    | TIMESTAMP                 | STATE                  | MSG   |
|----+---------------------------+------------------------+-------|
|  0 | 2023-03-23 10:15:00+05:30 | PUT ORDER REQ RECEIVED |       |
|  1 | 2023-03-23 10:15:00+05:30 | VALIDATION PENDING     |       |
|  2 | 2023-03-23 10:15:00+05:30 | OPEN PENDING           |       |
|  3 | 2023-03-23 10:15:00+05:30 | OPEN                   |       |
|  4 | 2023-03-23 10:15:00+05:30 | COMPLETE               |       |
+----+---------------------------+------------------------+-------+

+-------------+---------------------------+----------------------------------+------+
| INST        | timestamp                 | ID                               | TT   |
|-------------+---------------------------+----------------------------------+------|
| NSE_EQ:SBIN | 2023-03-23 15:30:00+05:30 | 69d90e3861584314bc4a66da4c7fe19d | BUY  |
+-------------+---------------------------+----------------------------------+------+
+----+---------------------------+------------------------+-------+
|    | TIMESTAMP                 | STATE                  | MSG   |
|----+---------------------------+------------------------+-------|
|  0 | 2023-03-23 15:30:00+05:30 | PUT ORDER REQ RECEIVED |       |
|  1 | 2023-03-23 15:30:00+05:30 | VALIDATION PENDING     |       |
|  2 | 2023-03-23 15:30:00+05:30 | OPEN PENDING           |       |
|  3 | 2023-03-23 15:30:00+05:30 | OPEN                   |       |
|  4 | 2023-03-23 15:30:00+05:30 | COMPLETE               |       |
+----+---------------------------+------------------------+-------+

+-------------+---------------------------+----------------------------------+------+
| INST        | timestamp                 | ID                               | TT   |
|-------------+---------------------------+----------------------------------+------|
| NSE_EQ:SBIN | 2023-03-29 15:15:00+05:30 | cd92563bded24c6e81b5c6bcbbd3a278 | BUY  |
+-------------+---------------------------+----------------------------------+------+
+----+---------------------------+------------------------+-------+
|    | TIMESTAMP                 | STATE                  | MSG   |
|----+---------------------------+------------------------+-------|
|  0 | 2023-03-29 15:15:00+05:30 | PUT ORDER REQ RECEIVED |       |
|  1 | 2023-03-29 15:15:00+05:30 | VALIDATION PENDING     |       |
|  2 | 2023-03-29 15:15:00+05:30 | OPEN PENDING           |       |
|  3 | 2023-03-29 15:15:00+05:30 | OPEN                   |       |
|  4 | 2023-03-29 15:15:00+05:30 | COMPLETE               |       |
+----+---------------------------+------------------------+-------+

+-------------+---------------------------+----------------------------------+------+
| INST        | timestamp                 | ID                               | TT   |
|-------------+---------------------------+----------------------------------+------|
| NSE_EQ:SBIN | 2023-03-29 15:30:00+05:30 | 9bdc768ee4ae4add89567a70b1570eb9 | SELL |
+-------------+---------------------------+----------------------------------+------+
+----+---------------------------+------------------------+-------+
|    | TIMESTAMP                 | STATE                  | MSG   |
|----+---------------------------+------------------------+-------|
|  0 | 2023-03-29 15:30:00+05:30 | PUT ORDER REQ RECEIVED |       |
|  1 | 2023-03-29 15:30:00+05:30 | VALIDATION PENDING     |       |
|  2 | 2023-03-29 15:30:00+05:30 | OPEN PENDING           |       |
|  3 | 2023-03-29 15:30:00+05:30 | OPEN                   |       |
|  4 | 2023-03-29 15:30:00+05:30 | COMPLETE               |       |
+----+---------------------------+------------------------+-------+