

+-------------+---------------------------+----------------------------------+------+
| INST        | timestamp                 | ID                               | TT   |
|-------------+---------------------------+----------------------------------+------|
| NSE_EQ:CDSL | 2023-01-04 10:15:00+05:30 | 9a25cccfc6494197b1c8e49ffa777f54 | SELL |
+-------------+---------------------------+----------------------------------+------+
+----+---------------------------+------------------------+-------+
|    | TIMESTAMP                 | STATE                  | MSG   |
|----+---------------------------+------------------------+-------|
|  0 | 2023-01-04 10:15:00+05:30 | PUT ORDER REQ RECEIVED |       |
|  1 | 2023-01-04 10:15:00+05:30 | VALIDATION PENDING     |       |
|  2 | 2023-01-04 10:15:00+05:30 | OPEN PENDING           |       |
|  3 | 2023-01-04 10:15:00+05:30 | OPEN                   |       |
|  4 | 2023-01-04 10:15:00+05:30 | COMPLETE               |       |
+----+---------------------------+------------------------+-------+

+-------------+---------------------------+----------------------------------+------+
| INST        | timestamp                 | ID                               | TT   |
|-------------+---------------------------+----------------------------------+------|
| NSE_EQ:CDSL | 2023-01-04 15:30:00+05:30 | 50ba546bb2e24ca28065b0548b9d95c7 | BUY  |
+-------------+---------------------------+----------------------------------+------+
+----+---------------------------+------------------------+-------+
|    | TIMESTAMP                 | STATE                  | MSG   |
|----+---------------------------+------------------------+-------|
|  0 | 2023-01-04 15:30:00+05:30 | PUT ORDER REQ RECEIVED |       |
|  1 | 2023-01-04 15:30:00+05:30 | VALIDATION PENDING     |       |
|  2 | 2023-01-04 15:30:00+05:30 | OPEN PENDING           |       |
|  3 | 2023-01-04 15:30:00+05:30 | OPEN                   |       |
|  4 | 2023-01-04 15:30:00+05:30 | COMPLETE               |       |
+----+---------------------------+------------------------+-------+

+-------------+---------------------------+----------------------------------+------+
| INST        | timestamp                 | ID                               | TT   |
|-------------+---------------------------+----------------------------------+------|
| NSE_EQ:CDSL | 2023-01-11 14:15:00+05:30 | 1e06eddcc30145259fedbd215a8ab34d | BUY  |
+-------------+---------------------------+----------------------------------+------+
+----+---------------------------+------------------------+-------+
|    | TIMESTAMP                 | STATE                  | MSG   |
|----+---------------------------+------------------------+-------|
|  0 | 2023-01-11 14:15:00+05:30 | PUT ORDER REQ RECEIVED |       |
|  1 | 2023-01-11 14:15:00+05:30 | VALIDATION PENDING     |       |
|  2 | 2023-01-11 14:15:00+05:30 | OPEN PENDING           |       |
|  3 | 2023-01-11 14:15:00+05:30 | OPEN                   |       |
|  4 | 2023-01-11 14:15:00+05:30 | COMPLETE               |       |
+----+---------------------------+------------------------+-------+

+-------------+---------------------------+----------------------------------+------+
| INST        | timestamp                 | ID                               | TT   |
|-------------+---------------------------+----------------------------------+------|
| NSE_EQ:CDSL | 2023-01-11 15:30:00+05:30 | 3b8c5c7c03f842f0a54ef0a66171e827 | SELL |
+-------------+---------------------------+----------------------------------+------+
+----+---------------------------+------------------------+-------+
|    | TIMESTAMP                 | STATE                  | MSG   |
|----+---------------------------+------------------------+-------|
|  0 | 2023-01-11 15:30:00+05:30 | PUT ORDER REQ RECEIVED |       |
|  1 | 2023-01-11 15:30:00+05:30 | VALIDATION PENDING     |       |
|  2 | 2023-01-11 15:30:00+05:30 | OPEN PENDING           |       |
|  3 | 2023-01-11 15:30:00+05:30 | OPEN                   |       |
|  4 | 2023-01-11 15:30:00+05:30 | COMPLETE               |       |
+----+---------------------------+------------------------+-------+

+-------------+---------------------------+----------------------------------+------+
| INST        | timestamp                 | ID                               | TT   |
|-------------+---------------------------+----------------------------------+------|
| NSE_EQ:CDSL | 2023-01-12 10:15:00+05:30 | 13ec7d19c8044d0bb869115a7204959c | SELL |
+-------------+---------------------------+----------------------------------+------+
+----+---------------------------+------------------------+-------+
|    | TIMESTAMP                 | STATE                  | MSG   |
|----+---------------------------+------------------------+-------|
|  0 | 2023-01-12 10:15:00+05:30 | PUT ORDER REQ RECEIVED |       |
|  1 | 2023-01-12 10:15:00+05:30 | VALIDATION PENDING     |       |
|  2 | 2023-01-12 10:15:00+05:30 | OPEN PENDING           |       |
|  3 | 2023-01-12 10:15:00+05:30 | OPEN                   |       |
|  4 | 2023-01-12 10:15:00+05:30 | COMPLETE               |       |
+----+---------------------------+------------------------+-------+

+-------------+---------------------------+----------------------------------+------+
| INST        | timestamp                 | ID                               | TT   |
|-------------+---------------------------+----------------------------------+------|
| NSE_EQ:CDSL | 2023-01-12 15:30:00+05:30 | f637ec756fcc4f5a846fa25f90fdfa5f | BUY  |
+-------------+---------------------------+----------------------------------+------+
+----+---------------------------+------------------------+-------+
|    | TIMESTAMP                 | STATE                  | MSG   |
|----+---------------------------+------------------------+-------|
|  0 | 2023-01-12 15:30:00+05:30 | PUT ORDER REQ RECEIVED |       |
|  1 | 2023-01-12 15:30:00+05:30 | VALIDATION PENDING     |       |
|  2 | 2023-01-12 15:30:00+05:30 | OPEN PENDING           |       |
|  3 | 2023-01-12 15:30:00+05:30 | OPEN                   |       |
|  4 | 2023-01-12 15:30:00+05:30 | COMPLETE               |       |
+----+---------------------------+------------------------+-------+

+-------------+---------------------------+----------------------------------+------+
| INST        | timestamp                 | ID                               | TT   |
|-------------+---------------------------+----------------------------------+------|
| NSE_EQ:CDSL | 2023-01-13 13:15:00+05:30 | e231e7672abd488795f154d4d79fff6b | BUY  |
+-------------+---------------------------+----------------------------------+------+
+----+---------------------------+------------------------+-------+
|    | TIMESTAMP                 | STATE                  | MSG   |
|----+---------------------------+------------------------+-------|
|  0 | 2023-01-13 13:15:00+05:30 | PUT ORDER REQ RECEIVED |       |
|  1 | 2023-01-13 13:15:00+05:30 | VALIDATION PENDING     |       |
|  2 | 2023-01-13 13:15:00+05:30 | OPEN PENDING           |       |
|  3 | 2023-01-13 13:15:00+05:30 | OPEN                   |       |
|  4 | 2023-01-13 13:15:00+05:30 | COMPLETE               |       |
+----+---------------------------+------------------------+-------+

+-------------+---------------------------+----------------------------------+------+
| INST        | timestamp                 | ID                               | TT   |
|-------------+---------------------------+----------------------------------+------|
| NSE_EQ:CDSL | 2023-01-13 15:30:00+05:30 | 3979694f5ee045c3b28da699ecc8e516 | SELL |
+-------------+---------------------------+----------------------------------+------+
+----+---------------------------+------------------------+-------+
|    | TIMESTAMP                 | STATE                  | MSG   |
|----+---------------------------+------------------------+-------|
|  0 | 2023-01-13 15:30:00+05:30 | PUT ORDER REQ RECEIVED |       |
|  1 | 2023-01-13 15:30:00+05:30 | VALIDATION PENDING     |       |
|  2 | 2023-01-13 15:30:00+05:30 | OPEN PENDING           |       |
|  3 | 2023-01-13 15:30:00+05:30 | OPEN                   |       |
|  4 | 2023-01-13 15:30:00+05:30 | COMPLETE               |       |
+----+---------------------------+------------------------+-------+

+-------------+---------------------------+----------------------------------+------+
| INST        | timestamp                 | ID                               | TT   |
|-------------+---------------------------+----------------------------------+------|
| NSE_EQ:CDSL | 2023-01-17 10:15:00+05:30 | 8f6cef5887e04eb7bcfaaf2c68fa2834 | SELL |
+-------------+---------------------------+----------------------------------+------+
+----+---------------------------+------------------------+-------+
|    | TIMESTAMP                 | STATE                  | MSG   |
|----+---------------------------+------------------------+-------|
|  0 | 2023-01-17 10:15:00+05:30 | PUT ORDER REQ RECEIVED |       |
|  1 | 2023-01-17 10:15:00+05:30 | VALIDATION PENDING     |       |
|  2 | 2023-01-17 10:15:00+05:30 | OPEN PENDING           |       |
|  3 | 2023-01-17 10:15:00+05:30 | OPEN                   |       |
|  4 | 2023-01-17 10:15:00+05:30 | COMPLETE               |       |
+----+---------------------------+------------------------+-------+

+-------------+---------------------------+----------------------------------+------+
| INST        | timestamp                 | ID                               | TT   |
|-------------+---------------------------+----------------------------------+------|
| NSE_EQ:CDSL | 2023-01-17 15:30:00+05:30 | b7188cdea9de4edba6577b08edd47b9c | BUY  |
+-------------+---------------------------+----------------------------------+------+
+----+---------------------------+------------------------+-------+
|    | TIMESTAMP                 | STATE                  | MSG   |
|----+---------------------------+------------------------+-------|
|  0 | 2023-01-17 15:30:00+05:30 | PUT ORDER REQ RECEIVED |       |
|  1 | 2023-01-17 15:30:00+05:30 | VALIDATION PENDING     |       |
|  2 | 2023-01-17 15:30:00+05:30 | OPEN PENDING           |       |
|  3 | 2023-01-17 15:30:00+05:30 | OPEN                   |       |
|  4 | 2023-01-17 15:30:00+05:30 | COMPLETE               |       |
+----+---------------------------+------------------------+-------+

+-------------+---------------------------+----------------------------------+------+
| INST        | timestamp                 | ID                               | TT   |
|-------------+---------------------------+----------------------------------+------|
| NSE_EQ:CDSL | 2023-01-18 10:15:00+05:30 | a54574e618e04ebe8d985da523ed902d | BUY  |
+-------------+---------------------------+----------------------------------+------+
+----+---------------------------+------------------------+-------+
|    | TIMESTAMP                 | STATE                  | MSG   |
|----+---------------------------+------------------------+-------|
|  0 | 2023-01-18 10:15:00+05:30 | PUT ORDER REQ RECEIVED |       |
|  1 | 2023-01-18 10:15:00+05:30 | VALIDATION PENDING     |       |
|  2 | 2023-01-18 10:15:00+05:30 | OPEN PENDING           |       |
|  3 | 2023-01-18 10:15:00+05:30 | OPEN                   |       |
|  4 | 2023-01-18 10:15:00+05:30 | COMPLETE               |       |
+----+---------------------------+------------------------+-------+

+-------------+---------------------------+----------------------------------+------+
| INST        | timestamp                 | ID                               | TT   |
|-------------+---------------------------+----------------------------------+------|
| NSE_EQ:CDSL | 2023-01-18 15:30:00+05:30 | daeeb9bfa235450ca2ab2394bce7bde8 | SELL |
+-------------+---------------------------+----------------------------------+------+
+----+---------------------------+------------------------+-------+
|    | TIMESTAMP                 | STATE                  | MSG   |
|----+---------------------------+------------------------+-------|
|  0 | 2023-01-18 15:30:00+05:30 | PUT ORDER REQ RECEIVED |       |
|  1 | 2023-01-18 15:30:00+05:30 | VALIDATION PENDING     |       |
|  2 | 2023-01-18 15:30:00+05:30 | OPEN PENDING           |       |
|  3 | 2023-01-18 15:30:00+05:30 | OPEN                   |       |
|  4 | 2023-01-18 15:30:00+05:30 | COMPLETE               |       |
+----+---------------------------+------------------------+-------+

+-------------+---------------------------+----------------------------------+------+
| INST        | timestamp                 | ID                               | TT   |
|-------------+---------------------------+----------------------------------+------|
| NSE_EQ:CDSL | 2023-01-24 12:15:00+05:30 | 71d127ac68a249b0b8c1d6f1d34a174a | SELL |
+-------------+---------------------------+----------------------------------+------+
+----+---------------------------+------------------------+-------+
|    | TIMESTAMP                 | STATE                  | MSG   |
|----+---------------------------+------------------------+-------|
|  0 | 2023-01-24 12:15:00+05:30 | PUT ORDER REQ RECEIVED |       |
|  1 | 2023-01-24 12:15:00+05:30 | VALIDATION PENDING     |       |
|  2 | 2023-01-24 12:15:00+05:30 | OPEN PENDING           |       |
|  3 | 2023-01-24 12:15:00+05:30 | OPEN                   |       |
|  4 | 2023-01-24 12:15:00+05:30 | COMPLETE               |       |
+----+---------------------------+------------------------+-------+

+-------------+---------------------------+----------------------------------+------+
| INST        | timestamp                 | ID                               | TT   |
|-------------+---------------------------+----------------------------------+------|
| NSE_EQ:CDSL | 2023-01-24 15:30:00+05:30 | 96bb7f44e49748c1bb20aa6c684e7133 | BUY  |
+-------------+---------------------------+----------------------------------+------+
+----+---------------------------+------------------------+-------+
|    | TIMESTAMP                 | STATE                  | MSG   |
|----+---------------------------+------------------------+-------|
|  0 | 2023-01-24 15:30:00+05:30 | PUT ORDER REQ RECEIVED |       |
|  1 | 2023-01-24 15:30:00+05:30 | VALIDATION PENDING     |       |
|  2 | 2023-01-24 15:30:00+05:30 | OPEN PENDING           |       |
|  3 | 2023-01-24 15:30:00+05:30 | OPEN                   |       |
|  4 | 2023-01-24 15:30:00+05:30 | COMPLETE               |       |
+----+---------------------------+------------------------+-------+

+-------------+---------------------------+----------------------------------+------+
| INST        | timestamp                 | ID                               | TT   |
|-------------+---------------------------+----------------------------------+------|
| NSE_EQ:CDSL | 2023-01-30 11:15:00+05:30 | 51c1f981b28b4069b1e0c6d16ae677dd | BUY  |
+-------------+---------------------------+----------------------------------+------+
+----+---------------------------+------------------------+-------+
|    | TIMESTAMP                 | STATE                  | MSG   |
|----+---------------------------+------------------------+-------|
|  0 | 2023-01-30 11:15:00+05:30 | PUT ORDER REQ RECEIVED |       |
|  1 | 2023-01-30 11:15:00+05:30 | VALIDATION PENDING     |       |
|  2 | 2023-01-30 11:15:00+05:30 | OPEN PENDING           |       |
|  3 | 2023-01-30 11:15:00+05:30 | OPEN                   |       |
|  4 | 2023-01-30 11:15:00+05:30 | COMPLETE               |       |
+----+---------------------------+------------------------+-------+

+-------------+---------------------------+----------------------------------+------+
| INST        | timestamp                 | ID                               | TT   |
|-------------+---------------------------+----------------------------------+------|
| NSE_EQ:CDSL | 2023-01-30 15:30:00+05:30 | 1a6c8ca6d6b849b8befd87fe98c90602 | SELL |
+-------------+---------------------------+----------------------------------+------+
+----+---------------------------+------------------------+-------+
|    | TIMESTAMP                 | STATE                  | MSG   |
|----+---------------------------+------------------------+-------|
|  0 | 2023-01-30 15:30:00+05:30 | PUT ORDER REQ RECEIVED |       |
|  1 | 2023-01-30 15:30:00+05:30 | VALIDATION PENDING     |       |
|  2 | 2023-01-30 15:30:00+05:30 | OPEN PENDING           |       |
|  3 | 2023-01-30 15:30:00+05:30 | OPEN                   |       |
|  4 | 2023-01-30 15:30:00+05:30 | COMPLETE               |       |
+----+---------------------------+------------------------+-------+

+-------------+---------------------------+----------------------------------+------+
| INST        | timestamp                 | ID                               | TT   |
|-------------+---------------------------+----------------------------------+------|
| NSE_EQ:CDSL | 2023-02-02 09:15:00+05:30 | 7db79b2e0e664d7ca0ab8bdc09367b36 | SELL |
+-------------+---------------------------+----------------------------------+------+
+----+---------------------------+------------------------+-------+
|    | TIMESTAMP                 | STATE                  | MSG   |
|----+---------------------------+------------------------+-------|
|  0 | 2023-02-02 09:15:00+05:30 | PUT ORDER REQ RECEIVED |       |
|  1 | 2023-02-02 09:15:00+05:30 | VALIDATION PENDING     |       |
|  2 | 2023-02-02 09:15:00+05:30 | OPEN PENDING           |       |
|  3 | 2023-02-02 09:15:00+05:30 | OPEN                   |       |
|  4 | 2023-02-02 09:15:00+05:30 | COMPLETE               |       |
+----+---------------------------+------------------------+-------+

+-------------+---------------------------+----------------------------------+------+
| INST        | timestamp                 | ID                               | TT   |
|-------------+---------------------------+----------------------------------+------|
| NSE_EQ:CDSL | 2023-02-02 15:30:00+05:30 | e23367fa3c2041e58b2b8865386169de | BUY  |
+-------------+---------------------------+----------------------------------+------+
+----+---------------------------+------------------------+-------+
|    | TIMESTAMP                 | STATE                  | MSG   |
|----+---------------------------+------------------------+-------|
|  0 | 2023-02-02 15:30:00+05:30 | PUT ORDER REQ RECEIVED |       |
|  1 | 2023-02-02 15:30:00+05:30 | VALIDATION PENDING     |       |
|  2 | 2023-02-02 15:30:00+05:30 | OPEN PENDING           |       |
|  3 | 2023-02-02 15:30:00+05:30 | OPEN                   |       |
|  4 | 2023-02-02 15:30:00+05:30 | COMPLETE               |       |
+----+---------------------------+------------------------+-------+

+-------------+---------------------------+----------------------------------+------+
| INST        | timestamp                 | ID                               | TT   |
|-------------+---------------------------+----------------------------------+------|
| NSE_EQ:CDSL | 2023-02-06 12:15:00+05:30 | a41f3a304a0245bb92de124261915d7b | BUY  |
+-------------+---------------------------+----------------------------------+------+
+----+---------------------------+------------------------+-------+
|    | TIMESTAMP                 | STATE                  | MSG   |
|----+---------------------------+------------------------+-------|
|  0 | 2023-02-06 12:15:00+05:30 | PUT ORDER REQ RECEIVED |       |
|  1 | 2023-02-06 12:15:00+05:30 | VALIDATION PENDING     |       |
|  2 | 2023-02-06 12:15:00+05:30 | OPEN PENDING           |       |
|  3 | 2023-02-06 12:15:00+05:30 | OPEN                   |       |
|  4 | 2023-02-06 12:15:00+05:30 | COMPLETE               |       |
+----+---------------------------+------------------------+-------+

+-------------+---------------------------+----------------------------------+------+
| INST        | timestamp                 | ID                               | TT   |
|-------------+---------------------------+----------------------------------+------|
| NSE_EQ:CDSL | 2023-02-06 15:30:00+05:30 | 343ce30830964eb5b9e2e47a08cbf1a0 | SELL |
+-------------+---------------------------+----------------------------------+------+
+----+---------------------------+------------------------+-------+
|    | TIMESTAMP                 | STATE                  | MSG   |
|----+---------------------------+------------------------+-------|
|  0 | 2023-02-06 15:30:00+05:30 | PUT ORDER REQ RECEIVED |       |
|  1 | 2023-02-06 15:30:00+05:30 | VALIDATION PENDING     |       |
|  2 | 2023-02-06 15:30:00+05:30 | OPEN PENDING           |       |
|  3 | 2023-02-06 15:30:00+05:30 | OPEN                   |       |
|  4 | 2023-02-06 15:30:00+05:30 | COMPLETE               |       |
+----+---------------------------+------------------------+-------+

+-------------+---------------------------+----------------------------------+------+
| INST        | timestamp                 | ID                               | TT   |
|-------------+---------------------------+----------------------------------+------|
| NSE_EQ:CDSL | 2023-02-07 12:15:00+05:30 | a12f08c9412643c2a28f120786ddd06a | SELL |
+-------------+---------------------------+----------------------------------+------+
+----+---------------------------+------------------------+-------+
|    | TIMESTAMP                 | STATE                  | MSG   |
|----+---------------------------+------------------------+-------|
|  0 | 2023-02-07 12:15:00+05:30 | PUT ORDER REQ RECEIVED |       |
|  1 | 2023-02-07 12:15:00+05:30 | VALIDATION PENDING     |       |
|  2 | 2023-02-07 12:15:00+05:30 | OPEN PENDING           |       |
|  3 | 2023-02-07 12:15:00+05:30 | OPEN                   |       |
|  4 | 2023-02-07 12:15:00+05:30 | COMPLETE               |       |
+----+---------------------------+------------------------+-------+

+-------------+---------------------------+----------------------------------+------+
| INST        | timestamp                 | ID                               | TT   |
|-------------+---------------------------+----------------------------------+------|
| NSE_EQ:CDSL | 2023-02-07 15:30:00+05:30 | e7d509442c924fa680b2646714309180 | BUY  |
+-------------+---------------------------+----------------------------------+------+
+----+---------------------------+------------------------+-------+
|    | TIMESTAMP                 | STATE                  | MSG   |
|----+---------------------------+------------------------+-------|
|  0 | 2023-02-07 15:30:00+05:30 | PUT ORDER REQ RECEIVED |       |
|  1 | 2023-02-07 15:30:00+05:30 | VALIDATION PENDING     |       |
|  2 | 2023-02-07 15:30:00+05:30 | OPEN PENDING           |       |
|  3 | 2023-02-07 15:30:00+05:30 | OPEN                   |       |
|  4 | 2023-02-07 15:30:00+05:30 | COMPLETE               |       |
+----+---------------------------+------------------------+-------+

+-------------+---------------------------+----------------------------------+------+
| INST        | timestamp                 | ID                               | TT   |
|-------------+---------------------------+----------------------------------+------|
| NSE_EQ:CDSL | 2023-02-09 15:15:00+05:30 | b78e06b63b0b48968a03190fcd9f52b4 | BUY  |
+-------------+---------------------------+----------------------------------+------+
+----+---------------------------+------------------------+-------+
|    | TIMESTAMP                 | STATE                  | MSG   |
|----+---------------------------+------------------------+-------|
|  0 | 2023-02-09 15:15:00+05:30 | PUT ORDER REQ RECEIVED |       |
|  1 | 2023-02-09 15:15:00+05:30 | VALIDATION PENDING     |       |
|  2 | 2023-02-09 15:15:00+05:30 | OPEN PENDING           |       |
|  3 | 2023-02-09 15:15:00+05:30 | OPEN                   |       |
|  4 | 2023-02-09 15:15:00+05:30 | COMPLETE               |       |
+----+---------------------------+------------------------+-------+

+-------------+---------------------------+----------------------------------+------+
| INST        | timestamp                 | ID                               | TT   |
|-------------+---------------------------+----------------------------------+------|
| NSE_EQ:CDSL | 2023-02-09 15:30:00+05:30 | 40fb2a0956b2453cbe76577118b30fb3 | SELL |
+-------------+---------------------------+----------------------------------+------+
+----+---------------------------+------------------------+-------+
|    | TIMESTAMP                 | STATE                  | MSG   |
|----+---------------------------+------------------------+-------|
|  0 | 2023-02-09 15:30:00+05:30 | PUT ORDER REQ RECEIVED |       |
|  1 | 2023-02-09 15:30:00+05:30 | VALIDATION PENDING     |       |
|  2 | 2023-02-09 15:30:00+05:30 | OPEN PENDING           |       |
|  3 | 2023-02-09 15:30:00+05:30 | OPEN                   |       |
|  4 | 2023-02-09 15:30:00+05:30 | COMPLETE               |       |
+----+---------------------------+------------------------+-------+

+-------------+---------------------------+----------------------------------+------+
| INST        | timestamp                 | ID                               | TT   |
|-------------+---------------------------+----------------------------------+------|
| NSE_EQ:CDSL | 2023-02-13 11:15:00+05:30 | c4bbdada72524b74895925fe721ea230 | SELL |
+-------------+---------------------------+----------------------------------+------+
+----+---------------------------+------------------------+-------+
|    | TIMESTAMP                 | STATE                  | MSG   |
|----+---------------------------+------------------------+-------|
|  0 | 2023-02-13 11:15:00+05:30 | PUT ORDER REQ RECEIVED |       |
|  1 | 2023-02-13 11:15:00+05:30 | VALIDATION PENDING     |       |
|  2 | 2023-02-13 11:15:00+05:30 | OPEN PENDING           |       |
|  3 | 2023-02-13 11:15:00+05:30 | OPEN                   |       |
|  4 | 2023-02-13 11:15:00+05:30 | COMPLETE               |       |
+----+---------------------------+------------------------+-------+

+-------------+---------------------------+----------------------------------+------+
| INST        | timestamp                 | ID                               | TT   |
|-------------+---------------------------+----------------------------------+------|
| NSE_EQ:CDSL | 2023-02-13 15:30:00+05:30 | a6ebcefac3ed4ee7a799ed2eb8d2e846 | BUY  |
+-------------+---------------------------+----------------------------------+------+
+----+---------------------------+------------------------+-------+
|    | TIMESTAMP                 | STATE                  | MSG   |
|----+---------------------------+------------------------+-------|
|  0 | 2023-02-13 15:30:00+05:30 | PUT ORDER REQ RECEIVED |       |
|  1 | 2023-02-13 15:30:00+05:30 | VALIDATION PENDING     |       |
|  2 | 2023-02-13 15:30:00+05:30 | OPEN PENDING           |       |
|  3 | 2023-02-13 15:30:00+05:30 | OPEN                   |       |
|  4 | 2023-02-13 15:30:00+05:30 | COMPLETE               |       |
+----+---------------------------+------------------------+-------+

+-------------+---------------------------+----------------------------------+------+
| INST        | timestamp                 | ID                               | TT   |
|-------------+---------------------------+----------------------------------+------|
| NSE_EQ:CDSL | 2023-02-15 11:15:00+05:30 | 1cb5c0a3145447d5b6a253dbcfbbd3dd | BUY  |
+-------------+---------------------------+----------------------------------+------+
+----+---------------------------+------------------------+-------+
|    | TIMESTAMP                 | STATE                  | MSG   |
|----+---------------------------+------------------------+-------|
|  0 | 2023-02-15 11:15:00+05:30 | PUT ORDER REQ RECEIVED |       |
|  1 | 2023-02-15 11:15:00+05:30 | VALIDATION PENDING     |       |
|  2 | 2023-02-15 11:15:00+05:30 | OPEN PENDING           |       |
|  3 | 2023-02-15 11:15:00+05:30 | OPEN                   |       |
|  4 | 2023-02-15 11:15:00+05:30 | COMPLETE               |       |
+----+---------------------------+------------------------+-------+

+-------------+---------------------------+----------------------------------+------+
| INST        | timestamp                 | ID                               | TT   |
|-------------+---------------------------+----------------------------------+------|
| NSE_EQ:CDSL | 2023-02-15 15:30:00+05:30 | 39489575a3014a0d8e7f647c19b91410 | SELL |
+-------------+---------------------------+----------------------------------+------+
+----+---------------------------+------------------------+-------+
|    | TIMESTAMP                 | STATE                  | MSG   |
|----+---------------------------+------------------------+-------|
|  0 | 2023-02-15 15:30:00+05:30 | PUT ORDER REQ RECEIVED |       |
|  1 | 2023-02-15 15:30:00+05:30 | VALIDATION PENDING     |       |
|  2 | 2023-02-15 15:30:00+05:30 | OPEN PENDING           |       |
|  3 | 2023-02-15 15:30:00+05:30 | OPEN                   |       |
|  4 | 2023-02-15 15:30:00+05:30 | COMPLETE               |       |
+----+---------------------------+------------------------+-------+

+-------------+---------------------------+----------------------------------+------+
| INST        | timestamp                 | ID                               | TT   |
|-------------+---------------------------+----------------------------------+------|
| NSE_EQ:CDSL | 2023-02-20 11:15:00+05:30 | f67cf2f59b164aefa9cfd874651b8839 | SELL |
+-------------+---------------------------+----------------------------------+------+
+----+---------------------------+------------------------+-------+
|    | TIMESTAMP                 | STATE                  | MSG   |
|----+---------------------------+------------------------+-------|
|  0 | 2023-02-20 11:15:00+05:30 | PUT ORDER REQ RECEIVED |       |
|  1 | 2023-02-20 11:15:00+05:30 | VALIDATION PENDING     |       |
|  2 | 2023-02-20 11:15:00+05:30 | OPEN PENDING           |       |
|  3 | 2023-02-20 11:15:00+05:30 | OPEN                   |       |
|  4 | 2023-02-20 11:15:00+05:30 | COMPLETE               |       |
+----+---------------------------+------------------------+-------+

+-------------+---------------------------+----------------------------------+------+
| INST        | timestamp                 | ID                               | TT   |
|-------------+---------------------------+----------------------------------+------|
| NSE_EQ:CDSL | 2023-02-20 15:30:00+05:30 | 122108bf585544368f3a1c019ce06537 | BUY  |
+-------------+---------------------------+----------------------------------+------+
+----+---------------------------+------------------------+-------+
|    | TIMESTAMP                 | STATE                  | MSG   |
|----+---------------------------+------------------------+-------|
|  0 | 2023-02-20 15:30:00+05:30 | PUT ORDER REQ RECEIVED |       |
|  1 | 2023-02-20 15:30:00+05:30 | VALIDATION PENDING     |       |
|  2 | 2023-02-20 15:30:00+05:30 | OPEN PENDING           |       |
|  3 | 2023-02-20 15:30:00+05:30 | OPEN                   |       |
|  4 | 2023-02-20 15:30:00+05:30 | COMPLETE               |       |
+----+---------------------------+------------------------+-------+

+-------------+---------------------------+----------------------------------+------+
| INST        | timestamp                 | ID                               | TT   |
|-------------+---------------------------+----------------------------------+------|
| NSE_EQ:CDSL | 2023-02-24 09:15:00+05:30 | a1ba98faabd8436b8dde383b67f41616 | BUY  |
+-------------+---------------------------+----------------------------------+------+
+----+---------------------------+------------------------+-------+
|    | TIMESTAMP                 | STATE                  | MSG   |
|----+---------------------------+------------------------+-------|
|  0 | 2023-02-24 09:15:00+05:30 | PUT ORDER REQ RECEIVED |       |
|  1 | 2023-02-24 09:15:00+05:30 | VALIDATION PENDING     |       |
|  2 | 2023-02-24 09:15:00+05:30 | OPEN PENDING           |       |
|  3 | 2023-02-24 09:15:00+05:30 | OPEN                   |       |
|  4 | 2023-02-24 09:15:00+05:30 | COMPLETE               |       |
+----+---------------------------+------------------------+-------+

+-------------+---------------------------+----------------------------------+------+
| INST        | timestamp                 | ID                               | TT   |
|-------------+---------------------------+----------------------------------+------|
| NSE_EQ:CDSL | 2023-02-24 15:15:00+05:30 | 0f401c61ea7844918975955dfdfa48df | SELL |
+-------------+---------------------------+----------------------------------+------+
+----+---------------------------+------------------------+-------+
|    | TIMESTAMP                 | STATE                  | MSG   |
|----+---------------------------+------------------------+-------|
|  0 | 2023-02-24 15:15:00+05:30 | PUT ORDER REQ RECEIVED |       |
|  1 | 2023-02-24 15:15:00+05:30 | VALIDATION PENDING     |       |
|  2 | 2023-02-24 15:15:00+05:30 | OPEN PENDING           |       |
|  3 | 2023-02-24 15:15:00+05:30 | OPEN                   |       |
|  4 | 2023-02-24 15:15:00+05:30 | COMPLETE               |       |
+----+---------------------------+------------------------+-------+

+-------------+---------------------------+----------------------------------+------+
| INST        | timestamp                 | ID                               | TT   |
|-------------+---------------------------+----------------------------------+------|
| NSE_EQ:CDSL | 2023-02-24 15:15:00+05:30 | 0cc7c909bc83442794ab7e5a3d31dbab | SELL |
+-------------+---------------------------+----------------------------------+------+
+----+---------------------------+------------------------+-------+
|    | TIMESTAMP                 | STATE                  | MSG   |
|----+---------------------------+------------------------+-------|
|  0 | 2023-02-24 15:15:00+05:30 | PUT ORDER REQ RECEIVED |       |
|  1 | 2023-02-24 15:15:00+05:30 | VALIDATION PENDING     |       |
|  2 | 2023-02-24 15:15:00+05:30 | OPEN PENDING           |       |
|  3 | 2023-02-24 15:15:00+05:30 | OPEN                   |       |
|  4 | 2023-02-24 15:15:00+05:30 | COMPLETE               |       |
+----+---------------------------+------------------------+-------+

+-------------+---------------------------+----------------------------------+------+
| INST        | timestamp                 | ID                               | TT   |
|-------------+---------------------------+----------------------------------+------|
| NSE_EQ:CDSL | 2023-02-24 15:30:00+05:30 | 8a669f3d27314b72adebfa323a7c0fee | BUY  |
+-------------+---------------------------+----------------------------------+------+
+----+---------------------------+------------------------+-------+
|    | TIMESTAMP                 | STATE                  | MSG   |
|----+---------------------------+------------------------+-------|
|  0 | 2023-02-24 15:30:00+05:30 | PUT ORDER REQ RECEIVED |       |
|  1 | 2023-02-24 15:30:00+05:30 | VALIDATION PENDING     |       |
|  2 | 2023-02-24 15:30:00+05:30 | OPEN PENDING           |       |
|  3 | 2023-02-24 15:30:00+05:30 | OPEN                   |       |
|  4 | 2023-02-24 15:30:00+05:30 | COMPLETE               |       |
+----+---------------------------+------------------------+-------+