

+-------------+---------------------------+----------------------------------+------+
| INST        | timestamp                 | ID                               | TT   |
|-------------+---------------------------+----------------------------------+------|
| NSE_EQ:SBIN | 2023-01-04 12:15:00+05:30 | 9b6957202c424c44b62d4eb3ac013069 | SELL |
+-------------+---------------------------+----------------------------------+------+
+----+---------------------------+------------------------+-------+
|    | TIMESTAMP                 | STATE                  | MSG   |
|----+---------------------------+------------------------+-------|
|  0 | 2023-01-04 12:15:00+05:30 | PUT ORDER REQ RECEIVED |       |
|  1 | 2023-01-04 12:15:00+05:30 | VALIDATION PENDING     |       |
|  2 | 2023-01-04 12:15:00+05:30 | REJECTED               |       |
+----+---------------------------+------------------------+-------+

+-------------+---------------------------+----------------------------------+------+
| INST        | timestamp                 | ID                               | TT   |
|-------------+---------------------------+----------------------------------+------|
| NSE_EQ:SBIN | 2023-01-10 09:15:00+05:30 | 529f22f00a7c4acd9b8de84ae4d1d8d2 | BUY  |
+-------------+---------------------------+----------------------------------+------+
+----+---------------------------+------------------------+-------+
|    | TIMESTAMP                 | STATE                  | MSG   |
|----+---------------------------+------------------------+-------|
|  0 | 2023-01-10 09:15:00+05:30 | PUT ORDER REQ RECEIVED |       |
|  1 | 2023-01-10 09:15:00+05:30 | VALIDATION PENDING     |       |
|  2 | 2023-01-10 09:15:00+05:30 | OPEN PENDING           |       |
|  3 | 2023-01-10 09:15:00+05:30 | OPEN                   |       |
|  4 | 2023-01-10 09:15:00+05:30 | COMPLETE               |       |
+----+---------------------------+------------------------+-------+

+-------------+---------------------------+----------------------------------+------+
| INST        | timestamp                 | ID                               | TT   |
|-------------+---------------------------+----------------------------------+------|
| NSE_EQ:SBIN | 2023-01-10 10:15:00+05:30 | 6fa446b506014fe0a4048e1f16760c6a | SELL |
+-------------+---------------------------+----------------------------------+------+
+----+---------------------------+------------------------+-------+
|    | TIMESTAMP                 | STATE                  | MSG   |
|----+---------------------------+------------------------+-------|
|  0 | 2023-01-10 10:15:00+05:30 | PUT ORDER REQ RECEIVED |       |
|  1 | 2023-01-10 10:15:00+05:30 | VALIDATION PENDING     |       |
|  2 | 2023-01-10 10:15:00+05:30 | OPEN PENDING           |       |
|  3 | 2023-01-10 10:15:00+05:30 | OPEN                   |       |
|  4 | 2023-01-10 10:15:00+05:30 | COMPLETE               |       |
+----+---------------------------+------------------------+-------+

+-------------+---------------------------+----------------------------------+------+
| INST        | timestamp                 | ID                               | TT   |
|-------------+---------------------------+----------------------------------+------|
| NSE_EQ:SBIN | 2023-01-10 10:15:00+05:30 | 15053c88a10b4e8c9c7cdad264bb0cb3 | SELL |
+-------------+---------------------------+----------------------------------+------+
+----+---------------------------+------------------------+-------+
|    | TIMESTAMP                 | STATE                  | MSG   |
|----+---------------------------+------------------------+-------|
|  0 | 2023-01-10 10:15:00+05:30 | PUT ORDER REQ RECEIVED |       |
|  1 | 2023-01-10 10:15:00+05:30 | VALIDATION PENDING     |       |
|  2 | 2023-01-10 10:15:00+05:30 | REJECTED               |       |
+----+---------------------------+------------------------+-------+

+-------------+---------------------------+----------------------------------+------+
| INST        | timestamp                 | ID                               | TT   |
|-------------+---------------------------+----------------------------------+------|
| NSE_EQ:SBIN | 2023-01-13 15:15:00+05:30 | f1915419948b488bbdbef434feb0516a | BUY  |
+-------------+---------------------------+----------------------------------+------+
+----+---------------------------+------------------------+-------+
|    | TIMESTAMP                 | STATE                  | MSG   |
|----+---------------------------+------------------------+-------|
|  0 | 2023-01-13 15:15:00+05:30 | PUT ORDER REQ RECEIVED |       |
|  1 | 2023-01-13 15:15:00+05:30 | VALIDATION PENDING     |       |
|  2 | 2023-01-13 15:15:00+05:30 | OPEN PENDING           |       |
|  3 | 2023-01-13 15:15:00+05:30 | OPEN                   |       |
|  4 | 2023-01-13 15:15:00+05:30 | COMPLETE               |       |
+----+---------------------------+------------------------+-------+

+-------------+---------------------------+----------------------------------+------+
| INST        | timestamp                 | ID                               | TT   |
|-------------+---------------------------+----------------------------------+------|
| NSE_EQ:SBIN | 2023-01-16 09:15:00+05:30 | 426990601c4644c4b69271699ca246a6 | BUY  |
+-------------+---------------------------+----------------------------------+------+
+----+---------------------------+------------------------+-------+
|    | TIMESTAMP                 | STATE                  | MSG   |
|----+---------------------------+------------------------+-------|
|  0 | 2023-01-16 09:15:00+05:30 | PUT ORDER REQ RECEIVED |       |
|  1 | 2023-01-16 09:15:00+05:30 | COMPLETE               |       |
+----+---------------------------+------------------------+-------+

+-------------+---------------------------+----------------------------------+------+
| INST        | timestamp                 | ID                               | TT   |
|-------------+---------------------------+----------------------------------+------|
| NSE_EQ:SBIN | 2023-01-17 09:15:00+05:30 | 81ca006cebea465d87b46664226e0c3c | BUY  |
+-------------+---------------------------+----------------------------------+------+
+----+---------------------------+------------------------+-------+
|    | TIMESTAMP                 | STATE                  | MSG   |
|----+---------------------------+------------------------+-------|
|  0 | 2023-01-17 09:15:00+05:30 | PUT ORDER REQ RECEIVED |       |
|  1 | 2023-01-17 09:15:00+05:30 | COMPLETE               |       |
+----+---------------------------+------------------------+-------+

+-------------+---------------------------+----------------------------------+------+
| INST        | timestamp                 | ID                               | TT   |
|-------------+---------------------------+----------------------------------+------|
| NSE_EQ:SBIN | 2023-01-17 14:15:00+05:30 | cc290cb3f8704e56832891de9d0682f6 | SELL |
+-------------+---------------------------+----------------------------------+------+
+----+---------------------------+------------------------+-------+
|    | TIMESTAMP                 | STATE                  | MSG   |
|----+---------------------------+------------------------+-------|
|  0 | 2023-01-17 14:15:00+05:30 | PUT ORDER REQ RECEIVED |       |
|  1 | 2023-01-17 14:15:00+05:30 | VALIDATION PENDING     |       |
|  2 | 2023-01-17 14:15:00+05:30 | OPEN PENDING           |       |
|  3 | 2023-01-17 14:15:00+05:30 | OPEN                   |       |
|  4 | 2023-01-17 14:15:00+05:30 | COMPLETE               |       |
+----+---------------------------+------------------------+-------+

+-------------+---------------------------+----------------------------------+------+
| INST        | timestamp                 | ID                               | TT   |
|-------------+---------------------------+----------------------------------+------|
| NSE_EQ:SBIN | 2023-01-17 14:15:00+05:30 | bf047314d06943dd869e2eb85b500fc8 | SELL |
+-------------+---------------------------+----------------------------------+------+
+----+---------------------------+------------------------+-------+
|    | TIMESTAMP                 | STATE                  | MSG   |
|----+---------------------------+------------------------+-------|
|  0 | 2023-01-17 14:15:00+05:30 | PUT ORDER REQ RECEIVED |       |
|  1 | 2023-01-17 14:15:00+05:30 | VALIDATION PENDING     |       |
|  2 | 2023-01-17 14:15:00+05:30 | REJECTED               |       |
+----+---------------------------+------------------------+-------+

+-------------+---------------------------+----------------------------------+------+
| INST        | timestamp                 | ID                               | TT   |
|-------------+---------------------------+----------------------------------+------|
| NSE_EQ:SBIN | 2023-01-23 10:15:00+05:30 | be4b4da5b88f4c9c9bdcca10e788efb6 | BUY  |
+-------------+---------------------------+----------------------------------+------+
+----+---------------------------+------------------------+-------+
|    | TIMESTAMP                 | STATE                  | MSG   |
|----+---------------------------+------------------------+-------|
|  0 | 2023-01-23 10:15:00+05:30 | PUT ORDER REQ RECEIVED |       |
|  1 | 2023-01-23 10:15:00+05:30 | VALIDATION PENDING     |       |
|  2 | 2023-01-23 10:15:00+05:30 | OPEN PENDING           |       |
|  3 | 2023-01-23 10:15:00+05:30 | OPEN                   |       |
|  4 | 2023-01-23 10:15:00+05:30 | COMPLETE               |       |
+----+---------------------------+------------------------+-------+

+-------------+---------------------------+----------------------------------+------+
| INST        | timestamp                 | ID                               | TT   |
|-------------+---------------------------+----------------------------------+------|
| NSE_EQ:SBIN | 2023-01-24 09:15:00+05:30 | a5d00a6f4d6a4a6ea16456362cb9960a | BUY  |
+-------------+---------------------------+----------------------------------+------+
+----+---------------------------+------------------------+-------+
|    | TIMESTAMP                 | STATE                  | MSG   |
|----+---------------------------+------------------------+-------|
|  0 | 2023-01-24 09:15:00+05:30 | PUT ORDER REQ RECEIVED |       |
|  1 | 2023-01-24 09:15:00+05:30 | COMPLETE               |       |
+----+---------------------------+------------------------+-------+

+-------------+---------------------------+----------------------------------+------+
| INST        | timestamp                 | ID                               | TT   |
|-------------+---------------------------+----------------------------------+------|
| NSE_EQ:SBIN | 2023-01-25 09:15:00+05:30 | 9bfb2a9e3544477d97fd6a986613e07e | BUY  |
+-------------+---------------------------+----------------------------------+------+
+----+---------------------------+------------------------+-------+
|    | TIMESTAMP                 | STATE                  | MSG   |
|----+---------------------------+------------------------+-------|
|  0 | 2023-01-25 09:15:00+05:30 | PUT ORDER REQ RECEIVED |       |
|  1 | 2023-01-25 09:15:00+05:30 | COMPLETE               |       |
+----+---------------------------+------------------------+-------+

+-------------+---------------------------+----------------------------------+------+
| INST        | timestamp                 | ID                               | TT   |
|-------------+---------------------------+----------------------------------+------|
| NSE_EQ:SBIN | 2023-01-25 10:15:00+05:30 | aee1ef7ab711433ebd67da69185c32f2 | SELL |
+-------------+---------------------------+----------------------------------+------+
+----+---------------------------+------------------------+-------+
|    | TIMESTAMP                 | STATE                  | MSG   |
|----+---------------------------+------------------------+-------|
|  0 | 2023-01-25 10:15:00+05:30 | PUT ORDER REQ RECEIVED |       |
|  1 | 2023-01-25 10:15:00+05:30 | VALIDATION PENDING     |       |
|  2 | 2023-01-25 10:15:00+05:30 | OPEN PENDING           |       |
|  3 | 2023-01-25 10:15:00+05:30 | OPEN                   |       |
|  4 | 2023-01-25 10:15:00+05:30 | COMPLETE               |       |
+----+---------------------------+------------------------+-------+

+-------------+---------------------------+----------------------------------+------+
| INST        | timestamp                 | ID                               | TT   |
|-------------+---------------------------+----------------------------------+------|
| NSE_EQ:SBIN | 2023-01-25 10:15:00+05:30 | 71a5759cf86f496089c51fda63191d8c | SELL |
+-------------+---------------------------+----------------------------------+------+
+----+---------------------------+------------------------+-------+
|    | TIMESTAMP                 | STATE                  | MSG   |
|----+---------------------------+------------------------+-------|
|  0 | 2023-01-25 10:15:00+05:30 | PUT ORDER REQ RECEIVED |       |
|  1 | 2023-01-25 10:15:00+05:30 | VALIDATION PENDING     |       |
|  2 | 2023-01-25 10:15:00+05:30 | REJECTED               |       |
+----+---------------------------+------------------------+-------+

+-------------+---------------------------+----------------------------------+------+
| INST        | timestamp                 | ID                               | TT   |
|-------------+---------------------------+----------------------------------+------|
| NSE_EQ:SBIN | 2023-02-06 11:15:00+05:30 | f7e58e9ffdf34217afdbcbc4b283b474 | BUY  |
+-------------+---------------------------+----------------------------------+------+
+----+---------------------------+------------------------+-------+
|    | TIMESTAMP                 | STATE                  | MSG   |
|----+---------------------------+------------------------+-------|
|  0 | 2023-02-06 11:15:00+05:30 | PUT ORDER REQ RECEIVED |       |
|  1 | 2023-02-06 11:15:00+05:30 | VALIDATION PENDING     |       |
|  2 | 2023-02-06 11:15:00+05:30 | OPEN PENDING           |       |
|  3 | 2023-02-06 11:15:00+05:30 | OPEN                   |       |
|  4 | 2023-02-06 11:15:00+05:30 | COMPLETE               |       |
+----+---------------------------+------------------------+-------+

+-------------+---------------------------+----------------------------------+------+
| INST        | timestamp                 | ID                               | TT   |
|-------------+---------------------------+----------------------------------+------|
| NSE_EQ:SBIN | 2023-02-07 09:15:00+05:30 | 91dec4b85c9a4e0e95610584d1dccea3 | BUY  |
+-------------+---------------------------+----------------------------------+------+
+----+---------------------------+------------------------+-------+
|    | TIMESTAMP                 | STATE                  | MSG   |
|----+---------------------------+------------------------+-------|
|  0 | 2023-02-07 09:15:00+05:30 | PUT ORDER REQ RECEIVED |       |
|  1 | 2023-02-07 09:15:00+05:30 | COMPLETE               |       |
+----+---------------------------+------------------------+-------+

+-------------+---------------------------+----------------------------------+------+
| INST        | timestamp                 | ID                               | TT   |
|-------------+---------------------------+----------------------------------+------|
| NSE_EQ:SBIN | 2023-02-08 09:15:00+05:30 | e24095935d9f4af1b6759b5817a35092 | BUY  |
+-------------+---------------------------+----------------------------------+------+
+----+---------------------------+------------------------+-------+
|    | TIMESTAMP                 | STATE                  | MSG   |
|----+---------------------------+------------------------+-------|
|  0 | 2023-02-08 09:15:00+05:30 | PUT ORDER REQ RECEIVED |       |
|  1 | 2023-02-08 09:15:00+05:30 | COMPLETE               |       |
+----+---------------------------+------------------------+-------+

+-------------+---------------------------+----------------------------------+------+
| INST        | timestamp                 | ID                               | TT   |
|-------------+---------------------------+----------------------------------+------|
| NSE_EQ:SBIN | 2023-02-09 09:15:00+05:30 | 485d8f8db2f54d749689d70dcfb675d1 | BUY  |
+-------------+---------------------------+----------------------------------+------+
+----+---------------------------+------------------------+-------+
|    | TIMESTAMP                 | STATE                  | MSG   |
|----+---------------------------+------------------------+-------|
|  0 | 2023-02-09 09:15:00+05:30 | PUT ORDER REQ RECEIVED |       |
|  1 | 2023-02-09 09:15:00+05:30 | COMPLETE               |       |
+----+---------------------------+------------------------+-------+

+-------------+---------------------------+----------------------------------+------+
| INST        | timestamp                 | ID                               | TT   |
|-------------+---------------------------+----------------------------------+------|
| NSE_EQ:SBIN | 2023-02-10 09:15:00+05:30 | 79f7142a699c44e69450d35c796d8f0c | BUY  |
+-------------+---------------------------+----------------------------------+------+
+----+---------------------------+------------------------+-------+
|    | TIMESTAMP                 | STATE                  | MSG   |
|----+---------------------------+------------------------+-------|
|  0 | 2023-02-10 09:15:00+05:30 | PUT ORDER REQ RECEIVED |       |
|  1 | 2023-02-10 09:15:00+05:30 | COMPLETE               |       |
+----+---------------------------+------------------------+-------+

+-------------+---------------------------+----------------------------------+------+
| INST        | timestamp                 | ID                               | TT   |
|-------------+---------------------------+----------------------------------+------|
| NSE_EQ:SBIN | 2023-02-13 09:15:00+05:30 | 17bba7f588804210a4da83be13d4d735 | BUY  |
+-------------+---------------------------+----------------------------------+------+
+----+---------------------------+------------------------+-------+
|    | TIMESTAMP                 | STATE                  | MSG   |
|----+---------------------------+------------------------+-------|
|  0 | 2023-02-13 09:15:00+05:30 | PUT ORDER REQ RECEIVED |       |
|  1 | 2023-02-13 09:15:00+05:30 | COMPLETE               |       |
+----+---------------------------+------------------------+-------+

+-------------+---------------------------+----------------------------------+------+
| INST        | timestamp                 | ID                               | TT   |
|-------------+---------------------------+----------------------------------+------|
| NSE_EQ:SBIN | 2023-02-13 11:15:00+05:30 | 8679339105ed4357ac1a962af99f801c | SELL |
+-------------+---------------------------+----------------------------------+------+
+----+---------------------------+------------------------+-------+
|    | TIMESTAMP                 | STATE                  | MSG   |
|----+---------------------------+------------------------+-------|
|  0 | 2023-02-13 11:15:00+05:30 | PUT ORDER REQ RECEIVED |       |
|  1 | 2023-02-13 11:15:00+05:30 | VALIDATION PENDING     |       |
|  2 | 2023-02-13 11:15:00+05:30 | OPEN PENDING           |       |
|  3 | 2023-02-13 11:15:00+05:30 | OPEN                   |       |
|  4 | 2023-02-13 11:15:00+05:30 | COMPLETE               |       |
+----+---------------------------+------------------------+-------+

+-------------+---------------------------+----------------------------------+------+
| INST        | timestamp                 | ID                               | TT   |
|-------------+---------------------------+----------------------------------+------|
| NSE_EQ:SBIN | 2023-02-13 11:15:00+05:30 | 3b967f236b474ab0bfaa1e7f9499f66b | SELL |
+-------------+---------------------------+----------------------------------+------+
+----+---------------------------+------------------------+-------+
|    | TIMESTAMP                 | STATE                  | MSG   |
|----+---------------------------+------------------------+-------|
|  0 | 2023-02-13 11:15:00+05:30 | PUT ORDER REQ RECEIVED |       |
|  1 | 2023-02-13 11:15:00+05:30 | VALIDATION PENDING     |       |
|  2 | 2023-02-13 11:15:00+05:30 | REJECTED               |       |
+----+---------------------------+------------------------+-------+

+-------------+---------------------------+----------------------------------+------+
| INST        | timestamp                 | ID                               | TT   |
|-------------+---------------------------+----------------------------------+------|
| NSE_EQ:SBIN | 2023-02-16 13:15:00+05:30 | 9cec422155214477aeff91c4b12a9153 | BUY  |
+-------------+---------------------------+----------------------------------+------+
+----+---------------------------+------------------------+-------+
|    | TIMESTAMP                 | STATE                  | MSG   |
|----+---------------------------+------------------------+-------|
|  0 | 2023-02-16 13:15:00+05:30 | PUT ORDER REQ RECEIVED |       |
|  1 | 2023-02-16 13:15:00+05:30 | VALIDATION PENDING     |       |
|  2 | 2023-02-16 13:15:00+05:30 | OPEN PENDING           |       |
|  3 | 2023-02-16 13:15:00+05:30 | OPEN                   |       |
|  4 | 2023-02-16 13:15:00+05:30 | COMPLETE               |       |
+----+---------------------------+------------------------+-------+

+-------------+---------------------------+----------------------------------+------+
| INST        | timestamp                 | ID                               | TT   |
|-------------+---------------------------+----------------------------------+------|
| NSE_EQ:SBIN | 2023-02-16 15:15:00+05:30 | cf7c46ae2ebf405d8ea9a947a55d37e1 | SELL |
+-------------+---------------------------+----------------------------------+------+
+----+---------------------------+------------------------+-------+
|    | TIMESTAMP                 | STATE                  | MSG   |
|----+---------------------------+------------------------+-------|
|  0 | 2023-02-16 15:15:00+05:30 | PUT ORDER REQ RECEIVED |       |
|  1 | 2023-02-16 15:15:00+05:30 | VALIDATION PENDING     |       |
|  2 | 2023-02-16 15:15:00+05:30 | OPEN PENDING           |       |
|  3 | 2023-02-16 15:15:00+05:30 | OPEN                   |       |
|  4 | 2023-02-16 15:15:00+05:30 | COMPLETE               |       |
+----+---------------------------+------------------------+-------+

+-------------+---------------------------+----------------------------------+------+
| INST        | timestamp                 | ID                               | TT   |
|-------------+---------------------------+----------------------------------+------|
| NSE_EQ:SBIN | 2023-02-16 15:15:00+05:30 | 51f431f792c74a3b8ff7611d2a95c708 | SELL |
+-------------+---------------------------+----------------------------------+------+
+----+---------------------------+------------------------+-------+
|    | TIMESTAMP                 | STATE                  | MSG   |
|----+---------------------------+------------------------+-------|
|  0 | 2023-02-16 15:15:00+05:30 | PUT ORDER REQ RECEIVED |       |
|  1 | 2023-02-16 15:15:00+05:30 | VALIDATION PENDING     |       |
|  2 | 2023-02-16 15:15:00+05:30 | REJECTED               |       |
+----+---------------------------+------------------------+-------+

+-------------+---------------------------+----------------------------------+------+
| INST        | timestamp                 | ID                               | TT   |
|-------------+---------------------------+----------------------------------+------|
| NSE_EQ:SBIN | 2023-02-27 12:15:00+05:30 | 0b99b59e95144ad1abda5cba571e631f | BUY  |
+-------------+---------------------------+----------------------------------+------+
+----+---------------------------+------------------------+-------+
|    | TIMESTAMP                 | STATE                  | MSG   |
|----+---------------------------+------------------------+-------|
|  0 | 2023-02-27 12:15:00+05:30 | PUT ORDER REQ RECEIVED |       |
|  1 | 2023-02-27 12:15:00+05:30 | VALIDATION PENDING     |       |
|  2 | 2023-02-27 12:15:00+05:30 | OPEN PENDING           |       |
|  3 | 2023-02-27 12:15:00+05:30 | OPEN                   |       |
|  4 | 2023-02-27 12:15:00+05:30 | COMPLETE               |       |
+----+---------------------------+------------------------+-------+

+-------------+---------------------------+----------------------------------+------+
| INST        | timestamp                 | ID                               | TT   |
|-------------+---------------------------+----------------------------------+------|
| NSE_EQ:SBIN | 2023-02-28 09:15:00+05:30 | fa99b22c4bfc4e64ab4856099eece67b | BUY  |
+-------------+---------------------------+----------------------------------+------+
+----+---------------------------+------------------------+-------+
|    | TIMESTAMP                 | STATE                  | MSG   |
|----+---------------------------+------------------------+-------|
|  0 | 2023-02-28 09:15:00+05:30 | PUT ORDER REQ RECEIVED |       |
|  1 | 2023-02-28 09:15:00+05:30 | COMPLETE               |       |
+----+---------------------------+------------------------+-------+