

+----------------------------------------+---------------------------+----------------------------------+------+
| INST                                   | timestamp                 | ID                               | TT   |
|----------------------------------------+---------------------------+----------------------------------+------|
| NSE_FO:BANKNIFTY29JUN2343600PE [LOCAL] | 2023-06-20 09:15:00+05:30 | d0b375e63cb64e24beb5ea4f3c9bf734 | BUY  |
+----------------------------------------+---------------------------+----------------------------------+------+
+----+---------------------------+------------------------+-------+
|    | TIMESTAMP                 | STATE                  | MSG   |
|----+---------------------------+------------------------+-------|
|  0 | 2023-06-20 09:15:00+05:30 | PUT ORDER REQ RECEIVED |       |
|  1 | 2023-06-20 09:15:00+05:30 | VALIDATION PENDING     |       |
|  2 | 2023-06-20 09:15:00+05:30 | OPEN PENDING           |       |
|  3 | 2023-06-20 09:15:00+05:30 | OPEN                   |       |
|  4 | 2023-06-20 09:15:00+05:30 | COMPLETE               |       |
+----+---------------------------+------------------------+-------+

+----------------------------------------+---------------------------+----------------------------------+------+
| INST                                   | timestamp                 | ID                               | TT   |
|----------------------------------------+---------------------------+----------------------------------+------|
| NSE_FO:BANKNIFTY29JUN2343600PE [LOCAL] | 2023-06-20 09:45:00+05:30 | 46803d0698eb4182925b829d711ff8c7 | SELL |
+----------------------------------------+---------------------------+----------------------------------+------+
+----+---------------------------+------------------------+-------+
|    | TIMESTAMP                 | STATE                  | MSG   |
|----+---------------------------+------------------------+-------|
|  0 | 2023-06-20 09:45:00+05:30 | PUT ORDER REQ RECEIVED |       |
|  1 | 2023-06-20 09:45:00+05:30 | VALIDATION PENDING     |       |
|  2 | 2023-06-20 09:45:00+05:30 | OPEN PENDING           |       |
|  3 | 2023-06-20 09:45:00+05:30 | OPEN                   |       |
|  4 | 2023-06-20 09:45:00+05:30 | COMPLETE               |       |
+----+---------------------------+------------------------+-------+

+----------------------------------------+---------------------------+----------------------------------+------+
| INST                                   | timestamp                 | ID                               | TT   |
|----------------------------------------+---------------------------+----------------------------------+------|
| NSE_FO:BANKNIFTY29JUN2343500CE [LOCAL] | 2023-06-20 09:45:00+05:30 | 0270f5ed2cb942be9995ea32763a4006 | BUY  |
+----------------------------------------+---------------------------+----------------------------------+------+
+----+---------------------------+------------------------+-------+
|    | TIMESTAMP                 | STATE                  | MSG   |
|----+---------------------------+------------------------+-------|
|  0 | 2023-06-20 09:45:00+05:30 | PUT ORDER REQ RECEIVED |       |
|  1 | 2023-06-20 09:45:00+05:30 | VALIDATION PENDING     |       |
|  2 | 2023-06-20 09:45:00+05:30 | OPEN PENDING           |       |
|  3 | 2023-06-20 09:45:00+05:30 | OPEN                   |       |
|  4 | 2023-06-20 09:45:00+05:30 | COMPLETE               |       |
+----+---------------------------+------------------------+-------+

+----------------------------------------+---------------------------+----------------------------------+------+
| INST                                   | timestamp                 | ID                               | TT   |
|----------------------------------------+---------------------------+----------------------------------+------|
| NSE_FO:BANKNIFTY29JUN2343500CE [LOCAL] | 2023-06-20 10:15:00+05:30 | bf7500955f7f4d748ec1d3964b22f1d9 | SELL |
+----------------------------------------+---------------------------+----------------------------------+------+
+----+---------------------------+------------------------+-------+
|    | TIMESTAMP                 | STATE                  | MSG   |
|----+---------------------------+------------------------+-------|
|  0 | 2023-06-20 10:15:00+05:30 | PUT ORDER REQ RECEIVED |       |
|  1 | 2023-06-20 10:15:00+05:30 | VALIDATION PENDING     |       |
|  2 | 2023-06-20 10:15:00+05:30 | OPEN PENDING           |       |
|  3 | 2023-06-20 10:15:00+05:30 | OPEN                   |       |
|  4 | 2023-06-20 10:15:00+05:30 | COMPLETE               |       |
+----+---------------------------+------------------------+-------+

+----------------------------------------+---------------------------+----------------------------------+------+
| INST                                   | timestamp                 | ID                               | TT   |
|----------------------------------------+---------------------------+----------------------------------+------|
| NSE_FO:BANKNIFTY29JUN2343400PE [LOCAL] | 2023-06-20 10:15:00+05:30 | 384d8787db3d492ab9240564d9b99d0d | BUY  |
+----------------------------------------+---------------------------+----------------------------------+------+
+----+---------------------------+------------------------+-------+
|    | TIMESTAMP                 | STATE                  | MSG   |
|----+---------------------------+------------------------+-------|
|  0 | 2023-06-20 10:15:00+05:30 | PUT ORDER REQ RECEIVED |       |
|  1 | 2023-06-20 10:15:00+05:30 | VALIDATION PENDING     |       |
|  2 | 2023-06-20 10:15:00+05:30 | OPEN PENDING           |       |
|  3 | 2023-06-20 10:15:00+05:30 | OPEN                   |       |
|  4 | 2023-06-20 10:15:00+05:30 | COMPLETE               |       |
+----+---------------------------+------------------------+-------+

+----------------------------------------+---------------------------+----------------------------------+------+
| INST                                   | timestamp                 | ID                               | TT   |
|----------------------------------------+---------------------------+----------------------------------+------|
| NSE_FO:BANKNIFTY29JUN2343400PE [LOCAL] | 2023-06-20 13:00:00+05:30 | 527a73732376459a8fcc3a58605459e8 | SELL |
+----------------------------------------+---------------------------+----------------------------------+------+
+----+---------------------------+------------------------+-------+
|    | TIMESTAMP                 | STATE                  | MSG   |
|----+---------------------------+------------------------+-------|
|  0 | 2023-06-20 13:00:00+05:30 | PUT ORDER REQ RECEIVED |       |
|  1 | 2023-06-20 13:00:00+05:30 | VALIDATION PENDING     |       |
|  2 | 2023-06-20 13:00:00+05:30 | OPEN PENDING           |       |
|  3 | 2023-06-20 13:00:00+05:30 | OPEN                   |       |
|  4 | 2023-06-20 13:00:00+05:30 | COMPLETE               |       |
+----+---------------------------+------------------------+-------+

+----------------------------------------+---------------------------+----------------------------------+------+
| INST                                   | timestamp                 | ID                               | TT   |
|----------------------------------------+---------------------------+----------------------------------+------|
| NSE_FO:BANKNIFTY29JUN2343500CE [LOCAL] | 2023-06-20 13:00:00+05:30 | 9616e72626da466da671049af3fb48df | BUY  |
+----------------------------------------+---------------------------+----------------------------------+------+
+----+---------------------------+------------------------+-------+
|    | TIMESTAMP                 | STATE                  | MSG   |
|----+---------------------------+------------------------+-------|
|  0 | 2023-06-20 13:00:00+05:30 | PUT ORDER REQ RECEIVED |       |
|  1 | 2023-06-20 13:00:00+05:30 | VALIDATION PENDING     |       |
|  2 | 2023-06-20 13:00:00+05:30 | OPEN PENDING           |       |
|  3 | 2023-06-20 13:00:00+05:30 | OPEN                   |       |
|  4 | 2023-06-20 13:00:00+05:30 | COMPLETE               |       |
+----+---------------------------+------------------------+-------+

+----------------------------------------+---------------------------+----------------------------------+------+
| INST                                   | timestamp                 | ID                               | TT   |
|----------------------------------------+---------------------------+----------------------------------+------|
| NSE_FO:BANKNIFTY29JUN2343500CE [LOCAL] | 2023-06-20 13:30:00+05:30 | 48b93a2263c54c419e9c87a77bdee245 | SELL |
+----------------------------------------+---------------------------+----------------------------------+------+
+----+---------------------------+------------------------+-------+
|    | TIMESTAMP                 | STATE                  | MSG   |
|----+---------------------------+------------------------+-------|
|  0 | 2023-06-20 13:30:00+05:30 | PUT ORDER REQ RECEIVED |       |
|  1 | 2023-06-20 13:30:00+05:30 | VALIDATION PENDING     |       |
|  2 | 2023-06-20 13:30:00+05:30 | OPEN PENDING           |       |
|  3 | 2023-06-20 13:30:00+05:30 | OPEN                   |       |
|  4 | 2023-06-20 13:30:00+05:30 | COMPLETE               |       |
+----+---------------------------+------------------------+-------+

+----------------------------------------+---------------------------+----------------------------------+------+
| INST                                   | timestamp                 | ID                               | TT   |
|----------------------------------------+---------------------------+----------------------------------+------|
| NSE_FO:BANKNIFTY29JUN2343600PE [LOCAL] | 2023-06-20 13:30:00+05:30 | 6a42462913444443b65cdab3fa94d47f | BUY  |
+----------------------------------------+---------------------------+----------------------------------+------+
+----+---------------------------+------------------------+-------+
|    | TIMESTAMP                 | STATE                  | MSG   |
|----+---------------------------+------------------------+-------|
|  0 | 2023-06-20 13:30:00+05:30 | PUT ORDER REQ RECEIVED |       |
|  1 | 2023-06-20 13:30:00+05:30 | VALIDATION PENDING     |       |
|  2 | 2023-06-20 13:30:00+05:30 | OPEN PENDING           |       |
|  3 | 2023-06-20 13:30:00+05:30 | OPEN                   |       |
|  4 | 2023-06-20 13:30:00+05:30 | COMPLETE               |       |
+----+---------------------------+------------------------+-------+

+----------------------------------------+---------------------------+----------------------------------+------+
| INST                                   | timestamp                 | ID                               | TT   |
|----------------------------------------+---------------------------+----------------------------------+------|
| NSE_FO:BANKNIFTY29JUN2343600PE [LOCAL] | 2023-06-20 13:45:00+05:30 | 38e596dce75f4e9ba37448e5a694d46d | SELL |
+----------------------------------------+---------------------------+----------------------------------+------+
+----+---------------------------+------------------------+-------+
|    | TIMESTAMP                 | STATE                  | MSG   |
|----+---------------------------+------------------------+-------|
|  0 | 2023-06-20 13:45:00+05:30 | PUT ORDER REQ RECEIVED |       |
|  1 | 2023-06-20 13:45:00+05:30 | VALIDATION PENDING     |       |
|  2 | 2023-06-20 13:45:00+05:30 | OPEN PENDING           |       |
|  3 | 2023-06-20 13:45:00+05:30 | OPEN                   |       |
|  4 | 2023-06-20 13:45:00+05:30 | COMPLETE               |       |
+----+---------------------------+------------------------+-------+

+----------------------------------------+---------------------------+----------------------------------+------+
| INST                                   | timestamp                 | ID                               | TT   |
|----------------------------------------+---------------------------+----------------------------------+------|
| NSE_FO:BANKNIFTY29JUN2343500CE [LOCAL] | 2023-06-20 13:45:00+05:30 | e1dd5c97f9e946b8b3bfeee13afda8d1 | BUY  |
+----------------------------------------+---------------------------+----------------------------------+------+
+----+---------------------------+------------------------+-------+
|    | TIMESTAMP                 | STATE                  | MSG   |
|----+---------------------------+------------------------+-------|
|  0 | 2023-06-20 13:45:00+05:30 | PUT ORDER REQ RECEIVED |       |
|  1 | 2023-06-20 13:45:00+05:30 | VALIDATION PENDING     |       |
|  2 | 2023-06-20 13:45:00+05:30 | OPEN PENDING           |       |
|  3 | 2023-06-20 13:45:00+05:30 | OPEN                   |       |
|  4 | 2023-06-20 13:45:00+05:30 | COMPLETE               |       |
+----+---------------------------+------------------------+-------+

+----------------------------------------+---------------------------+----------------------------------+------+
| INST                                   | timestamp                 | ID                               | TT   |
|----------------------------------------+---------------------------+----------------------------------+------|
| NSE_FO:BANKNIFTY29JUN2343500CE [LOCAL] | 2023-06-20 14:30:00+05:30 | e5a2ec73cfc14a618b536de5b700a434 | SELL |
+----------------------------------------+---------------------------+----------------------------------+------+
+----+---------------------------+------------------------+-------+
|    | TIMESTAMP                 | STATE                  | MSG   |
|----+---------------------------+------------------------+-------|
|  0 | 2023-06-20 14:30:00+05:30 | PUT ORDER REQ RECEIVED |       |
|  1 | 2023-06-20 14:30:00+05:30 | VALIDATION PENDING     |       |
|  2 | 2023-06-20 14:30:00+05:30 | OPEN PENDING           |       |
|  3 | 2023-06-20 14:30:00+05:30 | OPEN                   |       |
|  4 | 2023-06-20 14:30:00+05:30 | COMPLETE               |       |
+----+---------------------------+------------------------+-------+

+----------------------------------------+---------------------------+----------------------------------+------+
| INST                                   | timestamp                 | ID                               | TT   |
|----------------------------------------+---------------------------+----------------------------------+------|
| NSE_FO:BANKNIFTY29JUN2343600PE [LOCAL] | 2023-06-20 14:30:00+05:30 | 2f951104a0714e29b477a5015fca53fa | BUY  |
+----------------------------------------+---------------------------+----------------------------------+------+
+----+---------------------------+------------------------+-------+
|    | TIMESTAMP                 | STATE                  | MSG   |
|----+---------------------------+------------------------+-------|
|  0 | 2023-06-20 14:30:00+05:30 | PUT ORDER REQ RECEIVED |       |
|  1 | 2023-06-20 14:30:00+05:30 | VALIDATION PENDING     |       |
|  2 | 2023-06-20 14:30:00+05:30 | OPEN PENDING           |       |
|  3 | 2023-06-20 14:30:00+05:30 | OPEN                   |       |
|  4 | 2023-06-20 14:30:00+05:30 | COMPLETE               |       |
+----+---------------------------+------------------------+-------+

+----------------------------------------+---------------------------+----------------------------------+------+
| INST                                   | timestamp                 | ID                               | TT   |
|----------------------------------------+---------------------------+----------------------------------+------|
| NSE_FO:BANKNIFTY29JUN2343600PE [LOCAL] | 2023-06-20 15:30:00+05:30 | b0a55b5eaa884f6f9665d07236c1f5a3 | SELL |
+----------------------------------------+---------------------------+----------------------------------+------+
+----+---------------------------+------------------------+-------+
|    | TIMESTAMP                 | STATE                  | MSG   |
|----+---------------------------+------------------------+-------|
|  0 | 2023-06-20 15:30:00+05:30 | PUT ORDER REQ RECEIVED |       |
|  1 | 2023-06-20 15:30:00+05:30 | VALIDATION PENDING     |       |
|  2 | 2023-06-20 15:30:00+05:30 | OPEN PENDING           |       |
|  3 | 2023-06-20 15:30:00+05:30 | OPEN                   |       |
|  4 | 2023-06-20 15:30:00+05:30 | COMPLETE               |       |
+----+---------------------------+------------------------+-------+