

+------------------+---------------------------+----------------------------------+------+
| INST             | timestamp                 | ID                               | TT   |
|------------------+---------------------------+----------------------------------+------|
| NSE_EQ:TATAPOWER | 2023-01-01 09:15:00+05:30 | dc751318a8a04fcc9a0222a76560f27f | SELL |
+------------------+---------------------------+----------------------------------+------+
+----+---------------------------+------------------------+-------+
|    | TIMESTAMP                 | STATE                  | MSG   |
|----+---------------------------+------------------------+-------|
|  0 | 2023-01-01 09:15:00+05:30 | PUT ORDER REQ RECEIVED |       |
|  1 | 2023-01-01 09:15:00+05:30 | VALIDATION PENDING     |       |
|  2 | 2023-01-01 09:15:00+05:30 | REJECTED               |       |
+----+---------------------------+------------------------+-------+

+------------------+---------------------------+----------------------------------+------+
| INST             | timestamp                 | ID                               | TT   |
|------------------+---------------------------+----------------------------------+------|
| NSE_EQ:TATAPOWER | 2023-01-02 09:15:00+05:30 | bc6e7926b199435d9ebd992f4d208e33 | SELL |
+------------------+---------------------------+----------------------------------+------+
+----+---------------------------+------------------------+-------+
|    | TIMESTAMP                 | STATE                  | MSG   |
|----+---------------------------+------------------------+-------|
|  0 | 2023-01-02 09:15:00+05:30 | PUT ORDER REQ RECEIVED |       |
|  1 | 2023-01-02 09:15:00+05:30 | VALIDATION PENDING     |       |
|  2 | 2023-01-02 09:15:00+05:30 | REJECTED               |       |
+----+---------------------------+------------------------+-------+

+------------------+---------------------------+----------------------------------+------+
| INST             | timestamp                 | ID                               | TT   |
|------------------+---------------------------+----------------------------------+------|
| NSE_EQ:TATAPOWER | 2023-01-03 09:15:00+05:30 | 240046f8a130470f99e2c0fd8a4a2343 | SELL |
+------------------+---------------------------+----------------------------------+------+
+----+---------------------------+------------------------+-------+
|    | TIMESTAMP                 | STATE                  | MSG   |
|----+---------------------------+------------------------+-------|
|  0 | 2023-01-03 09:15:00+05:30 | PUT ORDER REQ RECEIVED |       |
|  1 | 2023-01-03 09:15:00+05:30 | VALIDATION PENDING     |       |
|  2 | 2023-01-03 09:15:00+05:30 | REJECTED               |       |
+----+---------------------------+------------------------+-------+

+------------------+---------------------------+----------------------------------+------+
| INST             | timestamp                 | ID                               | TT   |
|------------------+---------------------------+----------------------------------+------|
| NSE_EQ:TATAPOWER | 2023-01-04 09:15:00+05:30 | e82d663c79a94cca96af4a383d220116 | SELL |
+------------------+---------------------------+----------------------------------+------+
+----+---------------------------+------------------------+-------+
|    | TIMESTAMP                 | STATE                  | MSG   |
|----+---------------------------+------------------------+-------|
|  0 | 2023-01-04 09:15:00+05:30 | PUT ORDER REQ RECEIVED |       |
|  1 | 2023-01-04 09:15:00+05:30 | VALIDATION PENDING     |       |
|  2 | 2023-01-04 09:15:00+05:30 | REJECTED               |       |
+----+---------------------------+------------------------+-------+

+------------------+---------------------------+----------------------------------+------+
| INST             | timestamp                 | ID                               | TT   |
|------------------+---------------------------+----------------------------------+------|
| NSE_EQ:TATAPOWER | 2023-01-05 09:15:00+05:30 | 6337359331b44941ad25c0beb25418b3 | SELL |
+------------------+---------------------------+----------------------------------+------+
+----+---------------------------+------------------------+-------+
|    | TIMESTAMP                 | STATE                  | MSG   |
|----+---------------------------+------------------------+-------|
|  0 | 2023-01-05 09:15:00+05:30 | PUT ORDER REQ RECEIVED |       |
|  1 | 2023-01-05 09:15:00+05:30 | VALIDATION PENDING     |       |
|  2 | 2023-01-05 09:15:00+05:30 | REJECTED               |       |
+----+---------------------------+------------------------+-------+

+------------------+---------------------------+----------------------------------+------+
| INST             | timestamp                 | ID                               | TT   |
|------------------+---------------------------+----------------------------------+------|
| NSE_EQ:TATAPOWER | 2023-01-06 09:15:00+05:30 | 0e14788abfe54d428ccbe107ca849ee2 | SELL |
+------------------+---------------------------+----------------------------------+------+
+----+---------------------------+------------------------+-------+
|    | TIMESTAMP                 | STATE                  | MSG   |
|----+---------------------------+------------------------+-------|
|  0 | 2023-01-06 09:15:00+05:30 | PUT ORDER REQ RECEIVED |       |
|  1 | 2023-01-06 09:15:00+05:30 | VALIDATION PENDING     |       |
|  2 | 2023-01-06 09:15:00+05:30 | REJECTED               |       |
+----+---------------------------+------------------------+-------+

+------------------+---------------------------+----------------------------------+------+
| INST             | timestamp                 | ID                               | TT   |
|------------------+---------------------------+----------------------------------+------|
| NSE_EQ:TATAPOWER | 2023-01-09 09:15:00+05:30 | 36dedd99de9c46d19f9063fc12661049 | SELL |
+------------------+---------------------------+----------------------------------+------+
+----+---------------------------+------------------------+-------+
|    | TIMESTAMP                 | STATE                  | MSG   |
|----+---------------------------+------------------------+-------|
|  0 | 2023-01-09 09:15:00+05:30 | PUT ORDER REQ RECEIVED |       |
|  1 | 2023-01-09 09:15:00+05:30 | VALIDATION PENDING     |       |
|  2 | 2023-01-09 09:15:00+05:30 | REJECTED               |       |
+----+---------------------------+------------------------+-------+

+------------------+---------------------------+----------------------------------+------+
| INST             | timestamp                 | ID                               | TT   |
|------------------+---------------------------+----------------------------------+------|
| NSE_EQ:TATAPOWER | 2023-01-10 09:15:00+05:30 | c5725d2bf4074ee586ca3e75d2b51a27 | SELL |
+------------------+---------------------------+----------------------------------+------+
+----+---------------------------+------------------------+-------+
|    | TIMESTAMP                 | STATE                  | MSG   |
|----+---------------------------+------------------------+-------|
|  0 | 2023-01-10 09:15:00+05:30 | PUT ORDER REQ RECEIVED |       |
|  1 | 2023-01-10 09:15:00+05:30 | VALIDATION PENDING     |       |
|  2 | 2023-01-10 09:15:00+05:30 | REJECTED               |       |
+----+---------------------------+------------------------+-------+

+------------------+---------------------------+----------------------------------+------+
| INST             | timestamp                 | ID                               | TT   |
|------------------+---------------------------+----------------------------------+------|
| NSE_EQ:TATAPOWER | 2023-01-11 09:15:00+05:30 | d372d2552d8a4221b5db79edf7371e44 | SELL |
+------------------+---------------------------+----------------------------------+------+
+----+---------------------------+------------------------+-------+
|    | TIMESTAMP                 | STATE                  | MSG   |
|----+---------------------------+------------------------+-------|
|  0 | 2023-01-11 09:15:00+05:30 | PUT ORDER REQ RECEIVED |       |
|  1 | 2023-01-11 09:15:00+05:30 | VALIDATION PENDING     |       |
|  2 | 2023-01-11 09:15:00+05:30 | REJECTED               |       |
+----+---------------------------+------------------------+-------+

+------------------+---------------------------+----------------------------------+------+
| INST             | timestamp                 | ID                               | TT   |
|------------------+---------------------------+----------------------------------+------|
| NSE_EQ:TATAPOWER | 2023-01-12 09:15:00+05:30 | 32166b950eb3407aa45c544f5b698c96 | SELL |
+------------------+---------------------------+----------------------------------+------+
+----+---------------------------+------------------------+-------+
|    | TIMESTAMP                 | STATE                  | MSG   |
|----+---------------------------+------------------------+-------|
|  0 | 2023-01-12 09:15:00+05:30 | PUT ORDER REQ RECEIVED |       |
|  1 | 2023-01-12 09:15:00+05:30 | VALIDATION PENDING     |       |
|  2 | 2023-01-12 09:15:00+05:30 | REJECTED               |       |
+----+---------------------------+------------------------+-------+

+------------------+---------------------------+----------------------------------+------+
| INST             | timestamp                 | ID                               | TT   |
|------------------+---------------------------+----------------------------------+------|
| NSE_EQ:TATAPOWER | 2023-01-13 09:15:00+05:30 | 3af24b3503ee46768a8bcd93ffdb4fe2 | SELL |
+------------------+---------------------------+----------------------------------+------+
+----+---------------------------+------------------------+-------+
|    | TIMESTAMP                 | STATE                  | MSG   |
|----+---------------------------+------------------------+-------|
|  0 | 2023-01-13 09:15:00+05:30 | PUT ORDER REQ RECEIVED |       |
|  1 | 2023-01-13 09:15:00+05:30 | VALIDATION PENDING     |       |
|  2 | 2023-01-13 09:15:00+05:30 | REJECTED               |       |
+----+---------------------------+------------------------+-------+

+------------------+---------------------------+----------------------------------+------+
| INST             | timestamp                 | ID                               | TT   |
|------------------+---------------------------+----------------------------------+------|
| NSE_EQ:TATAPOWER | 2023-01-16 09:15:00+05:30 | ad5850e4d10c43e7aba8c289fa246783 | SELL |
+------------------+---------------------------+----------------------------------+------+
+----+---------------------------+------------------------+-------+
|    | TIMESTAMP                 | STATE                  | MSG   |
|----+---------------------------+------------------------+-------|
|  0 | 2023-01-16 09:15:00+05:30 | PUT ORDER REQ RECEIVED |       |
|  1 | 2023-01-16 09:15:00+05:30 | VALIDATION PENDING     |       |
|  2 | 2023-01-16 09:15:00+05:30 | REJECTED               |       |
+----+---------------------------+------------------------+-------+

+------------------+---------------------------+----------------------------------+------+
| INST             | timestamp                 | ID                               | TT   |
|------------------+---------------------------+----------------------------------+------|
| NSE_EQ:TATAPOWER | 2023-01-17 09:15:00+05:30 | b83f914fbbdb42fa876b2794187a201f | SELL |
+------------------+---------------------------+----------------------------------+------+
+----+---------------------------+------------------------+-------+
|    | TIMESTAMP                 | STATE                  | MSG   |
|----+---------------------------+------------------------+-------|
|  0 | 2023-01-17 09:15:00+05:30 | PUT ORDER REQ RECEIVED |       |
|  1 | 2023-01-17 09:15:00+05:30 | VALIDATION PENDING     |       |
|  2 | 2023-01-17 09:15:00+05:30 | REJECTED               |       |
+----+---------------------------+------------------------+-------+

+------------------+---------------------------+----------------------------------+------+
| INST             | timestamp                 | ID                               | TT   |
|------------------+---------------------------+----------------------------------+------|
| NSE_EQ:TATAPOWER | 2023-01-18 09:15:00+05:30 | 0b669a7b19714798afefc3da26766631 | SELL |
+------------------+---------------------------+----------------------------------+------+
+----+---------------------------+------------------------+-------+
|    | TIMESTAMP                 | STATE                  | MSG   |
|----+---------------------------+------------------------+-------|
|  0 | 2023-01-18 09:15:00+05:30 | PUT ORDER REQ RECEIVED |       |
|  1 | 2023-01-18 09:15:00+05:30 | VALIDATION PENDING     |       |
|  2 | 2023-01-18 09:15:00+05:30 | REJECTED               |       |
+----+---------------------------+------------------------+-------+

+------------------+---------------------------+----------------------------------+------+
| INST             | timestamp                 | ID                               | TT   |
|------------------+---------------------------+----------------------------------+------|
| NSE_EQ:TATAPOWER | 2023-01-19 09:15:00+05:30 | 0ed7639287024be599a6c1a19e6dca81 | SELL |
+------------------+---------------------------+----------------------------------+------+
+----+---------------------------+------------------------+-------+
|    | TIMESTAMP                 | STATE                  | MSG   |
|----+---------------------------+------------------------+-------|
|  0 | 2023-01-19 09:15:00+05:30 | PUT ORDER REQ RECEIVED |       |
|  1 | 2023-01-19 09:15:00+05:30 | VALIDATION PENDING     |       |
|  2 | 2023-01-19 09:15:00+05:30 | REJECTED               |       |
+----+---------------------------+------------------------+-------+

+------------------+---------------------------+----------------------------------+------+
| INST             | timestamp                 | ID                               | TT   |
|------------------+---------------------------+----------------------------------+------|
| NSE_EQ:TATAPOWER | 2023-01-20 09:15:00+05:30 | eba22e691d91439bb2b10a91077b1e73 | SELL |
+------------------+---------------------------+----------------------------------+------+
+----+---------------------------+------------------------+-------+
|    | TIMESTAMP                 | STATE                  | MSG   |
|----+---------------------------+------------------------+-------|
|  0 | 2023-01-20 09:15:00+05:30 | PUT ORDER REQ RECEIVED |       |
|  1 | 2023-01-20 09:15:00+05:30 | VALIDATION PENDING     |       |
|  2 | 2023-01-20 09:15:00+05:30 | REJECTED               |       |
+----+---------------------------+------------------------+-------+

+------------------+---------------------------+----------------------------------+------+
| INST             | timestamp                 | ID                               | TT   |
|------------------+---------------------------+----------------------------------+------|
| NSE_EQ:TATAPOWER | 2023-01-23 09:15:00+05:30 | eeeb29645ea543f7ac5f9a7ba977e20c | SELL |
+------------------+---------------------------+----------------------------------+------+
+----+---------------------------+------------------------+-------+
|    | TIMESTAMP                 | STATE                  | MSG   |
|----+---------------------------+------------------------+-------|
|  0 | 2023-01-23 09:15:00+05:30 | PUT ORDER REQ RECEIVED |       |
|  1 | 2023-01-23 09:15:00+05:30 | VALIDATION PENDING     |       |
|  2 | 2023-01-23 09:15:00+05:30 | REJECTED               |       |
+----+---------------------------+------------------------+-------+

+------------------+---------------------------+----------------------------------+------+
| INST             | timestamp                 | ID                               | TT   |
|------------------+---------------------------+----------------------------------+------|
| NSE_EQ:TATAPOWER | 2023-01-24 09:15:00+05:30 | d058d46a4ec5476288a3e9d638ee629a | SELL |
+------------------+---------------------------+----------------------------------+------+
+----+---------------------------+------------------------+-------+
|    | TIMESTAMP                 | STATE                  | MSG   |
|----+---------------------------+------------------------+-------|
|  0 | 2023-01-24 09:15:00+05:30 | PUT ORDER REQ RECEIVED |       |
|  1 | 2023-01-24 09:15:00+05:30 | VALIDATION PENDING     |       |
|  2 | 2023-01-24 09:15:00+05:30 | REJECTED               |       |
+----+---------------------------+------------------------+-------+

+------------------+---------------------------+----------------------------------+------+
| INST             | timestamp                 | ID                               | TT   |
|------------------+---------------------------+----------------------------------+------|
| NSE_EQ:TATAPOWER | 2023-01-25 09:15:00+05:30 | 0a0000214d964bd7ad00765d4ddbed8a | SELL |
+------------------+---------------------------+----------------------------------+------+
+----+---------------------------+------------------------+-------+
|    | TIMESTAMP                 | STATE                  | MSG   |
|----+---------------------------+------------------------+-------|
|  0 | 2023-01-25 09:15:00+05:30 | PUT ORDER REQ RECEIVED |       |
|  1 | 2023-01-25 09:15:00+05:30 | VALIDATION PENDING     |       |
|  2 | 2023-01-25 09:15:00+05:30 | REJECTED               |       |
+----+---------------------------+------------------------+-------+

+------------------+---------------------------+----------------------------------+------+
| INST             | timestamp                 | ID                               | TT   |
|------------------+---------------------------+----------------------------------+------|
| NSE_EQ:TATAPOWER | 2023-01-27 09:15:00+05:30 | ed75398464d34ce4a671d59d019b6d20 | BUY  |
+------------------+---------------------------+----------------------------------+------+
+----+---------------------------+------------------------+-------+
|    | TIMESTAMP                 | STATE                  | MSG   |
|----+---------------------------+------------------------+-------|
|  0 | 2023-01-27 09:15:00+05:30 | PUT ORDER REQ RECEIVED |       |
|  1 | 2023-01-27 09:15:00+05:30 | VALIDATION PENDING     |       |
|  2 | 2023-01-27 09:15:00+05:30 | OPEN PENDING           |       |
|  3 | 2023-01-27 09:15:00+05:30 | OPEN                   |       |
|  4 | 2023-01-27 09:15:00+05:30 | COMPLETE               |       |
+----+---------------------------+------------------------+-------+

+------------------+---------------------------+----------------------------------+------+
| INST             | timestamp                 | ID                               | TT   |
|------------------+---------------------------+----------------------------------+------|
| NSE_EQ:TATAPOWER | 2023-01-30 09:15:00+05:30 | 04f1a848ef7147cca4c460b145684686 | BUY  |
+------------------+---------------------------+----------------------------------+------+
+----+---------------------------+------------------------+-------+
|    | TIMESTAMP                 | STATE                  | MSG   |
|----+---------------------------+------------------------+-------|
|  0 | 2023-01-30 09:15:00+05:30 | PUT ORDER REQ RECEIVED |       |
|  1 | 2023-01-30 09:15:00+05:30 | COMPLETE               |       |
+----+---------------------------+------------------------+-------+

+------------------+---------------------------+----------------------------------+------+
| INST             | timestamp                 | ID                               | TT   |
|------------------+---------------------------+----------------------------------+------|
| NSE_EQ:TATAPOWER | 2023-01-30 09:15:00+05:30 | 4bb7eb404e454e77acc3396d5e621653 | SELL |
+------------------+---------------------------+----------------------------------+------+
+----+---------------------------+------------------------+-------+
|    | TIMESTAMP                 | STATE                  | MSG   |
|----+---------------------------+------------------------+-------|
|  0 | 2023-01-30 09:15:00+05:30 | PUT ORDER REQ RECEIVED |       |
|  1 | 2023-01-30 09:15:00+05:30 | VALIDATION PENDING     |       |
|  2 | 2023-01-30 09:15:00+05:30 | OPEN PENDING           |       |
|  3 | 2023-01-30 09:15:00+05:30 | OPEN                   |       |
|  4 | 2023-01-30 09:15:00+05:30 | COMPLETE               |       |
+----+---------------------------+------------------------+-------+

+------------------+---------------------------+----------------------------------+------+
| INST             | timestamp                 | ID                               | TT   |
|------------------+---------------------------+----------------------------------+------|
| NSE_EQ:TATAPOWER | 2023-01-30 09:15:00+05:30 | ac32d91ac0e34734b8839c36c774769f | BUY  |
+------------------+---------------------------+----------------------------------+------+
+----+---------------------------+------------------------+-------+
|    | TIMESTAMP                 | STATE                  | MSG   |
|----+---------------------------+------------------------+-------|
|  0 | 2023-01-30 09:15:00+05:30 | PUT ORDER REQ RECEIVED |       |
|  1 | 2023-01-30 09:15:00+05:30 | VALIDATION PENDING     |       |
|  2 | 2023-01-30 09:15:00+05:30 | OPEN PENDING           |       |
|  3 | 2023-01-30 09:15:00+05:30 | OPEN                   |       |
|  4 | 2023-01-30 09:15:00+05:30 | COMPLETE               |       |
+----+---------------------------+------------------------+-------+

+------------------+---------------------------+----------------------------------+------+
| INST             | timestamp                 | ID                               | TT   |
|------------------+---------------------------+----------------------------------+------|
| NSE_EQ:TATAPOWER | 2023-01-31 09:15:00+05:30 | 7db6a90979544c488e05569a1b36824e | BUY  |
+------------------+---------------------------+----------------------------------+------+
+----+---------------------------+------------------------+-------+
|    | TIMESTAMP                 | STATE                  | MSG   |
|----+---------------------------+------------------------+-------|
|  0 | 2023-01-31 09:15:00+05:30 | PUT ORDER REQ RECEIVED |       |
|  1 | 2023-01-31 09:15:00+05:30 | COMPLETE               |       |
+----+---------------------------+------------------------+-------+

+------------------+---------------------------+----------------------------------+------+
| INST             | timestamp                 | ID                               | TT   |
|------------------+---------------------------+----------------------------------+------|
| NSE_EQ:TATAPOWER | 2023-01-31 09:15:00+05:30 | 90ba724147d14d21b9b99a3eecdc9ce2 | SELL |
+------------------+---------------------------+----------------------------------+------+
+----+---------------------------+------------------------+-------+
|    | TIMESTAMP                 | STATE                  | MSG   |
|----+---------------------------+------------------------+-------|
|  0 | 2023-01-31 09:15:00+05:30 | PUT ORDER REQ RECEIVED |       |
|  1 | 2023-01-31 09:15:00+05:30 | VALIDATION PENDING     |       |
|  2 | 2023-01-31 09:15:00+05:30 | OPEN PENDING           |       |
|  3 | 2023-01-31 09:15:00+05:30 | OPEN                   |       |
|  4 | 2023-01-31 09:15:00+05:30 | COMPLETE               |       |
+----+---------------------------+------------------------+-------+

+------------------+---------------------------+----------------------------------+------+
| INST             | timestamp                 | ID                               | TT   |
|------------------+---------------------------+----------------------------------+------|
| NSE_EQ:TATAPOWER | 2023-01-31 09:15:00+05:30 | d554a0cf7c6143068103ccc1b52a5c48 | BUY  |
+------------------+---------------------------+----------------------------------+------+
+----+---------------------------+------------------------+-------+
|    | TIMESTAMP                 | STATE                  | MSG   |
|----+---------------------------+------------------------+-------|
|  0 | 2023-01-31 09:15:00+05:30 | PUT ORDER REQ RECEIVED |       |
|  1 | 2023-01-31 09:15:00+05:30 | VALIDATION PENDING     |       |
|  2 | 2023-01-31 09:15:00+05:30 | OPEN PENDING           |       |
|  3 | 2023-01-31 09:15:00+05:30 | OPEN                   |       |
|  4 | 2023-01-31 09:15:00+05:30 | COMPLETE               |       |
+----+---------------------------+------------------------+-------+

+------------------+---------------------------+----------------------------------+------+
| INST             | timestamp                 | ID                               | TT   |
|------------------+---------------------------+----------------------------------+------|
| NSE_EQ:TATAPOWER | 2023-02-01 09:15:00+05:30 | ce76eed58f9541fe8b6d8da80fabcce2 | BUY  |
+------------------+---------------------------+----------------------------------+------+
+----+---------------------------+------------------------+-------+
|    | TIMESTAMP                 | STATE                  | MSG   |
|----+---------------------------+------------------------+-------|
|  0 | 2023-02-01 09:15:00+05:30 | PUT ORDER REQ RECEIVED |       |
|  1 | 2023-02-01 09:15:00+05:30 | COMPLETE               |       |
+----+---------------------------+------------------------+-------+

+------------------+---------------------------+----------------------------------+------+
| INST             | timestamp                 | ID                               | TT   |
|------------------+---------------------------+----------------------------------+------|
| NSE_EQ:TATAPOWER | 2023-02-01 09:15:00+05:30 | 209669d412f44731b98e87b257fef3eb | SELL |
+------------------+---------------------------+----------------------------------+------+
+----+---------------------------+------------------------+-------+
|    | TIMESTAMP                 | STATE                  | MSG   |
|----+---------------------------+------------------------+-------|
|  0 | 2023-02-01 09:15:00+05:30 | PUT ORDER REQ RECEIVED |       |
|  1 | 2023-02-01 09:15:00+05:30 | VALIDATION PENDING     |       |
|  2 | 2023-02-01 09:15:00+05:30 | OPEN PENDING           |       |
|  3 | 2023-02-01 09:15:00+05:30 | OPEN                   |       |
|  4 | 2023-02-01 09:15:00+05:30 | COMPLETE               |       |
+----+---------------------------+------------------------+-------+

+------------------+---------------------------+----------------------------------+------+
| INST             | timestamp                 | ID                               | TT   |
|------------------+---------------------------+----------------------------------+------|
| NSE_EQ:TATAPOWER | 2023-02-01 09:15:00+05:30 | bd76a0eb86414448bebc01097c8067ef | BUY  |
+------------------+---------------------------+----------------------------------+------+
+----+---------------------------+------------------------+-------+
|    | TIMESTAMP                 | STATE                  | MSG   |
|----+---------------------------+------------------------+-------|
|  0 | 2023-02-01 09:15:00+05:30 | PUT ORDER REQ RECEIVED |       |
|  1 | 2023-02-01 09:15:00+05:30 | VALIDATION PENDING     |       |
|  2 | 2023-02-01 09:15:00+05:30 | OPEN PENDING           |       |
|  3 | 2023-02-01 09:15:00+05:30 | OPEN                   |       |
|  4 | 2023-02-01 09:15:00+05:30 | COMPLETE               |       |
+----+---------------------------+------------------------+-------+

+------------------+---------------------------+----------------------------------+------+
| INST             | timestamp                 | ID                               | TT   |
|------------------+---------------------------+----------------------------------+------|
| NSE_EQ:TATAPOWER | 2023-02-02 09:15:00+05:30 | e7bec39417b44b2baa314f96118d07a9 | BUY  |
+------------------+---------------------------+----------------------------------+------+
+----+---------------------------+------------------------+-------+
|    | TIMESTAMP                 | STATE                  | MSG   |
|----+---------------------------+------------------------+-------|
|  0 | 2023-02-02 09:15:00+05:30 | PUT ORDER REQ RECEIVED |       |
|  1 | 2023-02-02 09:15:00+05:30 | COMPLETE               |       |
+----+---------------------------+------------------------+-------+

+------------------+---------------------------+----------------------------------+------+
| INST             | timestamp                 | ID                               | TT   |
|------------------+---------------------------+----------------------------------+------|
| NSE_EQ:TATAPOWER | 2023-02-02 09:15:00+05:30 | f024cc408c8f4acd8ef7b758b1459f00 | SELL |
+------------------+---------------------------+----------------------------------+------+
+----+---------------------------+------------------------+-------+
|    | TIMESTAMP                 | STATE                  | MSG   |
|----+---------------------------+------------------------+-------|
|  0 | 2023-02-02 09:15:00+05:30 | PUT ORDER REQ RECEIVED |       |
|  1 | 2023-02-02 09:15:00+05:30 | VALIDATION PENDING     |       |
|  2 | 2023-02-02 09:15:00+05:30 | OPEN PENDING           |       |
|  3 | 2023-02-02 09:15:00+05:30 | OPEN                   |       |
|  4 | 2023-02-02 09:15:00+05:30 | COMPLETE               |       |
+----+---------------------------+------------------------+-------+

+------------------+---------------------------+----------------------------------+------+
| INST             | timestamp                 | ID                               | TT   |
|------------------+---------------------------+----------------------------------+------|
| NSE_EQ:TATAPOWER | 2023-02-02 09:15:00+05:30 | 448321fc22ae48d9a2039b3a2010b23d | BUY  |
+------------------+---------------------------+----------------------------------+------+
+----+---------------------------+------------------------+-------+
|    | TIMESTAMP                 | STATE                  | MSG   |
|----+---------------------------+------------------------+-------|
|  0 | 2023-02-02 09:15:00+05:30 | PUT ORDER REQ RECEIVED |       |
|  1 | 2023-02-02 09:15:00+05:30 | VALIDATION PENDING     |       |
|  2 | 2023-02-02 09:15:00+05:30 | OPEN PENDING           |       |
|  3 | 2023-02-02 09:15:00+05:30 | OPEN                   |       |
|  4 | 2023-02-02 09:15:00+05:30 | COMPLETE               |       |
+----+---------------------------+------------------------+-------+

+------------------+---------------------------+----------------------------------+------+
| INST             | timestamp                 | ID                               | TT   |
|------------------+---------------------------+----------------------------------+------|
| NSE_EQ:TATAPOWER | 2023-02-03 09:15:00+05:30 | 3d887eb2d8a549119c87a2b94b589b1c | BUY  |
+------------------+---------------------------+----------------------------------+------+
+----+---------------------------+------------------------+-------+
|    | TIMESTAMP                 | STATE                  | MSG   |
|----+---------------------------+------------------------+-------|
|  0 | 2023-02-03 09:15:00+05:30 | PUT ORDER REQ RECEIVED |       |
|  1 | 2023-02-03 09:15:00+05:30 | COMPLETE               |       |
+----+---------------------------+------------------------+-------+

+------------------+---------------------------+----------------------------------+------+
| INST             | timestamp                 | ID                               | TT   |
|------------------+---------------------------+----------------------------------+------|
| NSE_EQ:TATAPOWER | 2023-02-03 09:15:00+05:30 | c388a47e0b08434998d5c4edc5c528c5 | SELL |
+------------------+---------------------------+----------------------------------+------+
+----+---------------------------+------------------------+-------+
|    | TIMESTAMP                 | STATE                  | MSG   |
|----+---------------------------+------------------------+-------|
|  0 | 2023-02-03 09:15:00+05:30 | PUT ORDER REQ RECEIVED |       |
|  1 | 2023-02-03 09:15:00+05:30 | VALIDATION PENDING     |       |
|  2 | 2023-02-03 09:15:00+05:30 | OPEN PENDING           |       |
|  3 | 2023-02-03 09:15:00+05:30 | OPEN                   |       |
|  4 | 2023-02-03 09:15:00+05:30 | COMPLETE               |       |
+----+---------------------------+------------------------+-------+

+------------------+---------------------------+----------------------------------+------+
| INST             | timestamp                 | ID                               | TT   |
|------------------+---------------------------+----------------------------------+------|
| NSE_EQ:TATAPOWER | 2023-02-03 09:15:00+05:30 | d002ad96f6f341acbc5bedf40112b292 | BUY  |
+------------------+---------------------------+----------------------------------+------+
+----+---------------------------+------------------------+-------+
|    | TIMESTAMP                 | STATE                  | MSG   |
|----+---------------------------+------------------------+-------|
|  0 | 2023-02-03 09:15:00+05:30 | PUT ORDER REQ RECEIVED |       |
|  1 | 2023-02-03 09:15:00+05:30 | VALIDATION PENDING     |       |
|  2 | 2023-02-03 09:15:00+05:30 | OPEN PENDING           |       |
|  3 | 2023-02-03 09:15:00+05:30 | OPEN                   |       |
|  4 | 2023-02-03 09:15:00+05:30 | COMPLETE               |       |
+----+---------------------------+------------------------+-------+

+------------------+---------------------------+----------------------------------+------+
| INST             | timestamp                 | ID                               | TT   |
|------------------+---------------------------+----------------------------------+------|
| NSE_EQ:TATAPOWER | 2023-02-06 09:15:00+05:30 | d46affcfe3ec403983716b40b835d799 | BUY  |
+------------------+---------------------------+----------------------------------+------+
+----+---------------------------+------------------------+-------+
|    | TIMESTAMP                 | STATE                  | MSG   |
|----+---------------------------+------------------------+-------|
|  0 | 2023-02-06 09:15:00+05:30 | PUT ORDER REQ RECEIVED |       |
|  1 | 2023-02-06 09:15:00+05:30 | COMPLETE               |       |
+----+---------------------------+------------------------+-------+

+------------------+---------------------------+----------------------------------+------+
| INST             | timestamp                 | ID                               | TT   |
|------------------+---------------------------+----------------------------------+------|
| NSE_EQ:TATAPOWER | 2023-02-06 09:15:00+05:30 | c46985de5c594c1a95efc9ffab5ab668 | SELL |
+------------------+---------------------------+----------------------------------+------+
+----+---------------------------+------------------------+-------+
|    | TIMESTAMP                 | STATE                  | MSG   |
|----+---------------------------+------------------------+-------|
|  0 | 2023-02-06 09:15:00+05:30 | PUT ORDER REQ RECEIVED |       |
|  1 | 2023-02-06 09:15:00+05:30 | VALIDATION PENDING     |       |
|  2 | 2023-02-06 09:15:00+05:30 | OPEN PENDING           |       |
|  3 | 2023-02-06 09:15:00+05:30 | OPEN                   |       |
|  4 | 2023-02-06 09:15:00+05:30 | COMPLETE               |       |
+----+---------------------------+------------------------+-------+

+------------------+---------------------------+----------------------------------+------+
| INST             | timestamp                 | ID                               | TT   |
|------------------+---------------------------+----------------------------------+------|
| NSE_EQ:TATAPOWER | 2023-02-06 09:15:00+05:30 | 6de29c6e1aa6433d931651b6e8aa5636 | BUY  |
+------------------+---------------------------+----------------------------------+------+
+----+---------------------------+------------------------+-------+
|    | TIMESTAMP                 | STATE                  | MSG   |
|----+---------------------------+------------------------+-------|
|  0 | 2023-02-06 09:15:00+05:30 | PUT ORDER REQ RECEIVED |       |
|  1 | 2023-02-06 09:15:00+05:30 | VALIDATION PENDING     |       |
|  2 | 2023-02-06 09:15:00+05:30 | OPEN PENDING           |       |
|  3 | 2023-02-06 09:15:00+05:30 | OPEN                   |       |
|  4 | 2023-02-06 09:15:00+05:30 | COMPLETE               |       |
+----+---------------------------+------------------------+-------+

+------------------+---------------------------+----------------------------------+------+
| INST             | timestamp                 | ID                               | TT   |
|------------------+---------------------------+----------------------------------+------|
| NSE_EQ:TATAPOWER | 2023-02-07 09:15:00+05:30 | 1eec078d843741d58517b34a44c6a524 | BUY  |
+------------------+---------------------------+----------------------------------+------+
+----+---------------------------+------------------------+-------+
|    | TIMESTAMP                 | STATE                  | MSG   |
|----+---------------------------+------------------------+-------|
|  0 | 2023-02-07 09:15:00+05:30 | PUT ORDER REQ RECEIVED |       |
|  1 | 2023-02-07 09:15:00+05:30 | COMPLETE               |       |
+----+---------------------------+------------------------+-------+

+------------------+---------------------------+----------------------------------+------+
| INST             | timestamp                 | ID                               | TT   |
|------------------+---------------------------+----------------------------------+------|
| NSE_EQ:TATAPOWER | 2023-02-07 09:15:00+05:30 | 72bd963f303749018ca52f02a42a98ec | SELL |
+------------------+---------------------------+----------------------------------+------+
+----+---------------------------+------------------------+-------+
|    | TIMESTAMP                 | STATE                  | MSG   |
|----+---------------------------+------------------------+-------|
|  0 | 2023-02-07 09:15:00+05:30 | PUT ORDER REQ RECEIVED |       |
|  1 | 2023-02-07 09:15:00+05:30 | VALIDATION PENDING     |       |
|  2 | 2023-02-07 09:15:00+05:30 | OPEN PENDING           |       |
|  3 | 2023-02-07 09:15:00+05:30 | OPEN                   |       |
|  4 | 2023-02-07 09:15:00+05:30 | COMPLETE               |       |
+----+---------------------------+------------------------+-------+

+------------------+---------------------------+----------------------------------+------+
| INST             | timestamp                 | ID                               | TT   |
|------------------+---------------------------+----------------------------------+------|
| NSE_EQ:TATAPOWER | 2023-02-07 09:15:00+05:30 | 338557c410334bb9a929dcb6335b3635 | BUY  |
+------------------+---------------------------+----------------------------------+------+
+----+---------------------------+------------------------+-------+
|    | TIMESTAMP                 | STATE                  | MSG   |
|----+---------------------------+------------------------+-------|
|  0 | 2023-02-07 09:15:00+05:30 | PUT ORDER REQ RECEIVED |       |
|  1 | 2023-02-07 09:15:00+05:30 | VALIDATION PENDING     |       |
|  2 | 2023-02-07 09:15:00+05:30 | OPEN PENDING           |       |
|  3 | 2023-02-07 09:15:00+05:30 | OPEN                   |       |
|  4 | 2023-02-07 09:15:00+05:30 | COMPLETE               |       |
+----+---------------------------+------------------------+-------+

+------------------+---------------------------+----------------------------------+------+
| INST             | timestamp                 | ID                               | TT   |
|------------------+---------------------------+----------------------------------+------|
| NSE_EQ:TATAPOWER | 2023-02-07 15:15:00+05:30 | 99a64e3536814571a2af3e04c66c2794 | SELL |
+------------------+---------------------------+----------------------------------+------+
+----+---------------------------+------------------------+-------+
|    | TIMESTAMP                 | STATE                  | MSG   |
|----+---------------------------+------------------------+-------|
|  0 | 2023-02-07 15:15:00+05:30 | PUT ORDER REQ RECEIVED |       |
|  1 | 2023-02-07 15:15:00+05:30 | VALIDATION PENDING     |       |
|  2 | 2023-02-07 15:15:00+05:30 | OPEN PENDING           |       |
|  3 | 2023-02-07 15:15:00+05:30 | OPEN                   |       |
|  4 | 2023-02-07 15:15:00+05:30 | COMPLETE               |       |
+----+---------------------------+------------------------+-------+

+------------------+---------------------------+----------------------------------+------+
| INST             | timestamp                 | ID                               | TT   |
|------------------+---------------------------+----------------------------------+------|
| NSE_EQ:TATAPOWER | 2023-02-07 15:15:00+05:30 | 01cf41aa308845b3a5bed17d82246b2f | SELL |
+------------------+---------------------------+----------------------------------+------+
+----+---------------------------+------------------------+-------+
|    | TIMESTAMP                 | STATE                  | MSG   |
|----+---------------------------+------------------------+-------|
|  0 | 2023-02-07 15:15:00+05:30 | PUT ORDER REQ RECEIVED |       |
|  1 | 2023-02-07 15:15:00+05:30 | VALIDATION PENDING     |       |
|  2 | 2023-02-07 15:15:00+05:30 | REJECTED               |       |
+----+---------------------------+------------------------+-------+

+------------------+---------------------------+----------------------------------+------+
| INST             | timestamp                 | ID                               | TT   |
|------------------+---------------------------+----------------------------------+------|
| NSE_EQ:TATAPOWER | 2023-02-08 09:15:00+05:30 | 7edadb42dc3e427990df56d013ddb0eb | SELL |
+------------------+---------------------------+----------------------------------+------+
+----+---------------------------+------------------------+-------+
|    | TIMESTAMP                 | STATE                  | MSG   |
|----+---------------------------+------------------------+-------|
|  0 | 2023-02-08 09:15:00+05:30 | PUT ORDER REQ RECEIVED |       |
|  1 | 2023-02-08 09:15:00+05:30 | VALIDATION PENDING     |       |
|  2 | 2023-02-08 09:15:00+05:30 | REJECTED               |       |
+----+---------------------------+------------------------+-------+

+------------------+---------------------------+----------------------------------+------+
| INST             | timestamp                 | ID                               | TT   |
|------------------+---------------------------+----------------------------------+------|
| NSE_EQ:TATAPOWER | 2023-02-09 09:15:00+05:30 | 5b74ec3f24cf46548f36c6bbb23c42fe | SELL |
+------------------+---------------------------+----------------------------------+------+
+----+---------------------------+------------------------+-------+
|    | TIMESTAMP                 | STATE                  | MSG   |
|----+---------------------------+------------------------+-------|
|  0 | 2023-02-09 09:15:00+05:30 | PUT ORDER REQ RECEIVED |       |
|  1 | 2023-02-09 09:15:00+05:30 | VALIDATION PENDING     |       |
|  2 | 2023-02-09 09:15:00+05:30 | REJECTED               |       |
+----+---------------------------+------------------------+-------+

+------------------+---------------------------+----------------------------------+------+
| INST             | timestamp                 | ID                               | TT   |
|------------------+---------------------------+----------------------------------+------|
| NSE_EQ:TATAPOWER | 2023-02-10 09:15:00+05:30 | 52d0b98459854fcbac767a8a068cd867 | SELL |
+------------------+---------------------------+----------------------------------+------+
+----+---------------------------+------------------------+-------+
|    | TIMESTAMP                 | STATE                  | MSG   |
|----+---------------------------+------------------------+-------|
|  0 | 2023-02-10 09:15:00+05:30 | PUT ORDER REQ RECEIVED |       |
|  1 | 2023-02-10 09:15:00+05:30 | VALIDATION PENDING     |       |
|  2 | 2023-02-10 09:15:00+05:30 | REJECTED               |       |
+----+---------------------------+------------------------+-------+

+------------------+---------------------------+----------------------------------+------+
| INST             | timestamp                 | ID                               | TT   |
|------------------+---------------------------+----------------------------------+------|
| NSE_EQ:TATAPOWER | 2023-02-13 09:15:00+05:30 | e9b3f6ad5e624cf1bb720d3de6503b58 | SELL |
+------------------+---------------------------+----------------------------------+------+
+----+---------------------------+------------------------+-------+
|    | TIMESTAMP                 | STATE                  | MSG   |
|----+---------------------------+------------------------+-------|
|  0 | 2023-02-13 09:15:00+05:30 | PUT ORDER REQ RECEIVED |       |
|  1 | 2023-02-13 09:15:00+05:30 | VALIDATION PENDING     |       |
|  2 | 2023-02-13 09:15:00+05:30 | REJECTED               |       |
+----+---------------------------+------------------------+-------+

+------------------+---------------------------+----------------------------------+------+
| INST             | timestamp                 | ID                               | TT   |
|------------------+---------------------------+----------------------------------+------|
| NSE_EQ:TATAPOWER | 2023-02-14 09:15:00+05:30 | 3f7de7bd52544a648db1e61097ea88c0 | SELL |
+------------------+---------------------------+----------------------------------+------+
+----+---------------------------+------------------------+-------+
|    | TIMESTAMP                 | STATE                  | MSG   |
|----+---------------------------+------------------------+-------|
|  0 | 2023-02-14 09:15:00+05:30 | PUT ORDER REQ RECEIVED |       |
|  1 | 2023-02-14 09:15:00+05:30 | VALIDATION PENDING     |       |
|  2 | 2023-02-14 09:15:00+05:30 | REJECTED               |       |
+----+---------------------------+------------------------+-------+

+------------------+---------------------------+----------------------------------+------+
| INST             | timestamp                 | ID                               | TT   |
|------------------+---------------------------+----------------------------------+------|
| NSE_EQ:TATAPOWER | 2023-02-15 09:15:00+05:30 | ec6590ea383b42b18d2e302464897ae0 | SELL |
+------------------+---------------------------+----------------------------------+------+
+----+---------------------------+------------------------+-------+
|    | TIMESTAMP                 | STATE                  | MSG   |
|----+---------------------------+------------------------+-------|
|  0 | 2023-02-15 09:15:00+05:30 | PUT ORDER REQ RECEIVED |       |
|  1 | 2023-02-15 09:15:00+05:30 | VALIDATION PENDING     |       |
|  2 | 2023-02-15 09:15:00+05:30 | REJECTED               |       |
+----+---------------------------+------------------------+-------+

+------------------+---------------------------+----------------------------------+------+
| INST             | timestamp                 | ID                               | TT   |
|------------------+---------------------------+----------------------------------+------|
| NSE_EQ:TATAPOWER | 2023-02-16 09:15:00+05:30 | ebab20a414b6496aa5b252d8073c7e59 | SELL |
+------------------+---------------------------+----------------------------------+------+
+----+---------------------------+------------------------+-------+
|    | TIMESTAMP                 | STATE                  | MSG   |
|----+---------------------------+------------------------+-------|
|  0 | 2023-02-16 09:15:00+05:30 | PUT ORDER REQ RECEIVED |       |
|  1 | 2023-02-16 09:15:00+05:30 | VALIDATION PENDING     |       |
|  2 | 2023-02-16 09:15:00+05:30 | REJECTED               |       |
+----+---------------------------+------------------------+-------+

+------------------+---------------------------+----------------------------------+------+
| INST             | timestamp                 | ID                               | TT   |
|------------------+---------------------------+----------------------------------+------|
| NSE_EQ:TATAPOWER | 2023-02-17 09:15:00+05:30 | ff23b6839e6549e091ab4018be720a99 | SELL |
+------------------+---------------------------+----------------------------------+------+
+----+---------------------------+------------------------+-------+
|    | TIMESTAMP                 | STATE                  | MSG   |
|----+---------------------------+------------------------+-------|
|  0 | 2023-02-17 09:15:00+05:30 | PUT ORDER REQ RECEIVED |       |
|  1 | 2023-02-17 09:15:00+05:30 | VALIDATION PENDING     |       |
|  2 | 2023-02-17 09:15:00+05:30 | REJECTED               |       |
+----+---------------------------+------------------------+-------+

+------------------+---------------------------+----------------------------------+------+
| INST             | timestamp                 | ID                               | TT   |
|------------------+---------------------------+----------------------------------+------|
| NSE_EQ:TATAPOWER | 2023-02-20 09:15:00+05:30 | cbb27e8c6956494993f233c340fd588f | SELL |
+------------------+---------------------------+----------------------------------+------+
+----+---------------------------+------------------------+-------+
|    | TIMESTAMP                 | STATE                  | MSG   |
|----+---------------------------+------------------------+-------|
|  0 | 2023-02-20 09:15:00+05:30 | PUT ORDER REQ RECEIVED |       |
|  1 | 2023-02-20 09:15:00+05:30 | VALIDATION PENDING     |       |
|  2 | 2023-02-20 09:15:00+05:30 | REJECTED               |       |
+----+---------------------------+------------------------+-------+

+------------------+---------------------------+----------------------------------+------+
| INST             | timestamp                 | ID                               | TT   |
|------------------+---------------------------+----------------------------------+------|
| NSE_EQ:TATAPOWER | 2023-02-21 09:15:00+05:30 | abb2d3720b454ecb8338a6f8dcd500c0 | SELL |
+------------------+---------------------------+----------------------------------+------+
+----+---------------------------+------------------------+-------+
|    | TIMESTAMP                 | STATE                  | MSG   |
|----+---------------------------+------------------------+-------|
|  0 | 2023-02-21 09:15:00+05:30 | PUT ORDER REQ RECEIVED |       |
|  1 | 2023-02-21 09:15:00+05:30 | VALIDATION PENDING     |       |
|  2 | 2023-02-21 09:15:00+05:30 | REJECTED               |       |
+----+---------------------------+------------------------+-------+

+------------------+---------------------------+----------------------------------+------+
| INST             | timestamp                 | ID                               | TT   |
|------------------+---------------------------+----------------------------------+------|
| NSE_EQ:TATAPOWER | 2023-02-22 09:15:00+05:30 | a540dcf82c414adeb2ba1eebf2a1085a | BUY  |
+------------------+---------------------------+----------------------------------+------+
+----+---------------------------+------------------------+-------+
|    | TIMESTAMP                 | STATE                  | MSG   |
|----+---------------------------+------------------------+-------|
|  0 | 2023-02-22 09:15:00+05:30 | PUT ORDER REQ RECEIVED |       |
|  1 | 2023-02-22 09:15:00+05:30 | VALIDATION PENDING     |       |
|  2 | 2023-02-22 09:15:00+05:30 | OPEN PENDING           |       |
|  3 | 2023-02-22 09:15:00+05:30 | OPEN                   |       |
|  4 | 2023-02-22 09:15:00+05:30 | COMPLETE               |       |
+----+---------------------------+------------------------+-------+

+------------------+---------------------------+----------------------------------+------+
| INST             | timestamp                 | ID                               | TT   |
|------------------+---------------------------+----------------------------------+------|
| NSE_EQ:TATAPOWER | 2023-02-23 09:15:00+05:30 | c8ecce595dea44e5b4fe453a00c86a70 | BUY  |
+------------------+---------------------------+----------------------------------+------+
+----+---------------------------+------------------------+-------+
|    | TIMESTAMP                 | STATE                  | MSG   |
|----+---------------------------+------------------------+-------|
|  0 | 2023-02-23 09:15:00+05:30 | PUT ORDER REQ RECEIVED |       |
|  1 | 2023-02-23 09:15:00+05:30 | COMPLETE               |       |
+----+---------------------------+------------------------+-------+

+------------------+---------------------------+----------------------------------+------+
| INST             | timestamp                 | ID                               | TT   |
|------------------+---------------------------+----------------------------------+------|
| NSE_EQ:TATAPOWER | 2023-02-23 09:15:00+05:30 | 50a9ce3de3c8480e8cf37e574199d6de | SELL |
+------------------+---------------------------+----------------------------------+------+
+----+---------------------------+------------------------+-------+
|    | TIMESTAMP                 | STATE                  | MSG   |
|----+---------------------------+------------------------+-------|
|  0 | 2023-02-23 09:15:00+05:30 | PUT ORDER REQ RECEIVED |       |
|  1 | 2023-02-23 09:15:00+05:30 | VALIDATION PENDING     |       |
|  2 | 2023-02-23 09:15:00+05:30 | OPEN PENDING           |       |
|  3 | 2023-02-23 09:15:00+05:30 | OPEN                   |       |
|  4 | 2023-02-23 09:15:00+05:30 | COMPLETE               |       |
+----+---------------------------+------------------------+-------+

+------------------+---------------------------+----------------------------------+------+
| INST             | timestamp                 | ID                               | TT   |
|------------------+---------------------------+----------------------------------+------|
| NSE_EQ:TATAPOWER | 2023-02-23 09:15:00+05:30 | 4416a30b99b54f6f991519181fd57ab0 | BUY  |
+------------------+---------------------------+----------------------------------+------+
+----+---------------------------+------------------------+-------+
|    | TIMESTAMP                 | STATE                  | MSG   |
|----+---------------------------+------------------------+-------|
|  0 | 2023-02-23 09:15:00+05:30 | PUT ORDER REQ RECEIVED |       |
|  1 | 2023-02-23 09:15:00+05:30 | VALIDATION PENDING     |       |
|  2 | 2023-02-23 09:15:00+05:30 | OPEN PENDING           |       |
|  3 | 2023-02-23 09:15:00+05:30 | OPEN                   |       |
|  4 | 2023-02-23 09:15:00+05:30 | COMPLETE               |       |
+----+---------------------------+------------------------+-------+

+------------------+---------------------------+----------------------------------+------+
| INST             | timestamp                 | ID                               | TT   |
|------------------+---------------------------+----------------------------------+------|
| NSE_EQ:TATAPOWER | 2023-02-24 09:15:00+05:30 | 733e905bba7b4080a842e7cf2962643c | BUY  |
+------------------+---------------------------+----------------------------------+------+
+----+---------------------------+------------------------+-------+
|    | TIMESTAMP                 | STATE                  | MSG   |
|----+---------------------------+------------------------+-------|
|  0 | 2023-02-24 09:15:00+05:30 | PUT ORDER REQ RECEIVED |       |
|  1 | 2023-02-24 09:15:00+05:30 | COMPLETE               |       |
+----+---------------------------+------------------------+-------+

+------------------+---------------------------+----------------------------------+------+
| INST             | timestamp                 | ID                               | TT   |
|------------------+---------------------------+----------------------------------+------|
| NSE_EQ:TATAPOWER | 2023-02-24 09:15:00+05:30 | 026a566a39d84080b5182d0cb7655621 | SELL |
+------------------+---------------------------+----------------------------------+------+
+----+---------------------------+------------------------+-------+
|    | TIMESTAMP                 | STATE                  | MSG   |
|----+---------------------------+------------------------+-------|
|  0 | 2023-02-24 09:15:00+05:30 | PUT ORDER REQ RECEIVED |       |
|  1 | 2023-02-24 09:15:00+05:30 | VALIDATION PENDING     |       |
|  2 | 2023-02-24 09:15:00+05:30 | OPEN PENDING           |       |
|  3 | 2023-02-24 09:15:00+05:30 | OPEN                   |       |
|  4 | 2023-02-24 09:15:00+05:30 | COMPLETE               |       |
+----+---------------------------+------------------------+-------+

+------------------+---------------------------+----------------------------------+------+
| INST             | timestamp                 | ID                               | TT   |
|------------------+---------------------------+----------------------------------+------|
| NSE_EQ:TATAPOWER | 2023-02-24 09:15:00+05:30 | 5e25784753254147ad4787509ae3fb8c | BUY  |
+------------------+---------------------------+----------------------------------+------+
+----+---------------------------+------------------------+-------+
|    | TIMESTAMP                 | STATE                  | MSG   |
|----+---------------------------+------------------------+-------|
|  0 | 2023-02-24 09:15:00+05:30 | PUT ORDER REQ RECEIVED |       |
|  1 | 2023-02-24 09:15:00+05:30 | VALIDATION PENDING     |       |
|  2 | 2023-02-24 09:15:00+05:30 | OPEN PENDING           |       |
|  3 | 2023-02-24 09:15:00+05:30 | OPEN                   |       |
|  4 | 2023-02-24 09:15:00+05:30 | COMPLETE               |       |
+----+---------------------------+------------------------+-------+