

+-------------------+---------------------------+----------------------------------+------+
| INST              | timestamp                 | ID                               | TT   |
|-------------------+---------------------------+----------------------------------+------|
| NSE_EQ:HEROMOTOCO | 2023-01-02 12:15:00+05:30 | dd02e1efd5db495084be8e4f72c16af9 | SELL |
+-------------------+---------------------------+----------------------------------+------+
+----+---------------------------+------------------------+-------+
|    | TIMESTAMP                 | STATE                  | MSG   |
|----+---------------------------+------------------------+-------|
|  0 | 2023-01-02 12:15:00+05:30 | PUT ORDER REQ RECEIVED |       |
|  1 | 2023-01-02 12:15:00+05:30 | VALIDATION PENDING     |       |
|  2 | 2023-01-02 12:15:00+05:30 | OPEN PENDING           |       |
|  3 | 2023-01-02 12:15:00+05:30 | OPEN                   |       |
|  4 | 2023-01-02 12:15:00+05:30 | COMPLETE               |       |
+----+---------------------------+------------------------+-------+

+-------------------+---------------------------+----------------------------------+------+
| INST              | timestamp                 | ID                               | TT   |
|-------------------+---------------------------+----------------------------------+------|
| NSE_EQ:HEROMOTOCO | 2023-01-02 15:30:00+05:30 | c412e199f97142c7affbf26a23be909b | BUY  |
+-------------------+---------------------------+----------------------------------+------+
+----+---------------------------+------------------------+-------+
|    | TIMESTAMP                 | STATE                  | MSG   |
|----+---------------------------+------------------------+-------|
|  0 | 2023-01-02 15:30:00+05:30 | PUT ORDER REQ RECEIVED |       |
|  1 | 2023-01-02 15:30:00+05:30 | VALIDATION PENDING     |       |
|  2 | 2023-01-02 15:30:00+05:30 | OPEN PENDING           |       |
|  3 | 2023-01-02 15:30:00+05:30 | OPEN                   |       |
|  4 | 2023-01-02 15:30:00+05:30 | COMPLETE               |       |
+----+---------------------------+------------------------+-------+

+-------------------+---------------------------+----------------------------------+------+
| INST              | timestamp                 | ID                               | TT   |
|-------------------+---------------------------+----------------------------------+------|
| NSE_EQ:HEROMOTOCO | 2023-01-05 10:15:00+05:30 | 6623d39936c94fba9716e0240b6dac56 | BUY  |
+-------------------+---------------------------+----------------------------------+------+
+----+---------------------------+------------------------+-------+
|    | TIMESTAMP                 | STATE                  | MSG   |
|----+---------------------------+------------------------+-------|
|  0 | 2023-01-05 10:15:00+05:30 | PUT ORDER REQ RECEIVED |       |
|  1 | 2023-01-05 10:15:00+05:30 | VALIDATION PENDING     |       |
|  2 | 2023-01-05 10:15:00+05:30 | OPEN PENDING           |       |
|  3 | 2023-01-05 10:15:00+05:30 | OPEN                   |       |
|  4 | 2023-01-05 10:15:00+05:30 | COMPLETE               |       |
+----+---------------------------+------------------------+-------+

+-------------------+---------------------------+----------------------------------+------+
| INST              | timestamp                 | ID                               | TT   |
|-------------------+---------------------------+----------------------------------+------|
| NSE_EQ:HEROMOTOCO | 2023-01-05 13:15:00+05:30 | 7217e349adf843329f55d51844d94ab4 | SELL |
+-------------------+---------------------------+----------------------------------+------+
+----+---------------------------+------------------------+-------+
|    | TIMESTAMP                 | STATE                  | MSG   |
|----+---------------------------+------------------------+-------|
|  0 | 2023-01-05 13:15:00+05:30 | PUT ORDER REQ RECEIVED |       |
|  1 | 2023-01-05 13:15:00+05:30 | VALIDATION PENDING     |       |
|  2 | 2023-01-05 13:15:00+05:30 | OPEN PENDING           |       |
|  3 | 2023-01-05 13:15:00+05:30 | OPEN                   |       |
|  4 | 2023-01-05 13:15:00+05:30 | COMPLETE               |       |
+----+---------------------------+------------------------+-------+

+-------------------+---------------------------+----------------------------------+------+
| INST              | timestamp                 | ID                               | TT   |
|-------------------+---------------------------+----------------------------------+------|
| NSE_EQ:HEROMOTOCO | 2023-01-09 09:15:00+05:30 | 6c86375131a040b680534cde77de8a52 | SELL |
+-------------------+---------------------------+----------------------------------+------+
+----+---------------------------+------------------------+-------+
|    | TIMESTAMP                 | STATE                  | MSG   |
|----+---------------------------+------------------------+-------|
|  0 | 2023-01-09 09:15:00+05:30 | PUT ORDER REQ RECEIVED |       |
|  1 | 2023-01-09 09:15:00+05:30 | VALIDATION PENDING     |       |
|  2 | 2023-01-09 09:15:00+05:30 | OPEN PENDING           |       |
|  3 | 2023-01-09 09:15:00+05:30 | OPEN                   |       |
|  4 | 2023-01-09 09:15:00+05:30 | COMPLETE               |       |
+----+---------------------------+------------------------+-------+

+-------------------+---------------------------+----------------------------------+------+
| INST              | timestamp                 | ID                               | TT   |
|-------------------+---------------------------+----------------------------------+------|
| NSE_EQ:HEROMOTOCO | 2023-01-09 15:30:00+05:30 | 46c61dfbfa794f858270529ba98f0c30 | BUY  |
+-------------------+---------------------------+----------------------------------+------+
+----+---------------------------+------------------------+-------+
|    | TIMESTAMP                 | STATE                  | MSG   |
|----+---------------------------+------------------------+-------|
|  0 | 2023-01-09 15:30:00+05:30 | PUT ORDER REQ RECEIVED |       |
|  1 | 2023-01-09 15:30:00+05:30 | VALIDATION PENDING     |       |
|  2 | 2023-01-09 15:30:00+05:30 | OPEN PENDING           |       |
|  3 | 2023-01-09 15:30:00+05:30 | OPEN                   |       |
|  4 | 2023-01-09 15:30:00+05:30 | COMPLETE               |       |
+----+---------------------------+------------------------+-------+

+-------------------+---------------------------+----------------------------------+------+
| INST              | timestamp                 | ID                               | TT   |
|-------------------+---------------------------+----------------------------------+------|
| NSE_EQ:HEROMOTOCO | 2023-01-13 09:15:00+05:30 | e687cabbb331455daa3a5a0db5fa9714 | BUY  |
+-------------------+---------------------------+----------------------------------+------+
+----+---------------------------+------------------------+-------+
|    | TIMESTAMP                 | STATE                  | MSG   |
|----+---------------------------+------------------------+-------|
|  0 | 2023-01-13 09:15:00+05:30 | PUT ORDER REQ RECEIVED |       |
|  1 | 2023-01-13 09:15:00+05:30 | VALIDATION PENDING     |       |
|  2 | 2023-01-13 09:15:00+05:30 | OPEN PENDING           |       |
|  3 | 2023-01-13 09:15:00+05:30 | OPEN                   |       |
|  4 | 2023-01-13 09:15:00+05:30 | COMPLETE               |       |
+----+---------------------------+------------------------+-------+

+-------------------+---------------------------+----------------------------------+------+
| INST              | timestamp                 | ID                               | TT   |
|-------------------+---------------------------+----------------------------------+------|
| NSE_EQ:HEROMOTOCO | 2023-01-13 12:15:00+05:30 | afecbc6449bd4b80be7ad621f209379f | SELL |
+-------------------+---------------------------+----------------------------------+------+
+----+---------------------------+------------------------+-------+
|    | TIMESTAMP                 | STATE                  | MSG   |
|----+---------------------------+------------------------+-------|
|  0 | 2023-01-13 12:15:00+05:30 | PUT ORDER REQ RECEIVED |       |
|  1 | 2023-01-13 12:15:00+05:30 | VALIDATION PENDING     |       |
|  2 | 2023-01-13 12:15:00+05:30 | OPEN PENDING           |       |
|  3 | 2023-01-13 12:15:00+05:30 | OPEN                   |       |
|  4 | 2023-01-13 12:15:00+05:30 | COMPLETE               |       |
+----+---------------------------+------------------------+-------+

+-------------------+---------------------------+----------------------------------+------+
| INST              | timestamp                 | ID                               | TT   |
|-------------------+---------------------------+----------------------------------+------|
| NSE_EQ:HEROMOTOCO | 2023-01-18 14:15:00+05:30 | 7960516e845d412f9782d07be8427058 | SELL |
+-------------------+---------------------------+----------------------------------+------+
+----+---------------------------+------------------------+-------+
|    | TIMESTAMP                 | STATE                  | MSG   |
|----+---------------------------+------------------------+-------|
|  0 | 2023-01-18 14:15:00+05:30 | PUT ORDER REQ RECEIVED |       |
|  1 | 2023-01-18 14:15:00+05:30 | VALIDATION PENDING     |       |
|  2 | 2023-01-18 14:15:00+05:30 | OPEN PENDING           |       |
|  3 | 2023-01-18 14:15:00+05:30 | OPEN                   |       |
|  4 | 2023-01-18 14:15:00+05:30 | COMPLETE               |       |
+----+---------------------------+------------------------+-------+

+-------------------+---------------------------+----------------------------------+------+
| INST              | timestamp                 | ID                               | TT   |
|-------------------+---------------------------+----------------------------------+------|
| NSE_EQ:HEROMOTOCO | 2023-01-18 15:30:00+05:30 | 695f7a219dcc47a499553ec409d7a4fd | BUY  |
+-------------------+---------------------------+----------------------------------+------+
+----+---------------------------+------------------------+-------+
|    | TIMESTAMP                 | STATE                  | MSG   |
|----+---------------------------+------------------------+-------|
|  0 | 2023-01-18 15:30:00+05:30 | PUT ORDER REQ RECEIVED |       |
|  1 | 2023-01-18 15:30:00+05:30 | VALIDATION PENDING     |       |
|  2 | 2023-01-18 15:30:00+05:30 | OPEN PENDING           |       |
|  3 | 2023-01-18 15:30:00+05:30 | OPEN                   |       |
|  4 | 2023-01-18 15:30:00+05:30 | COMPLETE               |       |
+----+---------------------------+------------------------+-------+

+-------------------+---------------------------+----------------------------------+------+
| INST              | timestamp                 | ID                               | TT   |
|-------------------+---------------------------+----------------------------------+------|
| NSE_EQ:HEROMOTOCO | 2023-01-23 11:15:00+05:30 | ab1368ce160743cdb89a44807db0fd1d | BUY  |
+-------------------+---------------------------+----------------------------------+------+
+----+---------------------------+------------------------+-------+
|    | TIMESTAMP                 | STATE                  | MSG   |
|----+---------------------------+------------------------+-------|
|  0 | 2023-01-23 11:15:00+05:30 | PUT ORDER REQ RECEIVED |       |
|  1 | 2023-01-23 11:15:00+05:30 | VALIDATION PENDING     |       |
|  2 | 2023-01-23 11:15:00+05:30 | OPEN PENDING           |       |
|  3 | 2023-01-23 11:15:00+05:30 | OPEN                   |       |
|  4 | 2023-01-23 11:15:00+05:30 | COMPLETE               |       |
+----+---------------------------+------------------------+-------+

+-------------------+---------------------------+----------------------------------+------+
| INST              | timestamp                 | ID                               | TT   |
|-------------------+---------------------------+----------------------------------+------|
| NSE_EQ:HEROMOTOCO | 2023-01-23 15:30:00+05:30 | ed4a542410f245578e64e0dc598dcfe9 | SELL |
+-------------------+---------------------------+----------------------------------+------+
+----+---------------------------+------------------------+-------+
|    | TIMESTAMP                 | STATE                  | MSG   |
|----+---------------------------+------------------------+-------|
|  0 | 2023-01-23 15:30:00+05:30 | PUT ORDER REQ RECEIVED |       |
|  1 | 2023-01-23 15:30:00+05:30 | VALIDATION PENDING     |       |
|  2 | 2023-01-23 15:30:00+05:30 | OPEN PENDING           |       |
|  3 | 2023-01-23 15:30:00+05:30 | OPEN                   |       |
|  4 | 2023-01-23 15:30:00+05:30 | COMPLETE               |       |
+----+---------------------------+------------------------+-------+

+-------------------+---------------------------+----------------------------------+------+
| INST              | timestamp                 | ID                               | TT   |
|-------------------+---------------------------+----------------------------------+------|
| NSE_EQ:HEROMOTOCO | 2023-01-24 11:15:00+05:30 | 591203b4ae8e4bc28fc3400c7729f31b | SELL |
+-------------------+---------------------------+----------------------------------+------+
+----+---------------------------+------------------------+-------+
|    | TIMESTAMP                 | STATE                  | MSG   |
|----+---------------------------+------------------------+-------|
|  0 | 2023-01-24 11:15:00+05:30 | PUT ORDER REQ RECEIVED |       |
|  1 | 2023-01-24 11:15:00+05:30 | VALIDATION PENDING     |       |
|  2 | 2023-01-24 11:15:00+05:30 | OPEN PENDING           |       |
|  3 | 2023-01-24 11:15:00+05:30 | OPEN                   |       |
|  4 | 2023-01-24 11:15:00+05:30 | COMPLETE               |       |
+----+---------------------------+------------------------+-------+

+-------------------+---------------------------+----------------------------------+------+
| INST              | timestamp                 | ID                               | TT   |
|-------------------+---------------------------+----------------------------------+------|
| NSE_EQ:HEROMOTOCO | 2023-01-24 15:30:00+05:30 | a9c39c7985954b1cb1ec480248eb5cea | BUY  |
+-------------------+---------------------------+----------------------------------+------+
+----+---------------------------+------------------------+-------+
|    | TIMESTAMP                 | STATE                  | MSG   |
|----+---------------------------+------------------------+-------|
|  0 | 2023-01-24 15:30:00+05:30 | PUT ORDER REQ RECEIVED |       |
|  1 | 2023-01-24 15:30:00+05:30 | VALIDATION PENDING     |       |
|  2 | 2023-01-24 15:30:00+05:30 | OPEN PENDING           |       |
|  3 | 2023-01-24 15:30:00+05:30 | OPEN                   |       |
|  4 | 2023-01-24 15:30:00+05:30 | COMPLETE               |       |
+----+---------------------------+------------------------+-------+

+-------------------+---------------------------+----------------------------------+------+
| INST              | timestamp                 | ID                               | TT   |
|-------------------+---------------------------+----------------------------------+------|
| NSE_EQ:HEROMOTOCO | 2023-01-25 14:15:00+05:30 | 14acb3b4e9004c9599a5e7d0f9cb209d | BUY  |
+-------------------+---------------------------+----------------------------------+------+
+----+---------------------------+------------------------+-------+
|    | TIMESTAMP                 | STATE                  | MSG   |
|----+---------------------------+------------------------+-------|
|  0 | 2023-01-25 14:15:00+05:30 | PUT ORDER REQ RECEIVED |       |
|  1 | 2023-01-25 14:15:00+05:30 | VALIDATION PENDING     |       |
|  2 | 2023-01-25 14:15:00+05:30 | OPEN PENDING           |       |
|  3 | 2023-01-25 14:15:00+05:30 | OPEN                   |       |
|  4 | 2023-01-25 14:15:00+05:30 | COMPLETE               |       |
+----+---------------------------+------------------------+-------+

+-------------------+---------------------------+----------------------------------+------+
| INST              | timestamp                 | ID                               | TT   |
|-------------------+---------------------------+----------------------------------+------|
| NSE_EQ:HEROMOTOCO | 2023-01-25 15:30:00+05:30 | 8665e4d02daa40ea8c2eaf9df7994202 | SELL |
+-------------------+---------------------------+----------------------------------+------+
+----+---------------------------+------------------------+-------+
|    | TIMESTAMP                 | STATE                  | MSG   |
|----+---------------------------+------------------------+-------|
|  0 | 2023-01-25 15:30:00+05:30 | PUT ORDER REQ RECEIVED |       |
|  1 | 2023-01-25 15:30:00+05:30 | VALIDATION PENDING     |       |
|  2 | 2023-01-25 15:30:00+05:30 | OPEN PENDING           |       |
|  3 | 2023-01-25 15:30:00+05:30 | OPEN                   |       |
|  4 | 2023-01-25 15:30:00+05:30 | COMPLETE               |       |
+----+---------------------------+------------------------+-------+

+-------------------+---------------------------+----------------------------------+------+
| INST              | timestamp                 | ID                               | TT   |
|-------------------+---------------------------+----------------------------------+------|
| NSE_EQ:HEROMOTOCO | 2023-01-31 14:15:00+05:30 | 96c5ee5bca0f4dee865eaf9a46f781b4 | BUY  |
+-------------------+---------------------------+----------------------------------+------+
+----+---------------------------+------------------------+-------+
|    | TIMESTAMP                 | STATE                  | MSG   |
|----+---------------------------+------------------------+-------|
|  0 | 2023-01-31 14:15:00+05:30 | PUT ORDER REQ RECEIVED |       |
|  1 | 2023-01-31 14:15:00+05:30 | VALIDATION PENDING     |       |
|  2 | 2023-01-31 14:15:00+05:30 | OPEN PENDING           |       |
|  3 | 2023-01-31 14:15:00+05:30 | OPEN                   |       |
|  4 | 2023-01-31 14:15:00+05:30 | COMPLETE               |       |
+----+---------------------------+------------------------+-------+

+-------------------+---------------------------+----------------------------------+------+
| INST              | timestamp                 | ID                               | TT   |
|-------------------+---------------------------+----------------------------------+------|
| NSE_EQ:HEROMOTOCO | 2023-01-31 15:30:00+05:30 | 765b339dc2ba48ff8e79d3b263325f70 | SELL |
+-------------------+---------------------------+----------------------------------+------+
+----+---------------------------+------------------------+-------+
|    | TIMESTAMP                 | STATE                  | MSG   |
|----+---------------------------+------------------------+-------|
|  0 | 2023-01-31 15:30:00+05:30 | PUT ORDER REQ RECEIVED |       |
|  1 | 2023-01-31 15:30:00+05:30 | VALIDATION PENDING     |       |
|  2 | 2023-01-31 15:30:00+05:30 | OPEN PENDING           |       |
|  3 | 2023-01-31 15:30:00+05:30 | OPEN                   |       |
|  4 | 2023-01-31 15:30:00+05:30 | COMPLETE               |       |
+----+---------------------------+------------------------+-------+

+-------------------+---------------------------+----------------------------------+------+
| INST              | timestamp                 | ID                               | TT   |
|-------------------+---------------------------+----------------------------------+------|
| NSE_EQ:HEROMOTOCO | 2023-02-02 10:15:00+05:30 | c04ce379e57e462b8da45fbc79835cdc | SELL |
+-------------------+---------------------------+----------------------------------+------+
+----+---------------------------+------------------------+-------+
|    | TIMESTAMP                 | STATE                  | MSG   |
|----+---------------------------+------------------------+-------|
|  0 | 2023-02-02 10:15:00+05:30 | PUT ORDER REQ RECEIVED |       |
|  1 | 2023-02-02 10:15:00+05:30 | VALIDATION PENDING     |       |
|  2 | 2023-02-02 10:15:00+05:30 | OPEN PENDING           |       |
|  3 | 2023-02-02 10:15:00+05:30 | OPEN                   |       |
|  4 | 2023-02-02 10:15:00+05:30 | COMPLETE               |       |
+----+---------------------------+------------------------+-------+

+-------------------+---------------------------+----------------------------------+------+
| INST              | timestamp                 | ID                               | TT   |
|-------------------+---------------------------+----------------------------------+------|
| NSE_EQ:HEROMOTOCO | 2023-02-02 13:15:00+05:30 | 3a3dcbda01f644649b89191400d2fc71 | BUY  |
+-------------------+---------------------------+----------------------------------+------+
+----+---------------------------+------------------------+-------+
|    | TIMESTAMP                 | STATE                  | MSG   |
|----+---------------------------+------------------------+-------|
|  0 | 2023-02-02 13:15:00+05:30 | PUT ORDER REQ RECEIVED |       |
|  1 | 2023-02-02 13:15:00+05:30 | VALIDATION PENDING     |       |
|  2 | 2023-02-02 13:15:00+05:30 | OPEN PENDING           |       |
|  3 | 2023-02-02 13:15:00+05:30 | OPEN                   |       |
|  4 | 2023-02-02 13:15:00+05:30 | COMPLETE               |       |
+----+---------------------------+------------------------+-------+

+-------------------+---------------------------+----------------------------------+------+
| INST              | timestamp                 | ID                               | TT   |
|-------------------+---------------------------+----------------------------------+------|
| NSE_EQ:HEROMOTOCO | 2023-02-06 10:15:00+05:30 | 698a6bd0988942d397f0aed01811d489 | BUY  |
+-------------------+---------------------------+----------------------------------+------+
+----+---------------------------+------------------------+-------+
|    | TIMESTAMP                 | STATE                  | MSG   |
|----+---------------------------+------------------------+-------|
|  0 | 2023-02-06 10:15:00+05:30 | PUT ORDER REQ RECEIVED |       |
|  1 | 2023-02-06 10:15:00+05:30 | VALIDATION PENDING     |       |
|  2 | 2023-02-06 10:15:00+05:30 | OPEN PENDING           |       |
|  3 | 2023-02-06 10:15:00+05:30 | OPEN                   |       |
|  4 | 2023-02-06 10:15:00+05:30 | COMPLETE               |       |
+----+---------------------------+------------------------+-------+

+-------------------+---------------------------+----------------------------------+------+
| INST              | timestamp                 | ID                               | TT   |
|-------------------+---------------------------+----------------------------------+------|
| NSE_EQ:HEROMOTOCO | 2023-02-06 13:15:00+05:30 | 0f7897696462472a9975d94139aa95a9 | SELL |
+-------------------+---------------------------+----------------------------------+------+
+----+---------------------------+------------------------+-------+
|    | TIMESTAMP                 | STATE                  | MSG   |
|----+---------------------------+------------------------+-------|
|  0 | 2023-02-06 13:15:00+05:30 | PUT ORDER REQ RECEIVED |       |
|  1 | 2023-02-06 13:15:00+05:30 | VALIDATION PENDING     |       |
|  2 | 2023-02-06 13:15:00+05:30 | OPEN PENDING           |       |
|  3 | 2023-02-06 13:15:00+05:30 | OPEN                   |       |
|  4 | 2023-02-06 13:15:00+05:30 | COMPLETE               |       |
+----+---------------------------+------------------------+-------+

+-------------------+---------------------------+----------------------------------+------+
| INST              | timestamp                 | ID                               | TT   |
|-------------------+---------------------------+----------------------------------+------|
| NSE_EQ:HEROMOTOCO | 2023-02-07 13:15:00+05:30 | 49f9b40feb5b407780648e444e198034 | SELL |
+-------------------+---------------------------+----------------------------------+------+
+----+---------------------------+------------------------+-------+
|    | TIMESTAMP                 | STATE                  | MSG   |
|----+---------------------------+------------------------+-------|
|  0 | 2023-02-07 13:15:00+05:30 | PUT ORDER REQ RECEIVED |       |
|  1 | 2023-02-07 13:15:00+05:30 | VALIDATION PENDING     |       |
|  2 | 2023-02-07 13:15:00+05:30 | OPEN PENDING           |       |
|  3 | 2023-02-07 13:15:00+05:30 | OPEN                   |       |
|  4 | 2023-02-07 13:15:00+05:30 | COMPLETE               |       |
+----+---------------------------+------------------------+-------+

+-------------------+---------------------------+----------------------------------+------+
| INST              | timestamp                 | ID                               | TT   |
|-------------------+---------------------------+----------------------------------+------|
| NSE_EQ:HEROMOTOCO | 2023-02-07 15:30:00+05:30 | 5c0a0f1eb09c498081a7e5f4cedeb1ea | BUY  |
+-------------------+---------------------------+----------------------------------+------+
+----+---------------------------+------------------------+-------+
|    | TIMESTAMP                 | STATE                  | MSG   |
|----+---------------------------+------------------------+-------|
|  0 | 2023-02-07 15:30:00+05:30 | PUT ORDER REQ RECEIVED |       |
|  1 | 2023-02-07 15:30:00+05:30 | VALIDATION PENDING     |       |
|  2 | 2023-02-07 15:30:00+05:30 | OPEN PENDING           |       |
|  3 | 2023-02-07 15:30:00+05:30 | OPEN                   |       |
|  4 | 2023-02-07 15:30:00+05:30 | COMPLETE               |       |
+----+---------------------------+------------------------+-------+

+-------------------+---------------------------+----------------------------------+------+
| INST              | timestamp                 | ID                               | TT   |
|-------------------+---------------------------+----------------------------------+------|
| NSE_EQ:HEROMOTOCO | 2023-02-10 12:15:00+05:30 | 7f341b47949b40d7ad42f91faed71413 | BUY  |
+-------------------+---------------------------+----------------------------------+------+
+----+---------------------------+------------------------+-------+
|    | TIMESTAMP                 | STATE                  | MSG   |
|----+---------------------------+------------------------+-------|
|  0 | 2023-02-10 12:15:00+05:30 | PUT ORDER REQ RECEIVED |       |
|  1 | 2023-02-10 12:15:00+05:30 | VALIDATION PENDING     |       |
|  2 | 2023-02-10 12:15:00+05:30 | OPEN PENDING           |       |
|  3 | 2023-02-10 12:15:00+05:30 | OPEN                   |       |
|  4 | 2023-02-10 12:15:00+05:30 | COMPLETE               |       |
+----+---------------------------+------------------------+-------+

+-------------------+---------------------------+----------------------------------+------+
| INST              | timestamp                 | ID                               | TT   |
|-------------------+---------------------------+----------------------------------+------|
| NSE_EQ:HEROMOTOCO | 2023-02-10 15:15:00+05:30 | b45509ed6e6345c781e9669655eaa9b8 | SELL |
+-------------------+---------------------------+----------------------------------+------+
+----+---------------------------+------------------------+-------+
|    | TIMESTAMP                 | STATE                  | MSG   |
|----+---------------------------+------------------------+-------|
|  0 | 2023-02-10 15:15:00+05:30 | PUT ORDER REQ RECEIVED |       |
|  1 | 2023-02-10 15:15:00+05:30 | VALIDATION PENDING     |       |
|  2 | 2023-02-10 15:15:00+05:30 | OPEN PENDING           |       |
|  3 | 2023-02-10 15:15:00+05:30 | OPEN                   |       |
|  4 | 2023-02-10 15:15:00+05:30 | COMPLETE               |       |
+----+---------------------------+------------------------+-------+

+-------------------+---------------------------+----------------------------------+------+
| INST              | timestamp                 | ID                               | TT   |
|-------------------+---------------------------+----------------------------------+------|
| NSE_EQ:HEROMOTOCO | 2023-02-17 10:15:00+05:30 | 98f7fc5c18414c80a3b810f93ea130ae | SELL |
+-------------------+---------------------------+----------------------------------+------+
+----+---------------------------+------------------------+-------+
|    | TIMESTAMP                 | STATE                  | MSG   |
|----+---------------------------+------------------------+-------|
|  0 | 2023-02-17 10:15:00+05:30 | PUT ORDER REQ RECEIVED |       |
|  1 | 2023-02-17 10:15:00+05:30 | VALIDATION PENDING     |       |
|  2 | 2023-02-17 10:15:00+05:30 | OPEN PENDING           |       |
|  3 | 2023-02-17 10:15:00+05:30 | OPEN                   |       |
|  4 | 2023-02-17 10:15:00+05:30 | COMPLETE               |       |
+----+---------------------------+------------------------+-------+

+-------------------+---------------------------+----------------------------------+------+
| INST              | timestamp                 | ID                               | TT   |
|-------------------+---------------------------+----------------------------------+------|
| NSE_EQ:HEROMOTOCO | 2023-02-17 14:15:00+05:30 | fe27fa99ce5541eba632a85a1d237a93 | BUY  |
+-------------------+---------------------------+----------------------------------+------+
+----+---------------------------+------------------------+-------+
|    | TIMESTAMP                 | STATE                  | MSG   |
|----+---------------------------+------------------------+-------|
|  0 | 2023-02-17 14:15:00+05:30 | PUT ORDER REQ RECEIVED |       |
|  1 | 2023-02-17 14:15:00+05:30 | VALIDATION PENDING     |       |
|  2 | 2023-02-17 14:15:00+05:30 | OPEN PENDING           |       |
|  3 | 2023-02-17 14:15:00+05:30 | OPEN                   |       |
|  4 | 2023-02-17 14:15:00+05:30 | COMPLETE               |       |
+----+---------------------------+------------------------+-------+

+-------------------+---------------------------+----------------------------------+------+
| INST              | timestamp                 | ID                               | TT   |
|-------------------+---------------------------+----------------------------------+------|
| NSE_EQ:HEROMOTOCO | 2023-02-20 11:15:00+05:30 | f098a719487644d3aab311dc8854d384 | BUY  |
+-------------------+---------------------------+----------------------------------+------+
+----+---------------------------+------------------------+-------+
|    | TIMESTAMP                 | STATE                  | MSG   |
|----+---------------------------+------------------------+-------|
|  0 | 2023-02-20 11:15:00+05:30 | PUT ORDER REQ RECEIVED |       |
|  1 | 2023-02-20 11:15:00+05:30 | VALIDATION PENDING     |       |
|  2 | 2023-02-20 11:15:00+05:30 | OPEN PENDING           |       |
|  3 | 2023-02-20 11:15:00+05:30 | OPEN                   |       |
|  4 | 2023-02-20 11:15:00+05:30 | COMPLETE               |       |
+----+---------------------------+------------------------+-------+

+-------------------+---------------------------+----------------------------------+------+
| INST              | timestamp                 | ID                               | TT   |
|-------------------+---------------------------+----------------------------------+------|
| NSE_EQ:HEROMOTOCO | 2023-02-20 15:30:00+05:30 | ffa9b6d6b8234f2ab21d051763e102b3 | SELL |
+-------------------+---------------------------+----------------------------------+------+
+----+---------------------------+------------------------+-------+
|    | TIMESTAMP                 | STATE                  | MSG   |
|----+---------------------------+------------------------+-------|
|  0 | 2023-02-20 15:30:00+05:30 | PUT ORDER REQ RECEIVED |       |
|  1 | 2023-02-20 15:30:00+05:30 | VALIDATION PENDING     |       |
|  2 | 2023-02-20 15:30:00+05:30 | OPEN PENDING           |       |
|  3 | 2023-02-20 15:30:00+05:30 | OPEN                   |       |
|  4 | 2023-02-20 15:30:00+05:30 | COMPLETE               |       |
+----+---------------------------+------------------------+-------+

+-------------------+---------------------------+----------------------------------+------+
| INST              | timestamp                 | ID                               | TT   |
|-------------------+---------------------------+----------------------------------+------|
| NSE_EQ:HEROMOTOCO | 2023-02-22 11:15:00+05:30 | b5bb51f23f514a899d545d6c9fb531bc | SELL |
+-------------------+---------------------------+----------------------------------+------+
+----+---------------------------+------------------------+-------+
|    | TIMESTAMP                 | STATE                  | MSG   |
|----+---------------------------+------------------------+-------|
|  0 | 2023-02-22 11:15:00+05:30 | PUT ORDER REQ RECEIVED |       |
|  1 | 2023-02-22 11:15:00+05:30 | VALIDATION PENDING     |       |
|  2 | 2023-02-22 11:15:00+05:30 | OPEN PENDING           |       |
|  3 | 2023-02-22 11:15:00+05:30 | OPEN                   |       |
|  4 | 2023-02-22 11:15:00+05:30 | COMPLETE               |       |
+----+---------------------------+------------------------+-------+

+-------------------+---------------------------+----------------------------------+------+
| INST              | timestamp                 | ID                               | TT   |
|-------------------+---------------------------+----------------------------------+------|
| NSE_EQ:HEROMOTOCO | 2023-02-22 15:30:00+05:30 | bc56ec443be34babb4aa16ca57d17434 | BUY  |
+-------------------+---------------------------+----------------------------------+------+
+----+---------------------------+------------------------+-------+
|    | TIMESTAMP                 | STATE                  | MSG   |
|----+---------------------------+------------------------+-------|
|  0 | 2023-02-22 15:30:00+05:30 | PUT ORDER REQ RECEIVED |       |
|  1 | 2023-02-22 15:30:00+05:30 | VALIDATION PENDING     |       |
|  2 | 2023-02-22 15:30:00+05:30 | OPEN PENDING           |       |
|  3 | 2023-02-22 15:30:00+05:30 | OPEN                   |       |
|  4 | 2023-02-22 15:30:00+05:30 | COMPLETE               |       |
+----+---------------------------+------------------------+-------+

+-------------------+---------------------------+----------------------------------+------+
| INST              | timestamp                 | ID                               | TT   |
|-------------------+---------------------------+----------------------------------+------|
| NSE_EQ:HEROMOTOCO | 2023-02-24 12:15:00+05:30 | 57420496594841169bcd03328db6bd72 | BUY  |
+-------------------+---------------------------+----------------------------------+------+
+----+---------------------------+------------------------+-------+
|    | TIMESTAMP                 | STATE                  | MSG   |
|----+---------------------------+------------------------+-------|
|  0 | 2023-02-24 12:15:00+05:30 | PUT ORDER REQ RECEIVED |       |
|  1 | 2023-02-24 12:15:00+05:30 | VALIDATION PENDING     |       |
|  2 | 2023-02-24 12:15:00+05:30 | OPEN PENDING           |       |
|  3 | 2023-02-24 12:15:00+05:30 | OPEN                   |       |
|  4 | 2023-02-24 12:15:00+05:30 | COMPLETE               |       |
+----+---------------------------+------------------------+-------+

+-------------------+---------------------------+----------------------------------+------+
| INST              | timestamp                 | ID                               | TT   |
|-------------------+---------------------------+----------------------------------+------|
| NSE_EQ:HEROMOTOCO | 2023-02-24 15:30:00+05:30 | 61e35b0f4c1a4a8fbbb7f3605dc1dcd6 | SELL |
+-------------------+---------------------------+----------------------------------+------+
+----+---------------------------+------------------------+-------+
|    | TIMESTAMP                 | STATE                  | MSG   |
|----+---------------------------+------------------------+-------|
|  0 | 2023-02-24 15:30:00+05:30 | PUT ORDER REQ RECEIVED |       |
|  1 | 2023-02-24 15:30:00+05:30 | VALIDATION PENDING     |       |
|  2 | 2023-02-24 15:30:00+05:30 | OPEN PENDING           |       |
|  3 | 2023-02-24 15:30:00+05:30 | OPEN                   |       |
|  4 | 2023-02-24 15:30:00+05:30 | COMPLETE               |       |
+----+---------------------------+------------------------+-------+

+-------------------+---------------------------+----------------------------------+------+
| INST              | timestamp                 | ID                               | TT   |
|-------------------+---------------------------+----------------------------------+------|
| NSE_EQ:HEROMOTOCO | 2023-03-01 10:15:00+05:30 | afff89ab03134afeb6d44269ed28115b | BUY  |
+-------------------+---------------------------+----------------------------------+------+
+----+---------------------------+------------------------+-------+
|    | TIMESTAMP                 | STATE                  | MSG   |
|----+---------------------------+------------------------+-------|
|  0 | 2023-03-01 10:15:00+05:30 | PUT ORDER REQ RECEIVED |       |
|  1 | 2023-03-01 10:15:00+05:30 | VALIDATION PENDING     |       |
|  2 | 2023-03-01 10:15:00+05:30 | OPEN PENDING           |       |
|  3 | 2023-03-01 10:15:00+05:30 | OPEN                   |       |
|  4 | 2023-03-01 10:15:00+05:30 | COMPLETE               |       |
+----+---------------------------+------------------------+-------+

+-------------------+---------------------------+----------------------------------+------+
| INST              | timestamp                 | ID                               | TT   |
|-------------------+---------------------------+----------------------------------+------|
| NSE_EQ:HEROMOTOCO | 2023-03-01 14:15:00+05:30 | 6e00a63517004ab58637d82312adf6dc | SELL |
+-------------------+---------------------------+----------------------------------+------+
+----+---------------------------+------------------------+-------+
|    | TIMESTAMP                 | STATE                  | MSG   |
|----+---------------------------+------------------------+-------|
|  0 | 2023-03-01 14:15:00+05:30 | PUT ORDER REQ RECEIVED |       |
|  1 | 2023-03-01 14:15:00+05:30 | VALIDATION PENDING     |       |
|  2 | 2023-03-01 14:15:00+05:30 | OPEN PENDING           |       |
|  3 | 2023-03-01 14:15:00+05:30 | OPEN                   |       |
|  4 | 2023-03-01 14:15:00+05:30 | COMPLETE               |       |
+----+---------------------------+------------------------+-------+

+-------------------+---------------------------+----------------------------------+------+
| INST              | timestamp                 | ID                               | TT   |
|-------------------+---------------------------+----------------------------------+------|
| NSE_EQ:HEROMOTOCO | 2023-03-08 11:15:00+05:30 | 0130ad85ceb84a0795b5a515aec7b94f | SELL |
+-------------------+---------------------------+----------------------------------+------+
+----+---------------------------+------------------------+-------+
|    | TIMESTAMP                 | STATE                  | MSG   |
|----+---------------------------+------------------------+-------|
|  0 | 2023-03-08 11:15:00+05:30 | PUT ORDER REQ RECEIVED |       |
|  1 | 2023-03-08 11:15:00+05:30 | VALIDATION PENDING     |       |
|  2 | 2023-03-08 11:15:00+05:30 | OPEN PENDING           |       |
|  3 | 2023-03-08 11:15:00+05:30 | OPEN                   |       |
|  4 | 2023-03-08 11:15:00+05:30 | COMPLETE               |       |
+----+---------------------------+------------------------+-------+

+-------------------+---------------------------+----------------------------------+------+
| INST              | timestamp                 | ID                               | TT   |
|-------------------+---------------------------+----------------------------------+------|
| NSE_EQ:HEROMOTOCO | 2023-03-08 15:15:00+05:30 | 778a454623d1475b96e52dbed33edfa2 | BUY  |
+-------------------+---------------------------+----------------------------------+------+
+----+---------------------------+------------------------+-------+
|    | TIMESTAMP                 | STATE                  | MSG   |
|----+---------------------------+------------------------+-------|
|  0 | 2023-03-08 15:15:00+05:30 | PUT ORDER REQ RECEIVED |       |
|  1 | 2023-03-08 15:15:00+05:30 | VALIDATION PENDING     |       |
|  2 | 2023-03-08 15:15:00+05:30 | OPEN PENDING           |       |
|  3 | 2023-03-08 15:15:00+05:30 | OPEN                   |       |
|  4 | 2023-03-08 15:15:00+05:30 | COMPLETE               |       |
+----+---------------------------+------------------------+-------+

+-------------------+---------------------------+----------------------------------+------+
| INST              | timestamp                 | ID                               | TT   |
|-------------------+---------------------------+----------------------------------+------|
| NSE_EQ:HEROMOTOCO | 2023-03-15 11:15:00+05:30 | ef3ef249d1fd466dbe37000986ac24b4 | BUY  |
+-------------------+---------------------------+----------------------------------+------+
+----+---------------------------+------------------------+-------+
|    | TIMESTAMP                 | STATE                  | MSG   |
|----+---------------------------+------------------------+-------|
|  0 | 2023-03-15 11:15:00+05:30 | PUT ORDER REQ RECEIVED |       |
|  1 | 2023-03-15 11:15:00+05:30 | VALIDATION PENDING     |       |
|  2 | 2023-03-15 11:15:00+05:30 | OPEN PENDING           |       |
|  3 | 2023-03-15 11:15:00+05:30 | OPEN                   |       |
|  4 | 2023-03-15 11:15:00+05:30 | COMPLETE               |       |
+----+---------------------------+------------------------+-------+

+-------------------+---------------------------+----------------------------------+------+
| INST              | timestamp                 | ID                               | TT   |
|-------------------+---------------------------+----------------------------------+------|
| NSE_EQ:HEROMOTOCO | 2023-03-15 15:15:00+05:30 | 9ef125f51c1245b9b7e4d5831fc76ecc | SELL |
+-------------------+---------------------------+----------------------------------+------+
+----+---------------------------+------------------------+-------+
|    | TIMESTAMP                 | STATE                  | MSG   |
|----+---------------------------+------------------------+-------|
|  0 | 2023-03-15 15:15:00+05:30 | PUT ORDER REQ RECEIVED |       |
|  1 | 2023-03-15 15:15:00+05:30 | VALIDATION PENDING     |       |
|  2 | 2023-03-15 15:15:00+05:30 | OPEN PENDING           |       |
|  3 | 2023-03-15 15:15:00+05:30 | OPEN                   |       |
|  4 | 2023-03-15 15:15:00+05:30 | COMPLETE               |       |
+----+---------------------------+------------------------+-------+

+-------------------+---------------------------+----------------------------------+------+
| INST              | timestamp                 | ID                               | TT   |
|-------------------+---------------------------+----------------------------------+------|
| NSE_EQ:HEROMOTOCO | 2023-03-17 11:15:00+05:30 | b8815e21e63a48198779a224fda0ac08 | SELL |
+-------------------+---------------------------+----------------------------------+------+
+----+---------------------------+------------------------+-------+
|    | TIMESTAMP                 | STATE                  | MSG   |
|----+---------------------------+------------------------+-------|
|  0 | 2023-03-17 11:15:00+05:30 | PUT ORDER REQ RECEIVED |       |
|  1 | 2023-03-17 11:15:00+05:30 | VALIDATION PENDING     |       |
|  2 | 2023-03-17 11:15:00+05:30 | OPEN PENDING           |       |
|  3 | 2023-03-17 11:15:00+05:30 | OPEN                   |       |
|  4 | 2023-03-17 11:15:00+05:30 | COMPLETE               |       |
+----+---------------------------+------------------------+-------+

+-------------------+---------------------------+----------------------------------+------+
| INST              | timestamp                 | ID                               | TT   |
|-------------------+---------------------------+----------------------------------+------|
| NSE_EQ:HEROMOTOCO | 2023-03-17 15:15:00+05:30 | e75d31e1cec141c58ac15b09daab3579 | BUY  |
+-------------------+---------------------------+----------------------------------+------+
+----+---------------------------+------------------------+-------+
|    | TIMESTAMP                 | STATE                  | MSG   |
|----+---------------------------+------------------------+-------|
|  0 | 2023-03-17 15:15:00+05:30 | PUT ORDER REQ RECEIVED |       |
|  1 | 2023-03-17 15:15:00+05:30 | VALIDATION PENDING     |       |
|  2 | 2023-03-17 15:15:00+05:30 | OPEN PENDING           |       |
|  3 | 2023-03-17 15:15:00+05:30 | OPEN                   |       |
|  4 | 2023-03-17 15:15:00+05:30 | COMPLETE               |       |
+----+---------------------------+------------------------+-------+

+-------------------+---------------------------+----------------------------------+------+
| INST              | timestamp                 | ID                               | TT   |
|-------------------+---------------------------+----------------------------------+------|
| NSE_EQ:HEROMOTOCO | 2023-03-21 10:15:00+05:30 | 4dd0bf80a08346ffb1a0194cb6f093a1 | BUY  |
+-------------------+---------------------------+----------------------------------+------+
+----+---------------------------+------------------------+-------+
|    | TIMESTAMP                 | STATE                  | MSG   |
|----+---------------------------+------------------------+-------|
|  0 | 2023-03-21 10:15:00+05:30 | PUT ORDER REQ RECEIVED |       |
|  1 | 2023-03-21 10:15:00+05:30 | VALIDATION PENDING     |       |
|  2 | 2023-03-21 10:15:00+05:30 | OPEN PENDING           |       |
|  3 | 2023-03-21 10:15:00+05:30 | OPEN                   |       |
|  4 | 2023-03-21 10:15:00+05:30 | COMPLETE               |       |
+----+---------------------------+------------------------+-------+

+-------------------+---------------------------+----------------------------------+------+
| INST              | timestamp                 | ID                               | TT   |
|-------------------+---------------------------+----------------------------------+------|
| NSE_EQ:HEROMOTOCO | 2023-03-21 13:15:00+05:30 | 41427f50acaa43299ac5ad04fc46cfc9 | SELL |
+-------------------+---------------------------+----------------------------------+------+
+----+---------------------------+------------------------+-------+
|    | TIMESTAMP                 | STATE                  | MSG   |
|----+---------------------------+------------------------+-------|
|  0 | 2023-03-21 13:15:00+05:30 | PUT ORDER REQ RECEIVED |       |
|  1 | 2023-03-21 13:15:00+05:30 | VALIDATION PENDING     |       |
|  2 | 2023-03-21 13:15:00+05:30 | OPEN PENDING           |       |
|  3 | 2023-03-21 13:15:00+05:30 | OPEN                   |       |
|  4 | 2023-03-21 13:15:00+05:30 | COMPLETE               |       |
+----+---------------------------+------------------------+-------+

+-------------------+---------------------------+----------------------------------+------+
| INST              | timestamp                 | ID                               | TT   |
|-------------------+---------------------------+----------------------------------+------|
| NSE_EQ:HEROMOTOCO | 2023-03-24 11:15:00+05:30 | d4575e5548424df39f36949f1c17cef9 | SELL |
+-------------------+---------------------------+----------------------------------+------+
+----+---------------------------+------------------------+-------+
|    | TIMESTAMP                 | STATE                  | MSG   |
|----+---------------------------+------------------------+-------|
|  0 | 2023-03-24 11:15:00+05:30 | PUT ORDER REQ RECEIVED |       |
|  1 | 2023-03-24 11:15:00+05:30 | VALIDATION PENDING     |       |
|  2 | 2023-03-24 11:15:00+05:30 | OPEN PENDING           |       |
|  3 | 2023-03-24 11:15:00+05:30 | OPEN                   |       |
|  4 | 2023-03-24 11:15:00+05:30 | COMPLETE               |       |
+----+---------------------------+------------------------+-------+

+-------------------+---------------------------+----------------------------------+------+
| INST              | timestamp                 | ID                               | TT   |
|-------------------+---------------------------+----------------------------------+------|
| NSE_EQ:HEROMOTOCO | 2023-03-24 14:15:00+05:30 | f4cf6469c68f4d1b81aaa1e38d5345a6 | BUY  |
+-------------------+---------------------------+----------------------------------+------+
+----+---------------------------+------------------------+-------+
|    | TIMESTAMP                 | STATE                  | MSG   |
|----+---------------------------+------------------------+-------|
|  0 | 2023-03-24 14:15:00+05:30 | PUT ORDER REQ RECEIVED |       |
|  1 | 2023-03-24 14:15:00+05:30 | VALIDATION PENDING     |       |
|  2 | 2023-03-24 14:15:00+05:30 | OPEN PENDING           |       |
|  3 | 2023-03-24 14:15:00+05:30 | OPEN                   |       |
|  4 | 2023-03-24 14:15:00+05:30 | COMPLETE               |       |
+----+---------------------------+------------------------+-------+

+-------------------+---------------------------+----------------------------------+------+
| INST              | timestamp                 | ID                               | TT   |
|-------------------+---------------------------+----------------------------------+------|
| NSE_EQ:HEROMOTOCO | 2023-03-29 12:15:00+05:30 | b4e65c3b47674facb4109926a707a99a | BUY  |
+-------------------+---------------------------+----------------------------------+------+
+----+---------------------------+------------------------+-------+
|    | TIMESTAMP                 | STATE                  | MSG   |
|----+---------------------------+------------------------+-------|
|  0 | 2023-03-29 12:15:00+05:30 | PUT ORDER REQ RECEIVED |       |
|  1 | 2023-03-29 12:15:00+05:30 | VALIDATION PENDING     |       |
|  2 | 2023-03-29 12:15:00+05:30 | OPEN PENDING           |       |
|  3 | 2023-03-29 12:15:00+05:30 | OPEN                   |       |
|  4 | 2023-03-29 12:15:00+05:30 | COMPLETE               |       |
+----+---------------------------+------------------------+-------+

+-------------------+---------------------------+----------------------------------+------+
| INST              | timestamp                 | ID                               | TT   |
|-------------------+---------------------------+----------------------------------+------|
| NSE_EQ:HEROMOTOCO | 2023-03-29 15:30:00+05:30 | f1d79c9db8824dc3b0aa3f1746171d36 | SELL |
+-------------------+---------------------------+----------------------------------+------+
+----+---------------------------+------------------------+-------+
|    | TIMESTAMP                 | STATE                  | MSG   |
|----+---------------------------+------------------------+-------|
|  0 | 2023-03-29 15:30:00+05:30 | PUT ORDER REQ RECEIVED |       |
|  1 | 2023-03-29 15:30:00+05:30 | VALIDATION PENDING     |       |
|  2 | 2023-03-29 15:30:00+05:30 | OPEN PENDING           |       |
|  3 | 2023-03-29 15:30:00+05:30 | OPEN                   |       |
|  4 | 2023-03-29 15:30:00+05:30 | COMPLETE               |       |
+----+---------------------------+------------------------+-------+