

+-------------------------------+---------------------------+----------------------------------+------+
| INST                          | timestamp                 | ID                               | TT   |
|-------------------------------+---------------------------+----------------------------------+------|
| NASDAQ_FO:MSFT240524C00417500 | 2024-05-14 09:30:00-04:00 | f5dc2a3acbff49f5a0562d8c5df4f68b | SELL |
+-------------------------------+---------------------------+----------------------------------+------+
+----+----------------------------------+------------------------+-------+
|    | TIMESTAMP                        | STATE                  | MSG   |
|----+----------------------------------+------------------------+-------|
|  0 | 2024-05-14 09:30:00.500000-04:00 | PUT ORDER REQ RECEIVED |       |
|  1 | 2024-05-14 09:30:00.500000-04:00 | VALIDATION PENDING     |       |
|  2 | 2024-05-14 09:30:00.500000-04:00 | OPEN PENDING           |       |
|  3 | 2024-05-14 09:30:00.500000-04:00 | OPEN                   |       |
|  4 | 2024-05-14 09:30:00.500000-04:00 | COMPLETE               |       |
+----+----------------------------------+------------------------+-------+

+-------------------------------+---------------------------+----------------------------------+------+
| INST                          | timestamp                 | ID                               | TT   |
|-------------------------------+---------------------------+----------------------------------+------|
| NASDAQ_FO:MSFT240524P00417500 | 2024-05-14 09:30:00-04:00 | c31dec0db6ad46af94557e8bbcb60966 | SELL |
+-------------------------------+---------------------------+----------------------------------+------+
+----+----------------------------------+------------------------+-------+
|    | TIMESTAMP                        | STATE                  | MSG   |
|----+----------------------------------+------------------------+-------|
|  0 | 2024-05-14 09:30:00.500000-04:00 | PUT ORDER REQ RECEIVED |       |
|  1 | 2024-05-14 09:30:00.500000-04:00 | VALIDATION PENDING     |       |
|  2 | 2024-05-14 09:30:00.500000-04:00 | OPEN PENDING           |       |
|  3 | 2024-05-14 09:30:00.500000-04:00 | OPEN                   |       |
|  4 | 2024-05-14 09:30:00.500000-04:00 | COMPLETE               |       |
+----+----------------------------------+------------------------+-------+

+-------------------------------+---------------------------+----------------------------------+------+
| INST                          | timestamp                 | ID                               | TT   |
|-------------------------------+---------------------------+----------------------------------+------|
| NASDAQ_FO:MSFT240524C00417500 | 2024-05-14 16:00:00-04:00 | 965629ae8d5542e99447f9ee226564db | BUY  |
+-------------------------------+---------------------------+----------------------------------+------+
+----+----------------------------------+------------------------+-------+
|    | TIMESTAMP                        | STATE                  | MSG   |
|----+----------------------------------+------------------------+-------|
|  0 | 2024-05-14 16:00:00.500000-04:00 | PUT ORDER REQ RECEIVED |       |
|  1 | 2024-05-14 16:00:00.500000-04:00 | VALIDATION PENDING     |       |
|  2 | 2024-05-14 16:00:00.500000-04:00 | OPEN PENDING           |       |
|  3 | 2024-05-14 16:00:00.500000-04:00 | OPEN                   |       |
|  4 | 2024-05-14 16:00:00.500000-04:00 | COMPLETE               |       |
+----+----------------------------------+------------------------+-------+

+-------------------------------+---------------------------+----------------------------------+------+
| INST                          | timestamp                 | ID                               | TT   |
|-------------------------------+---------------------------+----------------------------------+------|
| NASDAQ_FO:MSFT240524P00417500 | 2024-05-14 16:00:00-04:00 | 0df2db5bba2e4236bfa1044d9dad8e4e | BUY  |
+-------------------------------+---------------------------+----------------------------------+------+
+----+----------------------------------+------------------------+-------+
|    | TIMESTAMP                        | STATE                  | MSG   |
|----+----------------------------------+------------------------+-------|
|  0 | 2024-05-14 16:00:00.500000-04:00 | PUT ORDER REQ RECEIVED |       |
|  1 | 2024-05-14 16:00:00.500000-04:00 | VALIDATION PENDING     |       |
|  2 | 2024-05-14 16:00:00.500000-04:00 | OPEN PENDING           |       |
|  3 | 2024-05-14 16:00:00.500000-04:00 | OPEN                   |       |
|  4 | 2024-05-14 16:00:00.500000-04:00 | COMPLETE               |       |
+----+----------------------------------+------------------------+-------+