

+-----------------+---------------------------+----------------------------------+------+
| INST            | timestamp                 | ID                               | TT   |
|-----------------+---------------------------+----------------------------------+------|
| NSE_EQ:HINDALCO | 2023-01-03 11:15:00+05:30 | f68640e4df0a41c5bbf21368d35ddba9 | SELL |
+-----------------+---------------------------+----------------------------------+------+
+----+---------------------------+------------------------+-------+
|    | TIMESTAMP                 | STATE                  | MSG   |
|----+---------------------------+------------------------+-------|
|  0 | 2023-01-03 11:15:00+05:30 | PUT ORDER REQ RECEIVED |       |
|  1 | 2023-01-03 11:15:00+05:30 | VALIDATION PENDING     |       |
|  2 | 2023-01-03 11:15:00+05:30 | REJECTED               |       |
+----+---------------------------+------------------------+-------+

+-----------------+---------------------------+----------------------------------+------+
| INST            | timestamp                 | ID                               | TT   |
|-----------------+---------------------------+----------------------------------+------|
| NSE_EQ:HINDALCO | 2023-01-06 15:15:00+05:30 | 5b7362fd399447a093724218105716b4 | SELL |
+-----------------+---------------------------+----------------------------------+------+
+----+---------------------------+------------------------+-------+
|    | TIMESTAMP                 | STATE                  | MSG   |
|----+---------------------------+------------------------+-------|
|  0 | 2023-01-06 15:15:00+05:30 | PUT ORDER REQ RECEIVED |       |
|  1 | 2023-01-06 15:15:00+05:30 | VALIDATION PENDING     |       |
|  2 | 2023-01-06 15:15:00+05:30 | REJECTED               |       |
+----+---------------------------+------------------------+-------+

+-----------------+---------------------------+----------------------------------+------+
| INST            | timestamp                 | ID                               | TT   |
|-----------------+---------------------------+----------------------------------+------|
| NSE_EQ:HINDALCO | 2023-01-11 11:15:00+05:30 | 29657c24b8b24ea899fc056896269f41 | BUY  |
+-----------------+---------------------------+----------------------------------+------+
+----+---------------------------+------------------------+-------+
|    | TIMESTAMP                 | STATE                  | MSG   |
|----+---------------------------+------------------------+-------|
|  0 | 2023-01-11 11:15:00+05:30 | PUT ORDER REQ RECEIVED |       |
|  1 | 2023-01-11 11:15:00+05:30 | VALIDATION PENDING     |       |
|  2 | 2023-01-11 11:15:00+05:30 | OPEN PENDING           |       |
|  3 | 2023-01-11 11:15:00+05:30 | OPEN                   |       |
|  4 | 2023-01-11 11:15:00+05:30 | COMPLETE               |       |
+----+---------------------------+------------------------+-------+

+-----------------+---------------------------+----------------------------------+------+
| INST            | timestamp                 | ID                               | TT   |
|-----------------+---------------------------+----------------------------------+------|
| NSE_EQ:HINDALCO | 2023-01-12 09:15:00+05:30 | b3e73f2976434aa192f9cea06cf6381b | BUY  |
+-----------------+---------------------------+----------------------------------+------+
+----+---------------------------+------------------------+-------+
|    | TIMESTAMP                 | STATE                  | MSG   |
|----+---------------------------+------------------------+-------|
|  0 | 2023-01-12 09:15:00+05:30 | PUT ORDER REQ RECEIVED |       |
|  1 | 2023-01-12 09:15:00+05:30 | COMPLETE               |       |
+----+---------------------------+------------------------+-------+

+-----------------+---------------------------+----------------------------------+------+
| INST            | timestamp                 | ID                               | TT   |
|-----------------+---------------------------+----------------------------------+------|
| NSE_EQ:HINDALCO | 2023-01-13 09:15:00+05:30 | a8919bd12c684112adaf6d440040835a | BUY  |
+-----------------+---------------------------+----------------------------------+------+
+----+---------------------------+------------------------+-------+
|    | TIMESTAMP                 | STATE                  | MSG   |
|----+---------------------------+------------------------+-------|
|  0 | 2023-01-13 09:15:00+05:30 | PUT ORDER REQ RECEIVED |       |
|  1 | 2023-01-13 09:15:00+05:30 | COMPLETE               |       |
+----+---------------------------+------------------------+-------+

+-----------------+---------------------------+----------------------------------+------+
| INST            | timestamp                 | ID                               | TT   |
|-----------------+---------------------------+----------------------------------+------|
| NSE_EQ:HINDALCO | 2023-01-16 09:15:00+05:30 | b9707013aaa04101831ba849c5e643f3 | BUY  |
+-----------------+---------------------------+----------------------------------+------+
+----+---------------------------+------------------------+-------+
|    | TIMESTAMP                 | STATE                  | MSG   |
|----+---------------------------+------------------------+-------|
|  0 | 2023-01-16 09:15:00+05:30 | PUT ORDER REQ RECEIVED |       |
|  1 | 2023-01-16 09:15:00+05:30 | COMPLETE               |       |
+----+---------------------------+------------------------+-------+

+-----------------+---------------------------+----------------------------------+------+
| INST            | timestamp                 | ID                               | TT   |
|-----------------+---------------------------+----------------------------------+------|
| NSE_EQ:HINDALCO | 2023-01-17 09:15:00+05:30 | 578ad7ac8a354bd587b42e1dccbc8c35 | BUY  |
+-----------------+---------------------------+----------------------------------+------+
+----+---------------------------+------------------------+-------+
|    | TIMESTAMP                 | STATE                  | MSG   |
|----+---------------------------+------------------------+-------|
|  0 | 2023-01-17 09:15:00+05:30 | PUT ORDER REQ RECEIVED |       |
|  1 | 2023-01-17 09:15:00+05:30 | COMPLETE               |       |
+----+---------------------------+------------------------+-------+

+-----------------+---------------------------+----------------------------------+------+
| INST            | timestamp                 | ID                               | TT   |
|-----------------+---------------------------+----------------------------------+------|
| NSE_EQ:HINDALCO | 2023-01-18 09:15:00+05:30 | 765cad7487134a2883be7931c0fe994e | BUY  |
+-----------------+---------------------------+----------------------------------+------+
+----+---------------------------+------------------------+-------+
|    | TIMESTAMP                 | STATE                  | MSG   |
|----+---------------------------+------------------------+-------|
|  0 | 2023-01-18 09:15:00+05:30 | PUT ORDER REQ RECEIVED |       |
|  1 | 2023-01-18 09:15:00+05:30 | COMPLETE               |       |
+----+---------------------------+------------------------+-------+

+-----------------+---------------------------+----------------------------------+------+
| INST            | timestamp                 | ID                               | TT   |
|-----------------+---------------------------+----------------------------------+------|
| NSE_EQ:HINDALCO | 2023-01-19 09:15:00+05:30 | b178da9ef4c4478a97257a14ce421561 | BUY  |
+-----------------+---------------------------+----------------------------------+------+
+----+---------------------------+------------------------+-------+
|    | TIMESTAMP                 | STATE                  | MSG   |
|----+---------------------------+------------------------+-------|
|  0 | 2023-01-19 09:15:00+05:30 | PUT ORDER REQ RECEIVED |       |
|  1 | 2023-01-19 09:15:00+05:30 | COMPLETE               |       |
+----+---------------------------+------------------------+-------+

+-----------------+---------------------------+----------------------------------+------+
| INST            | timestamp                 | ID                               | TT   |
|-----------------+---------------------------+----------------------------------+------|
| NSE_EQ:HINDALCO | 2023-01-20 09:15:00+05:30 | 8c7772812e7844608a8d0b4f99315949 | BUY  |
+-----------------+---------------------------+----------------------------------+------+
+----+---------------------------+------------------------+-------+
|    | TIMESTAMP                 | STATE                  | MSG   |
|----+---------------------------+------------------------+-------|
|  0 | 2023-01-20 09:15:00+05:30 | PUT ORDER REQ RECEIVED |       |
|  1 | 2023-01-20 09:15:00+05:30 | COMPLETE               |       |
+----+---------------------------+------------------------+-------+

+-----------------+---------------------------+----------------------------------+------+
| INST            | timestamp                 | ID                               | TT   |
|-----------------+---------------------------+----------------------------------+------|
| NSE_EQ:HINDALCO | 2023-01-23 09:15:00+05:30 | d3c7203478d44488992b4c41723b1445 | BUY  |
+-----------------+---------------------------+----------------------------------+------+
+----+---------------------------+------------------------+-------+
|    | TIMESTAMP                 | STATE                  | MSG   |
|----+---------------------------+------------------------+-------|
|  0 | 2023-01-23 09:15:00+05:30 | PUT ORDER REQ RECEIVED |       |
|  1 | 2023-01-23 09:15:00+05:30 | COMPLETE               |       |
+----+---------------------------+------------------------+-------+

+-----------------+---------------------------+----------------------------------+------+
| INST            | timestamp                 | ID                               | TT   |
|-----------------+---------------------------+----------------------------------+------|
| NSE_EQ:HINDALCO | 2023-01-24 09:15:00+05:30 | 1433baeb35b248e7bcc3fc28be2f6231 | BUY  |
+-----------------+---------------------------+----------------------------------+------+
+----+---------------------------+------------------------+-------+
|    | TIMESTAMP                 | STATE                  | MSG   |
|----+---------------------------+------------------------+-------|
|  0 | 2023-01-24 09:15:00+05:30 | PUT ORDER REQ RECEIVED |       |
|  1 | 2023-01-24 09:15:00+05:30 | COMPLETE               |       |
+----+---------------------------+------------------------+-------+

+-----------------+---------------------------+----------------------------------+------+
| INST            | timestamp                 | ID                               | TT   |
|-----------------+---------------------------+----------------------------------+------|
| NSE_EQ:HINDALCO | 2023-01-25 09:15:00+05:30 | 2da5adb93f304cecbfb92920f2e426bb | BUY  |
+-----------------+---------------------------+----------------------------------+------+
+----+---------------------------+------------------------+-------+
|    | TIMESTAMP                 | STATE                  | MSG   |
|----+---------------------------+------------------------+-------|
|  0 | 2023-01-25 09:15:00+05:30 | PUT ORDER REQ RECEIVED |       |
|  1 | 2023-01-25 09:15:00+05:30 | COMPLETE               |       |
+----+---------------------------+------------------------+-------+

+-----------------+---------------------------+----------------------------------+------+
| INST            | timestamp                 | ID                               | TT   |
|-----------------+---------------------------+----------------------------------+------|
| NSE_EQ:HINDALCO | 2023-01-27 09:15:00+05:30 | 7bd12989b41d49a48c970b3cd825e1a2 | BUY  |
+-----------------+---------------------------+----------------------------------+------+
+----+---------------------------+------------------------+-------+
|    | TIMESTAMP                 | STATE                  | MSG   |
|----+---------------------------+------------------------+-------|
|  0 | 2023-01-27 09:15:00+05:30 | PUT ORDER REQ RECEIVED |       |
|  1 | 2023-01-27 09:15:00+05:30 | COMPLETE               |       |
+----+---------------------------+------------------------+-------+

+-----------------+---------------------------+----------------------------------+------+
| INST            | timestamp                 | ID                               | TT   |
|-----------------+---------------------------+----------------------------------+------|
| NSE_EQ:HINDALCO | 2023-01-30 09:15:00+05:30 | 654fc994455f45c287855a6750faaa21 | BUY  |
+-----------------+---------------------------+----------------------------------+------+
+----+---------------------------+------------------------+-------+
|    | TIMESTAMP                 | STATE                  | MSG   |
|----+---------------------------+------------------------+-------|
|  0 | 2023-01-30 09:15:00+05:30 | PUT ORDER REQ RECEIVED |       |
|  1 | 2023-01-30 09:15:00+05:30 | COMPLETE               |       |
+----+---------------------------+------------------------+-------+

+-----------------+---------------------------+----------------------------------+------+
| INST            | timestamp                 | ID                               | TT   |
|-----------------+---------------------------+----------------------------------+------|
| NSE_EQ:HINDALCO | 2023-01-31 09:15:00+05:30 | 7dbc3428b96a41f4b9285097671ff302 | BUY  |
+-----------------+---------------------------+----------------------------------+------+
+----+---------------------------+------------------------+-------+
|    | TIMESTAMP                 | STATE                  | MSG   |
|----+---------------------------+------------------------+-------|
|  0 | 2023-01-31 09:15:00+05:30 | PUT ORDER REQ RECEIVED |       |
|  1 | 2023-01-31 09:15:00+05:30 | COMPLETE               |       |
+----+---------------------------+------------------------+-------+

+-----------------+---------------------------+----------------------------------+------+
| INST            | timestamp                 | ID                               | TT   |
|-----------------+---------------------------+----------------------------------+------|
| NSE_EQ:HINDALCO | 2023-02-01 09:15:00+05:30 | bdcd53ceb2784b2daf496a26e9d10bb8 | BUY  |
+-----------------+---------------------------+----------------------------------+------+
+----+---------------------------+------------------------+-------+
|    | TIMESTAMP                 | STATE                  | MSG   |
|----+---------------------------+------------------------+-------|
|  0 | 2023-02-01 09:15:00+05:30 | PUT ORDER REQ RECEIVED |       |
|  1 | 2023-02-01 09:15:00+05:30 | COMPLETE               |       |
+----+---------------------------+------------------------+-------+

+-----------------+---------------------------+----------------------------------+------+
| INST            | timestamp                 | ID                               | TT   |
|-----------------+---------------------------+----------------------------------+------|
| NSE_EQ:HINDALCO | 2023-02-02 09:15:00+05:30 | 938e363a95414dbea0542b3c8dc3dad9 | BUY  |
+-----------------+---------------------------+----------------------------------+------+
+----+---------------------------+------------------------+-------+
|    | TIMESTAMP                 | STATE                  | MSG   |
|----+---------------------------+------------------------+-------|
|  0 | 2023-02-02 09:15:00+05:30 | PUT ORDER REQ RECEIVED |       |
|  1 | 2023-02-02 09:15:00+05:30 | COMPLETE               |       |
+----+---------------------------+------------------------+-------+

+-----------------+---------------------------+----------------------------------+------+
| INST            | timestamp                 | ID                               | TT   |
|-----------------+---------------------------+----------------------------------+------|
| NSE_EQ:HINDALCO | 2023-02-03 09:15:00+05:30 | 31f6aadaf91d4bcab1e93ee3be93aa8d | BUY  |
+-----------------+---------------------------+----------------------------------+------+
+----+---------------------------+------------------------+-------+
|    | TIMESTAMP                 | STATE                  | MSG   |
|----+---------------------------+------------------------+-------|
|  0 | 2023-02-03 09:15:00+05:30 | PUT ORDER REQ RECEIVED |       |
|  1 | 2023-02-03 09:15:00+05:30 | COMPLETE               |       |
+----+---------------------------+------------------------+-------+

+-----------------+---------------------------+----------------------------------+------+
| INST            | timestamp                 | ID                               | TT   |
|-----------------+---------------------------+----------------------------------+------|
| NSE_EQ:HINDALCO | 2023-02-06 09:15:00+05:30 | c2bca427fb844402b4983e408eccc181 | BUY  |
+-----------------+---------------------------+----------------------------------+------+
+----+---------------------------+------------------------+-------+
|    | TIMESTAMP                 | STATE                  | MSG   |
|----+---------------------------+------------------------+-------|
|  0 | 2023-02-06 09:15:00+05:30 | PUT ORDER REQ RECEIVED |       |
|  1 | 2023-02-06 09:15:00+05:30 | COMPLETE               |       |
+----+---------------------------+------------------------+-------+

+-----------------+---------------------------+----------------------------------+------+
| INST            | timestamp                 | ID                               | TT   |
|-----------------+---------------------------+----------------------------------+------|
| NSE_EQ:HINDALCO | 2023-02-07 09:15:00+05:30 | d7765f40f2184c8eb2b861c1f964adf5 | BUY  |
+-----------------+---------------------------+----------------------------------+------+
+----+---------------------------+------------------------+-------+
|    | TIMESTAMP                 | STATE                  | MSG   |
|----+---------------------------+------------------------+-------|
|  0 | 2023-02-07 09:15:00+05:30 | PUT ORDER REQ RECEIVED |       |
|  1 | 2023-02-07 09:15:00+05:30 | COMPLETE               |       |
+----+---------------------------+------------------------+-------+

+-----------------+---------------------------+----------------------------------+------+
| INST            | timestamp                 | ID                               | TT   |
|-----------------+---------------------------+----------------------------------+------|
| NSE_EQ:HINDALCO | 2023-02-08 09:15:00+05:30 | 06c275899ba74850b123deb6b9c0905c | BUY  |
+-----------------+---------------------------+----------------------------------+------+
+----+---------------------------+------------------------+-------+
|    | TIMESTAMP                 | STATE                  | MSG   |
|----+---------------------------+------------------------+-------|
|  0 | 2023-02-08 09:15:00+05:30 | PUT ORDER REQ RECEIVED |       |
|  1 | 2023-02-08 09:15:00+05:30 | COMPLETE               |       |
+----+---------------------------+------------------------+-------+

+-----------------+---------------------------+----------------------------------+------+
| INST            | timestamp                 | ID                               | TT   |
|-----------------+---------------------------+----------------------------------+------|
| NSE_EQ:HINDALCO | 2023-02-09 09:15:00+05:30 | 22c9f3edbf2749aeaf60d33d894baada | BUY  |
+-----------------+---------------------------+----------------------------------+------+
+----+---------------------------+------------------------+-------+
|    | TIMESTAMP                 | STATE                  | MSG   |
|----+---------------------------+------------------------+-------|
|  0 | 2023-02-09 09:15:00+05:30 | PUT ORDER REQ RECEIVED |       |
|  1 | 2023-02-09 09:15:00+05:30 | COMPLETE               |       |
+----+---------------------------+------------------------+-------+

+-----------------+---------------------------+----------------------------------+------+
| INST            | timestamp                 | ID                               | TT   |
|-----------------+---------------------------+----------------------------------+------|
| NSE_EQ:HINDALCO | 2023-02-10 09:15:00+05:30 | 033fd04b1c26425d9c23e8ee294c823b | BUY  |
+-----------------+---------------------------+----------------------------------+------+
+----+---------------------------+------------------------+-------+
|    | TIMESTAMP                 | STATE                  | MSG   |
|----+---------------------------+------------------------+-------|
|  0 | 2023-02-10 09:15:00+05:30 | PUT ORDER REQ RECEIVED |       |
|  1 | 2023-02-10 09:15:00+05:30 | COMPLETE               |       |
+----+---------------------------+------------------------+-------+

+-----------------+---------------------------+----------------------------------+------+
| INST            | timestamp                 | ID                               | TT   |
|-----------------+---------------------------+----------------------------------+------|
| NSE_EQ:HINDALCO | 2023-02-13 09:15:00+05:30 | 2a2f6b692f7e4f75b2723f731c5494b1 | BUY  |
+-----------------+---------------------------+----------------------------------+------+
+----+---------------------------+------------------------+-------+
|    | TIMESTAMP                 | STATE                  | MSG   |
|----+---------------------------+------------------------+-------|
|  0 | 2023-02-13 09:15:00+05:30 | PUT ORDER REQ RECEIVED |       |
|  1 | 2023-02-13 09:15:00+05:30 | COMPLETE               |       |
+----+---------------------------+------------------------+-------+

+-----------------+---------------------------+----------------------------------+------+
| INST            | timestamp                 | ID                               | TT   |
|-----------------+---------------------------+----------------------------------+------|
| NSE_EQ:HINDALCO | 2023-02-14 09:15:00+05:30 | 4387f596baf54854861c94e41178c242 | BUY  |
+-----------------+---------------------------+----------------------------------+------+
+----+---------------------------+------------------------+-------+
|    | TIMESTAMP                 | STATE                  | MSG   |
|----+---------------------------+------------------------+-------|
|  0 | 2023-02-14 09:15:00+05:30 | PUT ORDER REQ RECEIVED |       |
|  1 | 2023-02-14 09:15:00+05:30 | COMPLETE               |       |
+----+---------------------------+------------------------+-------+

+-----------------+---------------------------+----------------------------------+------+
| INST            | timestamp                 | ID                               | TT   |
|-----------------+---------------------------+----------------------------------+------|
| NSE_EQ:HINDALCO | 2023-02-15 09:15:00+05:30 | c4cadf9dd9e64c48ab61a234da5ab678 | BUY  |
+-----------------+---------------------------+----------------------------------+------+
+----+---------------------------+------------------------+-------+
|    | TIMESTAMP                 | STATE                  | MSG   |
|----+---------------------------+------------------------+-------|
|  0 | 2023-02-15 09:15:00+05:30 | PUT ORDER REQ RECEIVED |       |
|  1 | 2023-02-15 09:15:00+05:30 | COMPLETE               |       |
+----+---------------------------+------------------------+-------+

+-----------------+---------------------------+----------------------------------+------+
| INST            | timestamp                 | ID                               | TT   |
|-----------------+---------------------------+----------------------------------+------|
| NSE_EQ:HINDALCO | 2023-02-16 09:15:00+05:30 | d6f42a7c6dc24390a75571e8c2e71901 | BUY  |
+-----------------+---------------------------+----------------------------------+------+
+----+---------------------------+------------------------+-------+
|    | TIMESTAMP                 | STATE                  | MSG   |
|----+---------------------------+------------------------+-------|
|  0 | 2023-02-16 09:15:00+05:30 | PUT ORDER REQ RECEIVED |       |
|  1 | 2023-02-16 09:15:00+05:30 | COMPLETE               |       |
+----+---------------------------+------------------------+-------+

+-----------------+---------------------------+----------------------------------+------+
| INST            | timestamp                 | ID                               | TT   |
|-----------------+---------------------------+----------------------------------+------|
| NSE_EQ:HINDALCO | 2023-02-17 09:15:00+05:30 | 3c29ed7c33a84c288fe9da80030e8e6f | BUY  |
+-----------------+---------------------------+----------------------------------+------+
+----+---------------------------+------------------------+-------+
|    | TIMESTAMP                 | STATE                  | MSG   |
|----+---------------------------+------------------------+-------|
|  0 | 2023-02-17 09:15:00+05:30 | PUT ORDER REQ RECEIVED |       |
|  1 | 2023-02-17 09:15:00+05:30 | COMPLETE               |       |
+----+---------------------------+------------------------+-------+

+-----------------+---------------------------+----------------------------------+------+
| INST            | timestamp                 | ID                               | TT   |
|-----------------+---------------------------+----------------------------------+------|
| NSE_EQ:HINDALCO | 2023-02-20 09:15:00+05:30 | 156219de714342eb93b2d2e854cee9ed | BUY  |
+-----------------+---------------------------+----------------------------------+------+
+----+---------------------------+------------------------+-------+
|    | TIMESTAMP                 | STATE                  | MSG   |
|----+---------------------------+------------------------+-------|
|  0 | 2023-02-20 09:15:00+05:30 | PUT ORDER REQ RECEIVED |       |
|  1 | 2023-02-20 09:15:00+05:30 | COMPLETE               |       |
+----+---------------------------+------------------------+-------+

+-----------------+---------------------------+----------------------------------+------+
| INST            | timestamp                 | ID                               | TT   |
|-----------------+---------------------------+----------------------------------+------|
| NSE_EQ:HINDALCO | 2023-02-21 09:15:00+05:30 | d9677d5f56554c44bb2c093fcf8fe66b | BUY  |
+-----------------+---------------------------+----------------------------------+------+
+----+---------------------------+------------------------+-------+
|    | TIMESTAMP                 | STATE                  | MSG   |
|----+---------------------------+------------------------+-------|
|  0 | 2023-02-21 09:15:00+05:30 | PUT ORDER REQ RECEIVED |       |
|  1 | 2023-02-21 09:15:00+05:30 | COMPLETE               |       |
+----+---------------------------+------------------------+-------+

+-----------------+---------------------------+----------------------------------+------+
| INST            | timestamp                 | ID                               | TT   |
|-----------------+---------------------------+----------------------------------+------|
| NSE_EQ:HINDALCO | 2023-02-22 09:15:00+05:30 | a456597dfee54b61a3cdc6f764702da3 | BUY  |
+-----------------+---------------------------+----------------------------------+------+
+----+---------------------------+------------------------+-------+
|    | TIMESTAMP                 | STATE                  | MSG   |
|----+---------------------------+------------------------+-------|
|  0 | 2023-02-22 09:15:00+05:30 | PUT ORDER REQ RECEIVED |       |
|  1 | 2023-02-22 09:15:00+05:30 | COMPLETE               |       |
+----+---------------------------+------------------------+-------+

+-----------------+---------------------------+----------------------------------+------+
| INST            | timestamp                 | ID                               | TT   |
|-----------------+---------------------------+----------------------------------+------|
| NSE_EQ:HINDALCO | 2023-02-23 09:15:00+05:30 | 40b90949a9824bbba5f4aaa6e69e5af4 | BUY  |
+-----------------+---------------------------+----------------------------------+------+
+----+---------------------------+------------------------+-------+
|    | TIMESTAMP                 | STATE                  | MSG   |
|----+---------------------------+------------------------+-------|
|  0 | 2023-02-23 09:15:00+05:30 | PUT ORDER REQ RECEIVED |       |
|  1 | 2023-02-23 09:15:00+05:30 | COMPLETE               |       |
+----+---------------------------+------------------------+-------+

+-----------------+---------------------------+----------------------------------+------+
| INST            | timestamp                 | ID                               | TT   |
|-----------------+---------------------------+----------------------------------+------|
| NSE_EQ:HINDALCO | 2023-02-24 09:15:00+05:30 | 3c3265073efa4635ab5760d8b2bae23e | BUY  |
+-----------------+---------------------------+----------------------------------+------+
+----+---------------------------+------------------------+-------+
|    | TIMESTAMP                 | STATE                  | MSG   |
|----+---------------------------+------------------------+-------|
|  0 | 2023-02-24 09:15:00+05:30 | PUT ORDER REQ RECEIVED |       |
|  1 | 2023-02-24 09:15:00+05:30 | COMPLETE               |       |
+----+---------------------------+------------------------+-------+