

+------------------+---------------------+----------------------------------+------+
| INST             | TIME                | ID                               | TT   |
|------------------+---------------------+----------------------------------+------|
| NSE_EQ:TATASTEEL | 2020-07-09 09:45:00 | a310755e3d8b4a1ab4667882bf25751d | BUY  |
+------------------+---------------------+----------------------------------+------+
+----+---------------------+------------------------+-------+
|    | TIME                | STATE                  | MSG   |
|----+---------------------+------------------------+-------|
|  0 | 2020-07-09 09:45:00 | PUT ORDER REQ RECEIVED |       |
|  1 | 2020-07-09 09:45:00 | VALIDATION PENDING     |       |
|  2 | 2020-07-09 09:45:00 | OPEN PENDING           |       |
|  3 | 2020-07-09 09:45:00 | OPEN                   |       |
|  4 | 2020-07-09 09:45:00 | COMPLETE               |       |
+----+---------------------+------------------------+-------+

+------------------+---------------------+----------------------------------+------+
| INST             | TIME                | ID                               | TT   |
|------------------+---------------------+----------------------------------+------|
| NSE_EQ:TATASTEEL | 2020-07-09 10:00:00 | 56970bffe8be4650a71857bc4472e6c8 | SELL |
+------------------+---------------------+----------------------------------+------+
+----+---------------------+------------------------+-------+
|    | TIME                | STATE                  | MSG   |
|----+---------------------+------------------------+-------|
|  0 | 2020-07-09 10:00:00 | PUT ORDER REQ RECEIVED |       |
|  1 | 2020-07-09 10:00:00 | VALIDATION PENDING     |       |
|  2 | 2020-07-09 10:00:00 | OPEN PENDING           |       |
|  3 | 2020-07-09 10:00:00 | OPEN                   |       |
|  4 | 2020-07-09 10:15:00 | COMPLETE               |       |
+----+---------------------+------------------------+-------+

+------------------+---------------------+----------------------------------+------+
| INST             | TIME                | ID                               | TT   |
|------------------+---------------------+----------------------------------+------|
| NSE_EQ:TATASTEEL | 2020-07-09 10:00:00 | 0a06e41aac0744adb45bb4d3d2e19728 | SELL |
+------------------+---------------------+----------------------------------+------+
+----+---------------------+------------------------+-------+
|    | TIME                | STATE                  | MSG   |
|----+---------------------+------------------------+-------|
|  0 | 2020-07-09 10:00:00 | PUT ORDER REQ RECEIVED |       |
|  1 | 2020-07-09 10:00:00 | VALIDATION PENDING     |       |
|  2 | 2020-07-09 10:00:00 | OPEN PENDING           |       |
|  3 | 2020-07-09 10:00:00 | TRIGGER PENDING        |       |
|  4 | 2020-07-09 10:15:00 | CANCEL PENDING         |       |
|  5 | 2020-07-09 10:15:00 | CANCELLED              |       |
+----+---------------------+------------------------+-------+

+------------------+---------------------+----------------------------------+------+
| INST             | TIME                | ID                               | TT   |
|------------------+---------------------+----------------------------------+------|
| NSE_EQ:TATASTEEL | 2020-07-09 12:00:00 | fb0835889fb14199a36ebdc2df1abc36 | SELL |
+------------------+---------------------+----------------------------------+------+
+----+---------------------+------------------------+-------+
|    | TIME                | STATE                  | MSG   |
|----+---------------------+------------------------+-------|
|  0 | 2020-07-09 12:00:00 | PUT ORDER REQ RECEIVED |       |
|  1 | 2020-07-09 12:00:00 | VALIDATION PENDING     |       |
|  2 | 2020-07-09 12:00:00 | OPEN PENDING           |       |
|  3 | 2020-07-09 12:00:00 | OPEN                   |       |
|  4 | 2020-07-09 12:00:00 | COMPLETE               |       |
+----+---------------------+------------------------+-------+

+------------------+---------------------+----------------------------------+------+
| INST             | TIME                | ID                               | TT   |
|------------------+---------------------+----------------------------------+------|
| NSE_EQ:TATASTEEL | 2020-07-09 12:15:00 | 3aff1c59d1ca4f85aed33695323e88cf | BUY  |
+------------------+---------------------+----------------------------------+------+
+----+---------------------+------------------------+-------+
|    | TIME                | STATE                  | MSG   |
|----+---------------------+------------------------+-------|
|  0 | 2020-07-09 12:15:00 | PUT ORDER REQ RECEIVED |       |
|  1 | 2020-07-09 12:15:00 | VALIDATION PENDING     |       |
|  2 | 2020-07-09 12:15:00 | OPEN PENDING           |       |
|  3 | 2020-07-09 12:15:00 | OPEN                   |       |
|  4 | 2020-07-09 15:30:00 | CANCEL PENDING         |       |
|  5 | 2020-07-09 15:30:00 | CANCELLED              |       |
+----+---------------------+------------------------+-------+

+------------------+---------------------+----------------------------------+------+
| INST             | TIME                | ID                               | TT   |
|------------------+---------------------+----------------------------------+------|
| NSE_EQ:TATASTEEL | 2020-07-09 12:15:00 | 1a0241a43acf402da327c53b8b38ae29 | BUY  |
+------------------+---------------------+----------------------------------+------+
+----+---------------------+------------------------+-------+
|    | TIME                | STATE                  | MSG   |
|----+---------------------+------------------------+-------|
|  0 | 2020-07-09 12:15:00 | PUT ORDER REQ RECEIVED |       |
|  1 | 2020-07-09 12:15:00 | VALIDATION PENDING     |       |
|  2 | 2020-07-09 12:15:00 | OPEN PENDING           |       |
|  3 | 2020-07-09 12:15:00 | TRIGGER PENDING        |       |
|  4 | 2020-07-09 15:30:00 | CANCEL PENDING         |       |
|  5 | 2020-07-09 15:30:00 | CANCELLED              |       |
+----+---------------------+------------------------+-------+

+------------------+---------------------+----------------------------------+------+
| INST             | TIME                | ID                               | TT   |
|------------------+---------------------+----------------------------------+------|
| NSE_EQ:TATASTEEL | 2020-07-09 15:30:00 | b58cdc7bc12d414fab6d7618d924c00e | BUY  |
+------------------+---------------------+----------------------------------+------+
+----+---------------------+------------------------+-------+
|    | TIME                | STATE                  | MSG   |
|----+---------------------+------------------------+-------|
|  0 | 2020-07-09 15:30:00 | PUT ORDER REQ RECEIVED |       |
|  1 | 2020-07-09 15:30:00 | VALIDATION PENDING     |       |
|  2 | 2020-07-09 15:30:00 | OPEN PENDING           |       |
|  3 | 2020-07-09 15:30:00 | OPEN                   |       |
|  4 | 2020-07-09 15:30:00 | COMPLETE               |       |
+----+---------------------+------------------------+-------+