

+------------------+---------------------------+----------------------------------+------+
| INST             | timestamp                 | ID                               | TT   |
|------------------+---------------------------+----------------------------------+------|
| NSE_EQ:TATAPOWER | 2023-01-04 15:15:00+05:30 | 8837cd60adf74f208201c5feaed4cd66 | BUY  |
+------------------+---------------------------+----------------------------------+------+
+----+---------------------------+------------------------+-------+
|    | TIMESTAMP                 | STATE                  | MSG   |
|----+---------------------------+------------------------+-------|
|  0 | 2023-01-04 15:15:00+05:30 | PUT ORDER REQ RECEIVED |       |
|  1 | 2023-01-04 15:15:00+05:30 | VALIDATION PENDING     |       |
|  2 | 2023-01-04 15:15:00+05:30 | OPEN PENDING           |       |
|  3 | 2023-01-04 15:15:00+05:30 | OPEN                   |       |
|  4 | 2023-01-04 15:15:00+05:30 | COMPLETE               |       |
+----+---------------------------+------------------------+-------+

+------------------+---------------------------+----------------------------------+------+
| INST             | timestamp                 | ID                               | TT   |
|------------------+---------------------------+----------------------------------+------|
| NSE_EQ:TATAPOWER | 2023-01-04 15:30:00+05:30 | cce136688d764ca5bf2e4b67aff70796 | SELL |
+------------------+---------------------------+----------------------------------+------+
+----+---------------------------+------------------------+-------+
|    | TIMESTAMP                 | STATE                  | MSG   |
|----+---------------------------+------------------------+-------|
|  0 | 2023-01-04 15:30:00+05:30 | PUT ORDER REQ RECEIVED |       |
|  1 | 2023-01-04 15:30:00+05:30 | VALIDATION PENDING     |       |
|  2 | 2023-01-04 15:30:00+05:30 | OPEN PENDING           |       |
|  3 | 2023-01-04 15:30:00+05:30 | OPEN                   |       |
|  4 | 2023-01-04 15:30:00+05:30 | COMPLETE               |       |
+----+---------------------------+------------------------+-------+

+------------------+---------------------------+----------------------------------+------+
| INST             | timestamp                 | ID                               | TT   |
|------------------+---------------------------+----------------------------------+------|
| NSE_EQ:TATAPOWER | 2023-01-05 09:15:00+05:30 | 3bec7da0a1864eee9239266b2c0a6421 | BUY  |
+------------------+---------------------------+----------------------------------+------+
+----+---------------------------+------------------------+-------+
|    | TIMESTAMP                 | STATE                  | MSG   |
|----+---------------------------+------------------------+-------|
|  0 | 2023-01-05 09:15:00+05:30 | PUT ORDER REQ RECEIVED |       |
|  1 | 2023-01-05 09:15:00+05:30 | VALIDATION PENDING     |       |
|  2 | 2023-01-05 09:15:00+05:30 | OPEN PENDING           |       |
|  3 | 2023-01-05 09:15:00+05:30 | OPEN                   |       |
|  4 | 2023-01-05 09:15:00+05:30 | COMPLETE               |       |
+----+---------------------------+------------------------+-------+

+------------------+---------------------------+----------------------------------+------+
| INST             | timestamp                 | ID                               | TT   |
|------------------+---------------------------+----------------------------------+------|
| NSE_EQ:TATAPOWER | 2023-01-05 10:15:00+05:30 | 63312646f29d4f048103cb0d2d9981b3 | SELL |
+------------------+---------------------------+----------------------------------+------+
+----+---------------------------+------------------------+-------+
|    | TIMESTAMP                 | STATE                  | MSG   |
|----+---------------------------+------------------------+-------|
|  0 | 2023-01-05 10:15:00+05:30 | PUT ORDER REQ RECEIVED |       |
|  1 | 2023-01-05 10:15:00+05:30 | VALIDATION PENDING     |       |
|  2 | 2023-01-05 10:15:00+05:30 | OPEN PENDING           |       |
|  3 | 2023-01-05 10:15:00+05:30 | OPEN                   |       |
|  4 | 2023-01-05 10:15:00+05:30 | COMPLETE               |       |
+----+---------------------------+------------------------+-------+

+------------------+---------------------------+----------------------------------+------+
| INST             | timestamp                 | ID                               | TT   |
|------------------+---------------------------+----------------------------------+------|
| NSE_EQ:TATAPOWER | 2023-01-05 10:15:00+05:30 | a0cf7a5b9350412ebc35c71f7f76abc3 | SELL |
+------------------+---------------------------+----------------------------------+------+
+----+---------------------------+------------------------+-------+
|    | TIMESTAMP                 | STATE                  | MSG   |
|----+---------------------------+------------------------+-------|
|  0 | 2023-01-05 10:15:00+05:30 | PUT ORDER REQ RECEIVED |       |
|  1 | 2023-01-05 10:15:00+05:30 | VALIDATION PENDING     |       |
|  2 | 2023-01-05 10:15:00+05:30 | OPEN PENDING           |       |
|  3 | 2023-01-05 10:15:00+05:30 | OPEN                   |       |
|  4 | 2023-01-05 10:15:00+05:30 | COMPLETE               |       |
+----+---------------------------+------------------------+-------+

+------------------+---------------------------+----------------------------------+------+
| INST             | timestamp                 | ID                               | TT   |
|------------------+---------------------------+----------------------------------+------|
| NSE_EQ:TATAPOWER | 2023-01-05 15:15:00+05:30 | ce094b4b04b64938baba9b5e5a8da212 | BUY  |
+------------------+---------------------------+----------------------------------+------+
+----+---------------------------+------------------------+-------+
|    | TIMESTAMP                 | STATE                  | MSG   |
|----+---------------------------+------------------------+-------|
|  0 | 2023-01-05 15:15:00+05:30 | PUT ORDER REQ RECEIVED |       |
|  1 | 2023-01-05 15:15:00+05:30 | VALIDATION PENDING     |       |
|  2 | 2023-01-05 15:15:00+05:30 | OPEN PENDING           |       |
|  3 | 2023-01-05 15:15:00+05:30 | OPEN                   |       |
|  4 | 2023-01-05 15:15:00+05:30 | COMPLETE               |       |
+----+---------------------------+------------------------+-------+

+------------------+---------------------------+----------------------------------+------+
| INST             | timestamp                 | ID                               | TT   |
|------------------+---------------------------+----------------------------------+------|
| NSE_EQ:TATAPOWER | 2023-01-05 15:15:00+05:30 | c92d34ded9474aaeab9377523f575a99 | BUY  |
+------------------+---------------------------+----------------------------------+------+
+----+---------------------------+------------------------+-------+
|    | TIMESTAMP                 | STATE                  | MSG   |
|----+---------------------------+------------------------+-------|
|  0 | 2023-01-05 15:15:00+05:30 | PUT ORDER REQ RECEIVED |       |
|  1 | 2023-01-05 15:15:00+05:30 | VALIDATION PENDING     |       |
|  2 | 2023-01-05 15:15:00+05:30 | OPEN PENDING           |       |
|  3 | 2023-01-05 15:15:00+05:30 | OPEN                   |       |
|  4 | 2023-01-05 15:15:00+05:30 | COMPLETE               |       |
+----+---------------------------+------------------------+-------+

+------------------+---------------------------+----------------------------------+------+
| INST             | timestamp                 | ID                               | TT   |
|------------------+---------------------------+----------------------------------+------|
| NSE_EQ:TATAPOWER | 2023-01-05 15:30:00+05:30 | 8bd2cc18a3904107849a3371a946987b | SELL |
+------------------+---------------------------+----------------------------------+------+
+----+---------------------------+------------------------+-------+
|    | TIMESTAMP                 | STATE                  | MSG   |
|----+---------------------------+------------------------+-------|
|  0 | 2023-01-05 15:30:00+05:30 | PUT ORDER REQ RECEIVED |       |
|  1 | 2023-01-05 15:30:00+05:30 | VALIDATION PENDING     |       |
|  2 | 2023-01-05 15:30:00+05:30 | OPEN PENDING           |       |
|  3 | 2023-01-05 15:30:00+05:30 | OPEN                   |       |
|  4 | 2023-01-05 15:30:00+05:30 | COMPLETE               |       |
+----+---------------------------+------------------------+-------+

+------------------+---------------------------+----------------------------------+------+
| INST             | timestamp                 | ID                               | TT   |
|------------------+---------------------------+----------------------------------+------|
| NSE_EQ:TATAPOWER | 2023-01-06 09:15:00+05:30 | 35d0c0f4d699489bad70805a2f92e8ae | SELL |
+------------------+---------------------------+----------------------------------+------+
+----+---------------------------+------------------------+-------+
|    | TIMESTAMP                 | STATE                  | MSG   |
|----+---------------------------+------------------------+-------|
|  0 | 2023-01-06 09:15:00+05:30 | PUT ORDER REQ RECEIVED |       |
|  1 | 2023-01-06 09:15:00+05:30 | VALIDATION PENDING     |       |
|  2 | 2023-01-06 09:15:00+05:30 | OPEN PENDING           |       |
|  3 | 2023-01-06 09:15:00+05:30 | OPEN                   |       |
|  4 | 2023-01-06 09:15:00+05:30 | COMPLETE               |       |
+----+---------------------------+------------------------+-------+

+------------------+---------------------------+----------------------------------+------+
| INST             | timestamp                 | ID                               | TT   |
|------------------+---------------------------+----------------------------------+------|
| NSE_EQ:TATAPOWER | 2023-01-06 15:30:00+05:30 | e36bd4624a62433ebbfe2b2e874be29e | BUY  |
+------------------+---------------------------+----------------------------------+------+
+----+---------------------------+------------------------+-------+
|    | TIMESTAMP                 | STATE                  | MSG   |
|----+---------------------------+------------------------+-------|
|  0 | 2023-01-06 15:30:00+05:30 | PUT ORDER REQ RECEIVED |       |
|  1 | 2023-01-06 15:30:00+05:30 | VALIDATION PENDING     |       |
|  2 | 2023-01-06 15:30:00+05:30 | OPEN PENDING           |       |
|  3 | 2023-01-06 15:30:00+05:30 | OPEN                   |       |
|  4 | 2023-01-06 15:30:00+05:30 | COMPLETE               |       |
+----+---------------------------+------------------------+-------+

+------------------+---------------------------+----------------------------------+------+
| INST             | timestamp                 | ID                               | TT   |
|------------------+---------------------------+----------------------------------+------|
| NSE_EQ:TATAPOWER | 2023-01-09 09:15:00+05:30 | aad50298054a4546835f00929919a888 | SELL |
+------------------+---------------------------+----------------------------------+------+
+----+---------------------------+------------------------+-------+
|    | TIMESTAMP                 | STATE                  | MSG   |
|----+---------------------------+------------------------+-------|
|  0 | 2023-01-09 09:15:00+05:30 | PUT ORDER REQ RECEIVED |       |
|  1 | 2023-01-09 09:15:00+05:30 | VALIDATION PENDING     |       |
|  2 | 2023-01-09 09:15:00+05:30 | OPEN PENDING           |       |
|  3 | 2023-01-09 09:15:00+05:30 | OPEN                   |       |
|  4 | 2023-01-09 09:15:00+05:30 | COMPLETE               |       |
+----+---------------------------+------------------------+-------+

+------------------+---------------------------+----------------------------------+------+
| INST             | timestamp                 | ID                               | TT   |
|------------------+---------------------------+----------------------------------+------|
| NSE_EQ:TATAPOWER | 2023-01-09 15:30:00+05:30 | 54a0d7cbfcd84b7a83feaa0372b5dbbc | BUY  |
+------------------+---------------------------+----------------------------------+------+
+----+---------------------------+------------------------+-------+
|    | TIMESTAMP                 | STATE                  | MSG   |
|----+---------------------------+------------------------+-------|
|  0 | 2023-01-09 15:30:00+05:30 | PUT ORDER REQ RECEIVED |       |
|  1 | 2023-01-09 15:30:00+05:30 | VALIDATION PENDING     |       |
|  2 | 2023-01-09 15:30:00+05:30 | OPEN PENDING           |       |
|  3 | 2023-01-09 15:30:00+05:30 | OPEN                   |       |
|  4 | 2023-01-09 15:30:00+05:30 | COMPLETE               |       |
+----+---------------------------+------------------------+-------+

+------------------+---------------------------+----------------------------------+------+
| INST             | timestamp                 | ID                               | TT   |
|------------------+---------------------------+----------------------------------+------|
| NSE_EQ:TATAPOWER | 2023-01-10 09:15:00+05:30 | bd9bdc894caa4a6a8538a9192a85168a | SELL |
+------------------+---------------------------+----------------------------------+------+
+----+---------------------------+------------------------+-------+
|    | TIMESTAMP                 | STATE                  | MSG   |
|----+---------------------------+------------------------+-------|
|  0 | 2023-01-10 09:15:00+05:30 | PUT ORDER REQ RECEIVED |       |
|  1 | 2023-01-10 09:15:00+05:30 | VALIDATION PENDING     |       |
|  2 | 2023-01-10 09:15:00+05:30 | OPEN PENDING           |       |
|  3 | 2023-01-10 09:15:00+05:30 | OPEN                   |       |
|  4 | 2023-01-10 09:15:00+05:30 | COMPLETE               |       |
+----+---------------------------+------------------------+-------+

+------------------+---------------------------+----------------------------------+------+
| INST             | timestamp                 | ID                               | TT   |
|------------------+---------------------------+----------------------------------+------|
| NSE_EQ:TATAPOWER | 2023-01-10 15:30:00+05:30 | c4b4072301cb419b85162102810c6dd0 | BUY  |
+------------------+---------------------------+----------------------------------+------+
+----+---------------------------+------------------------+-------+
|    | TIMESTAMP                 | STATE                  | MSG   |
|----+---------------------------+------------------------+-------|
|  0 | 2023-01-10 15:30:00+05:30 | PUT ORDER REQ RECEIVED |       |
|  1 | 2023-01-10 15:30:00+05:30 | VALIDATION PENDING     |       |
|  2 | 2023-01-10 15:30:00+05:30 | OPEN PENDING           |       |
|  3 | 2023-01-10 15:30:00+05:30 | OPEN                   |       |
|  4 | 2023-01-10 15:30:00+05:30 | COMPLETE               |       |
+----+---------------------------+------------------------+-------+

+------------------+---------------------------+----------------------------------+------+
| INST             | timestamp                 | ID                               | TT   |
|------------------+---------------------------+----------------------------------+------|
| NSE_EQ:TATAPOWER | 2023-01-11 09:15:00+05:30 | 4ea9a6b228f549c487d28e2f510bc495 | SELL |
+------------------+---------------------------+----------------------------------+------+
+----+---------------------------+------------------------+-------+
|    | TIMESTAMP                 | STATE                  | MSG   |
|----+---------------------------+------------------------+-------|
|  0 | 2023-01-11 09:15:00+05:30 | PUT ORDER REQ RECEIVED |       |
|  1 | 2023-01-11 09:15:00+05:30 | VALIDATION PENDING     |       |
|  2 | 2023-01-11 09:15:00+05:30 | OPEN PENDING           |       |
|  3 | 2023-01-11 09:15:00+05:30 | OPEN                   |       |
|  4 | 2023-01-11 09:15:00+05:30 | COMPLETE               |       |
+----+---------------------------+------------------------+-------+

+------------------+---------------------------+----------------------------------+------+
| INST             | timestamp                 | ID                               | TT   |
|------------------+---------------------------+----------------------------------+------|
| NSE_EQ:TATAPOWER | 2023-01-11 15:30:00+05:30 | 3fc9711ab6474b689c440ea97bed6a15 | BUY  |
+------------------+---------------------------+----------------------------------+------+
+----+---------------------------+------------------------+-------+
|    | TIMESTAMP                 | STATE                  | MSG   |
|----+---------------------------+------------------------+-------|
|  0 | 2023-01-11 15:30:00+05:30 | PUT ORDER REQ RECEIVED |       |
|  1 | 2023-01-11 15:30:00+05:30 | VALIDATION PENDING     |       |
|  2 | 2023-01-11 15:30:00+05:30 | OPEN PENDING           |       |
|  3 | 2023-01-11 15:30:00+05:30 | OPEN                   |       |
|  4 | 2023-01-11 15:30:00+05:30 | COMPLETE               |       |
+----+---------------------------+------------------------+-------+

+------------------+---------------------------+----------------------------------+------+
| INST             | timestamp                 | ID                               | TT   |
|------------------+---------------------------+----------------------------------+------|
| NSE_EQ:TATAPOWER | 2023-01-12 09:15:00+05:30 | bdf4ab8e7b7a41839d4cd97a97ff0bcb | SELL |
+------------------+---------------------------+----------------------------------+------+
+----+---------------------------+------------------------+-------+
|    | TIMESTAMP                 | STATE                  | MSG   |
|----+---------------------------+------------------------+-------|
|  0 | 2023-01-12 09:15:00+05:30 | PUT ORDER REQ RECEIVED |       |
|  1 | 2023-01-12 09:15:00+05:30 | VALIDATION PENDING     |       |
|  2 | 2023-01-12 09:15:00+05:30 | OPEN PENDING           |       |
|  3 | 2023-01-12 09:15:00+05:30 | OPEN                   |       |
|  4 | 2023-01-12 09:15:00+05:30 | COMPLETE               |       |
+----+---------------------------+------------------------+-------+

+------------------+---------------------------+----------------------------------+------+
| INST             | timestamp                 | ID                               | TT   |
|------------------+---------------------------+----------------------------------+------|
| NSE_EQ:TATAPOWER | 2023-01-12 15:30:00+05:30 | 7005e32af8f94fe49da237ab75400049 | BUY  |
+------------------+---------------------------+----------------------------------+------+
+----+---------------------------+------------------------+-------+
|    | TIMESTAMP                 | STATE                  | MSG   |
|----+---------------------------+------------------------+-------|
|  0 | 2023-01-12 15:30:00+05:30 | PUT ORDER REQ RECEIVED |       |
|  1 | 2023-01-12 15:30:00+05:30 | VALIDATION PENDING     |       |
|  2 | 2023-01-12 15:30:00+05:30 | OPEN PENDING           |       |
|  3 | 2023-01-12 15:30:00+05:30 | OPEN                   |       |
|  4 | 2023-01-12 15:30:00+05:30 | COMPLETE               |       |
+----+---------------------------+------------------------+-------+

+------------------+---------------------------+----------------------------------+------+
| INST             | timestamp                 | ID                               | TT   |
|------------------+---------------------------+----------------------------------+------|
| NSE_EQ:TATAPOWER | 2023-01-13 09:15:00+05:30 | 392465e307a0412586b166260dd196ce | SELL |
+------------------+---------------------------+----------------------------------+------+
+----+---------------------------+------------------------+-------+
|    | TIMESTAMP                 | STATE                  | MSG   |
|----+---------------------------+------------------------+-------|
|  0 | 2023-01-13 09:15:00+05:30 | PUT ORDER REQ RECEIVED |       |
|  1 | 2023-01-13 09:15:00+05:30 | VALIDATION PENDING     |       |
|  2 | 2023-01-13 09:15:00+05:30 | OPEN PENDING           |       |
|  3 | 2023-01-13 09:15:00+05:30 | OPEN                   |       |
|  4 | 2023-01-13 09:15:00+05:30 | COMPLETE               |       |
+----+---------------------------+------------------------+-------+

+------------------+---------------------------+----------------------------------+------+
| INST             | timestamp                 | ID                               | TT   |
|------------------+---------------------------+----------------------------------+------|
| NSE_EQ:TATAPOWER | 2023-01-13 15:30:00+05:30 | b2060cdd278843df864a715a2b53a1a0 | BUY  |
+------------------+---------------------------+----------------------------------+------+
+----+---------------------------+------------------------+-------+
|    | TIMESTAMP                 | STATE                  | MSG   |
|----+---------------------------+------------------------+-------|
|  0 | 2023-01-13 15:30:00+05:30 | PUT ORDER REQ RECEIVED |       |
|  1 | 2023-01-13 15:30:00+05:30 | VALIDATION PENDING     |       |
|  2 | 2023-01-13 15:30:00+05:30 | OPEN PENDING           |       |
|  3 | 2023-01-13 15:30:00+05:30 | OPEN                   |       |
|  4 | 2023-01-13 15:30:00+05:30 | COMPLETE               |       |
+----+---------------------------+------------------------+-------+

+------------------+---------------------------+----------------------------------+------+
| INST             | timestamp                 | ID                               | TT   |
|------------------+---------------------------+----------------------------------+------|
| NSE_EQ:TATAPOWER | 2023-01-16 09:15:00+05:30 | 9e4a8101a465451690b8089b8fc5ef29 | SELL |
+------------------+---------------------------+----------------------------------+------+
+----+---------------------------+------------------------+-------+
|    | TIMESTAMP                 | STATE                  | MSG   |
|----+---------------------------+------------------------+-------|
|  0 | 2023-01-16 09:15:00+05:30 | PUT ORDER REQ RECEIVED |       |
|  1 | 2023-01-16 09:15:00+05:30 | VALIDATION PENDING     |       |
|  2 | 2023-01-16 09:15:00+05:30 | OPEN PENDING           |       |
|  3 | 2023-01-16 09:15:00+05:30 | OPEN                   |       |
|  4 | 2023-01-16 09:15:00+05:30 | COMPLETE               |       |
+----+---------------------------+------------------------+-------+

+------------------+---------------------------+----------------------------------+------+
| INST             | timestamp                 | ID                               | TT   |
|------------------+---------------------------+----------------------------------+------|
| NSE_EQ:TATAPOWER | 2023-01-16 15:30:00+05:30 | f319a0877cab451eb81bee89e4196712 | BUY  |
+------------------+---------------------------+----------------------------------+------+
+----+---------------------------+------------------------+-------+
|    | TIMESTAMP                 | STATE                  | MSG   |
|----+---------------------------+------------------------+-------|
|  0 | 2023-01-16 15:30:00+05:30 | PUT ORDER REQ RECEIVED |       |
|  1 | 2023-01-16 15:30:00+05:30 | VALIDATION PENDING     |       |
|  2 | 2023-01-16 15:30:00+05:30 | OPEN PENDING           |       |
|  3 | 2023-01-16 15:30:00+05:30 | OPEN                   |       |
|  4 | 2023-01-16 15:30:00+05:30 | COMPLETE               |       |
+----+---------------------------+------------------------+-------+

+------------------+---------------------------+----------------------------------+------+
| INST             | timestamp                 | ID                               | TT   |
|------------------+---------------------------+----------------------------------+------|
| NSE_EQ:TATAPOWER | 2023-01-17 09:15:00+05:30 | 32d3a1cb84b140cfbf2d42ac89f4142b | SELL |
+------------------+---------------------------+----------------------------------+------+
+----+---------------------------+------------------------+-------+
|    | TIMESTAMP                 | STATE                  | MSG   |
|----+---------------------------+------------------------+-------|
|  0 | 2023-01-17 09:15:00+05:30 | PUT ORDER REQ RECEIVED |       |
|  1 | 2023-01-17 09:15:00+05:30 | VALIDATION PENDING     |       |
|  2 | 2023-01-17 09:15:00+05:30 | OPEN PENDING           |       |
|  3 | 2023-01-17 09:15:00+05:30 | OPEN                   |       |
|  4 | 2023-01-17 09:15:00+05:30 | COMPLETE               |       |
+----+---------------------------+------------------------+-------+

+------------------+---------------------------+----------------------------------+------+
| INST             | timestamp                 | ID                               | TT   |
|------------------+---------------------------+----------------------------------+------|
| NSE_EQ:TATAPOWER | 2023-01-17 15:30:00+05:30 | 0548560911354a1f8792a418d15a1eda | BUY  |
+------------------+---------------------------+----------------------------------+------+
+----+---------------------------+------------------------+-------+
|    | TIMESTAMP                 | STATE                  | MSG   |
|----+---------------------------+------------------------+-------|
|  0 | 2023-01-17 15:30:00+05:30 | PUT ORDER REQ RECEIVED |       |
|  1 | 2023-01-17 15:30:00+05:30 | VALIDATION PENDING     |       |
|  2 | 2023-01-17 15:30:00+05:30 | OPEN PENDING           |       |
|  3 | 2023-01-17 15:30:00+05:30 | OPEN                   |       |
|  4 | 2023-01-17 15:30:00+05:30 | COMPLETE               |       |
+----+---------------------------+------------------------+-------+

+------------------+---------------------------+----------------------------------+------+
| INST             | timestamp                 | ID                               | TT   |
|------------------+---------------------------+----------------------------------+------|
| NSE_EQ:TATAPOWER | 2023-01-18 09:15:00+05:30 | b312fd1d29314401a780d4b0af4d241a | SELL |
+------------------+---------------------------+----------------------------------+------+
+----+---------------------------+------------------------+-------+
|    | TIMESTAMP                 | STATE                  | MSG   |
|----+---------------------------+------------------------+-------|
|  0 | 2023-01-18 09:15:00+05:30 | PUT ORDER REQ RECEIVED |       |
|  1 | 2023-01-18 09:15:00+05:30 | VALIDATION PENDING     |       |
|  2 | 2023-01-18 09:15:00+05:30 | OPEN PENDING           |       |
|  3 | 2023-01-18 09:15:00+05:30 | OPEN                   |       |
|  4 | 2023-01-18 09:15:00+05:30 | COMPLETE               |       |
+----+---------------------------+------------------------+-------+

+------------------+---------------------------+----------------------------------+------+
| INST             | timestamp                 | ID                               | TT   |
|------------------+---------------------------+----------------------------------+------|
| NSE_EQ:TATAPOWER | 2023-01-18 15:30:00+05:30 | 0fa893f960884f328fe0e73de29a8a8b | BUY  |
+------------------+---------------------------+----------------------------------+------+
+----+---------------------------+------------------------+-------+
|    | TIMESTAMP                 | STATE                  | MSG   |
|----+---------------------------+------------------------+-------|
|  0 | 2023-01-18 15:30:00+05:30 | PUT ORDER REQ RECEIVED |       |
|  1 | 2023-01-18 15:30:00+05:30 | VALIDATION PENDING     |       |
|  2 | 2023-01-18 15:30:00+05:30 | OPEN PENDING           |       |
|  3 | 2023-01-18 15:30:00+05:30 | OPEN                   |       |
|  4 | 2023-01-18 15:30:00+05:30 | COMPLETE               |       |
+----+---------------------------+------------------------+-------+

+------------------+---------------------------+----------------------------------+------+
| INST             | timestamp                 | ID                               | TT   |
|------------------+---------------------------+----------------------------------+------|
| NSE_EQ:TATAPOWER | 2023-01-19 09:15:00+05:30 | 655fe051ac874422b389ce08adec8d9a | SELL |
+------------------+---------------------------+----------------------------------+------+
+----+---------------------------+------------------------+-------+
|    | TIMESTAMP                 | STATE                  | MSG   |
|----+---------------------------+------------------------+-------|
|  0 | 2023-01-19 09:15:00+05:30 | PUT ORDER REQ RECEIVED |       |
|  1 | 2023-01-19 09:15:00+05:30 | VALIDATION PENDING     |       |
|  2 | 2023-01-19 09:15:00+05:30 | OPEN PENDING           |       |
|  3 | 2023-01-19 09:15:00+05:30 | OPEN                   |       |
|  4 | 2023-01-19 09:15:00+05:30 | COMPLETE               |       |
+----+---------------------------+------------------------+-------+

+------------------+---------------------------+----------------------------------+------+
| INST             | timestamp                 | ID                               | TT   |
|------------------+---------------------------+----------------------------------+------|
| NSE_EQ:TATAPOWER | 2023-01-19 15:30:00+05:30 | 3cd1b369cb3b4a4dae9689b91f16e3e6 | BUY  |
+------------------+---------------------------+----------------------------------+------+
+----+---------------------------+------------------------+-------+
|    | TIMESTAMP                 | STATE                  | MSG   |
|----+---------------------------+------------------------+-------|
|  0 | 2023-01-19 15:30:00+05:30 | PUT ORDER REQ RECEIVED |       |
|  1 | 2023-01-19 15:30:00+05:30 | VALIDATION PENDING     |       |
|  2 | 2023-01-19 15:30:00+05:30 | OPEN PENDING           |       |
|  3 | 2023-01-19 15:30:00+05:30 | OPEN                   |       |
|  4 | 2023-01-19 15:30:00+05:30 | COMPLETE               |       |
+----+---------------------------+------------------------+-------+

+------------------+---------------------------+----------------------------------+------+
| INST             | timestamp                 | ID                               | TT   |
|------------------+---------------------------+----------------------------------+------|
| NSE_EQ:TATAPOWER | 2023-01-20 09:15:00+05:30 | cf3560e92cac436e9ef969f2a96b72bb | SELL |
+------------------+---------------------------+----------------------------------+------+
+----+---------------------------+------------------------+-------+
|    | TIMESTAMP                 | STATE                  | MSG   |
|----+---------------------------+------------------------+-------|
|  0 | 2023-01-20 09:15:00+05:30 | PUT ORDER REQ RECEIVED |       |
|  1 | 2023-01-20 09:15:00+05:30 | VALIDATION PENDING     |       |
|  2 | 2023-01-20 09:15:00+05:30 | OPEN PENDING           |       |
|  3 | 2023-01-20 09:15:00+05:30 | OPEN                   |       |
|  4 | 2023-01-20 09:15:00+05:30 | COMPLETE               |       |
+----+---------------------------+------------------------+-------+

+------------------+---------------------------+----------------------------------+------+
| INST             | timestamp                 | ID                               | TT   |
|------------------+---------------------------+----------------------------------+------|
| NSE_EQ:TATAPOWER | 2023-01-20 15:30:00+05:30 | 13d55e8c9dc643f483c3f63b8e38e601 | BUY  |
+------------------+---------------------------+----------------------------------+------+
+----+---------------------------+------------------------+-------+
|    | TIMESTAMP                 | STATE                  | MSG   |
|----+---------------------------+------------------------+-------|
|  0 | 2023-01-20 15:30:00+05:30 | PUT ORDER REQ RECEIVED |       |
|  1 | 2023-01-20 15:30:00+05:30 | VALIDATION PENDING     |       |
|  2 | 2023-01-20 15:30:00+05:30 | OPEN PENDING           |       |
|  3 | 2023-01-20 15:30:00+05:30 | OPEN                   |       |
|  4 | 2023-01-20 15:30:00+05:30 | COMPLETE               |       |
+----+---------------------------+------------------------+-------+

+------------------+---------------------------+----------------------------------+------+
| INST             | timestamp                 | ID                               | TT   |
|------------------+---------------------------+----------------------------------+------|
| NSE_EQ:TATAPOWER | 2023-01-23 09:15:00+05:30 | caeefb38775c4e1fba536bc9bda8c098 | SELL |
+------------------+---------------------------+----------------------------------+------+
+----+---------------------------+------------------------+-------+
|    | TIMESTAMP                 | STATE                  | MSG   |
|----+---------------------------+------------------------+-------|
|  0 | 2023-01-23 09:15:00+05:30 | PUT ORDER REQ RECEIVED |       |
|  1 | 2023-01-23 09:15:00+05:30 | VALIDATION PENDING     |       |
|  2 | 2023-01-23 09:15:00+05:30 | OPEN PENDING           |       |
|  3 | 2023-01-23 09:15:00+05:30 | OPEN                   |       |
|  4 | 2023-01-23 09:15:00+05:30 | COMPLETE               |       |
+----+---------------------------+------------------------+-------+

+------------------+---------------------------+----------------------------------+------+
| INST             | timestamp                 | ID                               | TT   |
|------------------+---------------------------+----------------------------------+------|
| NSE_EQ:TATAPOWER | 2023-01-23 15:30:00+05:30 | 1a4a077b20e74b649620d880adee94cc | BUY  |
+------------------+---------------------------+----------------------------------+------+
+----+---------------------------+------------------------+-------+
|    | TIMESTAMP                 | STATE                  | MSG   |
|----+---------------------------+------------------------+-------|
|  0 | 2023-01-23 15:30:00+05:30 | PUT ORDER REQ RECEIVED |       |
|  1 | 2023-01-23 15:30:00+05:30 | VALIDATION PENDING     |       |
|  2 | 2023-01-23 15:30:00+05:30 | OPEN PENDING           |       |
|  3 | 2023-01-23 15:30:00+05:30 | OPEN                   |       |
|  4 | 2023-01-23 15:30:00+05:30 | COMPLETE               |       |
+----+---------------------------+------------------------+-------+

+------------------+---------------------------+----------------------------------+------+
| INST             | timestamp                 | ID                               | TT   |
|------------------+---------------------------+----------------------------------+------|
| NSE_EQ:TATAPOWER | 2023-01-24 09:15:00+05:30 | 29097ac82eac4bd5b810da3293ff4433 | SELL |
+------------------+---------------------------+----------------------------------+------+
+----+---------------------------+------------------------+-------+
|    | TIMESTAMP                 | STATE                  | MSG   |
|----+---------------------------+------------------------+-------|
|  0 | 2023-01-24 09:15:00+05:30 | PUT ORDER REQ RECEIVED |       |
|  1 | 2023-01-24 09:15:00+05:30 | VALIDATION PENDING     |       |
|  2 | 2023-01-24 09:15:00+05:30 | OPEN PENDING           |       |
|  3 | 2023-01-24 09:15:00+05:30 | OPEN                   |       |
|  4 | 2023-01-24 09:15:00+05:30 | COMPLETE               |       |
+----+---------------------------+------------------------+-------+

+------------------+---------------------------+----------------------------------+------+
| INST             | timestamp                 | ID                               | TT   |
|------------------+---------------------------+----------------------------------+------|
| NSE_EQ:TATAPOWER | 2023-01-24 15:30:00+05:30 | 311b690288cf49249da367416c159699 | BUY  |
+------------------+---------------------------+----------------------------------+------+
+----+---------------------------+------------------------+-------+
|    | TIMESTAMP                 | STATE                  | MSG   |
|----+---------------------------+------------------------+-------|
|  0 | 2023-01-24 15:30:00+05:30 | PUT ORDER REQ RECEIVED |       |
|  1 | 2023-01-24 15:30:00+05:30 | VALIDATION PENDING     |       |
|  2 | 2023-01-24 15:30:00+05:30 | OPEN PENDING           |       |
|  3 | 2023-01-24 15:30:00+05:30 | OPEN                   |       |
|  4 | 2023-01-24 15:30:00+05:30 | COMPLETE               |       |
+----+---------------------------+------------------------+-------+

+------------------+---------------------------+----------------------------------+------+
| INST             | timestamp                 | ID                               | TT   |
|------------------+---------------------------+----------------------------------+------|
| NSE_EQ:TATAPOWER | 2023-01-25 09:15:00+05:30 | 85cb922d199a4347a8d8aa310714e3c4 | SELL |
+------------------+---------------------------+----------------------------------+------+
+----+---------------------------+------------------------+-------+
|    | TIMESTAMP                 | STATE                  | MSG   |
|----+---------------------------+------------------------+-------|
|  0 | 2023-01-25 09:15:00+05:30 | PUT ORDER REQ RECEIVED |       |
|  1 | 2023-01-25 09:15:00+05:30 | VALIDATION PENDING     |       |
|  2 | 2023-01-25 09:15:00+05:30 | OPEN PENDING           |       |
|  3 | 2023-01-25 09:15:00+05:30 | OPEN                   |       |
|  4 | 2023-01-25 09:15:00+05:30 | COMPLETE               |       |
+----+---------------------------+------------------------+-------+

+------------------+---------------------------+----------------------------------+------+
| INST             | timestamp                 | ID                               | TT   |
|------------------+---------------------------+----------------------------------+------|
| NSE_EQ:TATAPOWER | 2023-01-25 15:30:00+05:30 | 3a63e58b95594f39a76f7bbc4bf8f4e3 | BUY  |
+------------------+---------------------------+----------------------------------+------+
+----+---------------------------+------------------------+-------+
|    | TIMESTAMP                 | STATE                  | MSG   |
|----+---------------------------+------------------------+-------|
|  0 | 2023-01-25 15:30:00+05:30 | PUT ORDER REQ RECEIVED |       |
|  1 | 2023-01-25 15:30:00+05:30 | VALIDATION PENDING     |       |
|  2 | 2023-01-25 15:30:00+05:30 | OPEN PENDING           |       |
|  3 | 2023-01-25 15:30:00+05:30 | OPEN                   |       |
|  4 | 2023-01-25 15:30:00+05:30 | COMPLETE               |       |
+----+---------------------------+------------------------+-------+

+------------------+---------------------------+----------------------------------+------+
| INST             | timestamp                 | ID                               | TT   |
|------------------+---------------------------+----------------------------------+------|
| NSE_EQ:TATAPOWER | 2023-01-27 09:15:00+05:30 | c6901077ffb5441d8c1c1c2d380e6bbb | SELL |
+------------------+---------------------------+----------------------------------+------+
+----+---------------------------+------------------------+-------+
|    | TIMESTAMP                 | STATE                  | MSG   |
|----+---------------------------+------------------------+-------|
|  0 | 2023-01-27 09:15:00+05:30 | PUT ORDER REQ RECEIVED |       |
|  1 | 2023-01-27 09:15:00+05:30 | VALIDATION PENDING     |       |
|  2 | 2023-01-27 09:15:00+05:30 | OPEN PENDING           |       |
|  3 | 2023-01-27 09:15:00+05:30 | OPEN                   |       |
|  4 | 2023-01-27 09:15:00+05:30 | COMPLETE               |       |
+----+---------------------------+------------------------+-------+

+------------------+---------------------------+----------------------------------+------+
| INST             | timestamp                 | ID                               | TT   |
|------------------+---------------------------+----------------------------------+------|
| NSE_EQ:TATAPOWER | 2023-01-27 11:15:00+05:30 | 8cdd4810f9554452af508f1cf219ef50 | BUY  |
+------------------+---------------------------+----------------------------------+------+
+----+---------------------------+------------------------+-------+
|    | TIMESTAMP                 | STATE                  | MSG   |
|----+---------------------------+------------------------+-------|
|  0 | 2023-01-27 11:15:00+05:30 | PUT ORDER REQ RECEIVED |       |
|  1 | 2023-01-27 11:15:00+05:30 | VALIDATION PENDING     |       |
|  2 | 2023-01-27 11:15:00+05:30 | OPEN PENDING           |       |
|  3 | 2023-01-27 11:15:00+05:30 | OPEN                   |       |
|  4 | 2023-01-27 11:15:00+05:30 | COMPLETE               |       |
+----+---------------------------+------------------------+-------+

+------------------+---------------------------+----------------------------------+------+
| INST             | timestamp                 | ID                               | TT   |
|------------------+---------------------------+----------------------------------+------|
| NSE_EQ:TATAPOWER | 2023-01-27 11:15:00+05:30 | cf0af924fe7c41328102f14ec4482264 | BUY  |
+------------------+---------------------------+----------------------------------+------+
+----+---------------------------+------------------------+-------+
|    | TIMESTAMP                 | STATE                  | MSG   |
|----+---------------------------+------------------------+-------|
|  0 | 2023-01-27 11:15:00+05:30 | PUT ORDER REQ RECEIVED |       |
|  1 | 2023-01-27 11:15:00+05:30 | VALIDATION PENDING     |       |
|  2 | 2023-01-27 11:15:00+05:30 | OPEN PENDING           |       |
|  3 | 2023-01-27 11:15:00+05:30 | OPEN                   |       |
|  4 | 2023-01-27 11:15:00+05:30 | COMPLETE               |       |
+----+---------------------------+------------------------+-------+

+------------------+---------------------------+----------------------------------+------+
| INST             | timestamp                 | ID                               | TT   |
|------------------+---------------------------+----------------------------------+------|
| NSE_EQ:TATAPOWER | 2023-01-27 15:30:00+05:30 | 486adafba3db42518f3c7c4ffb15d1c0 | SELL |
+------------------+---------------------------+----------------------------------+------+
+----+---------------------------+------------------------+-------+
|    | TIMESTAMP                 | STATE                  | MSG   |
|----+---------------------------+------------------------+-------|
|  0 | 2023-01-27 15:30:00+05:30 | PUT ORDER REQ RECEIVED |       |
|  1 | 2023-01-27 15:30:00+05:30 | VALIDATION PENDING     |       |
|  2 | 2023-01-27 15:30:00+05:30 | OPEN PENDING           |       |
|  3 | 2023-01-27 15:30:00+05:30 | OPEN                   |       |
|  4 | 2023-01-27 15:30:00+05:30 | COMPLETE               |       |
+----+---------------------------+------------------------+-------+

+------------------+---------------------------+----------------------------------+------+
| INST             | timestamp                 | ID                               | TT   |
|------------------+---------------------------+----------------------------------+------|
| NSE_EQ:TATAPOWER | 2023-01-30 09:15:00+05:30 | 520b19c4b27e4cceb3067b8bcfed6908 | BUY  |
+------------------+---------------------------+----------------------------------+------+
+----+---------------------------+------------------------+-------+
|    | TIMESTAMP                 | STATE                  | MSG   |
|----+---------------------------+------------------------+-------|
|  0 | 2023-01-30 09:15:00+05:30 | PUT ORDER REQ RECEIVED |       |
|  1 | 2023-01-30 09:15:00+05:30 | VALIDATION PENDING     |       |
|  2 | 2023-01-30 09:15:00+05:30 | OPEN PENDING           |       |
|  3 | 2023-01-30 09:15:00+05:30 | OPEN                   |       |
|  4 | 2023-01-30 09:15:00+05:30 | COMPLETE               |       |
+----+---------------------------+------------------------+-------+

+------------------+---------------------------+----------------------------------+------+
| INST             | timestamp                 | ID                               | TT   |
|------------------+---------------------------+----------------------------------+------|
| NSE_EQ:TATAPOWER | 2023-01-30 15:30:00+05:30 | dc894658f1484acc9f7d35d4861acfcc | SELL |
+------------------+---------------------------+----------------------------------+------+
+----+---------------------------+------------------------+-------+
|    | TIMESTAMP                 | STATE                  | MSG   |
|----+---------------------------+------------------------+-------|
|  0 | 2023-01-30 15:30:00+05:30 | PUT ORDER REQ RECEIVED |       |
|  1 | 2023-01-30 15:30:00+05:30 | VALIDATION PENDING     |       |
|  2 | 2023-01-30 15:30:00+05:30 | OPEN PENDING           |       |
|  3 | 2023-01-30 15:30:00+05:30 | OPEN                   |       |
|  4 | 2023-01-30 15:30:00+05:30 | COMPLETE               |       |
+----+---------------------------+------------------------+-------+

+------------------+---------------------------+----------------------------------+------+
| INST             | timestamp                 | ID                               | TT   |
|------------------+---------------------------+----------------------------------+------|
| NSE_EQ:TATAPOWER | 2023-01-31 09:15:00+05:30 | d393a6bcd52549e89d1377f5bb46069d | BUY  |
+------------------+---------------------------+----------------------------------+------+
+----+---------------------------+------------------------+-------+
|    | TIMESTAMP                 | STATE                  | MSG   |
|----+---------------------------+------------------------+-------|
|  0 | 2023-01-31 09:15:00+05:30 | PUT ORDER REQ RECEIVED |       |
|  1 | 2023-01-31 09:15:00+05:30 | VALIDATION PENDING     |       |
|  2 | 2023-01-31 09:15:00+05:30 | OPEN PENDING           |       |
|  3 | 2023-01-31 09:15:00+05:30 | OPEN                   |       |
|  4 | 2023-01-31 09:15:00+05:30 | COMPLETE               |       |
+----+---------------------------+------------------------+-------+

+------------------+---------------------------+----------------------------------+------+
| INST             | timestamp                 | ID                               | TT   |
|------------------+---------------------------+----------------------------------+------|
| NSE_EQ:TATAPOWER | 2023-01-31 15:30:00+05:30 | cf0b034f90094a08b3f32fc4736901ca | SELL |
+------------------+---------------------------+----------------------------------+------+
+----+---------------------------+------------------------+-------+
|    | TIMESTAMP                 | STATE                  | MSG   |
|----+---------------------------+------------------------+-------|
|  0 | 2023-01-31 15:30:00+05:30 | PUT ORDER REQ RECEIVED |       |
|  1 | 2023-01-31 15:30:00+05:30 | VALIDATION PENDING     |       |
|  2 | 2023-01-31 15:30:00+05:30 | OPEN PENDING           |       |
|  3 | 2023-01-31 15:30:00+05:30 | OPEN                   |       |
|  4 | 2023-01-31 15:30:00+05:30 | COMPLETE               |       |
+----+---------------------------+------------------------+-------+

+------------------+---------------------------+----------------------------------+------+
| INST             | timestamp                 | ID                               | TT   |
|------------------+---------------------------+----------------------------------+------|
| NSE_EQ:TATAPOWER | 2023-02-01 09:15:00+05:30 | fe98c6ed9fbe410c8d689532553a3c25 | BUY  |
+------------------+---------------------------+----------------------------------+------+
+----+---------------------------+------------------------+-------+
|    | TIMESTAMP                 | STATE                  | MSG   |
|----+---------------------------+------------------------+-------|
|  0 | 2023-02-01 09:15:00+05:30 | PUT ORDER REQ RECEIVED |       |
|  1 | 2023-02-01 09:15:00+05:30 | VALIDATION PENDING     |       |
|  2 | 2023-02-01 09:15:00+05:30 | OPEN PENDING           |       |
|  3 | 2023-02-01 09:15:00+05:30 | OPEN                   |       |
|  4 | 2023-02-01 09:15:00+05:30 | COMPLETE               |       |
+----+---------------------------+------------------------+-------+

+------------------+---------------------------+----------------------------------+------+
| INST             | timestamp                 | ID                               | TT   |
|------------------+---------------------------+----------------------------------+------|
| NSE_EQ:TATAPOWER | 2023-02-01 15:30:00+05:30 | e0b1494824e94d09a911d1900565430b | SELL |
+------------------+---------------------------+----------------------------------+------+
+----+---------------------------+------------------------+-------+
|    | TIMESTAMP                 | STATE                  | MSG   |
|----+---------------------------+------------------------+-------|
|  0 | 2023-02-01 15:30:00+05:30 | PUT ORDER REQ RECEIVED |       |
|  1 | 2023-02-01 15:30:00+05:30 | VALIDATION PENDING     |       |
|  2 | 2023-02-01 15:30:00+05:30 | OPEN PENDING           |       |
|  3 | 2023-02-01 15:30:00+05:30 | OPEN                   |       |
|  4 | 2023-02-01 15:30:00+05:30 | COMPLETE               |       |
+----+---------------------------+------------------------+-------+

+------------------+---------------------------+----------------------------------+------+
| INST             | timestamp                 | ID                               | TT   |
|------------------+---------------------------+----------------------------------+------|
| NSE_EQ:TATAPOWER | 2023-02-02 09:15:00+05:30 | 445a289a38384eabae72ff205fe15b28 | BUY  |
+------------------+---------------------------+----------------------------------+------+
+----+---------------------------+------------------------+-------+
|    | TIMESTAMP                 | STATE                  | MSG   |
|----+---------------------------+------------------------+-------|
|  0 | 2023-02-02 09:15:00+05:30 | PUT ORDER REQ RECEIVED |       |
|  1 | 2023-02-02 09:15:00+05:30 | VALIDATION PENDING     |       |
|  2 | 2023-02-02 09:15:00+05:30 | OPEN PENDING           |       |
|  3 | 2023-02-02 09:15:00+05:30 | OPEN                   |       |
|  4 | 2023-02-02 09:15:00+05:30 | COMPLETE               |       |
+----+---------------------------+------------------------+-------+

+------------------+---------------------------+----------------------------------+------+
| INST             | timestamp                 | ID                               | TT   |
|------------------+---------------------------+----------------------------------+------|
| NSE_EQ:TATAPOWER | 2023-02-02 15:30:00+05:30 | 8fe3f36e4e1d45fb8d9baa8466e5ed4c | SELL |
+------------------+---------------------------+----------------------------------+------+
+----+---------------------------+------------------------+-------+
|    | TIMESTAMP                 | STATE                  | MSG   |
|----+---------------------------+------------------------+-------|
|  0 | 2023-02-02 15:30:00+05:30 | PUT ORDER REQ RECEIVED |       |
|  1 | 2023-02-02 15:30:00+05:30 | VALIDATION PENDING     |       |
|  2 | 2023-02-02 15:30:00+05:30 | OPEN PENDING           |       |
|  3 | 2023-02-02 15:30:00+05:30 | OPEN                   |       |
|  4 | 2023-02-02 15:30:00+05:30 | COMPLETE               |       |
+----+---------------------------+------------------------+-------+

+------------------+---------------------------+----------------------------------+------+
| INST             | timestamp                 | ID                               | TT   |
|------------------+---------------------------+----------------------------------+------|
| NSE_EQ:TATAPOWER | 2023-02-03 09:15:00+05:30 | 8545aa6e17a5481f82198d237595641f | BUY  |
+------------------+---------------------------+----------------------------------+------+
+----+---------------------------+------------------------+-------+
|    | TIMESTAMP                 | STATE                  | MSG   |
|----+---------------------------+------------------------+-------|
|  0 | 2023-02-03 09:15:00+05:30 | PUT ORDER REQ RECEIVED |       |
|  1 | 2023-02-03 09:15:00+05:30 | VALIDATION PENDING     |       |
|  2 | 2023-02-03 09:15:00+05:30 | OPEN PENDING           |       |
|  3 | 2023-02-03 09:15:00+05:30 | OPEN                   |       |
|  4 | 2023-02-03 09:15:00+05:30 | COMPLETE               |       |
+----+---------------------------+------------------------+-------+

+------------------+---------------------------+----------------------------------+------+
| INST             | timestamp                 | ID                               | TT   |
|------------------+---------------------------+----------------------------------+------|
| NSE_EQ:TATAPOWER | 2023-02-03 15:30:00+05:30 | 3dc3000d236545b5a059db61993f7958 | SELL |
+------------------+---------------------------+----------------------------------+------+
+----+---------------------------+------------------------+-------+
|    | TIMESTAMP                 | STATE                  | MSG   |
|----+---------------------------+------------------------+-------|
|  0 | 2023-02-03 15:30:00+05:30 | PUT ORDER REQ RECEIVED |       |
|  1 | 2023-02-03 15:30:00+05:30 | VALIDATION PENDING     |       |
|  2 | 2023-02-03 15:30:00+05:30 | OPEN PENDING           |       |
|  3 | 2023-02-03 15:30:00+05:30 | OPEN                   |       |
|  4 | 2023-02-03 15:30:00+05:30 | COMPLETE               |       |
+----+---------------------------+------------------------+-------+

+------------------+---------------------------+----------------------------------+------+
| INST             | timestamp                 | ID                               | TT   |
|------------------+---------------------------+----------------------------------+------|
| NSE_EQ:TATAPOWER | 2023-02-06 09:15:00+05:30 | 3128fa0d3a6c4c31bc091420df11c5b7 | BUY  |
+------------------+---------------------------+----------------------------------+------+
+----+---------------------------+------------------------+-------+
|    | TIMESTAMP                 | STATE                  | MSG   |
|----+---------------------------+------------------------+-------|
|  0 | 2023-02-06 09:15:00+05:30 | PUT ORDER REQ RECEIVED |       |
|  1 | 2023-02-06 09:15:00+05:30 | VALIDATION PENDING     |       |
|  2 | 2023-02-06 09:15:00+05:30 | OPEN PENDING           |       |
|  3 | 2023-02-06 09:15:00+05:30 | OPEN                   |       |
|  4 | 2023-02-06 09:15:00+05:30 | COMPLETE               |       |
+----+---------------------------+------------------------+-------+

+------------------+---------------------------+----------------------------------+------+
| INST             | timestamp                 | ID                               | TT   |
|------------------+---------------------------+----------------------------------+------|
| NSE_EQ:TATAPOWER | 2023-02-06 15:30:00+05:30 | 9444f8a196ca4c52b29a0550bfffffe2 | SELL |
+------------------+---------------------------+----------------------------------+------+
+----+---------------------------+------------------------+-------+
|    | TIMESTAMP                 | STATE                  | MSG   |
|----+---------------------------+------------------------+-------|
|  0 | 2023-02-06 15:30:00+05:30 | PUT ORDER REQ RECEIVED |       |
|  1 | 2023-02-06 15:30:00+05:30 | VALIDATION PENDING     |       |
|  2 | 2023-02-06 15:30:00+05:30 | OPEN PENDING           |       |
|  3 | 2023-02-06 15:30:00+05:30 | OPEN                   |       |
|  4 | 2023-02-06 15:30:00+05:30 | COMPLETE               |       |
+----+---------------------------+------------------------+-------+

+------------------+---------------------------+----------------------------------+------+
| INST             | timestamp                 | ID                               | TT   |
|------------------+---------------------------+----------------------------------+------|
| NSE_EQ:TATAPOWER | 2023-02-07 09:15:00+05:30 | f27df5cd0ce542d38b8113a82dcc3fbc | BUY  |
+------------------+---------------------------+----------------------------------+------+
+----+---------------------------+------------------------+-------+
|    | TIMESTAMP                 | STATE                  | MSG   |
|----+---------------------------+------------------------+-------|
|  0 | 2023-02-07 09:15:00+05:30 | PUT ORDER REQ RECEIVED |       |
|  1 | 2023-02-07 09:15:00+05:30 | VALIDATION PENDING     |       |
|  2 | 2023-02-07 09:15:00+05:30 | OPEN PENDING           |       |
|  3 | 2023-02-07 09:15:00+05:30 | OPEN                   |       |
|  4 | 2023-02-07 09:15:00+05:30 | COMPLETE               |       |
+----+---------------------------+------------------------+-------+

+------------------+---------------------------+----------------------------------+------+
| INST             | timestamp                 | ID                               | TT   |
|------------------+---------------------------+----------------------------------+------|
| NSE_EQ:TATAPOWER | 2023-02-07 15:30:00+05:30 | a7e1bbede84e47b0a28b88105ab14854 | SELL |
+------------------+---------------------------+----------------------------------+------+
+----+---------------------------+------------------------+-------+
|    | TIMESTAMP                 | STATE                  | MSG   |
|----+---------------------------+------------------------+-------|
|  0 | 2023-02-07 15:30:00+05:30 | PUT ORDER REQ RECEIVED |       |
|  1 | 2023-02-07 15:30:00+05:30 | VALIDATION PENDING     |       |
|  2 | 2023-02-07 15:30:00+05:30 | OPEN PENDING           |       |
|  3 | 2023-02-07 15:30:00+05:30 | OPEN                   |       |
|  4 | 2023-02-07 15:30:00+05:30 | COMPLETE               |       |
+----+---------------------------+------------------------+-------+

+------------------+---------------------------+----------------------------------+------+
| INST             | timestamp                 | ID                               | TT   |
|------------------+---------------------------+----------------------------------+------|
| NSE_EQ:TATAPOWER | 2023-02-08 09:15:00+05:30 | f386361b1ab242efaaf8b27ea57027b7 | BUY  |
+------------------+---------------------------+----------------------------------+------+
+----+---------------------------+------------------------+-------+
|    | TIMESTAMP                 | STATE                  | MSG   |
|----+---------------------------+------------------------+-------|
|  0 | 2023-02-08 09:15:00+05:30 | PUT ORDER REQ RECEIVED |       |
|  1 | 2023-02-08 09:15:00+05:30 | VALIDATION PENDING     |       |
|  2 | 2023-02-08 09:15:00+05:30 | OPEN PENDING           |       |
|  3 | 2023-02-08 09:15:00+05:30 | OPEN                   |       |
|  4 | 2023-02-08 09:15:00+05:30 | COMPLETE               |       |
+----+---------------------------+------------------------+-------+

+------------------+---------------------------+----------------------------------+------+
| INST             | timestamp                 | ID                               | TT   |
|------------------+---------------------------+----------------------------------+------|
| NSE_EQ:TATAPOWER | 2023-02-08 15:30:00+05:30 | 998044654da14bdaa2c35467be2aa280 | SELL |
+------------------+---------------------------+----------------------------------+------+
+----+---------------------------+------------------------+-------+
|    | TIMESTAMP                 | STATE                  | MSG   |
|----+---------------------------+------------------------+-------|
|  0 | 2023-02-08 15:30:00+05:30 | PUT ORDER REQ RECEIVED |       |
|  1 | 2023-02-08 15:30:00+05:30 | VALIDATION PENDING     |       |
|  2 | 2023-02-08 15:30:00+05:30 | OPEN PENDING           |       |
|  3 | 2023-02-08 15:30:00+05:30 | OPEN                   |       |
|  4 | 2023-02-08 15:30:00+05:30 | COMPLETE               |       |
+----+---------------------------+------------------------+-------+

+------------------+---------------------------+----------------------------------+------+
| INST             | timestamp                 | ID                               | TT   |
|------------------+---------------------------+----------------------------------+------|
| NSE_EQ:TATAPOWER | 2023-02-09 09:15:00+05:30 | 79042f658dd74156a07ba95184beb04f | BUY  |
+------------------+---------------------------+----------------------------------+------+
+----+---------------------------+------------------------+-------+
|    | TIMESTAMP                 | STATE                  | MSG   |
|----+---------------------------+------------------------+-------|
|  0 | 2023-02-09 09:15:00+05:30 | PUT ORDER REQ RECEIVED |       |
|  1 | 2023-02-09 09:15:00+05:30 | VALIDATION PENDING     |       |
|  2 | 2023-02-09 09:15:00+05:30 | OPEN PENDING           |       |
|  3 | 2023-02-09 09:15:00+05:30 | OPEN                   |       |
|  4 | 2023-02-09 09:15:00+05:30 | COMPLETE               |       |
+----+---------------------------+------------------------+-------+

+------------------+---------------------------+----------------------------------+------+
| INST             | timestamp                 | ID                               | TT   |
|------------------+---------------------------+----------------------------------+------|
| NSE_EQ:TATAPOWER | 2023-02-09 15:30:00+05:30 | 2f2b8b9c93e14e6ca5a5f2ebdae22cdc | SELL |
+------------------+---------------------------+----------------------------------+------+
+----+---------------------------+------------------------+-------+
|    | TIMESTAMP                 | STATE                  | MSG   |
|----+---------------------------+------------------------+-------|
|  0 | 2023-02-09 15:30:00+05:30 | PUT ORDER REQ RECEIVED |       |
|  1 | 2023-02-09 15:30:00+05:30 | VALIDATION PENDING     |       |
|  2 | 2023-02-09 15:30:00+05:30 | OPEN PENDING           |       |
|  3 | 2023-02-09 15:30:00+05:30 | OPEN                   |       |
|  4 | 2023-02-09 15:30:00+05:30 | COMPLETE               |       |
+----+---------------------------+------------------------+-------+

+------------------+---------------------------+----------------------------------+------+
| INST             | timestamp                 | ID                               | TT   |
|------------------+---------------------------+----------------------------------+------|
| NSE_EQ:TATAPOWER | 2023-02-10 09:15:00+05:30 | 9674dd94c71e4d1a893018a080390251 | BUY  |
+------------------+---------------------------+----------------------------------+------+
+----+---------------------------+------------------------+-------+
|    | TIMESTAMP                 | STATE                  | MSG   |
|----+---------------------------+------------------------+-------|
|  0 | 2023-02-10 09:15:00+05:30 | PUT ORDER REQ RECEIVED |       |
|  1 | 2023-02-10 09:15:00+05:30 | VALIDATION PENDING     |       |
|  2 | 2023-02-10 09:15:00+05:30 | OPEN PENDING           |       |
|  3 | 2023-02-10 09:15:00+05:30 | OPEN                   |       |
|  4 | 2023-02-10 09:15:00+05:30 | COMPLETE               |       |
+----+---------------------------+------------------------+-------+

+------------------+---------------------------+----------------------------------+------+
| INST             | timestamp                 | ID                               | TT   |
|------------------+---------------------------+----------------------------------+------|
| NSE_EQ:TATAPOWER | 2023-02-10 14:15:00+05:30 | 87ccaf9d7c1c49ac9e3b532bf2ef935d | SELL |
+------------------+---------------------------+----------------------------------+------+
+----+---------------------------+------------------------+-------+
|    | TIMESTAMP                 | STATE                  | MSG   |
|----+---------------------------+------------------------+-------|
|  0 | 2023-02-10 14:15:00+05:30 | PUT ORDER REQ RECEIVED |       |
|  1 | 2023-02-10 14:15:00+05:30 | VALIDATION PENDING     |       |
|  2 | 2023-02-10 14:15:00+05:30 | OPEN PENDING           |       |
|  3 | 2023-02-10 14:15:00+05:30 | OPEN                   |       |
|  4 | 2023-02-10 14:15:00+05:30 | COMPLETE               |       |
+----+---------------------------+------------------------+-------+

+------------------+---------------------------+----------------------------------+------+
| INST             | timestamp                 | ID                               | TT   |
|------------------+---------------------------+----------------------------------+------|
| NSE_EQ:TATAPOWER | 2023-02-10 14:15:00+05:30 | 5069ad160b3e48f991ef5627c219c3f4 | SELL |
+------------------+---------------------------+----------------------------------+------+
+----+---------------------------+------------------------+-------+
|    | TIMESTAMP                 | STATE                  | MSG   |
|----+---------------------------+------------------------+-------|
|  0 | 2023-02-10 14:15:00+05:30 | PUT ORDER REQ RECEIVED |       |
|  1 | 2023-02-10 14:15:00+05:30 | VALIDATION PENDING     |       |
|  2 | 2023-02-10 14:15:00+05:30 | OPEN PENDING           |       |
|  3 | 2023-02-10 14:15:00+05:30 | OPEN                   |       |
|  4 | 2023-02-10 14:15:00+05:30 | COMPLETE               |       |
+----+---------------------------+------------------------+-------+

+------------------+---------------------------+----------------------------------+------+
| INST             | timestamp                 | ID                               | TT   |
|------------------+---------------------------+----------------------------------+------|
| NSE_EQ:TATAPOWER | 2023-02-10 15:30:00+05:30 | 1f5320464880441dbf83229274be4461 | BUY  |
+------------------+---------------------------+----------------------------------+------+
+----+---------------------------+------------------------+-------+
|    | TIMESTAMP                 | STATE                  | MSG   |
|----+---------------------------+------------------------+-------|
|  0 | 2023-02-10 15:30:00+05:30 | PUT ORDER REQ RECEIVED |       |
|  1 | 2023-02-10 15:30:00+05:30 | VALIDATION PENDING     |       |
|  2 | 2023-02-10 15:30:00+05:30 | OPEN PENDING           |       |
|  3 | 2023-02-10 15:30:00+05:30 | OPEN                   |       |
|  4 | 2023-02-10 15:30:00+05:30 | COMPLETE               |       |
+----+---------------------------+------------------------+-------+

+------------------+---------------------------+----------------------------------+------+
| INST             | timestamp                 | ID                               | TT   |
|------------------+---------------------------+----------------------------------+------|
| NSE_EQ:TATAPOWER | 2023-02-13 09:15:00+05:30 | 0cdeec85deff42018823f400b83686a1 | SELL |
+------------------+---------------------------+----------------------------------+------+
+----+---------------------------+------------------------+-------+
|    | TIMESTAMP                 | STATE                  | MSG   |
|----+---------------------------+------------------------+-------|
|  0 | 2023-02-13 09:15:00+05:30 | PUT ORDER REQ RECEIVED |       |
|  1 | 2023-02-13 09:15:00+05:30 | VALIDATION PENDING     |       |
|  2 | 2023-02-13 09:15:00+05:30 | OPEN PENDING           |       |
|  3 | 2023-02-13 09:15:00+05:30 | OPEN                   |       |
|  4 | 2023-02-13 09:15:00+05:30 | COMPLETE               |       |
+----+---------------------------+------------------------+-------+

+------------------+---------------------------+----------------------------------+------+
| INST             | timestamp                 | ID                               | TT   |
|------------------+---------------------------+----------------------------------+------|
| NSE_EQ:TATAPOWER | 2023-02-13 15:30:00+05:30 | b0571db4cd834f4bb7b8324b394df03c | BUY  |
+------------------+---------------------------+----------------------------------+------+
+----+---------------------------+------------------------+-------+
|    | TIMESTAMP                 | STATE                  | MSG   |
|----+---------------------------+------------------------+-------|
|  0 | 2023-02-13 15:30:00+05:30 | PUT ORDER REQ RECEIVED |       |
|  1 | 2023-02-13 15:30:00+05:30 | VALIDATION PENDING     |       |
|  2 | 2023-02-13 15:30:00+05:30 | OPEN PENDING           |       |
|  3 | 2023-02-13 15:30:00+05:30 | OPEN                   |       |
|  4 | 2023-02-13 15:30:00+05:30 | COMPLETE               |       |
+----+---------------------------+------------------------+-------+

+------------------+---------------------------+----------------------------------+------+
| INST             | timestamp                 | ID                               | TT   |
|------------------+---------------------------+----------------------------------+------|
| NSE_EQ:TATAPOWER | 2023-02-14 09:15:00+05:30 | 2fff6b81d04e4685be490af1a14c0524 | SELL |
+------------------+---------------------------+----------------------------------+------+
+----+---------------------------+------------------------+-------+
|    | TIMESTAMP                 | STATE                  | MSG   |
|----+---------------------------+------------------------+-------|
|  0 | 2023-02-14 09:15:00+05:30 | PUT ORDER REQ RECEIVED |       |
|  1 | 2023-02-14 09:15:00+05:30 | VALIDATION PENDING     |       |
|  2 | 2023-02-14 09:15:00+05:30 | OPEN PENDING           |       |
|  3 | 2023-02-14 09:15:00+05:30 | OPEN                   |       |
|  4 | 2023-02-14 09:15:00+05:30 | COMPLETE               |       |
+----+---------------------------+------------------------+-------+

+------------------+---------------------------+----------------------------------+------+
| INST             | timestamp                 | ID                               | TT   |
|------------------+---------------------------+----------------------------------+------|
| NSE_EQ:TATAPOWER | 2023-02-14 15:30:00+05:30 | df10842658e24101aba6b1a648243825 | BUY  |
+------------------+---------------------------+----------------------------------+------+
+----+---------------------------+------------------------+-------+
|    | TIMESTAMP                 | STATE                  | MSG   |
|----+---------------------------+------------------------+-------|
|  0 | 2023-02-14 15:30:00+05:30 | PUT ORDER REQ RECEIVED |       |
|  1 | 2023-02-14 15:30:00+05:30 | VALIDATION PENDING     |       |
|  2 | 2023-02-14 15:30:00+05:30 | OPEN PENDING           |       |
|  3 | 2023-02-14 15:30:00+05:30 | OPEN                   |       |
|  4 | 2023-02-14 15:30:00+05:30 | COMPLETE               |       |
+----+---------------------------+------------------------+-------+

+------------------+---------------------------+----------------------------------+------+
| INST             | timestamp                 | ID                               | TT   |
|------------------+---------------------------+----------------------------------+------|
| NSE_EQ:TATAPOWER | 2023-02-15 09:15:00+05:30 | c399fcae662a465f903417488b493a17 | SELL |
+------------------+---------------------------+----------------------------------+------+
+----+---------------------------+------------------------+-------+
|    | TIMESTAMP                 | STATE                  | MSG   |
|----+---------------------------+------------------------+-------|
|  0 | 2023-02-15 09:15:00+05:30 | PUT ORDER REQ RECEIVED |       |
|  1 | 2023-02-15 09:15:00+05:30 | VALIDATION PENDING     |       |
|  2 | 2023-02-15 09:15:00+05:30 | OPEN PENDING           |       |
|  3 | 2023-02-15 09:15:00+05:30 | OPEN                   |       |
|  4 | 2023-02-15 09:15:00+05:30 | COMPLETE               |       |
+----+---------------------------+------------------------+-------+

+------------------+---------------------------+----------------------------------+------+
| INST             | timestamp                 | ID                               | TT   |
|------------------+---------------------------+----------------------------------+------|
| NSE_EQ:TATAPOWER | 2023-02-15 15:30:00+05:30 | 0686571d99c34b07958b320c2c638452 | BUY  |
+------------------+---------------------------+----------------------------------+------+
+----+---------------------------+------------------------+-------+
|    | TIMESTAMP                 | STATE                  | MSG   |
|----+---------------------------+------------------------+-------|
|  0 | 2023-02-15 15:30:00+05:30 | PUT ORDER REQ RECEIVED |       |
|  1 | 2023-02-15 15:30:00+05:30 | VALIDATION PENDING     |       |
|  2 | 2023-02-15 15:30:00+05:30 | OPEN PENDING           |       |
|  3 | 2023-02-15 15:30:00+05:30 | OPEN                   |       |
|  4 | 2023-02-15 15:30:00+05:30 | COMPLETE               |       |
+----+---------------------------+------------------------+-------+

+------------------+---------------------------+----------------------------------+------+
| INST             | timestamp                 | ID                               | TT   |
|------------------+---------------------------+----------------------------------+------|
| NSE_EQ:TATAPOWER | 2023-02-16 09:15:00+05:30 | cd1de674970045fa8876e28b0d3cc739 | SELL |
+------------------+---------------------------+----------------------------------+------+
+----+---------------------------+------------------------+-------+
|    | TIMESTAMP                 | STATE                  | MSG   |
|----+---------------------------+------------------------+-------|
|  0 | 2023-02-16 09:15:00+05:30 | PUT ORDER REQ RECEIVED |       |
|  1 | 2023-02-16 09:15:00+05:30 | VALIDATION PENDING     |       |
|  2 | 2023-02-16 09:15:00+05:30 | OPEN PENDING           |       |
|  3 | 2023-02-16 09:15:00+05:30 | OPEN                   |       |
|  4 | 2023-02-16 09:15:00+05:30 | COMPLETE               |       |
+----+---------------------------+------------------------+-------+

+------------------+---------------------------+----------------------------------+------+
| INST             | timestamp                 | ID                               | TT   |
|------------------+---------------------------+----------------------------------+------|
| NSE_EQ:TATAPOWER | 2023-02-16 15:30:00+05:30 | 05639780823644edad2039c9e2d9d6e4 | BUY  |
+------------------+---------------------------+----------------------------------+------+
+----+---------------------------+------------------------+-------+
|    | TIMESTAMP                 | STATE                  | MSG   |
|----+---------------------------+------------------------+-------|
|  0 | 2023-02-16 15:30:00+05:30 | PUT ORDER REQ RECEIVED |       |
|  1 | 2023-02-16 15:30:00+05:30 | VALIDATION PENDING     |       |
|  2 | 2023-02-16 15:30:00+05:30 | OPEN PENDING           |       |
|  3 | 2023-02-16 15:30:00+05:30 | OPEN                   |       |
|  4 | 2023-02-16 15:30:00+05:30 | COMPLETE               |       |
+----+---------------------------+------------------------+-------+

+------------------+---------------------------+----------------------------------+------+
| INST             | timestamp                 | ID                               | TT   |
|------------------+---------------------------+----------------------------------+------|
| NSE_EQ:TATAPOWER | 2023-02-17 09:15:00+05:30 | fe06a2cefb0b4f62b4841571e33f796c | SELL |
+------------------+---------------------------+----------------------------------+------+
+----+---------------------------+------------------------+-------+
|    | TIMESTAMP                 | STATE                  | MSG   |
|----+---------------------------+------------------------+-------|
|  0 | 2023-02-17 09:15:00+05:30 | PUT ORDER REQ RECEIVED |       |
|  1 | 2023-02-17 09:15:00+05:30 | VALIDATION PENDING     |       |
|  2 | 2023-02-17 09:15:00+05:30 | OPEN PENDING           |       |
|  3 | 2023-02-17 09:15:00+05:30 | OPEN                   |       |
|  4 | 2023-02-17 09:15:00+05:30 | COMPLETE               |       |
+----+---------------------------+------------------------+-------+

+------------------+---------------------------+----------------------------------+------+
| INST             | timestamp                 | ID                               | TT   |
|------------------+---------------------------+----------------------------------+------|
| NSE_EQ:TATAPOWER | 2023-02-17 15:30:00+05:30 | 2141a14f5e364486bda8f922429e8166 | BUY  |
+------------------+---------------------------+----------------------------------+------+
+----+---------------------------+------------------------+-------+
|    | TIMESTAMP                 | STATE                  | MSG   |
|----+---------------------------+------------------------+-------|
|  0 | 2023-02-17 15:30:00+05:30 | PUT ORDER REQ RECEIVED |       |
|  1 | 2023-02-17 15:30:00+05:30 | VALIDATION PENDING     |       |
|  2 | 2023-02-17 15:30:00+05:30 | OPEN PENDING           |       |
|  3 | 2023-02-17 15:30:00+05:30 | OPEN                   |       |
|  4 | 2023-02-17 15:30:00+05:30 | COMPLETE               |       |
+----+---------------------------+------------------------+-------+

+------------------+---------------------------+----------------------------------+------+
| INST             | timestamp                 | ID                               | TT   |
|------------------+---------------------------+----------------------------------+------|
| NSE_EQ:TATAPOWER | 2023-02-20 09:15:00+05:30 | ec50ad1be6444850b527f4e098b6f03e | SELL |
+------------------+---------------------------+----------------------------------+------+
+----+---------------------------+------------------------+-------+
|    | TIMESTAMP                 | STATE                  | MSG   |
|----+---------------------------+------------------------+-------|
|  0 | 2023-02-20 09:15:00+05:30 | PUT ORDER REQ RECEIVED |       |
|  1 | 2023-02-20 09:15:00+05:30 | VALIDATION PENDING     |       |
|  2 | 2023-02-20 09:15:00+05:30 | OPEN PENDING           |       |
|  3 | 2023-02-20 09:15:00+05:30 | OPEN                   |       |
|  4 | 2023-02-20 09:15:00+05:30 | COMPLETE               |       |
+----+---------------------------+------------------------+-------+

+------------------+---------------------------+----------------------------------+------+
| INST             | timestamp                 | ID                               | TT   |
|------------------+---------------------------+----------------------------------+------|
| NSE_EQ:TATAPOWER | 2023-02-20 15:30:00+05:30 | e54f6e8c82664de2bcb529f221be4d41 | BUY  |
+------------------+---------------------------+----------------------------------+------+
+----+---------------------------+------------------------+-------+
|    | TIMESTAMP                 | STATE                  | MSG   |
|----+---------------------------+------------------------+-------|
|  0 | 2023-02-20 15:30:00+05:30 | PUT ORDER REQ RECEIVED |       |
|  1 | 2023-02-20 15:30:00+05:30 | VALIDATION PENDING     |       |
|  2 | 2023-02-20 15:30:00+05:30 | OPEN PENDING           |       |
|  3 | 2023-02-20 15:30:00+05:30 | OPEN                   |       |
|  4 | 2023-02-20 15:30:00+05:30 | COMPLETE               |       |
+----+---------------------------+------------------------+-------+

+------------------+---------------------------+----------------------------------+------+
| INST             | timestamp                 | ID                               | TT   |
|------------------+---------------------------+----------------------------------+------|
| NSE_EQ:TATAPOWER | 2023-02-21 09:15:00+05:30 | 4233080b41804b6f920c113efe7f5503 | SELL |
+------------------+---------------------------+----------------------------------+------+
+----+---------------------------+------------------------+-------+
|    | TIMESTAMP                 | STATE                  | MSG   |
|----+---------------------------+------------------------+-------|
|  0 | 2023-02-21 09:15:00+05:30 | PUT ORDER REQ RECEIVED |       |
|  1 | 2023-02-21 09:15:00+05:30 | VALIDATION PENDING     |       |
|  2 | 2023-02-21 09:15:00+05:30 | OPEN PENDING           |       |
|  3 | 2023-02-21 09:15:00+05:30 | OPEN                   |       |
|  4 | 2023-02-21 09:15:00+05:30 | COMPLETE               |       |
+----+---------------------------+------------------------+-------+

+------------------+---------------------------+----------------------------------+------+
| INST             | timestamp                 | ID                               | TT   |
|------------------+---------------------------+----------------------------------+------|
| NSE_EQ:TATAPOWER | 2023-02-21 15:30:00+05:30 | 03975c86820441529c4da07004a89471 | BUY  |
+------------------+---------------------------+----------------------------------+------+
+----+---------------------------+------------------------+-------+
|    | TIMESTAMP                 | STATE                  | MSG   |
|----+---------------------------+------------------------+-------|
|  0 | 2023-02-21 15:30:00+05:30 | PUT ORDER REQ RECEIVED |       |
|  1 | 2023-02-21 15:30:00+05:30 | VALIDATION PENDING     |       |
|  2 | 2023-02-21 15:30:00+05:30 | OPEN PENDING           |       |
|  3 | 2023-02-21 15:30:00+05:30 | OPEN                   |       |
|  4 | 2023-02-21 15:30:00+05:30 | COMPLETE               |       |
+----+---------------------------+------------------------+-------+

+------------------+---------------------------+----------------------------------+------+
| INST             | timestamp                 | ID                               | TT   |
|------------------+---------------------------+----------------------------------+------|
| NSE_EQ:TATAPOWER | 2023-02-22 09:15:00+05:30 | 5ac63569f1584be4b38d37f32bbe8b63 | SELL |
+------------------+---------------------------+----------------------------------+------+
+----+---------------------------+------------------------+-------+
|    | TIMESTAMP                 | STATE                  | MSG   |
|----+---------------------------+------------------------+-------|
|  0 | 2023-02-22 09:15:00+05:30 | PUT ORDER REQ RECEIVED |       |
|  1 | 2023-02-22 09:15:00+05:30 | VALIDATION PENDING     |       |
|  2 | 2023-02-22 09:15:00+05:30 | OPEN PENDING           |       |
|  3 | 2023-02-22 09:15:00+05:30 | OPEN                   |       |
|  4 | 2023-02-22 09:15:00+05:30 | COMPLETE               |       |
+----+---------------------------+------------------------+-------+

+------------------+---------------------------+----------------------------------+------+
| INST             | timestamp                 | ID                               | TT   |
|------------------+---------------------------+----------------------------------+------|
| NSE_EQ:TATAPOWER | 2023-02-22 15:30:00+05:30 | 4acfbd43a9034276813a5b6234a46dcc | BUY  |
+------------------+---------------------------+----------------------------------+------+
+----+---------------------------+------------------------+-------+
|    | TIMESTAMP                 | STATE                  | MSG   |
|----+---------------------------+------------------------+-------|
|  0 | 2023-02-22 15:30:00+05:30 | PUT ORDER REQ RECEIVED |       |
|  1 | 2023-02-22 15:30:00+05:30 | VALIDATION PENDING     |       |
|  2 | 2023-02-22 15:30:00+05:30 | OPEN PENDING           |       |
|  3 | 2023-02-22 15:30:00+05:30 | OPEN                   |       |
|  4 | 2023-02-22 15:30:00+05:30 | COMPLETE               |       |
+----+---------------------------+------------------------+-------+

+------------------+---------------------------+----------------------------------+------+
| INST             | timestamp                 | ID                               | TT   |
|------------------+---------------------------+----------------------------------+------|
| NSE_EQ:TATAPOWER | 2023-02-23 09:15:00+05:30 | 5e04c3df42a143acbe0ca8262351a324 | SELL |
+------------------+---------------------------+----------------------------------+------+
+----+---------------------------+------------------------+-------+
|    | TIMESTAMP                 | STATE                  | MSG   |
|----+---------------------------+------------------------+-------|
|  0 | 2023-02-23 09:15:00+05:30 | PUT ORDER REQ RECEIVED |       |
|  1 | 2023-02-23 09:15:00+05:30 | VALIDATION PENDING     |       |
|  2 | 2023-02-23 09:15:00+05:30 | OPEN PENDING           |       |
|  3 | 2023-02-23 09:15:00+05:30 | OPEN                   |       |
|  4 | 2023-02-23 09:15:00+05:30 | COMPLETE               |       |
+----+---------------------------+------------------------+-------+

+------------------+---------------------------+----------------------------------+------+
| INST             | timestamp                 | ID                               | TT   |
|------------------+---------------------------+----------------------------------+------|
| NSE_EQ:TATAPOWER | 2023-02-23 15:30:00+05:30 | 0fc5126228f3453aac196222e2c34039 | BUY  |
+------------------+---------------------------+----------------------------------+------+
+----+---------------------------+------------------------+-------+
|    | TIMESTAMP                 | STATE                  | MSG   |
|----+---------------------------+------------------------+-------|
|  0 | 2023-02-23 15:30:00+05:30 | PUT ORDER REQ RECEIVED |       |
|  1 | 2023-02-23 15:30:00+05:30 | VALIDATION PENDING     |       |
|  2 | 2023-02-23 15:30:00+05:30 | OPEN PENDING           |       |
|  3 | 2023-02-23 15:30:00+05:30 | OPEN                   |       |
|  4 | 2023-02-23 15:30:00+05:30 | COMPLETE               |       |
+----+---------------------------+------------------------+-------+

+------------------+---------------------------+----------------------------------+------+
| INST             | timestamp                 | ID                               | TT   |
|------------------+---------------------------+----------------------------------+------|
| NSE_EQ:TATAPOWER | 2023-02-24 09:15:00+05:30 | 270c8edc716f47329579d3bd5ea86e39 | SELL |
+------------------+---------------------------+----------------------------------+------+
+----+---------------------------+------------------------+-------+
|    | TIMESTAMP                 | STATE                  | MSG   |
|----+---------------------------+------------------------+-------|
|  0 | 2023-02-24 09:15:00+05:30 | PUT ORDER REQ RECEIVED |       |
|  1 | 2023-02-24 09:15:00+05:30 | VALIDATION PENDING     |       |
|  2 | 2023-02-24 09:15:00+05:30 | OPEN PENDING           |       |
|  3 | 2023-02-24 09:15:00+05:30 | OPEN                   |       |
|  4 | 2023-02-24 09:15:00+05:30 | COMPLETE               |       |
+----+---------------------------+------------------------+-------+

+------------------+---------------------------+----------------------------------+------+
| INST             | timestamp                 | ID                               | TT   |
|------------------+---------------------------+----------------------------------+------|
| NSE_EQ:TATAPOWER | 2023-02-24 15:30:00+05:30 | aef24572908243d9a6be852afd32a4fe | BUY  |
+------------------+---------------------------+----------------------------------+------+
+----+---------------------------+------------------------+-------+
|    | TIMESTAMP                 | STATE                  | MSG   |
|----+---------------------------+------------------------+-------|
|  0 | 2023-02-24 15:30:00+05:30 | PUT ORDER REQ RECEIVED |       |
|  1 | 2023-02-24 15:30:00+05:30 | VALIDATION PENDING     |       |
|  2 | 2023-02-24 15:30:00+05:30 | OPEN PENDING           |       |
|  3 | 2023-02-24 15:30:00+05:30 | OPEN                   |       |
|  4 | 2023-02-24 15:30:00+05:30 | COMPLETE               |       |
+----+---------------------------+------------------------+-------+