

+-------------+---------------------------+----------------------------------+------+
| INST        | timestamp                 | ID                               | TT   |
|-------------+---------------------------+----------------------------------+------|
| NSE_EQ:SBIN | 2023-01-04 12:15:00+05:30 | 44fd8a5f112940aa91dd70f06a6caa72 | SELL |
+-------------+---------------------------+----------------------------------+------+
+----+---------------------------+------------------------+-------+
|    | TIMESTAMP                 | STATE                  | MSG   |
|----+---------------------------+------------------------+-------|
|  0 | 2023-01-04 12:15:00+05:30 | PUT ORDER REQ RECEIVED |       |
|  1 | 2023-01-04 12:15:00+05:30 | VALIDATION PENDING     |       |
|  2 | 2023-01-04 12:15:00+05:30 | OPEN PENDING           |       |
|  3 | 2023-01-04 12:15:00+05:30 | OPEN                   |       |
|  4 | 2023-01-04 12:15:00+05:30 | COMPLETE               |       |
+----+---------------------------+------------------------+-------+

+-------------+---------------------------+----------------------------------+------+
| INST        | timestamp                 | ID                               | TT   |
|-------------+---------------------------+----------------------------------+------|
| NSE_EQ:SBIN | 2023-01-04 15:30:00+05:30 | 1651b20892874f7787bd991276edf00c | BUY  |
+-------------+---------------------------+----------------------------------+------+
+----+---------------------------+------------------------+-------+
|    | TIMESTAMP                 | STATE                  | MSG   |
|----+---------------------------+------------------------+-------|
|  0 | 2023-01-04 15:30:00+05:30 | PUT ORDER REQ RECEIVED |       |
|  1 | 2023-01-04 15:30:00+05:30 | VALIDATION PENDING     |       |
|  2 | 2023-01-04 15:30:00+05:30 | OPEN PENDING           |       |
|  3 | 2023-01-04 15:30:00+05:30 | OPEN                   |       |
|  4 | 2023-01-04 15:30:00+05:30 | COMPLETE               |       |
+----+---------------------------+------------------------+-------+

+-------------+---------------------------+----------------------------------+------+
| INST        | timestamp                 | ID                               | TT   |
|-------------+---------------------------+----------------------------------+------|
| NSE_EQ:SBIN | 2023-01-10 09:15:00+05:30 | 313890708ca1434a81cac4d401a97e7f | BUY  |
+-------------+---------------------------+----------------------------------+------+
+----+---------------------------+------------------------+-------+
|    | TIMESTAMP                 | STATE                  | MSG   |
|----+---------------------------+------------------------+-------|
|  0 | 2023-01-10 09:15:00+05:30 | PUT ORDER REQ RECEIVED |       |
|  1 | 2023-01-10 09:15:00+05:30 | VALIDATION PENDING     |       |
|  2 | 2023-01-10 09:15:00+05:30 | OPEN PENDING           |       |
|  3 | 2023-01-10 09:15:00+05:30 | OPEN                   |       |
|  4 | 2023-01-10 09:15:00+05:30 | COMPLETE               |       |
+----+---------------------------+------------------------+-------+

+-------------+---------------------------+----------------------------------+------+
| INST        | timestamp                 | ID                               | TT   |
|-------------+---------------------------+----------------------------------+------|
| NSE_EQ:SBIN | 2023-01-10 10:15:00+05:30 | 5a12e31621884351ade09f2bfd2f041c | SELL |
+-------------+---------------------------+----------------------------------+------+
+----+---------------------------+------------------------+-------+
|    | TIMESTAMP                 | STATE                  | MSG   |
|----+---------------------------+------------------------+-------|
|  0 | 2023-01-10 10:15:00+05:30 | PUT ORDER REQ RECEIVED |       |
|  1 | 2023-01-10 10:15:00+05:30 | VALIDATION PENDING     |       |
|  2 | 2023-01-10 10:15:00+05:30 | OPEN PENDING           |       |
|  3 | 2023-01-10 10:15:00+05:30 | OPEN                   |       |
|  4 | 2023-01-10 10:15:00+05:30 | COMPLETE               |       |
+----+---------------------------+------------------------+-------+

+-------------+---------------------------+----------------------------------+------+
| INST        | timestamp                 | ID                               | TT   |
|-------------+---------------------------+----------------------------------+------|
| NSE_EQ:SBIN | 2023-01-10 10:15:00+05:30 | 4cb7336bd0c24457b23eba47298adc13 | SELL |
+-------------+---------------------------+----------------------------------+------+
+----+---------------------------+------------------------+-------+
|    | TIMESTAMP                 | STATE                  | MSG   |
|----+---------------------------+------------------------+-------|
|  0 | 2023-01-10 10:15:00+05:30 | PUT ORDER REQ RECEIVED |       |
|  1 | 2023-01-10 10:15:00+05:30 | VALIDATION PENDING     |       |
|  2 | 2023-01-10 10:15:00+05:30 | OPEN PENDING           |       |
|  3 | 2023-01-10 10:15:00+05:30 | OPEN                   |       |
|  4 | 2023-01-10 10:15:00+05:30 | COMPLETE               |       |
+----+---------------------------+------------------------+-------+

+-------------+---------------------------+----------------------------------+------+
| INST        | timestamp                 | ID                               | TT   |
|-------------+---------------------------+----------------------------------+------|
| NSE_EQ:SBIN | 2023-01-10 15:30:00+05:30 | 553beabb20ba4723b9afb7f15a1480a8 | BUY  |
+-------------+---------------------------+----------------------------------+------+
+----+---------------------------+------------------------+-------+
|    | TIMESTAMP                 | STATE                  | MSG   |
|----+---------------------------+------------------------+-------|
|  0 | 2023-01-10 15:30:00+05:30 | PUT ORDER REQ RECEIVED |       |
|  1 | 2023-01-10 15:30:00+05:30 | VALIDATION PENDING     |       |
|  2 | 2023-01-10 15:30:00+05:30 | OPEN PENDING           |       |
|  3 | 2023-01-10 15:30:00+05:30 | OPEN                   |       |
|  4 | 2023-01-10 15:30:00+05:30 | COMPLETE               |       |
+----+---------------------------+------------------------+-------+

+-------------+---------------------------+----------------------------------+------+
| INST        | timestamp                 | ID                               | TT   |
|-------------+---------------------------+----------------------------------+------|
| NSE_EQ:SBIN | 2023-01-13 15:15:00+05:30 | c3cf66a10e7f4c6f8f09c3789d5828b6 | BUY  |
+-------------+---------------------------+----------------------------------+------+
+----+---------------------------+------------------------+-------+
|    | TIMESTAMP                 | STATE                  | MSG   |
|----+---------------------------+------------------------+-------|
|  0 | 2023-01-13 15:15:00+05:30 | PUT ORDER REQ RECEIVED |       |
|  1 | 2023-01-13 15:15:00+05:30 | VALIDATION PENDING     |       |
|  2 | 2023-01-13 15:15:00+05:30 | OPEN PENDING           |       |
|  3 | 2023-01-13 15:15:00+05:30 | OPEN                   |       |
|  4 | 2023-01-13 15:15:00+05:30 | COMPLETE               |       |
+----+---------------------------+------------------------+-------+

+-------------+---------------------------+----------------------------------+------+
| INST        | timestamp                 | ID                               | TT   |
|-------------+---------------------------+----------------------------------+------|
| NSE_EQ:SBIN | 2023-01-13 15:30:00+05:30 | 59cc33347c7f498f961cf62531658693 | SELL |
+-------------+---------------------------+----------------------------------+------+
+----+---------------------------+------------------------+-------+
|    | TIMESTAMP                 | STATE                  | MSG   |
|----+---------------------------+------------------------+-------|
|  0 | 2023-01-13 15:30:00+05:30 | PUT ORDER REQ RECEIVED |       |
|  1 | 2023-01-13 15:30:00+05:30 | VALIDATION PENDING     |       |
|  2 | 2023-01-13 15:30:00+05:30 | OPEN PENDING           |       |
|  3 | 2023-01-13 15:30:00+05:30 | OPEN                   |       |
|  4 | 2023-01-13 15:30:00+05:30 | COMPLETE               |       |
+----+---------------------------+------------------------+-------+

+-------------+---------------------------+----------------------------------+------+
| INST        | timestamp                 | ID                               | TT   |
|-------------+---------------------------+----------------------------------+------|
| NSE_EQ:SBIN | 2023-01-17 14:15:00+05:30 | 777366c9378a49408e4f9fb37420a73b | SELL |
+-------------+---------------------------+----------------------------------+------+
+----+---------------------------+------------------------+-------+
|    | TIMESTAMP                 | STATE                  | MSG   |
|----+---------------------------+------------------------+-------|
|  0 | 2023-01-17 14:15:00+05:30 | PUT ORDER REQ RECEIVED |       |
|  1 | 2023-01-17 14:15:00+05:30 | VALIDATION PENDING     |       |
|  2 | 2023-01-17 14:15:00+05:30 | OPEN PENDING           |       |
|  3 | 2023-01-17 14:15:00+05:30 | OPEN                   |       |
|  4 | 2023-01-17 14:15:00+05:30 | COMPLETE               |       |
+----+---------------------------+------------------------+-------+

+-------------+---------------------------+----------------------------------+------+
| INST        | timestamp                 | ID                               | TT   |
|-------------+---------------------------+----------------------------------+------|
| NSE_EQ:SBIN | 2023-01-17 15:30:00+05:30 | 6d96e49891fc4853be459937598465df | BUY  |
+-------------+---------------------------+----------------------------------+------+
+----+---------------------------+------------------------+-------+
|    | TIMESTAMP                 | STATE                  | MSG   |
|----+---------------------------+------------------------+-------|
|  0 | 2023-01-17 15:30:00+05:30 | PUT ORDER REQ RECEIVED |       |
|  1 | 2023-01-17 15:30:00+05:30 | VALIDATION PENDING     |       |
|  2 | 2023-01-17 15:30:00+05:30 | OPEN PENDING           |       |
|  3 | 2023-01-17 15:30:00+05:30 | OPEN                   |       |
|  4 | 2023-01-17 15:30:00+05:30 | COMPLETE               |       |
+----+---------------------------+------------------------+-------+

+-------------+---------------------------+----------------------------------+------+
| INST        | timestamp                 | ID                               | TT   |
|-------------+---------------------------+----------------------------------+------|
| NSE_EQ:SBIN | 2023-01-23 10:15:00+05:30 | dc24d77fc1d54bed80662796bd8f9a44 | BUY  |
+-------------+---------------------------+----------------------------------+------+
+----+---------------------------+------------------------+-------+
|    | TIMESTAMP                 | STATE                  | MSG   |
|----+---------------------------+------------------------+-------|
|  0 | 2023-01-23 10:15:00+05:30 | PUT ORDER REQ RECEIVED |       |
|  1 | 2023-01-23 10:15:00+05:30 | VALIDATION PENDING     |       |
|  2 | 2023-01-23 10:15:00+05:30 | OPEN PENDING           |       |
|  3 | 2023-01-23 10:15:00+05:30 | OPEN                   |       |
|  4 | 2023-01-23 10:15:00+05:30 | COMPLETE               |       |
+----+---------------------------+------------------------+-------+

+-------------+---------------------------+----------------------------------+------+
| INST        | timestamp                 | ID                               | TT   |
|-------------+---------------------------+----------------------------------+------|
| NSE_EQ:SBIN | 2023-01-23 15:30:00+05:30 | 77713e79b4a74969b7fa925cbf668ff7 | SELL |
+-------------+---------------------------+----------------------------------+------+
+----+---------------------------+------------------------+-------+
|    | TIMESTAMP                 | STATE                  | MSG   |
|----+---------------------------+------------------------+-------|
|  0 | 2023-01-23 15:30:00+05:30 | PUT ORDER REQ RECEIVED |       |
|  1 | 2023-01-23 15:30:00+05:30 | VALIDATION PENDING     |       |
|  2 | 2023-01-23 15:30:00+05:30 | OPEN PENDING           |       |
|  3 | 2023-01-23 15:30:00+05:30 | OPEN                   |       |
|  4 | 2023-01-23 15:30:00+05:30 | COMPLETE               |       |
+----+---------------------------+------------------------+-------+

+-------------+---------------------------+----------------------------------+------+
| INST        | timestamp                 | ID                               | TT   |
|-------------+---------------------------+----------------------------------+------|
| NSE_EQ:SBIN | 2023-01-25 10:15:00+05:30 | 75493ca72d8e4fd08f4ac7dc874736a4 | SELL |
+-------------+---------------------------+----------------------------------+------+
+----+---------------------------+------------------------+-------+
|    | TIMESTAMP                 | STATE                  | MSG   |
|----+---------------------------+------------------------+-------|
|  0 | 2023-01-25 10:15:00+05:30 | PUT ORDER REQ RECEIVED |       |
|  1 | 2023-01-25 10:15:00+05:30 | VALIDATION PENDING     |       |
|  2 | 2023-01-25 10:15:00+05:30 | OPEN PENDING           |       |
|  3 | 2023-01-25 10:15:00+05:30 | OPEN                   |       |
|  4 | 2023-01-25 10:15:00+05:30 | COMPLETE               |       |
+----+---------------------------+------------------------+-------+

+-------------+---------------------------+----------------------------------+------+
| INST        | timestamp                 | ID                               | TT   |
|-------------+---------------------------+----------------------------------+------|
| NSE_EQ:SBIN | 2023-01-25 15:30:00+05:30 | 5d1e221834fd46dfa1565a87c6b534de | BUY  |
+-------------+---------------------------+----------------------------------+------+
+----+---------------------------+------------------------+-------+
|    | TIMESTAMP                 | STATE                  | MSG   |
|----+---------------------------+------------------------+-------|
|  0 | 2023-01-25 15:30:00+05:30 | PUT ORDER REQ RECEIVED |       |
|  1 | 2023-01-25 15:30:00+05:30 | VALIDATION PENDING     |       |
|  2 | 2023-01-25 15:30:00+05:30 | OPEN PENDING           |       |
|  3 | 2023-01-25 15:30:00+05:30 | OPEN                   |       |
|  4 | 2023-01-25 15:30:00+05:30 | COMPLETE               |       |
+----+---------------------------+------------------------+-------+

+-------------+---------------------------+----------------------------------+------+
| INST        | timestamp                 | ID                               | TT   |
|-------------+---------------------------+----------------------------------+------|
| NSE_EQ:SBIN | 2023-02-06 11:15:00+05:30 | c639613bdb614ce48062b26bf618ee26 | BUY  |
+-------------+---------------------------+----------------------------------+------+
+----+---------------------------+------------------------+-------+
|    | TIMESTAMP                 | STATE                  | MSG   |
|----+---------------------------+------------------------+-------|
|  0 | 2023-02-06 11:15:00+05:30 | PUT ORDER REQ RECEIVED |       |
|  1 | 2023-02-06 11:15:00+05:30 | VALIDATION PENDING     |       |
|  2 | 2023-02-06 11:15:00+05:30 | OPEN PENDING           |       |
|  3 | 2023-02-06 11:15:00+05:30 | OPEN                   |       |
|  4 | 2023-02-06 11:15:00+05:30 | COMPLETE               |       |
+----+---------------------------+------------------------+-------+

+-------------+---------------------------+----------------------------------+------+
| INST        | timestamp                 | ID                               | TT   |
|-------------+---------------------------+----------------------------------+------|
| NSE_EQ:SBIN | 2023-02-06 15:30:00+05:30 | 0c93aed77c544987942914da6e3b7aad | SELL |
+-------------+---------------------------+----------------------------------+------+
+----+---------------------------+------------------------+-------+
|    | TIMESTAMP                 | STATE                  | MSG   |
|----+---------------------------+------------------------+-------|
|  0 | 2023-02-06 15:30:00+05:30 | PUT ORDER REQ RECEIVED |       |
|  1 | 2023-02-06 15:30:00+05:30 | VALIDATION PENDING     |       |
|  2 | 2023-02-06 15:30:00+05:30 | OPEN PENDING           |       |
|  3 | 2023-02-06 15:30:00+05:30 | OPEN                   |       |
|  4 | 2023-02-06 15:30:00+05:30 | COMPLETE               |       |
+----+---------------------------+------------------------+-------+

+-------------+---------------------------+----------------------------------+------+
| INST        | timestamp                 | ID                               | TT   |
|-------------+---------------------------+----------------------------------+------|
| NSE_EQ:SBIN | 2023-02-13 11:15:00+05:30 | f26a915cdb094957a0cda4ded9f8ca74 | SELL |
+-------------+---------------------------+----------------------------------+------+
+----+---------------------------+------------------------+-------+
|    | TIMESTAMP                 | STATE                  | MSG   |
|----+---------------------------+------------------------+-------|
|  0 | 2023-02-13 11:15:00+05:30 | PUT ORDER REQ RECEIVED |       |
|  1 | 2023-02-13 11:15:00+05:30 | VALIDATION PENDING     |       |
|  2 | 2023-02-13 11:15:00+05:30 | OPEN PENDING           |       |
|  3 | 2023-02-13 11:15:00+05:30 | OPEN                   |       |
|  4 | 2023-02-13 11:15:00+05:30 | COMPLETE               |       |
+----+---------------------------+------------------------+-------+

+-------------+---------------------------+----------------------------------+------+
| INST        | timestamp                 | ID                               | TT   |
|-------------+---------------------------+----------------------------------+------|
| NSE_EQ:SBIN | 2023-02-13 15:30:00+05:30 | 695a23402f8649e0973464679749cc26 | BUY  |
+-------------+---------------------------+----------------------------------+------+
+----+---------------------------+------------------------+-------+
|    | TIMESTAMP                 | STATE                  | MSG   |
|----+---------------------------+------------------------+-------|
|  0 | 2023-02-13 15:30:00+05:30 | PUT ORDER REQ RECEIVED |       |
|  1 | 2023-02-13 15:30:00+05:30 | VALIDATION PENDING     |       |
|  2 | 2023-02-13 15:30:00+05:30 | OPEN PENDING           |       |
|  3 | 2023-02-13 15:30:00+05:30 | OPEN                   |       |
|  4 | 2023-02-13 15:30:00+05:30 | COMPLETE               |       |
+----+---------------------------+------------------------+-------+

+-------------+---------------------------+----------------------------------+------+
| INST        | timestamp                 | ID                               | TT   |
|-------------+---------------------------+----------------------------------+------|
| NSE_EQ:SBIN | 2023-02-16 13:15:00+05:30 | d26b3d299dd443a5a8ac28dcac507361 | BUY  |
+-------------+---------------------------+----------------------------------+------+
+----+---------------------------+------------------------+-------+
|    | TIMESTAMP                 | STATE                  | MSG   |
|----+---------------------------+------------------------+-------|
|  0 | 2023-02-16 13:15:00+05:30 | PUT ORDER REQ RECEIVED |       |
|  1 | 2023-02-16 13:15:00+05:30 | VALIDATION PENDING     |       |
|  2 | 2023-02-16 13:15:00+05:30 | OPEN PENDING           |       |
|  3 | 2023-02-16 13:15:00+05:30 | OPEN                   |       |
|  4 | 2023-02-16 13:15:00+05:30 | COMPLETE               |       |
+----+---------------------------+------------------------+-------+

+-------------+---------------------------+----------------------------------+------+
| INST        | timestamp                 | ID                               | TT   |
|-------------+---------------------------+----------------------------------+------|
| NSE_EQ:SBIN | 2023-02-16 15:15:00+05:30 | f1b0d404352f41d897a00e73d70cc055 | SELL |
+-------------+---------------------------+----------------------------------+------+
+----+---------------------------+------------------------+-------+
|    | TIMESTAMP                 | STATE                  | MSG   |
|----+---------------------------+------------------------+-------|
|  0 | 2023-02-16 15:15:00+05:30 | PUT ORDER REQ RECEIVED |       |
|  1 | 2023-02-16 15:15:00+05:30 | VALIDATION PENDING     |       |
|  2 | 2023-02-16 15:15:00+05:30 | OPEN PENDING           |       |
|  3 | 2023-02-16 15:15:00+05:30 | OPEN                   |       |
|  4 | 2023-02-16 15:15:00+05:30 | COMPLETE               |       |
+----+---------------------------+------------------------+-------+

+-------------+---------------------------+----------------------------------+------+
| INST        | timestamp                 | ID                               | TT   |
|-------------+---------------------------+----------------------------------+------|
| NSE_EQ:SBIN | 2023-02-16 15:15:00+05:30 | ea12400121324ba4b8ba4b59d00cdb75 | SELL |
+-------------+---------------------------+----------------------------------+------+
+----+---------------------------+------------------------+-------+
|    | TIMESTAMP                 | STATE                  | MSG   |
|----+---------------------------+------------------------+-------|
|  0 | 2023-02-16 15:15:00+05:30 | PUT ORDER REQ RECEIVED |       |
|  1 | 2023-02-16 15:15:00+05:30 | VALIDATION PENDING     |       |
|  2 | 2023-02-16 15:15:00+05:30 | OPEN PENDING           |       |
|  3 | 2023-02-16 15:15:00+05:30 | OPEN                   |       |
|  4 | 2023-02-16 15:15:00+05:30 | COMPLETE               |       |
+----+---------------------------+------------------------+-------+

+-------------+---------------------------+----------------------------------+------+
| INST        | timestamp                 | ID                               | TT   |
|-------------+---------------------------+----------------------------------+------|
| NSE_EQ:SBIN | 2023-02-16 15:30:00+05:30 | 50cf5b3bad114806b0a796a28850ec85 | BUY  |
+-------------+---------------------------+----------------------------------+------+
+----+---------------------------+------------------------+-------+
|    | TIMESTAMP                 | STATE                  | MSG   |
|----+---------------------------+------------------------+-------|
|  0 | 2023-02-16 15:30:00+05:30 | PUT ORDER REQ RECEIVED |       |
|  1 | 2023-02-16 15:30:00+05:30 | VALIDATION PENDING     |       |
|  2 | 2023-02-16 15:30:00+05:30 | OPEN PENDING           |       |
|  3 | 2023-02-16 15:30:00+05:30 | OPEN                   |       |
|  4 | 2023-02-16 15:30:00+05:30 | COMPLETE               |       |
+----+---------------------------+------------------------+-------+

+-------------+---------------------------+----------------------------------+------+
| INST        | timestamp                 | ID                               | TT   |
|-------------+---------------------------+----------------------------------+------|
| NSE_EQ:SBIN | 2023-02-27 12:15:00+05:30 | 082f3da7c6264b428d80aef15a6d79dc | BUY  |
+-------------+---------------------------+----------------------------------+------+
+----+---------------------------+------------------------+-------+
|    | TIMESTAMP                 | STATE                  | MSG   |
|----+---------------------------+------------------------+-------|
|  0 | 2023-02-27 12:15:00+05:30 | PUT ORDER REQ RECEIVED |       |
|  1 | 2023-02-27 12:15:00+05:30 | VALIDATION PENDING     |       |
|  2 | 2023-02-27 12:15:00+05:30 | OPEN PENDING           |       |
|  3 | 2023-02-27 12:15:00+05:30 | OPEN                   |       |
|  4 | 2023-02-27 12:15:00+05:30 | COMPLETE               |       |
+----+---------------------------+------------------------+-------+

+-------------+---------------------------+----------------------------------+------+
| INST        | timestamp                 | ID                               | TT   |
|-------------+---------------------------+----------------------------------+------|
| NSE_EQ:SBIN | 2023-02-27 15:30:00+05:30 | c34982d04eb8470b8fa19192b756c719 | SELL |
+-------------+---------------------------+----------------------------------+------+
+----+---------------------------+------------------------+-------+
|    | TIMESTAMP                 | STATE                  | MSG   |
|----+---------------------------+------------------------+-------|
|  0 | 2023-02-27 15:30:00+05:30 | PUT ORDER REQ RECEIVED |       |
|  1 | 2023-02-27 15:30:00+05:30 | VALIDATION PENDING     |       |
|  2 | 2023-02-27 15:30:00+05:30 | OPEN PENDING           |       |
|  3 | 2023-02-27 15:30:00+05:30 | OPEN                   |       |
|  4 | 2023-02-27 15:30:00+05:30 | COMPLETE               |       |
+----+---------------------------+------------------------+-------+