

+-----------------+---------------------------+----------------------------------+------+
| INST            | timestamp                 | ID                               | TT   |
|-----------------+---------------------------+----------------------------------+------|
| NSE_EQ:RELIANCE | 2023-01-02 10:15:00+05:30 | 3877e50b9b674f1680d012989105166d | BUY  |
+-----------------+---------------------------+----------------------------------+------+
+----+---------------------------+------------------------+-------+
|    | TIMESTAMP                 | STATE                  | MSG   |
|----+---------------------------+------------------------+-------|
|  0 | 2023-01-02 10:15:00+05:30 | PUT ORDER REQ RECEIVED |       |
|  1 | 2023-01-02 10:15:00+05:30 | VALIDATION PENDING     |       |
|  2 | 2023-01-02 10:15:00+05:30 | OPEN PENDING           |       |
|  3 | 2023-01-02 10:15:00+05:30 | OPEN                   |       |
|  4 | 2023-01-02 10:15:00+05:30 | COMPLETE               |       |
+----+---------------------------+------------------------+-------+

+-----------------+---------------------------+----------------------------------+------+
| INST            | timestamp                 | ID                               | TT   |
|-----------------+---------------------------+----------------------------------+------|
| NSE_EQ:RELIANCE | 2023-01-03 09:15:00+05:30 | 3599d76bea4a418b854bc9b76a88a51d | BUY  |
+-----------------+---------------------------+----------------------------------+------+
+----+---------------------------+------------------------+-------+
|    | TIMESTAMP                 | STATE                  | MSG   |
|----+---------------------------+------------------------+-------|
|  0 | 2023-01-03 09:15:00+05:30 | PUT ORDER REQ RECEIVED |       |
|  1 | 2023-01-03 09:15:00+05:30 | COMPLETE               |       |
+----+---------------------------+------------------------+-------+

+-----------------+---------------------------+----------------------------------+------+
| INST            | timestamp                 | ID                               | TT   |
|-----------------+---------------------------+----------------------------------+------|
| NSE_EQ:RELIANCE | 2023-01-03 12:15:00+05:30 | e00beec166dc412897a1ea4b01b6745a | SELL |
+-----------------+---------------------------+----------------------------------+------+
+----+---------------------------+------------------------+-------+
|    | TIMESTAMP                 | STATE                  | MSG   |
|----+---------------------------+------------------------+-------|
|  0 | 2023-01-03 12:15:00+05:30 | PUT ORDER REQ RECEIVED |       |
|  1 | 2023-01-03 12:15:00+05:30 | VALIDATION PENDING     |       |
|  2 | 2023-01-03 12:15:00+05:30 | OPEN PENDING           |       |
|  3 | 2023-01-03 12:15:00+05:30 | OPEN                   |       |
|  4 | 2023-01-03 12:15:00+05:30 | COMPLETE               |       |
+----+---------------------------+------------------------+-------+

+-----------------+---------------------------+----------------------------------+------+
| INST            | timestamp                 | ID                               | TT   |
|-----------------+---------------------------+----------------------------------+------|
| NSE_EQ:RELIANCE | 2023-01-03 12:15:00+05:30 | d01348a6a5764f0bbb9f10766340efa3 | SELL |
+-----------------+---------------------------+----------------------------------+------+
+----+---------------------------+------------------------+-------+
|    | TIMESTAMP                 | STATE                  | MSG   |
|----+---------------------------+------------------------+-------|
|  0 | 2023-01-03 12:15:00+05:30 | PUT ORDER REQ RECEIVED |       |
|  1 | 2023-01-03 12:15:00+05:30 | VALIDATION PENDING     |       |
|  2 | 2023-01-03 12:15:00+05:30 | REJECTED               |       |
+----+---------------------------+------------------------+-------+

+-----------------+---------------------------+----------------------------------+------+
| INST            | timestamp                 | ID                               | TT   |
|-----------------+---------------------------+----------------------------------+------|
| NSE_EQ:RELIANCE | 2023-01-05 10:15:00+05:30 | 879f1f63ff874942945d1d40a7bb187a | BUY  |
+-----------------+---------------------------+----------------------------------+------+
+----+---------------------------+------------------------+-------+
|    | TIMESTAMP                 | STATE                  | MSG   |
|----+---------------------------+------------------------+-------|
|  0 | 2023-01-05 10:15:00+05:30 | PUT ORDER REQ RECEIVED |       |
|  1 | 2023-01-05 10:15:00+05:30 | VALIDATION PENDING     |       |
|  2 | 2023-01-05 10:15:00+05:30 | OPEN PENDING           |       |
|  3 | 2023-01-05 10:15:00+05:30 | OPEN                   |       |
|  4 | 2023-01-05 10:15:00+05:30 | COMPLETE               |       |
+----+---------------------------+------------------------+-------+

+-----------------+---------------------------+----------------------------------+------+
| INST            | timestamp                 | ID                               | TT   |
|-----------------+---------------------------+----------------------------------+------|
| NSE_EQ:RELIANCE | 2023-01-05 11:15:00+05:30 | 66e2a49b66d34387b7a3bef77be5a2b5 | SELL |
+-----------------+---------------------------+----------------------------------+------+
+----+---------------------------+------------------------+-------+
|    | TIMESTAMP                 | STATE                  | MSG   |
|----+---------------------------+------------------------+-------|
|  0 | 2023-01-05 11:15:00+05:30 | PUT ORDER REQ RECEIVED |       |
|  1 | 2023-01-05 11:15:00+05:30 | VALIDATION PENDING     |       |
|  2 | 2023-01-05 11:15:00+05:30 | OPEN PENDING           |       |
|  3 | 2023-01-05 11:15:00+05:30 | OPEN                   |       |
|  4 | 2023-01-05 11:15:00+05:30 | COMPLETE               |       |
+----+---------------------------+------------------------+-------+

+-----------------+---------------------------+----------------------------------+------+
| INST            | timestamp                 | ID                               | TT   |
|-----------------+---------------------------+----------------------------------+------|
| NSE_EQ:RELIANCE | 2023-01-05 11:15:00+05:30 | 35953b4568ec445dbb23ef3ae9331907 | SELL |
+-----------------+---------------------------+----------------------------------+------+
+----+---------------------------+------------------------+-------+
|    | TIMESTAMP                 | STATE                  | MSG   |
|----+---------------------------+------------------------+-------|
|  0 | 2023-01-05 11:15:00+05:30 | PUT ORDER REQ RECEIVED |       |
|  1 | 2023-01-05 11:15:00+05:30 | VALIDATION PENDING     |       |
|  2 | 2023-01-05 11:15:00+05:30 | REJECTED               |       |
+----+---------------------------+------------------------+-------+

+-----------------+---------------------------+----------------------------------+------+
| INST            | timestamp                 | ID                               | TT   |
|-----------------+---------------------------+----------------------------------+------|
| NSE_EQ:RELIANCE | 2023-01-06 09:15:00+05:30 | 28b1b39c2dc6435f94c2ecc859e58aa0 | BUY  |
+-----------------+---------------------------+----------------------------------+------+
+----+---------------------------+------------------------+-------+
|    | TIMESTAMP                 | STATE                  | MSG   |
|----+---------------------------+------------------------+-------|
|  0 | 2023-01-06 09:15:00+05:30 | PUT ORDER REQ RECEIVED |       |
|  1 | 2023-01-06 09:15:00+05:30 | VALIDATION PENDING     |       |
|  2 | 2023-01-06 09:15:00+05:30 | OPEN PENDING           |       |
|  3 | 2023-01-06 09:15:00+05:30 | OPEN                   |       |
|  4 | 2023-01-06 09:15:00+05:30 | COMPLETE               |       |
+----+---------------------------+------------------------+-------+

+-----------------+---------------------------+----------------------------------+------+
| INST            | timestamp                 | ID                               | TT   |
|-----------------+---------------------------+----------------------------------+------|
| NSE_EQ:RELIANCE | 2023-01-06 10:15:00+05:30 | c4bc1450c51840c98710868a419a6fac | SELL |
+-----------------+---------------------------+----------------------------------+------+
+----+---------------------------+------------------------+-------+
|    | TIMESTAMP                 | STATE                  | MSG   |
|----+---------------------------+------------------------+-------|
|  0 | 2023-01-06 10:15:00+05:30 | PUT ORDER REQ RECEIVED |       |
|  1 | 2023-01-06 10:15:00+05:30 | VALIDATION PENDING     |       |
|  2 | 2023-01-06 10:15:00+05:30 | OPEN PENDING           |       |
|  3 | 2023-01-06 10:15:00+05:30 | OPEN                   |       |
|  4 | 2023-01-06 10:15:00+05:30 | COMPLETE               |       |
+----+---------------------------+------------------------+-------+

+-----------------+---------------------------+----------------------------------+------+
| INST            | timestamp                 | ID                               | TT   |
|-----------------+---------------------------+----------------------------------+------|
| NSE_EQ:RELIANCE | 2023-01-06 10:15:00+05:30 | 170a0a4186be4cc8a09d104e6ef9f8dc | SELL |
+-----------------+---------------------------+----------------------------------+------+
+----+---------------------------+------------------------+-------+
|    | TIMESTAMP                 | STATE                  | MSG   |
|----+---------------------------+------------------------+-------|
|  0 | 2023-01-06 10:15:00+05:30 | PUT ORDER REQ RECEIVED |       |
|  1 | 2023-01-06 10:15:00+05:30 | VALIDATION PENDING     |       |
|  2 | 2023-01-06 10:15:00+05:30 | REJECTED               |       |
+----+---------------------------+------------------------+-------+

+-----------------+---------------------------+----------------------------------+------+
| INST            | timestamp                 | ID                               | TT   |
|-----------------+---------------------------+----------------------------------+------|
| NSE_EQ:RELIANCE | 2023-01-10 10:15:00+05:30 | 8e29d3b24df943e193a0760b1db78e74 | SELL |
+-----------------+---------------------------+----------------------------------+------+
+----+---------------------------+------------------------+-------+
|    | TIMESTAMP                 | STATE                  | MSG   |
|----+---------------------------+------------------------+-------|
|  0 | 2023-01-10 10:15:00+05:30 | PUT ORDER REQ RECEIVED |       |
|  1 | 2023-01-10 10:15:00+05:30 | VALIDATION PENDING     |       |
|  2 | 2023-01-10 10:15:00+05:30 | REJECTED               |       |
+----+---------------------------+------------------------+-------+

+-----------------+---------------------------+----------------------------------+------+
| INST            | timestamp                 | ID                               | TT   |
|-----------------+---------------------------+----------------------------------+------|
| NSE_EQ:RELIANCE | 2023-01-11 10:15:00+05:30 | 93725a77f47c4e6fb1688ab6afb0f724 | BUY  |
+-----------------+---------------------------+----------------------------------+------+
+----+---------------------------+------------------------+-------+
|    | TIMESTAMP                 | STATE                  | MSG   |
|----+---------------------------+------------------------+-------|
|  0 | 2023-01-11 10:15:00+05:30 | PUT ORDER REQ RECEIVED |       |
|  1 | 2023-01-11 10:15:00+05:30 | VALIDATION PENDING     |       |
|  2 | 2023-01-11 10:15:00+05:30 | OPEN PENDING           |       |
|  3 | 2023-01-11 10:15:00+05:30 | OPEN                   |       |
|  4 | 2023-01-11 10:15:00+05:30 | COMPLETE               |       |
+----+---------------------------+------------------------+-------+

+-----------------+---------------------------+----------------------------------+------+
| INST            | timestamp                 | ID                               | TT   |
|-----------------+---------------------------+----------------------------------+------|
| NSE_EQ:RELIANCE | 2023-01-11 11:15:00+05:30 | 5e7262d11f22441288b717fb71bc8bf2 | SELL |
+-----------------+---------------------------+----------------------------------+------+
+----+---------------------------+------------------------+-------+
|    | TIMESTAMP                 | STATE                  | MSG   |
|----+---------------------------+------------------------+-------|
|  0 | 2023-01-11 11:15:00+05:30 | PUT ORDER REQ RECEIVED |       |
|  1 | 2023-01-11 11:15:00+05:30 | VALIDATION PENDING     |       |
|  2 | 2023-01-11 11:15:00+05:30 | OPEN PENDING           |       |
|  3 | 2023-01-11 11:15:00+05:30 | OPEN                   |       |
|  4 | 2023-01-11 11:15:00+05:30 | COMPLETE               |       |
+----+---------------------------+------------------------+-------+

+-----------------+---------------------------+----------------------------------+------+
| INST            | timestamp                 | ID                               | TT   |
|-----------------+---------------------------+----------------------------------+------|
| NSE_EQ:RELIANCE | 2023-01-11 11:15:00+05:30 | 283cc87b3b3f4a358262cff8b3669d19 | SELL |
+-----------------+---------------------------+----------------------------------+------+
+----+---------------------------+------------------------+-------+
|    | TIMESTAMP                 | STATE                  | MSG   |
|----+---------------------------+------------------------+-------|
|  0 | 2023-01-11 11:15:00+05:30 | PUT ORDER REQ RECEIVED |       |
|  1 | 2023-01-11 11:15:00+05:30 | VALIDATION PENDING     |       |
|  2 | 2023-01-11 11:15:00+05:30 | REJECTED               |       |
+----+---------------------------+------------------------+-------+

+-----------------+---------------------------+----------------------------------+------+
| INST            | timestamp                 | ID                               | TT   |
|-----------------+---------------------------+----------------------------------+------|
| NSE_EQ:RELIANCE | 2023-01-13 11:15:00+05:30 | 824437edd19e47eb972969093c2667c1 | BUY  |
+-----------------+---------------------------+----------------------------------+------+
+----+---------------------------+------------------------+-------+
|    | TIMESTAMP                 | STATE                  | MSG   |
|----+---------------------------+------------------------+-------|
|  0 | 2023-01-13 11:15:00+05:30 | PUT ORDER REQ RECEIVED |       |
|  1 | 2023-01-13 11:15:00+05:30 | VALIDATION PENDING     |       |
|  2 | 2023-01-13 11:15:00+05:30 | OPEN PENDING           |       |
|  3 | 2023-01-13 11:15:00+05:30 | OPEN                   |       |
|  4 | 2023-01-13 11:15:00+05:30 | COMPLETE               |       |
+----+---------------------------+------------------------+-------+

+-----------------+---------------------------+----------------------------------+------+
| INST            | timestamp                 | ID                               | TT   |
|-----------------+---------------------------+----------------------------------+------|
| NSE_EQ:RELIANCE | 2023-01-16 09:15:00+05:30 | dced32144c1e442e9edd7df9713eff6f | BUY  |
+-----------------+---------------------------+----------------------------------+------+
+----+---------------------------+------------------------+-------+
|    | TIMESTAMP                 | STATE                  | MSG   |
|----+---------------------------+------------------------+-------|
|  0 | 2023-01-16 09:15:00+05:30 | PUT ORDER REQ RECEIVED |       |
|  1 | 2023-01-16 09:15:00+05:30 | COMPLETE               |       |
+----+---------------------------+------------------------+-------+

+-----------------+---------------------------+----------------------------------+------+
| INST            | timestamp                 | ID                               | TT   |
|-----------------+---------------------------+----------------------------------+------|
| NSE_EQ:RELIANCE | 2023-01-16 10:15:00+05:30 | 1615a1988b27467993f0e9a694021cb2 | SELL |
+-----------------+---------------------------+----------------------------------+------+
+----+---------------------------+------------------------+-------+
|    | TIMESTAMP                 | STATE                  | MSG   |
|----+---------------------------+------------------------+-------|
|  0 | 2023-01-16 10:15:00+05:30 | PUT ORDER REQ RECEIVED |       |
|  1 | 2023-01-16 10:15:00+05:30 | VALIDATION PENDING     |       |
|  2 | 2023-01-16 10:15:00+05:30 | OPEN PENDING           |       |
|  3 | 2023-01-16 10:15:00+05:30 | OPEN                   |       |
|  4 | 2023-01-16 10:15:00+05:30 | COMPLETE               |       |
+----+---------------------------+------------------------+-------+

+-----------------+---------------------------+----------------------------------+------+
| INST            | timestamp                 | ID                               | TT   |
|-----------------+---------------------------+----------------------------------+------|
| NSE_EQ:RELIANCE | 2023-01-16 10:15:00+05:30 | f6d5bbbdd99e42899eebba3211045a82 | SELL |
+-----------------+---------------------------+----------------------------------+------+
+----+---------------------------+------------------------+-------+
|    | TIMESTAMP                 | STATE                  | MSG   |
|----+---------------------------+------------------------+-------|
|  0 | 2023-01-16 10:15:00+05:30 | PUT ORDER REQ RECEIVED |       |
|  1 | 2023-01-16 10:15:00+05:30 | VALIDATION PENDING     |       |
|  2 | 2023-01-16 10:15:00+05:30 | REJECTED               |       |
+----+---------------------------+------------------------+-------+

+-----------------+---------------------------+----------------------------------+------+
| INST            | timestamp                 | ID                               | TT   |
|-----------------+---------------------------+----------------------------------+------|
| NSE_EQ:RELIANCE | 2023-01-17 10:15:00+05:30 | c2ad4466677f440182bdb942e2f1945a | BUY  |
+-----------------+---------------------------+----------------------------------+------+
+----+---------------------------+------------------------+-------+
|    | TIMESTAMP                 | STATE                  | MSG   |
|----+---------------------------+------------------------+-------|
|  0 | 2023-01-17 10:15:00+05:30 | PUT ORDER REQ RECEIVED |       |
|  1 | 2023-01-17 10:15:00+05:30 | VALIDATION PENDING     |       |
|  2 | 2023-01-17 10:15:00+05:30 | OPEN PENDING           |       |
|  3 | 2023-01-17 10:15:00+05:30 | OPEN                   |       |
|  4 | 2023-01-17 10:15:00+05:30 | COMPLETE               |       |
+----+---------------------------+------------------------+-------+

+-----------------+---------------------------+----------------------------------+------+
| INST            | timestamp                 | ID                               | TT   |
|-----------------+---------------------------+----------------------------------+------|
| NSE_EQ:RELIANCE | 2023-01-17 11:15:00+05:30 | ed8c37247e824bf8b39ba53845339751 | SELL |
+-----------------+---------------------------+----------------------------------+------+
+----+---------------------------+------------------------+-------+
|    | TIMESTAMP                 | STATE                  | MSG   |
|----+---------------------------+------------------------+-------|
|  0 | 2023-01-17 11:15:00+05:30 | PUT ORDER REQ RECEIVED |       |
|  1 | 2023-01-17 11:15:00+05:30 | VALIDATION PENDING     |       |
|  2 | 2023-01-17 11:15:00+05:30 | OPEN PENDING           |       |
|  3 | 2023-01-17 11:15:00+05:30 | OPEN                   |       |
|  4 | 2023-01-17 11:15:00+05:30 | COMPLETE               |       |
+----+---------------------------+------------------------+-------+

+-----------------+---------------------------+----------------------------------+------+
| INST            | timestamp                 | ID                               | TT   |
|-----------------+---------------------------+----------------------------------+------|
| NSE_EQ:RELIANCE | 2023-01-17 11:15:00+05:30 | ebb376a4860442d0ba0fae2acf82c9c9 | SELL |
+-----------------+---------------------------+----------------------------------+------+
+----+---------------------------+------------------------+-------+
|    | TIMESTAMP                 | STATE                  | MSG   |
|----+---------------------------+------------------------+-------|
|  0 | 2023-01-17 11:15:00+05:30 | PUT ORDER REQ RECEIVED |       |
|  1 | 2023-01-17 11:15:00+05:30 | VALIDATION PENDING     |       |
|  2 | 2023-01-17 11:15:00+05:30 | REJECTED               |       |
+----+---------------------------+------------------------+-------+

+-----------------+---------------------------+----------------------------------+------+
| INST            | timestamp                 | ID                               | TT   |
|-----------------+---------------------------+----------------------------------+------|
| NSE_EQ:RELIANCE | 2023-01-19 11:15:00+05:30 | 9d8e6e34192248d5b1838e39f7e73672 | BUY  |
+-----------------+---------------------------+----------------------------------+------+
+----+---------------------------+------------------------+-------+
|    | TIMESTAMP                 | STATE                  | MSG   |
|----+---------------------------+------------------------+-------|
|  0 | 2023-01-19 11:15:00+05:30 | PUT ORDER REQ RECEIVED |       |
|  1 | 2023-01-19 11:15:00+05:30 | VALIDATION PENDING     |       |
|  2 | 2023-01-19 11:15:00+05:30 | OPEN PENDING           |       |
|  3 | 2023-01-19 11:15:00+05:30 | OPEN                   |       |
|  4 | 2023-01-19 11:15:00+05:30 | COMPLETE               |       |
+----+---------------------------+------------------------+-------+

+-----------------+---------------------------+----------------------------------+------+
| INST            | timestamp                 | ID                               | TT   |
|-----------------+---------------------------+----------------------------------+------|
| NSE_EQ:RELIANCE | 2023-01-20 09:15:00+05:30 | cacbafbe37c44f60aa5acabbcfa36a84 | BUY  |
+-----------------+---------------------------+----------------------------------+------+
+----+---------------------------+------------------------+-------+
|    | TIMESTAMP                 | STATE                  | MSG   |
|----+---------------------------+------------------------+-------|
|  0 | 2023-01-20 09:15:00+05:30 | PUT ORDER REQ RECEIVED |       |
|  1 | 2023-01-20 09:15:00+05:30 | COMPLETE               |       |
+----+---------------------------+------------------------+-------+

+-----------------+---------------------------+----------------------------------+------+
| INST            | timestamp                 | ID                               | TT   |
|-----------------+---------------------------+----------------------------------+------|
| NSE_EQ:RELIANCE | 2023-01-20 12:15:00+05:30 | d87bf385ebb540338e03c52729fdd3f9 | SELL |
+-----------------+---------------------------+----------------------------------+------+
+----+---------------------------+------------------------+-------+
|    | TIMESTAMP                 | STATE                  | MSG   |
|----+---------------------------+------------------------+-------|
|  0 | 2023-01-20 12:15:00+05:30 | PUT ORDER REQ RECEIVED |       |
|  1 | 2023-01-20 12:15:00+05:30 | VALIDATION PENDING     |       |
|  2 | 2023-01-20 12:15:00+05:30 | OPEN PENDING           |       |
|  3 | 2023-01-20 12:15:00+05:30 | OPEN                   |       |
|  4 | 2023-01-20 12:15:00+05:30 | COMPLETE               |       |
+----+---------------------------+------------------------+-------+

+-----------------+---------------------------+----------------------------------+------+
| INST            | timestamp                 | ID                               | TT   |
|-----------------+---------------------------+----------------------------------+------|
| NSE_EQ:RELIANCE | 2023-01-20 12:15:00+05:30 | b8b1c61da0b64c6492b5f84e779edb19 | BUY  |
+-----------------+---------------------------+----------------------------------+------+
+----+---------------------------+------------------------+-------+
|    | TIMESTAMP                 | STATE                  | MSG   |
|----+---------------------------+------------------------+-------|
|  0 | 2023-01-20 12:15:00+05:30 | PUT ORDER REQ RECEIVED |       |
|  1 | 2023-01-20 12:15:00+05:30 | VALIDATION PENDING     |       |
|  2 | 2023-01-20 12:15:00+05:30 | OPEN PENDING           |       |
|  3 | 2023-01-20 12:15:00+05:30 | OPEN                   |       |
|  4 | 2023-01-20 12:15:00+05:30 | COMPLETE               |       |
+----+---------------------------+------------------------+-------+

+-----------------+---------------------------+----------------------------------+------+
| INST            | timestamp                 | ID                               | TT   |
|-----------------+---------------------------+----------------------------------+------|
| NSE_EQ:RELIANCE | 2023-01-20 14:15:00+05:30 | daed3d000fe34ad697869229960f2595 | SELL |
+-----------------+---------------------------+----------------------------------+------+
+----+---------------------------+------------------------+-------+
|    | TIMESTAMP                 | STATE                  | MSG   |
|----+---------------------------+------------------------+-------|
|  0 | 2023-01-20 14:15:00+05:30 | PUT ORDER REQ RECEIVED |       |
|  1 | 2023-01-20 14:15:00+05:30 | VALIDATION PENDING     |       |
|  2 | 2023-01-20 14:15:00+05:30 | OPEN PENDING           |       |
|  3 | 2023-01-20 14:15:00+05:30 | OPEN                   |       |
|  4 | 2023-01-20 14:15:00+05:30 | COMPLETE               |       |
+----+---------------------------+------------------------+-------+

+-----------------+---------------------------+----------------------------------+------+
| INST            | timestamp                 | ID                               | TT   |
|-----------------+---------------------------+----------------------------------+------|
| NSE_EQ:RELIANCE | 2023-01-20 14:15:00+05:30 | 8af9faab3fc249bc94a7addd8de17dd3 | SELL |
+-----------------+---------------------------+----------------------------------+------+
+----+---------------------------+------------------------+-------+
|    | TIMESTAMP                 | STATE                  | MSG   |
|----+---------------------------+------------------------+-------|
|  0 | 2023-01-20 14:15:00+05:30 | PUT ORDER REQ RECEIVED |       |
|  1 | 2023-01-20 14:15:00+05:30 | VALIDATION PENDING     |       |
|  2 | 2023-01-20 14:15:00+05:30 | REJECTED               |       |
+----+---------------------------+------------------------+-------+

+-----------------+---------------------------+----------------------------------+------+
| INST            | timestamp                 | ID                               | TT   |
|-----------------+---------------------------+----------------------------------+------|
| NSE_EQ:RELIANCE | 2023-01-23 10:15:00+05:30 | 96808fccd32446e39269aaec49615d67 | BUY  |
+-----------------+---------------------------+----------------------------------+------+
+----+---------------------------+------------------------+-------+
|    | TIMESTAMP                 | STATE                  | MSG   |
|----+---------------------------+------------------------+-------|
|  0 | 2023-01-23 10:15:00+05:30 | PUT ORDER REQ RECEIVED |       |
|  1 | 2023-01-23 10:15:00+05:30 | VALIDATION PENDING     |       |
|  2 | 2023-01-23 10:15:00+05:30 | OPEN PENDING           |       |
|  3 | 2023-01-23 10:15:00+05:30 | OPEN                   |       |
|  4 | 2023-01-23 10:15:00+05:30 | COMPLETE               |       |
+----+---------------------------+------------------------+-------+

+-----------------+---------------------------+----------------------------------+------+
| INST            | timestamp                 | ID                               | TT   |
|-----------------+---------------------------+----------------------------------+------|
| NSE_EQ:RELIANCE | 2023-01-23 11:15:00+05:30 | 150d4abb678642d286a12f142d1b58cf | SELL |
+-----------------+---------------------------+----------------------------------+------+
+----+---------------------------+------------------------+-------+
|    | TIMESTAMP                 | STATE                  | MSG   |
|----+---------------------------+------------------------+-------|
|  0 | 2023-01-23 11:15:00+05:30 | PUT ORDER REQ RECEIVED |       |
|  1 | 2023-01-23 11:15:00+05:30 | VALIDATION PENDING     |       |
|  2 | 2023-01-23 11:15:00+05:30 | OPEN PENDING           |       |
|  3 | 2023-01-23 11:15:00+05:30 | OPEN                   |       |
|  4 | 2023-01-23 11:15:00+05:30 | COMPLETE               |       |
+----+---------------------------+------------------------+-------+

+-----------------+---------------------------+----------------------------------+------+
| INST            | timestamp                 | ID                               | TT   |
|-----------------+---------------------------+----------------------------------+------|
| NSE_EQ:RELIANCE | 2023-01-23 11:15:00+05:30 | 64575939d57e4b35a617a3741294e0b0 | SELL |
+-----------------+---------------------------+----------------------------------+------+
+----+---------------------------+------------------------+-------+
|    | TIMESTAMP                 | STATE                  | MSG   |
|----+---------------------------+------------------------+-------|
|  0 | 2023-01-23 11:15:00+05:30 | PUT ORDER REQ RECEIVED |       |
|  1 | 2023-01-23 11:15:00+05:30 | VALIDATION PENDING     |       |
|  2 | 2023-01-23 11:15:00+05:30 | REJECTED               |       |
+----+---------------------------+------------------------+-------+

+-----------------+---------------------------+----------------------------------+------+
| INST            | timestamp                 | ID                               | TT   |
|-----------------+---------------------------+----------------------------------+------|
| NSE_EQ:RELIANCE | 2023-01-24 11:15:00+05:30 | eee35637ec144b78b89ef82324f3fc97 | BUY  |
+-----------------+---------------------------+----------------------------------+------+
+----+---------------------------+------------------------+-------+
|    | TIMESTAMP                 | STATE                  | MSG   |
|----+---------------------------+------------------------+-------|
|  0 | 2023-01-24 11:15:00+05:30 | PUT ORDER REQ RECEIVED |       |
|  1 | 2023-01-24 11:15:00+05:30 | VALIDATION PENDING     |       |
|  2 | 2023-01-24 11:15:00+05:30 | OPEN PENDING           |       |
|  3 | 2023-01-24 11:15:00+05:30 | OPEN                   |       |
|  4 | 2023-01-24 11:15:00+05:30 | COMPLETE               |       |
+----+---------------------------+------------------------+-------+

+-----------------+---------------------------+----------------------------------+------+
| INST            | timestamp                 | ID                               | TT   |
|-----------------+---------------------------+----------------------------------+------|
| NSE_EQ:RELIANCE | 2023-01-24 14:15:00+05:30 | 13de55720dc54afd8b8e0b26a8735430 | SELL |
+-----------------+---------------------------+----------------------------------+------+
+----+---------------------------+------------------------+-------+
|    | TIMESTAMP                 | STATE                  | MSG   |
|----+---------------------------+------------------------+-------|
|  0 | 2023-01-24 14:15:00+05:30 | PUT ORDER REQ RECEIVED |       |
|  1 | 2023-01-24 14:15:00+05:30 | VALIDATION PENDING     |       |
|  2 | 2023-01-24 14:15:00+05:30 | OPEN PENDING           |       |
|  3 | 2023-01-24 14:15:00+05:30 | OPEN                   |       |
|  4 | 2023-01-24 14:15:00+05:30 | COMPLETE               |       |
+----+---------------------------+------------------------+-------+

+-----------------+---------------------------+----------------------------------+------+
| INST            | timestamp                 | ID                               | TT   |
|-----------------+---------------------------+----------------------------------+------|
| NSE_EQ:RELIANCE | 2023-01-24 14:15:00+05:30 | 0756cad3088d4f198d1231ce39162b04 | SELL |
+-----------------+---------------------------+----------------------------------+------+
+----+---------------------------+------------------------+-------+
|    | TIMESTAMP                 | STATE                  | MSG   |
|----+---------------------------+------------------------+-------|
|  0 | 2023-01-24 14:15:00+05:30 | PUT ORDER REQ RECEIVED |       |
|  1 | 2023-01-24 14:15:00+05:30 | VALIDATION PENDING     |       |
|  2 | 2023-01-24 14:15:00+05:30 | REJECTED               |       |
+----+---------------------------+------------------------+-------+

+-----------------+---------------------------+----------------------------------+------+
| INST            | timestamp                 | ID                               | TT   |
|-----------------+---------------------------+----------------------------------+------|
| NSE_EQ:RELIANCE | 2023-01-30 09:15:00+05:30 | 276f65e9fba54b4ab21756decedf46ab | SELL |
+-----------------+---------------------------+----------------------------------+------+
+----+---------------------------+------------------------+-------+
|    | TIMESTAMP                 | STATE                  | MSG   |
|----+---------------------------+------------------------+-------|
|  0 | 2023-01-30 09:15:00+05:30 | PUT ORDER REQ RECEIVED |       |
|  1 | 2023-01-30 09:15:00+05:30 | VALIDATION PENDING     |       |
|  2 | 2023-01-30 09:15:00+05:30 | REJECTED               |       |
+----+---------------------------+------------------------+-------+

+-----------------+---------------------------+----------------------------------+------+
| INST            | timestamp                 | ID                               | TT   |
|-----------------+---------------------------+----------------------------------+------|
| NSE_EQ:RELIANCE | 2023-01-31 10:15:00+05:30 | bd2d08d11e5149f3bf09f23efe693ee7 | SELL |
+-----------------+---------------------------+----------------------------------+------+
+----+---------------------------+------------------------+-------+
|    | TIMESTAMP                 | STATE                  | MSG   |
|----+---------------------------+------------------------+-------|
|  0 | 2023-01-31 10:15:00+05:30 | PUT ORDER REQ RECEIVED |       |
|  1 | 2023-01-31 10:15:00+05:30 | VALIDATION PENDING     |       |
|  2 | 2023-01-31 10:15:00+05:30 | REJECTED               |       |
+----+---------------------------+------------------------+-------+

+-----------------+---------------------------+----------------------------------+------+
| INST            | timestamp                 | ID                               | TT   |
|-----------------+---------------------------+----------------------------------+------|
| NSE_EQ:RELIANCE | 2023-02-01 10:15:00+05:30 | 023583f8aa4a49aa967861706a27f61d | SELL |
+-----------------+---------------------------+----------------------------------+------+
+----+---------------------------+------------------------+-------+
|    | TIMESTAMP                 | STATE                  | MSG   |
|----+---------------------------+------------------------+-------|
|  0 | 2023-02-01 10:15:00+05:30 | PUT ORDER REQ RECEIVED |       |
|  1 | 2023-02-01 10:15:00+05:30 | VALIDATION PENDING     |       |
|  2 | 2023-02-01 10:15:00+05:30 | REJECTED               |       |
+----+---------------------------+------------------------+-------+

+-----------------+---------------------------+----------------------------------+------+
| INST            | timestamp                 | ID                               | TT   |
|-----------------+---------------------------+----------------------------------+------|
| NSE_EQ:RELIANCE | 2023-02-02 10:15:00+05:30 | 38f7d2e639da4dba861006359c583147 | BUY  |
+-----------------+---------------------------+----------------------------------+------+
+----+---------------------------+------------------------+-------+
|    | TIMESTAMP                 | STATE                  | MSG   |
|----+---------------------------+------------------------+-------|
|  0 | 2023-02-02 10:15:00+05:30 | PUT ORDER REQ RECEIVED |       |
|  1 | 2023-02-02 10:15:00+05:30 | VALIDATION PENDING     |       |
|  2 | 2023-02-02 10:15:00+05:30 | OPEN PENDING           |       |
|  3 | 2023-02-02 10:15:00+05:30 | OPEN                   |       |
|  4 | 2023-02-02 10:15:00+05:30 | COMPLETE               |       |
+----+---------------------------+------------------------+-------+

+-----------------+---------------------------+----------------------------------+------+
| INST            | timestamp                 | ID                               | TT   |
|-----------------+---------------------------+----------------------------------+------|
| NSE_EQ:RELIANCE | 2023-02-02 11:15:00+05:30 | 73552f00fcc44d84967270976ba5823f | SELL |
+-----------------+---------------------------+----------------------------------+------+
+----+---------------------------+------------------------+-------+
|    | TIMESTAMP                 | STATE                  | MSG   |
|----+---------------------------+------------------------+-------|
|  0 | 2023-02-02 11:15:00+05:30 | PUT ORDER REQ RECEIVED |       |
|  1 | 2023-02-02 11:15:00+05:30 | VALIDATION PENDING     |       |
|  2 | 2023-02-02 11:15:00+05:30 | OPEN PENDING           |       |
|  3 | 2023-02-02 11:15:00+05:30 | OPEN                   |       |
|  4 | 2023-02-02 11:15:00+05:30 | COMPLETE               |       |
+----+---------------------------+------------------------+-------+

+-----------------+---------------------------+----------------------------------+------+
| INST            | timestamp                 | ID                               | TT   |
|-----------------+---------------------------+----------------------------------+------|
| NSE_EQ:RELIANCE | 2023-02-02 11:15:00+05:30 | 72f9558a80a14f7cbc514c61b4fc9706 | SELL |
+-----------------+---------------------------+----------------------------------+------+
+----+---------------------------+------------------------+-------+
|    | TIMESTAMP                 | STATE                  | MSG   |
|----+---------------------------+------------------------+-------|
|  0 | 2023-02-02 11:15:00+05:30 | PUT ORDER REQ RECEIVED |       |
|  1 | 2023-02-02 11:15:00+05:30 | VALIDATION PENDING     |       |
|  2 | 2023-02-02 11:15:00+05:30 | REJECTED               |       |
+----+---------------------------+------------------------+-------+

+-----------------+---------------------------+----------------------------------+------+
| INST            | timestamp                 | ID                               | TT   |
|-----------------+---------------------------+----------------------------------+------|
| NSE_EQ:RELIANCE | 2023-02-03 09:15:00+05:30 | c7727a57b30940758533ba113fefb420 | SELL |
+-----------------+---------------------------+----------------------------------+------+
+----+---------------------------+------------------------+-------+
|    | TIMESTAMP                 | STATE                  | MSG   |
|----+---------------------------+------------------------+-------|
|  0 | 2023-02-03 09:15:00+05:30 | PUT ORDER REQ RECEIVED |       |
|  1 | 2023-02-03 09:15:00+05:30 | VALIDATION PENDING     |       |
|  2 | 2023-02-03 09:15:00+05:30 | REJECTED               |       |
+----+---------------------------+------------------------+-------+

+-----------------+---------------------------+----------------------------------+------+
| INST            | timestamp                 | ID                               | TT   |
|-----------------+---------------------------+----------------------------------+------|
| NSE_EQ:RELIANCE | 2023-02-06 10:15:00+05:30 | 431cb9091edf4a7a8ae51f7ae363328d | SELL |
+-----------------+---------------------------+----------------------------------+------+
+----+---------------------------+------------------------+-------+
|    | TIMESTAMP                 | STATE                  | MSG   |
|----+---------------------------+------------------------+-------|
|  0 | 2023-02-06 10:15:00+05:30 | PUT ORDER REQ RECEIVED |       |
|  1 | 2023-02-06 10:15:00+05:30 | VALIDATION PENDING     |       |
|  2 | 2023-02-06 10:15:00+05:30 | REJECTED               |       |
+----+---------------------------+------------------------+-------+

+-----------------+---------------------------+----------------------------------+------+
| INST            | timestamp                 | ID                               | TT   |
|-----------------+---------------------------+----------------------------------+------|
| NSE_EQ:RELIANCE | 2023-02-07 09:15:00+05:30 | e17a83f27f1e4f4d8db2b06077861420 | BUY  |
+-----------------+---------------------------+----------------------------------+------+
+----+---------------------------+------------------------+-------+
|    | TIMESTAMP                 | STATE                  | MSG   |
|----+---------------------------+------------------------+-------|
|  0 | 2023-02-07 09:15:00+05:30 | PUT ORDER REQ RECEIVED |       |
|  1 | 2023-02-07 09:15:00+05:30 | VALIDATION PENDING     |       |
|  2 | 2023-02-07 09:15:00+05:30 | OPEN PENDING           |       |
|  3 | 2023-02-07 09:15:00+05:30 | OPEN                   |       |
|  4 | 2023-02-07 09:15:00+05:30 | COMPLETE               |       |
+----+---------------------------+------------------------+-------+

+-----------------+---------------------------+----------------------------------+------+
| INST            | timestamp                 | ID                               | TT   |
|-----------------+---------------------------+----------------------------------+------|
| NSE_EQ:RELIANCE | 2023-02-07 11:15:00+05:30 | 77174f3755fc4d0a8ab879d52e434812 | SELL |
+-----------------+---------------------------+----------------------------------+------+
+----+---------------------------+------------------------+-------+
|    | TIMESTAMP                 | STATE                  | MSG   |
|----+---------------------------+------------------------+-------|
|  0 | 2023-02-07 11:15:00+05:30 | PUT ORDER REQ RECEIVED |       |
|  1 | 2023-02-07 11:15:00+05:30 | VALIDATION PENDING     |       |
|  2 | 2023-02-07 11:15:00+05:30 | OPEN PENDING           |       |
|  3 | 2023-02-07 11:15:00+05:30 | OPEN                   |       |
|  4 | 2023-02-07 11:15:00+05:30 | COMPLETE               |       |
+----+---------------------------+------------------------+-------+

+-----------------+---------------------------+----------------------------------+------+
| INST            | timestamp                 | ID                               | TT   |
|-----------------+---------------------------+----------------------------------+------|
| NSE_EQ:RELIANCE | 2023-02-07 11:15:00+05:30 | d60e236b3fb543869f69b13e4ccbaffd | SELL |
+-----------------+---------------------------+----------------------------------+------+
+----+---------------------------+------------------------+-------+
|    | TIMESTAMP                 | STATE                  | MSG   |
|----+---------------------------+------------------------+-------|
|  0 | 2023-02-07 11:15:00+05:30 | PUT ORDER REQ RECEIVED |       |
|  1 | 2023-02-07 11:15:00+05:30 | VALIDATION PENDING     |       |
|  2 | 2023-02-07 11:15:00+05:30 | REJECTED               |       |
+----+---------------------------+------------------------+-------+

+-----------------+---------------------------+----------------------------------+------+
| INST            | timestamp                 | ID                               | TT   |
|-----------------+---------------------------+----------------------------------+------|
| NSE_EQ:RELIANCE | 2023-02-08 10:15:00+05:30 | 87c7d27476f844319921b5cdb3dcaf66 | BUY  |
+-----------------+---------------------------+----------------------------------+------+
+----+---------------------------+------------------------+-------+
|    | TIMESTAMP                 | STATE                  | MSG   |
|----+---------------------------+------------------------+-------|
|  0 | 2023-02-08 10:15:00+05:30 | PUT ORDER REQ RECEIVED |       |
|  1 | 2023-02-08 10:15:00+05:30 | VALIDATION PENDING     |       |
|  2 | 2023-02-08 10:15:00+05:30 | OPEN PENDING           |       |
|  3 | 2023-02-08 10:15:00+05:30 | OPEN                   |       |
|  4 | 2023-02-08 10:15:00+05:30 | COMPLETE               |       |
+----+---------------------------+------------------------+-------+

+-----------------+---------------------------+----------------------------------+------+
| INST            | timestamp                 | ID                               | TT   |
|-----------------+---------------------------+----------------------------------+------|
| NSE_EQ:RELIANCE | 2023-02-09 09:15:00+05:30 | d3bebc2c7ce14399be9e8033b5fb3b5a | BUY  |
+-----------------+---------------------------+----------------------------------+------+
+----+---------------------------+------------------------+-------+
|    | TIMESTAMP                 | STATE                  | MSG   |
|----+---------------------------+------------------------+-------|
|  0 | 2023-02-09 09:15:00+05:30 | PUT ORDER REQ RECEIVED |       |
|  1 | 2023-02-09 09:15:00+05:30 | COMPLETE               |       |
+----+---------------------------+------------------------+-------+

+-----------------+---------------------------+----------------------------------+------+
| INST            | timestamp                 | ID                               | TT   |
|-----------------+---------------------------+----------------------------------+------|
| NSE_EQ:RELIANCE | 2023-02-09 12:15:00+05:30 | 8f89a7ee69d94993976e3255e088528e | SELL |
+-----------------+---------------------------+----------------------------------+------+
+----+---------------------------+------------------------+-------+
|    | TIMESTAMP                 | STATE                  | MSG   |
|----+---------------------------+------------------------+-------|
|  0 | 2023-02-09 12:15:00+05:30 | PUT ORDER REQ RECEIVED |       |
|  1 | 2023-02-09 12:15:00+05:30 | VALIDATION PENDING     |       |
|  2 | 2023-02-09 12:15:00+05:30 | OPEN PENDING           |       |
|  3 | 2023-02-09 12:15:00+05:30 | OPEN                   |       |
|  4 | 2023-02-09 12:15:00+05:30 | COMPLETE               |       |
+----+---------------------------+------------------------+-------+

+-----------------+---------------------------+----------------------------------+------+
| INST            | timestamp                 | ID                               | TT   |
|-----------------+---------------------------+----------------------------------+------|
| NSE_EQ:RELIANCE | 2023-02-09 12:15:00+05:30 | 0688fc534a444b37bf252974880bdfab | SELL |
+-----------------+---------------------------+----------------------------------+------+
+----+---------------------------+------------------------+-------+
|    | TIMESTAMP                 | STATE                  | MSG   |
|----+---------------------------+------------------------+-------|
|  0 | 2023-02-09 12:15:00+05:30 | PUT ORDER REQ RECEIVED |       |
|  1 | 2023-02-09 12:15:00+05:30 | VALIDATION PENDING     |       |
|  2 | 2023-02-09 12:15:00+05:30 | REJECTED               |       |
+----+---------------------------+------------------------+-------+

+-----------------+---------------------------+----------------------------------+------+
| INST            | timestamp                 | ID                               | TT   |
|-----------------+---------------------------+----------------------------------+------|
| NSE_EQ:RELIANCE | 2023-02-10 09:15:00+05:30 | a0902b4492524c0ea3c4f42e2e8c6434 | SELL |
+-----------------+---------------------------+----------------------------------+------+
+----+---------------------------+------------------------+-------+
|    | TIMESTAMP                 | STATE                  | MSG   |
|----+---------------------------+------------------------+-------|
|  0 | 2023-02-10 09:15:00+05:30 | PUT ORDER REQ RECEIVED |       |
|  1 | 2023-02-10 09:15:00+05:30 | VALIDATION PENDING     |       |
|  2 | 2023-02-10 09:15:00+05:30 | REJECTED               |       |
+----+---------------------------+------------------------+-------+

+-----------------+---------------------------+----------------------------------+------+
| INST            | timestamp                 | ID                               | TT   |
|-----------------+---------------------------+----------------------------------+------|
| NSE_EQ:RELIANCE | 2023-02-13 10:15:00+05:30 | 04655df49a6e4f869b35502b7db42d8f | SELL |
+-----------------+---------------------------+----------------------------------+------+
+----+---------------------------+------------------------+-------+
|    | TIMESTAMP                 | STATE                  | MSG   |
|----+---------------------------+------------------------+-------|
|  0 | 2023-02-13 10:15:00+05:30 | PUT ORDER REQ RECEIVED |       |
|  1 | 2023-02-13 10:15:00+05:30 | VALIDATION PENDING     |       |
|  2 | 2023-02-13 10:15:00+05:30 | REJECTED               |       |
+----+---------------------------+------------------------+-------+

+-----------------+---------------------------+----------------------------------+------+
| INST            | timestamp                 | ID                               | TT   |
|-----------------+---------------------------+----------------------------------+------|
| NSE_EQ:RELIANCE | 2023-02-14 09:15:00+05:30 | 6854a7f1ba444dd59df90fa6f67b6886 | BUY  |
+-----------------+---------------------------+----------------------------------+------+
+----+---------------------------+------------------------+-------+
|    | TIMESTAMP                 | STATE                  | MSG   |
|----+---------------------------+------------------------+-------|
|  0 | 2023-02-14 09:15:00+05:30 | PUT ORDER REQ RECEIVED |       |
|  1 | 2023-02-14 09:15:00+05:30 | VALIDATION PENDING     |       |
|  2 | 2023-02-14 09:15:00+05:30 | OPEN PENDING           |       |
|  3 | 2023-02-14 09:15:00+05:30 | OPEN                   |       |
|  4 | 2023-02-14 09:15:00+05:30 | COMPLETE               |       |
+----+---------------------------+------------------------+-------+

+-----------------+---------------------------+----------------------------------+------+
| INST            | timestamp                 | ID                               | TT   |
|-----------------+---------------------------+----------------------------------+------|
| NSE_EQ:RELIANCE | 2023-02-15 09:15:00+05:30 | bcd7d7c0081e4010b3782eefe0e2e14a | BUY  |
+-----------------+---------------------------+----------------------------------+------+
+----+---------------------------+------------------------+-------+
|    | TIMESTAMP                 | STATE                  | MSG   |
|----+---------------------------+------------------------+-------|
|  0 | 2023-02-15 09:15:00+05:30 | PUT ORDER REQ RECEIVED |       |
|  1 | 2023-02-15 09:15:00+05:30 | COMPLETE               |       |
+----+---------------------------+------------------------+-------+

+-----------------+---------------------------+----------------------------------+------+
| INST            | timestamp                 | ID                               | TT   |
|-----------------+---------------------------+----------------------------------+------|
| NSE_EQ:RELIANCE | 2023-02-16 09:15:00+05:30 | 82bb833569eb4dd5bacdcb7126e1a8d7 | BUY  |
+-----------------+---------------------------+----------------------------------+------+
+----+---------------------------+------------------------+-------+
|    | TIMESTAMP                 | STATE                  | MSG   |
|----+---------------------------+------------------------+-------|
|  0 | 2023-02-16 09:15:00+05:30 | PUT ORDER REQ RECEIVED |       |
|  1 | 2023-02-16 09:15:00+05:30 | COMPLETE               |       |
+----+---------------------------+------------------------+-------+

+-----------------+---------------------------+----------------------------------+------+
| INST            | timestamp                 | ID                               | TT   |
|-----------------+---------------------------+----------------------------------+------|
| NSE_EQ:RELIANCE | 2023-02-16 11:15:00+05:30 | 09254fb2cc53401d9541706114952823 | SELL |
+-----------------+---------------------------+----------------------------------+------+
+----+---------------------------+------------------------+-------+
|    | TIMESTAMP                 | STATE                  | MSG   |
|----+---------------------------+------------------------+-------|
|  0 | 2023-02-16 11:15:00+05:30 | PUT ORDER REQ RECEIVED |       |
|  1 | 2023-02-16 11:15:00+05:30 | VALIDATION PENDING     |       |
|  2 | 2023-02-16 11:15:00+05:30 | OPEN PENDING           |       |
|  3 | 2023-02-16 11:15:00+05:30 | OPEN                   |       |
|  4 | 2023-02-16 11:15:00+05:30 | COMPLETE               |       |
+----+---------------------------+------------------------+-------+

+-----------------+---------------------------+----------------------------------+------+
| INST            | timestamp                 | ID                               | TT   |
|-----------------+---------------------------+----------------------------------+------|
| NSE_EQ:RELIANCE | 2023-02-16 11:15:00+05:30 | c463759c758d4124a81361c158754d7c | SELL |
+-----------------+---------------------------+----------------------------------+------+
+----+---------------------------+------------------------+-------+
|    | TIMESTAMP                 | STATE                  | MSG   |
|----+---------------------------+------------------------+-------|
|  0 | 2023-02-16 11:15:00+05:30 | PUT ORDER REQ RECEIVED |       |
|  1 | 2023-02-16 11:15:00+05:30 | VALIDATION PENDING     |       |
|  2 | 2023-02-16 11:15:00+05:30 | REJECTED               |       |
+----+---------------------------+------------------------+-------+

+-----------------+---------------------------+----------------------------------+------+
| INST            | timestamp                 | ID                               | TT   |
|-----------------+---------------------------+----------------------------------+------|
| NSE_EQ:RELIANCE | 2023-02-17 10:15:00+05:30 | 92b304241f3f45eebd0478d34c2b94fa | BUY  |
+-----------------+---------------------------+----------------------------------+------+
+----+---------------------------+------------------------+-------+
|    | TIMESTAMP                 | STATE                  | MSG   |
|----+---------------------------+------------------------+-------|
|  0 | 2023-02-17 10:15:00+05:30 | PUT ORDER REQ RECEIVED |       |
|  1 | 2023-02-17 10:15:00+05:30 | VALIDATION PENDING     |       |
|  2 | 2023-02-17 10:15:00+05:30 | OPEN PENDING           |       |
|  3 | 2023-02-17 10:15:00+05:30 | OPEN                   |       |
|  4 | 2023-02-17 10:15:00+05:30 | COMPLETE               |       |
+----+---------------------------+------------------------+-------+

+-----------------+---------------------------+----------------------------------+------+
| INST            | timestamp                 | ID                               | TT   |
|-----------------+---------------------------+----------------------------------+------|
| NSE_EQ:RELIANCE | 2023-02-17 11:15:00+05:30 | b7e4fabb1a804e1ba7085597b6b1235a | SELL |
+-----------------+---------------------------+----------------------------------+------+
+----+---------------------------+------------------------+-------+
|    | TIMESTAMP                 | STATE                  | MSG   |
|----+---------------------------+------------------------+-------|
|  0 | 2023-02-17 11:15:00+05:30 | PUT ORDER REQ RECEIVED |       |
|  1 | 2023-02-17 11:15:00+05:30 | VALIDATION PENDING     |       |
|  2 | 2023-02-17 11:15:00+05:30 | OPEN PENDING           |       |
|  3 | 2023-02-17 11:15:00+05:30 | OPEN                   |       |
|  4 | 2023-02-17 11:15:00+05:30 | COMPLETE               |       |
+----+---------------------------+------------------------+-------+

+-----------------+---------------------------+----------------------------------+------+
| INST            | timestamp                 | ID                               | TT   |
|-----------------+---------------------------+----------------------------------+------|
| NSE_EQ:RELIANCE | 2023-02-17 11:15:00+05:30 | 4ede155471344c20aac763d4aa2ea8b0 | SELL |
+-----------------+---------------------------+----------------------------------+------+
+----+---------------------------+------------------------+-------+
|    | TIMESTAMP                 | STATE                  | MSG   |
|----+---------------------------+------------------------+-------|
|  0 | 2023-02-17 11:15:00+05:30 | PUT ORDER REQ RECEIVED |       |
|  1 | 2023-02-17 11:15:00+05:30 | VALIDATION PENDING     |       |
|  2 | 2023-02-17 11:15:00+05:30 | REJECTED               |       |
+----+---------------------------+------------------------+-------+

+-----------------+---------------------------+----------------------------------+------+
| INST            | timestamp                 | ID                               | TT   |
|-----------------+---------------------------+----------------------------------+------|
| NSE_EQ:RELIANCE | 2023-02-20 10:15:00+05:30 | fc28bfdc2aeb412fa3a20d93e9c55bab | SELL |
+-----------------+---------------------------+----------------------------------+------+
+----+---------------------------+------------------------+-------+
|    | TIMESTAMP                 | STATE                  | MSG   |
|----+---------------------------+------------------------+-------|
|  0 | 2023-02-20 10:15:00+05:30 | PUT ORDER REQ RECEIVED |       |
|  1 | 2023-02-20 10:15:00+05:30 | VALIDATION PENDING     |       |
|  2 | 2023-02-20 10:15:00+05:30 | REJECTED               |       |
+----+---------------------------+------------------------+-------+

+-----------------+---------------------------+----------------------------------+------+
| INST            | timestamp                 | ID                               | TT   |
|-----------------+---------------------------+----------------------------------+------|
| NSE_EQ:RELIANCE | 2023-02-21 11:15:00+05:30 | febf97cf50d44a9cbb2c48110c4fb299 | BUY  |
+-----------------+---------------------------+----------------------------------+------+
+----+---------------------------+------------------------+-------+
|    | TIMESTAMP                 | STATE                  | MSG   |
|----+---------------------------+------------------------+-------|
|  0 | 2023-02-21 11:15:00+05:30 | PUT ORDER REQ RECEIVED |       |
|  1 | 2023-02-21 11:15:00+05:30 | VALIDATION PENDING     |       |
|  2 | 2023-02-21 11:15:00+05:30 | OPEN PENDING           |       |
|  3 | 2023-02-21 11:15:00+05:30 | OPEN                   |       |
|  4 | 2023-02-21 11:15:00+05:30 | COMPLETE               |       |
+----+---------------------------+------------------------+-------+

+-----------------+---------------------------+----------------------------------+------+
| INST            | timestamp                 | ID                               | TT   |
|-----------------+---------------------------+----------------------------------+------|
| NSE_EQ:RELIANCE | 2023-02-21 12:15:00+05:30 | 1b1cfb430190429aa0b8abd9719be1df | SELL |
+-----------------+---------------------------+----------------------------------+------+
+----+---------------------------+------------------------+-------+
|    | TIMESTAMP                 | STATE                  | MSG   |
|----+---------------------------+------------------------+-------|
|  0 | 2023-02-21 12:15:00+05:30 | PUT ORDER REQ RECEIVED |       |
|  1 | 2023-02-21 12:15:00+05:30 | VALIDATION PENDING     |       |
|  2 | 2023-02-21 12:15:00+05:30 | OPEN PENDING           |       |
|  3 | 2023-02-21 12:15:00+05:30 | OPEN                   |       |
|  4 | 2023-02-21 12:15:00+05:30 | COMPLETE               |       |
+----+---------------------------+------------------------+-------+

+-----------------+---------------------------+----------------------------------+------+
| INST            | timestamp                 | ID                               | TT   |
|-----------------+---------------------------+----------------------------------+------|
| NSE_EQ:RELIANCE | 2023-02-21 12:15:00+05:30 | ae1ddfb4bfd4472688593f73f959fabf | SELL |
+-----------------+---------------------------+----------------------------------+------+
+----+---------------------------+------------------------+-------+
|    | TIMESTAMP                 | STATE                  | MSG   |
|----+---------------------------+------------------------+-------|
|  0 | 2023-02-21 12:15:00+05:30 | PUT ORDER REQ RECEIVED |       |
|  1 | 2023-02-21 12:15:00+05:30 | VALIDATION PENDING     |       |
|  2 | 2023-02-21 12:15:00+05:30 | REJECTED               |       |
+----+---------------------------+------------------------+-------+

+-----------------+---------------------------+----------------------------------+------+
| INST            | timestamp                 | ID                               | TT   |
|-----------------+---------------------------+----------------------------------+------|
| NSE_EQ:RELIANCE | 2023-02-22 10:15:00+05:30 | 11f5d494be9145ea976375433dbc3331 | SELL |
+-----------------+---------------------------+----------------------------------+------+
+----+---------------------------+------------------------+-------+
|    | TIMESTAMP                 | STATE                  | MSG   |
|----+---------------------------+------------------------+-------|
|  0 | 2023-02-22 10:15:00+05:30 | PUT ORDER REQ RECEIVED |       |
|  1 | 2023-02-22 10:15:00+05:30 | VALIDATION PENDING     |       |
|  2 | 2023-02-22 10:15:00+05:30 | REJECTED               |       |
+----+---------------------------+------------------------+-------+

+-----------------+---------------------------+----------------------------------+------+
| INST            | timestamp                 | ID                               | TT   |
|-----------------+---------------------------+----------------------------------+------|
| NSE_EQ:RELIANCE | 2023-02-23 10:15:00+05:30 | a8a6b932dfbb490fa8672ed3a32f9f68 | BUY  |
+-----------------+---------------------------+----------------------------------+------+
+----+---------------------------+------------------------+-------+
|    | TIMESTAMP                 | STATE                  | MSG   |
|----+---------------------------+------------------------+-------|
|  0 | 2023-02-23 10:15:00+05:30 | PUT ORDER REQ RECEIVED |       |
|  1 | 2023-02-23 10:15:00+05:30 | VALIDATION PENDING     |       |
|  2 | 2023-02-23 10:15:00+05:30 | OPEN PENDING           |       |
|  3 | 2023-02-23 10:15:00+05:30 | OPEN                   |       |
|  4 | 2023-02-23 10:15:00+05:30 | COMPLETE               |       |
+----+---------------------------+------------------------+-------+

+-----------------+---------------------------+----------------------------------+------+
| INST            | timestamp                 | ID                               | TT   |
|-----------------+---------------------------+----------------------------------+------|
| NSE_EQ:RELIANCE | 2023-02-24 09:15:00+05:30 | 27e71e35d3c04190ae6371cd8de7d259 | BUY  |
+-----------------+---------------------------+----------------------------------+------+
+----+---------------------------+------------------------+-------+
|    | TIMESTAMP                 | STATE                  | MSG   |
|----+---------------------------+------------------------+-------|
|  0 | 2023-02-24 09:15:00+05:30 | PUT ORDER REQ RECEIVED |       |
|  1 | 2023-02-24 09:15:00+05:30 | COMPLETE               |       |
+----+---------------------------+------------------------+-------+

+-----------------+---------------------------+----------------------------------+------+
| INST            | timestamp                 | ID                               | TT   |
|-----------------+---------------------------+----------------------------------+------|
| NSE_EQ:RELIANCE | 2023-02-24 10:15:00+05:30 | 912c3cb13a254af9bfe2edc9d47b0002 | SELL |
+-----------------+---------------------------+----------------------------------+------+
+----+---------------------------+------------------------+-------+
|    | TIMESTAMP                 | STATE                  | MSG   |
|----+---------------------------+------------------------+-------|
|  0 | 2023-02-24 10:15:00+05:30 | PUT ORDER REQ RECEIVED |       |
|  1 | 2023-02-24 10:15:00+05:30 | VALIDATION PENDING     |       |
|  2 | 2023-02-24 10:15:00+05:30 | OPEN PENDING           |       |
|  3 | 2023-02-24 10:15:00+05:30 | OPEN                   |       |
|  4 | 2023-02-24 10:15:00+05:30 | COMPLETE               |       |
+----+---------------------------+------------------------+-------+

+-----------------+---------------------------+----------------------------------+------+
| INST            | timestamp                 | ID                               | TT   |
|-----------------+---------------------------+----------------------------------+------|
| NSE_EQ:RELIANCE | 2023-02-24 10:15:00+05:30 | 74ec819aa38545668f2956e7bf20ec78 | BUY  |
+-----------------+---------------------------+----------------------------------+------+
+----+---------------------------+------------------------+-------+
|    | TIMESTAMP                 | STATE                  | MSG   |
|----+---------------------------+------------------------+-------|
|  0 | 2023-02-24 10:15:00+05:30 | PUT ORDER REQ RECEIVED |       |
|  1 | 2023-02-24 10:15:00+05:30 | VALIDATION PENDING     |       |
|  2 | 2023-02-24 10:15:00+05:30 | OPEN PENDING           |       |
|  3 | 2023-02-24 10:15:00+05:30 | OPEN                   |       |
|  4 | 2023-02-24 10:15:00+05:30 | COMPLETE               |       |
+----+---------------------------+------------------------+-------+

+-----------------+---------------------------+----------------------------------+------+
| INST            | timestamp                 | ID                               | TT   |
|-----------------+---------------------------+----------------------------------+------|
| NSE_EQ:RELIANCE | 2023-02-24 12:15:00+05:30 | 6a6f02e39fa946f880e59aafe61428ba | SELL |
+-----------------+---------------------------+----------------------------------+------+
+----+---------------------------+------------------------+-------+
|    | TIMESTAMP                 | STATE                  | MSG   |
|----+---------------------------+------------------------+-------|
|  0 | 2023-02-24 12:15:00+05:30 | PUT ORDER REQ RECEIVED |       |
|  1 | 2023-02-24 12:15:00+05:30 | VALIDATION PENDING     |       |
|  2 | 2023-02-24 12:15:00+05:30 | OPEN PENDING           |       |
|  3 | 2023-02-24 12:15:00+05:30 | OPEN                   |       |
|  4 | 2023-02-24 12:15:00+05:30 | COMPLETE               |       |
+----+---------------------------+------------------------+-------+

+-----------------+---------------------------+----------------------------------+------+
| INST            | timestamp                 | ID                               | TT   |
|-----------------+---------------------------+----------------------------------+------|
| NSE_EQ:RELIANCE | 2023-02-24 12:15:00+05:30 | 9e9ddcf61c9843db8af1cc56f1099411 | SELL |
+-----------------+---------------------------+----------------------------------+------+
+----+---------------------------+------------------------+-------+
|    | TIMESTAMP                 | STATE                  | MSG   |
|----+---------------------------+------------------------+-------|
|  0 | 2023-02-24 12:15:00+05:30 | PUT ORDER REQ RECEIVED |       |
|  1 | 2023-02-24 12:15:00+05:30 | VALIDATION PENDING     |       |
|  2 | 2023-02-24 12:15:00+05:30 | REJECTED               |       |
+----+---------------------------+------------------------+-------+

+-----------------+---------------------------+----------------------------------+------+
| INST            | timestamp                 | ID                               | TT   |
|-----------------+---------------------------+----------------------------------+------|
| NSE_EQ:RELIANCE | 2023-02-27 10:15:00+05:30 | 664d6e37026445b8a93dfa0aa6f002d1 | SELL |
+-----------------+---------------------------+----------------------------------+------+
+----+---------------------------+------------------------+-------+
|    | TIMESTAMP                 | STATE                  | MSG   |
|----+---------------------------+------------------------+-------|
|  0 | 2023-02-27 10:15:00+05:30 | PUT ORDER REQ RECEIVED |       |
|  1 | 2023-02-27 10:15:00+05:30 | VALIDATION PENDING     |       |
|  2 | 2023-02-27 10:15:00+05:30 | REJECTED               |       |
+----+---------------------------+------------------------+-------+

+-----------------+---------------------------+----------------------------------+------+
| INST            | timestamp                 | ID                               | TT   |
|-----------------+---------------------------+----------------------------------+------|
| NSE_EQ:RELIANCE | 2023-02-28 10:15:00+05:30 | adb6c1278cfa456ba3a775f6c8556a4b | SELL |
+-----------------+---------------------------+----------------------------------+------+
+----+---------------------------+------------------------+-------+
|    | TIMESTAMP                 | STATE                  | MSG   |
|----+---------------------------+------------------------+-------|
|  0 | 2023-02-28 10:15:00+05:30 | PUT ORDER REQ RECEIVED |       |
|  1 | 2023-02-28 10:15:00+05:30 | VALIDATION PENDING     |       |
|  2 | 2023-02-28 10:15:00+05:30 | REJECTED               |       |
+----+---------------------------+------------------------+-------+